GET /bridge/info 0ms 200
------------------------------------------------------------------------------------------------------
GET /bridge/info 0ms 200
------------------------------------------------------------------------------------------------------
------------------------------------------------------------------------------------------------------
GET /bridge/955/bydwde05/websocket 0ms (unfinished)
GET /bridge/409/3zznjnqe/websocket 0ms (unfinished)
------------------------------------------------------------------------------------------------------
------------------------------------------------------------------------------------------------------
POST /bridge/955/3rwvh87a/xhr_streaming 1ms (unfinished)
POST /bridge/955/3rwvh87a/xhr_send 1ms 204
------------------------------------------------------------------------------------------------------
POST /bridge/409/dck5n4u6/xhr_streaming 0ms (unfinished)
------------------------------------------------------------------------------------------------------
POST /bridge/409/dck5n4u6/xhr_send 1ms 204
------------------------------------------------------------------------------------------------------
GET /bridge/info 0ms 200
------------------------------------------------------------------------------------------------------
GET /bridge/info 0ms 200
------------------------------------------------------------------------------------------------------
------------------------------------------------------------------------------------------------------
GET /bridge/586/dpwuauu4/websocket 0ms (unfinished)
GET /bridge/414/sru7fe9t/websocket 0ms (unfinished)
------------------------------------------------------------------------------------------------------
POST /bridge/586/0wce8x16/xhr_streaming 1ms (unfinished)
------------------------------------------------------------------------------------------------------
POST /bridge/586/0wce8x16/xhr_send 1ms 204
------------------------------------------------------------------------------------------------------
POST /bridge/414/9i0cltx1/xhr_streaming 1ms (unfinished)
------------------------------------------------------------------------------------------------------
------------------------------------------------------------------------------------------------------
POST /bridge/414/9i0cltx1/xhr_send 1ms 204
------------------------------------------------------------------------------------------------------
GET /bridge/info 0ms 200
GET /bridge/info 0ms 200
------------------------------------------------------------------------------------------------------
------------------------------------------------------------------------------------------------------
GET /bridge/705/hlbik0ah/websocket 1ms (unfinished)
------------------------------------------------------------------------------------------------------
GET /bridge/437/u_i_evkr/websocket 1ms (unfinished)
POST /bridge/705/62efqriq/xhr_streaming 0ms (unfinished)
------------------------------------------------------------------------------------------------------
POST /bridge/705/62efqriq/xhr_send 1ms 204
------------------------------------------------------------------------------------------------------
POST /bridge/437/k9x_21a3/xhr_streaming 0ms (unfinished)
------------------------------------------------------------------------------------------------------
POST /bridge/437/k9x_21a3/xhr_send 1ms 204
------------------------------------------------------------------------------------------------------
GET /bridge/info 0ms 200
------------------------------------------------------------------------------------------------------
GET /bridge/info 1ms 200
------------------------------------------------------------------------------------------------------
GET /bridge/719/07jot94b/websocket 0ms (unfinished)
------------------------------------------------------------------------------------------------------
------------------------------------------------------------------------------------------------------
GET /bridge/654/l0q9d0gv/websocket 0ms (unfinished)
POST /bridge/719/llubunf3/xhr_streaming 1ms (unfinished)
------------------------------------------------------------------------------------------------------
POST /bridge/719/llubunf3/xhr_send 0ms 204
------------------------------------------------------------------------------------------------------
POST /bridge/654/xyq40w9a/xhr_streaming 0ms (unfinished)
------------------------------------------------------------------------------------------------------
POST /bridge/654/xyq40w9a/xhr_send 1ms 204
------------------------------------------------------------------------------------------------------
GET /bridge/info 1ms 200
------------------------------------------------------------------------------------------------------
GET /bridge/info 0ms 200
------------------------------------------------------------------------------------------------------
GET /bridge/440/clkx6nfy/websocket 2ms (unfinished)
------------------------------------------------------------------------------------------------------
GET /bridge/048/7sfra85p/websocket 0ms (unfinished)
------------------------------------------------------------------------------------------------------
POST /bridge/440/gdqr5luo/xhr_streaming 1ms (unfinished)
------------------------------------------------------------------------------------------------------
POST /bridge/440/gdqr5luo/xhr_send 3ms 204
------------------------------------------------------------------------------------------------------
POST /bridge/048/bktl91it/xhr_streaming 0ms (unfinished)
------------------------------------------------------------------------------------------------------
POST /bridge/048/bktl91it/xhr_send 1ms 204
------------------------------------------------------------------------------------------------------
GET /bridge/info 0ms 200
------------------------------------------------------------------------------------------------------
GET /bridge/info 1ms 200
------------------------------------------------------------------------------------------------------
GET /bridge/321/05fohzy8/websocket 3ms (unfinished)
------------------------------------------------------------------------------------------------------
GET /bridge/690/mdyfm2aq/websocket 0ms (unfinished)
------------------------------------------------------------------------------------------------------
POST /bridge/321/aoitw0vm/xhr_streaming 1ms (unfinished)
------------------------------------------------------------------------------------------------------
------------------------------------------------------------------------------------------------------
POST /bridge/321/aoitw0vm/xhr_send 4ms 204
POST /bridge/690/a71oqhe0/xhr_streaming 1ms (unfinished)
------------------------------------------------------------------------------------------------------
GET /bridge/info 1ms 200
------------------------------------------------------------------------------------------------------
GET /bridge/info 0ms 200
------------------------------------------------------------------------------------------------------
------------------------------------------------------------------------------------------------------
GET /bridge/593/lv01qzlh/websocket 2ms (unfinished)
GET /bridge/219/8hcn_s8o/websocket 0ms (unfinished)
------------------------------------------------------------------------------------------------------
POST /bridge/593/q0x7fxsa/xhr_streaming 1ms (unfinished)
------------------------------------------------------------------------------------------------------
POST /bridge/593/q0x7fxsa/xhr_send 4ms 204
------------------------------------------------------------------------------------------------------
POST /bridge/219/oagdyyng/xhr_streaming 0ms (unfinished)
------------------------------------------------------------------------------------------------------
POST /bridge/219/oagdyyng/xhr_send 1ms 204
------------------------------------------------------------------------------------------------------
GET /bridge/info 1ms 200
------------------------------------------------------------------------------------------------------
------------------------------------------------------------------------------------------------------
GET /bridge/info 1ms 200
GET /bridge/914/4bghbyij/websocket 2ms (unfinished)
------------------------------------------------------------------------------------------------------
GET /bridge/111/nfp8_1cd/websocket 0ms (unfinished)
------------------------------------------------------------------------------------------------------
POST /bridge/914/v4ofesqp/xhr_streaming 1ms (unfinished)
------------------------------------------------------------------------------------------------------
POST /bridge/914/v4ofesqp/xhr_send 4ms 204
------------------------------------------------------------------------------------------------------
POST /bridge/111/t0ajwovd/xhr_streaming 1ms (unfinished)
------------------------------------------------------------------------------------------------------
------------------------------------------------------------------------------------------------------
POST /bridge/111/t0ajwovd/xhr_send 5ms 204
GET /bridge/info 1ms 200
------------------------------------------------------------------------------------------------------
------------------------------------------------------------------------------------------------------
GET /bridge/info 1ms 200
------------------------------------------------------------------------------------------------------
GET /bridge/505/7hxmmmwy/websocket 3ms (unfinished)
GET /bridge/057/olwfzt7j/websocket 0ms (unfinished)
------------------------------------------------------------------------------------------------------
------------------------------------------------------------------------------------------------------
POST /bridge/505/jt_mah2x/xhr_streaming 1ms (unfinished)
------------------------------------------------------------------------------------------------------
POST /bridge/505/jt_mah2x/xhr_send 2ms 204
POST /bridge/057/7bzppzpm/xhr_streaming 1ms (unfinished)
------------------------------------------------------------------------------------------------------
POST /bridge/057/7bzppzpm/xhr_send 1ms 204
------------------------------------------------------------------------------------------------------
GET /bridge/info 1ms 200
------------------------------------------------------------------------------------------------------
------------------------------------------------------------------------------------------------------
GET /bridge/info 0ms 200
GET /bridge/975/m_a70__8/websocket 3ms (unfinished)
------------------------------------------------------------------------------------------------------
------------------------------------------------------------------------------------------------------
GET /bridge/781/vwwqg99s/websocket 0ms (unfinished)
POST /bridge/975/cjl4gszu/xhr_streaming 1ms (unfinished)
------------------------------------------------------------------------------------------------------
POST /bridge/781/ta9pfvw4/xhr_streaming 0ms (unfinished)
------------------------------------------------------------------------------------------------------
POST /bridge/975/cjl4gszu/xhr_send 4ms 204
------------------------------------------------------------------------------------------------------
POST /bridge/781/ta9pfvw4/xhr_send 1ms 204
------------------------------------------------------------------------------------------------------
------------------------------------------------------------------------------------------------------
GET /bridge/info 0ms 200
------------------------------------------------------------------------------------------------------
GET /bridge/info 0ms 200
GET /bridge/358/p2wk1pou/websocket 1ms (unfinished)
------------------------------------------------------------------------------------------------------
------------------------------------------------------------------------------------------------------
GET /bridge/047/umcrnxa5/websocket 1ms (unfinished)
POST /bridge/358/_watbacz/xhr_streaming 0ms (unfinished)
------------------------------------------------------------------------------------------------------
------------------------------------------------------------------------------------------------------
POST /bridge/358/_watbacz/xhr_send 1ms 204
------------------------------------------------------------------------------------------------------
POST /bridge/047/8wty4i0_/xhr_streaming 1ms (unfinished)
GET /bridge/info 1ms 200
------------------------------------------------------------------------------------------------------
GET /bridge/info 1ms 200
------------------------------------------------------------------------------------------------------
GET /bridge/217/vc9nmn10/websocket 4ms (unfinished)
------------------------------------------------------------------------------------------------------
GET /bridge/912/4njhqism/websocket 1ms (unfinished)
------------------------------------------------------------------------------------------------------
GET /bridge/info 0ms 200
------------------------------------------------------------------------------------------------------
------------------------------------------------------------------------------------------------------
GET /bridge/info 0ms 200
GET /bridge/590/rse3d8tc/websocket 3ms (unfinished)
------------------------------------------------------------------------------------------------------
------------------------------------------------------------------------------------------------------
GET /bridge/796/wmxprexo/websocket 1ms (unfinished)
GET /bridge/info 1ms 200
------------------------------------------------------------------------------------------------------
GET /bridge/info 1ms 200
------------------------------------------------------------------------------------------------------
------------------------------------------------------------------------------------------------------
GET /bridge/967/u4lbrxwd/websocket 2ms (unfinished)
GET /bridge/214/yvzndq5c/websocket 0ms (unfinished)
------------------------------------------------------------------------------------------------------
------------------------------------------------------------------------------------------------------
POST /bridge/967/_2uuxwgo/xhr_streaming 1ms (unfinished)
POST /bridge/967/_2uuxwgo/xhr_send 4ms 204
------------------------------------------------------------------------------------------------------
POST /bridge/214/134phdz0/xhr_streaming 0ms (unfinished)
------------------------------------------------------------------------------------------------------
------------------------------------------------------------------------------------------------------
POST /bridge/214/134phdz0/xhr_send 1ms 204
------------------------------------------------------------------------------------------------------
GET /bridge/info 0ms 200
GET /bridge/info 0ms 200
------------------------------------------------------------------------------------------------------
GET /bridge/219/s7e0itxg/websocket 0ms (unfinished)
------------------------------------------------------------------------------------------------------
GET /bridge/512/lk_s9tut/websocket 1ms (unfinished)
------------------------------------------------------------------------------------------------------
POST /bridge/219/b17_bbox/xhr_streaming 1ms (unfinished)
------------------------------------------------------------------------------------------------------
POST /bridge/219/b17_bbox/xhr_send 2ms 204
------------------------------------------------------------------------------------------------------
POST /bridge/512/77_qing6/xhr_streaming 1ms (unfinished)
------------------------------------------------------------------------------------------------------
POST /bridge/512/77_qing6/xhr_send 1ms 204
------------------------------------------------------------------------------------------------------
GET /bridge/info 1ms 200
------------------------------------------------------------------------------------------------------
------------------------------------------------------------------------------------------------------
GET /bridge/info 0ms 200
GET /bridge/578/wspcunmf/websocket 2ms (unfinished)
------------------------------------------------------------------------------------------------------
GET /bridge/541/9vziq094/websocket 0ms (unfinished)
------------------------------------------------------------------------------------------------------
POST /bridge/578/gjle9jvu/xhr_streaming 1ms (unfinished)
------------------------------------------------------------------------------------------------------
POST /bridge/541/1k_b714b/xhr_streaming 2ms (unfinished)
------------------------------------------------------------------------------------------------------
------------------------------------------------------------------------------------------------------
POST /bridge/578/gjle9jvu/xhr_send 4ms 204
POST /bridge/541/1k_b714b/xhr_send 1ms 204
------------------------------------------------------------------------------------------------------
GET /bridge/info 0ms 200
------------------------------------------------------------------------------------------------------
GET /bridge/info 0ms 200
------------------------------------------------------------------------------------------------------
------------------------------------------------------------------------------------------------------
GET /bridge/930/2_vxycjn/websocket 0ms (unfinished)
GET /bridge/621/lkvwrub7/websocket 0ms (unfinished)
------------------------------------------------------------------------------------------------------
------------------------------------------------------------------------------------------------------
POST /bridge/930/2ydqetyc/xhr_streaming 1ms (unfinished)
POST /bridge/930/2ydqetyc/xhr_send 1ms 204
------------------------------------------------------------------------------------------------------
------------------------------------------------------------------------------------------------------
POST /bridge/621/1v5wzj08/xhr_streaming 1ms (unfinished)
POST /bridge/621/1v5wzj08/xhr_send 1ms 204
------------------------------------------------------------------------------------------------------
GET /bridge/info 1ms 200
------------------------------------------------------------------------------------------------------
GET /bridge/info 1ms 200
------------------------------------------------------------------------------------------------------
GET /bridge/133/mnlgc_0b/websocket 3ms (unfinished)
------------------------------------------------------------------------------------------------------
GET /bridge/514/e_eebma1/websocket 0ms (unfinished)
------------------------------------------------------------------------------------------------------
GET /bridge/info 1ms 200
------------------------------------------------------------------------------------------------------
GET /bridge/info 0ms 200
------------------------------------------------------------------------------------------------------
GET /bridge/776/c6l76i2w/websocket 4ms (unfinished)
------------------------------------------------------------------------------------------------------
GET /bridge/727/_5rlhw5t/websocket 0ms (unfinished)
------------------------------------------------------------------------------------------------------
GET /bridge/info 1ms 200
------------------------------------------------------------------------------------------------------
GET /bridge/info 0ms 200
------------------------------------------------------------------------------------------------------
GET /bridge/773/a_mlioaj/websocket 3ms (unfinished)
------------------------------------------------------------------------------------------------------
GET /bridge/235/19x7rze1/websocket 0ms (unfinished)
------------------------------------------------------------------------------------------------------
------------------------------------------------------------------------------------------------------
POST /bridge/773/illsu8mc/xhr_streaming 2ms (unfinished)
POST /bridge/235/ubwdjklj/xhr_streaming 1ms (unfinished)
------------------------------------------------------------------------------------------------------
------------------------------------------------------------------------------------------------------
GET /bridge/info 0ms 200
GET /bridge/info 0ms 200
------------------------------------------------------------------------------------------------------
GET /bridge/735/kcdmvj9f/websocket 0ms (unfinished)
------------------------------------------------------------------------------------------------------
GET /bridge/875/rkb3v8tj/websocket 0ms (unfinished)
------------------------------------------------------------------------------------------------------
GET /bridge/info 0ms 200
------------------------------------------------------------------------------------------------------
GET /bridge/info 1ms 200
------------------------------------------------------------------------------------------------------
GET /bridge/239/msq0ad0s/websocket 0ms (unfinished)
------------------------------------------------------------------------------------------------------
GET /bridge/925/tfmb5uzz/websocket 1ms (unfinished)
------------------------------------------------------------------------------------------------------
------------------------------------------------------------------------------------------------------
GET /bridge/info 0ms 200
GET /bridge/info 0ms 200
------------------------------------------------------------------------------------------------------
------------------------------------------------------------------------------------------------------
GET /bridge/100/pfpwfovy/websocket 0ms (unfinished)
GET /bridge/915/ihz0422a/websocket 0ms (unfinished)
------------------------------------------------------------------------------------------------------
------------------------------------------------------------------------------------------------------
GET /bridge/info 1ms 200
------------------------------------------------------------------------------------------------------
GET /bridge/info 0ms 200
------------------------------------------------------------------------------------------------------
GET /bridge/901/x6x284g0/websocket 4ms (unfinished)
------------------------------------------------------------------------------------------------------
GET /bridge/546/6j5_b36z/websocket 0ms (unfinished)
GET /bridge/info 1ms 200
------------------------------------------------------------------------------------------------------
GET /bridge/info 1ms 200
------------------------------------------------------------------------------------------------------
------------------------------------------------------------------------------------------------------
GET /bridge/901/cak_bvkg/websocket 3ms (unfinished)
GET /bridge/707/bqfmh6q_/websocket 0ms (unfinished)
------------------------------------------------------------------------------------------------------
GET /bridge/info 1ms 200
------------------------------------------------------------------------------------------------------
GET /bridge/info 1ms 200
------------------------------------------------------------------------------------------------------
GET /bridge/634/5214gtm1/websocket 2ms (unfinished)
------------------------------------------------------------------------------------------------------
GET /bridge/461/bu753876/websocket 1ms (unfinished)
------------------------------------------------------------------------------------------------------
------------------------------------------------------------------------------------------------------
GET /bridge/info 1ms 200
GET /bridge/info 1ms 200
------------------------------------------------------------------------------------------------------
GET /bridge/130/_fqkdsg3/websocket 4ms (unfinished)
------------------------------------------------------------------------------------------------------
GET /bridge/801/04_sgmqu/websocket 0ms (unfinished)
------------------------------------------------------------------------------------------------------
GET /bridge/info 1ms 200
------------------------------------------------------------------------------------------------------
GET /bridge/info 0ms 200
------------------------------------------------------------------------------------------------------
GET /bridge/205/hk1p1p27/websocket 3ms (unfinished)
------------------------------------------------------------------------------------------------------
GET /bridge/789/8fzfm0df/websocket 1ms (unfinished)
------------------------------------------------------------------------------------------------------
------------------------------------------------------------------------------------------------------
GET /bridge/info 1ms 200
GET /bridge/info 0ms 200
------------------------------------------------------------------------------------------------------
GET /bridge/130/7dwb3ba0/websocket 3ms (unfinished)
------------------------------------------------------------------------------------------------------
GET /bridge/991/t9k915u5/websocket 1ms (unfinished)
------------------------------------------------------------------------------------------------------
POST /bridge/130/58j_gnwz/xhr_streaming 1ms (unfinished)
------------------------------------------------------------------------------------------------------
POST /bridge/130/58j_gnwz/xhr_send 4ms 204
------------------------------------------------------------------------------------------------------
POST /bridge/991/hiws6x3_/xhr_streaming 1ms (unfinished)
------------------------------------------------------------------------------------------------------
POST /bridge/991/hiws6x3_/xhr_send 1ms 204
------------------------------------------------------------------------------------------------------
GET /bridge/info 0ms 200
------------------------------------------------------------------------------------------------------
------------------------------------------------------------------------------------------------------
GET /bridge/info 0ms 200
------------------------------------------------------------------------------------------------------
GET /bridge/335/ohfwlug9/websocket 0ms (unfinished)
------------------------------------------------------------------------------------------------------
GET /bridge/670/zr_n6srm/websocket 1ms (unfinished)
------------------------------------------------------------------------------------------------------
POST /bridge/335/7d1rh73w/xhr_streaming 0ms (unfinished)
POST /bridge/335/7d1rh73w/xhr_send 2ms 204
------------------------------------------------------------------------------------------------------
POST /bridge/670/_vmk3nv_/xhr_streaming 1ms (unfinished)
------------------------------------------------------------------------------------------------------
------------------------------------------------------------------------------------------------------
POST /bridge/670/_vmk3nv_/xhr_send 1ms 204
------------------------------------------------------------------------------------------------------
POST /bridge/773/illsu8mc/xhr_send 2ms 404
------------------------------------------------------------------------------------------------------
POST /bridge/235/ubwdjklj/xhr_send 0ms 404
------------------------------------------------------------------------------------------------------
GET /bridge/info 1ms 200
GET /bridge/info 1ms 200
------------------------------------------------------------------------------------------------------
------------------------------------------------------------------------------------------------------
GET /bridge/378/0c71ab_d/websocket 3ms (unfinished)
GET /bridge/154/yf22mutn/websocket 0ms (unfinished)
------------------------------------------------------------------------------------------------------
POST /bridge/378/lcsp05or/xhr_streaming 1ms (unfinished)
------------------------------------------------------------------------------------------------------
------------------------------------------------------------------------------------------------------
POST /bridge/154/tsa3vh17/xhr_streaming 1ms (unfinished)
POST /bridge/378/lcsp05or/xhr_send 3ms 204
POST /bridge/154/tsa3vh17/xhr_send 1ms 204
------------------------------------------------------------------------------------------------------
------------------------------------------------------------------------------------------------------
------------------------------------------------------------------------------------------------------
GET /bridge/info 0ms 200
GET /bridge/info 0ms 200
------------------------------------------------------------------------------------------------------
------------------------------------------------------------------------------------------------------
GET /bridge/914/eb6sbpmg/websocket 1ms (unfinished)
GET /bridge/028/3mwhkx2o/websocket 0ms (unfinished)
------------------------------------------------------------------------------------------------------
POST /bridge/914/yxh5fxsp/xhr_streaming 0ms (unfinished)
------------------------------------------------------------------------------------------------------
POST /bridge/028/t6wbi046/xhr_streaming 1ms (unfinished)
------------------------------------------------------------------------------------------------------
------------------------------------------------------------------------------------------------------
POST /bridge/914/yxh5fxsp/xhr_send 1ms 204
POST /bridge/028/t6wbi046/xhr_send 1ms 204
------------------------------------------------------------------------------------------------------
GET /bridge/info 1ms 200
------------------------------------------------------------------------------------------------------
GET /bridge/info 1ms 200
------------------------------------------------------------------------------------------------------
------------------------------------------------------------------------------------------------------
GET /bridge/612/faenyn7m/websocket 3ms (unfinished)
------------------------------------------------------------------------------------------------------
GET /bridge/319/vwz4_26j/websocket 0ms (unfinished)
GET /bridge/info 1ms 200
------------------------------------------------------------------------------------------------------
GET /bridge/info 1ms 200
------------------------------------------------------------------------------------------------------
GET /bridge/680/teu2xldy/websocket 3ms (unfinished)
------------------------------------------------------------------------------------------------------
GET /bridge/595/5f9y0z6c/websocket 0ms (unfinished)
------------------------------------------------------------------------------------------------------
------------------------------------------------------------------------------------------------------
POST /bridge/680/zgs6xg7g/xhr_streaming 1ms (unfinished)
POST /bridge/680/zgs6xg7g/xhr_send 3ms 204
------------------------------------------------------------------------------------------------------
POST /bridge/595/ub2evdzb/xhr_streaming 0ms (unfinished)
------------------------------------------------------------------------------------------------------
------------------------------------------------------------------------------------------------------
POST /bridge/595/ub2evdzb/xhr_send 1ms 204
------------------------------------------------------------------------------------------------------
GET /bridge/info 0ms 200
------------------------------------------------------------------------------------------------------
GET /bridge/info 0ms 200
GET /bridge/177/es9h770e/websocket 0ms (unfinished)
------------------------------------------------------------------------------------------------------
GET /bridge/647/dab25dvo/websocket 0ms (unfinished)
------------------------------------------------------------------------------------------------------
------------------------------------------------------------------------------------------------------
POST /bridge/177/457zwi6i/xhr_streaming 0ms (unfinished)
------------------------------------------------------------------------------------------------------
POST /bridge/177/457zwi6i/xhr_send 1ms 204
POST /bridge/647/tj9izs60/xhr_streaming 1ms (unfinished)
------------------------------------------------------------------------------------------------------
POST /bridge/647/tj9izs60/xhr_send 2ms 204
------------------------------------------------------------------------------------------------------
GET /bridge/info 2ms 200
------------------------------------------------------------------------------------------------------
GET /bridge/info 1ms 200
------------------------------------------------------------------------------------------------------
GET /bridge/009/uqlpdbhu/websocket 3ms (unfinished)
------------------------------------------------------------------------------------------------------
GET /bridge/409/dj2gq6p9/websocket 0ms (unfinished)
------------------------------------------------------------------------------------------------------
GET /bridge/info 1ms 200
------------------------------------------------------------------------------------------------------
GET /bridge/info 0ms 200
------------------------------------------------------------------------------------------------------
POST /bridge/689/4dya_d63/xhr_streaming 2ms (unfinished)
------------------------------------------------------------------------------------------------------
GET /bridge/976/a5x6u27c/websocket 4ms (unfinished)
------------------------------------------------------------------------------------------------------
POST /bridge/689/4dya_d63/xhr_send 6ms 204
------------------------------------------------------------------------------------------------------
POST /bridge/976/4kh1es5a/xhr_streaming 3ms (unfinished)
------------------------------------------------------------------------------------------------------
POST /bridge/976/4kh1es5a/xhr_send 1ms 204
------------------------------------------------------------------------------------------------------
POST /bridge/976/4kh1es5a/xhr_streaming 2ms (unfinished)
------------------------------------------------------------------------------------------------------
POST /bridge/976/4kh1es5a/xhr_streaming 1ms (unfinished)
------------------------------------------------------------------------------------------------------
POST /bridge/976/4kh1es5a/xhr_streaming 2ms (unfinished)
------------------------------------------------------------------------------------------------------
------------------------------------------------------------------------------------------------------
GET /bridge/info 1ms 200
GET /bridge/info 1ms 200
------------------------------------------------------------------------------------------------------
------------------------------------------------------------------------------------------------------
GET /bridge/995/ild4ycqn/websocket 2ms (unfinished)
------------------------------------------------------------------------------------------------------
GET /bridge/732/jg5lbnwl/websocket 1ms (unfinished)
POST /bridge/976/4kh1es5a/xhr_streaming 1ms (unfinished)
------------------------------------------------------------------------------------------------------
POST /bridge/976/4kh1es5a/xhr_streaming 1ms (unfinished)
------------------------------------------------------------------------------------------------------
------------------------------------------------------------------------------------------------------
POST /bridge/976/4kh1es5a/xhr_streaming 0ms (unfinished)
POST /bridge/976/4kh1es5a/xhr_streaming 1ms (unfinished)
------------------------------------------------------------------------------------------------------
POST /bridge/976/4kh1es5a/xhr_streaming 2ms (unfinished)
------------------------------------------------------------------------------------------------------
------------------------------------------------------------------------------------------------------
POST /bridge/976/4kh1es5a/xhr_streaming 0ms (unfinished)
POST /bridge/976/4kh1es5a/xhr_streaming 2ms (unfinished)
------------------------------------------------------------------------------------------------------
POST /bridge/976/4kh1es5a/xhr_streaming 1ms (unfinished)
------------------------------------------------------------------------------------------------------
GET /bridge/info 1ms 200
------------------------------------------------------------------------------------------------------
GET /bridge/info 0ms 200
------------------------------------------------------------------------------------------------------
------------------------------------------------------------------------------------------------------
GET /bridge/712/r43tnzzn/websocket 3ms (unfinished)
GET /bridge/954/6rhtcl8l/websocket 1ms (unfinished)
------------------------------------------------------------------------------------------------------
GET /bridge/info 1ms 200
------------------------------------------------------------------------------------------------------
------------------------------------------------------------------------------------------------------
GET /bridge/info 1ms 200
GET /bridge/823/p7p6eokk/websocket 3ms (unfinished)
------------------------------------------------------------------------------------------------------
GET /bridge/141/0r21nl23/websocket 0ms (unfinished)
------------------------------------------------------------------------------------------------------
------------------------------------------------------------------------------------------------------
POST /bridge/823/roi86dcn/xhr_streaming 1ms (unfinished)
POST /bridge/141/v3pdwzf7/xhr_streaming 0ms (unfinished)
------------------------------------------------------------------------------------------------------
------------------------------------------------------------------------------------------------------
GET /bridge/info 1ms 200
------------------------------------------------------------------------------------------------------
GET /bridge/info 1ms 200
GET /bridge/634/7va2c6_k/websocket 1ms (unfinished)
------------------------------------------------------------------------------------------------------
GET /bridge/995/t4avlinf/websocket 0ms (unfinished)
------------------------------------------------------------------------------------------------------
GET /bridge/info 1ms 200
------------------------------------------------------------------------------------------------------
GET /bridge/info 0ms 200
------------------------------------------------------------------------------------------------------
GET /bridge/258/ng4h9dq2/websocket 3ms (unfinished)
------------------------------------------------------------------------------------------------------
GET /bridge/365/qoehss9f/websocket 0ms (unfinished)
------------------------------------------------------------------------------------------------------
POST /bridge/258/ojz_0bg2/xhr_streaming 1ms (unfinished)
------------------------------------------------------------------------------------------------------
POST /bridge/365/thax2ugw/xhr_streaming 1ms (unfinished)
------------------------------------------------------------------------------------------------------
------------------------------------------------------------------------------------------------------
GET /bridge/info 0ms 200
GET /bridge/info 1ms 200
------------------------------------------------------------------------------------------------------
GET /bridge/632/wef6elsk/websocket 0ms (unfinished)
------------------------------------------------------------------------------------------------------
GET /bridge/138/klz_nfvb/websocket 0ms (unfinished)
------------------------------------------------------------------------------------------------------
GET /bridge/info 1ms 200
------------------------------------------------------------------------------------------------------
GET /bridge/info 0ms 200
------------------------------------------------------------------------------------------------------
GET /bridge/817/jbrtw5zp/websocket 0ms (unfinished)
------------------------------------------------------------------------------------------------------
GET /bridge/947/lnforczn/websocket 0ms (unfinished)
------------------------------------------------------------------------------------------------------
GET /bridge/info 1ms 200
------------------------------------------------------------------------------------------------------
------------------------------------------------------------------------------------------------------
GET /bridge/info 0ms 200
GET /bridge/648/fh3pcqfz/websocket 3ms (unfinished)
------------------------------------------------------------------------------------------------------
------------------------------------------------------------------------------------------------------
GET /bridge/639/5qu26hwa/websocket 0ms (unfinished)
GET /bridge/info 1ms 200
------------------------------------------------------------------------------------------------------
GET /bridge/info 0ms 200
------------------------------------------------------------------------------------------------------
------------------------------------------------------------------------------------------------------
GET /bridge/528/hhs473la/websocket 2ms (unfinished)
GET /bridge/644/61axi4kl/websocket 1ms (unfinished)
------------------------------------------------------------------------------------------------------
------------------------------------------------------------------------------------------------------
GET /bridge/info 1ms 200
------------------------------------------------------------------------------------------------------
GET /bridge/info 0ms 200
GET /bridge/054/elubwpmo/websocket 2ms (unfinished)
------------------------------------------------------------------------------------------------------
GET /bridge/768/vkwewn42/websocket 0ms (unfinished)
------------------------------------------------------------------------------------------------------
GET /bridge/info 1ms 200
------------------------------------------------------------------------------------------------------
GET /bridge/info 1ms 200
------------------------------------------------------------------------------------------------------
GET /bridge/585/12gcj_jj/websocket 4ms (unfinished)
------------------------------------------------------------------------------------------------------
GET /bridge/880/ed4lvyvy/websocket 0ms (unfinished)
------------------------------------------------------------------------------------------------------
GET /bridge/info 1ms 200
------------------------------------------------------------------------------------------------------
------------------------------------------------------------------------------------------------------
GET /bridge/info 1ms 200
GET /bridge/494/y_8hwsw0/websocket 1ms (unfinished)
------------------------------------------------------------------------------------------------------
------------------------------------------------------------------------------------------------------
GET /bridge/061/pc0db9zx/websocket 0ms (unfinished)
------------------------------------------------------------------------------------------------------
GET /bridge/info 2ms 200
------------------------------------------------------------------------------------------------------
GET /bridge/info 1ms 200
------------------------------------------------------------------------------------------------------
GET /bridge/005/kuvliwz_/websocket 3ms (unfinished)
------------------------------------------------------------------------------------------------------
GET /bridge/916/6y1efz3u/websocket 0ms (unfinished)
------------------------------------------------------------------------------------------------------
GET /bridge/info 1ms 200
------------------------------------------------------------------------------------------------------
GET /bridge/info 1ms 200
GET /bridge/728/k3h0r4fj/websocket 3ms (unfinished)
------------------------------------------------------------------------------------------------------
GET /bridge/542/svoqphve/websocket 0ms (unfinished)
------------------------------------------------------------------------------------------------------
GET /bridge/info 1ms 200
------------------------------------------------------------------------------------------------------
GET /bridge/info 0ms 200
------------------------------------------------------------------------------------------------------
GET /bridge/161/bclw2r5i/websocket 2ms (unfinished)
------------------------------------------------------------------------------------------------------
GET /bridge/767/mmthyvhr/websocket 0ms (unfinished)
------------------------------------------------------------------------------------------------------
GET /bridge/info 1ms 200
------------------------------------------------------------------------------------------------------
GET /bridge/info 0ms 200
------------------------------------------------------------------------------------------------------
GET /bridge/732/xcpg7gsu/websocket 3ms (unfinished)
------------------------------------------------------------------------------------------------------
GET /bridge/200/7tl_9lhx/websocket 0ms (unfinished)
------------------------------------------------------------------------------------------------------
GET /bridge/info 0ms 200
------------------------------------------------------------------------------------------------------
GET /bridge/info 0ms 200
------------------------------------------------------------------------------------------------------
GET /bridge/559/idbyou93/websocket 1ms (unfinished)
------------------------------------------------------------------------------------------------------
GET /bridge/755/0ft6ztwk/websocket 1ms (unfinished)
------------------------------------------------------------------------------------------------------
GET /bridge/info 0ms 200
------------------------------------------------------------------------------------------------------
GET /bridge/info 1ms 200
------------------------------------------------------------------------------------------------------
GET /bridge/933/psvo_wms/websocket 1ms (unfinished)
------------------------------------------------------------------------------------------------------
GET /bridge/545/c4jcd74l/websocket 0ms (unfinished)
------------------------------------------------------------------------------------------------------
GET /bridge/info 1ms 200
------------------------------------------------------------------------------------------------------
GET /bridge/info 1ms 200
------------------------------------------------------------------------------------------------------
GET /bridge/519/alnzxuo0/websocket 2ms (unfinished)
------------------------------------------------------------------------------------------------------
------------------------------------------------------------------------------------------------------
GET /bridge/227/o30pvvzj/websocket 1ms (unfinished)
------------------------------------------------------------------------------------------------------
POST /bridge/519/qg9k88k8/xhr_streaming 1ms (unfinished)
POST /bridge/519/qg9k88k8/xhr_send 5ms 204
------------------------------------------------------------------------------------------------------
POST /bridge/227/nutp5ajy/xhr_streaming 1ms (unfinished)
------------------------------------------------------------------------------------------------------
------------------------------------------------------------------------------------------------------
POST /bridge/227/nutp5ajy/xhr_send 1ms 204
GET /bridge/info 1ms 200
------------------------------------------------------------------------------------------------------
------------------------------------------------------------------------------------------------------
GET /bridge/info 1ms 200
------------------------------------------------------------------------------------------------------
GET /bridge/668/yddo6h2l/websocket 5ms (unfinished)
GET /bridge/574/z0tgyjgi/websocket 1ms (unfinished)
------------------------------------------------------------------------------------------------------
------------------------------------------------------------------------------------------------------
POST /bridge/668/u7inzs3z/xhr_streaming 1ms (unfinished)
------------------------------------------------------------------------------------------------------
POST /bridge/668/u7inzs3z/xhr_send 5ms 204
POST /bridge/574/v0ibmkyd/xhr_streaming 1ms (unfinished)
------------------------------------------------------------------------------------------------------
------------------------------------------------------------------------------------------------------
POST /bridge/574/v0ibmkyd/xhr_send 1ms 204
GET /bridge/info 0ms 200
------------------------------------------------------------------------------------------------------
------------------------------------------------------------------------------------------------------
GET /bridge/info 0ms 200
GET /bridge/783/ja9u3qgy/websocket 1ms (unfinished)
------------------------------------------------------------------------------------------------------
GET /bridge/990/ihv7227p/websocket 0ms (unfinished)
------------------------------------------------------------------------------------------------------
POST /bridge/783/jspza3e0/xhr_streaming 1ms (unfinished)
------------------------------------------------------------------------------------------------------
POST /bridge/783/jspza3e0/xhr_send 1ms 204
------------------------------------------------------------------------------------------------------
POST /bridge/990/y8qeixar/xhr_streaming 1ms (unfinished)
------------------------------------------------------------------------------------------------------
GET /bridge/info 1ms 200
------------------------------------------------------------------------------------------------------
GET /bridge/info 0ms 200
------------------------------------------------------------------------------------------------------
GET /bridge/704/1502upja/websocket 0ms (unfinished)
------------------------------------------------------------------------------------------------------
GET /bridge/588/k_4rfdi8/websocket 0ms (unfinished)
------------------------------------------------------------------------------------------------------
24,12,2021,09,00
------------------------------------------------------------------------------------------------------
------------------------------------------------------------------------------------------------------
24,12,2021,09,00
GET /bridge/info 1ms 200
------------------------------------------------------------------------------------------------------
GET /bridge/info 1ms 200
------------------------------------------------------------------------------------------------------
GET /bridge/171/glf6bvtl/websocket 3ms (unfinished)
------------------------------------------------------------------------------------------------------
------------------------------------------------------------------------------------------------------
GET /bridge/707/l_89jskv/websocket 0ms (unfinished)
------------------------------------------------------------------------------------------------------
GET /bridge/info 1ms 200
GET /bridge/info 1ms 200
------------------------------------------------------------------------------------------------------
------------------------------------------------------------------------------------------------------
GET /bridge/547/y_j46xtt/websocket 0ms (unfinished)
GET /bridge/112/qf36yqla/websocket 0ms (unfinished)
------------------------------------------------------------------------------------------------------
GET /bridge/info 1ms 200
------------------------------------------------------------------------------------------------------
GET /bridge/info 0ms 200
------------------------------------------------------------------------------------------------------
GET /bridge/666/t5m1r3il/websocket 0ms (unfinished)
------------------------------------------------------------------------------------------------------
GET /bridge/558/04rh0t8x/websocket 0ms (unfinished)
------------------------------------------------------------------------------------------------------
GET /bridge/info 0ms 200
------------------------------------------------------------------------------------------------------
GET /bridge/info 1ms 200
------------------------------------------------------------------------------------------------------
GET /bridge/535/39sa2lm4/websocket 0ms (unfinished)
------------------------------------------------------------------------------------------------------
------------------------------------------------------------------------------------------------------
GET /bridge/616/gllqq75s/websocket 0ms (unfinished)
------------------------------------------------------------------------------------------------------
GET /bridge/info 0ms 200
------------------------------------------------------------------------------------------------------
GET /bridge/info 0ms 200
GET /bridge/info 0ms 200
------------------------------------------------------------------------------------------------------
GET /bridge/info 1ms 200
------------------------------------------------------------------------------------------------------
GET /bridge/165/wv07_c66/websocket 0ms (unfinished)
------------------------------------------------------------------------------------------------------
------------------------------------------------------------------------------------------------------
GET /bridge/738/rb0jowiv/websocket 1ms (unfinished)
GET /bridge/735/xpg5dzv1/websocket 0ms (unfinished)
------------------------------------------------------------------------------------------------------
GET /bridge/131/9wp_vsh_/websocket 1ms (unfinished)
------------------------------------------------------------------------------------------------------
GET /bridge/info 1ms 200
------------------------------------------------------------------------------------------------------
GET /bridge/info 1ms 200
------------------------------------------------------------------------------------------------------
GET /bridge/336/fi51ut2m/websocket 3ms (unfinished)
------------------------------------------------------------------------------------------------------
GET /bridge/100/ij4taor_/websocket 1ms (unfinished)
------------------------------------------------------------------------------------------------------
POST /bridge/336/nh4f63b_/xhr_streaming 1ms (unfinished)
------------------------------------------------------------------------------------------------------
POST /bridge/100/htk0o8ez/xhr_streaming 0ms (unfinished)
------------------------------------------------------------------------------------------------------
POST /bridge/336/nh4f63b_/xhr_send 5ms 204
------------------------------------------------------------------------------------------------------
POST /bridge/100/htk0o8ez/xhr_send 1ms 204
------------------------------------------------------------------------------------------------------
24,12,2021,09,00
------------------------------------------------------------------------------------------------------
------------------------------------------------------------------------------------------------------
24,12,2021,09,00
24,12,2021,09,00
------------------------------------------------------------------------------------------------------
------------------------------------------------------------------------------------------------------
24,12,2021,09,00
24,12,2021,09,00
------------------------------------------------------------------------------------------------------
24,12,2021,09,00
------------------------------------------------------------------------------------------------------
24,12,2021,09,00
------------------------------------------------------------------------------------------------------
------------------------------------------------------------------------------------------------------
24,12,2021,09,00
GET /bridge/info 0ms 200
------------------------------------------------------------------------------------------------------
GET /bridge/info 1ms 200
------------------------------------------------------------------------------------------------------
------------------------------------------------------------------------------------------------------
GET /bridge/075/up737_92/websocket 0ms (unfinished)
GET /bridge/768/1eez_lww/websocket 0ms (unfinished)
------------------------------------------------------------------------------------------------------
POST /bridge/075/amx5rylv/xhr_streaming 0ms (unfinished)
------------------------------------------------------------------------------------------------------
POST /bridge/075/amx5rylv/xhr_send 1ms 204
------------------------------------------------------------------------------------------------------
POST /bridge/768/vk6izs5d/xhr_streaming 1ms (unfinished)
------------------------------------------------------------------------------------------------------
GET /bridge/info 1ms 200
------------------------------------------------------------------------------------------------------
GET /bridge/info 0ms 200
------------------------------------------------------------------------------------------------------
GET /bridge/143/h8rw0wrm/websocket 3ms (unfinished)
------------------------------------------------------------------------------------------------------
GET /bridge/644/q4dwafxn/websocket 0ms (unfinished)
------------------------------------------------------------------------------------------------------
GET /bridge/info 1ms 200
------------------------------------------------------------------------------------------------------
------------------------------------------------------------------------------------------------------
GET /bridge/info 0ms 200
GET /bridge/086/x_0019id/websocket 2ms (unfinished)
------------------------------------------------------------------------------------------------------
GET /bridge/335/k8ral_fp/websocket 0ms (unfinished)
------------------------------------------------------------------------------------------------------
GET /bridge/info 1ms 200
------------------------------------------------------------------------------------------------------
GET /bridge/info 1ms 200
------------------------------------------------------------------------------------------------------
GET /bridge/424/oewrr13h/websocket 3ms (unfinished)
------------------------------------------------------------------------------------------------------
------------------------------------------------------------------------------------------------------
GET /bridge/136/oqxbj9nf/websocket 1ms (unfinished)
GET /bridge/info 1ms 200
------------------------------------------------------------------------------------------------------
GET /bridge/info 0ms 200
------------------------------------------------------------------------------------------------------
GET /bridge/828/5h_682vp/websocket 2ms (unfinished)
------------------------------------------------------------------------------------------------------
GET /bridge/142/uarc_ros/websocket 1ms (unfinished)
------------------------------------------------------------------------------------------------------
------------------------------------------------------------------------------------------------------
POST /bridge/990/y8qeixar/xhr_send 5ms 204
------------------------------------------------------------------------------------------------------
GET /bridge/info 1ms 200
GET /bridge/info 1ms 200
------------------------------------------------------------------------------------------------------
------------------------------------------------------------------------------------------------------
GET /bridge/107/joebmjb9/websocket 1ms (unfinished)
------------------------------------------------------------------------------------------------------
GET /bridge/093/69_993bk/websocket 0ms (unfinished)
POST /bridge/107/hnwouzxg/xhr_streaming 0ms (unfinished)
------------------------------------------------------------------------------------------------------
POST /bridge/107/hnwouzxg/xhr_send 2ms 204
------------------------------------------------------------------------------------------------------
------------------------------------------------------------------------------------------------------
POST /bridge/093/cf3uypww/xhr_streaming 1ms (unfinished)
POST /bridge/093/cf3uypww/xhr_send 1ms 204
------------------------------------------------------------------------------------------------------
GET /bridge/info 1ms 200
------------------------------------------------------------------------------------------------------
GET /bridge/info 1ms 200
------------------------------------------------------------------------------------------------------
------------------------------------------------------------------------------------------------------
GET /bridge/760/ctkis72u/websocket 0ms (unfinished)
GET /bridge/198/ro0q82ui/websocket 1ms (unfinished)
------------------------------------------------------------------------------------------------------
------------------------------------------------------------------------------------------------------
GET /bridge/info 2ms 200
GET /bridge/info 1ms 200
------------------------------------------------------------------------------------------------------
------------------------------------------------------------------------------------------------------
GET /bridge/749/uoprodw4/websocket 4ms (unfinished)
GET /bridge/913/krqwich2/websocket 1ms (unfinished)
------------------------------------------------------------------------------------------------------
GET /bridge/info 1ms 200
------------------------------------------------------------------------------------------------------
GET /bridge/info 1ms 200
------------------------------------------------------------------------------------------------------
GET /bridge/877/qssgna8t/websocket 3ms (unfinished)
------------------------------------------------------------------------------------------------------
GET /bridge/986/0pn9ybgz/websocket 0ms (unfinished)
------------------------------------------------------------------------------------------------------
POST /bridge/877/tfspf507/xhr_streaming 1ms (unfinished)
------------------------------------------------------------------------------------------------------
------------------------------------------------------------------------------------------------------
POST /bridge/877/tfspf507/xhr_send 4ms 204
POST /bridge/986/cq4wbdjq/xhr_streaming 0ms (unfinished)
------------------------------------------------------------------------------------------------------
POST /bridge/986/cq4wbdjq/xhr_send 1ms 204
------------------------------------------------------------------------------------------------------
POST /bridge/877/tfspf507/xhr_streaming 1ms (unfinished)
------------------------------------------------------------------------------------------------------
POST /bridge/986/cq4wbdjq/xhr_streaming 0ms (unfinished)
------------------------------------------------------------------------------------------------------
------------------------------------------------------------------------------------------------------
POST /bridge/877/tfspf507/xhr_streaming 0ms (unfinished)
POST /bridge/986/cq4wbdjq/xhr_streaming 1ms (unfinished)
------------------------------------------------------------------------------------------------------
POST /bridge/877/tfspf507/xhr_streaming 0ms (unfinished)
------------------------------------------------------------------------------------------------------
------------------------------------------------------------------------------------------------------
POST /bridge/986/cq4wbdjq/xhr_streaming 0ms (unfinished)
------------------------------------------------------------------------------------------------------
POST /bridge/877/tfspf507/xhr_streaming 1ms (unfinished)
POST /bridge/986/cq4wbdjq/xhr_streaming 1ms (unfinished)
------------------------------------------------------------------------------------------------------
POST /bridge/877/tfspf507/xhr_streaming 0ms (unfinished)
------------------------------------------------------------------------------------------------------
------------------------------------------------------------------------------------------------------
POST /bridge/986/cq4wbdjq/xhr_streaming 1ms (unfinished)
------------------------------------------------------------------------------------------------------
POST /bridge/877/tfspf507/xhr_streaming 1ms (unfinished)
------------------------------------------------------------------------------------------------------
POST /bridge/986/cq4wbdjq/xhr_streaming 0ms (unfinished)
POST /bridge/877/tfspf507/xhr_streaming 0ms (unfinished)
------------------------------------------------------------------------------------------------------
POST /bridge/986/cq4wbdjq/xhr_streaming 2ms (unfinished)
------------------------------------------------------------------------------------------------------
POST /bridge/877/tfspf507/xhr_streaming 0ms (unfinished)
------------------------------------------------------------------------------------------------------
POST /bridge/877/tfspf507/xhr_streaming 1ms (unfinished)
------------------------------------------------------------------------------------------------------
POST /bridge/986/cq4wbdjq/xhr_streaming 0ms (unfinished)
------------------------------------------------------------------------------------------------------
POST /bridge/877/tfspf507/xhr_streaming 2ms (unfinished)
------------------------------------------------------------------------------------------------------
POST /bridge/986/cq4wbdjq/xhr_streaming 1ms (unfinished)
------------------------------------------------------------------------------------------------------
------------------------------------------------------------------------------------------------------
POST /bridge/877/tfspf507/xhr_streaming 1ms (unfinished)
POST /bridge/986/cq4wbdjq/xhr_streaming 0ms (unfinished)
------------------------------------------------------------------------------------------------------
------------------------------------------------------------------------------------------------------
GET /bridge/info 1ms 200
GET /bridge/info 0ms 200
------------------------------------------------------------------------------------------------------
GET /bridge/625/am124zvr/websocket 3ms (unfinished)
------------------------------------------------------------------------------------------------------
GET /bridge/965/_ejz4lf3/websocket 0ms (unfinished)
------------------------------------------------------------------------------------------------------
POST /bridge/625/vy9w7jjv/xhr_streaming 1ms (unfinished)
------------------------------------------------------------------------------------------------------
POST /bridge/625/vy9w7jjv/xhr_send 4ms 204
------------------------------------------------------------------------------------------------------
POST /bridge/965/p8myow96/xhr_streaming 1ms (unfinished)
------------------------------------------------------------------------------------------------------
POST /bridge/965/p8myow96/xhr_send 1ms 204
------------------------------------------------------------------------------------------------------
GET /bridge/info 1ms 200
------------------------------------------------------------------------------------------------------
GET /bridge/info 1ms 200
------------------------------------------------------------------------------------------------------
GET /bridge/476/9mbetf75/websocket 3ms (unfinished)
------------------------------------------------------------------------------------------------------
GET /bridge/168/kxct73s0/websocket 0ms (unfinished)
------------------------------------------------------------------------------------------------------
POST /bridge/476/kfll62li/xhr_streaming 1ms (unfinished)
------------------------------------------------------------------------------------------------------
POST /bridge/476/kfll62li/xhr_send 4ms 204
------------------------------------------------------------------------------------------------------
POST /bridge/168/n29g0e9_/xhr_streaming 1ms (unfinished)
------------------------------------------------------------------------------------------------------
POST /bridge/168/n29g0e9_/xhr_send 1ms 204
------------------------------------------------------------------------------------------------------
GET /bridge/info 1ms 200
------------------------------------------------------------------------------------------------------
GET /bridge/info 0ms 200
------------------------------------------------------------------------------------------------------
GET /bridge/107/y0c8rl17/websocket 3ms (unfinished)
------------------------------------------------------------------------------------------------------
GET /bridge/635/yik67df9/websocket 1ms (unfinished)
------------------------------------------------------------------------------------------------------
POST /bridge/107/9eazki8s/xhr_streaming 2ms (unfinished)
------------------------------------------------------------------------------------------------------
------------------------------------------------------------------------------------------------------
POST /bridge/107/9eazki8s/xhr_send 5ms 204
------------------------------------------------------------------------------------------------------
POST /bridge/635/_a9f2dmq/xhr_streaming 0ms (unfinished)
POST /bridge/635/_a9f2dmq/xhr_send 2ms 204
------------------------------------------------------------------------------------------------------
POST /bridge/476/kfll62li/xhr_streaming 3ms (unfinished)
------------------------------------------------------------------------------------------------------
POST /bridge/168/n29g0e9_/xhr_streaming 0ms (unfinished)
------------------------------------------------------------------------------------------------------
POST /bridge/476/kfll62li/xhr_streaming 1ms (unfinished)
------------------------------------------------------------------------------------------------------
GET /bridge/info 1ms 200
------------------------------------------------------------------------------------------------------
GET /bridge/info 0ms 200
------------------------------------------------------------------------------------------------------
------------------------------------------------------------------------------------------------------
GET /bridge/771/o36_2rcw/websocket 3ms (unfinished)
GET /bridge/788/88aex02c/websocket 0ms (unfinished)
------------------------------------------------------------------------------------------------------
GET /bridge/info 0ms 200
------------------------------------------------------------------------------------------------------
GET /bridge/info 0ms 200
------------------------------------------------------------------------------------------------------
GET /bridge/417/tq_cfdjh/websocket 0ms (unfinished)
------------------------------------------------------------------------------------------------------
GET /bridge/224/d67c920n/websocket 0ms (unfinished)
------------------------------------------------------------------------------------------------------
POST /bridge/417/tvdaef0h/xhr_streaming 0ms (unfinished)
------------------------------------------------------------------------------------------------------
POST /bridge/417/tvdaef0h/xhr_send 5ms 204
------------------------------------------------------------------------------------------------------
POST /bridge/168/n29g0e9_/xhr_streaming 0ms (unfinished)
------------------------------------------------------------------------------------------------------
POST /bridge/417/tvdaef0h/xhr_streaming 0ms (unfinished)
------------------------------------------------------------------------------------------------------
POST /bridge/168/n29g0e9_/xhr_streaming 1ms (unfinished)
------------------------------------------------------------------------------------------------------
POST /bridge/417/tvdaef0h/xhr_streaming 1ms (unfinished)
------------------------------------------------------------------------------------------------------
POST /bridge/168/n29g0e9_/xhr_streaming 1ms (unfinished)
------------------------------------------------------------------------------------------------------
POST /bridge/417/tvdaef0h/xhr_streaming 0ms (unfinished)
------------------------------------------------------------------------------------------------------
POST /bridge/168/n29g0e9_/xhr_streaming 0ms (unfinished)
------------------------------------------------------------------------------------------------------
------------------------------------------------------------------------------------------------------
POST /bridge/417/tvdaef0h/xhr_streaming 0ms (unfinished)
POST /bridge/168/n29g0e9_/xhr_streaming 0ms (unfinished)
------------------------------------------------------------------------------------------------------
------------------------------------------------------------------------------------------------------
POST /bridge/417/tvdaef0h/xhr_streaming 0ms (unfinished)
POST /bridge/168/n29g0e9_/xhr_streaming 0ms (unfinished)
------------------------------------------------------------------------------------------------------
POST /bridge/417/tvdaef0h/xhr_streaming 1ms (unfinished)
------------------------------------------------------------------------------------------------------
GET /bridge/info 1ms 200
------------------------------------------------------------------------------------------------------
GET /bridge/info 0ms 200
------------------------------------------------------------------------------------------------------
GET /bridge/721/7a7eao1t/websocket 3ms (unfinished)
------------------------------------------------------------------------------------------------------
------------------------------------------------------------------------------------------------------
GET /bridge/645/tlr8pqq_/websocket 1ms (unfinished)
POST /bridge/168/n29g0e9_/xhr_streaming 3ms (unfinished)
------------------------------------------------------------------------------------------------------
GET /bridge/info 1ms 200
------------------------------------------------------------------------------------------------------
GET /bridge/info 0ms 200
------------------------------------------------------------------------------------------------------
------------------------------------------------------------------------------------------------------
GET /bridge/905/99gau25z/websocket 3ms (unfinished)
GET /bridge/916/lp7p6t_r/websocket 0ms (unfinished)
------------------------------------------------------------------------------------------------------
POST /bridge/905/pa2nbkw9/xhr_streaming 0ms (unfinished)
------------------------------------------------------------------------------------------------------
POST /bridge/905/pa2nbkw9/xhr_send 3ms 204
------------------------------------------------------------------------------------------------------
------------------------------------------------------------------------------------------------------
POST /bridge/916/8fynsnis/xhr_streaming 0ms (unfinished)
POST /bridge/417/tvdaef0h/xhr_streaming 0ms (unfinished)
------------------------------------------------------------------------------------------------------
POST /bridge/168/n29g0e9_/xhr_streaming 2ms (unfinished)
------------------------------------------------------------------------------------------------------
POST /bridge/417/tvdaef0h/xhr_streaming 0ms (unfinished)
------------------------------------------------------------------------------------------------------
POST /bridge/168/n29g0e9_/xhr_streaming 0ms (unfinished)
------------------------------------------------------------------------------------------------------
------------------------------------------------------------------------------------------------------
POST /bridge/417/tvdaef0h/xhr_streaming 1ms (unfinished)
POST /bridge/417/tvdaef0h/xhr_streaming 1ms (unfinished)
------------------------------------------------------------------------------------------------------
GET /bridge/info 1ms 200
------------------------------------------------------------------------------------------------------
GET /bridge/info 0ms 200
------------------------------------------------------------------------------------------------------
------------------------------------------------------------------------------------------------------
GET /bridge/175/xfpduct2/websocket 2ms (unfinished)
GET /bridge/622/1a0b8dec/websocket 1ms (unfinished)
------------------------------------------------------------------------------------------------------
------------------------------------------------------------------------------------------------------
GET /bridge/info 1ms 200
GET /bridge/info 1ms 200
------------------------------------------------------------------------------------------------------
------------------------------------------------------------------------------------------------------
GET /bridge/647/yk_lgo52/websocket 3ms (unfinished)
GET /bridge/840/ho0w9hov/websocket 0ms (unfinished)
------------------------------------------------------------------------------------------------------
GET /bridge/info 1ms 200
------------------------------------------------------------------------------------------------------
GET /bridge/info 0ms 200
------------------------------------------------------------------------------------------------------
GET /bridge/519/ocx5luav/websocket 5ms (unfinished)
------------------------------------------------------------------------------------------------------
GET /bridge/493/c5u4azk9/websocket 0ms (unfinished)
------------------------------------------------------------------------------------------------------
GET /bridge/info 1ms 200
------------------------------------------------------------------------------------------------------
GET /bridge/info 0ms 200
------------------------------------------------------------------------------------------------------
GET /bridge/602/518y6wii/websocket 3ms (unfinished)
------------------------------------------------------------------------------------------------------
------------------------------------------------------------------------------------------------------
GET /bridge/853/7vfqi9xx/websocket 0ms (unfinished)
GET /bridge/info 1ms 200
------------------------------------------------------------------------------------------------------
------------------------------------------------------------------------------------------------------
GET /bridge/info 0ms 200
GET /bridge/410/t5_sapiy/websocket 3ms (unfinished)
------------------------------------------------------------------------------------------------------
GET /bridge/616/3hs7b0yv/websocket 1ms (unfinished)
------------------------------------------------------------------------------------------------------
------------------------------------------------------------------------------------------------------
POST /bridge/410/hl3k3b7c/xhr_streaming 1ms (unfinished)
POST /bridge/410/hl3k3b7c/xhr_send 4ms 204
------------------------------------------------------------------------------------------------------
------------------------------------------------------------------------------------------------------
POST /bridge/616/5gp323xd/xhr_streaming 1ms (unfinished)
POST /bridge/616/5gp323xd/xhr_send 1ms 204
------------------------------------------------------------------------------------------------------
GET /bridge/info 0ms 200
------------------------------------------------------------------------------------------------------
------------------------------------------------------------------------------------------------------
GET /bridge/info 1ms 200
------------------------------------------------------------------------------------------------------
GET /bridge/736/a9onuhh6/websocket 0ms (unfinished)
GET /bridge/276/vzgy4tow/websocket 0ms (unfinished)
------------------------------------------------------------------------------------------------------
POST /bridge/736/g3uhtn0w/xhr_streaming 0ms (unfinished)
------------------------------------------------------------------------------------------------------
POST /bridge/736/g3uhtn0w/xhr_send 1ms 204
------------------------------------------------------------------------------------------------------
------------------------------------------------------------------------------------------------------
POST /bridge/276/1p_2i8kz/xhr_streaming 1ms (unfinished)
POST /bridge/276/1p_2i8kz/xhr_send 1ms 204
------------------------------------------------------------------------------------------------------
GET /bridge/info 1ms 200
------------------------------------------------------------------------------------------------------
GET /bridge/info 0ms 200
------------------------------------------------------------------------------------------------------
GET /bridge/728/k3ao7380/websocket 3ms (unfinished)
------------------------------------------------------------------------------------------------------
GET /bridge/174/gp9a38fe/websocket 0ms (unfinished)
------------------------------------------------------------------------------------------------------
GET /bridge/info 1ms 200
------------------------------------------------------------------------------------------------------
GET /bridge/info 0ms 200
------------------------------------------------------------------------------------------------------
GET /bridge/364/r4h_v5w0/websocket 3ms (unfinished)
------------------------------------------------------------------------------------------------------
GET /bridge/828/pfa999q9/websocket 1ms (unfinished)
------------------------------------------------------------------------------------------------------
POST /bridge/916/8fynsnis/xhr_send 5ms 204
------------------------------------------------------------------------------------------------------
