24,11,2021,09,00
------------------------------------------------------------------------------------------------------
24,11,2021,09,00
------------------------------------------------------------------------------------------------------
24,11,2021,09,00
------------------------------------------------------------------------------------------------------
24,11,2021,09,00
------------------------------------------------------------------------------------------------------
24,11,2021,09,00
------------------------------------------------------------------------------------------------------
24,11,2021,09,00
------------------------------------------------------------------------------------------------------
24,11,2021,09,00
------------------------------------------------------------------------------------------------------
------------------------------------------------------------------------------------------------------
24,11,2021,09,00
24,11,2021,09,00
------------------------------------------------------------------------------------------------------
24,11,2021,09,00
------------------------------------------------------------------------------------------------------
