------------------------------------------------------------------------------------------------------
01,10,2021,09,00
11,10,2021,09,00
------------------------------------------------------------------------------------------------------
------------------------------------------------------------------------------------------------------
08,10,2021,09,00
------------------------------------------------------------------------------------------------------
08,10,2021,09,00
08,10,2021,09,00
------------------------------------------------------------------------------------------------------
08,10,2021,09,00
------------------------------------------------------------------------------------------------------
08,10,2021,09,00
------------------------------------------------------------------------------------------------------
08,10,2021,09,00
------------------------------------------------------------------------------------------------------
------------------------------------------------------------------------------------------------------
08,10,2021,09,00
11,10,2021,09,00
------------------------------------------------------------------------------------------------------
11,10,2021,09,00
------------------------------------------------------------------------------------------------------
11,10,2021,09,00
------------------------------------------------------------------------------------------------------
