------------------------------------------------------------------------------------------------------
01,11,2021,09,00
------------------------------------------------------------------------------------------------------
23,11,2021,09,00
23,11,2021,09,00
------------------------------------------------------------------------------------------------------
------------------------------------------------------------------------------------------------------
23,11,2021,09,00
23,11,2021,09,00
------------------------------------------------------------------------------------------------------
------------------------------------------------------------------------------------------------------
23,11,2021,09,00
23,11,2021,09,00
------------------------------------------------------------------------------------------------------
23,11,2021,09,00
------------------------------------------------------------------------------------------------------
23,11,2021,09,00
------------------------------------------------------------------------------------------------------
23,11,2021,09,00
------------------------------------------------------------------------------------------------------
------------------------------------------------------------------------------------------------------
23,11,2021,09,00
23,11,2021,09,00
------------------------------------------------------------------------------------------------------
23,11,2021,09,00
------------------------------------------------------------------------------------------------------
------------------------------------------------------------------------------------------------------
23,11,2021,09,00
23,11,2021,09,00
------------------------------------------------------------------------------------------------------
23,11,2021,09,00
------------------------------------------------------------------------------------------------------
TypeError: Cannot read property '3' of undefined
    at Immediate.<anonymous> (C:\Nitrogen\NitroWEB\sql\sqllib.js:114:48)
    at processImmediate (internal/timers.js:464:21)
------------------------------------------------------------------------------------------------------
01,11,2021,09,00
------------------------------------------------------------------------------------------------------
23,11,2021,09,00
------------------------------------------------------------------------------------------------------
TypeError: Cannot read property '3' of undefined
    at Immediate.<anonymous> (C:\Nitrogen\NitroWEB\sql\sqllib.js:114:48)
    at processImmediate (internal/timers.js:464:21)
------------------------------------------------------------------------------------------------------
01,11,2021,09,00
------------------------------------------------------------------------------------------------------
23,11,2021,09,00
------------------------------------------------------------------------------------------------------
------------------------------------------------------------------------------------------------------
23,11,2021,09,00
23,11,2021,09,00
------------------------------------------------------------------------------------------------------
23,11,2021,09,00
------------------------------------------------------------------------------------------------------
23,11,2021,09,00
------------------------------------------------------------------------------------------------------
23,11,2021,09,00
------------------------------------------------------------------------------------------------------
23,11,2021,09,00
------------------------------------------------------------------------------------------------------
23,11,2021,09,00
------------------------------------------------------------------------------------------------------
23,11,2021,09,00
------------------------------------------------------------------------------------------------------
23,11,2021,09,00
------------------------------------------------------------------------------------------------------
23,11,2021,09,00
------------------------------------------------------------------------------------------------------
23,11,2021,09,00
------------------------------------------------------------------------------------------------------
23,11,2021,09,00
------------------------------------------------------------------------------------------------------
23,11,2021,09,00
------------------------------------------------------------------------------------------------------
------------------------------------------------------------------------------------------------------
23,11,2021,09,00
23,11,2021,09,00
------------------------------------------------------------------------------------------------------
------------------------------------------------------------------------------------------------------
23,11,2021,09,00
23,11,2021,09,00
------------------------------------------------------------------------------------------------------
------------------------------------------------------------------------------------------------------
24,11,2021,09,00
------------------------------------------------------------------------------------------------------
22,11,2021,09,00
23,11,2021,09,00
------------------------------------------------------------------------------------------------------
23,11,2021,09,00
------------------------------------------------------------------------------------------------------
23,11,2021,09,00
------------------------------------------------------------------------------------------------------
------------------------------------------------------------------------------------------------------
23,11,2021,09,00
23,11,2021,09,00
------------------------------------------------------------------------------------------------------
23,11,2021,09,00
------------------------------------------------------------------------------------------------------
23,11,2021,09,00
------------------------------------------------------------------------------------------------------
------------------------------------------------------------------------------------------------------
23,11,2021,09,00
------------------------------------------------------------------------------------------------------
23,11,2021,09,00
23,11,2021,09,00
------------------------------------------------------------------------------------------------------
23,11,2021,09,00
------------------------------------------------------------------------------------------------------
------------------------------------------------------------------------------------------------------
23,11,2021,09,00
------------------------------------------------------------------------------------------------------
23,11,2021,09,00
23,11,2021,09,00
------------------------------------------------------------------------------------------------------
------------------------------------------------------------------------------------------------------
23,11,2021,09,00
23,11,2021,09,00
------------------------------------------------------------------------------------------------------
23,11,2021,09,00
------------------------------------------------------------------------------------------------------
------------------------------------------------------------------------------------------------------
23,11,2021,09,00
23,11,2021,09,00
------------------------------------------------------------------------------------------------------
------------------------------------------------------------------------------------------------------
23,11,2021,07,00
23,11,2021,15,00
------------------------------------------------------------------------------------------------------
17,11,2021,09,00
------------------------------------------------------------------------------------------------------
23,11,2021,09,00
------------------------------------------------------------------------------------------------------
------------------------------------------------------------------------------------------------------
17,11,2021,09,00
23,11,2021,09,00
------------------------------------------------------------------------------------------------------
23,11,2021,09,00
------------------------------------------------------------------------------------------------------
23,11,2021,09,00
------------------------------------------------------------------------------------------------------
23,11,2021,09,00
------------------------------------------------------------------------------------------------------
------------------------------------------------------------------------------------------------------
23,11,2021,09,00
23,11,2021,09,00
------------------------------------------------------------------------------------------------------
------------------------------------------------------------------------------------------------------
23,11,2021,09,00
21,11,2021,09,00
------------------------------------------------------------------------------------------------------
23,11,2021,09,00
------------------------------------------------------------------------------------------------------
21,11,2021,09,00
------------------------------------------------------------------------------------------------------
------------------------------------------------------------------------------------------------------
23,11,2021,09,00
21,11,2021,09,00
------------------------------------------------------------------------------------------------------
23,11,2021,09,00
------------------------------------------------------------------------------------------------------
21,11,2021,09,00
------------------------------------------------------------------------------------------------------
------------------------------------------------------------------------------------------------------
23,11,2021,09,00
21,11,2021,09,00
------------------------------------------------------------------------------------------------------
------------------------------------------------------------------------------------------------------
23,11,2021,09,00
21,11,2021,09,00
------------------------------------------------------------------------------------------------------
23,11,2021,09,00
------------------------------------------------------------------------------------------------------
21,11,2021,09,00
------------------------------------------------------------------------------------------------------
------------------------------------------------------------------------------------------------------
23,11,2021,09,00
21,11,2021,09,00
------------------------------------------------------------------------------------------------------
23,11,2021,09,00
------------------------------------------------------------------------------------------------------
------------------------------------------------------------------------------------------------------
21,11,2021,09,00
------------------------------------------------------------------------------------------------------
23,11,2021,09,00
21,11,2021,09,00
------------------------------------------------------------------------------------------------------
23,11,2021,09,00
------------------------------------------------------------------------------------------------------
23,11,2021,09,00
------------------------------------------------------------------------------------------------------
23,11,2021,09,00
------------------------------------------------------------------------------------------------------
23,11,2021,09,00
------------------------------------------------------------------------------------------------------
------------------------------------------------------------------------------------------------------
23,11,2021,14,00
------------------------------------------------------------------------------------------------------
23,11,2021,09,00
------------------------------------------------------------------------------------------------------
23,11,2021,14,00
23,11,2021,09,00
------------------------------------------------------------------------------------------------------
23,11,2021,11,00
------------------------------------------------------------------------------------------------------
------------------------------------------------------------------------------------------------------
23,11,2021,09,00
------------------------------------------------------------------------------------------------------
23,11,2021,11,00
23,11,2021,09,00
------------------------------------------------------------------------------------------------------
23,11,2021,11,00
------------------------------------------------------------------------------------------------------
------------------------------------------------------------------------------------------------------
23,11,2021,09,00
23,11,2021,11,00
------------------------------------------------------------------------------------------------------
23,11,2021,09,00
------------------------------------------------------------------------------------------------------
23,11,2021,11,00
------------------------------------------------------------------------------------------------------
23,11,2021,09,00
------------------------------------------------------------------------------------------------------
------------------------------------------------------------------------------------------------------
23,11,2021,11,00
02,11,2021,09,00
------------------------------------------------------------------------------------------------------
23,11,2021,09,00
------------------------------------------------------------------------------------------------------
02,11,2021,09,00
------------------------------------------------------------------------------------------------------
------------------------------------------------------------------------------------------------------
23,11,2021,09,00
------------------------------------------------------------------------------------------------------
02,11,2021,09,00
------------------------------------------------------------------------------------------------------
23,11,2021,09,00
------------------------------------------------------------------------------------------------------
02,11,2021,09,00
------------------------------------------------------------------------------------------------------
23,11,2021,09,00
------------------------------------------------------------------------------------------------------
02,11,2021,09,00
------------------------------------------------------------------------------------------------------
23,11,2021,09,00
02,11,2021,09,00
------------------------------------------------------------------------------------------------------
------------------------------------------------------------------------------------------------------
23,11,2021,09,00
01,11,2021,09,00
------------------------------------------------------------------------------------------------------
23,11,2021,09,00
------------------------------------------------------------------------------------------------------
------------------------------------------------------------------------------------------------------
01,11,2021,09,00
23,11,2021,09,00
------------------------------------------------------------------------------------------------------
------------------------------------------------------------------------------------------------------
01,11,2021,09,00
------------------------------------------------------------------------------------------------------
23,11,2021,09,00
01,11,2021,09,00
------------------------------------------------------------------------------------------------------
------------------------------------------------------------------------------------------------------
23,11,2021,09,00
------------------------------------------------------------------------------------------------------
01,11,2021,09,00
23,11,2021,09,00
------------------------------------------------------------------------------------------------------
------------------------------------------------------------------------------------------------------
01,11,2021,09,00
23,11,2021,09,00
------------------------------------------------------------------------------------------------------
------------------------------------------------------------------------------------------------------
01,11,2021,09,00
------------------------------------------------------------------------------------------------------
23,11,2021,09,00
01,11,2021,09,00
------------------------------------------------------------------------------------------------------
23,11,2021,09,00
------------------------------------------------------------------------------------------------------
------------------------------------------------------------------------------------------------------
01,11,2021,09,00
23,11,2021,09,00
------------------------------------------------------------------------------------------------------
------------------------------------------------------------------------------------------------------
01,11,2021,09,00
23,11,2021,09,00
------------------------------------------------------------------------------------------------------
01,11,2021,09,00
------------------------------------------------------------------------------------------------------
------------------------------------------------------------------------------------------------------
23,11,2021,09,00
01,11,2021,09,00
------------------------------------------------------------------------------------------------------
------------------------------------------------------------------------------------------------------
23,11,2021,09,00
------------------------------------------------------------------------------------------------------
01,11,2021,09,00
------------------------------------------------------------------------------------------------------
23,11,2021,09,00
01,11,2021,09,00
------------------------------------------------------------------------------------------------------
23,11,2021,09,00
------------------------------------------------------------------------------------------------------
01,11,2021,09,00
------------------------------------------------------------------------------------------------------
------------------------------------------------------------------------------------------------------
23,11,2021,09,00
01,11,2021,09,00
------------------------------------------------------------------------------------------------------
23,11,2021,09,00
------------------------------------------------------------------------------------------------------
------------------------------------------------------------------------------------------------------
01,11,2021,09,00
23,11,2021,09,00
------------------------------------------------------------------------------------------------------
------------------------------------------------------------------------------------------------------
01,11,2021,09,00
------------------------------------------------------------------------------------------------------
23,11,2021,09,00
01,11,2021,09,00
------------------------------------------------------------------------------------------------------
------------------------------------------------------------------------------------------------------
23,11,2021,09,00
23,11,2021,09,00
------------------------------------------------------------------------------------------------------
------------------------------------------------------------------------------------------------------
23,11,2021,09,00
23,11,2021,09,00
------------------------------------------------------------------------------------------------------
23,11,2021,09,00
------------------------------------------------------------------------------------------------------
