08,09,2021,09,00
------------------------------------------------------------------------------------------------------
------------------------------------------------------------------------------------------------------
09,09,2021,09,00
08,09,2021,09,00
------------------------------------------------------------------------------------------------------
------------------------------------------------------------------------------------------------------
09,09,2021,09,00
08,09,2021,09,00
------------------------------------------------------------------------------------------------------
09,09,2021,09,00
------------------------------------------------------------------------------------------------------
08,09,2021,09,00
------------------------------------------------------------------------------------------------------
09,09,2021,09,00
------------------------------------------------------------------------------------------------------
08,09,2021,09,00
------------------------------------------------------------------------------------------------------
09,09,2021,09,00
------------------------------------------------------------------------------------------------------
------------------------------------------------------------------------------------------------------
09,09,2021,09,00
09,09,2021,09,00
------------------------------------------------------------------------------------------------------
------------------------------------------------------------------------------------------------------
09,09,2021,09,00
09,09,2021,09,00
------------------------------------------------------------------------------------------------------
