23,09,2021,09,00
------------------------------------------------------------------------------------------------------
23,09,2021,09,00
------------------------------------------------------------------------------------------------------
23,09,2021,09,00
------------------------------------------------------------------------------------------------------
------------------------------------------------------------------------------------------------------
23,09,2021,09,00
------------------------------------------------------------------------------------------------------
23,09,2021,09,00
------------------------------------------------------------------------------------------------------
23,09,2021,09,00
23,09,2021,09,00
------------------------------------------------------------------------------------------------------
23,09,2021,09,00
------------------------------------------------------------------------------------------------------
23,09,2021,09,00
------------------------------------------------------------------------------------------------------
23,09,2021,09,00
------------------------------------------------------------------------------------------------------
