------------------------------------------------------------------------------------------------------
13,12,2021,09,00
13,12,2021,09,00
------------------------------------------------------------------------------------------------------
13,12,2021,09,00
------------------------------------------------------------------------------------------------------
------------------------------------------------------------------------------------------------------
13,12,2021,09,00
13,12,2021,09,00
------------------------------------------------------------------------------------------------------
------------------------------------------------------------------------------------------------------
13,12,2021,09,00
13,12,2021,09,00
------------------------------------------------------------------------------------------------------
13,12,2021,09,00
------------------------------------------------------------------------------------------------------
------------------------------------------------------------------------------------------------------
13,12,2021,09,00
------------------------------------------------------------------------------------------------------
13,12,2021,09,00
------------------------------------------------------------------------------------------------------
13,12,2021,09,00
------------------------------------------------------------------------------------------------------
13,12,2021,09,00
13,12,2021,09,00
------------------------------------------------------------------------------------------------------
13,12,2021,09,00
------------------------------------------------------------------------------------------------------
13,12,2021,09,00
------------------------------------------------------------------------------------------------------
------------------------------------------------------------------------------------------------------
13,12,2021,09,00
------------------------------------------------------------------------------------------------------
13,12,2021,09,00
13,12,2021,09,00
------------------------------------------------------------------------------------------------------
13,12,2021,09,00
------------------------------------------------------------------------------------------------------
13,12,2021,09,00
------------------------------------------------------------------------------------------------------
