20,12,2021,09,00
------------------------------------------------------------------------------------------------------
------------------------------------------------------------------------------------------------------
20,12,2021,09,00
------------------------------------------------------------------------------------------------------
20,12,2021,09,00
------------------------------------------------------------------------------------------------------
20,12,2021,09,00
20,12,2021,09,00
------------------------------------------------------------------------------------------------------
------------------------------------------------------------------------------------------------------
20,12,2021,09,00
20,12,2021,09,00
------------------------------------------------------------------------------------------------------
20,12,2021,09,00
------------------------------------------------------------------------------------------------------
20,12,2021,09,00
------------------------------------------------------------------------------------------------------
------------------------------------------------------------------------------------------------------
20,12,2021,09,00
20,12,2021,09,00
------------------------------------------------------------------------------------------------------
20,12,2021,09,00
------------------------------------------------------------------------------------------------------
20,12,2021,09,00
------------------------------------------------------------------------------------------------------
------------------------------------------------------------------------------------------------------
20,12,2021,09,00
20,12,2021,09,00
------------------------------------------------------------------------------------------------------
20,12,2021,09,00
------------------------------------------------------------------------------------------------------
------------------------------------------------------------------------------------------------------
20,12,2021,09,00
20,12,2021,09,00
------------------------------------------------------------------------------------------------------
20,12,2021,09,00
------------------------------------------------------------------------------------------------------
------------------------------------------------------------------------------------------------------
20,12,2021,09,00
------------------------------------------------------------------------------------------------------
20,12,2021,09,00
20,12,2021,09,00
------------------------------------------------------------------------------------------------------
