17,11,2021,09,00
------------------------------------------------------------------------------------------------------
17,11,2021,09,00
------------------------------------------------------------------------------------------------------
17,11,2021,09,00
------------------------------------------------------------------------------------------------------
17,11,2021,09,00
------------------------------------------------------------------------------------------------------
17,11,2021,09,00
------------------------------------------------------------------------------------------------------
17,11,2021,09,00
------------------------------------------------------------------------------------------------------
------------------------------------------------------------------------------------------------------
17,11,2021,09,00
17,11,2021,09,00
------------------------------------------------------------------------------------------------------
17,11,2021,09,00
------------------------------------------------------------------------------------------------------
17,11,2021,09,00
------------------------------------------------------------------------------------------------------
------------------------------------------------------------------------------------------------------
17,11,2021,09,00
------------------------------------------------------------------------------------------------------
17,11,2021,09,00
------------------------------------------------------------------------------------------------------
17,11,2021,09,00
17,11,2021,09,00
------------------------------------------------------------------------------------------------------
