06,12,2021,09,00
------------------------------------------------------------------------------------------------------
------------------------------------------------------------------------------------------------------
06,12,2021,09,00
------------------------------------------------------------------------------------------------------
06,12,2021,09,00
06,12,2021,09,00
------------------------------------------------------------------------------------------------------
06,12,2021,09,00
------------------------------------------------------------------------------------------------------
06,12,2021,09,00
------------------------------------------------------------------------------------------------------
06,12,2021,09,00
------------------------------------------------------------------------------------------------------
06,12,2021,09,00
------------------------------------------------------------------------------------------------------
06,12,2021,09,00
------------------------------------------------------------------------------------------------------
------------------------------------------------------------------------------------------------------
06,12,2021,09,00
------------------------------------------------------------------------------------------------------
06,12,2021,09,00
------------------------------------------------------------------------------------------------------
06,12,2021,09,00
------------------------------------------------------------------------------------------------------
06,12,2021,09,00
06,12,2021,09,00
------------------------------------------------------------------------------------------------------
