------------------------------------------------------------------------------------------------------
Error: listen EACCES: permission denied 176.236.62.130
    at Server.setupListenHandle [as _listen2] (net.js:1301:21)
    at listenInCluster (net.js:1366:12)
    at Server.listen (net.js:1463:5)
    at module.exports.WebTCP.listen (C:\Nitrogen\NitroWEB\www\js\lib\webtcp\server\webtcp.js:54:17)
    at Object.<anonymous> (C:\Nitrogen\NitroWEB\server.js:9:8)
    at Module._compile (internal/modules/cjs/loader.js:1068:30)
    at Object.Module._extensions..js (internal/modules/cjs/loader.js:1097:10)
    at Module.load (internal/modules/cjs/loader.js:933:32)
    at Function.Module._load (internal/modules/cjs/loader.js:774:14)
    at Function.executeUserEntryPoint [as runMain] (internal/modules/run_main.js:72:12)
------------------------------------------------------------------------------------------------------
MacId : 05fd84cd2f8d33e39a57d8060d5a9d882bc2a2178f1bfc278bef4ad1b8a577c526
------------------------------------------------------------------------------------------------------
Error: listen EADDRNOTAVAIL: address not available 176.236.62.130:9999
    at Server.setupListenHandle [as _listen2] (net.js:1301:21)
    at listenInCluster (net.js:1366:12)
    at doListen (net.js:1503:7)
    at processTicksAndRejections (internal/process/task_queues.js:83:21)
MacId : 05fd84cd2f8d33e39a57d8060d5a9d882bc2a2178f1bfc278bef4ad1b8a577c526
------------------------------------------------------------------------------------------------------
Error: listen EADDRNOTAVAIL: address not available 176.236.120.245:9999
    at Server.setupListenHandle [as _listen2] (net.js:1301:21)
    at listenInCluster (net.js:1366:12)
    at doListen (net.js:1503:7)
    at processTicksAndRejections (internal/process/task_queues.js:83:21)
------------------------------------------------------------------------------------------------------
MacId : 05fd84cd2f8d33e39a57d8060d5a9d882bc2a2178f1bfc278bef4ad1b8a577c526
------------------------------------------------------------------------------------------------------
MacId : 05fd84cd2f8d33e39a57d8060d5a9d882bc2a2178f1bfc278bef4ad1b8a577c526
------------------------------------------------------------------------------------------------------
Error: listen EADDRNOTAVAIL: address not available 176.236.120.245:9999
    at Server.setupListenHandle [as _listen2] (net.js:1301:21)
    at listenInCluster (net.js:1366:12)
    at doListen (net.js:1503:7)
    at processTicksAndRejections (internal/process/task_queues.js:83:21)
------------------------------------------------------------------------------------------------------
MacId : 05fd84cd2f8d33e39a57d8060d5a9d882bc2a2178f1bfc278bef4ad1b8a577c526
------------------------------------------------------------------------------------------------------
MacId : 05fd84cd2f8d33e39a57d8060d5a9d882bc2a2178f1bfc278bef4ad1b8a577c526
------------------------------------------------------------------------------------------------------
GET /bridge/info 1ms 200
------------------------------------------------------------------------------------------------------
GET /bridge/340/njms38zz/websocket 4ms (unfinished)
------------------------------------------------------------------------------------------------------
POST /bridge/340/5546cswn/xhr_streaming 1ms (unfinished)
------------------------------------------------------------------------------------------------------
------------------------------------------------------------------------------------------------------
MacId : 05fd84cd2f8d33e39a57d8060d5a9d882bc2a2178f1bfc278bef4ad1b8a577c526
GET /bridge/info 2ms 200
------------------------------------------------------------------------------------------------------
GET /bridge/779/tcdk42ld/websocket 3ms (unfinished)
------------------------------------------------------------------------------------------------------
POST /bridge/779/h7way_6k/xhr_streaming 2ms (unfinished)
------------------------------------------------------------------------------------------------------
POST /bridge/779/h7way_6k/xhr_send 5ms 204
------------------------------------------------------------------------------------------------------
------------------------------------------------------------------------------------------------------
POST /bridge/779/h7way_6k/xhr_streaming 0ms (unfinished)
POST /bridge/779/h7way_6k/xhr_streaming 1ms (unfinished)
------------------------------------------------------------------------------------------------------
------------------------------------------------------------------------------------------------------
POST /bridge/779/h7way_6k/xhr_streaming 0ms (unfinished)
POST /bridge/779/h7way_6k/xhr_streaming 0ms (unfinished)
------------------------------------------------------------------------------------------------------
GET /bridge/info 1ms 200
------------------------------------------------------------------------------------------------------
GET /bridge/info 0ms 200
------------------------------------------------------------------------------------------------------
GET /bridge/043/gzxgotni/websocket 3ms (unfinished)
------------------------------------------------------------------------------------------------------
------------------------------------------------------------------------------------------------------
GET /bridge/085/a3pto7m8/websocket 0ms (unfinished)
POST /bridge/043/04gq33b5/xhr_streaming 1ms (unfinished)
------------------------------------------------------------------------------------------------------
POST /bridge/085/z1_k7lqr/xhr_streaming 0ms (unfinished)
------------------------------------------------------------------------------------------------------
POST /bridge/043/04gq33b5/xhr_send 4ms 204
------------------------------------------------------------------------------------------------------
POST /bridge/085/z1_k7lqr/xhr_send 1ms 204
------------------------------------------------------------------------------------------------------
GET /bridge/info 1ms 200
------------------------------------------------------------------------------------------------------
GET /bridge/info 0ms 200
------------------------------------------------------------------------------------------------------
GET /bridge/285/5nireyqr/websocket 3ms (unfinished)
------------------------------------------------------------------------------------------------------
GET /bridge/522/qq4plpmh/websocket 1ms (unfinished)
------------------------------------------------------------------------------------------------------
POST /bridge/285/kqwbdard/xhr_streaming 2ms (unfinished)
------------------------------------------------------------------------------------------------------
POST /bridge/285/kqwbdard/xhr_send 5ms 204
------------------------------------------------------------------------------------------------------
POST /bridge/522/0f7i04ej/xhr_streaming 1ms (unfinished)
------------------------------------------------------------------------------------------------------
------------------------------------------------------------------------------------------------------
POST /bridge/522/0f7i04ej/xhr_send 1ms 204
GET /bridge/info 1ms 200
------------------------------------------------------------------------------------------------------
GET /bridge/info 1ms 200
------------------------------------------------------------------------------------------------------
------------------------------------------------------------------------------------------------------
GET /bridge/327/bykfnch8/websocket 0ms (unfinished)
GET /bridge/678/2q8_242g/websocket 1ms (unfinished)
------------------------------------------------------------------------------------------------------
------------------------------------------------------------------------------------------------------
POST /bridge/327/ovtq7gbg/xhr_streaming 1ms (unfinished)
POST /bridge/327/ovtq7gbg/xhr_send 1ms 204
------------------------------------------------------------------------------------------------------
------------------------------------------------------------------------------------------------------
POST /bridge/678/ghg5epdk/xhr_streaming 1ms (unfinished)
POST /bridge/678/ghg5epdk/xhr_send 1ms 204
------------------------------------------------------------------------------------------------------
GET /bridge/info 0ms 200
------------------------------------------------------------------------------------------------------
GET /bridge/info 1ms 200
------------------------------------------------------------------------------------------------------
GET /bridge/677/s40x5l69/websocket 0ms (unfinished)
------------------------------------------------------------------------------------------------------
GET /bridge/903/82qg39lv/websocket 0ms (unfinished)
------------------------------------------------------------------------------------------------------
------------------------------------------------------------------------------------------------------
POST /bridge/677/czb4nr8o/xhr_streaming 1ms (unfinished)
POST /bridge/903/nmdj86m6/xhr_streaming 0ms (unfinished)
------------------------------------------------------------------------------------------------------
------------------------------------------------------------------------------------------------------
POST /bridge/677/czb4nr8o/xhr_send 1ms 204
POST /bridge/903/nmdj86m6/xhr_send 1ms 204
------------------------------------------------------------------------------------------------------
GET /bridge/info 0ms 200
------------------------------------------------------------------------------------------------------
GET /bridge/info 0ms 200
------------------------------------------------------------------------------------------------------
GET /bridge/792/vb35s246/websocket 1ms (unfinished)
------------------------------------------------------------------------------------------------------
GET /bridge/565/c_bzyv5u/websocket 1ms (unfinished)
------------------------------------------------------------------------------------------------------
POST /bridge/792/l9spcyc1/xhr_streaming 1ms (unfinished)
------------------------------------------------------------------------------------------------------
------------------------------------------------------------------------------------------------------
POST /bridge/565/ekplvcvu/xhr_streaming 0ms (unfinished)
POST /bridge/792/l9spcyc1/xhr_send 1ms 204
------------------------------------------------------------------------------------------------------
POST /bridge/565/ekplvcvu/xhr_send 1ms 204
------------------------------------------------------------------------------------------------------
------------------------------------------------------------------------------------------------------
GET /bridge/info 1ms 200
GET /bridge/info 0ms 200
------------------------------------------------------------------------------------------------------
GET /bridge/186/825vp2no/websocket 0ms (unfinished)
------------------------------------------------------------------------------------------------------
GET /bridge/986/sn55m_uu/websocket 0ms (unfinished)
------------------------------------------------------------------------------------------------------
POST /bridge/186/e9n8itoc/xhr_streaming 1ms (unfinished)
------------------------------------------------------------------------------------------------------
POST /bridge/986/1lv4g9lt/xhr_streaming 1ms (unfinished)
------------------------------------------------------------------------------------------------------
POST /bridge/186/e9n8itoc/xhr_send 1ms 204
------------------------------------------------------------------------------------------------------
POST /bridge/986/1lv4g9lt/xhr_send 0ms 204
------------------------------------------------------------------------------------------------------
GET /bridge/info 1ms 200
------------------------------------------------------------------------------------------------------
------------------------------------------------------------------------------------------------------
GET /bridge/info 0ms 200
GET /bridge/163/e6bpgcdn/websocket 3ms (unfinished)
------------------------------------------------------------------------------------------------------
GET /bridge/140/irt3dmhc/websocket 1ms (unfinished)
------------------------------------------------------------------------------------------------------
POST /bridge/163/y5w6sowf/xhr_streaming 1ms (unfinished)
------------------------------------------------------------------------------------------------------
POST /bridge/163/y5w6sowf/xhr_send 3ms 204
------------------------------------------------------------------------------------------------------
------------------------------------------------------------------------------------------------------
POST /bridge/140/hv_t294y/xhr_streaming 1ms (unfinished)
------------------------------------------------------------------------------------------------------
POST /bridge/140/hv_t294y/xhr_send 1ms 204
GET /bridge/info 1ms 200
------------------------------------------------------------------------------------------------------
GET /bridge/info 0ms 200
------------------------------------------------------------------------------------------------------
GET /bridge/760/nzuei8qc/websocket 0ms (unfinished)
------------------------------------------------------------------------------------------------------
GET /bridge/995/j_mj6k0a/websocket 0ms (unfinished)
------------------------------------------------------------------------------------------------------
POST /bridge/760/ziaoktdf/xhr_streaming 1ms (unfinished)
------------------------------------------------------------------------------------------------------
POST /bridge/995/_1bde8qr/xhr_streaming 1ms (unfinished)
------------------------------------------------------------------------------------------------------
POST /bridge/760/ziaoktdf/xhr_send 1ms 204
------------------------------------------------------------------------------------------------------
POST /bridge/995/_1bde8qr/xhr_send 0ms 204
------------------------------------------------------------------------------------------------------
------------------------------------------------------------------------------------------------------
GET /bridge/info 1ms 200
GET /bridge/info 1ms 200
------------------------------------------------------------------------------------------------------
GET /bridge/565/5_f1_82_/websocket 3ms (unfinished)
------------------------------------------------------------------------------------------------------
------------------------------------------------------------------------------------------------------
GET /bridge/564/qjjp6pqk/websocket 0ms (unfinished)
POST /bridge/564/gm_a5622/xhr_streaming 2ms (unfinished)
------------------------------------------------------------------------------------------------------
POST /bridge/564/gm_a5622/xhr_send 5ms 204
------------------------------------------------------------------------------------------------------
POST /bridge/565/_dld5nqq/xhr_streaming 1ms (unfinished)
------------------------------------------------------------------------------------------------------
POST /bridge/565/_dld5nqq/xhr_send 1ms 204
------------------------------------------------------------------------------------------------------
GET /bridge/info 0ms 200
------------------------------------------------------------------------------------------------------
GET /bridge/info 0ms 200
------------------------------------------------------------------------------------------------------
GET /bridge/749/_u6fx0eu/websocket 1ms (unfinished)
------------------------------------------------------------------------------------------------------
GET /bridge/857/_gc0_gzj/websocket 1ms (unfinished)
------------------------------------------------------------------------------------------------------
POST /bridge/749/gr39fif3/xhr_streaming 0ms (unfinished)
------------------------------------------------------------------------------------------------------
------------------------------------------------------------------------------------------------------
POST /bridge/749/gr39fif3/xhr_send 1ms 204
------------------------------------------------------------------------------------------------------
POST /bridge/857/dj_v8pv1/xhr_streaming 0ms (unfinished)
POST /bridge/857/dj_v8pv1/xhr_send 1ms 204
------------------------------------------------------------------------------------------------------
GET /bridge/info 0ms 200
------------------------------------------------------------------------------------------------------
------------------------------------------------------------------------------------------------------
GET /bridge/info 0ms 200
------------------------------------------------------------------------------------------------------
GET /bridge/990/mxrfmiu4/websocket 0ms (unfinished)
GET /bridge/628/7o790a5m/websocket 0ms (unfinished)
------------------------------------------------------------------------------------------------------
POST /bridge/990/dzdvy5pt/xhr_streaming 0ms (unfinished)
------------------------------------------------------------------------------------------------------
POST /bridge/990/dzdvy5pt/xhr_send 2ms 204
------------------------------------------------------------------------------------------------------
------------------------------------------------------------------------------------------------------
POST /bridge/628/nyiegczq/xhr_streaming 1ms (unfinished)
------------------------------------------------------------------------------------------------------
POST /bridge/628/nyiegczq/xhr_send 1ms 204
POST /bridge/628/nyiegczq/xhr_streaming 0ms (unfinished)
------------------------------------------------------------------------------------------------------
GET /bridge/info 0ms 200
------------------------------------------------------------------------------------------------------
GET /bridge/info 1ms 200
------------------------------------------------------------------------------------------------------
GET /bridge/657/eg6jjd7t/websocket 0ms (unfinished)
------------------------------------------------------------------------------------------------------
------------------------------------------------------------------------------------------------------
GET /bridge/923/8pfv66jl/websocket 0ms (unfinished)
------------------------------------------------------------------------------------------------------
POST /bridge/657/m_fqnaka/xhr_streaming 0ms (unfinished)
POST /bridge/657/m_fqnaka/xhr_send 1ms 204
------------------------------------------------------------------------------------------------------
POST /bridge/923/4151gt34/xhr_streaming 1ms (unfinished)
------------------------------------------------------------------------------------------------------
POST /bridge/923/4151gt34/xhr_send 1ms 204
------------------------------------------------------------------------------------------------------
------------------------------------------------------------------------------------------------------
POST /bridge/923/4151gt34/xhr_streaming 1ms (unfinished)
POST /bridge/657/m_fqnaka/xhr_streaming 1ms (unfinished)
------------------------------------------------------------------------------------------------------
------------------------------------------------------------------------------------------------------
GET /bridge/info 0ms 200
GET /bridge/info 0ms 200
------------------------------------------------------------------------------------------------------
GET /bridge/897/azl6f4kx/websocket 0ms (unfinished)
------------------------------------------------------------------------------------------------------
------------------------------------------------------------------------------------------------------
GET /bridge/252/tv821e7y/websocket 1ms (unfinished)
POST /bridge/897/nfftud0o/xhr_streaming 1ms (unfinished)
------------------------------------------------------------------------------------------------------
POST /bridge/897/nfftud0o/xhr_send 2ms 204
------------------------------------------------------------------------------------------------------
POST /bridge/252/77izkqir/xhr_streaming 0ms (unfinished)
------------------------------------------------------------------------------------------------------
------------------------------------------------------------------------------------------------------
POST /bridge/252/77izkqir/xhr_send 1ms 204
------------------------------------------------------------------------------------------------------
POST /bridge/897/nfftud0o/xhr_streaming 3ms (unfinished)
POST /bridge/252/77izkqir/xhr_streaming 1ms (unfinished)
------------------------------------------------------------------------------------------------------
GET /bridge/info 1ms 200
------------------------------------------------------------------------------------------------------
GET /bridge/info 1ms 200
------------------------------------------------------------------------------------------------------
------------------------------------------------------------------------------------------------------
GET /bridge/843/yu3sqalg/websocket 2ms (unfinished)
GET /bridge/469/hb283dyn/websocket 0ms (unfinished)
------------------------------------------------------------------------------------------------------
POST /bridge/843/otxs8bjj/xhr_streaming 1ms (unfinished)
------------------------------------------------------------------------------------------------------
POST /bridge/843/otxs8bjj/xhr_send 5ms 204
------------------------------------------------------------------------------------------------------
POST /bridge/469/wt5fv7dw/xhr_streaming 1ms (unfinished)
------------------------------------------------------------------------------------------------------
POST /bridge/469/wt5fv7dw/xhr_send 1ms 204
------------------------------------------------------------------------------------------------------
POST /bridge/843/otxs8bjj/xhr_streaming 1ms (unfinished)
------------------------------------------------------------------------------------------------------
GET /bridge/info 0ms 200
------------------------------------------------------------------------------------------------------
------------------------------------------------------------------------------------------------------
GET /bridge/info 0ms 200
GET /bridge/175/qr7tyqxd/websocket 0ms (unfinished)
------------------------------------------------------------------------------------------------------
GET /bridge/928/ajj632jl/websocket 0ms (unfinished)
------------------------------------------------------------------------------------------------------
POST /bridge/175/hm2g0rub/xhr_streaming 1ms (unfinished)
------------------------------------------------------------------------------------------------------
POST /bridge/175/hm2g0rub/xhr_send 2ms 204
------------------------------------------------------------------------------------------------------
POST /bridge/928/8tg4bvd3/xhr_streaming 1ms (unfinished)
------------------------------------------------------------------------------------------------------
POST /bridge/928/8tg4bvd3/xhr_send 1ms 204
------------------------------------------------------------------------------------------------------
GET /bridge/info 0ms 200
------------------------------------------------------------------------------------------------------
------------------------------------------------------------------------------------------------------
GET /bridge/info 0ms 200
GET /bridge/823/ziajrm6l/websocket 0ms (unfinished)
------------------------------------------------------------------------------------------------------
GET /bridge/331/zon08igx/websocket 0ms (unfinished)
------------------------------------------------------------------------------------------------------
POST /bridge/823/zfmnhe8t/xhr_streaming 0ms (unfinished)
------------------------------------------------------------------------------------------------------
------------------------------------------------------------------------------------------------------
POST /bridge/331/xd8jfw8v/xhr_streaming 1ms (unfinished)
------------------------------------------------------------------------------------------------------
POST /bridge/823/zfmnhe8t/xhr_send 1ms 204
POST /bridge/331/xd8jfw8v/xhr_send 0ms 204
------------------------------------------------------------------------------------------------------
GET /bridge/info 0ms 200
------------------------------------------------------------------------------------------------------
GET /bridge/info 0ms 200
------------------------------------------------------------------------------------------------------
GET /bridge/983/tbja_bzf/websocket 0ms (unfinished)
------------------------------------------------------------------------------------------------------
GET /bridge/055/yulzy13x/websocket 0ms (unfinished)
------------------------------------------------------------------------------------------------------
POST /bridge/983/ouob_hwo/xhr_streaming 1ms (unfinished)
------------------------------------------------------------------------------------------------------
POST /bridge/055/ei30qbdc/xhr_streaming 1ms (unfinished)
------------------------------------------------------------------------------------------------------
------------------------------------------------------------------------------------------------------
POST /bridge/983/ouob_hwo/xhr_send 1ms 204
------------------------------------------------------------------------------------------------------
POST /bridge/055/ei30qbdc/xhr_send 2ms 204
GET /bridge/info 0ms 200
------------------------------------------------------------------------------------------------------
------------------------------------------------------------------------------------------------------
GET /bridge/info 2ms 200
GET /bridge/022/snakxz6g/websocket 0ms (unfinished)
------------------------------------------------------------------------------------------------------
------------------------------------------------------------------------------------------------------
GET /bridge/549/niz4k29m/websocket 0ms (unfinished)
POST /bridge/022/iklw03fx/xhr_streaming 1ms (unfinished)
------------------------------------------------------------------------------------------------------
POST /bridge/022/iklw03fx/xhr_send 1ms 204
------------------------------------------------------------------------------------------------------
POST /bridge/549/t0awoouz/xhr_streaming 1ms (unfinished)
------------------------------------------------------------------------------------------------------
POST /bridge/549/t0awoouz/xhr_send 1ms 204
------------------------------------------------------------------------------------------------------
GET /bridge/info 0ms 200
------------------------------------------------------------------------------------------------------
------------------------------------------------------------------------------------------------------
GET /bridge/info 1ms 200
GET /bridge/793/_b8qhbbm/websocket 0ms (unfinished)
------------------------------------------------------------------------------------------------------
GET /bridge/740/jfvd1wzf/websocket 0ms (unfinished)
------------------------------------------------------------------------------------------------------
POST /bridge/793/afldkkv0/xhr_streaming 0ms (unfinished)
------------------------------------------------------------------------------------------------------
POST /bridge/740/pxyyx7fo/xhr_streaming 1ms (unfinished)
------------------------------------------------------------------------------------------------------
POST /bridge/793/afldkkv0/xhr_send 1ms 204
------------------------------------------------------------------------------------------------------
POST /bridge/740/pxyyx7fo/xhr_send 1ms 204
------------------------------------------------------------------------------------------------------
GET /bridge/info 0ms 200
------------------------------------------------------------------------------------------------------
GET /bridge/info 0ms 200
------------------------------------------------------------------------------------------------------
GET /bridge/469/3iy_1aiq/websocket 0ms (unfinished)
------------------------------------------------------------------------------------------------------
------------------------------------------------------------------------------------------------------
GET /bridge/317/wx5nj2c3/websocket 1ms (unfinished)
POST /bridge/469/vjolqxxf/xhr_streaming 1ms (unfinished)
------------------------------------------------------------------------------------------------------
POST /bridge/469/vjolqxxf/xhr_send 1ms 204
------------------------------------------------------------------------------------------------------
POST /bridge/317/wf72x08b/xhr_streaming 0ms (unfinished)
------------------------------------------------------------------------------------------------------
POST /bridge/317/wf72x08b/xhr_send 0ms 204
------------------------------------------------------------------------------------------------------
GET /bridge/info 1ms 200
------------------------------------------------------------------------------------------------------
GET /bridge/info 1ms 200
------------------------------------------------------------------------------------------------------
------------------------------------------------------------------------------------------------------
GET /bridge/668/3jica4co/websocket 0ms (unfinished)
------------------------------------------------------------------------------------------------------
GET /bridge/721/85cjwucj/websocket 0ms (unfinished)
------------------------------------------------------------------------------------------------------
POST /bridge/668/_ahc4l60/xhr_streaming 1ms (unfinished)
POST /bridge/668/_ahc4l60/xhr_send 1ms 204
------------------------------------------------------------------------------------------------------
------------------------------------------------------------------------------------------------------
POST /bridge/721/lw5kbjtu/xhr_streaming 0ms (unfinished)
POST /bridge/721/lw5kbjtu/xhr_send 1ms 204
------------------------------------------------------------------------------------------------------
POST /bridge/668/_ahc4l60/xhr_streaming 0ms (unfinished)
------------------------------------------------------------------------------------------------------
GET /bridge/info 0ms 200
------------------------------------------------------------------------------------------------------
GET /bridge/info 0ms 200
------------------------------------------------------------------------------------------------------
GET /bridge/716/022nrnb4/websocket 1ms (unfinished)
------------------------------------------------------------------------------------------------------
------------------------------------------------------------------------------------------------------
GET /bridge/326/ui1kgy5y/websocket 0ms (unfinished)
POST /bridge/716/bd38o5tu/xhr_streaming 1ms (unfinished)
------------------------------------------------------------------------------------------------------
POST /bridge/326/0luzpf1j/xhr_streaming 1ms (unfinished)
------------------------------------------------------------------------------------------------------
------------------------------------------------------------------------------------------------------
POST /bridge/716/bd38o5tu/xhr_send 2ms 204
POST /bridge/326/0luzpf1j/xhr_send 1ms 204
------------------------------------------------------------------------------------------------------
GET /bridge/info 0ms 200
------------------------------------------------------------------------------------------------------
GET /bridge/info 1ms 200
------------------------------------------------------------------------------------------------------
GET /bridge/479/u5hv3xv6/websocket 0ms (unfinished)
------------------------------------------------------------------------------------------------------
GET /bridge/831/rtk5ael4/websocket 0ms (unfinished)
------------------------------------------------------------------------------------------------------
POST /bridge/479/161e151x/xhr_streaming 1ms (unfinished)
------------------------------------------------------------------------------------------------------
POST /bridge/831/9z99p0tu/xhr_streaming 0ms (unfinished)
------------------------------------------------------------------------------------------------------
------------------------------------------------------------------------------------------------------
POST /bridge/479/161e151x/xhr_send 1ms 204
POST /bridge/831/9z99p0tu/xhr_send 1ms 204
------------------------------------------------------------------------------------------------------
------------------------------------------------------------------------------------------------------
GET /bridge/info 0ms 200
------------------------------------------------------------------------------------------------------
GET /bridge/info 0ms 200
GET /bridge/562/ht20zg8i/websocket 0ms (unfinished)
------------------------------------------------------------------------------------------------------
GET /bridge/074/d94hm54a/websocket 1ms (unfinished)
------------------------------------------------------------------------------------------------------
------------------------------------------------------------------------------------------------------
POST /bridge/562/5xvc5qly/xhr_streaming 0ms (unfinished)
POST /bridge/074/i1e4rn59/xhr_streaming 0ms (unfinished)
------------------------------------------------------------------------------------------------------
GET /bridge/info 1ms 200
------------------------------------------------------------------------------------------------------
GET /bridge/info 0ms 200
------------------------------------------------------------------------------------------------------
GET /bridge/725/t5s431jn/websocket 0ms (unfinished)
------------------------------------------------------------------------------------------------------
GET /bridge/190/40lcqjq8/websocket 1ms (unfinished)
------------------------------------------------------------------------------------------------------
GET /bridge/info 0ms 200
------------------------------------------------------------------------------------------------------
GET /bridge/info 0ms 200
------------------------------------------------------------------------------------------------------
------------------------------------------------------------------------------------------------------
GET /bridge/058/7yk7zscv/websocket 0ms (unfinished)
GET /bridge/747/fppqhai3/websocket 0ms (unfinished)
------------------------------------------------------------------------------------------------------
POST /bridge/058/2vk7ll__/xhr_streaming 1ms (unfinished)
------------------------------------------------------------------------------------------------------
POST /bridge/058/2vk7ll__/xhr_send 1ms 204
------------------------------------------------------------------------------------------------------
POST /bridge/747/eyj8c3r3/xhr_streaming 0ms (unfinished)
------------------------------------------------------------------------------------------------------
------------------------------------------------------------------------------------------------------
POST /bridge/747/eyj8c3r3/xhr_send 1ms 204
GET /bridge/info 1ms 200
------------------------------------------------------------------------------------------------------
GET /bridge/info 0ms 200
------------------------------------------------------------------------------------------------------
------------------------------------------------------------------------------------------------------
GET /bridge/200/jn242ieh/websocket 0ms (unfinished)
GET /bridge/820/0iwnjmpe/websocket 1ms (unfinished)
------------------------------------------------------------------------------------------------------
------------------------------------------------------------------------------------------------------
POST /bridge/200/jt1d957i/xhr_streaming 0ms (unfinished)
------------------------------------------------------------------------------------------------------
POST /bridge/200/jt1d957i/xhr_send 1ms 204
POST /bridge/820/als1suxq/xhr_streaming 0ms (unfinished)
------------------------------------------------------------------------------------------------------
------------------------------------------------------------------------------------------------------
POST /bridge/820/als1suxq/xhr_send 1ms 204
------------------------------------------------------------------------------------------------------
POST /bridge/820/als1suxq/xhr_streaming 0ms (unfinished)
POST /bridge/200/jt1d957i/xhr_streaming 1ms (unfinished)
------------------------------------------------------------------------------------------------------
POST /bridge/820/als1suxq/xhr_streaming 1ms (unfinished)
------------------------------------------------------------------------------------------------------
------------------------------------------------------------------------------------------------------
GET /bridge/info 0ms 200
------------------------------------------------------------------------------------------------------
GET /bridge/info 1ms 200
------------------------------------------------------------------------------------------------------
GET /bridge/135/a1si_9ds/websocket 0ms (unfinished)
------------------------------------------------------------------------------------------------------
GET /bridge/908/3uhpawqg/websocket 0ms (unfinished)
------------------------------------------------------------------------------------------------------
POST /bridge/200/jt1d957i/xhr_streaming 0ms (unfinished)
POST /bridge/135/0ad17so2/xhr_streaming 1ms (unfinished)
------------------------------------------------------------------------------------------------------
POST /bridge/135/0ad17so2/xhr_send 1ms 204
------------------------------------------------------------------------------------------------------
------------------------------------------------------------------------------------------------------
POST /bridge/908/jsycwy5b/xhr_streaming 1ms (unfinished)
POST /bridge/908/jsycwy5b/xhr_send 1ms 204
------------------------------------------------------------------------------------------------------
------------------------------------------------------------------------------------------------------
POST /bridge/820/als1suxq/xhr_streaming 1ms (unfinished)
------------------------------------------------------------------------------------------------------
POST /bridge/200/jt1d957i/xhr_streaming 0ms (unfinished)
GET /bridge/info 0ms 200
------------------------------------------------------------------------------------------------------
GET /bridge/info 1ms 200
------------------------------------------------------------------------------------------------------
GET /bridge/436/decejhb8/websocket 0ms (unfinished)
------------------------------------------------------------------------------------------------------
------------------------------------------------------------------------------------------------------
GET /bridge/074/2d39l2jv/websocket 0ms (unfinished)
POST /bridge/436/0tothcrt/xhr_streaming 0ms (unfinished)
------------------------------------------------------------------------------------------------------
POST /bridge/436/0tothcrt/xhr_send 1ms 204
------------------------------------------------------------------------------------------------------
------------------------------------------------------------------------------------------------------
POST /bridge/074/ew4k1gb2/xhr_streaming 0ms (unfinished)
POST /bridge/074/ew4k1gb2/xhr_send 1ms 204
------------------------------------------------------------------------------------------------------
------------------------------------------------------------------------------------------------------
POST /bridge/820/als1suxq/xhr_streaming 0ms (unfinished)
POST /bridge/200/jt1d957i/xhr_streaming 1ms (unfinished)
------------------------------------------------------------------------------------------------------
------------------------------------------------------------------------------------------------------
POST /bridge/820/als1suxq/xhr_streaming 0ms (unfinished)
POST /bridge/200/jt1d957i/xhr_streaming 1ms (unfinished)
------------------------------------------------------------------------------------------------------
POST /bridge/820/als1suxq/xhr_streaming 0ms (unfinished)
------------------------------------------------------------------------------------------------------
POST /bridge/200/jt1d957i/xhr_streaming 0ms (unfinished)
------------------------------------------------------------------------------------------------------
GET /bridge/info 1ms 200
------------------------------------------------------------------------------------------------------
GET /bridge/info 0ms 200
------------------------------------------------------------------------------------------------------
GET /bridge/399/3zjqg7p7/websocket 1ms (unfinished)
------------------------------------------------------------------------------------------------------
GET /bridge/476/hekzejyf/websocket 0ms (unfinished)
------------------------------------------------------------------------------------------------------
------------------------------------------------------------------------------------------------------
POST /bridge/399/sgdmfsa9/xhr_streaming 1ms (unfinished)
POST /bridge/399/sgdmfsa9/xhr_send 2ms 204
------------------------------------------------------------------------------------------------------
POST /bridge/476/l78bsnps/xhr_streaming 1ms (unfinished)
------------------------------------------------------------------------------------------------------
POST /bridge/476/l78bsnps/xhr_send 2ms 204
------------------------------------------------------------------------------------------------------
POST /bridge/200/jt1d957i/xhr_streaming 0ms (unfinished)
------------------------------------------------------------------------------------------------------
------------------------------------------------------------------------------------------------------
GET /bridge/info 0ms 200
GET /bridge/info 0ms 200
------------------------------------------------------------------------------------------------------
GET /bridge/946/ejdr56sy/websocket 0ms (unfinished)
------------------------------------------------------------------------------------------------------
GET /bridge/643/k4hs60zs/websocket 0ms (unfinished)
------------------------------------------------------------------------------------------------------
POST /bridge/946/bh_h3mts/xhr_streaming 0ms (unfinished)
------------------------------------------------------------------------------------------------------
POST /bridge/946/bh_h3mts/xhr_send 1ms 204
------------------------------------------------------------------------------------------------------
POST /bridge/643/n0vbzoo4/xhr_streaming 0ms (unfinished)
------------------------------------------------------------------------------------------------------
------------------------------------------------------------------------------------------------------
POST /bridge/643/n0vbzoo4/xhr_send 1ms 204
POST /bridge/200/jt1d957i/xhr_streaming 0ms (unfinished)
------------------------------------------------------------------------------------------------------
POST /bridge/200/jt1d957i/xhr_streaming 2ms (unfinished)
------------------------------------------------------------------------------------------------------
GET /bridge/info 1ms 200
------------------------------------------------------------------------------------------------------
GET /bridge/info 0ms 200
------------------------------------------------------------------------------------------------------
------------------------------------------------------------------------------------------------------
GET /bridge/155/ki9i91q1/websocket 3ms (unfinished)
GET /bridge/920/l6oi4h4z/websocket 0ms (unfinished)
------------------------------------------------------------------------------------------------------
POST /bridge/155/umqxumvh/xhr_streaming 1ms (unfinished)
------------------------------------------------------------------------------------------------------
POST /bridge/155/umqxumvh/xhr_send 4ms 204
------------------------------------------------------------------------------------------------------
POST /bridge/920/tf435lqa/xhr_streaming 1ms (unfinished)
------------------------------------------------------------------------------------------------------
21,12,2021,09,00
------------------------------------------------------------------------------------------------------
21,12,2021,09,00
------------------------------------------------------------------------------------------------------
21,12,2021,09,00
------------------------------------------------------------------------------------------------------
21,12,2021,09,00
------------------------------------------------------------------------------------------------------
------------------------------------------------------------------------------------------------------
21,12,2021,09,00
21,12,2021,09,00
------------------------------------------------------------------------------------------------------
21,12,2021,09,00
------------------------------------------------------------------------------------------------------
21,12,2021,09,00
------------------------------------------------------------------------------------------------------
------------------------------------------------------------------------------------------------------
21,12,2021,09,00
21,12,2021,09,00
------------------------------------------------------------------------------------------------------
21,12,2021,09,00
21,12,2021,09,00
------------------------------------------------------------------------------------------------------
------------------------------------------------------------------------------------------------------
GET /bridge/info 1ms 200
------------------------------------------------------------------------------------------------------
GET /bridge/info 0ms 200
------------------------------------------------------------------------------------------------------
------------------------------------------------------------------------------------------------------
GET /bridge/427/puxfsr2k/websocket 3ms (unfinished)
GET /bridge/519/ogjcecep/websocket 0ms (unfinished)
------------------------------------------------------------------------------------------------------
GET /bridge/info 0ms 200
------------------------------------------------------------------------------------------------------
------------------------------------------------------------------------------------------------------
GET /bridge/info 0ms 200
GET /bridge/332/v62eqi94/websocket 0ms (unfinished)
------------------------------------------------------------------------------------------------------
GET /bridge/852/7_3ekz71/websocket 1ms (unfinished)
------------------------------------------------------------------------------------------------------
GET /bridge/info 0ms 200
------------------------------------------------------------------------------------------------------
GET /bridge/info 0ms 200
------------------------------------------------------------------------------------------------------
GET /bridge/432/_yzf3ki6/websocket 1ms (unfinished)
------------------------------------------------------------------------------------------------------
GET /bridge/696/607gba50/websocket 0ms (unfinished)
------------------------------------------------------------------------------------------------------
GET /bridge/info 1ms 200
------------------------------------------------------------------------------------------------------
GET /bridge/info 1ms 200
------------------------------------------------------------------------------------------------------
GET /bridge/227/2sefwxnq/websocket 3ms (unfinished)
------------------------------------------------------------------------------------------------------
GET /bridge/010/g2l8ro2q/websocket 0ms (unfinished)
------------------------------------------------------------------------------------------------------
GET /bridge/info 1ms 200
------------------------------------------------------------------------------------------------------
GET /bridge/info 1ms 200
------------------------------------------------------------------------------------------------------
------------------------------------------------------------------------------------------------------
GET /bridge/497/hvt31h9o/websocket 2ms (unfinished)
GET /bridge/481/h74teu97/websocket 1ms (unfinished)
------------------------------------------------------------------------------------------------------
------------------------------------------------------------------------------------------------------
GET /bridge/info 0ms 200
------------------------------------------------------------------------------------------------------
GET /bridge/info 1ms 200
GET /bridge/402/9u7revjs/websocket 0ms (unfinished)
------------------------------------------------------------------------------------------------------
GET /bridge/854/4vxylxvv/websocket 1ms (unfinished)
------------------------------------------------------------------------------------------------------
GET /bridge/info 1ms 200
------------------------------------------------------------------------------------------------------
GET /bridge/info 0ms 200
------------------------------------------------------------------------------------------------------
GET /bridge/664/6zcrozsc/websocket 2ms (unfinished)
------------------------------------------------------------------------------------------------------
GET /bridge/435/ua2hgzw0/websocket 0ms (unfinished)
------------------------------------------------------------------------------------------------------
POST /bridge/664/59brcktw/xhr_streaming 1ms (unfinished)
------------------------------------------------------------------------------------------------------
POST /bridge/664/59brcktw/xhr_send 4ms 204
------------------------------------------------------------------------------------------------------
------------------------------------------------------------------------------------------------------
POST /bridge/435/0cd215_b/xhr_streaming 1ms (unfinished)
POST /bridge/435/0cd215_b/xhr_send 1ms 204
------------------------------------------------------------------------------------------------------
GET /bridge/info 0ms 200
------------------------------------------------------------------------------------------------------
GET /bridge/info 1ms 200
------------------------------------------------------------------------------------------------------
GET /bridge/127/k_fq1lh_/websocket 1ms (unfinished)
------------------------------------------------------------------------------------------------------
GET /bridge/236/pxfu9of6/websocket 1ms (unfinished)
------------------------------------------------------------------------------------------------------
GET /bridge/info 1ms 200
------------------------------------------------------------------------------------------------------
GET /bridge/info 0ms 200
------------------------------------------------------------------------------------------------------
GET /bridge/199/54s_r97o/websocket 0ms (unfinished)
------------------------------------------------------------------------------------------------------
GET /bridge/226/wq5rc9i8/websocket 0ms (unfinished)
------------------------------------------------------------------------------------------------------
------------------------------------------------------------------------------------------------------
GET /bridge/info 1ms 200
GET /bridge/info 1ms 200
------------------------------------------------------------------------------------------------------
GET /bridge/879/q065xwes/websocket 2ms (unfinished)
------------------------------------------------------------------------------------------------------
GET /bridge/423/jw5_vahj/websocket 0ms (unfinished)
------------------------------------------------------------------------------------------------------
POST /bridge/879/h198mg2g/xhr_streaming 1ms (unfinished)
------------------------------------------------------------------------------------------------------
POST /bridge/879/h198mg2g/xhr_send 3ms 204
------------------------------------------------------------------------------------------------------
POST /bridge/423/fn9_o9dz/xhr_streaming 1ms (unfinished)
------------------------------------------------------------------------------------------------------
POST /bridge/423/fn9_o9dz/xhr_send 1ms 204
------------------------------------------------------------------------------------------------------
GET /bridge/info 1ms 200
------------------------------------------------------------------------------------------------------
GET /bridge/info 1ms 200
------------------------------------------------------------------------------------------------------
GET /bridge/727/jy0n7a54/websocket 2ms (unfinished)
------------------------------------------------------------------------------------------------------
GET /bridge/644/zieefjkz/websocket 0ms (unfinished)
------------------------------------------------------------------------------------------------------
GET /bridge/info 1ms 200
------------------------------------------------------------------------------------------------------
GET /bridge/info 0ms 200
------------------------------------------------------------------------------------------------------
GET /bridge/689/xbj4d9h0/websocket 2ms (unfinished)
------------------------------------------------------------------------------------------------------
------------------------------------------------------------------------------------------------------
GET /bridge/425/3rosgt0l/websocket 0ms (unfinished)
------------------------------------------------------------------------------------------------------
GET /bridge/info 1ms 200
GET /bridge/info 3ms 200
------------------------------------------------------------------------------------------------------
------------------------------------------------------------------------------------------------------
GET /bridge/005/_amc4fvl/websocket 2ms (unfinished)
GET /bridge/891/qkdsrclc/websocket 0ms (unfinished)
------------------------------------------------------------------------------------------------------
------------------------------------------------------------------------------------------------------
POST /bridge/005/9s1pjmqi/xhr_streaming 1ms (unfinished)
POST /bridge/005/9s1pjmqi/xhr_send 4ms 204
------------------------------------------------------------------------------------------------------
POST /bridge/891/e28zn48z/xhr_streaming 0ms (unfinished)
------------------------------------------------------------------------------------------------------
GET /bridge/info 0ms 200
------------------------------------------------------------------------------------------------------
GET /bridge/info 0ms 200
------------------------------------------------------------------------------------------------------
GET /bridge/890/9jwh4gnm/websocket 2ms (unfinished)
------------------------------------------------------------------------------------------------------
------------------------------------------------------------------------------------------------------
GET /bridge/703/n54yio72/websocket 1ms (unfinished)
------------------------------------------------------------------------------------------------------
GET /bridge/info 1ms 200
GET /bridge/info 0ms 200
------------------------------------------------------------------------------------------------------
GET /bridge/600/pa2_dvy2/websocket 3ms (unfinished)
------------------------------------------------------------------------------------------------------
GET /bridge/987/zib5fy8w/websocket 0ms (unfinished)
------------------------------------------------------------------------------------------------------
------------------------------------------------------------------------------------------------------
GET /bridge/info 0ms 200
GET /bridge/info 1ms 200
------------------------------------------------------------------------------------------------------
------------------------------------------------------------------------------------------------------
GET /bridge/240/spf5pm_y/websocket 0ms (unfinished)
------------------------------------------------------------------------------------------------------
GET /bridge/334/5vpudxmu/websocket 0ms (unfinished)
GET /bridge/info 1ms 200
------------------------------------------------------------------------------------------------------
GET /bridge/info 1ms 200
------------------------------------------------------------------------------------------------------
GET /bridge/766/xc89_3w1/websocket 0ms (unfinished)
------------------------------------------------------------------------------------------------------
------------------------------------------------------------------------------------------------------
GET /bridge/065/hp7rgklq/websocket 1ms (unfinished)
POST /bridge/891/e28zn48z/xhr_send 3ms 204
------------------------------------------------------------------------------------------------------
GET /bridge/info 1ms 200
------------------------------------------------------------------------------------------------------
GET /bridge/info 0ms 200
------------------------------------------------------------------------------------------------------
GET /bridge/949/w33055z3/websocket 1ms (unfinished)
------------------------------------------------------------------------------------------------------
------------------------------------------------------------------------------------------------------
GET /bridge/419/wyzi5tac/websocket 0ms (unfinished)
POST /bridge/949/vqa1ra0d/xhr_streaming 1ms (unfinished)
------------------------------------------------------------------------------------------------------
------------------------------------------------------------------------------------------------------
POST /bridge/949/vqa1ra0d/xhr_send 1ms 204
POST /bridge/419/c1t6352n/xhr_streaming 0ms (unfinished)
------------------------------------------------------------------------------------------------------
POST /bridge/419/c1t6352n/xhr_send 1ms 204
------------------------------------------------------------------------------------------------------
GET /bridge/info 1ms 200
------------------------------------------------------------------------------------------------------
GET /bridge/info 0ms 200
------------------------------------------------------------------------------------------------------
GET /bridge/926/wv1tm3mf/websocket 3ms (unfinished)
------------------------------------------------------------------------------------------------------
GET /bridge/731/ehhs9fqy/websocket 0ms (unfinished)
------------------------------------------------------------------------------------------------------
POST /bridge/926/in1z930p/xhr_streaming 1ms (unfinished)
------------------------------------------------------------------------------------------------------
POST /bridge/926/in1z930p/xhr_send 5ms 204
------------------------------------------------------------------------------------------------------
POST /bridge/731/0oyfvyjm/xhr_streaming 1ms (unfinished)
------------------------------------------------------------------------------------------------------
------------------------------------------------------------------------------------------------------
POST /bridge/731/0oyfvyjm/xhr_send 1ms 204
------------------------------------------------------------------------------------------------------
GET /bridge/info 1ms 200
GET /bridge/info 0ms 200
------------------------------------------------------------------------------------------------------
GET /bridge/584/nd9crxis/websocket 2ms (unfinished)
------------------------------------------------------------------------------------------------------
GET /bridge/029/jzfon4kj/websocket 0ms (unfinished)
------------------------------------------------------------------------------------------------------
POST /bridge/584/mg9xdo4h/xhr_streaming 1ms (unfinished)
------------------------------------------------------------------------------------------------------
------------------------------------------------------------------------------------------------------
POST /bridge/029/oyx8f4kd/xhr_streaming 3ms (unfinished)
------------------------------------------------------------------------------------------------------
POST /bridge/584/mg9xdo4h/xhr_send 3ms 204
POST /bridge/029/oyx8f4kd/xhr_send 1ms 204
------------------------------------------------------------------------------------------------------
GET /bridge/info 1ms 200
------------------------------------------------------------------------------------------------------
GET /bridge/info 0ms 200
------------------------------------------------------------------------------------------------------
GET /bridge/069/y6w24xez/websocket 2ms (unfinished)
------------------------------------------------------------------------------------------------------
GET /bridge/259/4hgieyfl/websocket 0ms (unfinished)
------------------------------------------------------------------------------------------------------
POST /bridge/069/xwm9zzsj/xhr_streaming 2ms (unfinished)
------------------------------------------------------------------------------------------------------
------------------------------------------------------------------------------------------------------
POST /bridge/069/xwm9zzsj/xhr_send 5ms 204
POST /bridge/259/4fkjyf77/xhr_streaming 0ms (unfinished)
------------------------------------------------------------------------------------------------------
POST /bridge/259/4fkjyf77/xhr_send 4ms 204
------------------------------------------------------------------------------------------------------
GET /bridge/info 1ms 200
------------------------------------------------------------------------------------------------------
GET /bridge/info 0ms 200
------------------------------------------------------------------------------------------------------
GET /bridge/328/vx7su5qy/websocket 3ms (unfinished)
------------------------------------------------------------------------------------------------------
GET /bridge/197/7yyf79fc/websocket 0ms (unfinished)
------------------------------------------------------------------------------------------------------
POST /bridge/328/lxer7xvh/xhr_streaming 1ms (unfinished)
------------------------------------------------------------------------------------------------------
POST /bridge/328/lxer7xvh/xhr_send 1ms 204
------------------------------------------------------------------------------------------------------
POST /bridge/197/2lafu9ig/xhr_streaming 0ms (unfinished)
------------------------------------------------------------------------------------------------------
POST /bridge/197/2lafu9ig/xhr_send 1ms 204
------------------------------------------------------------------------------------------------------
GET /bridge/info 0ms 200
------------------------------------------------------------------------------------------------------
------------------------------------------------------------------------------------------------------
GET /bridge/info 1ms 200
------------------------------------------------------------------------------------------------------
GET /bridge/769/w_nvwh8s/websocket 0ms (unfinished)
GET /bridge/420/f5q0gdd5/websocket 0ms (unfinished)
------------------------------------------------------------------------------------------------------
POST /bridge/769/eq1pewdy/xhr_streaming 0ms (unfinished)
------------------------------------------------------------------------------------------------------
POST /bridge/769/eq1pewdy/xhr_send 2ms 204
------------------------------------------------------------------------------------------------------
POST /bridge/420/j8ud6gan/xhr_streaming 0ms (unfinished)
------------------------------------------------------------------------------------------------------
POST /bridge/420/j8ud6gan/xhr_send 1ms 204
------------------------------------------------------------------------------------------------------
GET /bridge/info 1ms 200
------------------------------------------------------------------------------------------------------
GET /bridge/info 0ms 200
------------------------------------------------------------------------------------------------------
GET /bridge/432/j1zykf1l/websocket 0ms (unfinished)
------------------------------------------------------------------------------------------------------
GET /bridge/898/cznjjmqr/websocket 0ms (unfinished)
------------------------------------------------------------------------------------------------------
GET /bridge/info 0ms 200
------------------------------------------------------------------------------------------------------
GET /bridge/info 0ms 200
------------------------------------------------------------------------------------------------------
GET /bridge/070/cf64tug8/websocket 0ms (unfinished)
------------------------------------------------------------------------------------------------------
GET /bridge/708/se4pl05p/websocket 0ms (unfinished)
------------------------------------------------------------------------------------------------------
GET /bridge/info 1ms 200
------------------------------------------------------------------------------------------------------
GET /bridge/info 0ms 200
------------------------------------------------------------------------------------------------------
GET /bridge/742/wh11z68w/websocket 0ms (unfinished)
------------------------------------------------------------------------------------------------------
GET /bridge/457/gfcq00k0/websocket 0ms (unfinished)
------------------------------------------------------------------------------------------------------
GET /bridge/info 0ms 200
------------------------------------------------------------------------------------------------------
------------------------------------------------------------------------------------------------------
GET /bridge/info 0ms 200
GET /bridge/834/fck324d4/websocket 1ms (unfinished)
------------------------------------------------------------------------------------------------------
GET /bridge/261/th6h4g7z/websocket 0ms (unfinished)
------------------------------------------------------------------------------------------------------
GET /bridge/info 1ms 200
------------------------------------------------------------------------------------------------------
------------------------------------------------------------------------------------------------------
GET /bridge/info 1ms 200
GET /bridge/530/qsmuccfc/websocket 0ms (unfinished)
------------------------------------------------------------------------------------------------------
GET /bridge/927/g65vsto5/websocket 0ms (unfinished)
------------------------------------------------------------------------------------------------------
POST /bridge/920/tf435lqa/xhr_send 2ms 204
------------------------------------------------------------------------------------------------------
