------------------------------------------------------------------------------------------------------
07,09,2021,09,00
------------------------------------------------------------------------------------------------------
08,09,2021,09,00
07,09,2021,09,00
------------------------------------------------------------------------------------------------------
------------------------------------------------------------------------------------------------------
08,09,2021,09,00
08,09,2021,09,00
------------------------------------------------------------------------------------------------------
08,09,2021,09,00
------------------------------------------------------------------------------------------------------
07,09,2021,09,00
------------------------------------------------------------------------------------------------------
08,09,2021,09,00
------------------------------------------------------------------------------------------------------
08,09,2021,09,00
------------------------------------------------------------------------------------------------------
------------------------------------------------------------------------------------------------------
08,09,2021,09,00
08,09,2021,09,00
------------------------------------------------------------------------------------------------------
------------------------------------------------------------------------------------------------------
08,09,2021,09,00
