------------------------------------------------------------------------------------------------------
13,10,2021,09,00
------------------------------------------------------------------------------------------------------
13,10,2021,09,00
13,10,2021,09,00
------------------------------------------------------------------------------------------------------
13,10,2021,09,00
------------------------------------------------------------------------------------------------------
13,10,2021,09,00
------------------------------------------------------------------------------------------------------
------------------------------------------------------------------------------------------------------
13,10,2021,09,00
13,10,2021,09,00
------------------------------------------------------------------------------------------------------
------------------------------------------------------------------------------------------------------
13,10,2021,23,00
------------------------------------------------------------------------------------------------------
13,10,2021,09,00
------------------------------------------------------------------------------------------------------
13,10,2021,09,00
