Error: listen EADDRNOTAVAIL: address not available 192.168.2.240:9999
    at Server.setupListenHandle [as _listen2] (net.js:1301:21)
    at listenInCluster (net.js:1366:12)
    at doListen (net.js:1503:7)
    at processTicksAndRejections (internal/process/task_queues.js:83:21)
------------------------------------------------------------------------------------------------------
------------------------------------------------------------------------------------------------------
MacId : 05fd84cd2f8d33e39a57d8060d5a9d882bc2a2178f1bfc278bef4ad1b8a577c526
Error: listen EADDRNOTAVAIL: address not available 192.168.2.240:9999
    at Server.setupListenHandle [as _listen2] (net.js:1301:21)
    at listenInCluster (net.js:1366:12)
    at doListen (net.js:1503:7)
    at processTicksAndRejections (internal/process/task_queues.js:83:21)
------------------------------------------------------------------------------------------------------
MacId : 05fd84cd2f8d33e39a57d8060d5a9d882bc2a2178f1bfc278bef4ad1b8a577c526
------------------------------------------------------------------------------------------------------
Error: listen EADDRNOTAVAIL: address not available 192.168.2.240:9999
    at Server.setupListenHandle [as _listen2] (net.js:1301:21)
    at listenInCluster (net.js:1366:12)
    at doListen (net.js:1503:7)
    at processTicksAndRejections (internal/process/task_queues.js:83:21)
------------------------------------------------------------------------------------------------------
MacId : 05fd84cd2f8d33e39a57d8060d5a9d882bc2a2178f1bfc278bef4ad1b8a577c526
------------------------------------------------------------------------------------------------------
Error: listen EADDRNOTAVAIL: address not available 192.168.2.240:9999
    at Server.setupListenHandle [as _listen2] (net.js:1301:21)
    at listenInCluster (net.js:1366:12)
    at doListen (net.js:1503:7)
    at processTicksAndRejections (internal/process/task_queues.js:83:21)
------------------------------------------------------------------------------------------------------
MacId : 05fd84cd2f8d33e39a57d8060d5a9d882bc2a2178f1bfc278bef4ad1b8a577c526
------------------------------------------------------------------------------------------------------
Error: listen EADDRNOTAVAIL: address not available 192.168.2.240:9999
    at Server.setupListenHandle [as _listen2] (net.js:1301:21)
    at listenInCluster (net.js:1366:12)
    at doListen (net.js:1503:7)
    at processTicksAndRejections (internal/process/task_queues.js:83:21)
------------------------------------------------------------------------------------------------------
MacId : 05fd84cd2f8d33e39a57d8060d5a9d882bc2a2178f1bfc278bef4ad1b8a577c526
------------------------------------------------------------------------------------------------------
