------------------------------------------------------------------------------------------------------
GET /bridge/info 0ms 200
GET /bridge/info 0ms 200
------------------------------------------------------------------------------------------------------
GET /bridge/214/znpaigdt/websocket 0ms (unfinished)
------------------------------------------------------------------------------------------------------
GET /bridge/608/rj9c80uj/websocket 0ms (unfinished)
------------------------------------------------------------------------------------------------------
------------------------------------------------------------------------------------------------------
POST /bridge/214/wx5ne_ti/xhr_streaming 1ms (unfinished)
POST /bridge/214/wx5ne_ti/xhr_send 1ms 204
------------------------------------------------------------------------------------------------------
POST /bridge/608/i2vbvtna/xhr_streaming 0ms (unfinished)
------------------------------------------------------------------------------------------------------
POST /bridge/608/i2vbvtna/xhr_send 1ms 204
------------------------------------------------------------------------------------------------------
------------------------------------------------------------------------------------------------------
GET /bridge/info 0ms 200
------------------------------------------------------------------------------------------------------
GET /bridge/info 0ms 200
GET /bridge/506/z0gkwu8a/websocket 0ms (unfinished)
------------------------------------------------------------------------------------------------------
------------------------------------------------------------------------------------------------------
GET /bridge/074/v6740pgo/websocket 0ms (unfinished)
POST /bridge/506/388v1ca1/xhr_streaming 0ms (unfinished)
------------------------------------------------------------------------------------------------------
POST /bridge/074/h1ga4ytx/xhr_streaming 1ms (unfinished)
------------------------------------------------------------------------------------------------------
POST /bridge/506/388v1ca1/xhr_send 1ms 204
------------------------------------------------------------------------------------------------------
------------------------------------------------------------------------------------------------------
POST /bridge/074/h1ga4ytx/xhr_send 1ms 204
GET /bridge/info 0ms 200
------------------------------------------------------------------------------------------------------
GET /bridge/info 0ms 200
------------------------------------------------------------------------------------------------------
GET /bridge/731/5hnbr9cu/websocket 0ms (unfinished)
------------------------------------------------------------------------------------------------------
GET /bridge/312/n36javnb/websocket 0ms (unfinished)
------------------------------------------------------------------------------------------------------
POST /bridge/731/tqfj6l2a/xhr_streaming 0ms (unfinished)
------------------------------------------------------------------------------------------------------
POST /bridge/731/tqfj6l2a/xhr_send 1ms 204
------------------------------------------------------------------------------------------------------
------------------------------------------------------------------------------------------------------
POST /bridge/312/8wmg9s_k/xhr_streaming 1ms (unfinished)
GET /bridge/info 0ms 200
------------------------------------------------------------------------------------------------------
------------------------------------------------------------------------------------------------------
GET /bridge/info 0ms 200
GET /bridge/821/2bujnu1a/websocket 0ms (unfinished)
------------------------------------------------------------------------------------------------------
------------------------------------------------------------------------------------------------------
GET /bridge/329/sp58l9in/websocket 0ms (unfinished)
GET /bridge/info 0ms 200
------------------------------------------------------------------------------------------------------
GET /bridge/info 0ms 200
------------------------------------------------------------------------------------------------------
GET /bridge/465/y_1x98r5/websocket 0ms (unfinished)
------------------------------------------------------------------------------------------------------
GET /bridge/477/lycvhrj3/websocket 0ms (unfinished)
------------------------------------------------------------------------------------------------------
------------------------------------------------------------------------------------------------------
GET /bridge/info 0ms 200
GET /bridge/info 0ms 200
------------------------------------------------------------------------------------------------------
GET /bridge/134/15v4elej/websocket 0ms (unfinished)
------------------------------------------------------------------------------------------------------
------------------------------------------------------------------------------------------------------
GET /bridge/405/zko172gp/websocket 0ms (unfinished)
GET /bridge/info 1ms 200
------------------------------------------------------------------------------------------------------
GET /bridge/info 0ms 200
------------------------------------------------------------------------------------------------------
GET /bridge/701/op5aijj2/websocket 0ms (unfinished)
------------------------------------------------------------------------------------------------------
GET /bridge/636/b3onu9x7/websocket 0ms (unfinished)
------------------------------------------------------------------------------------------------------
GET /bridge/info 0ms 200
------------------------------------------------------------------------------------------------------
------------------------------------------------------------------------------------------------------
GET /bridge/info 0ms 200
GET /bridge/101/nt6pqkzr/websocket 0ms (unfinished)
------------------------------------------------------------------------------------------------------
GET /bridge/124/s0rdqn6w/websocket 0ms (unfinished)
------------------------------------------------------------------------------------------------------
GET /bridge/info 0ms 200
------------------------------------------------------------------------------------------------------
GET /bridge/info 1ms 200
------------------------------------------------------------------------------------------------------
GET /bridge/634/p4d2seoy/websocket 0ms (unfinished)
------------------------------------------------------------------------------------------------------
GET /bridge/731/a87u7log/websocket 0ms (unfinished)
------------------------------------------------------------------------------------------------------
GET /bridge/info 1ms 200
------------------------------------------------------------------------------------------------------
GET /bridge/info 1ms 200
------------------------------------------------------------------------------------------------------
------------------------------------------------------------------------------------------------------
GET /bridge/262/h2zol2eo/websocket 0ms (unfinished)
GET /bridge/986/sg6tfsy7/websocket 0ms (unfinished)
------------------------------------------------------------------------------------------------------
GET /bridge/info 0ms 200
------------------------------------------------------------------------------------------------------
------------------------------------------------------------------------------------------------------
GET /bridge/info 0ms 200
GET /bridge/616/1hsu9wl4/websocket 0ms (unfinished)
------------------------------------------------------------------------------------------------------
GET /bridge/322/nv4svt5e/websocket 0ms (unfinished)
------------------------------------------------------------------------------------------------------
GET /bridge/info 0ms 200
------------------------------------------------------------------------------------------------------
GET /bridge/info 0ms 200
------------------------------------------------------------------------------------------------------
------------------------------------------------------------------------------------------------------
GET /bridge/732/drltmetl/websocket 0ms (unfinished)
GET /bridge/987/suzkj69z/websocket 0ms (unfinished)
------------------------------------------------------------------------------------------------------
GET /bridge/info 0ms 200
------------------------------------------------------------------------------------------------------
GET /bridge/info 1ms 200
------------------------------------------------------------------------------------------------------
GET /bridge/344/75islx4j/websocket 0ms (unfinished)
------------------------------------------------------------------------------------------------------
GET /bridge/394/fyiqbsp5/websocket 0ms (unfinished)
------------------------------------------------------------------------------------------------------
GET /bridge/info 0ms 200
------------------------------------------------------------------------------------------------------
GET /bridge/info 0ms 200
------------------------------------------------------------------------------------------------------
------------------------------------------------------------------------------------------------------
GET /bridge/065/x08v5kn8/websocket 0ms (unfinished)
GET /bridge/016/xfhjr2ew/websocket 0ms (unfinished)
------------------------------------------------------------------------------------------------------
------------------------------------------------------------------------------------------------------
GET /bridge/info 1ms 200
GET /bridge/info 1ms 200
------------------------------------------------------------------------------------------------------
------------------------------------------------------------------------------------------------------
GET /bridge/654/7dokiztk/websocket 2ms (unfinished)
GET /bridge/668/66xqi859/websocket 0ms (unfinished)
------------------------------------------------------------------------------------------------------
GET /bridge/info 0ms 200
------------------------------------------------------------------------------------------------------
GET /bridge/info 1ms 200
------------------------------------------------------------------------------------------------------
GET /bridge/385/phoiwkik/websocket 0ms (unfinished)
------------------------------------------------------------------------------------------------------
GET /bridge/956/e4gtzg4c/websocket 1ms (unfinished)
------------------------------------------------------------------------------------------------------
------------------------------------------------------------------------------------------------------
GET /bridge/info 0ms 200
GET /bridge/info 0ms 200
------------------------------------------------------------------------------------------------------
------------------------------------------------------------------------------------------------------
GET /bridge/218/x8veqw0e/websocket 0ms (unfinished)
GET /bridge/365/dt16l2yd/websocket 1ms (unfinished)
------------------------------------------------------------------------------------------------------
GET /bridge/info 1ms 200
------------------------------------------------------------------------------------------------------
GET /bridge/info 0ms 200
------------------------------------------------------------------------------------------------------
GET /bridge/044/_bfnbuja/websocket 0ms (unfinished)
------------------------------------------------------------------------------------------------------
GET /bridge/716/8wvk2nds/websocket 1ms (unfinished)
------------------------------------------------------------------------------------------------------
POST /bridge/044/rzt1ccyj/xhr_streaming 2ms (unfinished)
------------------------------------------------------------------------------------------------------
POST /bridge/044/rzt1ccyj/xhr_send 4ms 204
------------------------------------------------------------------------------------------------------
POST /bridge/716/s5m1mdck/xhr_streaming 1ms (unfinished)
------------------------------------------------------------------------------------------------------
------------------------------------------------------------------------------------------------------
POST /bridge/716/s5m1mdck/xhr_send 1ms 204
GET /bridge/info 1ms 200
------------------------------------------------------------------------------------------------------
GET /bridge/info 0ms 200
------------------------------------------------------------------------------------------------------
GET /bridge/467/gqwpsoi2/websocket 3ms (unfinished)
------------------------------------------------------------------------------------------------------
GET /bridge/972/t8ka7tjs/websocket 0ms (unfinished)
------------------------------------------------------------------------------------------------------
GET /bridge/info 1ms 200
------------------------------------------------------------------------------------------------------
------------------------------------------------------------------------------------------------------
GET /bridge/info 1ms 200
GET /bridge/786/3c2tk5c6/websocket 3ms (unfinished)
------------------------------------------------------------------------------------------------------
GET /bridge/181/ee23esog/websocket 1ms (unfinished)
------------------------------------------------------------------------------------------------------
------------------------------------------------------------------------------------------------------
GET /bridge/info 1ms 200
GET /bridge/info 0ms 200
------------------------------------------------------------------------------------------------------
GET /bridge/480/v8fuvykm/websocket 1ms (unfinished)
------------------------------------------------------------------------------------------------------
GET /bridge/795/41ow1mwp/websocket 1ms (unfinished)
------------------------------------------------------------------------------------------------------
------------------------------------------------------------------------------------------------------
GET /bridge/info 1ms 200
GET /bridge/info 0ms 200
------------------------------------------------------------------------------------------------------
GET /bridge/970/dxj3crrh/websocket 2ms (unfinished)
------------------------------------------------------------------------------------------------------
GET /bridge/344/_a9enkhc/websocket 0ms (unfinished)
------------------------------------------------------------------------------------------------------
GET /bridge/info 0ms 200
------------------------------------------------------------------------------------------------------
GET /bridge/info 0ms 200
------------------------------------------------------------------------------------------------------
GET /bridge/616/ie_x2iep/websocket 1ms (unfinished)
------------------------------------------------------------------------------------------------------
------------------------------------------------------------------------------------------------------
GET /bridge/981/xzf5kur9/websocket 1ms (unfinished)
GET /bridge/info 1ms 200
------------------------------------------------------------------------------------------------------
GET /bridge/info 1ms 200
------------------------------------------------------------------------------------------------------
------------------------------------------------------------------------------------------------------
GET /bridge/978/4ikqb66m/websocket 2ms (unfinished)
------------------------------------------------------------------------------------------------------
GET /bridge/007/d7pc1f7d/websocket 0ms (unfinished)
POST /bridge/978/o172f_73/xhr_streaming 1ms (unfinished)
------------------------------------------------------------------------------------------------------
POST /bridge/978/o172f_73/xhr_send 4ms 204
------------------------------------------------------------------------------------------------------
POST /bridge/007/5x_ppd45/xhr_streaming 1ms (unfinished)
------------------------------------------------------------------------------------------------------
POST /bridge/007/5x_ppd45/xhr_send 1ms 204
------------------------------------------------------------------------------------------------------
GET /bridge/info 1ms 200
------------------------------------------------------------------------------------------------------
------------------------------------------------------------------------------------------------------
GET /bridge/info 0ms 200
GET /bridge/info 0ms 200
------------------------------------------------------------------------------------------------------
GET /bridge/524/niviuj_t/websocket 1ms (unfinished)
------------------------------------------------------------------------------------------------------
GET /bridge/988/5vwda7se/websocket 0ms (unfinished)
------------------------------------------------------------------------------------------------------
GET /bridge/info 0ms 200
------------------------------------------------------------------------------------------------------
GET /bridge/info 2ms 200
------------------------------------------------------------------------------------------------------
GET /bridge/015/6dptsrj9/websocket 1ms (unfinished)
------------------------------------------------------------------------------------------------------
------------------------------------------------------------------------------------------------------
GET /bridge/276/l7xm3ls3/websocket 1ms (unfinished)
POST /bridge/015/2dqcqx5t/xhr_streaming 1ms (unfinished)
------------------------------------------------------------------------------------------------------
POST /bridge/276/aohzma31/xhr_streaming 0ms (unfinished)
------------------------------------------------------------------------------------------------------
------------------------------------------------------------------------------------------------------
POST /bridge/015/2dqcqx5t/xhr_send 1ms 204
POST /bridge/276/aohzma31/xhr_send 1ms 204
------------------------------------------------------------------------------------------------------
03,02,2022,09,00
------------------------------------------------------------------------------------------------------
03,02,2022,09,00
------------------------------------------------------------------------------------------------------
GET /bridge/info 2ms 200
------------------------------------------------------------------------------------------------------
GET /bridge/info 0ms 200
------------------------------------------------------------------------------------------------------
GET /bridge/217/ws44_h35/websocket 2ms (unfinished)
------------------------------------------------------------------------------------------------------
GET /bridge/064/7_yngxym/websocket 0ms (unfinished)
------------------------------------------------------------------------------------------------------
------------------------------------------------------------------------------------------------------
POST /bridge/217/y1bey4p1/xhr_streaming 1ms (unfinished)
POST /bridge/064/r2o0hn1v/xhr_streaming 0ms (unfinished)
------------------------------------------------------------------------------------------------------
POST /bridge/217/y1bey4p1/xhr_send 3ms 204
------------------------------------------------------------------------------------------------------
POST /bridge/064/r2o0hn1v/xhr_send 0ms 204
------------------------------------------------------------------------------------------------------
GET /bridge/info 0ms 200
------------------------------------------------------------------------------------------------------
GET /bridge/info 1ms 200
------------------------------------------------------------------------------------------------------
GET /bridge/917/uhu9mko1/websocket 1ms (unfinished)
------------------------------------------------------------------------------------------------------
GET /bridge/021/3n6bk_uu/websocket 1ms (unfinished)
------------------------------------------------------------------------------------------------------
POST /bridge/917/k5xfaigt/xhr_streaming 0ms (unfinished)
------------------------------------------------------------------------------------------------------
POST /bridge/917/k5xfaigt/xhr_send 1ms 204
------------------------------------------------------------------------------------------------------
POST /bridge/021/dq7gx6aa/xhr_streaming 0ms (unfinished)
------------------------------------------------------------------------------------------------------
------------------------------------------------------------------------------------------------------
POST /bridge/021/dq7gx6aa/xhr_send 1ms 204
GET /bridge/info 0ms 200
------------------------------------------------------------------------------------------------------
GET /bridge/info 0ms 200
------------------------------------------------------------------------------------------------------
GET /bridge/123/fa4e4we2/websocket 1ms (unfinished)
------------------------------------------------------------------------------------------------------
GET /bridge/503/j7cio760/websocket 0ms (unfinished)
------------------------------------------------------------------------------------------------------
POST /bridge/123/8lwmbo_2/xhr_streaming 1ms (unfinished)
------------------------------------------------------------------------------------------------------
------------------------------------------------------------------------------------------------------
POST /bridge/123/8lwmbo_2/xhr_send 1ms 204
------------------------------------------------------------------------------------------------------
POST /bridge/503/cl5m3u9y/xhr_streaming 0ms (unfinished)
POST /bridge/503/cl5m3u9y/xhr_send 1ms 204
------------------------------------------------------------------------------------------------------
GET /bridge/info 0ms 200
------------------------------------------------------------------------------------------------------
GET /bridge/info 0ms 200
------------------------------------------------------------------------------------------------------
GET /bridge/409/e6hq2dfk/websocket 0ms (unfinished)
------------------------------------------------------------------------------------------------------
GET /bridge/746/sl3g2avc/websocket 0ms (unfinished)
------------------------------------------------------------------------------------------------------
POST /bridge/409/fbmc5b51/xhr_streaming 0ms (unfinished)
------------------------------------------------------------------------------------------------------
POST /bridge/746/26ipb2b4/xhr_streaming 0ms (unfinished)
------------------------------------------------------------------------------------------------------
POST /bridge/409/fbmc5b51/xhr_send 0ms 204
------------------------------------------------------------------------------------------------------
POST /bridge/746/26ipb2b4/xhr_send 1ms 204
------------------------------------------------------------------------------------------------------
GET /bridge/info 1ms 200
------------------------------------------------------------------------------------------------------
GET /bridge/info 1ms 200
------------------------------------------------------------------------------------------------------
GET /bridge/945/mvgahtlk/websocket 2ms (unfinished)
------------------------------------------------------------------------------------------------------
GET /bridge/130/cz3aedq2/websocket 0ms (unfinished)
------------------------------------------------------------------------------------------------------
POST /bridge/945/25154i1k/xhr_streaming 1ms (unfinished)
------------------------------------------------------------------------------------------------------
POST /bridge/130/gv7poju7/xhr_streaming 1ms (unfinished)
------------------------------------------------------------------------------------------------------
POST /bridge/130/gv7poju7/xhr_send 3ms 204
------------------------------------------------------------------------------------------------------
POST /bridge/945/25154i1k/xhr_send 1ms 204
------------------------------------------------------------------------------------------------------
GET /bridge/info 0ms 200
------------------------------------------------------------------------------------------------------
------------------------------------------------------------------------------------------------------
GET /bridge/info 1ms 200
------------------------------------------------------------------------------------------------------
GET /bridge/326/zbu1s8bf/websocket 1ms (unfinished)
------------------------------------------------------------------------------------------------------
GET /bridge/124/g5sm3rhv/websocket 0ms (unfinished)
------------------------------------------------------------------------------------------------------
GET /bridge/info 1ms 200
------------------------------------------------------------------------------------------------------
GET /bridge/info 0ms 200
GET /bridge/604/lr4g3ji2/websocket 0ms (unfinished)
------------------------------------------------------------------------------------------------------
GET /bridge/187/on932_ik/websocket 0ms (unfinished)
------------------------------------------------------------------------------------------------------
------------------------------------------------------------------------------------------------------
GET /bridge/info 0ms 200
------------------------------------------------------------------------------------------------------
GET /bridge/info 1ms 200
POST /bridge/371/w78y1dqc/xhr_streaming 0ms (unfinished)
------------------------------------------------------------------------------------------------------
POST /bridge/270/1i731g4g/xhr_streaming 0ms (unfinished)
------------------------------------------------------------------------------------------------------
POST /bridge/371/w78y1dqc/xhr_send 1ms 204
------------------------------------------------------------------------------------------------------
POST /bridge/270/1i731g4g/xhr_send 1ms 204
------------------------------------------------------------------------------------------------------
GET /bridge/info 1ms 200
------------------------------------------------------------------------------------------------------
GET /bridge/info 0ms 200
------------------------------------------------------------------------------------------------------
GET /bridge/701/yq829pn_/websocket 0ms (unfinished)
------------------------------------------------------------------------------------------------------
GET /bridge/932/q195xp_w/websocket 0ms (unfinished)
------------------------------------------------------------------------------------------------------
GET /bridge/info 0ms 200
------------------------------------------------------------------------------------------------------
------------------------------------------------------------------------------------------------------
GET /bridge/info 0ms 200
GET /bridge/234/eble0i9g/websocket 0ms (unfinished)
------------------------------------------------------------------------------------------------------
GET /bridge/645/0wpwa4ew/websocket 1ms (unfinished)
------------------------------------------------------------------------------------------------------
GET /bridge/info 0ms 200
------------------------------------------------------------------------------------------------------
GET /bridge/info 0ms 200
------------------------------------------------------------------------------------------------------
GET /bridge/613/99id_zo3/websocket 0ms (unfinished)
------------------------------------------------------------------------------------------------------
GET /bridge/274/plxbzj06/websocket 1ms (unfinished)
------------------------------------------------------------------------------------------------------
GET /bridge/info 0ms 200
------------------------------------------------------------------------------------------------------
GET /bridge/info 0ms 200
------------------------------------------------------------------------------------------------------
GET /bridge/621/aa6qz59m/websocket 0ms (unfinished)
------------------------------------------------------------------------------------------------------
GET /bridge/084/20br95d2/websocket 0ms (unfinished)
------------------------------------------------------------------------------------------------------
------------------------------------------------------------------------------------------------------
GET /bridge/info 0ms 200
------------------------------------------------------------------------------------------------------
GET /bridge/info 0ms 200
------------------------------------------------------------------------------------------------------
GET /bridge/092/5ibq90qr/websocket 0ms (unfinished)
GET /bridge/832/v35879ig/websocket 0ms (unfinished)
------------------------------------------------------------------------------------------------------
GET /bridge/info 0ms 200
------------------------------------------------------------------------------------------------------
------------------------------------------------------------------------------------------------------
GET /bridge/info 1ms 200
------------------------------------------------------------------------------------------------------
GET /bridge/874/w8y5ff88/websocket 0ms (unfinished)
GET /bridge/308/q6fdshbq/websocket 1ms (unfinished)
------------------------------------------------------------------------------------------------------
GET /bridge/info 0ms 200
------------------------------------------------------------------------------------------------------
GET /bridge/info 1ms 200
------------------------------------------------------------------------------------------------------
GET /bridge/380/wnbgewp8/websocket 0ms (unfinished)
------------------------------------------------------------------------------------------------------
------------------------------------------------------------------------------------------------------
GET /bridge/626/pelgkyxw/websocket 1ms (unfinished)
GET /bridge/info 0ms 200
------------------------------------------------------------------------------------------------------
GET /bridge/info 0ms 200
------------------------------------------------------------------------------------------------------
------------------------------------------------------------------------------------------------------
GET /bridge/920/nu5p_dfa/websocket 0ms (unfinished)
GET /bridge/768/uf0i6enl/websocket 0ms (unfinished)
------------------------------------------------------------------------------------------------------
03,02,2022,09,00
------------------------------------------------------------------------------------------------------
------------------------------------------------------------------------------------------------------
03,02,2022,09,00
GET /bridge/info 1ms 200
------------------------------------------------------------------------------------------------------
GET /bridge/info 0ms 200
------------------------------------------------------------------------------------------------------
GET /bridge/105/d3yg0u9i/websocket 1ms (unfinished)
------------------------------------------------------------------------------------------------------
GET /bridge/701/2w4mai76/websocket 0ms (unfinished)
------------------------------------------------------------------------------------------------------
POST /bridge/105/35st35uu/xhr_streaming 1ms (unfinished)
------------------------------------------------------------------------------------------------------
POST /bridge/105/35st35uu/xhr_send 4ms 204
------------------------------------------------------------------------------------------------------
POST /bridge/701/ry9k1cdj/xhr_streaming 0ms (unfinished)
------------------------------------------------------------------------------------------------------
POST /bridge/701/ry9k1cdj/xhr_send 1ms 204
------------------------------------------------------------------------------------------------------
GET /bridge/info 1ms 200
------------------------------------------------------------------------------------------------------
GET /bridge/info 0ms 200
------------------------------------------------------------------------------------------------------
------------------------------------------------------------------------------------------------------
GET /bridge/355/3jjz8zpa/websocket 4ms (unfinished)
GET /bridge/864/vbm8mr5q/websocket 1ms (unfinished)
------------------------------------------------------------------------------------------------------
POST /bridge/355/mmjk0_b_/xhr_streaming 1ms (unfinished)
------------------------------------------------------------------------------------------------------
------------------------------------------------------------------------------------------------------
POST /bridge/355/mmjk0_b_/xhr_send 7ms 204
POST /bridge/864/78vj_mvj/xhr_streaming 1ms (unfinished)
------------------------------------------------------------------------------------------------------
POST /bridge/864/78vj_mvj/xhr_send 1ms 204
------------------------------------------------------------------------------------------------------
GET /bridge/info 1ms 200
------------------------------------------------------------------------------------------------------
------------------------------------------------------------------------------------------------------
GET /bridge/info 0ms 200
GET /bridge/809/__acixzy/websocket 3ms (unfinished)
------------------------------------------------------------------------------------------------------
GET /bridge/626/1cskm4ek/websocket 0ms (unfinished)
------------------------------------------------------------------------------------------------------
GET /bridge/info 1ms 200
------------------------------------------------------------------------------------------------------
GET /bridge/info 0ms 200
------------------------------------------------------------------------------------------------------
------------------------------------------------------------------------------------------------------
GET /bridge/858/d6op8ze3/websocket 0ms (unfinished)
GET /bridge/982/z9z3jekb/websocket 0ms (unfinished)
------------------------------------------------------------------------------------------------------
GET /bridge/info 1ms 200
------------------------------------------------------------------------------------------------------
GET /bridge/info 0ms 200
------------------------------------------------------------------------------------------------------
GET /bridge/367/weio6mpy/websocket 0ms (unfinished)
------------------------------------------------------------------------------------------------------
GET /bridge/866/bhs_3cs0/websocket 0ms (unfinished)
------------------------------------------------------------------------------------------------------
------------------------------------------------------------------------------------------------------
GET /bridge/info 1ms 200
------------------------------------------------------------------------------------------------------
GET /bridge/info 0ms 200
GET /bridge/440/8ctzizy4/websocket 0ms (unfinished)
------------------------------------------------------------------------------------------------------
------------------------------------------------------------------------------------------------------
GET /bridge/141/kkm26oq5/websocket 0ms (unfinished)
GET /bridge/info 0ms 200
------------------------------------------------------------------------------------------------------
GET /bridge/info 0ms 200
------------------------------------------------------------------------------------------------------
GET /bridge/936/lf0u5xqi/websocket 1ms (unfinished)
------------------------------------------------------------------------------------------------------
GET /bridge/099/e2rm4l7i/websocket 0ms (unfinished)
------------------------------------------------------------------------------------------------------
GET /bridge/info 0ms 200
------------------------------------------------------------------------------------------------------
GET /bridge/info 0ms 200
------------------------------------------------------------------------------------------------------
GET /bridge/390/ykh1eoaq/websocket 0ms (unfinished)
------------------------------------------------------------------------------------------------------
GET /bridge/229/uv5dbo76/websocket 0ms (unfinished)
------------------------------------------------------------------------------------------------------
GET /bridge/info 1ms 200
------------------------------------------------------------------------------------------------------
GET /bridge/info 0ms 200
------------------------------------------------------------------------------------------------------
GET /bridge/650/vi2a7rk3/websocket 1ms (unfinished)
------------------------------------------------------------------------------------------------------
GET /bridge/503/g1jptxo4/websocket 1ms (unfinished)
------------------------------------------------------------------------------------------------------
GET /bridge/info 1ms 200
------------------------------------------------------------------------------------------------------
GET /bridge/info 0ms 200
------------------------------------------------------------------------------------------------------
GET /bridge/159/tzzl8szo/websocket 0ms (unfinished)
------------------------------------------------------------------------------------------------------
------------------------------------------------------------------------------------------------------
GET /bridge/015/fig0jmaa/websocket 0ms (unfinished)
------------------------------------------------------------------------------------------------------
GET /bridge/info 1ms 200
GET /bridge/info 0ms 200
------------------------------------------------------------------------------------------------------
------------------------------------------------------------------------------------------------------
GET /bridge/726/u6v6opk8/websocket 5ms (unfinished)
GET /bridge/609/1y30l0xa/websocket 0ms (unfinished)
------------------------------------------------------------------------------------------------------
POST /bridge/312/8wmg9s_k/xhr_send 3ms 204
------------------------------------------------------------------------------------------------------
GET /bridge/info 1ms 200
------------------------------------------------------------------------------------------------------
GET /bridge/info 1ms 200
------------------------------------------------------------------------------------------------------
GET /bridge/345/1pcr7yny/websocket 0ms (unfinished)
------------------------------------------------------------------------------------------------------
------------------------------------------------------------------------------------------------------
GET /bridge/685/1oh1x72c/websocket 0ms (unfinished)
POST /bridge/345/9tax1twh/xhr_streaming 1ms (unfinished)
------------------------------------------------------------------------------------------------------
POST /bridge/345/9tax1twh/xhr_send 1ms 204
------------------------------------------------------------------------------------------------------
POST /bridge/685/w272ft5k/xhr_streaming 0ms (unfinished)
------------------------------------------------------------------------------------------------------
POST /bridge/685/w272ft5k/xhr_send 1ms 204
------------------------------------------------------------------------------------------------------
GET /bridge/info 0ms 200
------------------------------------------------------------------------------------------------------
GET /bridge/info 0ms 200
------------------------------------------------------------------------------------------------------
GET /bridge/857/t258o5xy/websocket 0ms (unfinished)
------------------------------------------------------------------------------------------------------
GET /bridge/912/byomtihl/websocket 0ms (unfinished)
------------------------------------------------------------------------------------------------------
------------------------------------------------------------------------------------------------------
POST /bridge/857/tx062vx_/xhr_streaming 0ms (unfinished)
POST /bridge/857/tx062vx_/xhr_send 1ms 204
------------------------------------------------------------------------------------------------------
------------------------------------------------------------------------------------------------------
POST /bridge/912/4dvn33b3/xhr_streaming 0ms (unfinished)
POST /bridge/912/4dvn33b3/xhr_send 1ms 204
------------------------------------------------------------------------------------------------------
GET /bridge/info 0ms 200
------------------------------------------------------------------------------------------------------
GET /bridge/info 1ms 200
------------------------------------------------------------------------------------------------------
------------------------------------------------------------------------------------------------------
GET /bridge/036/jpi6o2ix/websocket 0ms (unfinished)
------------------------------------------------------------------------------------------------------
GET /bridge/925/jifgjc0h/websocket 0ms (unfinished)
------------------------------------------------------------------------------------------------------
POST /bridge/036/2sh08pf_/xhr_streaming 0ms (unfinished)
------------------------------------------------------------------------------------------------------
POST /bridge/036/2sh08pf_/xhr_send 1ms 204
POST /bridge/925/v_mo2woe/xhr_streaming 0ms (unfinished)
------------------------------------------------------------------------------------------------------
POST /bridge/925/v_mo2woe/xhr_send 1ms 204
------------------------------------------------------------------------------------------------------
GET /bridge/info 0ms 200
------------------------------------------------------------------------------------------------------
GET /bridge/694/popob2ap/websocket 2ms (unfinished)
------------------------------------------------------------------------------------------------------
GET /bridge/info 1ms 200
------------------------------------------------------------------------------------------------------
GET /bridge/914/1kh0ik3u/websocket 0ms (unfinished)
------------------------------------------------------------------------------------------------------
POST /bridge/694/_d3izf5r/xhr_streaming 1ms (unfinished)
------------------------------------------------------------------------------------------------------
POST /bridge/694/_d3izf5r/xhr_send 3ms 204
------------------------------------------------------------------------------------------------------
POST /bridge/914/uwdngxdn/xhr_streaming 0ms (unfinished)
------------------------------------------------------------------------------------------------------
POST /bridge/770/go5hhqo1/xhr_send 2ms 204
------------------------------------------------------------------------------------------------------
GET /bridge/info 0ms 200
------------------------------------------------------------------------------------------------------
GET /bridge/info 1ms 200
------------------------------------------------------------------------------------------------------
GET /bridge/005/0ojjn1zo/websocket 1ms (unfinished)
------------------------------------------------------------------------------------------------------
GET /bridge/715/uglhlowu/websocket 0ms (unfinished)
------------------------------------------------------------------------------------------------------
POST /bridge/005/j1drsm55/xhr_streaming 0ms (unfinished)
------------------------------------------------------------------------------------------------------
POST /bridge/005/j1drsm55/xhr_send 1ms 204
------------------------------------------------------------------------------------------------------
POST /bridge/715/wniw6bmn/xhr_streaming 1ms (unfinished)
------------------------------------------------------------------------------------------------------
------------------------------------------------------------------------------------------------------
POST /bridge/715/wniw6bmn/xhr_send 1ms 204
GET /bridge/info 1ms 200
------------------------------------------------------------------------------------------------------
GET /bridge/info 0ms 200
------------------------------------------------------------------------------------------------------
GET /bridge/774/w3tri49p/websocket 0ms (unfinished)
------------------------------------------------------------------------------------------------------
------------------------------------------------------------------------------------------------------
GET /bridge/016/ud7cyvuv/websocket 0ms (unfinished)
------------------------------------------------------------------------------------------------------
POST /bridge/774/d94z1j52/xhr_streaming 1ms (unfinished)
POST /bridge/774/d94z1j52/xhr_send 1ms 204
------------------------------------------------------------------------------------------------------
POST /bridge/016/sg7znhf9/xhr_streaming 1ms (unfinished)
------------------------------------------------------------------------------------------------------
POST /bridge/016/sg7znhf9/xhr_send 1ms 204
------------------------------------------------------------------------------------------------------
GET /bridge/info 1ms 200
------------------------------------------------------------------------------------------------------
GET /bridge/info 1ms 200
------------------------------------------------------------------------------------------------------
------------------------------------------------------------------------------------------------------
GET /bridge/234/fuw5kk4_/websocket 1ms (unfinished)
GET /bridge/474/dqxa5wvl/websocket 1ms (unfinished)
------------------------------------------------------------------------------------------------------
GET /bridge/info 1ms 200
------------------------------------------------------------------------------------------------------
GET /bridge/info 0ms 200
------------------------------------------------------------------------------------------------------
------------------------------------------------------------------------------------------------------
GET /bridge/624/fgfit1c2/websocket 4ms (unfinished)
GET /bridge/860/j8d5n_gj/websocket 1ms (unfinished)
------------------------------------------------------------------------------------------------------
POST /bridge/624/2z35o31_/xhr_streaming 1ms (unfinished)
------------------------------------------------------------------------------------------------------
POST /bridge/624/2z35o31_/xhr_send 5ms 204
------------------------------------------------------------------------------------------------------
------------------------------------------------------------------------------------------------------
POST /bridge/860/1gjcahm4/xhr_streaming 1ms (unfinished)
03,02,2022,09,00
------------------------------------------------------------------------------------------------------
03,02,2022,09,00
------------------------------------------------------------------------------------------------------
GET /bridge/info 0ms 200
------------------------------------------------------------------------------------------------------
------------------------------------------------------------------------------------------------------
GET /bridge/info 0ms 200
------------------------------------------------------------------------------------------------------
GET /bridge/705/93slvn7z/websocket 0ms (unfinished)
GET /bridge/061/6m76428u/websocket 0ms (unfinished)
------------------------------------------------------------------------------------------------------
------------------------------------------------------------------------------------------------------
GET /bridge/info 0ms 200
GET /bridge/info 0ms 200
------------------------------------------------------------------------------------------------------
GET /bridge/639/8n9_jhd2/websocket 0ms (unfinished)
------------------------------------------------------------------------------------------------------
GET /bridge/273/qvj5g0rh/websocket 1ms (unfinished)
------------------------------------------------------------------------------------------------------
GET /bridge/info 1ms 200
------------------------------------------------------------------------------------------------------
GET /bridge/info 0ms 200
------------------------------------------------------------------------------------------------------
GET /bridge/395/kiuitm8o/websocket 3ms (unfinished)
------------------------------------------------------------------------------------------------------
GET /bridge/959/8ntaymb0/websocket 0ms (unfinished)
------------------------------------------------------------------------------------------------------
------------------------------------------------------------------------------------------------------
GET /bridge/info 0ms 200
GET /bridge/info 0ms 200
------------------------------------------------------------------------------------------------------
GET /bridge/916/0j8h2r5k/websocket 0ms (unfinished)
------------------------------------------------------------------------------------------------------
GET /bridge/223/u830ll39/websocket 0ms (unfinished)
------------------------------------------------------------------------------------------------------
GET /bridge/info 1ms 200
------------------------------------------------------------------------------------------------------
GET /bridge/info 0ms 200
------------------------------------------------------------------------------------------------------
GET /bridge/339/e7ovx5ue/websocket 0ms (unfinished)
------------------------------------------------------------------------------------------------------
GET /bridge/705/vjv3qoj9/websocket 0ms (unfinished)
------------------------------------------------------------------------------------------------------
GET /bridge/info 2ms 200
------------------------------------------------------------------------------------------------------
------------------------------------------------------------------------------------------------------
GET /bridge/info 1ms 200
GET /bridge/739/fb8_lmpj/websocket 2ms (unfinished)
------------------------------------------------------------------------------------------------------
GET /bridge/266/i8w7io71/websocket 0ms (unfinished)
------------------------------------------------------------------------------------------------------
GET /bridge/info 0ms 200
------------------------------------------------------------------------------------------------------
GET /bridge/info 0ms 200
------------------------------------------------------------------------------------------------------
GET /bridge/049/o7rb79gf/websocket 0ms (unfinished)
------------------------------------------------------------------------------------------------------
GET /bridge/745/zxetbvwo/websocket 0ms (unfinished)
------------------------------------------------------------------------------------------------------
------------------------------------------------------------------------------------------------------
GET /bridge/info 0ms 200
GET /bridge/info 1ms 200
------------------------------------------------------------------------------------------------------
GET /bridge/241/ohoiw2dq/websocket 0ms (unfinished)
------------------------------------------------------------------------------------------------------
GET /bridge/522/6bs0nod_/websocket 0ms (unfinished)
------------------------------------------------------------------------------------------------------
------------------------------------------------------------------------------------------------------
GET /bridge/info 0ms 200
------------------------------------------------------------------------------------------------------
GET /bridge/info 0ms 200
GET /bridge/226/84d7cina/websocket 0ms (unfinished)
------------------------------------------------------------------------------------------------------
GET /bridge/913/6902bbzt/websocket 0ms (unfinished)
------------------------------------------------------------------------------------------------------
------------------------------------------------------------------------------------------------------
GET /bridge/info 0ms 200
------------------------------------------------------------------------------------------------------
GET /bridge/info 1ms 200
GET /bridge/881/sipdkh7p/websocket 1ms (unfinished)
------------------------------------------------------------------------------------------------------
GET /bridge/754/ttpz6fnp/websocket 0ms (unfinished)
------------------------------------------------------------------------------------------------------
GET /bridge/info 0ms 200
------------------------------------------------------------------------------------------------------
GET /bridge/info 0ms 200
------------------------------------------------------------------------------------------------------
GET /bridge/288/yj3d3op2/websocket 1ms (unfinished)
------------------------------------------------------------------------------------------------------
GET /bridge/425/_fdbvs9r/websocket 0ms (unfinished)
------------------------------------------------------------------------------------------------------
------------------------------------------------------------------------------------------------------
GET /bridge/info 0ms 200
GET /bridge/info 0ms 200
------------------------------------------------------------------------------------------------------
GET /bridge/919/v1tus7qs/websocket 0ms (unfinished)
------------------------------------------------------------------------------------------------------
------------------------------------------------------------------------------------------------------
GET /bridge/633/kp4pcgav/websocket 0ms (unfinished)
POST /bridge/914/uwdngxdn/xhr_send 3ms 204
------------------------------------------------------------------------------------------------------
