------------------------------------------------------------------------------------------------------
GET /bridge/info 0ms 200
------------------------------------------------------------------------------------------------------
GET /bridge/600/7ywj3nqw/websocket 0ms (unfinished)
GET /bridge/info 1ms 200
------------------------------------------------------------------------------------------------------
GET /bridge/733/vlu1s9tv/websocket 0ms (unfinished)
------------------------------------------------------------------------------------------------------
------------------------------------------------------------------------------------------------------
POST /bridge/600/hh0k48vm/xhr_streaming 1ms (unfinished)
------------------------------------------------------------------------------------------------------
POST /bridge/600/hh0k48vm/xhr_send 1ms 204
POST /bridge/733/pauxpuax/xhr_streaming 0ms (unfinished)
------------------------------------------------------------------------------------------------------
POST /bridge/733/pauxpuax/xhr_send 1ms 204
------------------------------------------------------------------------------------------------------
------------------------------------------------------------------------------------------------------
GET /bridge/info 0ms 200
GET /bridge/info 1ms 200
------------------------------------------------------------------------------------------------------
GET /bridge/119/nxv9kv3o/websocket 0ms (unfinished)
------------------------------------------------------------------------------------------------------
GET /bridge/088/5djsz11i/websocket 0ms (unfinished)
------------------------------------------------------------------------------------------------------
POST /bridge/119/puebxx63/xhr_streaming 0ms (unfinished)
------------------------------------------------------------------------------------------------------
POST /bridge/119/puebxx63/xhr_send 1ms 204
------------------------------------------------------------------------------------------------------
POST /bridge/088/subhd_yl/xhr_streaming 0ms (unfinished)
------------------------------------------------------------------------------------------------------
POST /bridge/088/subhd_yl/xhr_send 1ms 204
------------------------------------------------------------------------------------------------------
GET /bridge/info 1ms 200
------------------------------------------------------------------------------------------------------
GET /bridge/info 0ms 200
------------------------------------------------------------------------------------------------------
GET /bridge/533/gynpd62w/websocket 0ms (unfinished)
------------------------------------------------------------------------------------------------------
GET /bridge/820/tiidif6f/websocket 0ms (unfinished)
------------------------------------------------------------------------------------------------------
POST /bridge/533/l4_anqrv/xhr_streaming 0ms (unfinished)
------------------------------------------------------------------------------------------------------
POST /bridge/820/0ylyh_tt/xhr_streaming 0ms (unfinished)
------------------------------------------------------------------------------------------------------
POST /bridge/533/l4_anqrv/xhr_send 1ms 204
------------------------------------------------------------------------------------------------------
POST /bridge/820/0ylyh_tt/xhr_send 1ms 204
------------------------------------------------------------------------------------------------------
GET /bridge/info 1ms 200
------------------------------------------------------------------------------------------------------
GET /bridge/info 0ms 200
------------------------------------------------------------------------------------------------------
GET /bridge/063/7p7_08gt/websocket 0ms (unfinished)
------------------------------------------------------------------------------------------------------
GET /bridge/675/hd0g42u3/websocket 0ms (unfinished)
------------------------------------------------------------------------------------------------------
POST /bridge/063/ulo8w8u2/xhr_streaming 0ms (unfinished)
------------------------------------------------------------------------------------------------------
------------------------------------------------------------------------------------------------------
POST /bridge/063/ulo8w8u2/xhr_send 1ms 204
POST /bridge/675/n1oe1xgf/xhr_streaming 0ms (unfinished)
------------------------------------------------------------------------------------------------------
POST /bridge/675/n1oe1xgf/xhr_send 1ms 204
------------------------------------------------------------------------------------------------------
GET /bridge/info 0ms 200
------------------------------------------------------------------------------------------------------
GET /bridge/info 0ms 200
------------------------------------------------------------------------------------------------------
GET /bridge/492/dgzfpetq/websocket 0ms (unfinished)
------------------------------------------------------------------------------------------------------
GET /bridge/756/i5p_fa5m/websocket 0ms (unfinished)
------------------------------------------------------------------------------------------------------
------------------------------------------------------------------------------------------------------
POST /bridge/492/7ng6ahco/xhr_streaming 1ms (unfinished)
POST /bridge/492/7ng6ahco/xhr_send 0ms 204
------------------------------------------------------------------------------------------------------
------------------------------------------------------------------------------------------------------
POST /bridge/756/394ixsrs/xhr_streaming 0ms (unfinished)
POST /bridge/756/394ixsrs/xhr_send 1ms 204
------------------------------------------------------------------------------------------------------
GET /bridge/info 1ms 200
------------------------------------------------------------------------------------------------------
GET /bridge/info 0ms 200
------------------------------------------------------------------------------------------------------
GET /bridge/102/mms2k81t/websocket 2ms (unfinished)
------------------------------------------------------------------------------------------------------
------------------------------------------------------------------------------------------------------
GET /bridge/935/pgmj2ucn/websocket 1ms (unfinished)
POST /bridge/102/kyujz36i/xhr_streaming 1ms (unfinished)
------------------------------------------------------------------------------------------------------
POST /bridge/102/kyujz36i/xhr_send 3ms 204
------------------------------------------------------------------------------------------------------
POST /bridge/935/tqa9d1w7/xhr_streaming 0ms (unfinished)
------------------------------------------------------------------------------------------------------
------------------------------------------------------------------------------------------------------
POST /bridge/935/tqa9d1w7/xhr_send 1ms 204
GET /bridge/info 1ms 200
------------------------------------------------------------------------------------------------------
GET /bridge/info 1ms 200
------------------------------------------------------------------------------------------------------
GET /bridge/151/onw5ughj/websocket 4ms (unfinished)
------------------------------------------------------------------------------------------------------
GET /bridge/650/cn6kd89o/websocket 0ms (unfinished)
------------------------------------------------------------------------------------------------------
POST /bridge/151/ua0qplfc/xhr_streaming 2ms (unfinished)
------------------------------------------------------------------------------------------------------
POST /bridge/151/ua0qplfc/xhr_send 4ms 204
------------------------------------------------------------------------------------------------------
POST /bridge/650/52pyfhaf/xhr_streaming 1ms (unfinished)
------------------------------------------------------------------------------------------------------
GET /bridge/info 1ms 200
------------------------------------------------------------------------------------------------------
GET /bridge/info 0ms 200
------------------------------------------------------------------------------------------------------
------------------------------------------------------------------------------------------------------
GET /bridge/327/oqc03zen/websocket 3ms (unfinished)
------------------------------------------------------------------------------------------------------
GET /bridge/702/v7iq48te/websocket 0ms (unfinished)
------------------------------------------------------------------------------------------------------
POST /bridge/327/3ery3862/xhr_streaming 0ms (unfinished)
------------------------------------------------------------------------------------------------------
POST /bridge/327/3ery3862/xhr_send 5ms 204
POST /bridge/702/pwnju8kt/xhr_streaming 0ms (unfinished)
------------------------------------------------------------------------------------------------------
POST /bridge/702/pwnju8kt/xhr_send 1ms 204
------------------------------------------------------------------------------------------------------
------------------------------------------------------------------------------------------------------
GET /bridge/info 4ms 200
GET /bridge/info 0ms 200
------------------------------------------------------------------------------------------------------
GET /bridge/353/alditrgf/websocket 2ms (unfinished)
------------------------------------------------------------------------------------------------------
GET /bridge/218/7fd1uj5c/websocket 0ms (unfinished)
------------------------------------------------------------------------------------------------------
POST /bridge/353/dsvt7q3z/xhr_streaming 1ms (unfinished)
------------------------------------------------------------------------------------------------------
------------------------------------------------------------------------------------------------------
POST /bridge/353/dsvt7q3z/xhr_send 5ms 204
POST /bridge/218/7xasfbci/xhr_streaming 1ms (unfinished)
------------------------------------------------------------------------------------------------------
POST /bridge/218/7xasfbci/xhr_send 1ms 204
------------------------------------------------------------------------------------------------------
------------------------------------------------------------------------------------------------------
GET /bridge/info 0ms 200
GET /bridge/info 0ms 200
------------------------------------------------------------------------------------------------------
GET /bridge/377/g7etozjs/websocket 0ms (unfinished)
------------------------------------------------------------------------------------------------------
GET /bridge/070/t4o5ohkl/websocket 0ms (unfinished)
------------------------------------------------------------------------------------------------------
POST /bridge/377/kgsv5992/xhr_streaming 1ms (unfinished)
------------------------------------------------------------------------------------------------------
------------------------------------------------------------------------------------------------------
POST /bridge/377/kgsv5992/xhr_send 2ms 204
POST /bridge/070/mr_g_gcv/xhr_streaming 1ms (unfinished)
------------------------------------------------------------------------------------------------------
GET /bridge/info 1ms 200
------------------------------------------------------------------------------------------------------
GET /bridge/info 0ms 200
------------------------------------------------------------------------------------------------------
GET /bridge/141/52p5oxvq/websocket 0ms (unfinished)
------------------------------------------------------------------------------------------------------
GET /bridge/033/8p7oa4k6/websocket 0ms (unfinished)
------------------------------------------------------------------------------------------------------
GET /bridge/info 0ms 200
------------------------------------------------------------------------------------------------------
------------------------------------------------------------------------------------------------------
GET /bridge/153/0j_0079_/websocket 1ms (unfinished)
GET /bridge/info 0ms 200
------------------------------------------------------------------------------------------------------
GET /bridge/459/zalx70q9/websocket 0ms (unfinished)
------------------------------------------------------------------------------------------------------
GET /bridge/info 1ms 200
------------------------------------------------------------------------------------------------------
GET /bridge/info 0ms 200
------------------------------------------------------------------------------------------------------
GET /bridge/449/ukyoy_m5/websocket 0ms (unfinished)
------------------------------------------------------------------------------------------------------
GET /bridge/600/v1g4c6wl/websocket 0ms (unfinished)
------------------------------------------------------------------------------------------------------
------------------------------------------------------------------------------------------------------
GET /bridge/info 0ms 200
GET /bridge/info 0ms 200
------------------------------------------------------------------------------------------------------
GET /bridge/322/lqhfejnd/websocket 0ms (unfinished)
------------------------------------------------------------------------------------------------------
------------------------------------------------------------------------------------------------------
GET /bridge/843/g2ymvl9_/websocket 0ms (unfinished)
GET /bridge/info 0ms 200
------------------------------------------------------------------------------------------------------
------------------------------------------------------------------------------------------------------
GET /bridge/info 1ms 200
GET /bridge/660/5_ake644/websocket 0ms (unfinished)
------------------------------------------------------------------------------------------------------
GET /bridge/789/8m27jxwc/websocket 0ms (unfinished)
------------------------------------------------------------------------------------------------------
GET /bridge/info 1ms 200
------------------------------------------------------------------------------------------------------
------------------------------------------------------------------------------------------------------
GET /bridge/info 0ms 200
GET /bridge/529/s_4kqy29/websocket 3ms (unfinished)
------------------------------------------------------------------------------------------------------
GET /bridge/026/ii5re9e3/websocket 1ms (unfinished)
------------------------------------------------------------------------------------------------------
GET /bridge/info 1ms 200
------------------------------------------------------------------------------------------------------
------------------------------------------------------------------------------------------------------
GET /bridge/info 0ms 200
GET /bridge/515/scw46g7m/websocket 3ms (unfinished)
------------------------------------------------------------------------------------------------------
GET /bridge/566/cn26gzx0/websocket 0ms (unfinished)
------------------------------------------------------------------------------------------------------
GET /bridge/info 2ms 200
------------------------------------------------------------------------------------------------------
GET /bridge/info 0ms 200
------------------------------------------------------------------------------------------------------
GET /bridge/786/s6si6e_h/websocket 2ms (unfinished)
------------------------------------------------------------------------------------------------------
GET /bridge/352/ti37ay9y/websocket 0ms (unfinished)
------------------------------------------------------------------------------------------------------
GET /bridge/info 1ms 200
------------------------------------------------------------------------------------------------------
GET /bridge/info 0ms 200
------------------------------------------------------------------------------------------------------
GET /bridge/372/_8ulpngx/websocket 3ms (unfinished)
------------------------------------------------------------------------------------------------------
GET /bridge/588/nylb1y09/websocket 0ms (unfinished)
------------------------------------------------------------------------------------------------------
GET /bridge/info 1ms 200
------------------------------------------------------------------------------------------------------
GET /bridge/info 0ms 200
------------------------------------------------------------------------------------------------------
GET /bridge/783/m8zpfk_z/websocket 0ms (unfinished)
------------------------------------------------------------------------------------------------------
GET /bridge/990/n60cc09p/websocket 0ms (unfinished)
------------------------------------------------------------------------------------------------------
POST /bridge/070/mr_g_gcv/xhr_send 2ms 404
------------------------------------------------------------------------------------------------------
------------------------------------------------------------------------------------------------------
GET /bridge/info 1ms 200
GET /bridge/info 0ms 200
------------------------------------------------------------------------------------------------------
GET /bridge/111/a4ut3ldv/websocket 3ms (unfinished)
------------------------------------------------------------------------------------------------------
GET /bridge/726/u13l2wma/websocket 0ms (unfinished)
------------------------------------------------------------------------------------------------------
------------------------------------------------------------------------------------------------------
POST /bridge/111/1c5kese9/xhr_streaming 1ms (unfinished)
POST /bridge/111/1c5kese9/xhr_send 4ms 204
------------------------------------------------------------------------------------------------------
POST /bridge/726/l0mnjm8e/xhr_streaming 1ms (unfinished)
------------------------------------------------------------------------------------------------------
GET /bridge/info 0ms 200
------------------------------------------------------------------------------------------------------
GET /bridge/info 0ms 200
------------------------------------------------------------------------------------------------------
GET /bridge/743/4y16jxrd/websocket 1ms (unfinished)
------------------------------------------------------------------------------------------------------
GET /bridge/535/93ozkefm/websocket 0ms (unfinished)
------------------------------------------------------------------------------------------------------
------------------------------------------------------------------------------------------------------
GET /bridge/info 0ms 200
GET /bridge/info 0ms 200
------------------------------------------------------------------------------------------------------
------------------------------------------------------------------------------------------------------
GET /bridge/979/4cubnwsa/websocket 1ms (unfinished)
GET /bridge/748/bitd78jv/websocket 0ms (unfinished)
------------------------------------------------------------------------------------------------------
------------------------------------------------------------------------------------------------------
GET /bridge/info 1ms 200
GET /bridge/info 0ms 200
------------------------------------------------------------------------------------------------------
------------------------------------------------------------------------------------------------------
GET /bridge/684/turwaokm/websocket 0ms (unfinished)
GET /bridge/434/wpktu0ka/websocket 0ms (unfinished)
------------------------------------------------------------------------------------------------------
POST /bridge/684/g91g92c4/xhr_streaming 1ms (unfinished)
------------------------------------------------------------------------------------------------------
POST /bridge/434/ckwh9ve4/xhr_streaming 1ms (unfinished)
------------------------------------------------------------------------------------------------------
POST /bridge/684/g91g92c4/xhr_send 2ms 204
------------------------------------------------------------------------------------------------------
POST /bridge/434/ckwh9ve4/xhr_send 1ms 204
------------------------------------------------------------------------------------------------------
GET /bridge/info 1ms 200
------------------------------------------------------------------------------------------------------
------------------------------------------------------------------------------------------------------
GET /bridge/info 0ms 200
GET /bridge/600/a12hxx_i/websocket 0ms (unfinished)
------------------------------------------------------------------------------------------------------
------------------------------------------------------------------------------------------------------
GET /bridge/845/6hin7fh4/websocket 1ms (unfinished)
------------------------------------------------------------------------------------------------------
GET /bridge/info 1ms 200
GET /bridge/info 0ms 200
------------------------------------------------------------------------------------------------------
GET /bridge/794/6xotjg1o/websocket 1ms (unfinished)
------------------------------------------------------------------------------------------------------
GET /bridge/464/579y2ska/websocket 0ms (unfinished)
------------------------------------------------------------------------------------------------------
POST /bridge/794/wh63t0y3/xhr_streaming 0ms (unfinished)
------------------------------------------------------------------------------------------------------
POST /bridge/794/wh63t0y3/xhr_send 1ms 204
------------------------------------------------------------------------------------------------------
POST /bridge/464/itg7_a0a/xhr_streaming 0ms (unfinished)
------------------------------------------------------------------------------------------------------
POST /bridge/464/itg7_a0a/xhr_send 1ms 204
------------------------------------------------------------------------------------------------------
------------------------------------------------------------------------------------------------------
GET /bridge/info 1ms 200
GET /bridge/info 0ms 200
------------------------------------------------------------------------------------------------------
GET /bridge/306/eqbskcpa/websocket 0ms (unfinished)
------------------------------------------------------------------------------------------------------
GET /bridge/879/b52k9wbr/websocket 0ms (unfinished)
------------------------------------------------------------------------------------------------------
GET /bridge/info 0ms 200
------------------------------------------------------------------------------------------------------
------------------------------------------------------------------------------------------------------
GET /bridge/info 1ms 200
GET /bridge/648/e9ysf5nj/websocket 1ms (unfinished)
------------------------------------------------------------------------------------------------------
------------------------------------------------------------------------------------------------------
GET /bridge/188/2ciyi1q4/websocket 1ms (unfinished)
POST /bridge/648/34liq7tr/xhr_streaming 1ms (unfinished)
------------------------------------------------------------------------------------------------------
POST /bridge/648/34liq7tr/xhr_send 1ms 204
------------------------------------------------------------------------------------------------------
POST /bridge/188/nf9w5k29/xhr_streaming 1ms (unfinished)
------------------------------------------------------------------------------------------------------
POST /bridge/188/nf9w5k29/xhr_send 1ms 204
------------------------------------------------------------------------------------------------------
GET /bridge/info 0ms 200
------------------------------------------------------------------------------------------------------
GET /bridge/info 0ms 200
------------------------------------------------------------------------------------------------------
GET /bridge/007/6u7q3pue/websocket 0ms (unfinished)
------------------------------------------------------------------------------------------------------
GET /bridge/451/mb5g2c86/websocket 0ms (unfinished)
------------------------------------------------------------------------------------------------------
GET /bridge/info 1ms 200
------------------------------------------------------------------------------------------------------
GET /bridge/info 0ms 200
------------------------------------------------------------------------------------------------------
------------------------------------------------------------------------------------------------------
GET /bridge/151/905oalj3/websocket 0ms (unfinished)
GET /bridge/817/_pp8p3a4/websocket 0ms (unfinished)
------------------------------------------------------------------------------------------------------
POST /bridge/151/os7j5_d0/xhr_streaming 0ms (unfinished)
------------------------------------------------------------------------------------------------------
POST /bridge/151/os7j5_d0/xhr_send 2ms 204
------------------------------------------------------------------------------------------------------
POST /bridge/817/2jdg5bux/xhr_streaming 1ms (unfinished)
------------------------------------------------------------------------------------------------------
POST /bridge/817/2jdg5bux/xhr_send 2ms 204
------------------------------------------------------------------------------------------------------
GET /bridge/info 0ms 200
------------------------------------------------------------------------------------------------------
GET /bridge/info 0ms 200
------------------------------------------------------------------------------------------------------
------------------------------------------------------------------------------------------------------
GET /bridge/589/1_f4qvw6/websocket 0ms (unfinished)
GET /bridge/276/qqfdaxr9/websocket 0ms (unfinished)
------------------------------------------------------------------------------------------------------
POST /bridge/589/1j9zr6m9/xhr_streaming 1ms (unfinished)
------------------------------------------------------------------------------------------------------
------------------------------------------------------------------------------------------------------
POST /bridge/589/1j9zr6m9/xhr_send 1ms 204
------------------------------------------------------------------------------------------------------
POST /bridge/276/aj3u_9bn/xhr_streaming 0ms (unfinished)
POST /bridge/276/aj3u_9bn/xhr_send 1ms 204
------------------------------------------------------------------------------------------------------
GET /bridge/info 1ms 200
------------------------------------------------------------------------------------------------------
------------------------------------------------------------------------------------------------------
GET /bridge/info 0ms 200
GET /bridge/164/kzpjamq0/websocket 0ms (unfinished)
------------------------------------------------------------------------------------------------------
GET /bridge/351/o50pjm2e/websocket 1ms (unfinished)
------------------------------------------------------------------------------------------------------
------------------------------------------------------------------------------------------------------
GET /bridge/info 2ms 200
GET /bridge/info 1ms 200
------------------------------------------------------------------------------------------------------
GET /bridge/442/ufz_rqg2/websocket 2ms (unfinished)
------------------------------------------------------------------------------------------------------
------------------------------------------------------------------------------------------------------
GET /bridge/371/c4q39mjz/websocket 0ms (unfinished)
------------------------------------------------------------------------------------------------------
POST /bridge/442/eqepoc0d/xhr_streaming 1ms (unfinished)
POST /bridge/442/eqepoc0d/xhr_send 5ms 204
------------------------------------------------------------------------------------------------------
POST /bridge/371/m5r9eqnw/xhr_streaming 0ms (unfinished)
------------------------------------------------------------------------------------------------------
GET /bridge/info 1ms 200
------------------------------------------------------------------------------------------------------
------------------------------------------------------------------------------------------------------
GET /bridge/info 1ms 200
GET /bridge/915/3rng0m6s/websocket 0ms (unfinished)
------------------------------------------------------------------------------------------------------
GET /bridge/098/yl63bl6z/websocket 1ms (unfinished)
------------------------------------------------------------------------------------------------------
GET /bridge/info 0ms 200
------------------------------------------------------------------------------------------------------
------------------------------------------------------------------------------------------------------
GET /bridge/info 1ms 200
GET /bridge/971/9tv7i2v5/websocket 1ms (unfinished)
------------------------------------------------------------------------------------------------------
------------------------------------------------------------------------------------------------------
GET /bridge/723/wb78saty/websocket 1ms (unfinished)
GET /bridge/info 0ms 200
------------------------------------------------------------------------------------------------------
GET /bridge/info 0ms 200
------------------------------------------------------------------------------------------------------
GET /bridge/701/wok053jx/websocket 0ms (unfinished)
------------------------------------------------------------------------------------------------------
------------------------------------------------------------------------------------------------------
GET /bridge/866/9hpvfpwe/websocket 0ms (unfinished)
GET /bridge/info 1ms 200
------------------------------------------------------------------------------------------------------
------------------------------------------------------------------------------------------------------
GET /bridge/info 1ms 200
GET /bridge/551/6tbutbbo/websocket 2ms (unfinished)
------------------------------------------------------------------------------------------------------
GET /bridge/173/ja7_kcv9/websocket 0ms (unfinished)
------------------------------------------------------------------------------------------------------
GET /bridge/info 1ms 200
------------------------------------------------------------------------------------------------------
GET /bridge/info 0ms 200
------------------------------------------------------------------------------------------------------
GET /bridge/730/qubuedif/websocket 1ms (unfinished)
------------------------------------------------------------------------------------------------------
GET /bridge/093/ystugn5r/websocket 0ms (unfinished)
------------------------------------------------------------------------------------------------------
GET /bridge/info 0ms 200
------------------------------------------------------------------------------------------------------
GET /bridge/info 0ms 200
------------------------------------------------------------------------------------------------------
GET /bridge/017/hpqvnc6g/websocket 0ms (unfinished)
------------------------------------------------------------------------------------------------------
------------------------------------------------------------------------------------------------------
GET /bridge/297/m5nhg3r9/websocket 1ms (unfinished)
------------------------------------------------------------------------------------------------------
GET /bridge/info 1ms 200
GET /bridge/info 0ms 200
------------------------------------------------------------------------------------------------------
GET /bridge/288/koki66x5/websocket 0ms (unfinished)
------------------------------------------------------------------------------------------------------
GET /bridge/943/11i_4qab/websocket 0ms (unfinished)
------------------------------------------------------------------------------------------------------
GET /bridge/info 0ms 200
------------------------------------------------------------------------------------------------------
------------------------------------------------------------------------------------------------------
GET /bridge/info 0ms 200
GET /bridge/332/ikck0_8j/websocket 0ms (unfinished)
------------------------------------------------------------------------------------------------------
GET /bridge/519/uoo438ec/websocket 0ms (unfinished)
------------------------------------------------------------------------------------------------------
GET /bridge/info 1ms 200
------------------------------------------------------------------------------------------------------
------------------------------------------------------------------------------------------------------
GET /bridge/info 0ms 200
GET /bridge/231/apxt4snq/websocket 0ms (unfinished)
------------------------------------------------------------------------------------------------------
------------------------------------------------------------------------------------------------------
GET /bridge/999/ursm3j6q/websocket 0ms (unfinished)
GET /bridge/info 1ms 200
------------------------------------------------------------------------------------------------------
GET /bridge/info 1ms 200
------------------------------------------------------------------------------------------------------
------------------------------------------------------------------------------------------------------
GET /bridge/566/siucg940/websocket 2ms (unfinished)
GET /bridge/504/whbxgjw6/websocket 0ms (unfinished)
------------------------------------------------------------------------------------------------------
GET /bridge/info 0ms 200
------------------------------------------------------------------------------------------------------
GET /bridge/info 0ms 200
------------------------------------------------------------------------------------------------------
GET /bridge/918/3_zh7nt_/websocket 0ms (unfinished)
------------------------------------------------------------------------------------------------------
GET /bridge/812/5hkotblz/websocket 0ms (unfinished)
------------------------------------------------------------------------------------------------------
------------------------------------------------------------------------------------------------------
GET /bridge/info 1ms 200
------------------------------------------------------------------------------------------------------
GET /bridge/info 0ms 200
GET /bridge/766/h_m5jt8o/websocket 1ms (unfinished)
------------------------------------------------------------------------------------------------------
GET /bridge/388/pg1v7pae/websocket 0ms (unfinished)
------------------------------------------------------------------------------------------------------
POST /bridge/371/m5r9eqnw/xhr_send 2ms 404
------------------------------------------------------------------------------------------------------
GET /bridge/info 0ms 200
------------------------------------------------------------------------------------------------------
GET /bridge/info 1ms 200
------------------------------------------------------------------------------------------------------
GET /bridge/050/hzmb8ak4/websocket 0ms (unfinished)
------------------------------------------------------------------------------------------------------
GET /bridge/976/csfam9jk/websocket 1ms (unfinished)
------------------------------------------------------------------------------------------------------
POST /bridge/050/_pme0qe1/xhr_streaming 1ms (unfinished)
------------------------------------------------------------------------------------------------------
POST /bridge/050/_pme0qe1/xhr_send 2ms 204
------------------------------------------------------------------------------------------------------
------------------------------------------------------------------------------------------------------
POST /bridge/976/12zktade/xhr_streaming 1ms (unfinished)
POST /bridge/976/12zktade/xhr_send 1ms 204
------------------------------------------------------------------------------------------------------
------------------------------------------------------------------------------------------------------
GET /bridge/info 1ms 200
GET /bridge/info 0ms 200
------------------------------------------------------------------------------------------------------
GET /bridge/139/ivjo2ynm/websocket 0ms (unfinished)
------------------------------------------------------------------------------------------------------
GET /bridge/276/2en92x0x/websocket 0ms (unfinished)
------------------------------------------------------------------------------------------------------
POST /bridge/139/fz8xykt1/xhr_streaming 0ms (unfinished)
------------------------------------------------------------------------------------------------------
POST /bridge/139/fz8xykt1/xhr_send 1ms 204
------------------------------------------------------------------------------------------------------
------------------------------------------------------------------------------------------------------
POST /bridge/276/jjru4rlp/xhr_streaming 1ms (unfinished)
------------------------------------------------------------------------------------------------------
POST /bridge/276/jjru4rlp/xhr_send 1ms 204
GET /bridge/info 1ms 200
------------------------------------------------------------------------------------------------------
GET /bridge/info 0ms 200
------------------------------------------------------------------------------------------------------
GET /bridge/696/vuwgye83/websocket 1ms (unfinished)
------------------------------------------------------------------------------------------------------
GET /bridge/510/u943f6kd/websocket 0ms (unfinished)
------------------------------------------------------------------------------------------------------
------------------------------------------------------------------------------------------------------
POST /bridge/696/5axvt507/xhr_streaming 1ms (unfinished)
POST /bridge/696/5axvt507/xhr_send 1ms 204
------------------------------------------------------------------------------------------------------
POST /bridge/510/br10cgak/xhr_streaming 0ms (unfinished)
------------------------------------------------------------------------------------------------------
POST /bridge/510/br10cgak/xhr_send 1ms 204
------------------------------------------------------------------------------------------------------
------------------------------------------------------------------------------------------------------
GET /bridge/info 0ms 200
------------------------------------------------------------------------------------------------------
GET /bridge/info 0ms 200
GET /bridge/908/o8wnodmh/websocket 0ms (unfinished)
------------------------------------------------------------------------------------------------------
GET /bridge/981/3lnmf1sm/websocket 1ms (unfinished)
------------------------------------------------------------------------------------------------------
POST /bridge/908/tihtrqsn/xhr_streaming 0ms (unfinished)
------------------------------------------------------------------------------------------------------
POST /bridge/908/tihtrqsn/xhr_send 1ms 204
------------------------------------------------------------------------------------------------------
------------------------------------------------------------------------------------------------------
POST /bridge/981/klrw9ujt/xhr_streaming 0ms (unfinished)
POST /bridge/981/klrw9ujt/xhr_send 1ms 204
------------------------------------------------------------------------------------------------------
GET /bridge/info 1ms 200
------------------------------------------------------------------------------------------------------
GET /bridge/info 0ms 200
------------------------------------------------------------------------------------------------------
GET /bridge/051/gb0hcwmv/websocket 0ms (unfinished)
------------------------------------------------------------------------------------------------------
------------------------------------------------------------------------------------------------------
GET /bridge/779/611ovr4f/websocket 0ms (unfinished)
------------------------------------------------------------------------------------------------------
POST /bridge/051/ckgd0xu9/xhr_streaming 1ms (unfinished)
POST /bridge/051/ckgd0xu9/xhr_send 1ms 204
------------------------------------------------------------------------------------------------------
POST /bridge/779/8m5_n1_9/xhr_streaming 1ms (unfinished)
------------------------------------------------------------------------------------------------------
POST /bridge/779/8m5_n1_9/xhr_send 1ms 204
------------------------------------------------------------------------------------------------------
GET /bridge/info 1ms 200
------------------------------------------------------------------------------------------------------
GET /bridge/info 1ms 200
------------------------------------------------------------------------------------------------------
------------------------------------------------------------------------------------------------------
GET /bridge/236/90e789ug/websocket 0ms (unfinished)
------------------------------------------------------------------------------------------------------
GET /bridge/541/t7t1nmxu/websocket 1ms (unfinished)
POST /bridge/236/iv8itlc8/xhr_streaming 0ms (unfinished)
------------------------------------------------------------------------------------------------------
POST /bridge/236/iv8itlc8/xhr_send 1ms 204
------------------------------------------------------------------------------------------------------
POST /bridge/541/t4ozmp42/xhr_streaming 1ms (unfinished)
------------------------------------------------------------------------------------------------------
GET /bridge/info 1ms 200
------------------------------------------------------------------------------------------------------
------------------------------------------------------------------------------------------------------
GET /bridge/info 0ms 200
GET /bridge/326/th__h0ku/websocket 0ms (unfinished)
------------------------------------------------------------------------------------------------------
------------------------------------------------------------------------------------------------------
GET /bridge/454/vz2ln24k/websocket 0ms (unfinished)
POST /bridge/326/157_kg4r/xhr_streaming 0ms (unfinished)
------------------------------------------------------------------------------------------------------
------------------------------------------------------------------------------------------------------
POST /bridge/454/2cqfbs5x/xhr_streaming 0ms (unfinished)
POST /bridge/326/157_kg4r/xhr_send 1ms 204
------------------------------------------------------------------------------------------------------
POST /bridge/454/2cqfbs5x/xhr_send 1ms 204
------------------------------------------------------------------------------------------------------
GET /bridge/info 1ms 200
------------------------------------------------------------------------------------------------------
GET /bridge/info 1ms 200
------------------------------------------------------------------------------------------------------
GET /bridge/399/sl9u_6aa/websocket 0ms (unfinished)
------------------------------------------------------------------------------------------------------
------------------------------------------------------------------------------------------------------
GET /bridge/622/3gv_foef/websocket 0ms (unfinished)
POST /bridge/399/52so_p6d/xhr_streaming 0ms (unfinished)
------------------------------------------------------------------------------------------------------
POST /bridge/622/e6bdqdt8/xhr_streaming 1ms (unfinished)
------------------------------------------------------------------------------------------------------
POST /bridge/399/52so_p6d/xhr_send 1ms 204
------------------------------------------------------------------------------------------------------
POST /bridge/622/e6bdqdt8/xhr_send 1ms 204
------------------------------------------------------------------------------------------------------
GET /bridge/info 0ms 200
------------------------------------------------------------------------------------------------------
------------------------------------------------------------------------------------------------------
GET /bridge/info 0ms 200
GET /bridge/435/ji7sefsu/websocket 0ms (unfinished)
------------------------------------------------------------------------------------------------------
GET /bridge/074/5bnw7j2l/websocket 1ms (unfinished)
------------------------------------------------------------------------------------------------------
------------------------------------------------------------------------------------------------------
POST /bridge/435/5ev8060z/xhr_streaming 1ms (unfinished)
POST /bridge/435/5ev8060z/xhr_send 1ms 204
------------------------------------------------------------------------------------------------------
------------------------------------------------------------------------------------------------------
POST /bridge/074/yqlhmy1m/xhr_streaming 0ms (unfinished)
POST /bridge/074/yqlhmy1m/xhr_send 1ms 204
------------------------------------------------------------------------------------------------------
GET /bridge/info 1ms 200
------------------------------------------------------------------------------------------------------
GET /bridge/info 0ms 200
------------------------------------------------------------------------------------------------------
GET /bridge/237/rbtfbhq5/websocket 1ms (unfinished)
------------------------------------------------------------------------------------------------------
------------------------------------------------------------------------------------------------------
GET /bridge/515/sc8lwdll/websocket 0ms (unfinished)
POST /bridge/237/wc78dmwl/xhr_streaming 0ms (unfinished)
------------------------------------------------------------------------------------------------------
POST /bridge/237/wc78dmwl/xhr_send 2ms 204
------------------------------------------------------------------------------------------------------
POST /bridge/515/x_raz__m/xhr_streaming 1ms (unfinished)
------------------------------------------------------------------------------------------------------
------------------------------------------------------------------------------------------------------
POST /bridge/515/x_raz__m/xhr_send 1ms 204
------------------------------------------------------------------------------------------------------
GET /bridge/info 1ms 200
GET /bridge/info 0ms 200
------------------------------------------------------------------------------------------------------
------------------------------------------------------------------------------------------------------
GET /bridge/810/1msbk_b8/websocket 3ms (unfinished)
GET /bridge/362/u42fmk0j/websocket 0ms (unfinished)
------------------------------------------------------------------------------------------------------
POST /bridge/810/huul2sg1/xhr_streaming 1ms (unfinished)
------------------------------------------------------------------------------------------------------
POST /bridge/362/uwp02bkg/xhr_streaming 0ms (unfinished)
------------------------------------------------------------------------------------------------------
POST /bridge/810/huul2sg1/xhr_send 3ms 204
------------------------------------------------------------------------------------------------------
------------------------------------------------------------------------------------------------------
POST /bridge/362/uwp02bkg/xhr_send 1ms 204
GET /bridge/info 1ms 200
------------------------------------------------------------------------------------------------------
GET /bridge/info 1ms 200
------------------------------------------------------------------------------------------------------
GET /bridge/492/yy2n5h_9/websocket 0ms (unfinished)
------------------------------------------------------------------------------------------------------
GET /bridge/215/k02o96m7/websocket 0ms (unfinished)
------------------------------------------------------------------------------------------------------
POST /bridge/492/02msyc46/xhr_streaming 1ms (unfinished)
------------------------------------------------------------------------------------------------------
------------------------------------------------------------------------------------------------------
POST /bridge/215/3nrbojmt/xhr_streaming 0ms (unfinished)
GET /bridge/info 1ms 200
------------------------------------------------------------------------------------------------------
GET /bridge/info 0ms 200
------------------------------------------------------------------------------------------------------
------------------------------------------------------------------------------------------------------
GET /bridge/198/gx_zbm1h/websocket 2ms (unfinished)
------------------------------------------------------------------------------------------------------
GET /bridge/301/2jzkuv5j/websocket 0ms (unfinished)
------------------------------------------------------------------------------------------------------
POST /bridge/492/02msyc46/xhr_send 3ms 404
------------------------------------------------------------------------------------------------------
POST /bridge/215/3nrbojmt/xhr_send 1ms 204
------------------------------------------------------------------------------------------------------
GET /bridge/info 1ms 200
GET /bridge/info 1ms 200
------------------------------------------------------------------------------------------------------
GET /bridge/621/x_wemqy4/websocket 1ms (unfinished)
------------------------------------------------------------------------------------------------------
GET /bridge/931/i43vbawq/websocket 0ms (unfinished)
------------------------------------------------------------------------------------------------------
POST /bridge/621/3m6wzghe/xhr_streaming 0ms (unfinished)
------------------------------------------------------------------------------------------------------
POST /bridge/931/f1gyqla3/xhr_streaming 0ms (unfinished)
------------------------------------------------------------------------------------------------------
POST /bridge/621/3m6wzghe/xhr_send 1ms 204
------------------------------------------------------------------------------------------------------
POST /bridge/931/f1gyqla3/xhr_send 1ms 204
------------------------------------------------------------------------------------------------------
GET /bridge/info 1ms 200
------------------------------------------------------------------------------------------------------
------------------------------------------------------------------------------------------------------
GET /bridge/info 0ms 200
------------------------------------------------------------------------------------------------------
GET /bridge/926/bhp4i59t/websocket 0ms (unfinished)
GET /bridge/694/ttldhtoq/websocket 1ms (unfinished)
------------------------------------------------------------------------------------------------------
POST /bridge/926/izdmkjlb/xhr_streaming 1ms (unfinished)
------------------------------------------------------------------------------------------------------
POST /bridge/926/izdmkjlb/xhr_send 1ms 204
------------------------------------------------------------------------------------------------------
POST /bridge/694/fpyps3k6/xhr_streaming 0ms (unfinished)
------------------------------------------------------------------------------------------------------
POST /bridge/694/fpyps3k6/xhr_send 1ms 204
------------------------------------------------------------------------------------------------------
------------------------------------------------------------------------------------------------------
GET /bridge/info 2ms 200
GET /bridge/info 1ms 200
------------------------------------------------------------------------------------------------------
------------------------------------------------------------------------------------------------------
GET /bridge/270/u69naf94/websocket 3ms (unfinished)
------------------------------------------------------------------------------------------------------
GET /bridge/661/0yn54h1_/websocket 1ms (unfinished)
POST /bridge/270/_ln400y1/xhr_streaming 1ms (unfinished)
------------------------------------------------------------------------------------------------------
POST /bridge/661/3cuwae29/xhr_streaming 1ms (unfinished)
------------------------------------------------------------------------------------------------------
POST /bridge/270/_ln400y1/xhr_send 5ms 204
------------------------------------------------------------------------------------------------------
POST /bridge/661/3cuwae29/xhr_send 1ms 204
------------------------------------------------------------------------------------------------------
GET /bridge/info 0ms 200
------------------------------------------------------------------------------------------------------
GET /bridge/info 0ms 200
------------------------------------------------------------------------------------------------------
GET /bridge/039/az_a004i/websocket 0ms (unfinished)
------------------------------------------------------------------------------------------------------
GET /bridge/413/gzb8_xr1/websocket 1ms (unfinished)
------------------------------------------------------------------------------------------------------
POST /bridge/039/kliw50j3/xhr_streaming 1ms (unfinished)
------------------------------------------------------------------------------------------------------
POST /bridge/039/kliw50j3/xhr_send 1ms 204
------------------------------------------------------------------------------------------------------
------------------------------------------------------------------------------------------------------
POST /bridge/413/wc6k3sb1/xhr_streaming 1ms (unfinished)
------------------------------------------------------------------------------------------------------
POST /bridge/413/wc6k3sb1/xhr_send 1ms 204
POST /bridge/726/l0mnjm8e/xhr_send 4ms 204
------------------------------------------------------------------------------------------------------
GET /bridge/info 0ms 200
------------------------------------------------------------------------------------------------------
GET /bridge/info 0ms 200
------------------------------------------------------------------------------------------------------
GET /bridge/info 1ms 200
------------------------------------------------------------------------------------------------------
GET /bridge/info 0ms 200
------------------------------------------------------------------------------------------------------
GET /bridge/563/h4b86cf6/websocket 1ms (unfinished)
------------------------------------------------------------------------------------------------------
------------------------------------------------------------------------------------------------------
GET /bridge/075/h1mshl92/websocket 0ms (unfinished)
GET /bridge/289/vwfdufwl/websocket 0ms (unfinished)
------------------------------------------------------------------------------------------------------
------------------------------------------------------------------------------------------------------
GET /bridge/429/c8a6_w4w/websocket 1ms (unfinished)
------------------------------------------------------------------------------------------------------
POST /bridge/563/1gryqi8y/xhr_streaming 1ms (unfinished)
POST /bridge/075/ym6g8958/xhr_streaming 1ms (unfinished)
------------------------------------------------------------------------------------------------------
------------------------------------------------------------------------------------------------------
POST /bridge/429/um2joshg/xhr_streaming 1ms (unfinished)
POST /bridge/075/ym6g8958/xhr_send 1ms 204
------------------------------------------------------------------------------------------------------
POST /bridge/289/vat5tite/xhr_streaming 0ms (unfinished)
------------------------------------------------------------------------------------------------------
------------------------------------------------------------------------------------------------------
POST /bridge/289/vat5tite/xhr_send 1ms 204
GET /bridge/info 0ms 200
------------------------------------------------------------------------------------------------------
------------------------------------------------------------------------------------------------------
GET /bridge/info 0ms 200
GET /bridge/206/g12sug7f/websocket 0ms (unfinished)
------------------------------------------------------------------------------------------------------
GET /bridge/244/12f12fzx/websocket 0ms (unfinished)
------------------------------------------------------------------------------------------------------
POST /bridge/206/eton__9f/xhr_streaming 2ms (unfinished)
------------------------------------------------------------------------------------------------------
POST /bridge/206/eton__9f/xhr_send 1ms 204
------------------------------------------------------------------------------------------------------
------------------------------------------------------------------------------------------------------
POST /bridge/244/mpf_so9r/xhr_streaming 0ms (unfinished)
POST /bridge/244/mpf_so9r/xhr_send 1ms 204
------------------------------------------------------------------------------------------------------
GET /bridge/info 1ms 200
------------------------------------------------------------------------------------------------------
GET /bridge/info 1ms 200
------------------------------------------------------------------------------------------------------
GET /bridge/386/kykpf334/websocket 3ms (unfinished)
------------------------------------------------------------------------------------------------------
------------------------------------------------------------------------------------------------------
GET /bridge/432/ib93cu1y/websocket 0ms (unfinished)
POST /bridge/386/zofp7r66/xhr_streaming 2ms (unfinished)
------------------------------------------------------------------------------------------------------
POST /bridge/386/zofp7r66/xhr_send 4ms 204
------------------------------------------------------------------------------------------------------
POST /bridge/432/gi497v0j/xhr_streaming 1ms (unfinished)
------------------------------------------------------------------------------------------------------
GET /bridge/info 1ms 200
------------------------------------------------------------------------------------------------------
GET /bridge/info 1ms 200
------------------------------------------------------------------------------------------------------
GET /bridge/530/997rqfs4/websocket 0ms (unfinished)
------------------------------------------------------------------------------------------------------
GET /bridge/359/ki9rqqz_/websocket 0ms (unfinished)
------------------------------------------------------------------------------------------------------
GET /bridge/info 1ms 200
------------------------------------------------------------------------------------------------------
GET /bridge/info 0ms 200
------------------------------------------------------------------------------------------------------
GET /bridge/526/n_96jnzs/websocket 3ms (unfinished)
------------------------------------------------------------------------------------------------------
GET /bridge/775/42bbvf57/websocket 0ms (unfinished)
------------------------------------------------------------------------------------------------------
------------------------------------------------------------------------------------------------------
GET /bridge/info 0ms 200
GET /bridge/info 0ms 200
------------------------------------------------------------------------------------------------------
GET /bridge/145/g3d3wkmh/websocket 1ms (unfinished)
------------------------------------------------------------------------------------------------------
GET /bridge/075/zbzxmict/websocket 0ms (unfinished)
------------------------------------------------------------------------------------------------------
GET /bridge/info 0ms 200
------------------------------------------------------------------------------------------------------
------------------------------------------------------------------------------------------------------
GET /bridge/info 0ms 200
------------------------------------------------------------------------------------------------------
GET /bridge/290/xtdg58jh/websocket 0ms (unfinished)
GET /bridge/681/9hk5arfc/websocket 1ms (unfinished)
------------------------------------------------------------------------------------------------------
GET /bridge/info 1ms 200
------------------------------------------------------------------------------------------------------
GET /bridge/info 0ms 200
------------------------------------------------------------------------------------------------------
GET /bridge/887/rficf6yc/websocket 3ms (unfinished)
------------------------------------------------------------------------------------------------------
GET /bridge/493/btlcxwfw/websocket 0ms (unfinished)
------------------------------------------------------------------------------------------------------
POST /bridge/429/um2joshg/xhr_send 4ms 204
------------------------------------------------------------------------------------------------------
POST /bridge/563/1gryqi8y/xhr_send 1ms 404
------------------------------------------------------------------------------------------------------
GET /bridge/info 1ms 200
------------------------------------------------------------------------------------------------------
GET /bridge/info 0ms 200
------------------------------------------------------------------------------------------------------
------------------------------------------------------------------------------------------------------
GET /bridge/169/yoacv2r8/websocket 1ms (unfinished)
GET /bridge/206/1oyr9nin/websocket 0ms (unfinished)
------------------------------------------------------------------------------------------------------
POST /bridge/169/jekrx0xe/xhr_streaming 1ms (unfinished)
------------------------------------------------------------------------------------------------------
POST /bridge/169/jekrx0xe/xhr_send 0ms 204
------------------------------------------------------------------------------------------------------
------------------------------------------------------------------------------------------------------
POST /bridge/206/bwa1ertk/xhr_streaming 0ms (unfinished)
------------------------------------------------------------------------------------------------------
POST /bridge/206/bwa1ertk/xhr_send 1ms 204
GET /bridge/info 0ms 200
------------------------------------------------------------------------------------------------------
------------------------------------------------------------------------------------------------------
GET /bridge/info 0ms 200
GET /bridge/519/v2f5l2da/websocket 1ms (unfinished)
------------------------------------------------------------------------------------------------------
GET /bridge/283/rl2rqeyn/websocket 0ms (unfinished)
------------------------------------------------------------------------------------------------------
POST /bridge/519/xg8ier_q/xhr_streaming 1ms (unfinished)
------------------------------------------------------------------------------------------------------
POST /bridge/283/u2q29v03/xhr_streaming 0ms (unfinished)
------------------------------------------------------------------------------------------------------
POST /bridge/519/xg8ier_q/xhr_send 1ms 204
------------------------------------------------------------------------------------------------------
POST /bridge/283/u2q29v03/xhr_send 1ms 204
------------------------------------------------------------------------------------------------------
------------------------------------------------------------------------------------------------------
GET /bridge/info 1ms 200
GET /bridge/info 0ms 200
------------------------------------------------------------------------------------------------------
GET /bridge/359/ajh_9com/websocket 2ms (unfinished)
------------------------------------------------------------------------------------------------------
GET /bridge/560/44ato5o8/websocket 0ms (unfinished)
------------------------------------------------------------------------------------------------------
------------------------------------------------------------------------------------------------------
POST /bridge/359/rbbcac7g/xhr_streaming 1ms (unfinished)
POST /bridge/560/jsjwp97u/xhr_streaming 0ms (unfinished)
------------------------------------------------------------------------------------------------------
POST /bridge/359/rbbcac7g/xhr_send 3ms 204
------------------------------------------------------------------------------------------------------
POST /bridge/560/jsjwp97u/xhr_send 0ms 204
------------------------------------------------------------------------------------------------------
GET /bridge/info 1ms 200
------------------------------------------------------------------------------------------------------
GET /bridge/info 0ms 200
------------------------------------------------------------------------------------------------------
GET /bridge/380/_9kwzi5_/websocket 0ms (unfinished)
------------------------------------------------------------------------------------------------------
GET /bridge/220/316jf_y7/websocket 1ms (unfinished)
------------------------------------------------------------------------------------------------------
POST /bridge/380/nnk42aov/xhr_streaming 0ms (unfinished)
------------------------------------------------------------------------------------------------------
POST /bridge/220/bbi6419s/xhr_streaming 1ms (unfinished)
------------------------------------------------------------------------------------------------------
------------------------------------------------------------------------------------------------------
POST /bridge/380/nnk42aov/xhr_send 2ms 204
------------------------------------------------------------------------------------------------------
POST /bridge/220/bbi6419s/xhr_send 1ms 204
GET /bridge/info 0ms 200
------------------------------------------------------------------------------------------------------
GET /bridge/info 0ms 200
------------------------------------------------------------------------------------------------------
------------------------------------------------------------------------------------------------------
GET /bridge/829/letkijyj/websocket 0ms (unfinished)
GET /bridge/706/mwacah81/websocket 0ms (unfinished)
------------------------------------------------------------------------------------------------------
POST /bridge/829/kzu0rhvf/xhr_streaming 0ms (unfinished)
------------------------------------------------------------------------------------------------------
POST /bridge/829/kzu0rhvf/xhr_send 1ms 204
------------------------------------------------------------------------------------------------------
------------------------------------------------------------------------------------------------------
POST /bridge/706/v6rc9qol/xhr_streaming 2ms (unfinished)
GET /bridge/info 1ms 200
------------------------------------------------------------------------------------------------------
GET /bridge/info 0ms 200
------------------------------------------------------------------------------------------------------
GET /bridge/943/rhmnj1fw/websocket 3ms (unfinished)
------------------------------------------------------------------------------------------------------
GET /bridge/523/305cg43b/websocket 0ms (unfinished)
------------------------------------------------------------------------------------------------------
------------------------------------------------------------------------------------------------------
GET /bridge/info 1ms 200
GET /bridge/info 0ms 200
------------------------------------------------------------------------------------------------------
------------------------------------------------------------------------------------------------------
GET /bridge/472/r1ntl3p6/websocket 0ms (unfinished)
GET /bridge/706/4de1p0n3/websocket 0ms (unfinished)
------------------------------------------------------------------------------------------------------
GET /bridge/info 1ms 200
------------------------------------------------------------------------------------------------------
------------------------------------------------------------------------------------------------------
GET /bridge/info 0ms 200
GET /bridge/544/_520xfi9/websocket 1ms (unfinished)
------------------------------------------------------------------------------------------------------
------------------------------------------------------------------------------------------------------
GET /bridge/955/qnloz6u7/websocket 0ms (unfinished)
POST /bridge/432/gi497v0j/xhr_send 4ms 204
------------------------------------------------------------------------------------------------------
POST /bridge/706/v6rc9qol/xhr_send 1ms 404
------------------------------------------------------------------------------------------------------
POST /bridge/541/t4ozmp42/xhr_send 1ms 404
------------------------------------------------------------------------------------------------------
GET /bridge/info 1ms 200
------------------------------------------------------------------------------------------------------
GET /bridge/info 0ms 200
------------------------------------------------------------------------------------------------------
GET /bridge/279/z37fudhu/websocket 0ms (unfinished)
------------------------------------------------------------------------------------------------------
GET /bridge/026/j3thfhnx/websocket 0ms (unfinished)
------------------------------------------------------------------------------------------------------
POST /bridge/279/00cr2156/xhr_streaming 1ms (unfinished)
------------------------------------------------------------------------------------------------------
------------------------------------------------------------------------------------------------------
POST /bridge/279/00cr2156/xhr_send 2ms 204
POST /bridge/026/lak4ug6j/xhr_streaming 1ms (unfinished)
------------------------------------------------------------------------------------------------------
POST /bridge/026/lak4ug6j/xhr_send 1ms 204
------------------------------------------------------------------------------------------------------
GET /bridge/info 0ms 200
------------------------------------------------------------------------------------------------------
GET /bridge/info 0ms 200
------------------------------------------------------------------------------------------------------
------------------------------------------------------------------------------------------------------
GET /bridge/474/72ocgk8l/websocket 0ms (unfinished)
GET /bridge/784/aqfju0b4/websocket 0ms (unfinished)
------------------------------------------------------------------------------------------------------
POST /bridge/474/4kl7cv64/xhr_streaming 1ms (unfinished)
------------------------------------------------------------------------------------------------------
POST /bridge/474/4kl7cv64/xhr_send 1ms 204
------------------------------------------------------------------------------------------------------
POST /bridge/784/pr91scog/xhr_streaming 1ms (unfinished)
------------------------------------------------------------------------------------------------------
POST /bridge/784/pr91scog/xhr_send 1ms 204
------------------------------------------------------------------------------------------------------
GET /bridge/info 0ms 200
------------------------------------------------------------------------------------------------------
GET /bridge/info 1ms 200
------------------------------------------------------------------------------------------------------
GET /bridge/959/n6jvm6dc/websocket 1ms (unfinished)
------------------------------------------------------------------------------------------------------
------------------------------------------------------------------------------------------------------
GET /bridge/746/qnqb5o52/websocket 0ms (unfinished)
POST /bridge/959/6qc8k01d/xhr_streaming 0ms (unfinished)
------------------------------------------------------------------------------------------------------
------------------------------------------------------------------------------------------------------
POST /bridge/959/6qc8k01d/xhr_send 1ms 204
POST /bridge/746/k8zv90s1/xhr_streaming 1ms (unfinished)
------------------------------------------------------------------------------------------------------
GET /bridge/info 0ms 200
------------------------------------------------------------------------------------------------------
GET /bridge/info 0ms 200
------------------------------------------------------------------------------------------------------
GET /bridge/062/17zp70di/websocket 0ms (unfinished)
------------------------------------------------------------------------------------------------------
GET /bridge/991/v9anzvog/websocket 0ms (unfinished)
------------------------------------------------------------------------------------------------------
GET /bridge/info 1ms 200
------------------------------------------------------------------------------------------------------
GET /bridge/info 1ms 200
------------------------------------------------------------------------------------------------------
GET /bridge/553/i6hu5l25/websocket 0ms (unfinished)
------------------------------------------------------------------------------------------------------
GET /bridge/712/7vtjsufy/websocket 0ms (unfinished)
------------------------------------------------------------------------------------------------------
------------------------------------------------------------------------------------------------------
GET /bridge/info 0ms 200
GET /bridge/info 0ms 200
------------------------------------------------------------------------------------------------------
------------------------------------------------------------------------------------------------------
GET /bridge/015/e49bb0fq/websocket 0ms (unfinished)
GET /bridge/440/rfyyw8ap/websocket 0ms (unfinished)
------------------------------------------------------------------------------------------------------
GET /bridge/info 0ms 200
------------------------------------------------------------------------------------------------------
GET /bridge/info 0ms 200
------------------------------------------------------------------------------------------------------
GET /bridge/660/4cfpmc__/websocket 0ms (unfinished)
------------------------------------------------------------------------------------------------------
GET /bridge/737/cwam4t6m/websocket 0ms (unfinished)
------------------------------------------------------------------------------------------------------
GET /bridge/info 0ms 200
------------------------------------------------------------------------------------------------------
------------------------------------------------------------------------------------------------------
GET /bridge/info 0ms 200
GET /bridge/917/5_38ratm/websocket 0ms (unfinished)
------------------------------------------------------------------------------------------------------
------------------------------------------------------------------------------------------------------
GET /bridge/547/k94hhgry/websocket 0ms (unfinished)
GET /bridge/info 0ms 200
------------------------------------------------------------------------------------------------------
GET /bridge/info 0ms 200
------------------------------------------------------------------------------------------------------
GET /bridge/892/wxgea63u/websocket 0ms (unfinished)
------------------------------------------------------------------------------------------------------
GET /bridge/211/nn1jxcxk/websocket 0ms (unfinished)
------------------------------------------------------------------------------------------------------
GET /bridge/info 0ms 200
------------------------------------------------------------------------------------------------------
GET /bridge/info 0ms 200
------------------------------------------------------------------------------------------------------
GET /bridge/185/3q9h18u1/websocket 0ms (unfinished)
------------------------------------------------------------------------------------------------------
GET /bridge/034/v10vz89f/websocket 0ms (unfinished)
------------------------------------------------------------------------------------------------------
------------------------------------------------------------------------------------------------------
GET /bridge/info 0ms 200
GET /bridge/info 0ms 200
------------------------------------------------------------------------------------------------------
GET /bridge/246/1ir59fug/websocket 0ms (unfinished)
------------------------------------------------------------------------------------------------------
GET /bridge/980/hjy_mcnp/websocket 1ms (unfinished)
------------------------------------------------------------------------------------------------------
POST /bridge/746/k8zv90s1/xhr_send 1ms 204
------------------------------------------------------------------------------------------------------
