------------------------------------------------------------------------------------------------------
GET /bridge/info 0ms 200
GET /bridge/info 0ms 200
------------------------------------------------------------------------------------------------------
GET /bridge/010/x9fvq_9x/websocket 0ms (unfinished)
------------------------------------------------------------------------------------------------------
GET /bridge/370/y4fg4trz/websocket 0ms (unfinished)
------------------------------------------------------------------------------------------------------
------------------------------------------------------------------------------------------------------
POST /bridge/010/nhmhcn7p/xhr_streaming 1ms (unfinished)
------------------------------------------------------------------------------------------------------
POST /bridge/010/nhmhcn7p/xhr_send 1ms 204
POST /bridge/370/creid248/xhr_streaming 1ms (unfinished)
------------------------------------------------------------------------------------------------------
POST /bridge/370/creid248/xhr_send 1ms 204
------------------------------------------------------------------------------------------------------
GET /bridge/info 0ms 200
------------------------------------------------------------------------------------------------------
GET /bridge/288/8iarps12/websocket 0ms (unfinished)
------------------------------------------------------------------------------------------------------
GET /bridge/info 0ms 200
------------------------------------------------------------------------------------------------------
------------------------------------------------------------------------------------------------------
GET /bridge/929/htf3dgg1/websocket 0ms (unfinished)
POST /bridge/288/okczm5vn/xhr_streaming 0ms (unfinished)
------------------------------------------------------------------------------------------------------
POST /bridge/288/okczm5vn/xhr_send 1ms 204
------------------------------------------------------------------------------------------------------
------------------------------------------------------------------------------------------------------
POST /bridge/929/wtnqp472/xhr_streaming 0ms (unfinished)
POST /bridge/929/wtnqp472/xhr_send 1ms 204
------------------------------------------------------------------------------------------------------
GET /bridge/info 0ms 200
------------------------------------------------------------------------------------------------------
GET /bridge/info 0ms 200
------------------------------------------------------------------------------------------------------
GET /bridge/448/yeksgkz4/websocket 0ms (unfinished)
------------------------------------------------------------------------------------------------------
GET /bridge/855/pzdzy87i/websocket 0ms (unfinished)
------------------------------------------------------------------------------------------------------
POST /bridge/448/ct5i0v0_/xhr_streaming 0ms (unfinished)
------------------------------------------------------------------------------------------------------
------------------------------------------------------------------------------------------------------
POST /bridge/448/ct5i0v0_/xhr_send 1ms 204
POST /bridge/855/nueuy5mo/xhr_streaming 1ms (unfinished)
------------------------------------------------------------------------------------------------------
------------------------------------------------------------------------------------------------------
GET /bridge/info 0ms 200
GET /bridge/info 0ms 200
------------------------------------------------------------------------------------------------------
GET /bridge/997/qrdox2nq/websocket 1ms (unfinished)
------------------------------------------------------------------------------------------------------
GET /bridge/354/dzqpap6_/websocket 0ms (unfinished)
------------------------------------------------------------------------------------------------------
GET /bridge/info 1ms 200
------------------------------------------------------------------------------------------------------
------------------------------------------------------------------------------------------------------
GET /bridge/info 0ms 200
------------------------------------------------------------------------------------------------------
GET /bridge/477/vm_fl2ko/websocket 0ms (unfinished)
GET /bridge/423/if3d9nyh/websocket 0ms (unfinished)
------------------------------------------------------------------------------------------------------
GET /bridge/info 0ms 200
------------------------------------------------------------------------------------------------------
GET /bridge/info 0ms 200
------------------------------------------------------------------------------------------------------
GET /bridge/386/2ifwqfrl/websocket 0ms (unfinished)
------------------------------------------------------------------------------------------------------
GET /bridge/503/2hxxw0lo/websocket 0ms (unfinished)
------------------------------------------------------------------------------------------------------
GET /bridge/info 0ms 200
------------------------------------------------------------------------------------------------------
GET /bridge/info 1ms 200
------------------------------------------------------------------------------------------------------
GET /bridge/747/kpvyx_8k/websocket 0ms (unfinished)
------------------------------------------------------------------------------------------------------
------------------------------------------------------------------------------------------------------
GET /bridge/054/tiggekpp/websocket 1ms (unfinished)
------------------------------------------------------------------------------------------------------
GET /bridge/info 0ms 200
GET /bridge/info 0ms 200
------------------------------------------------------------------------------------------------------
GET /bridge/820/0rv9zkci/websocket 0ms (unfinished)
------------------------------------------------------------------------------------------------------
GET /bridge/569/t7358ygl/websocket 1ms (unfinished)
------------------------------------------------------------------------------------------------------
------------------------------------------------------------------------------------------------------
GET /bridge/info 0ms 200
------------------------------------------------------------------------------------------------------
GET /bridge/info 0ms 200
GET /bridge/768/4f95urq5/websocket 0ms (unfinished)
------------------------------------------------------------------------------------------------------
------------------------------------------------------------------------------------------------------
GET /bridge/493/gcsx_adx/websocket 0ms (unfinished)
------------------------------------------------------------------------------------------------------
GET /bridge/info 0ms 200
GET /bridge/info 1ms 200
------------------------------------------------------------------------------------------------------
GET /bridge/762/4t7xnmwh/websocket 1ms (unfinished)
------------------------------------------------------------------------------------------------------
GET /bridge/878/hkivwx0t/websocket 0ms (unfinished)
------------------------------------------------------------------------------------------------------
GET /bridge/info 1ms 200
------------------------------------------------------------------------------------------------------
GET /bridge/info 0ms 200
------------------------------------------------------------------------------------------------------
GET /bridge/069/w07b6v07/websocket 0ms (unfinished)
------------------------------------------------------------------------------------------------------
GET /bridge/262/63efwjn6/websocket 1ms (unfinished)
------------------------------------------------------------------------------------------------------
------------------------------------------------------------------------------------------------------
GET /bridge/info 0ms 200
GET /bridge/info 1ms 200
------------------------------------------------------------------------------------------------------
GET /bridge/552/r3vspmhm/websocket 0ms (unfinished)
------------------------------------------------------------------------------------------------------
GET /bridge/679/z7l2fr68/websocket 1ms (unfinished)
------------------------------------------------------------------------------------------------------
GET /bridge/info 0ms 200
------------------------------------------------------------------------------------------------------
GET /bridge/info 0ms 200
------------------------------------------------------------------------------------------------------
GET /bridge/332/4aahnrxp/websocket 0ms (unfinished)
------------------------------------------------------------------------------------------------------
------------------------------------------------------------------------------------------------------
GET /bridge/975/s8jz7_35/websocket 0ms (unfinished)
------------------------------------------------------------------------------------------------------
GET /bridge/info 0ms 200
GET /bridge/info 0ms 200
------------------------------------------------------------------------------------------------------
GET /bridge/632/l_0qoiu6/websocket 0ms (unfinished)
------------------------------------------------------------------------------------------------------
GET /bridge/691/8ds_860t/websocket 0ms (unfinished)
------------------------------------------------------------------------------------------------------
GET /bridge/info 0ms 200
------------------------------------------------------------------------------------------------------
------------------------------------------------------------------------------------------------------
GET /bridge/info 0ms 200
GET /bridge/096/j1m7sfw7/websocket 1ms (unfinished)
------------------------------------------------------------------------------------------------------
GET /bridge/879/n2nqghsn/websocket 1ms (unfinished)
------------------------------------------------------------------------------------------------------
------------------------------------------------------------------------------------------------------
GET /bridge/info 0ms 200
GET /bridge/info 0ms 200
------------------------------------------------------------------------------------------------------
GET /bridge/691/ru3hek66/websocket 1ms (unfinished)
------------------------------------------------------------------------------------------------------
GET /bridge/653/tykrbvnd/websocket 1ms (unfinished)
------------------------------------------------------------------------------------------------------
GET /bridge/info 0ms 200
------------------------------------------------------------------------------------------------------
GET /bridge/info 1ms 200
------------------------------------------------------------------------------------------------------
GET /bridge/280/ez0vvo62/websocket 0ms (unfinished)
------------------------------------------------------------------------------------------------------
GET /bridge/047/4god2fos/websocket 0ms (unfinished)
------------------------------------------------------------------------------------------------------
GET /bridge/info 0ms 200
------------------------------------------------------------------------------------------------------
GET /bridge/info 0ms 200
------------------------------------------------------------------------------------------------------
GET /bridge/443/gcvs3tm7/websocket 0ms (unfinished)
------------------------------------------------------------------------------------------------------
GET /bridge/174/ky2_22f0/websocket 0ms (unfinished)
------------------------------------------------------------------------------------------------------
------------------------------------------------------------------------------------------------------
GET /bridge/info 1ms 200
GET /bridge/info 0ms 200
------------------------------------------------------------------------------------------------------
GET /bridge/267/eejofcs_/websocket 0ms (unfinished)
------------------------------------------------------------------------------------------------------
GET /bridge/014/lid93mre/websocket 0ms (unfinished)
------------------------------------------------------------------------------------------------------
GET /bridge/info 0ms 200
------------------------------------------------------------------------------------------------------
GET /bridge/info 0ms 200
------------------------------------------------------------------------------------------------------
GET /bridge/044/ufkzjgik/websocket 0ms (unfinished)
------------------------------------------------------------------------------------------------------
GET /bridge/254/iid8uwn5/websocket 0ms (unfinished)
------------------------------------------------------------------------------------------------------
------------------------------------------------------------------------------------------------------
GET /bridge/info 0ms 200
GET /bridge/info 0ms 200
------------------------------------------------------------------------------------------------------
GET /bridge/115/utdzv8oo/websocket 0ms (unfinished)
------------------------------------------------------------------------------------------------------
GET /bridge/575/mhdpwxkq/websocket 0ms (unfinished)
------------------------------------------------------------------------------------------------------
GET /bridge/info 0ms 200
------------------------------------------------------------------------------------------------------
GET /bridge/info 1ms 200
------------------------------------------------------------------------------------------------------
GET /bridge/804/sv9ug0mu/websocket 1ms (unfinished)
------------------------------------------------------------------------------------------------------
GET /bridge/925/s8_i1w2i/websocket 0ms (unfinished)
------------------------------------------------------------------------------------------------------
GET /bridge/info 0ms 200
------------------------------------------------------------------------------------------------------
GET /bridge/info 1ms 200
------------------------------------------------------------------------------------------------------
GET /bridge/311/su7xrlmt/websocket 0ms (unfinished)
------------------------------------------------------------------------------------------------------
GET /bridge/597/e1t2r648/websocket 0ms (unfinished)
------------------------------------------------------------------------------------------------------
GET /bridge/info 1ms 200
------------------------------------------------------------------------------------------------------
GET /bridge/info 0ms 200
------------------------------------------------------------------------------------------------------
GET /bridge/393/vabplnng/websocket 0ms (unfinished)
------------------------------------------------------------------------------------------------------
------------------------------------------------------------------------------------------------------
GET /bridge/841/ohznba0d/websocket 0ms (unfinished)
GET /bridge/info 0ms 200
------------------------------------------------------------------------------------------------------
GET /bridge/info 0ms 200
------------------------------------------------------------------------------------------------------
GET /bridge/051/6np4r42i/websocket 1ms (unfinished)
------------------------------------------------------------------------------------------------------
GET /bridge/004/34rp3jwo/websocket 0ms (unfinished)
------------------------------------------------------------------------------------------------------
GET /bridge/info 0ms 200
------------------------------------------------------------------------------------------------------
------------------------------------------------------------------------------------------------------
GET /bridge/info 1ms 200
GET /bridge/723/yflvd_ym/websocket 0ms (unfinished)
------------------------------------------------------------------------------------------------------
GET /bridge/855/1x0xza8c/websocket 0ms (unfinished)
------------------------------------------------------------------------------------------------------
GET /bridge/info 1ms 200
------------------------------------------------------------------------------------------------------
GET /bridge/info 0ms 200
------------------------------------------------------------------------------------------------------
------------------------------------------------------------------------------------------------------
GET /bridge/120/7xb5div5/websocket 0ms (unfinished)
GET /bridge/147/job660xy/websocket 0ms (unfinished)
------------------------------------------------------------------------------------------------------
GET /bridge/info 1ms 200
------------------------------------------------------------------------------------------------------
GET /bridge/info 0ms 200
------------------------------------------------------------------------------------------------------
------------------------------------------------------------------------------------------------------
GET /bridge/684/kj0l0wnr/websocket 0ms (unfinished)
GET /bridge/524/jk7nunjx/websocket 0ms (unfinished)
------------------------------------------------------------------------------------------------------
GET /bridge/info 1ms 200
------------------------------------------------------------------------------------------------------
GET /bridge/info 0ms 200
------------------------------------------------------------------------------------------------------
GET /bridge/286/m9tbuknv/websocket 0ms (unfinished)
------------------------------------------------------------------------------------------------------
GET /bridge/560/zoocrk50/websocket 0ms (unfinished)
------------------------------------------------------------------------------------------------------
GET /bridge/info 1ms 200
------------------------------------------------------------------------------------------------------
------------------------------------------------------------------------------------------------------
GET /bridge/info 0ms 200
GET /bridge/792/9hucrk37/websocket 0ms (unfinished)
------------------------------------------------------------------------------------------------------
GET /bridge/305/kldfhzxc/websocket 0ms (unfinished)
------------------------------------------------------------------------------------------------------
GET /bridge/info 0ms 200
------------------------------------------------------------------------------------------------------
GET /bridge/info 0ms 200
------------------------------------------------------------------------------------------------------
GET /bridge/979/rkc94wl6/websocket 0ms (unfinished)
------------------------------------------------------------------------------------------------------
GET /bridge/936/lg4ehwff/websocket 0ms (unfinished)
------------------------------------------------------------------------------------------------------
GET /bridge/info 1ms 200
------------------------------------------------------------------------------------------------------
GET /bridge/info 0ms 200
------------------------------------------------------------------------------------------------------
GET /bridge/000/8dk3vxrx/websocket 0ms (unfinished)
------------------------------------------------------------------------------------------------------
GET /bridge/739/rc6xdntr/websocket 0ms (unfinished)
------------------------------------------------------------------------------------------------------
GET /bridge/info 0ms 200
------------------------------------------------------------------------------------------------------
GET /bridge/info 0ms 200
------------------------------------------------------------------------------------------------------
GET /bridge/625/c2m5fp5b/websocket 0ms (unfinished)
------------------------------------------------------------------------------------------------------
GET /bridge/606/0q8u12vn/websocket 0ms (unfinished)
------------------------------------------------------------------------------------------------------
------------------------------------------------------------------------------------------------------
GET /bridge/info 1ms 200
GET /bridge/info 0ms 200
------------------------------------------------------------------------------------------------------
GET /bridge/081/obokcuty/websocket 0ms (unfinished)
------------------------------------------------------------------------------------------------------
GET /bridge/530/6bxlfvv4/websocket 1ms (unfinished)
------------------------------------------------------------------------------------------------------
POST /bridge/855/nueuy5mo/xhr_send 3ms 204
------------------------------------------------------------------------------------------------------
