GET /bridge/info 1ms 200
------------------------------------------------------------------------------------------------------
GET /bridge/info 0ms 200
------------------------------------------------------------------------------------------------------
GET /bridge/106/k9_ete52/websocket 2ms (unfinished)
------------------------------------------------------------------------------------------------------
GET /bridge/501/n7pjslk7/websocket 0ms (unfinished)
------------------------------------------------------------------------------------------------------
POST /bridge/106/kgtqw2_3/xhr_streaming 1ms (unfinished)
------------------------------------------------------------------------------------------------------
------------------------------------------------------------------------------------------------------
POST /bridge/501/x365hz9g/xhr_streaming 1ms (unfinished)
POST /bridge/106/kgtqw2_3/xhr_send 1ms 204
------------------------------------------------------------------------------------------------------
POST /bridge/501/x365hz9g/xhr_send 1ms 204
------------------------------------------------------------------------------------------------------
GET /bridge/info 1ms 200
------------------------------------------------------------------------------------------------------
GET /bridge/info 0ms 200
------------------------------------------------------------------------------------------------------
------------------------------------------------------------------------------------------------------
GET /bridge/553/qt2pwjiu/websocket 0ms (unfinished)
------------------------------------------------------------------------------------------------------
GET /bridge/761/obvua803/websocket 0ms (unfinished)
POST /bridge/553/m1kb465a/xhr_streaming 1ms (unfinished)
------------------------------------------------------------------------------------------------------
POST /bridge/553/m1kb465a/xhr_send 1ms 204
------------------------------------------------------------------------------------------------------
POST /bridge/761/zy_9t61h/xhr_streaming 0ms (unfinished)
------------------------------------------------------------------------------------------------------
POST /bridge/761/zy_9t61h/xhr_send 1ms 204
------------------------------------------------------------------------------------------------------
GET /bridge/info 0ms 200
------------------------------------------------------------------------------------------------------
------------------------------------------------------------------------------------------------------
GET /bridge/info 0ms 200
------------------------------------------------------------------------------------------------------
GET /bridge/872/bnnq6yfk/websocket 0ms (unfinished)
------------------------------------------------------------------------------------------------------
GET /bridge/811/334xgtzr/websocket 1ms (unfinished)
GET /bridge/info 1ms 200
------------------------------------------------------------------------------------------------------
GET /bridge/info 0ms 200
------------------------------------------------------------------------------------------------------
GET /bridge/263/ooita0h7/websocket 1ms (unfinished)
------------------------------------------------------------------------------------------------------
GET /bridge/435/xotmvqqa/websocket 0ms (unfinished)
------------------------------------------------------------------------------------------------------
GET /bridge/info 0ms 200
------------------------------------------------------------------------------------------------------
GET /bridge/info 0ms 200
------------------------------------------------------------------------------------------------------
------------------------------------------------------------------------------------------------------
GET /bridge/964/colzvok1/websocket 1ms (unfinished)
------------------------------------------------------------------------------------------------------
GET /bridge/287/noat2gth/websocket 0ms (unfinished)
POST /bridge/964/kb5r3iy_/xhr_streaming 0ms (unfinished)
------------------------------------------------------------------------------------------------------
------------------------------------------------------------------------------------------------------
POST /bridge/964/kb5r3iy_/xhr_send 1ms 204
POST /bridge/287/jlgjxfpl/xhr_streaming 0ms (unfinished)
------------------------------------------------------------------------------------------------------
POST /bridge/287/jlgjxfpl/xhr_send 1ms 204
------------------------------------------------------------------------------------------------------
GET /bridge/info 0ms 200
------------------------------------------------------------------------------------------------------
GET /bridge/info 1ms 200
------------------------------------------------------------------------------------------------------
GET /bridge/705/xcjg7r3i/websocket 0ms (unfinished)
------------------------------------------------------------------------------------------------------
------------------------------------------------------------------------------------------------------
GET /bridge/060/vdas0km0/websocket 0ms (unfinished)
POST /bridge/705/czphkvb0/xhr_streaming 1ms (unfinished)
------------------------------------------------------------------------------------------------------
POST /bridge/060/4r3jey9k/xhr_streaming 1ms (unfinished)
------------------------------------------------------------------------------------------------------
GET /bridge/info 0ms 200
------------------------------------------------------------------------------------------------------
------------------------------------------------------------------------------------------------------
GET /bridge/info 0ms 200
GET /bridge/708/spczt2ba/websocket 0ms (unfinished)
------------------------------------------------------------------------------------------------------
GET /bridge/869/cpk2arl6/websocket 0ms (unfinished)
------------------------------------------------------------------------------------------------------
GET /bridge/info 1ms 200
------------------------------------------------------------------------------------------------------
GET /bridge/info 0ms 200
------------------------------------------------------------------------------------------------------
GET /bridge/146/nsp9iizr/websocket 1ms (unfinished)
------------------------------------------------------------------------------------------------------
------------------------------------------------------------------------------------------------------
GET /bridge/729/o39c83eq/websocket 0ms (unfinished)
GET /bridge/info 1ms 200
------------------------------------------------------------------------------------------------------
GET /bridge/info 0ms 200
------------------------------------------------------------------------------------------------------
GET /bridge/767/4423ixxc/websocket 1ms (unfinished)
------------------------------------------------------------------------------------------------------
GET /bridge/051/qost_px6/websocket 0ms (unfinished)
------------------------------------------------------------------------------------------------------
GET /bridge/info 0ms 200
------------------------------------------------------------------------------------------------------
------------------------------------------------------------------------------------------------------
GET /bridge/info 0ms 200
GET /bridge/533/b45lqin0/websocket 1ms (unfinished)
------------------------------------------------------------------------------------------------------
GET /bridge/769/jppgdu8s/websocket 0ms (unfinished)
------------------------------------------------------------------------------------------------------
GET /bridge/info 0ms 200
------------------------------------------------------------------------------------------------------
GET /bridge/info 0ms 200
------------------------------------------------------------------------------------------------------
GET /bridge/962/6rxxgshs/websocket 1ms (unfinished)
------------------------------------------------------------------------------------------------------
GET /bridge/066/9vokbmwt/websocket 0ms (unfinished)
------------------------------------------------------------------------------------------------------
------------------------------------------------------------------------------------------------------
POST /bridge/962/y52i5yiq/xhr_streaming 1ms (unfinished)
------------------------------------------------------------------------------------------------------
POST /bridge/962/y52i5yiq/xhr_send 1ms 204
POST /bridge/066/r_l9tyk1/xhr_streaming 0ms (unfinished)
------------------------------------------------------------------------------------------------------
POST /bridge/066/r_l9tyk1/xhr_send 1ms 204
------------------------------------------------------------------------------------------------------
GET /bridge/info 1ms 200
------------------------------------------------------------------------------------------------------
GET /bridge/info 1ms 200
------------------------------------------------------------------------------------------------------
GET /bridge/997/yzwp3mjx/websocket 3ms (unfinished)
------------------------------------------------------------------------------------------------------
------------------------------------------------------------------------------------------------------
GET /bridge/348/9o68p88z/websocket 0ms (unfinished)
GET /bridge/info 0ms 200
------------------------------------------------------------------------------------------------------
GET /bridge/info 0ms 200
------------------------------------------------------------------------------------------------------
------------------------------------------------------------------------------------------------------
GET /bridge/018/23vk302u/websocket 0ms (unfinished)
GET /bridge/793/do6vpv5b/websocket 1ms (unfinished)
------------------------------------------------------------------------------------------------------
GET /bridge/info 0ms 200
------------------------------------------------------------------------------------------------------
GET /bridge/info 1ms 200
------------------------------------------------------------------------------------------------------
------------------------------------------------------------------------------------------------------
GET /bridge/344/hto0ub09/websocket 2ms (unfinished)
------------------------------------------------------------------------------------------------------
GET /bridge/427/13e_mr8q/websocket 0ms (unfinished)
GET /bridge/info 1ms 200
------------------------------------------------------------------------------------------------------
GET /bridge/454/subk89yx/websocket 2ms (unfinished)
------------------------------------------------------------------------------------------------------
GET /bridge/info 1ms 200
------------------------------------------------------------------------------------------------------
GET /bridge/345/rj32tnyj/websocket 0ms (unfinished)
------------------------------------------------------------------------------------------------------
POST /bridge/454/4ta7s_ku/xhr_streaming 1ms (unfinished)
------------------------------------------------------------------------------------------------------
POST /bridge/454/4ta7s_ku/xhr_send 5ms 204
------------------------------------------------------------------------------------------------------
------------------------------------------------------------------------------------------------------
POST /bridge/345/lp6znymf/xhr_streaming 0ms (unfinished)
GET /bridge/info 1ms 200
------------------------------------------------------------------------------------------------------
------------------------------------------------------------------------------------------------------
GET /bridge/info 0ms 200
GET /bridge/711/e7ups9nz/websocket 3ms (unfinished)
------------------------------------------------------------------------------------------------------
GET /bridge/198/493zv2wz/websocket 0ms (unfinished)
------------------------------------------------------------------------------------------------------
GET /bridge/info 2ms 200
------------------------------------------------------------------------------------------------------
GET /bridge/162/534nk9kq/websocket 2ms (unfinished)
------------------------------------------------------------------------------------------------------
GET /bridge/info 1ms 200
------------------------------------------------------------------------------------------------------
GET /bridge/759/ulz4qms9/websocket 0ms (unfinished)
------------------------------------------------------------------------------------------------------
------------------------------------------------------------------------------------------------------
03,01,2022,09,00
06,01,2022,09,00
------------------------------------------------------------------------------------------------------
06,01,2022,09,00
------------------------------------------------------------------------------------------------------
06,01,2022,09,00
------------------------------------------------------------------------------------------------------
06,01,2022,09,00
------------------------------------------------------------------------------------------------------
06,01,2022,09,00
------------------------------------------------------------------------------------------------------
------------------------------------------------------------------------------------------------------
GET /bridge/info 1ms 200
GET /bridge/info 1ms 200
------------------------------------------------------------------------------------------------------
------------------------------------------------------------------------------------------------------
GET /bridge/721/eug6mw5p/websocket 2ms (unfinished)
GET /bridge/059/y0njulqq/websocket 0ms (unfinished)
------------------------------------------------------------------------------------------------------
------------------------------------------------------------------------------------------------------
GET /bridge/info 1ms 200
------------------------------------------------------------------------------------------------------
GET /bridge/info 0ms 200
GET /bridge/108/0at6umlw/websocket 2ms (unfinished)
------------------------------------------------------------------------------------------------------
------------------------------------------------------------------------------------------------------
GET /bridge/664/940o46p2/websocket 0ms (unfinished)
GET /bridge/info 2ms 200
------------------------------------------------------------------------------------------------------
------------------------------------------------------------------------------------------------------
GET /bridge/info 1ms 200
GET /bridge/283/z6fwp3oo/websocket 3ms (unfinished)
------------------------------------------------------------------------------------------------------
------------------------------------------------------------------------------------------------------
GET /bridge/067/v5x5igwn/websocket 1ms (unfinished)
GET /bridge/info 1ms 200
------------------------------------------------------------------------------------------------------
GET /bridge/info 0ms 200
------------------------------------------------------------------------------------------------------
GET /bridge/348/1q3z0833/websocket 0ms (unfinished)
------------------------------------------------------------------------------------------------------
GET /bridge/591/ffd02r61/websocket 1ms (unfinished)
------------------------------------------------------------------------------------------------------
GET /bridge/info 2ms 200
------------------------------------------------------------------------------------------------------
------------------------------------------------------------------------------------------------------
GET /bridge/info 1ms 200
GET /bridge/264/mmcgxho_/websocket 2ms (unfinished)
------------------------------------------------------------------------------------------------------
GET /bridge/461/rugw9coj/websocket 1ms (unfinished)
------------------------------------------------------------------------------------------------------
GET /bridge/info 1ms 200
------------------------------------------------------------------------------------------------------
GET /bridge/info 1ms 200
------------------------------------------------------------------------------------------------------
GET /bridge/084/x9d5yxpu/websocket 3ms (unfinished)
------------------------------------------------------------------------------------------------------
GET /bridge/899/d0ken0ay/websocket 0ms (unfinished)
------------------------------------------------------------------------------------------------------
GET /bridge/info 1ms 200
------------------------------------------------------------------------------------------------------
GET /bridge/info 1ms 200
------------------------------------------------------------------------------------------------------
------------------------------------------------------------------------------------------------------
GET /bridge/283/r8vhsb5z/websocket 1ms (unfinished)
GET /bridge/872/1h2bsrco/websocket 0ms (unfinished)
------------------------------------------------------------------------------------------------------
GET /bridge/info 1ms 200
------------------------------------------------------------------------------------------------------
GET /bridge/info 0ms 200
------------------------------------------------------------------------------------------------------
GET /bridge/350/jpkxj9zm/websocket 2ms (unfinished)
------------------------------------------------------------------------------------------------------
------------------------------------------------------------------------------------------------------
GET /bridge/701/kyusbw1w/websocket 0ms (unfinished)
GET /bridge/info 1ms 200
------------------------------------------------------------------------------------------------------
GET /bridge/info 1ms 200
------------------------------------------------------------------------------------------------------
------------------------------------------------------------------------------------------------------
GET /bridge/355/a4s8xu74/websocket 1ms (unfinished)
GET /bridge/968/x4uqwu8n/websocket 1ms (unfinished)
------------------------------------------------------------------------------------------------------
GET /bridge/info 1ms 200
------------------------------------------------------------------------------------------------------
------------------------------------------------------------------------------------------------------
GET /bridge/625/f1f00kr3/websocket 0ms (unfinished)
GET /bridge/info 1ms 200
------------------------------------------------------------------------------------------------------
------------------------------------------------------------------------------------------------------
GET /bridge/141/yn4czz6g/websocket 0ms (unfinished)
GET /bridge/info 1ms 200
------------------------------------------------------------------------------------------------------
GET /bridge/info 1ms 200
------------------------------------------------------------------------------------------------------
------------------------------------------------------------------------------------------------------
GET /bridge/638/petvrjnu/websocket 3ms (unfinished)
GET /bridge/419/b7ejb_93/websocket 0ms (unfinished)
------------------------------------------------------------------------------------------------------
GET /bridge/info 1ms 200
------------------------------------------------------------------------------------------------------
GET /bridge/info 1ms 200
------------------------------------------------------------------------------------------------------
------------------------------------------------------------------------------------------------------
GET /bridge/398/lz5ej46q/websocket 2ms (unfinished)
GET /bridge/653/fnjoan3v/websocket 1ms (unfinished)
------------------------------------------------------------------------------------------------------
GET /bridge/info 0ms 200
------------------------------------------------------------------------------------------------------
GET /bridge/info 0ms 200
------------------------------------------------------------------------------------------------------
------------------------------------------------------------------------------------------------------
GET /bridge/971/m__x968x/websocket 0ms (unfinished)
GET /bridge/608/8g2f50jn/websocket 0ms (unfinished)
------------------------------------------------------------------------------------------------------
GET /bridge/info 1ms 200
------------------------------------------------------------------------------------------------------
GET /bridge/info 0ms 200
------------------------------------------------------------------------------------------------------
GET /bridge/025/ms50qqxv/websocket 0ms (unfinished)
------------------------------------------------------------------------------------------------------
GET /bridge/949/q09oier7/websocket 0ms (unfinished)
------------------------------------------------------------------------------------------------------
GET /bridge/info 0ms 200
------------------------------------------------------------------------------------------------------
GET /bridge/info 0ms 200
------------------------------------------------------------------------------------------------------
GET /bridge/467/1givp5hg/websocket 0ms (unfinished)
------------------------------------------------------------------------------------------------------
GET /bridge/591/14xg08mb/websocket 0ms (unfinished)
------------------------------------------------------------------------------------------------------
------------------------------------------------------------------------------------------------------
GET /bridge/info 1ms 200
GET /bridge/info 0ms 200
------------------------------------------------------------------------------------------------------
------------------------------------------------------------------------------------------------------
GET /bridge/893/0jxiyvou/websocket 3ms (unfinished)
------------------------------------------------------------------------------------------------------
GET /bridge/010/mn779l98/websocket 0ms (unfinished)
GET /bridge/info 1ms 200
------------------------------------------------------------------------------------------------------
GET /bridge/info 0ms 200
------------------------------------------------------------------------------------------------------
GET /bridge/654/8g3_x2q_/websocket 2ms (unfinished)
------------------------------------------------------------------------------------------------------
GET /bridge/060/xrg_4xyn/websocket 1ms (unfinished)
------------------------------------------------------------------------------------------------------
GET /bridge/info 1ms 200
------------------------------------------------------------------------------------------------------
------------------------------------------------------------------------------------------------------
GET /bridge/info 0ms 200
GET /bridge/300/hjo7ucxq/websocket 2ms (unfinished)
------------------------------------------------------------------------------------------------------
------------------------------------------------------------------------------------------------------
GET /bridge/100/ck6hpzrv/websocket 0ms (unfinished)
GET /bridge/info 1ms 200
------------------------------------------------------------------------------------------------------
------------------------------------------------------------------------------------------------------
GET /bridge/info 0ms 200
GET /bridge/651/cbmksf0x/websocket 1ms (unfinished)
------------------------------------------------------------------------------------------------------
------------------------------------------------------------------------------------------------------
GET /bridge/519/bykk3tht/websocket 0ms (unfinished)
GET /bridge/info 0ms 200
------------------------------------------------------------------------------------------------------
GET /bridge/info 0ms 200
------------------------------------------------------------------------------------------------------
GET /bridge/121/5tyqyflh/websocket 0ms (unfinished)
------------------------------------------------------------------------------------------------------
GET /bridge/253/5qqkox9h/websocket 1ms (unfinished)
------------------------------------------------------------------------------------------------------
GET /bridge/info 0ms 200
------------------------------------------------------------------------------------------------------
------------------------------------------------------------------------------------------------------
GET /bridge/info 1ms 200
GET /bridge/692/bxbnxxvc/websocket 1ms (unfinished)
------------------------------------------------------------------------------------------------------
------------------------------------------------------------------------------------------------------
GET /bridge/114/06bvncf9/websocket 1ms (unfinished)
GET /bridge/info 1ms 200
------------------------------------------------------------------------------------------------------
GET /bridge/info 1ms 200
------------------------------------------------------------------------------------------------------
------------------------------------------------------------------------------------------------------
GET /bridge/954/oahbws6_/websocket 1ms (unfinished)
GET /bridge/403/q7yrlyf8/websocket 0ms (unfinished)
------------------------------------------------------------------------------------------------------
------------------------------------------------------------------------------------------------------
GET /bridge/info 0ms 200
GET /bridge/info 0ms 200
------------------------------------------------------------------------------------------------------
------------------------------------------------------------------------------------------------------
GET /bridge/639/t8l7qcyg/websocket 0ms (unfinished)
GET /bridge/316/5amit0fg/websocket 0ms (unfinished)
------------------------------------------------------------------------------------------------------
GET /bridge/info 0ms 200
------------------------------------------------------------------------------------------------------
GET /bridge/info 0ms 200
------------------------------------------------------------------------------------------------------
GET /bridge/665/gng89b90/websocket 0ms (unfinished)
------------------------------------------------------------------------------------------------------
------------------------------------------------------------------------------------------------------
GET /bridge/607/0pnhqzq1/websocket 0ms (unfinished)
GET /bridge/info 1ms 200
------------------------------------------------------------------------------------------------------
GET /bridge/info 1ms 200
------------------------------------------------------------------------------------------------------
GET /bridge/826/2h9___zv/websocket 2ms (unfinished)
------------------------------------------------------------------------------------------------------
GET /bridge/172/z_l7jw6y/websocket 0ms (unfinished)
------------------------------------------------------------------------------------------------------
GET /bridge/info 1ms 200
------------------------------------------------------------------------------------------------------
GET /bridge/info 1ms 200
------------------------------------------------------------------------------------------------------
GET /bridge/023/3g4y62m6/websocket 2ms (unfinished)
------------------------------------------------------------------------------------------------------
GET /bridge/911/vlp66hne/websocket 0ms (unfinished)
------------------------------------------------------------------------------------------------------
POST /bridge/023/80sw4tdw/xhr_streaming 1ms (unfinished)
------------------------------------------------------------------------------------------------------
POST /bridge/911/99s3k2s2/xhr_streaming 1ms (unfinished)
------------------------------------------------------------------------------------------------------
POST /bridge/023/80sw4tdw/xhr_send 4ms 204
------------------------------------------------------------------------------------------------------
POST /bridge/911/99s3k2s2/xhr_send 0ms 204
------------------------------------------------------------------------------------------------------
GET /bridge/info 1ms 200
------------------------------------------------------------------------------------------------------
------------------------------------------------------------------------------------------------------
GET /bridge/info 0ms 200
GET /bridge/954/tptnh8nu/websocket 0ms (unfinished)
------------------------------------------------------------------------------------------------------
------------------------------------------------------------------------------------------------------
GET /bridge/151/xddfzi6a/websocket 1ms (unfinished)
POST /bridge/954/wix2k83a/xhr_streaming 1ms (unfinished)
------------------------------------------------------------------------------------------------------
------------------------------------------------------------------------------------------------------
POST /bridge/954/wix2k83a/xhr_send 1ms 204
POST /bridge/151/32doxx6p/xhr_streaming 1ms (unfinished)
------------------------------------------------------------------------------------------------------
POST /bridge/151/32doxx6p/xhr_send 1ms 204
------------------------------------------------------------------------------------------------------
------------------------------------------------------------------------------------------------------
GET /bridge/info 1ms 200
GET /bridge/info 0ms 200
------------------------------------------------------------------------------------------------------
GET /bridge/457/7p0rfej9/websocket 0ms (unfinished)
------------------------------------------------------------------------------------------------------
GET /bridge/735/ynnxdy_t/websocket 0ms (unfinished)
------------------------------------------------------------------------------------------------------
POST /bridge/457/cj3mcuwf/xhr_streaming 0ms (unfinished)
------------------------------------------------------------------------------------------------------
POST /bridge/735/8wrvgj7d/xhr_streaming 1ms (unfinished)
------------------------------------------------------------------------------------------------------
------------------------------------------------------------------------------------------------------
GET /bridge/info 1ms 200
------------------------------------------------------------------------------------------------------
GET /bridge/info 0ms 200
GET /bridge/604/h3kp27ec/websocket 0ms (unfinished)
------------------------------------------------------------------------------------------------------
GET /bridge/922/xqcthhy1/websocket 1ms (unfinished)
------------------------------------------------------------------------------------------------------
------------------------------------------------------------------------------------------------------
06,01,2022,09,00
------------------------------------------------------------------------------------------------------
06,01,2022,09,00
------------------------------------------------------------------------------------------------------
GET /bridge/info 1ms 200
GET /bridge/info 0ms 200
------------------------------------------------------------------------------------------------------
GET /bridge/732/f4h3z92h/websocket 1ms (unfinished)
------------------------------------------------------------------------------------------------------
GET /bridge/686/e_2rn5dv/websocket 0ms (unfinished)
------------------------------------------------------------------------------------------------------
------------------------------------------------------------------------------------------------------
GET /bridge/info 1ms 200
------------------------------------------------------------------------------------------------------
GET /bridge/info 0ms 200
GET /bridge/988/ztrebayi/websocket 2ms (unfinished)
------------------------------------------------------------------------------------------------------
GET /bridge/592/czw05vvi/websocket 0ms (unfinished)
------------------------------------------------------------------------------------------------------
------------------------------------------------------------------------------------------------------
GET /bridge/info 0ms 200
GET /bridge/info 1ms 200
------------------------------------------------------------------------------------------------------
------------------------------------------------------------------------------------------------------
GET /bridge/883/fv82kydz/websocket 1ms (unfinished)
------------------------------------------------------------------------------------------------------
GET /bridge/834/lf9_uceb/websocket 1ms (unfinished)
GET /bridge/info 1ms 200
------------------------------------------------------------------------------------------------------
GET /bridge/info 0ms 200
------------------------------------------------------------------------------------------------------
GET /bridge/897/geqhmvga/websocket 0ms (unfinished)
------------------------------------------------------------------------------------------------------
GET /bridge/134/jmmq149i/websocket 1ms (unfinished)
------------------------------------------------------------------------------------------------------
------------------------------------------------------------------------------------------------------
GET /bridge/info 0ms 200
GET /bridge/info 0ms 200
------------------------------------------------------------------------------------------------------
GET /bridge/374/y_xr6y19/websocket 0ms (unfinished)
------------------------------------------------------------------------------------------------------
GET /bridge/103/vz0wgvzw/websocket 0ms (unfinished)
------------------------------------------------------------------------------------------------------
------------------------------------------------------------------------------------------------------
GET /bridge/info 0ms 200
GET /bridge/info 1ms 200
------------------------------------------------------------------------------------------------------
GET /bridge/024/6akk3ekq/websocket 0ms (unfinished)
------------------------------------------------------------------------------------------------------
------------------------------------------------------------------------------------------------------
GET /bridge/403/mjh6ez2x/websocket 0ms (unfinished)
GET /bridge/info 1ms 200
------------------------------------------------------------------------------------------------------
GET /bridge/info 0ms 200
------------------------------------------------------------------------------------------------------
GET /bridge/514/q94is2zt/websocket 3ms (unfinished)
------------------------------------------------------------------------------------------------------
GET /bridge/928/9kg601jc/websocket 0ms (unfinished)
------------------------------------------------------------------------------------------------------
------------------------------------------------------------------------------------------------------
GET /bridge/info 1ms 200
------------------------------------------------------------------------------------------------------
GET /bridge/info 0ms 200
GET /bridge/855/tc6btbwr/websocket 3ms (unfinished)
------------------------------------------------------------------------------------------------------
GET /bridge/464/cjy85gfi/websocket 0ms (unfinished)
------------------------------------------------------------------------------------------------------
GET /bridge/info 1ms 200
------------------------------------------------------------------------------------------------------
GET /bridge/info 1ms 200
------------------------------------------------------------------------------------------------------
------------------------------------------------------------------------------------------------------
GET /bridge/207/tfrxro93/websocket 0ms (unfinished)
GET /bridge/071/sjtsrsbq/websocket 0ms (unfinished)
------------------------------------------------------------------------------------------------------
GET /bridge/info 1ms 200
------------------------------------------------------------------------------------------------------
GET /bridge/info 0ms 200
------------------------------------------------------------------------------------------------------
GET /bridge/453/rd6h0bzc/websocket 1ms (unfinished)
------------------------------------------------------------------------------------------------------
GET /bridge/803/pvz0wmp5/websocket 1ms (unfinished)
------------------------------------------------------------------------------------------------------
GET /bridge/info 0ms 200
------------------------------------------------------------------------------------------------------
------------------------------------------------------------------------------------------------------
GET /bridge/info 1ms 200
GET /bridge/931/f_j9tb_0/websocket 0ms (unfinished)
------------------------------------------------------------------------------------------------------
GET /bridge/603/93bu6doz/websocket 0ms (unfinished)
------------------------------------------------------------------------------------------------------
GET /bridge/info 0ms 200
------------------------------------------------------------------------------------------------------
GET /bridge/info 0ms 200
------------------------------------------------------------------------------------------------------
GET /bridge/350/j4qxd4iz/websocket 0ms (unfinished)
------------------------------------------------------------------------------------------------------
GET /bridge/359/gkdohs9l/websocket 0ms (unfinished)
------------------------------------------------------------------------------------------------------
GET /bridge/info 1ms 200
------------------------------------------------------------------------------------------------------
------------------------------------------------------------------------------------------------------
GET /bridge/info 0ms 200
GET /bridge/823/9e5f5zug/websocket 2ms (unfinished)
------------------------------------------------------------------------------------------------------
GET /bridge/397/1upwxda6/websocket 0ms (unfinished)
------------------------------------------------------------------------------------------------------
------------------------------------------------------------------------------------------------------
GET /bridge/info 0ms 200
GET /bridge/info 1ms 200
------------------------------------------------------------------------------------------------------
GET /bridge/865/t5_63lle/websocket 0ms (unfinished)
------------------------------------------------------------------------------------------------------
------------------------------------------------------------------------------------------------------
GET /bridge/433/v4yyiuno/websocket 1ms (unfinished)
------------------------------------------------------------------------------------------------------
GET /bridge/info 1ms 200
GET /bridge/info 0ms 200
------------------------------------------------------------------------------------------------------
GET /bridge/629/9c2ffuiz/websocket 0ms (unfinished)
------------------------------------------------------------------------------------------------------
GET /bridge/759/rabav0k5/websocket 0ms (unfinished)
------------------------------------------------------------------------------------------------------
------------------------------------------------------------------------------------------------------
GET /bridge/info 0ms 200
GET /bridge/info 1ms 200
------------------------------------------------------------------------------------------------------
GET /bridge/901/on___9be/websocket 0ms (unfinished)
------------------------------------------------------------------------------------------------------
GET /bridge/271/o2w99wt1/websocket 0ms (unfinished)
------------------------------------------------------------------------------------------------------
GET /bridge/info 1ms 200
------------------------------------------------------------------------------------------------------
------------------------------------------------------------------------------------------------------
GET /bridge/info 1ms 200
GET /bridge/379/hlocs22g/websocket 0ms (unfinished)
------------------------------------------------------------------------------------------------------
------------------------------------------------------------------------------------------------------
GET /bridge/638/gp01dza2/websocket 0ms (unfinished)
------------------------------------------------------------------------------------------------------
GET /bridge/info 1ms 200
GET /bridge/info 1ms 200
------------------------------------------------------------------------------------------------------
GET /bridge/185/hpwmwx8r/websocket 0ms (unfinished)
------------------------------------------------------------------------------------------------------
------------------------------------------------------------------------------------------------------
GET /bridge/194/xqss_j4g/websocket 1ms (unfinished)
GET /bridge/info 0ms 200
------------------------------------------------------------------------------------------------------
GET /bridge/info 0ms 200
------------------------------------------------------------------------------------------------------
------------------------------------------------------------------------------------------------------
GET /bridge/482/skgom7vp/websocket 0ms (unfinished)
GET /bridge/678/wi__swj6/websocket 0ms (unfinished)
------------------------------------------------------------------------------------------------------
------------------------------------------------------------------------------------------------------
GET /bridge/info 2ms 200
------------------------------------------------------------------------------------------------------
GET /bridge/info 1ms 200
GET /bridge/471/qbjzore3/websocket 0ms (unfinished)
------------------------------------------------------------------------------------------------------
GET /bridge/676/otkbo4gz/websocket 1ms (unfinished)
------------------------------------------------------------------------------------------------------
------------------------------------------------------------------------------------------------------
POST /bridge/471/9me86doq/xhr_streaming 2ms (unfinished)
POST /bridge/471/9me86doq/xhr_send 3ms 204
------------------------------------------------------------------------------------------------------
------------------------------------------------------------------------------------------------------
POST /bridge/676/2rf342ik/xhr_streaming 1ms (unfinished)
POST /bridge/676/2rf342ik/xhr_send 1ms 204
------------------------------------------------------------------------------------------------------
