GET /bridge/info 1ms 200
------------------------------------------------------------------------------------------------------
GET /bridge/info 0ms 200
------------------------------------------------------------------------------------------------------
GET /bridge/684/bve0db24/websocket 0ms (unfinished)
------------------------------------------------------------------------------------------------------
------------------------------------------------------------------------------------------------------
GET /bridge/517/8yz5af0k/websocket 1ms (unfinished)
POST /bridge/684/jgkrle8o/xhr_streaming 0ms (unfinished)
------------------------------------------------------------------------------------------------------
------------------------------------------------------------------------------------------------------
POST /bridge/684/jgkrle8o/xhr_send 2ms 204
------------------------------------------------------------------------------------------------------
POST /bridge/517/3ye6xdo4/xhr_streaming 1ms (unfinished)
POST /bridge/517/3ye6xdo4/xhr_send 1ms 204
------------------------------------------------------------------------------------------------------
------------------------------------------------------------------------------------------------------
POST /bridge/295/37yy_vnj/xhr_send 1ms 204
GET /bridge/info 0ms 200
------------------------------------------------------------------------------------------------------
------------------------------------------------------------------------------------------------------
GET /bridge/info 0ms 200
GET /bridge/907/m4z6pet2/websocket 0ms (unfinished)
------------------------------------------------------------------------------------------------------
GET /bridge/287/s22d6iat/websocket 0ms (unfinished)
------------------------------------------------------------------------------------------------------
------------------------------------------------------------------------------------------------------
POST /bridge/907/_5iwab2b/xhr_streaming 1ms (unfinished)
POST /bridge/287/82eil1t3/xhr_streaming 1ms (unfinished)
------------------------------------------------------------------------------------------------------
------------------------------------------------------------------------------------------------------
POST /bridge/907/_5iwab2b/xhr_send 1ms 204
POST /bridge/287/82eil1t3/xhr_send 1ms 204
------------------------------------------------------------------------------------------------------
GET /bridge/info 0ms 200
------------------------------------------------------------------------------------------------------
GET /bridge/info 0ms 200
------------------------------------------------------------------------------------------------------
------------------------------------------------------------------------------------------------------
GET /bridge/535/r69iob71/websocket 0ms (unfinished)
GET /bridge/991/_4hybi7m/websocket 0ms (unfinished)
------------------------------------------------------------------------------------------------------
------------------------------------------------------------------------------------------------------
POST /bridge/535/os0e3b72/xhr_streaming 1ms (unfinished)
------------------------------------------------------------------------------------------------------
POST /bridge/535/os0e3b72/xhr_send 1ms 204
POST /bridge/991/yqetsv1d/xhr_streaming 0ms (unfinished)
------------------------------------------------------------------------------------------------------
POST /bridge/991/yqetsv1d/xhr_send 1ms 204
------------------------------------------------------------------------------------------------------
GET /bridge/info 1ms 200
------------------------------------------------------------------------------------------------------
GET /bridge/info 0ms 200
------------------------------------------------------------------------------------------------------
------------------------------------------------------------------------------------------------------
GET /bridge/457/isie28id/websocket 1ms (unfinished)
GET /bridge/504/ic3ob4ep/websocket 1ms (unfinished)
------------------------------------------------------------------------------------------------------
POST /bridge/457/4t9sijxv/xhr_streaming 1ms (unfinished)
------------------------------------------------------------------------------------------------------
POST /bridge/457/4t9sijxv/xhr_send 1ms 204
------------------------------------------------------------------------------------------------------
POST /bridge/504/xntfp9xm/xhr_streaming 1ms (unfinished)
------------------------------------------------------------------------------------------------------
POST /bridge/504/xntfp9xm/xhr_send 1ms 204
------------------------------------------------------------------------------------------------------
GET /bridge/info 1ms 200
------------------------------------------------------------------------------------------------------
GET /bridge/info 1ms 200
------------------------------------------------------------------------------------------------------
------------------------------------------------------------------------------------------------------
GET /bridge/380/0nwtqq63/websocket 3ms (unfinished)
------------------------------------------------------------------------------------------------------
GET /bridge/666/6_ocew45/websocket 0ms (unfinished)
POST /bridge/380/7vz9w97t/xhr_streaming 1ms (unfinished)
------------------------------------------------------------------------------------------------------
------------------------------------------------------------------------------------------------------
POST /bridge/380/7vz9w97t/xhr_send 5ms 204
POST /bridge/666/10kdd2wy/xhr_streaming 1ms (unfinished)
------------------------------------------------------------------------------------------------------
GET /bridge/info 1ms 200
------------------------------------------------------------------------------------------------------
GET /bridge/info 1ms 200
------------------------------------------------------------------------------------------------------
GET /bridge/877/nfz2uahi/websocket 2ms (unfinished)
------------------------------------------------------------------------------------------------------
GET /bridge/320/b1qna5_5/websocket 1ms (unfinished)
------------------------------------------------------------------------------------------------------
GET /bridge/info 0ms 200
------------------------------------------------------------------------------------------------------
GET /bridge/info 1ms 200
------------------------------------------------------------------------------------------------------
GET /bridge/075/7b1q4_yc/websocket 1ms (unfinished)
------------------------------------------------------------------------------------------------------
GET /bridge/280/0c0uyw4z/websocket 0ms (unfinished)
------------------------------------------------------------------------------------------------------
GET /bridge/info 1ms 200
------------------------------------------------------------------------------------------------------
GET /bridge/info 0ms 200
------------------------------------------------------------------------------------------------------
------------------------------------------------------------------------------------------------------
GET /bridge/352/e3aalpca/websocket 0ms (unfinished)
GET /bridge/010/lhujksk5/websocket 0ms (unfinished)
------------------------------------------------------------------------------------------------------
------------------------------------------------------------------------------------------------------
POST /bridge/352/2w0w8fwp/xhr_streaming 1ms (unfinished)
------------------------------------------------------------------------------------------------------
POST /bridge/352/2w0w8fwp/xhr_send 4ms 204
POST /bridge/010/r66lx74t/xhr_streaming 0ms (unfinished)
------------------------------------------------------------------------------------------------------
POST /bridge/010/r66lx74t/xhr_send 1ms 204
------------------------------------------------------------------------------------------------------
GET /bridge/info 0ms 200
------------------------------------------------------------------------------------------------------
GET /bridge/info 0ms 200
------------------------------------------------------------------------------------------------------
GET /bridge/066/9td1jls2/websocket 1ms (unfinished)
------------------------------------------------------------------------------------------------------
GET /bridge/725/3z_gplo_/websocket 0ms (unfinished)
------------------------------------------------------------------------------------------------------
POST /bridge/066/p7k4t94o/xhr_streaming 1ms (unfinished)
------------------------------------------------------------------------------------------------------
POST /bridge/066/p7k4t94o/xhr_send 1ms 204
------------------------------------------------------------------------------------------------------
POST /bridge/725/wtv2c48i/xhr_streaming 1ms (unfinished)
------------------------------------------------------------------------------------------------------
------------------------------------------------------------------------------------------------------
POST /bridge/725/wtv2c48i/xhr_send 1ms 204
------------------------------------------------------------------------------------------------------
GET /bridge/info 0ms 200
GET /bridge/info 1ms 200
------------------------------------------------------------------------------------------------------
------------------------------------------------------------------------------------------------------
GET /bridge/084/9e4gur71/websocket 1ms (unfinished)
GET /bridge/154/0b63dxc4/websocket 0ms (unfinished)
------------------------------------------------------------------------------------------------------
POST /bridge/084/c1hihtm0/xhr_streaming 1ms (unfinished)
------------------------------------------------------------------------------------------------------
POST /bridge/084/c1hihtm0/xhr_send 1ms 204
------------------------------------------------------------------------------------------------------
POST /bridge/154/4avfrsqa/xhr_streaming 0ms (unfinished)
------------------------------------------------------------------------------------------------------
------------------------------------------------------------------------------------------------------
POST /bridge/154/4avfrsqa/xhr_send 1ms 204
GET /bridge/info 1ms 200
------------------------------------------------------------------------------------------------------
------------------------------------------------------------------------------------------------------
GET /bridge/info 1ms 200
GET /bridge/171/kibkvixv/websocket 4ms (unfinished)
------------------------------------------------------------------------------------------------------
GET /bridge/564/exj3kpdu/websocket 0ms (unfinished)
------------------------------------------------------------------------------------------------------
POST /bridge/171/ancafm7u/xhr_streaming 1ms (unfinished)
------------------------------------------------------------------------------------------------------
POST /bridge/564/y8ht9atw/xhr_streaming 1ms (unfinished)
------------------------------------------------------------------------------------------------------
------------------------------------------------------------------------------------------------------
GET /bridge/info 0ms 200
GET /bridge/514/7uahvulf/websocket 0ms (unfinished)
------------------------------------------------------------------------------------------------------
GET /bridge/info 1ms 200
------------------------------------------------------------------------------------------------------
------------------------------------------------------------------------------------------------------
GET /bridge/634/s_1ypzid/websocket 1ms (unfinished)
------------------------------------------------------------------------------------------------------
GET /bridge/info 1ms 200
------------------------------------------------------------------------------------------------------
GET /bridge/514/hkqf2w31/websocket 0ms (unfinished)
GET /bridge/info 1ms 200
------------------------------------------------------------------------------------------------------
GET /bridge/884/s6siicy5/websocket 1ms (unfinished)
------------------------------------------------------------------------------------------------------
GET /bridge/info 1ms 200
------------------------------------------------------------------------------------------------------
GET /bridge/info 1ms 200
------------------------------------------------------------------------------------------------------
GET /bridge/861/hmb989e_/websocket 0ms (unfinished)
------------------------------------------------------------------------------------------------------
GET /bridge/082/uxqgoxjw/websocket 0ms (unfinished)
------------------------------------------------------------------------------------------------------
GET /bridge/info 1ms 200
------------------------------------------------------------------------------------------------------
GET /bridge/info 0ms 200
------------------------------------------------------------------------------------------------------
------------------------------------------------------------------------------------------------------
GET /bridge/462/u1slt42s/websocket 0ms (unfinished)
------------------------------------------------------------------------------------------------------
GET /bridge/936/7jwshrom/websocket 0ms (unfinished)
GET /bridge/info 1ms 200
------------------------------------------------------------------------------------------------------
------------------------------------------------------------------------------------------------------
GET /bridge/info 0ms 200
GET /bridge/498/toc0k7d0/websocket 0ms (unfinished)
------------------------------------------------------------------------------------------------------
GET /bridge/343/jixobp0n/websocket 0ms (unfinished)
------------------------------------------------------------------------------------------------------
------------------------------------------------------------------------------------------------------
GET /bridge/info 0ms 200
GET /bridge/info 0ms 200
------------------------------------------------------------------------------------------------------
GET /bridge/758/tetd65wg/websocket 0ms (unfinished)
------------------------------------------------------------------------------------------------------
------------------------------------------------------------------------------------------------------
GET /bridge/768/u_w6jrlf/websocket 0ms (unfinished)
GET /bridge/info 2ms 200
------------------------------------------------------------------------------------------------------
GET /bridge/info 1ms 200
------------------------------------------------------------------------------------------------------
------------------------------------------------------------------------------------------------------
GET /bridge/490/9vfjs27g/websocket 3ms (unfinished)
------------------------------------------------------------------------------------------------------
GET /bridge/718/4ho6yk_s/websocket 0ms (unfinished)
------------------------------------------------------------------------------------------------------
GET /bridge/info 2ms 200
GET /bridge/info 0ms 200
------------------------------------------------------------------------------------------------------
GET /bridge/167/l5j87vye/websocket 3ms (unfinished)
------------------------------------------------------------------------------------------------------
GET /bridge/460/ehtx5ooh/websocket 0ms (unfinished)
------------------------------------------------------------------------------------------------------
GET /bridge/info 1ms 200
------------------------------------------------------------------------------------------------------
GET /bridge/info 1ms 200
------------------------------------------------------------------------------------------------------
GET /bridge/505/n1pgmt1a/websocket 0ms (unfinished)
------------------------------------------------------------------------------------------------------
GET /bridge/125/hefubg3u/websocket 0ms (unfinished)
------------------------------------------------------------------------------------------------------
GET /bridge/info 1ms 200
------------------------------------------------------------------------------------------------------
GET /bridge/info 1ms 200
------------------------------------------------------------------------------------------------------
GET /bridge/260/_4qdh83o/websocket 0ms (unfinished)
------------------------------------------------------------------------------------------------------
------------------------------------------------------------------------------------------------------
GET /bridge/965/houl4pqw/websocket 0ms (unfinished)
GET /bridge/info 0ms 200
------------------------------------------------------------------------------------------------------
------------------------------------------------------------------------------------------------------
GET /bridge/info 0ms 200
GET /bridge/017/v3scvhp7/websocket 0ms (unfinished)
------------------------------------------------------------------------------------------------------
GET /bridge/314/5wrl3_rs/websocket 1ms (unfinished)
------------------------------------------------------------------------------------------------------
GET /bridge/info 1ms 200
------------------------------------------------------------------------------------------------------
GET /bridge/info 0ms 200
------------------------------------------------------------------------------------------------------
GET /bridge/169/5_v7t500/websocket 0ms (unfinished)
------------------------------------------------------------------------------------------------------
GET /bridge/177/2gk7lwmo/websocket 0ms (unfinished)
------------------------------------------------------------------------------------------------------
GET /bridge/info 1ms 200
------------------------------------------------------------------------------------------------------
GET /bridge/info 0ms 200
------------------------------------------------------------------------------------------------------
------------------------------------------------------------------------------------------------------
GET /bridge/965/2w62t_fr/websocket 0ms (unfinished)
GET /bridge/218/u_xhjekv/websocket 0ms (unfinished)
------------------------------------------------------------------------------------------------------
GET /bridge/info 0ms 200
------------------------------------------------------------------------------------------------------
GET /bridge/info 0ms 200
------------------------------------------------------------------------------------------------------
------------------------------------------------------------------------------------------------------
GET /bridge/484/6gty6f2j/websocket 1ms (unfinished)
GET /bridge/788/zjcvz14n/websocket 1ms (unfinished)
------------------------------------------------------------------------------------------------------
GET /bridge/info 0ms 200
------------------------------------------------------------------------------------------------------
GET /bridge/414/ove8c9t8/websocket 0ms (unfinished)
------------------------------------------------------------------------------------------------------
GET /bridge/info 0ms 200
------------------------------------------------------------------------------------------------------
GET /bridge/057/_d8zo97x/websocket 1ms (unfinished)
------------------------------------------------------------------------------------------------------
GET /bridge/info 1ms 200
------------------------------------------------------------------------------------------------------
GET /bridge/info 1ms 200
------------------------------------------------------------------------------------------------------
------------------------------------------------------------------------------------------------------
GET /bridge/041/xyqqx4eu/websocket 0ms (unfinished)
------------------------------------------------------------------------------------------------------
GET /bridge/930/b3b4ki3m/websocket 0ms (unfinished)
GET /bridge/info 1ms 200
------------------------------------------------------------------------------------------------------
GET /bridge/info 0ms 200
------------------------------------------------------------------------------------------------------
GET /bridge/653/i6jcig2b/websocket 0ms (unfinished)
------------------------------------------------------------------------------------------------------
GET /bridge/358/8evawaj1/websocket 1ms (unfinished)
------------------------------------------------------------------------------------------------------
GET /bridge/info 0ms 200
------------------------------------------------------------------------------------------------------
GET /bridge/info 1ms 200
------------------------------------------------------------------------------------------------------
------------------------------------------------------------------------------------------------------
GET /bridge/128/0rzxdbgm/websocket 1ms (unfinished)
------------------------------------------------------------------------------------------------------
GET /bridge/597/bml4kl1y/websocket 1ms (unfinished)
GET /bridge/info 1ms 200
------------------------------------------------------------------------------------------------------
GET /bridge/info 0ms 200
------------------------------------------------------------------------------------------------------
GET /bridge/293/b0huqqfp/websocket 2ms (unfinished)
------------------------------------------------------------------------------------------------------
------------------------------------------------------------------------------------------------------
GET /bridge/259/2fx2vhk6/websocket 1ms (unfinished)
POST /bridge/171/ancafm7u/xhr_send 4ms 204
------------------------------------------------------------------------------------------------------
POST /bridge/564/y8ht9atw/xhr_send 1ms 204
------------------------------------------------------------------------------------------------------
GET /bridge/info 2ms 200
------------------------------------------------------------------------------------------------------
------------------------------------------------------------------------------------------------------
GET /bridge/info 1ms 200
GET /bridge/545/a_3gf08d/websocket 2ms (unfinished)
------------------------------------------------------------------------------------------------------
GET /bridge/278/hh6u4r8x/websocket 0ms (unfinished)
------------------------------------------------------------------------------------------------------
POST /bridge/545/hy8ns9sq/xhr_streaming 1ms (unfinished)
------------------------------------------------------------------------------------------------------
------------------------------------------------------------------------------------------------------
POST /bridge/545/hy8ns9sq/xhr_send 1ms 204
POST /bridge/278/004pvovm/xhr_streaming 0ms (unfinished)
------------------------------------------------------------------------------------------------------
------------------------------------------------------------------------------------------------------
POST /bridge/278/004pvovm/xhr_send 1ms 204
GET /bridge/info 0ms 200
------------------------------------------------------------------------------------------------------
------------------------------------------------------------------------------------------------------
GET /bridge/info 0ms 200
------------------------------------------------------------------------------------------------------
GET /bridge/607/8jozpb38/websocket 0ms (unfinished)
GET /bridge/852/yitjlfp5/websocket 1ms (unfinished)
------------------------------------------------------------------------------------------------------
POST /bridge/607/j4lfbsj2/xhr_streaming 0ms (unfinished)
------------------------------------------------------------------------------------------------------
POST /bridge/852/9bmg7vcx/xhr_streaming 0ms (unfinished)
------------------------------------------------------------------------------------------------------
POST /bridge/607/j4lfbsj2/xhr_send 1ms 204
------------------------------------------------------------------------------------------------------
POST /bridge/852/9bmg7vcx/xhr_send 1ms 204
------------------------------------------------------------------------------------------------------
------------------------------------------------------------------------------------------------------
GET /bridge/info 1ms 200
------------------------------------------------------------------------------------------------------
GET /bridge/info 1ms 200
------------------------------------------------------------------------------------------------------
GET /bridge/867/rnky_k9u/websocket 3ms (unfinished)
GET /bridge/837/kme3jl66/websocket 0ms (unfinished)
------------------------------------------------------------------------------------------------------
------------------------------------------------------------------------------------------------------
GET /bridge/info 1ms 200
------------------------------------------------------------------------------------------------------
GET /bridge/info 1ms 200
------------------------------------------------------------------------------------------------------
GET /bridge/189/l9_i8m31/websocket 1ms (unfinished)
GET /bridge/107/wv951ql1/websocket 0ms (unfinished)
------------------------------------------------------------------------------------------------------
------------------------------------------------------------------------------------------------------
POST /bridge/189/dipzigzo/xhr_streaming 1ms (unfinished)
POST /bridge/189/dipzigzo/xhr_send 4ms 204
------------------------------------------------------------------------------------------------------
POST /bridge/107/0i8rq20u/xhr_streaming 0ms (unfinished)
------------------------------------------------------------------------------------------------------
GET /bridge/info 1ms 200
------------------------------------------------------------------------------------------------------
------------------------------------------------------------------------------------------------------
GET /bridge/info 1ms 200
GET /bridge/642/3t4jd1e7/websocket 1ms (unfinished)
------------------------------------------------------------------------------------------------------
GET /bridge/468/w9m56tfl/websocket 1ms (unfinished)
------------------------------------------------------------------------------------------------------
------------------------------------------------------------------------------------------------------
GET /bridge/info 0ms 200
GET /bridge/info 0ms 200
------------------------------------------------------------------------------------------------------
------------------------------------------------------------------------------------------------------
GET /bridge/194/fswguxvp/websocket 1ms (unfinished)
------------------------------------------------------------------------------------------------------
GET /bridge/581/_mceuqah/websocket 0ms (unfinished)
GET /bridge/info 1ms 200
------------------------------------------------------------------------------------------------------
------------------------------------------------------------------------------------------------------
------------------------------------------------------------------------------------------------------
GET /bridge/info 0ms 200
GET /bridge/791/1q4f0tff/websocket 3ms (unfinished)
GET /bridge/573/a42cz4cs/websocket 0ms (unfinished)
------------------------------------------------------------------------------------------------------
GET /bridge/info 0ms 200
------------------------------------------------------------------------------------------------------
GET /bridge/info 0ms 200
------------------------------------------------------------------------------------------------------
GET /bridge/963/s53dnf4r/websocket 0ms (unfinished)
------------------------------------------------------------------------------------------------------
GET /bridge/607/p5s6c9x2/websocket 0ms (unfinished)
------------------------------------------------------------------------------------------------------
GET /bridge/info 1ms 200
------------------------------------------------------------------------------------------------------
GET /bridge/info 0ms 200
------------------------------------------------------------------------------------------------------
GET /bridge/088/1mheatu1/websocket 1ms (unfinished)
------------------------------------------------------------------------------------------------------
GET /bridge/524/3z10iv0q/websocket 0ms (unfinished)
------------------------------------------------------------------------------------------------------
GET /bridge/info 1ms 200
------------------------------------------------------------------------------------------------------
GET /bridge/info 1ms 200
------------------------------------------------------------------------------------------------------
GET /bridge/361/c5o00phw/websocket 0ms (unfinished)
------------------------------------------------------------------------------------------------------
GET /bridge/230/yw_4451u/websocket 0ms (unfinished)
------------------------------------------------------------------------------------------------------
GET /bridge/info 1ms 200
------------------------------------------------------------------------------------------------------
GET /bridge/info 1ms 200
------------------------------------------------------------------------------------------------------
GET /bridge/787/o1tzppbo/websocket 0ms (unfinished)
------------------------------------------------------------------------------------------------------
------------------------------------------------------------------------------------------------------
GET /bridge/394/on85l8ew/websocket 1ms (unfinished)
GET /bridge/info 0ms 200
------------------------------------------------------------------------------------------------------
------------------------------------------------------------------------------------------------------
GET /bridge/info 0ms 200
GET /bridge/284/6dma5z96/websocket 0ms (unfinished)
------------------------------------------------------------------------------------------------------
------------------------------------------------------------------------------------------------------
GET /bridge/997/92ao9epn/websocket 0ms (unfinished)
GET /bridge/info 0ms 200
------------------------------------------------------------------------------------------------------
GET /bridge/info 1ms 200
------------------------------------------------------------------------------------------------------
GET /bridge/711/hzbi4bea/websocket 0ms (unfinished)
------------------------------------------------------------------------------------------------------
GET /bridge/656/llr68uaj/websocket 1ms (unfinished)
------------------------------------------------------------------------------------------------------
------------------------------------------------------------------------------------------------------
GET /bridge/info 0ms 200
GET /bridge/info 0ms 200
------------------------------------------------------------------------------------------------------
GET /bridge/412/3vsrz4xo/websocket 0ms (unfinished)
------------------------------------------------------------------------------------------------------
GET /bridge/964/99u24dhj/websocket 0ms (unfinished)
------------------------------------------------------------------------------------------------------
------------------------------------------------------------------------------------------------------
GET /bridge/info 1ms 200
GET /bridge/info 0ms 200
------------------------------------------------------------------------------------------------------
------------------------------------------------------------------------------------------------------
GET /bridge/745/rhw_ul7f/websocket 2ms (unfinished)
GET /bridge/870/t_0fuzmw/websocket 0ms (unfinished)
------------------------------------------------------------------------------------------------------
------------------------------------------------------------------------------------------------------
POST /bridge/745/1rdfazau/xhr_streaming 1ms (unfinished)
------------------------------------------------------------------------------------------------------
POST /bridge/745/1rdfazau/xhr_send 4ms 204
POST /bridge/870/8j6_9sup/xhr_streaming 1ms (unfinished)
------------------------------------------------------------------------------------------------------
------------------------------------------------------------------------------------------------------
POST /bridge/870/8j6_9sup/xhr_send 1ms 204
------------------------------------------------------------------------------------------------------
GET /bridge/info 1ms 200
------------------------------------------------------------------------------------------------------
GET /bridge/info 0ms 200
GET /bridge/793/iyxirad1/websocket 3ms (unfinished)
------------------------------------------------------------------------------------------------------
GET /bridge/345/j57iphzg/websocket 1ms (unfinished)
------------------------------------------------------------------------------------------------------
GET /bridge/info 1ms 200
------------------------------------------------------------------------------------------------------
GET /bridge/info 0ms 200
------------------------------------------------------------------------------------------------------
GET /bridge/556/1s0uiwym/websocket 0ms (unfinished)
------------------------------------------------------------------------------------------------------
GET /bridge/381/0zigf0t_/websocket 0ms (unfinished)
------------------------------------------------------------------------------------------------------
GET /bridge/info 0ms 200
------------------------------------------------------------------------------------------------------
GET /bridge/info 0ms 200
------------------------------------------------------------------------------------------------------
GET /bridge/513/vb7abnzc/websocket 0ms (unfinished)
------------------------------------------------------------------------------------------------------
GET /bridge/561/e2ripagx/websocket 1ms (unfinished)
------------------------------------------------------------------------------------------------------
19,01,2022,09,00
------------------------------------------------------------------------------------------------------
19,01,2022,09,00
------------------------------------------------------------------------------------------------------
GET /bridge/info 1ms 200
------------------------------------------------------------------------------------------------------
GET /bridge/info 0ms 200
------------------------------------------------------------------------------------------------------
GET /bridge/194/e_z4twy_/websocket 1ms (unfinished)
------------------------------------------------------------------------------------------------------
------------------------------------------------------------------------------------------------------
GET /bridge/236/iupl68s2/websocket 0ms (unfinished)
------------------------------------------------------------------------------------------------------
GET /bridge/info 1ms 200
GET /bridge/info 0ms 200
------------------------------------------------------------------------------------------------------
GET /bridge/511/qf5s6kld/websocket 0ms (unfinished)
------------------------------------------------------------------------------------------------------
GET /bridge/950/raj907ks/websocket 0ms (unfinished)
------------------------------------------------------------------------------------------------------
GET /bridge/info 1ms 200
------------------------------------------------------------------------------------------------------
GET /bridge/info 0ms 200
------------------------------------------------------------------------------------------------------
GET /bridge/000/jq_5nxyo/websocket 0ms (unfinished)
------------------------------------------------------------------------------------------------------
------------------------------------------------------------------------------------------------------
GET /bridge/226/moce2nen/websocket 0ms (unfinished)
GET /bridge/info 0ms 200
------------------------------------------------------------------------------------------------------
GET /bridge/info 1ms 200
------------------------------------------------------------------------------------------------------
GET /bridge/110/pkqukyto/websocket 0ms (unfinished)
------------------------------------------------------------------------------------------------------
GET /bridge/643/pc_7o7a3/websocket 0ms (unfinished)
------------------------------------------------------------------------------------------------------
GET /bridge/info 2ms 200
------------------------------------------------------------------------------------------------------
------------------------------------------------------------------------------------------------------
GET /bridge/info 0ms 200
GET /bridge/704/isygunvu/websocket 0ms (unfinished)
------------------------------------------------------------------------------------------------------
GET /bridge/910/e_3wv3kz/websocket 0ms (unfinished)
------------------------------------------------------------------------------------------------------
GET /bridge/info 0ms 200
------------------------------------------------------------------------------------------------------
GET /bridge/info 1ms 200
------------------------------------------------------------------------------------------------------
GET /bridge/783/f566_7lp/websocket 0ms (unfinished)
------------------------------------------------------------------------------------------------------
GET /bridge/214/uqv2ffaz/websocket 0ms (unfinished)
------------------------------------------------------------------------------------------------------
GET /bridge/info 1ms 200
------------------------------------------------------------------------------------------------------
GET /bridge/info 0ms 200
------------------------------------------------------------------------------------------------------
GET /bridge/165/4uyn597u/websocket 1ms (unfinished)
------------------------------------------------------------------------------------------------------
GET /bridge/583/ynsb15q_/websocket 0ms (unfinished)
------------------------------------------------------------------------------------------------------
GET /bridge/info 0ms 200
------------------------------------------------------------------------------------------------------
GET /bridge/info 0ms 200
------------------------------------------------------------------------------------------------------
GET /bridge/832/mjwccb3f/websocket 0ms (unfinished)
------------------------------------------------------------------------------------------------------
GET /bridge/053/5bul9hkp/websocket 0ms (unfinished)
------------------------------------------------------------------------------------------------------
GET /bridge/info 2ms 200
------------------------------------------------------------------------------------------------------
GET /bridge/info 0ms 200
------------------------------------------------------------------------------------------------------
------------------------------------------------------------------------------------------------------
GET /bridge/810/66yveasv/websocket 3ms (unfinished)
GET /bridge/984/c6_k1jz4/websocket 1ms (unfinished)
------------------------------------------------------------------------------------------------------
GET /bridge/info 0ms 200
------------------------------------------------------------------------------------------------------
GET /bridge/info 1ms 200
------------------------------------------------------------------------------------------------------
GET /bridge/322/63pjjg5m/websocket 1ms (unfinished)
------------------------------------------------------------------------------------------------------
GET /bridge/520/p6_ie6w2/websocket 0ms (unfinished)
------------------------------------------------------------------------------------------------------
GET /bridge/info 1ms 200
------------------------------------------------------------------------------------------------------
GET /bridge/info 0ms 200
------------------------------------------------------------------------------------------------------
GET /bridge/523/dc04jdnp/websocket 4ms (unfinished)
------------------------------------------------------------------------------------------------------
GET /bridge/860/7t_wmrts/websocket 1ms (unfinished)
------------------------------------------------------------------------------------------------------
------------------------------------------------------------------------------------------------------
GET /bridge/info 1ms 200
GET /bridge/info 0ms 200
------------------------------------------------------------------------------------------------------
GET /bridge/089/2t7fvu3e/websocket 2ms (unfinished)
------------------------------------------------------------------------------------------------------
GET /bridge/485/_xe4qwwc/websocket 0ms (unfinished)
------------------------------------------------------------------------------------------------------
GET /bridge/info 1ms 200
------------------------------------------------------------------------------------------------------
GET /bridge/info 0ms 200
------------------------------------------------------------------------------------------------------
------------------------------------------------------------------------------------------------------
GET /bridge/771/t_p4mthv/websocket 2ms (unfinished)
------------------------------------------------------------------------------------------------------
GET /bridge/771/5y6d17h_/websocket 0ms (unfinished)
GET /bridge/info 0ms 200
------------------------------------------------------------------------------------------------------
------------------------------------------------------------------------------------------------------
GET /bridge/info 1ms 200
GET /bridge/795/y7k0qtcp/websocket 0ms (unfinished)
------------------------------------------------------------------------------------------------------
GET /bridge/070/im9euvuk/websocket 0ms (unfinished)
------------------------------------------------------------------------------------------------------
------------------------------------------------------------------------------------------------------
GET /bridge/info 1ms 200
GET /bridge/info 0ms 200
------------------------------------------------------------------------------------------------------
------------------------------------------------------------------------------------------------------
GET /bridge/333/dyudfyux/websocket 3ms (unfinished)
GET /bridge/209/1twwbb3h/websocket 0ms (unfinished)
------------------------------------------------------------------------------------------------------
GET /bridge/info 1ms 200
------------------------------------------------------------------------------------------------------
GET /bridge/info 0ms 200
------------------------------------------------------------------------------------------------------
GET /bridge/807/6kdc7561/websocket 2ms (unfinished)
------------------------------------------------------------------------------------------------------
------------------------------------------------------------------------------------------------------
GET /bridge/366/wng2p2i9/websocket 1ms (unfinished)
------------------------------------------------------------------------------------------------------
POST /bridge/807/bfkrdxhn/xhr_streaming 1ms (unfinished)
POST /bridge/366/fsw19z5r/xhr_streaming 1ms (unfinished)
------------------------------------------------------------------------------------------------------
POST /bridge/807/bfkrdxhn/xhr_send 3ms 204
------------------------------------------------------------------------------------------------------
------------------------------------------------------------------------------------------------------
POST /bridge/366/fsw19z5r/xhr_send 1ms 204
GET /bridge/info 1ms 200
------------------------------------------------------------------------------------------------------
GET /bridge/info 0ms 200
------------------------------------------------------------------------------------------------------
GET /bridge/105/piw9pffo/websocket 0ms (unfinished)
------------------------------------------------------------------------------------------------------
GET /bridge/322/4b5wevrl/websocket 0ms (unfinished)
------------------------------------------------------------------------------------------------------
POST /bridge/105/i9h12vvj/xhr_streaming 1ms (unfinished)
------------------------------------------------------------------------------------------------------
POST /bridge/105/i9h12vvj/xhr_send 1ms 204
------------------------------------------------------------------------------------------------------
------------------------------------------------------------------------------------------------------
POST /bridge/322/f875dc_j/xhr_streaming 0ms (unfinished)
POST /bridge/322/f875dc_j/xhr_send 2ms 204
------------------------------------------------------------------------------------------------------
GET /bridge/info 6ms 200
------------------------------------------------------------------------------------------------------
GET /bridge/info 1ms 200
------------------------------------------------------------------------------------------------------
GET /bridge/832/ro65tzyz/websocket 1ms (unfinished)
------------------------------------------------------------------------------------------------------
------------------------------------------------------------------------------------------------------
GET /bridge/210/e0z_5qh9/websocket 1ms (unfinished)
GET /bridge/info 1ms 200
------------------------------------------------------------------------------------------------------
GET /bridge/info 0ms 200
------------------------------------------------------------------------------------------------------
GET /bridge/232/qxkjncyl/websocket 2ms (unfinished)
------------------------------------------------------------------------------------------------------
GET /bridge/438/c_jmfe8q/websocket 0ms (unfinished)
------------------------------------------------------------------------------------------------------
GET /bridge/info 2ms 200
------------------------------------------------------------------------------------------------------
GET /bridge/info 1ms 200
------------------------------------------------------------------------------------------------------
GET /bridge/221/_2v63kyk/websocket 5ms (unfinished)
------------------------------------------------------------------------------------------------------
GET /bridge/978/plcyocy5/websocket 1ms (unfinished)
------------------------------------------------------------------------------------------------------
POST /bridge/221/gol9pj2j/xhr_streaming 1ms (unfinished)
------------------------------------------------------------------------------------------------------
POST /bridge/221/gol9pj2j/xhr_send 4ms 204
------------------------------------------------------------------------------------------------------
------------------------------------------------------------------------------------------------------
POST /bridge/978/aoupgmbo/xhr_streaming 1ms (unfinished)
POST /bridge/978/aoupgmbo/xhr_send 1ms 204
------------------------------------------------------------------------------------------------------
GET /bridge/info 1ms 200
------------------------------------------------------------------------------------------------------
GET /bridge/info 0ms 200
------------------------------------------------------------------------------------------------------
GET /bridge/557/8trd3ik9/websocket 2ms (unfinished)
------------------------------------------------------------------------------------------------------
GET /bridge/531/ruqry48w/websocket 1ms (unfinished)
------------------------------------------------------------------------------------------------------
POST /bridge/557/tdydh520/xhr_streaming 1ms (unfinished)
------------------------------------------------------------------------------------------------------
POST /bridge/531/qid9fmdc/xhr_streaming 1ms (unfinished)
------------------------------------------------------------------------------------------------------
------------------------------------------------------------------------------------------------------
POST /bridge/557/tdydh520/xhr_send 5ms 204
POST /bridge/531/qid9fmdc/xhr_send 1ms 204
------------------------------------------------------------------------------------------------------
GET /bridge/info 2ms 200
------------------------------------------------------------------------------------------------------
GET /bridge/info 1ms 200
------------------------------------------------------------------------------------------------------
GET /bridge/220/pdhyl9xd/websocket 2ms (unfinished)
------------------------------------------------------------------------------------------------------
GET /bridge/616/dunpq91e/websocket 0ms (unfinished)
------------------------------------------------------------------------------------------------------
POST /bridge/220/pm12lo3q/xhr_streaming 1ms (unfinished)
------------------------------------------------------------------------------------------------------
------------------------------------------------------------------------------------------------------
POST /bridge/220/pm12lo3q/xhr_send 3ms 204
------------------------------------------------------------------------------------------------------
POST /bridge/616/gmy538bk/xhr_streaming 1ms (unfinished)
GET /bridge/info 1ms 200
------------------------------------------------------------------------------------------------------
GET /bridge/info 0ms 200
------------------------------------------------------------------------------------------------------
GET /bridge/887/bi1ej6kp/websocket 4ms (unfinished)
------------------------------------------------------------------------------------------------------
------------------------------------------------------------------------------------------------------
GET /bridge/283/z65sz1ic/websocket 0ms (unfinished)
POST /bridge/107/0i8rq20u/xhr_send 4ms 204
------------------------------------------------------------------------------------------------------
