------------------------------------------------------------------------------------------------------
POST /bridge/629/um2_79us/xhr_send 2ms 404
GET /bridge/info 1ms 200
------------------------------------------------------------------------------------------------------
------------------------------------------------------------------------------------------------------
GET /bridge/544/5aheg758/websocket 1ms (unfinished)
GET /bridge/info 1ms 200
------------------------------------------------------------------------------------------------------
GET /bridge/256/y1ofa7nm/websocket 0ms (unfinished)
------------------------------------------------------------------------------------------------------
POST /bridge/544/lc_oq8we/xhr_streaming 1ms (unfinished)
------------------------------------------------------------------------------------------------------
POST /bridge/544/lc_oq8we/xhr_send 1ms 204
------------------------------------------------------------------------------------------------------
POST /bridge/256/0qqw44ra/xhr_streaming 1ms (unfinished)
------------------------------------------------------------------------------------------------------
POST /bridge/256/0qqw44ra/xhr_send 1ms 204
------------------------------------------------------------------------------------------------------
GET /bridge/info 0ms 200
------------------------------------------------------------------------------------------------------
GET /bridge/info 0ms 200
------------------------------------------------------------------------------------------------------
GET /bridge/142/ionub6s1/websocket 0ms (unfinished)
------------------------------------------------------------------------------------------------------
GET /bridge/880/ol_qeo62/websocket 0ms (unfinished)
------------------------------------------------------------------------------------------------------
POST /bridge/142/mnar5hjr/xhr_streaming 0ms (unfinished)
------------------------------------------------------------------------------------------------------
POST /bridge/142/mnar5hjr/xhr_send 1ms 204
------------------------------------------------------------------------------------------------------
POST /bridge/880/v6big3y1/xhr_streaming 0ms (unfinished)
------------------------------------------------------------------------------------------------------
POST /bridge/880/v6big3y1/xhr_send 1ms 204
------------------------------------------------------------------------------------------------------
GET /bridge/info 0ms 200
------------------------------------------------------------------------------------------------------
GET /bridge/565/47ayyth5/websocket 0ms (unfinished)
------------------------------------------------------------------------------------------------------
GET /bridge/info 0ms 200
------------------------------------------------------------------------------------------------------
GET /bridge/599/3sg0gu5c/websocket 0ms (unfinished)
------------------------------------------------------------------------------------------------------
POST /bridge/565/vlrnck5c/xhr_streaming 0ms (unfinished)
------------------------------------------------------------------------------------------------------
POST /bridge/565/vlrnck5c/xhr_send 1ms 204
------------------------------------------------------------------------------------------------------
------------------------------------------------------------------------------------------------------
POST /bridge/599/ba1d34ej/xhr_streaming 0ms (unfinished)
POST /bridge/599/ba1d34ej/xhr_send 1ms 404
------------------------------------------------------------------------------------------------------
GET /bridge/info 1ms 200
------------------------------------------------------------------------------------------------------
GET /bridge/info 0ms 200
------------------------------------------------------------------------------------------------------
------------------------------------------------------------------------------------------------------
GET /bridge/342/_8rp7tp8/websocket 0ms (unfinished)
GET /bridge/605/d2lshq5z/websocket 0ms (unfinished)
------------------------------------------------------------------------------------------------------
------------------------------------------------------------------------------------------------------
POST /bridge/342/bzujchmk/xhr_streaming 0ms (unfinished)
------------------------------------------------------------------------------------------------------
POST /bridge/342/bzujchmk/xhr_send 1ms 204
POST /bridge/605/veame5ur/xhr_streaming 0ms (unfinished)
------------------------------------------------------------------------------------------------------
------------------------------------------------------------------------------------------------------
POST /bridge/605/veame5ur/xhr_send 2ms 204
------------------------------------------------------------------------------------------------------
GET /bridge/info 0ms 200
GET /bridge/info 0ms 200
------------------------------------------------------------------------------------------------------
GET /bridge/094/ip3qtl98/websocket 0ms (unfinished)
------------------------------------------------------------------------------------------------------
GET /bridge/237/3v8xn1bh/websocket 0ms (unfinished)
------------------------------------------------------------------------------------------------------
POST /bridge/094/zpuoksv4/xhr_streaming 1ms (unfinished)
------------------------------------------------------------------------------------------------------
POST /bridge/094/zpuoksv4/xhr_send 1ms 204
------------------------------------------------------------------------------------------------------
POST /bridge/237/yr6apq25/xhr_streaming 1ms (unfinished)
------------------------------------------------------------------------------------------------------
------------------------------------------------------------------------------------------------------
POST /bridge/237/yr6apq25/xhr_send 0ms 204
GET /bridge/info 0ms 200
------------------------------------------------------------------------------------------------------
GET /bridge/info 1ms 200
------------------------------------------------------------------------------------------------------
GET /bridge/682/ojva4pr9/websocket 0ms (unfinished)
------------------------------------------------------------------------------------------------------
GET /bridge/875/5t7wcktx/websocket 0ms (unfinished)
------------------------------------------------------------------------------------------------------
------------------------------------------------------------------------------------------------------
POST /bridge/682/iqzlld0b/xhr_streaming 0ms (unfinished)
POST /bridge/875/qx_f1npi/xhr_streaming 0ms (unfinished)
------------------------------------------------------------------------------------------------------
GET /bridge/info 1ms 200
------------------------------------------------------------------------------------------------------
------------------------------------------------------------------------------------------------------
GET /bridge/info 1ms 200
GET /bridge/622/bd5435k2/websocket 0ms (unfinished)
------------------------------------------------------------------------------------------------------
GET /bridge/230/lso7plm_/websocket 0ms (unfinished)
------------------------------------------------------------------------------------------------------
GET /bridge/info 0ms 200
------------------------------------------------------------------------------------------------------
GET /bridge/info 0ms 200
------------------------------------------------------------------------------------------------------
GET /bridge/063/mr460rx5/websocket 0ms (unfinished)
------------------------------------------------------------------------------------------------------
GET /bridge/info 1ms 200
------------------------------------------------------------------------------------------------------
GET /bridge/413/0twl0_br/websocket 2ms (unfinished)
------------------------------------------------------------------------------------------------------
GET /bridge/info 0ms 200
------------------------------------------------------------------------------------------------------
------------------------------------------------------------------------------------------------------
GET /bridge/988/bw4di3fh/websocket 1ms (unfinished)
GET /bridge/info 0ms 200
------------------------------------------------------------------------------------------------------
GET /bridge/info 1ms 200
------------------------------------------------------------------------------------------------------
GET /bridge/681/1i19r6v_/websocket 1ms (unfinished)
------------------------------------------------------------------------------------------------------
GET /bridge/971/ytkwxyl1/websocket 1ms (unfinished)
------------------------------------------------------------------------------------------------------
POST /bridge/682/iqzlld0b/xhr_send 3ms 404
------------------------------------------------------------------------------------------------------
POST /bridge/875/qx_f1npi/xhr_send 0ms 404
------------------------------------------------------------------------------------------------------
GET /bridge/info 1ms 200
------------------------------------------------------------------------------------------------------
GET /bridge/952/uywqg38l/websocket 3ms (unfinished)
------------------------------------------------------------------------------------------------------
GET /bridge/info 1ms 200
------------------------------------------------------------------------------------------------------
GET /bridge/175/ctmzbc9_/websocket 0ms (unfinished)
------------------------------------------------------------------------------------------------------
------------------------------------------------------------------------------------------------------
POST /bridge/952/18t82zhu/xhr_streaming 2ms (unfinished)
------------------------------------------------------------------------------------------------------
POST /bridge/952/18t82zhu/xhr_send 3ms 204
POST /bridge/175/z__op2q2/xhr_streaming 1ms (unfinished)
------------------------------------------------------------------------------------------------------
------------------------------------------------------------------------------------------------------
POST /bridge/175/z__op2q2/xhr_send 1ms 204
GET /bridge/info 2ms 200
------------------------------------------------------------------------------------------------------
GET /bridge/info 1ms 200
------------------------------------------------------------------------------------------------------
GET /bridge/766/bli9h51t/websocket 2ms (unfinished)
------------------------------------------------------------------------------------------------------
------------------------------------------------------------------------------------------------------
GET /bridge/331/xfxtnc4d/websocket 0ms (unfinished)
POST /bridge/766/5iq85alr/xhr_streaming 1ms (unfinished)
------------------------------------------------------------------------------------------------------
POST /bridge/766/5iq85alr/xhr_send 3ms 204
------------------------------------------------------------------------------------------------------
POST /bridge/331/vlpk8f8z/xhr_streaming 0ms (unfinished)
------------------------------------------------------------------------------------------------------
POST /bridge/331/vlpk8f8z/xhr_send 1ms 204
------------------------------------------------------------------------------------------------------
GET /bridge/info 0ms 200
------------------------------------------------------------------------------------------------------
------------------------------------------------------------------------------------------------------
GET /bridge/info 0ms 200
GET /bridge/852/2attt0x9/websocket 0ms (unfinished)
------------------------------------------------------------------------------------------------------
GET /bridge/253/nwsy97g7/websocket 0ms (unfinished)
------------------------------------------------------------------------------------------------------
POST /bridge/852/8mh2r8x2/xhr_streaming 0ms (unfinished)
------------------------------------------------------------------------------------------------------
POST /bridge/852/8mh2r8x2/xhr_send 1ms 204
------------------------------------------------------------------------------------------------------
------------------------------------------------------------------------------------------------------
POST /bridge/253/rc81cvcc/xhr_streaming 1ms (unfinished)
GET /bridge/info 1ms 200
------------------------------------------------------------------------------------------------------
GET /bridge/info 0ms 200
------------------------------------------------------------------------------------------------------
GET /bridge/830/io89x4fp/websocket 0ms (unfinished)
------------------------------------------------------------------------------------------------------
GET /bridge/250/mizcmvti/websocket 0ms (unfinished)
------------------------------------------------------------------------------------------------------
------------------------------------------------------------------------------------------------------
GET /bridge/info 0ms 200
GET /bridge/info 0ms 200
------------------------------------------------------------------------------------------------------
GET /bridge/456/xj4pod1i/websocket 0ms (unfinished)
------------------------------------------------------------------------------------------------------
GET /bridge/860/570s80f2/websocket 0ms (unfinished)
------------------------------------------------------------------------------------------------------
GET /bridge/info 1ms 200
------------------------------------------------------------------------------------------------------
GET /bridge/info 0ms 200
------------------------------------------------------------------------------------------------------
GET /bridge/748/z4lj27id/websocket 0ms (unfinished)
------------------------------------------------------------------------------------------------------
GET /bridge/460/ulq2e4li/websocket 1ms (unfinished)
------------------------------------------------------------------------------------------------------
GET /bridge/info 1ms 200
------------------------------------------------------------------------------------------------------
GET /bridge/info 0ms 200
------------------------------------------------------------------------------------------------------
GET /bridge/795/i3h6oqfo/websocket 0ms (unfinished)
------------------------------------------------------------------------------------------------------
------------------------------------------------------------------------------------------------------
GET /bridge/274/h2n8w3uw/websocket 0ms (unfinished)
GET /bridge/info 1ms 200
------------------------------------------------------------------------------------------------------
------------------------------------------------------------------------------------------------------
GET /bridge/info 0ms 200
GET /bridge/108/5qgvlof4/websocket 0ms (unfinished)
------------------------------------------------------------------------------------------------------
GET /bridge/406/_p6wf4rk/websocket 0ms (unfinished)
------------------------------------------------------------------------------------------------------
GET /bridge/info 0ms 200
------------------------------------------------------------------------------------------------------
GET /bridge/info 0ms 200
------------------------------------------------------------------------------------------------------
GET /bridge/993/ecrf6l5e/websocket 0ms (unfinished)
------------------------------------------------------------------------------------------------------
------------------------------------------------------------------------------------------------------
GET /bridge/178/1sh3z5q9/websocket 0ms (unfinished)
GET /bridge/info 1ms 200
------------------------------------------------------------------------------------------------------
GET /bridge/info 0ms 200
------------------------------------------------------------------------------------------------------
GET /bridge/722/o3bc8xsf/websocket 1ms (unfinished)
------------------------------------------------------------------------------------------------------
GET /bridge/588/4dvd_jiq/websocket 0ms (unfinished)
------------------------------------------------------------------------------------------------------
GET /bridge/info 1ms 200
------------------------------------------------------------------------------------------------------
GET /bridge/info 1ms 200
------------------------------------------------------------------------------------------------------
------------------------------------------------------------------------------------------------------
GET /bridge/293/3bl9d_8o/websocket 2ms (unfinished)
GET /bridge/318/zn0x34gk/websocket 1ms (unfinished)
------------------------------------------------------------------------------------------------------
GET /bridge/info 0ms 200
------------------------------------------------------------------------------------------------------
GET /bridge/info 1ms 200
------------------------------------------------------------------------------------------------------
GET /bridge/688/qa6il3tw/websocket 0ms (unfinished)
------------------------------------------------------------------------------------------------------
GET /bridge/869/1uvp8pr2/websocket 0ms (unfinished)
------------------------------------------------------------------------------------------------------
------------------------------------------------------------------------------------------------------
GET /bridge/info 0ms 200
GET /bridge/info 0ms 200
------------------------------------------------------------------------------------------------------
------------------------------------------------------------------------------------------------------
GET /bridge/012/mi7i0vok/websocket 0ms (unfinished)
GET /bridge/407/y4i8e8xl/websocket 1ms (unfinished)
------------------------------------------------------------------------------------------------------
GET /bridge/info 1ms 200
------------------------------------------------------------------------------------------------------
------------------------------------------------------------------------------------------------------
GET /bridge/info 1ms 200
GET /bridge/198/f45ubj9x/websocket 0ms (unfinished)
------------------------------------------------------------------------------------------------------
------------------------------------------------------------------------------------------------------
GET /bridge/435/lr_gsuu6/websocket 0ms (unfinished)
GET /bridge/info 0ms 200
------------------------------------------------------------------------------------------------------
GET /bridge/info 1ms 200
------------------------------------------------------------------------------------------------------
GET /bridge/400/kjp3gl4z/websocket 0ms (unfinished)
------------------------------------------------------------------------------------------------------
GET /bridge/784/1o83vpnb/websocket 0ms (unfinished)
------------------------------------------------------------------------------------------------------
GET /bridge/info 1ms 200
------------------------------------------------------------------------------------------------------
GET /bridge/info 1ms 200
------------------------------------------------------------------------------------------------------
GET /bridge/460/pbtqwcir/websocket 2ms (unfinished)
------------------------------------------------------------------------------------------------------
GET /bridge/550/yxfusjhz/websocket 0ms (unfinished)
------------------------------------------------------------------------------------------------------
GET /bridge/info 1ms 200
------------------------------------------------------------------------------------------------------
GET /bridge/info 0ms 200
------------------------------------------------------------------------------------------------------
GET /bridge/010/9fr9k7os/websocket 1ms (unfinished)
------------------------------------------------------------------------------------------------------
------------------------------------------------------------------------------------------------------
GET /bridge/238/uqm69629/websocket 0ms (unfinished)
POST /bridge/253/rc81cvcc/xhr_send 4ms 204
------------------------------------------------------------------------------------------------------
GET /bridge/info 0ms 200
------------------------------------------------------------------------------------------------------
GET /bridge/info 1ms 200
------------------------------------------------------------------------------------------------------
GET /bridge/271/e1s25kb9/websocket 0ms (unfinished)
------------------------------------------------------------------------------------------------------
GET /bridge/749/mir4hfq9/websocket 0ms (unfinished)
------------------------------------------------------------------------------------------------------
------------------------------------------------------------------------------------------------------
POST /bridge/271/yo9unqy7/xhr_streaming 1ms (unfinished)
POST /bridge/271/yo9unqy7/xhr_send 1ms 204
------------------------------------------------------------------------------------------------------
------------------------------------------------------------------------------------------------------
POST /bridge/749/74gg2m2_/xhr_streaming 0ms (unfinished)
POST /bridge/749/74gg2m2_/xhr_send 1ms 204
------------------------------------------------------------------------------------------------------
------------------------------------------------------------------------------------------------------
GET /bridge/info 1ms 200
GET /bridge/info 1ms 200
------------------------------------------------------------------------------------------------------
GET /bridge/593/rt1dcbm4/websocket 1ms (unfinished)
------------------------------------------------------------------------------------------------------
GET /bridge/311/ivatlqrj/websocket 0ms (unfinished)
------------------------------------------------------------------------------------------------------
POST /bridge/593/0aaiamde/xhr_streaming 0ms (unfinished)
------------------------------------------------------------------------------------------------------
POST /bridge/593/0aaiamde/xhr_send 2ms 204
------------------------------------------------------------------------------------------------------
POST /bridge/311/5ex7en5_/xhr_streaming 0ms (unfinished)
------------------------------------------------------------------------------------------------------
POST /bridge/311/5ex7en5_/xhr_send 1ms 204
------------------------------------------------------------------------------------------------------
GET /bridge/info 0ms 200
------------------------------------------------------------------------------------------------------
GET /bridge/info 0ms 200
------------------------------------------------------------------------------------------------------
GET /bridge/984/h6jke8hk/websocket 0ms (unfinished)
------------------------------------------------------------------------------------------------------
GET /bridge/310/469lc0o7/websocket 0ms (unfinished)
------------------------------------------------------------------------------------------------------
POST /bridge/984/ffg0ct7g/xhr_streaming 0ms (unfinished)
------------------------------------------------------------------------------------------------------
------------------------------------------------------------------------------------------------------
POST /bridge/984/ffg0ct7g/xhr_send 0ms 204
POST /bridge/310/0deu27gd/xhr_streaming 1ms (unfinished)
------------------------------------------------------------------------------------------------------
POST /bridge/310/0deu27gd/xhr_send 1ms 204
------------------------------------------------------------------------------------------------------
GET /bridge/info 1ms 200
------------------------------------------------------------------------------------------------------
GET /bridge/info 0ms 200
------------------------------------------------------------------------------------------------------
GET /bridge/858/fkqs9sk3/websocket 2ms (unfinished)
------------------------------------------------------------------------------------------------------
GET /bridge/109/g2d689xn/websocket 1ms (unfinished)
------------------------------------------------------------------------------------------------------
POST /bridge/858/7qn3mrn1/xhr_streaming 1ms (unfinished)
------------------------------------------------------------------------------------------------------
POST /bridge/858/7qn3mrn1/xhr_send 3ms 204
------------------------------------------------------------------------------------------------------
POST /bridge/109/2fz11muq/xhr_streaming 0ms (unfinished)
------------------------------------------------------------------------------------------------------
POST /bridge/109/2fz11muq/xhr_send 1ms 204
------------------------------------------------------------------------------------------------------
------------------------------------------------------------------------------------------------------
GET /bridge/info 1ms 200
GET /bridge/info 1ms 200
------------------------------------------------------------------------------------------------------
GET /bridge/496/n8s211w7/websocket 0ms (unfinished)
------------------------------------------------------------------------------------------------------
GET /bridge/097/vwowg5zy/websocket 1ms (unfinished)
------------------------------------------------------------------------------------------------------
POST /bridge/496/u1jh8xnf/xhr_streaming 0ms (unfinished)
------------------------------------------------------------------------------------------------------
------------------------------------------------------------------------------------------------------
POST /bridge/097/b_wujuyx/xhr_streaming 0ms (unfinished)
POST /bridge/097/b_wujuyx/xhr_send 1ms 204
------------------------------------------------------------------------------------------------------
------------------------------------------------------------------------------------------------------
POST /bridge/496/u1jh8xnf/xhr_send 1ms 204
GET /bridge/info 1ms 200
------------------------------------------------------------------------------------------------------
GET /bridge/info 1ms 200
------------------------------------------------------------------------------------------------------
GET /bridge/750/v8yp6m5w/websocket 1ms (unfinished)
------------------------------------------------------------------------------------------------------
GET /bridge/071/vp1ru336/websocket 0ms (unfinished)
------------------------------------------------------------------------------------------------------
POST /bridge/750/xa5z4pko/xhr_streaming 1ms (unfinished)
------------------------------------------------------------------------------------------------------
------------------------------------------------------------------------------------------------------
POST /bridge/750/xa5z4pko/xhr_send 1ms 204
POST /bridge/071/dyk72btg/xhr_streaming 1ms (unfinished)
------------------------------------------------------------------------------------------------------
POST /bridge/071/dyk72btg/xhr_send 1ms 204
------------------------------------------------------------------------------------------------------
GET /bridge/info 1ms 200
------------------------------------------------------------------------------------------------------
GET /bridge/info 0ms 200
------------------------------------------------------------------------------------------------------
GET /bridge/313/g_m0zigp/websocket 3ms (unfinished)
------------------------------------------------------------------------------------------------------
GET /bridge/674/xib20yzk/websocket 0ms (unfinished)
------------------------------------------------------------------------------------------------------
POST /bridge/313/5ug65mon/xhr_streaming 1ms (unfinished)
------------------------------------------------------------------------------------------------------
POST /bridge/313/5ug65mon/xhr_send 4ms 204
------------------------------------------------------------------------------------------------------
------------------------------------------------------------------------------------------------------
POST /bridge/674/3jkdm1nv/xhr_streaming 1ms (unfinished)
GET /bridge/info 0ms 200
------------------------------------------------------------------------------------------------------
GET /bridge/971/94qutqnq/websocket 0ms (unfinished)
------------------------------------------------------------------------------------------------------
GET /bridge/info 0ms 200
------------------------------------------------------------------------------------------------------
GET /bridge/615/c70_yepx/websocket 0ms (unfinished)
------------------------------------------------------------------------------------------------------
POST /bridge/971/h4jy0qsi/xhr_streaming 0ms (unfinished)
------------------------------------------------------------------------------------------------------
POST /bridge/971/h4jy0qsi/xhr_send 1ms 204
------------------------------------------------------------------------------------------------------
POST /bridge/615/vve4k92i/xhr_streaming 1ms (unfinished)
------------------------------------------------------------------------------------------------------
GET /bridge/info 0ms 200
------------------------------------------------------------------------------------------------------
GET /bridge/info 0ms 200
------------------------------------------------------------------------------------------------------
GET /bridge/829/21fa2b47/websocket 0ms (unfinished)
------------------------------------------------------------------------------------------------------
GET /bridge/740/gl8bpzrb/websocket 0ms (unfinished)
------------------------------------------------------------------------------------------------------
GET /bridge/info 0ms 200
------------------------------------------------------------------------------------------------------
GET /bridge/info 1ms 200
------------------------------------------------------------------------------------------------------
------------------------------------------------------------------------------------------------------
GET /bridge/802/86uyx4xd/websocket 0ms (unfinished)
------------------------------------------------------------------------------------------------------
GET /bridge/747/w2bsug2t/websocket 0ms (unfinished)
------------------------------------------------------------------------------------------------------
GET /bridge/info 1ms 200
GET /bridge/info 0ms 200
------------------------------------------------------------------------------------------------------
GET /bridge/938/hqczwmxp/websocket 1ms (unfinished)
------------------------------------------------------------------------------------------------------
GET /bridge/info 1ms 200
------------------------------------------------------------------------------------------------------
GET /bridge/162/kz_x17vd/websocket 0ms (unfinished)
------------------------------------------------------------------------------------------------------
GET /bridge/info 1ms 200
------------------------------------------------------------------------------------------------------
------------------------------------------------------------------------------------------------------
GET /bridge/621/s3foz8ia/websocket 0ms (unfinished)
GET /bridge/info 0ms 200
------------------------------------------------------------------------------------------------------
GET /bridge/info 0ms 200
------------------------------------------------------------------------------------------------------
GET /bridge/516/9p4bvnkl/websocket 1ms (unfinished)
------------------------------------------------------------------------------------------------------
GET /bridge/541/lb07ujpd/websocket 0ms (unfinished)
------------------------------------------------------------------------------------------------------
------------------------------------------------------------------------------------------------------
GET /bridge/info 0ms 200
GET /bridge/info 0ms 200
------------------------------------------------------------------------------------------------------
GET /bridge/970/0ln39f2e/websocket 0ms (unfinished)
------------------------------------------------------------------------------------------------------
GET /bridge/info 1ms 200
------------------------------------------------------------------------------------------------------
GET /bridge/info 0ms 200
------------------------------------------------------------------------------------------------------
------------------------------------------------------------------------------------------------------
GET /bridge/247/jqrwuhys/websocket 1ms (unfinished)
------------------------------------------------------------------------------------------------------
GET /bridge/268/6yxf3pfm/websocket 0ms (unfinished)
GET /bridge/info 1ms 200
------------------------------------------------------------------------------------------------------
GET /bridge/info 0ms 200
------------------------------------------------------------------------------------------------------
GET /bridge/357/k8y4vec_/websocket 0ms (unfinished)
------------------------------------------------------------------------------------------------------
------------------------------------------------------------------------------------------------------
GET /bridge/862/3jkxguo4/websocket 0ms (unfinished)
GET /bridge/info 0ms 200
------------------------------------------------------------------------------------------------------
GET /bridge/info 0ms 200
------------------------------------------------------------------------------------------------------
------------------------------------------------------------------------------------------------------
GET /bridge/417/pzamrriu/websocket 1ms (unfinished)
------------------------------------------------------------------------------------------------------
GET /bridge/303/wz__m8e6/websocket 0ms (unfinished)
------------------------------------------------------------------------------------------------------
GET /bridge/info 0ms 200
GET /bridge/info 0ms 200
------------------------------------------------------------------------------------------------------
GET /bridge/409/l3folvh4/websocket 0ms (unfinished)
------------------------------------------------------------------------------------------------------
GET /bridge/611/ah9oeys7/websocket 0ms (unfinished)
------------------------------------------------------------------------------------------------------
GET /bridge/info 0ms 200
------------------------------------------------------------------------------------------------------
GET /bridge/info 0ms 200
------------------------------------------------------------------------------------------------------
GET /bridge/536/fnf4mzqf/websocket 0ms (unfinished)
------------------------------------------------------------------------------------------------------
------------------------------------------------------------------------------------------------------
GET /bridge/283/5keb24nf/websocket 0ms (unfinished)
GET /bridge/info 0ms 200
------------------------------------------------------------------------------------------------------
GET /bridge/info 0ms 200
------------------------------------------------------------------------------------------------------
GET /bridge/525/f7uckg3g/websocket 0ms (unfinished)
------------------------------------------------------------------------------------------------------
GET /bridge/118/zdvubxdf/websocket 0ms (unfinished)
------------------------------------------------------------------------------------------------------
GET /bridge/info 1ms 200
------------------------------------------------------------------------------------------------------
------------------------------------------------------------------------------------------------------
GET /bridge/info 0ms 200
GET /bridge/984/85_zm4ob/websocket 0ms (unfinished)
------------------------------------------------------------------------------------------------------
------------------------------------------------------------------------------------------------------
GET /bridge/517/quo89ixc/websocket 1ms (unfinished)
GET /bridge/info 0ms 200
------------------------------------------------------------------------------------------------------
GET /bridge/info 0ms 200
------------------------------------------------------------------------------------------------------
------------------------------------------------------------------------------------------------------
GET /bridge/830/6x6net2o/websocket 0ms (unfinished)
GET /bridge/081/_ykvwuzg/websocket 0ms (unfinished)
------------------------------------------------------------------------------------------------------
------------------------------------------------------------------------------------------------------
GET /bridge/info 0ms 200
------------------------------------------------------------------------------------------------------
GET /bridge/info 1ms 200
GET /bridge/421/y3sory2w/websocket 0ms (unfinished)
------------------------------------------------------------------------------------------------------
GET /bridge/457/f0ta64z3/websocket 1ms (unfinished)
------------------------------------------------------------------------------------------------------
GET /bridge/info 0ms 200
------------------------------------------------------------------------------------------------------
GET /bridge/info 0ms 200
------------------------------------------------------------------------------------------------------
GET /bridge/996/6ppjczyp/websocket 0ms (unfinished)
------------------------------------------------------------------------------------------------------
GET /bridge/info 0ms 200
------------------------------------------------------------------------------------------------------
GET /bridge/info 0ms 200
------------------------------------------------------------------------------------------------------
GET /bridge/900/gkh5wmko/websocket 0ms (unfinished)
------------------------------------------------------------------------------------------------------
GET /bridge/246/jjdqozvm/websocket 0ms (unfinished)
------------------------------------------------------------------------------------------------------
GET /bridge/info 1ms 200
------------------------------------------------------------------------------------------------------
------------------------------------------------------------------------------------------------------
GET /bridge/info 0ms 200
GET /bridge/919/t7uq1r89/websocket 0ms (unfinished)
------------------------------------------------------------------------------------------------------
GET /bridge/944/gc0gdx3q/websocket 0ms (unfinished)
------------------------------------------------------------------------------------------------------
GET /bridge/info 0ms 200
------------------------------------------------------------------------------------------------------
GET /bridge/info 0ms 200
------------------------------------------------------------------------------------------------------
GET /bridge/211/r_gflce7/websocket 0ms (unfinished)
------------------------------------------------------------------------------------------------------
GET /bridge/541/i1nrddh1/websocket 0ms (unfinished)
------------------------------------------------------------------------------------------------------
GET /bridge/info 0ms 200
------------------------------------------------------------------------------------------------------
GET /bridge/info 1ms 200
------------------------------------------------------------------------------------------------------
GET /bridge/217/nr9u1ou6/websocket 0ms (unfinished)
------------------------------------------------------------------------------------------------------
GET /bridge/875/gpmui_96/websocket 0ms (unfinished)
------------------------------------------------------------------------------------------------------
------------------------------------------------------------------------------------------------------
POST /bridge/615/vve4k92i/xhr_send 3ms 204
GET /bridge/info 0ms 200
------------------------------------------------------------------------------------------------------
GET /bridge/info 0ms 200
------------------------------------------------------------------------------------------------------
POST /bridge/850/t5titfe4/xhr_streaming 0ms (unfinished)
------------------------------------------------------------------------------------------------------
------------------------------------------------------------------------------------------------------
GET /bridge/536/tjy70aq3/websocket 0ms (unfinished)
POST /bridge/850/t5titfe4/xhr_send 1ms 204
------------------------------------------------------------------------------------------------------
POST /bridge/536/_0u0pz6q/xhr_streaming 1ms (unfinished)
------------------------------------------------------------------------------------------------------
POST /bridge/536/_0u0pz6q/xhr_send 1ms 204
------------------------------------------------------------------------------------------------------
------------------------------------------------------------------------------------------------------
GET /bridge/info 1ms 200
GET /bridge/info 0ms 200
------------------------------------------------------------------------------------------------------
GET /bridge/130/uojm0spp/websocket 0ms (unfinished)
------------------------------------------------------------------------------------------------------
GET /bridge/408/jwo40o4h/websocket 0ms (unfinished)
------------------------------------------------------------------------------------------------------
POST /bridge/130/lxu2pfco/xhr_streaming 0ms (unfinished)
------------------------------------------------------------------------------------------------------
POST /bridge/130/lxu2pfco/xhr_send 0ms 204
------------------------------------------------------------------------------------------------------
------------------------------------------------------------------------------------------------------
POST /bridge/408/qwidaroi/xhr_streaming 0ms (unfinished)
POST /bridge/408/qwidaroi/xhr_send 0ms 204
------------------------------------------------------------------------------------------------------
GET /bridge/info 0ms 200
------------------------------------------------------------------------------------------------------
GET /bridge/info 0ms 200
------------------------------------------------------------------------------------------------------
GET /bridge/589/6zsafef6/websocket 0ms (unfinished)
------------------------------------------------------------------------------------------------------
GET /bridge/793/7ffzaeaf/websocket 0ms (unfinished)
------------------------------------------------------------------------------------------------------
POST /bridge/589/xctt6gw5/xhr_streaming 0ms (unfinished)
------------------------------------------------------------------------------------------------------
POST /bridge/589/xctt6gw5/xhr_send 1ms 204
------------------------------------------------------------------------------------------------------
------------------------------------------------------------------------------------------------------
POST /bridge/793/55mhpyss/xhr_streaming 0ms (unfinished)
POST /bridge/793/55mhpyss/xhr_send 1ms 204
------------------------------------------------------------------------------------------------------
