GET /bridge/info 0ms 200
------------------------------------------------------------------------------------------------------
------------------------------------------------------------------------------------------------------
GET /bridge/info 0ms 200
GET /bridge/540/q5yb21tj/websocket 0ms (unfinished)
------------------------------------------------------------------------------------------------------
------------------------------------------------------------------------------------------------------
GET /bridge/267/803ksnxz/websocket 0ms (unfinished)
------------------------------------------------------------------------------------------------------
POST /bridge/540/a49hnfo2/xhr_streaming 2ms (unfinished)
POST /bridge/540/a49hnfo2/xhr_send 1ms 204
------------------------------------------------------------------------------------------------------
POST /bridge/267/cny9f3r6/xhr_streaming 0ms (unfinished)
------------------------------------------------------------------------------------------------------
POST /bridge/267/cny9f3r6/xhr_send 1ms 204
------------------------------------------------------------------------------------------------------
GET /bridge/info 0ms 200
------------------------------------------------------------------------------------------------------
GET /bridge/479/smdgds39/websocket 1ms (unfinished)
------------------------------------------------------------------------------------------------------
------------------------------------------------------------------------------------------------------
GET /bridge/info 0ms 200
GET /bridge/304/vdc3td21/websocket 0ms (unfinished)
------------------------------------------------------------------------------------------------------
POST /bridge/479/3juvb5j1/xhr_streaming 0ms (unfinished)
------------------------------------------------------------------------------------------------------
POST /bridge/479/3juvb5j1/xhr_send 1ms 204
------------------------------------------------------------------------------------------------------
POST /bridge/304/tqeo2xtf/xhr_streaming 1ms (unfinished)
------------------------------------------------------------------------------------------------------
POST /bridge/304/tqeo2xtf/xhr_send 1ms 204
------------------------------------------------------------------------------------------------------
