------------------------------------------------------------------------------------------------------
GET /bridge/info 0ms 200
GET /bridge/info 1ms 200
------------------------------------------------------------------------------------------------------
------------------------------------------------------------------------------------------------------
GET /bridge/224/w16hz9zm/websocket 0ms (unfinished)
------------------------------------------------------------------------------------------------------
GET /bridge/492/zq0b5xdl/websocket 0ms (unfinished)
------------------------------------------------------------------------------------------------------
GET /bridge/info 0ms 200
GET /bridge/info 0ms 200
------------------------------------------------------------------------------------------------------
GET /bridge/179/sm2r7klw/websocket 0ms (unfinished)
------------------------------------------------------------------------------------------------------
GET /bridge/005/99fi0aqv/websocket 0ms (unfinished)
------------------------------------------------------------------------------------------------------
POST /bridge/179/20uft2er/xhr_streaming 1ms (unfinished)
------------------------------------------------------------------------------------------------------
POST /bridge/005/sohprsna/xhr_streaming 1ms (unfinished)
------------------------------------------------------------------------------------------------------
------------------------------------------------------------------------------------------------------
POST /bridge/179/20uft2er/xhr_send 2ms 204
POST /bridge/005/sohprsna/xhr_send 1ms 204
------------------------------------------------------------------------------------------------------
------------------------------------------------------------------------------------------------------
GET /bridge/info 1ms 200
GET /bridge/info 0ms 200
------------------------------------------------------------------------------------------------------
GET /bridge/922/hwrtuifr/websocket 1ms (unfinished)
------------------------------------------------------------------------------------------------------
GET /bridge/433/2r39hzli/websocket 0ms (unfinished)
------------------------------------------------------------------------------------------------------
POST /bridge/922/gop4w8su/xhr_streaming 1ms (unfinished)
------------------------------------------------------------------------------------------------------
POST /bridge/922/gop4w8su/xhr_send 1ms 204
------------------------------------------------------------------------------------------------------
POST /bridge/433/ln2_ez98/xhr_streaming 1ms (unfinished)
------------------------------------------------------------------------------------------------------
POST /bridge/433/ln2_ez98/xhr_send 1ms 204
------------------------------------------------------------------------------------------------------
GET /bridge/info 0ms 200
------------------------------------------------------------------------------------------------------
GET /bridge/info 0ms 200
------------------------------------------------------------------------------------------------------
GET /bridge/587/4h72g5fd/websocket 0ms (unfinished)
------------------------------------------------------------------------------------------------------
GET /bridge/867/9f_1_f7s/websocket 0ms (unfinished)
------------------------------------------------------------------------------------------------------
GET /bridge/info 1ms 200
------------------------------------------------------------------------------------------------------
------------------------------------------------------------------------------------------------------
GET /bridge/566/abeszh8u/websocket 2ms (unfinished)
------------------------------------------------------------------------------------------------------
GET /bridge/info 1ms 200
GET /bridge/346/tnj0q2iu/websocket 0ms (unfinished)
------------------------------------------------------------------------------------------------------
POST /bridge/566/xb8rf8l4/xhr_streaming 1ms (unfinished)
------------------------------------------------------------------------------------------------------
POST /bridge/566/xb8rf8l4/xhr_send 4ms 204
------------------------------------------------------------------------------------------------------
POST /bridge/346/frehdga9/xhr_streaming 0ms (unfinished)
------------------------------------------------------------------------------------------------------
POST /bridge/346/frehdga9/xhr_send 2ms 204
------------------------------------------------------------------------------------------------------
------------------------------------------------------------------------------------------------------
GET /bridge/info 1ms 200
GET /bridge/info 0ms 200
------------------------------------------------------------------------------------------------------
GET /bridge/234/hxr8vneq/websocket 3ms (unfinished)
------------------------------------------------------------------------------------------------------
------------------------------------------------------------------------------------------------------
GET /bridge/008/6f7mrr91/websocket 0ms (unfinished)
POST /bridge/234/7whsmsfl/xhr_streaming 1ms (unfinished)
------------------------------------------------------------------------------------------------------
POST /bridge/234/7whsmsfl/xhr_send 4ms 204
------------------------------------------------------------------------------------------------------
POST /bridge/008/sr6nu1he/xhr_streaming 0ms (unfinished)
------------------------------------------------------------------------------------------------------
GET /bridge/info 2ms 200
------------------------------------------------------------------------------------------------------
GET /bridge/info 1ms 200
------------------------------------------------------------------------------------------------------
GET /bridge/220/snsmduzq/websocket 2ms (unfinished)
------------------------------------------------------------------------------------------------------
GET /bridge/287/ivxyewgv/websocket 0ms (unfinished)
------------------------------------------------------------------------------------------------------
GET /bridge/info 1ms 200
------------------------------------------------------------------------------------------------------
GET /bridge/info 1ms 200
------------------------------------------------------------------------------------------------------
GET /bridge/383/sds1qgzz/websocket 2ms (unfinished)
------------------------------------------------------------------------------------------------------
GET /bridge/240/ydga9vgz/websocket 0ms (unfinished)
------------------------------------------------------------------------------------------------------
POST /bridge/383/2779rdo3/xhr_streaming 1ms (unfinished)
------------------------------------------------------------------------------------------------------
POST /bridge/383/2779rdo3/xhr_send 3ms 204
------------------------------------------------------------------------------------------------------
POST /bridge/240/48ufe3f3/xhr_streaming 0ms (unfinished)
------------------------------------------------------------------------------------------------------
------------------------------------------------------------------------------------------------------
POST /bridge/240/48ufe3f3/xhr_send 1ms 204
GET /bridge/info 0ms 200
------------------------------------------------------------------------------------------------------
GET /bridge/info 1ms 200
------------------------------------------------------------------------------------------------------
GET /bridge/717/otf8mxgc/websocket 0ms (unfinished)
------------------------------------------------------------------------------------------------------
------------------------------------------------------------------------------------------------------
GET /bridge/283/n3jy4rlk/websocket 0ms (unfinished)
GET /bridge/info 1ms 200
------------------------------------------------------------------------------------------------------
GET /bridge/info 1ms 200
------------------------------------------------------------------------------------------------------
GET /bridge/963/e5y2fg2z/websocket 2ms (unfinished)
------------------------------------------------------------------------------------------------------
GET /bridge/078/h__9cvo2/websocket 0ms (unfinished)
------------------------------------------------------------------------------------------------------
POST /bridge/078/err5k54r/xhr_streaming 1ms (unfinished)
------------------------------------------------------------------------------------------------------
POST /bridge/078/err5k54r/xhr_send 4ms 204
------------------------------------------------------------------------------------------------------
POST /bridge/963/ckts_bm6/xhr_streaming 0ms (unfinished)
------------------------------------------------------------------------------------------------------
------------------------------------------------------------------------------------------------------
GET /bridge/info 0ms 200
------------------------------------------------------------------------------------------------------
GET /bridge/100/rzpi8h9p/websocket 0ms (unfinished)
GET /bridge/info 1ms 200
------------------------------------------------------------------------------------------------------
GET /bridge/934/sypyhfqa/websocket 1ms (unfinished)
------------------------------------------------------------------------------------------------------
GET /bridge/info 1ms 200
------------------------------------------------------------------------------------------------------
GET /bridge/info 0ms 200
------------------------------------------------------------------------------------------------------
GET /bridge/255/6c763156/websocket 0ms (unfinished)
------------------------------------------------------------------------------------------------------
GET /bridge/893/3603d_vr/websocket 0ms (unfinished)
------------------------------------------------------------------------------------------------------
------------------------------------------------------------------------------------------------------
GET /bridge/info 1ms 200
GET /bridge/info 1ms 200
------------------------------------------------------------------------------------------------------
GET /bridge/855/_nt0_c41/websocket 1ms (unfinished)
------------------------------------------------------------------------------------------------------
GET /bridge/820/n8s82bb2/websocket 0ms (unfinished)
------------------------------------------------------------------------------------------------------
GET /bridge/info 1ms 200
------------------------------------------------------------------------------------------------------
GET /bridge/info 0ms 200
------------------------------------------------------------------------------------------------------
------------------------------------------------------------------------------------------------------
GET /bridge/126/hlzw62z5/websocket 0ms (unfinished)
------------------------------------------------------------------------------------------------------
GET /bridge/004/o42idq4i/websocket 0ms (unfinished)
GET /bridge/info 1ms 200
------------------------------------------------------------------------------------------------------
GET /bridge/info 0ms 200
------------------------------------------------------------------------------------------------------
GET /bridge/250/6vxm7kgu/websocket 1ms (unfinished)
------------------------------------------------------------------------------------------------------
GET /bridge/734/vcgtcgzq/websocket 0ms (unfinished)
------------------------------------------------------------------------------------------------------
GET /bridge/info 1ms 200
------------------------------------------------------------------------------------------------------
GET /bridge/info 1ms 200
------------------------------------------------------------------------------------------------------
GET /bridge/675/0_3fc3g3/websocket 2ms (unfinished)
------------------------------------------------------------------------------------------------------
GET /bridge/401/twecznc3/websocket 0ms (unfinished)
------------------------------------------------------------------------------------------------------
------------------------------------------------------------------------------------------------------
POST /bridge/963/ckts_bm6/xhr_send 6ms 204
GET /bridge/info 1ms 200
------------------------------------------------------------------------------------------------------
GET /bridge/info 1ms 200
------------------------------------------------------------------------------------------------------
GET /bridge/356/qwgi03we/websocket 3ms (unfinished)
------------------------------------------------------------------------------------------------------
------------------------------------------------------------------------------------------------------
GET /bridge/521/k1af_o59/websocket 1ms (unfinished)
------------------------------------------------------------------------------------------------------
POST /bridge/356/hwdul1dk/xhr_streaming 1ms (unfinished)
------------------------------------------------------------------------------------------------------
POST /bridge/356/hwdul1dk/xhr_send 2ms 204
POST /bridge/521/g0suj1bv/xhr_streaming 1ms (unfinished)
------------------------------------------------------------------------------------------------------
POST /bridge/521/g0suj1bv/xhr_send 2ms 204
------------------------------------------------------------------------------------------------------
------------------------------------------------------------------------------------------------------
GET /bridge/info 0ms 200
------------------------------------------------------------------------------------------------------
GET /bridge/info 1ms 200
GET /bridge/786/luto5s4f/websocket 0ms (unfinished)
------------------------------------------------------------------------------------------------------
GET /bridge/639/5rstvwot/websocket 0ms (unfinished)
------------------------------------------------------------------------------------------------------
------------------------------------------------------------------------------------------------------
POST /bridge/786/uirkfs8_/xhr_streaming 0ms (unfinished)
POST /bridge/786/uirkfs8_/xhr_send 1ms 204
------------------------------------------------------------------------------------------------------
------------------------------------------------------------------------------------------------------
POST /bridge/639/191dsrmn/xhr_streaming 1ms (unfinished)
POST /bridge/639/191dsrmn/xhr_send 1ms 204
------------------------------------------------------------------------------------------------------
GET /bridge/info 1ms 200
------------------------------------------------------------------------------------------------------
GET /bridge/info 0ms 200
------------------------------------------------------------------------------------------------------
GET /bridge/137/dajrkwre/websocket 2ms (unfinished)
------------------------------------------------------------------------------------------------------
GET /bridge/860/2xwqgjwx/websocket 0ms (unfinished)
------------------------------------------------------------------------------------------------------
GET /bridge/info 0ms 200
------------------------------------------------------------------------------------------------------
GET /bridge/info 0ms 200
------------------------------------------------------------------------------------------------------
GET /bridge/245/jo17q0of/websocket 1ms (unfinished)
------------------------------------------------------------------------------------------------------
GET /bridge/288/l8qqskdx/websocket 0ms (unfinished)
------------------------------------------------------------------------------------------------------
POST /bridge/245/dpw5k1ii/xhr_streaming 3ms (unfinished)
------------------------------------------------------------------------------------------------------
------------------------------------------------------------------------------------------------------
POST /bridge/245/dpw5k1ii/xhr_send 4ms 204
POST /bridge/288/tjoyadtq/xhr_streaming 0ms (unfinished)
------------------------------------------------------------------------------------------------------
GET /bridge/info 0ms 200
------------------------------------------------------------------------------------------------------
------------------------------------------------------------------------------------------------------
GET /bridge/info 1ms 200
------------------------------------------------------------------------------------------------------
GET /bridge/315/n6pko2bf/websocket 0ms (unfinished)
GET /bridge/594/cxuztqe2/websocket 1ms (unfinished)
------------------------------------------------------------------------------------------------------
GET /bridge/info 1ms 200
------------------------------------------------------------------------------------------------------
GET /bridge/info 0ms 200
------------------------------------------------------------------------------------------------------
------------------------------------------------------------------------------------------------------
GET /bridge/180/ldc06uju/websocket 2ms (unfinished)
GET /bridge/507/ap18dk9y/websocket 1ms (unfinished)
------------------------------------------------------------------------------------------------------
GET /bridge/info 0ms 200
------------------------------------------------------------------------------------------------------
GET /bridge/info 1ms 200
------------------------------------------------------------------------------------------------------
GET /bridge/359/isxk0txe/websocket 0ms (unfinished)
------------------------------------------------------------------------------------------------------
GET /bridge/210/_96u0rss/websocket 0ms (unfinished)
------------------------------------------------------------------------------------------------------
GET /bridge/info 0ms 200
------------------------------------------------------------------------------------------------------
GET /bridge/info 0ms 200
------------------------------------------------------------------------------------------------------
------------------------------------------------------------------------------------------------------
GET /bridge/919/zf0a11d_/websocket 0ms (unfinished)
GET /bridge/697/d5q699mz/websocket 0ms (unfinished)
------------------------------------------------------------------------------------------------------
GET /bridge/info 0ms 200
------------------------------------------------------------------------------------------------------
GET /bridge/info 0ms 200
------------------------------------------------------------------------------------------------------
GET /bridge/749/qsc7_jci/websocket 0ms (unfinished)
------------------------------------------------------------------------------------------------------
GET /bridge/085/pks0l6hn/websocket 0ms (unfinished)
------------------------------------------------------------------------------------------------------
GET /bridge/info 0ms 200
------------------------------------------------------------------------------------------------------
GET /bridge/info 1ms 200
------------------------------------------------------------------------------------------------------
GET /bridge/423/bfy0hutn/websocket 0ms (unfinished)
------------------------------------------------------------------------------------------------------
------------------------------------------------------------------------------------------------------
GET /bridge/514/mxq09m6p/websocket 1ms (unfinished)
------------------------------------------------------------------------------------------------------
GET /bridge/info 0ms 200
------------------------------------------------------------------------------------------------------
GET /bridge/info 1ms 200
GET /bridge/607/al_n7l1b/websocket 0ms (unfinished)
------------------------------------------------------------------------------------------------------
GET /bridge/620/_y49adfw/websocket 1ms (unfinished)
------------------------------------------------------------------------------------------------------
------------------------------------------------------------------------------------------------------
GET /bridge/info 1ms 200
GET /bridge/info 0ms 200
------------------------------------------------------------------------------------------------------
GET /bridge/653/i1j50chi/websocket 2ms (unfinished)
------------------------------------------------------------------------------------------------------
GET /bridge/699/f0gmflnp/websocket 0ms (unfinished)
------------------------------------------------------------------------------------------------------
POST /bridge/653/wi2g8rc4/xhr_streaming 3ms (unfinished)
------------------------------------------------------------------------------------------------------
POST /bridge/699/ly6pmg9o/xhr_streaming 0ms (unfinished)
------------------------------------------------------------------------------------------------------
POST /bridge/653/wi2g8rc4/xhr_send 4ms 204
------------------------------------------------------------------------------------------------------
POST /bridge/699/ly6pmg9o/xhr_send 1ms 204
------------------------------------------------------------------------------------------------------
GET /bridge/info 1ms 200
------------------------------------------------------------------------------------------------------
GET /bridge/info 0ms 200
------------------------------------------------------------------------------------------------------
GET /bridge/213/2zmxfsbf/websocket 2ms (unfinished)
------------------------------------------------------------------------------------------------------
GET /bridge/858/9wds6hv4/websocket 1ms (unfinished)
------------------------------------------------------------------------------------------------------
GET /bridge/info 0ms 200
------------------------------------------------------------------------------------------------------
GET /bridge/info 1ms 200
------------------------------------------------------------------------------------------------------
GET /bridge/043/2lfyoq55/websocket 1ms (unfinished)
------------------------------------------------------------------------------------------------------
GET /bridge/777/o414u2nd/websocket 0ms (unfinished)
------------------------------------------------------------------------------------------------------
GET /bridge/info 1ms 200
------------------------------------------------------------------------------------------------------
GET /bridge/info 0ms 200
------------------------------------------------------------------------------------------------------
GET /bridge/485/ycph5rk2/websocket 0ms (unfinished)
------------------------------------------------------------------------------------------------------
GET /bridge/446/if9eo42n/websocket 1ms (unfinished)
------------------------------------------------------------------------------------------------------
------------------------------------------------------------------------------------------------------
GET /bridge/info 1ms 200
GET /bridge/info 1ms 200
------------------------------------------------------------------------------------------------------
GET /bridge/931/gzkzn2vg/websocket 0ms (unfinished)
------------------------------------------------------------------------------------------------------
------------------------------------------------------------------------------------------------------
GET /bridge/672/8ijuxgj_/websocket 0ms (unfinished)
------------------------------------------------------------------------------------------------------
07,01,2022,09,00
07,01,2022,09,00
------------------------------------------------------------------------------------------------------
GET /bridge/info 1ms 200
------------------------------------------------------------------------------------------------------
GET /bridge/info 1ms 200
------------------------------------------------------------------------------------------------------
GET /bridge/857/_v1g0nah/websocket 2ms (unfinished)
------------------------------------------------------------------------------------------------------
GET /bridge/179/p2mia31d/websocket 0ms (unfinished)
------------------------------------------------------------------------------------------------------
POST /bridge/857/xj34bsj7/xhr_streaming 1ms (unfinished)
------------------------------------------------------------------------------------------------------
------------------------------------------------------------------------------------------------------
POST /bridge/857/xj34bsj7/xhr_send 3ms 204
POST /bridge/179/pz35fvu2/xhr_streaming 1ms (unfinished)
------------------------------------------------------------------------------------------------------
------------------------------------------------------------------------------------------------------
POST /bridge/179/pz35fvu2/xhr_send 0ms 204
GET /bridge/info 1ms 200
------------------------------------------------------------------------------------------------------
GET /bridge/info 0ms 200
------------------------------------------------------------------------------------------------------
------------------------------------------------------------------------------------------------------
GET /bridge/984/zc5hr0ye/websocket 1ms (unfinished)
------------------------------------------------------------------------------------------------------
GET /bridge/297/tjw_rbnz/websocket 1ms (unfinished)
POST /bridge/984/l2b0jkrz/xhr_streaming 1ms (unfinished)
------------------------------------------------------------------------------------------------------
POST /bridge/984/l2b0jkrz/xhr_send 1ms 204
------------------------------------------------------------------------------------------------------
------------------------------------------------------------------------------------------------------
POST /bridge/297/2jja2g0g/xhr_streaming 1ms (unfinished)
POST /bridge/297/2jja2g0g/xhr_send 1ms 204
------------------------------------------------------------------------------------------------------
GET /bridge/info 0ms 200
------------------------------------------------------------------------------------------------------
GET /bridge/info 0ms 200
------------------------------------------------------------------------------------------------------
------------------------------------------------------------------------------------------------------
GET /bridge/040/q4ukppuv/websocket 0ms (unfinished)
GET /bridge/001/r6jciy3k/websocket 0ms (unfinished)
------------------------------------------------------------------------------------------------------
------------------------------------------------------------------------------------------------------
POST /bridge/040/hkikz99c/xhr_streaming 1ms (unfinished)
POST /bridge/040/hkikz99c/xhr_send 1ms 204
------------------------------------------------------------------------------------------------------
------------------------------------------------------------------------------------------------------
POST /bridge/001/jrutinql/xhr_streaming 1ms (unfinished)
POST /bridge/001/jrutinql/xhr_send 1ms 204
------------------------------------------------------------------------------------------------------
GET /bridge/info 1ms 200
------------------------------------------------------------------------------------------------------
GET /bridge/info 1ms 200
------------------------------------------------------------------------------------------------------
GET /bridge/536/xy9qcoc3/websocket 0ms (unfinished)
------------------------------------------------------------------------------------------------------
GET /bridge/547/tnpkoe4y/websocket 0ms (unfinished)
------------------------------------------------------------------------------------------------------
------------------------------------------------------------------------------------------------------
POST /bridge/536/8ukeyl16/xhr_streaming 0ms (unfinished)
POST /bridge/536/8ukeyl16/xhr_send 1ms 204
------------------------------------------------------------------------------------------------------
------------------------------------------------------------------------------------------------------
POST /bridge/547/xh2pru9c/xhr_streaming 1ms (unfinished)
GET /bridge/info 1ms 200
------------------------------------------------------------------------------------------------------
------------------------------------------------------------------------------------------------------
GET /bridge/info 1ms 200
GET /bridge/700/hxwx5h5i/websocket 0ms (unfinished)
------------------------------------------------------------------------------------------------------
GET /bridge/671/py1l1d0x/websocket 0ms (unfinished)
------------------------------------------------------------------------------------------------------
------------------------------------------------------------------------------------------------------
GET /bridge/info 1ms 200
GET /bridge/info 0ms 200
------------------------------------------------------------------------------------------------------
------------------------------------------------------------------------------------------------------
GET /bridge/689/1aqbv8i8/websocket 0ms (unfinished)
------------------------------------------------------------------------------------------------------
GET /bridge/035/xuwma3d4/websocket 1ms (unfinished)
------------------------------------------------------------------------------------------------------
GET /bridge/info 0ms 200
GET /bridge/info 1ms 200
------------------------------------------------------------------------------------------------------
GET /bridge/637/hq5xk2gf/websocket 0ms (unfinished)
------------------------------------------------------------------------------------------------------
------------------------------------------------------------------------------------------------------
GET /bridge/095/au6rul2o/websocket 1ms (unfinished)
GET /bridge/info 0ms 200
------------------------------------------------------------------------------------------------------
GET /bridge/info 0ms 200
------------------------------------------------------------------------------------------------------
------------------------------------------------------------------------------------------------------
GET /bridge/616/rsdzwh61/websocket 0ms (unfinished)
------------------------------------------------------------------------------------------------------
GET /bridge/835/4je2d60v/websocket 0ms (unfinished)
GET /bridge/info 2ms 200
------------------------------------------------------------------------------------------------------
GET /bridge/info 0ms 200
------------------------------------------------------------------------------------------------------
GET /bridge/658/_opwonln/websocket 2ms (unfinished)
------------------------------------------------------------------------------------------------------
GET /bridge/361/ve77qabh/websocket 1ms (unfinished)
------------------------------------------------------------------------------------------------------
GET /bridge/info 1ms 200
------------------------------------------------------------------------------------------------------
GET /bridge/info 0ms 200
------------------------------------------------------------------------------------------------------
GET /bridge/975/517qkrvj/websocket 1ms (unfinished)
------------------------------------------------------------------------------------------------------
GET /bridge/900/owtfaq46/websocket 1ms (unfinished)
------------------------------------------------------------------------------------------------------
GET /bridge/info 0ms 200
------------------------------------------------------------------------------------------------------
GET /bridge/info 1ms 200
------------------------------------------------------------------------------------------------------
GET /bridge/143/5lhygcb8/websocket 0ms (unfinished)
------------------------------------------------------------------------------------------------------
------------------------------------------------------------------------------------------------------
GET /bridge/763/nr1szuuu/websocket 0ms (unfinished)
GET /bridge/info 0ms 200
------------------------------------------------------------------------------------------------------
GET /bridge/info 0ms 200
------------------------------------------------------------------------------------------------------
GET /bridge/518/m5gs2oqn/websocket 0ms (unfinished)
------------------------------------------------------------------------------------------------------
GET /bridge/030/ltdjtcbb/websocket 0ms (unfinished)
------------------------------------------------------------------------------------------------------
------------------------------------------------------------------------------------------------------
GET /bridge/info 0ms 200
GET /bridge/info 1ms 200
------------------------------------------------------------------------------------------------------
GET /bridge/277/fr7gzus7/websocket 1ms (unfinished)
------------------------------------------------------------------------------------------------------
------------------------------------------------------------------------------------------------------
GET /bridge/865/indz8rmi/websocket 0ms (unfinished)
GET /bridge/info 0ms 200
------------------------------------------------------------------------------------------------------
GET /bridge/info 1ms 200
------------------------------------------------------------------------------------------------------
GET /bridge/845/8gxewpvp/websocket 0ms (unfinished)
------------------------------------------------------------------------------------------------------
GET /bridge/529/ezw55sxc/websocket 0ms (unfinished)
------------------------------------------------------------------------------------------------------
------------------------------------------------------------------------------------------------------
GET /bridge/info 1ms 200
------------------------------------------------------------------------------------------------------
GET /bridge/info 1ms 200
GET /bridge/413/lg7aco2i/websocket 0ms (unfinished)
------------------------------------------------------------------------------------------------------
GET /bridge/877/5lsojwjl/websocket 0ms (unfinished)
------------------------------------------------------------------------------------------------------
GET /bridge/info 1ms 200
------------------------------------------------------------------------------------------------------
GET /bridge/info 1ms 200
------------------------------------------------------------------------------------------------------
------------------------------------------------------------------------------------------------------
GET /bridge/324/zuzhikgr/websocket 1ms (unfinished)
GET /bridge/322/ky595pvm/websocket 0ms (unfinished)
------------------------------------------------------------------------------------------------------
POST /bridge/547/xh2pru9c/xhr_send 4ms 204
------------------------------------------------------------------------------------------------------
GET /bridge/info 0ms 200
------------------------------------------------------------------------------------------------------
------------------------------------------------------------------------------------------------------
GET /bridge/info 0ms 200
------------------------------------------------------------------------------------------------------
GET /bridge/950/qosjuvce/websocket 0ms (unfinished)
GET /bridge/900/9kbucdhw/websocket 0ms (unfinished)
------------------------------------------------------------------------------------------------------
POST /bridge/950/538ql_3p/xhr_streaming 1ms (unfinished)
------------------------------------------------------------------------------------------------------
------------------------------------------------------------------------------------------------------
POST /bridge/950/538ql_3p/xhr_send 2ms 204
POST /bridge/900/wz2ogqlp/xhr_streaming 1ms (unfinished)
------------------------------------------------------------------------------------------------------
------------------------------------------------------------------------------------------------------
POST /bridge/900/wz2ogqlp/xhr_send 1ms 204
------------------------------------------------------------------------------------------------------
GET /bridge/info 1ms 200
------------------------------------------------------------------------------------------------------
GET /bridge/info 1ms 200
GET /bridge/199/ys1rfqte/websocket 0ms (unfinished)
------------------------------------------------------------------------------------------------------
------------------------------------------------------------------------------------------------------
GET /bridge/374/xjhft7ps/websocket 0ms (unfinished)
------------------------------------------------------------------------------------------------------
POST /bridge/199/fosvd2b0/xhr_streaming 1ms (unfinished)
POST /bridge/199/fosvd2b0/xhr_send 2ms 204
------------------------------------------------------------------------------------------------------
POST /bridge/374/d_8wyto5/xhr_streaming 0ms (unfinished)
------------------------------------------------------------------------------------------------------
POST /bridge/374/d_8wyto5/xhr_send 1ms 204
------------------------------------------------------------------------------------------------------
------------------------------------------------------------------------------------------------------
GET /bridge/info 1ms 200
GET /bridge/info 1ms 200
------------------------------------------------------------------------------------------------------
GET /bridge/827/l9wsm0n2/websocket 0ms (unfinished)
------------------------------------------------------------------------------------------------------
------------------------------------------------------------------------------------------------------
GET /bridge/308/3cw0c7uu/websocket 0ms (unfinished)
GET /bridge/info 0ms 200
------------------------------------------------------------------------------------------------------
------------------------------------------------------------------------------------------------------
GET /bridge/info 0ms 200
GET /bridge/096/1v8u84og/websocket 1ms (unfinished)
------------------------------------------------------------------------------------------------------
GET /bridge/403/84gtphvn/websocket 0ms (unfinished)
------------------------------------------------------------------------------------------------------
GET /bridge/info 0ms 200
------------------------------------------------------------------------------------------------------
GET /bridge/info 0ms 200
------------------------------------------------------------------------------------------------------
GET /bridge/550/h4jqxo_1/websocket 0ms (unfinished)
------------------------------------------------------------------------------------------------------
GET /bridge/821/laeznjh8/websocket 1ms (unfinished)
------------------------------------------------------------------------------------------------------
------------------------------------------------------------------------------------------------------
POST /bridge/008/sr6nu1he/xhr_send 1ms 404
GET /bridge/info 1ms 200
------------------------------------------------------------------------------------------------------
------------------------------------------------------------------------------------------------------
GET /bridge/info 1ms 200
GET /bridge/725/jxu8ysde/websocket 3ms (unfinished)
------------------------------------------------------------------------------------------------------
GET /bridge/026/5sopagm3/websocket 0ms (unfinished)
------------------------------------------------------------------------------------------------------
------------------------------------------------------------------------------------------------------
POST /bridge/725/urbhghys/xhr_streaming 1ms (unfinished)
POST /bridge/725/urbhghys/xhr_send 3ms 204
------------------------------------------------------------------------------------------------------
POST /bridge/026/vl0q5dnh/xhr_streaming 1ms (unfinished)
------------------------------------------------------------------------------------------------------
POST /bridge/026/vl0q5dnh/xhr_send 1ms 204
------------------------------------------------------------------------------------------------------
------------------------------------------------------------------------------------------------------
GET /bridge/info 1ms 200
GET /bridge/info 0ms 200
------------------------------------------------------------------------------------------------------
GET /bridge/977/_rnkqfxo/websocket 1ms (unfinished)
------------------------------------------------------------------------------------------------------
GET /bridge/663/_zkf6bu7/websocket 0ms (unfinished)
------------------------------------------------------------------------------------------------------
POST /bridge/977/oegk1660/xhr_streaming 0ms (unfinished)
------------------------------------------------------------------------------------------------------
POST /bridge/977/oegk1660/xhr_send 1ms 204
------------------------------------------------------------------------------------------------------
------------------------------------------------------------------------------------------------------
POST /bridge/663/m4kbq3xb/xhr_streaming 0ms (unfinished)
POST /bridge/663/m4kbq3xb/xhr_send 1ms 204
------------------------------------------------------------------------------------------------------
------------------------------------------------------------------------------------------------------
GET /bridge/info 1ms 200
GET /bridge/info 0ms 200
------------------------------------------------------------------------------------------------------
GET /bridge/892/pprxlb0i/websocket 0ms (unfinished)
------------------------------------------------------------------------------------------------------
GET /bridge/715/fkhyd6pr/websocket 1ms (unfinished)
------------------------------------------------------------------------------------------------------
POST /bridge/892/3y3a56jr/xhr_streaming 1ms (unfinished)
------------------------------------------------------------------------------------------------------
POST /bridge/892/3y3a56jr/xhr_send 1ms 204
------------------------------------------------------------------------------------------------------
------------------------------------------------------------------------------------------------------
POST /bridge/715/7ur45nr0/xhr_streaming 1ms (unfinished)
------------------------------------------------------------------------------------------------------
POST /bridge/715/7ur45nr0/xhr_send 1ms 204
------------------------------------------------------------------------------------------------------
GET /bridge/info 1ms 200
------------------------------------------------------------------------------------------------------
GET /bridge/info 0ms 200
------------------------------------------------------------------------------------------------------
GET /bridge/261/0ptputnz/websocket 0ms (unfinished)
------------------------------------------------------------------------------------------------------
GET /bridge/378/4gasvveg/websocket 0ms (unfinished)
POST /bridge/261/i8bjr2aa/xhr_streaming 0ms (unfinished)
------------------------------------------------------------------------------------------------------
------------------------------------------------------------------------------------------------------
POST /bridge/261/i8bjr2aa/xhr_send 2ms 204
POST /bridge/378/1zxnk8bu/xhr_streaming 0ms (unfinished)
------------------------------------------------------------------------------------------------------
POST /bridge/378/1zxnk8bu/xhr_send 1ms 204
------------------------------------------------------------------------------------------------------
GET /bridge/info 0ms 200
------------------------------------------------------------------------------------------------------
------------------------------------------------------------------------------------------------------
GET /bridge/info 1ms 200
GET /bridge/508/wnmbjfyc/websocket 0ms (unfinished)
------------------------------------------------------------------------------------------------------
------------------------------------------------------------------------------------------------------
GET /bridge/866/ni38b4n4/websocket 0ms (unfinished)
------------------------------------------------------------------------------------------------------
POST /bridge/508/3ak2ird5/xhr_streaming 0ms (unfinished)
POST /bridge/508/3ak2ird5/xhr_send 2ms 204
------------------------------------------------------------------------------------------------------
------------------------------------------------------------------------------------------------------
POST /bridge/866/duir296p/xhr_streaming 0ms (unfinished)
------------------------------------------------------------------------------------------------------
GET /bridge/info 0ms 200
GET /bridge/info 1ms 200
------------------------------------------------------------------------------------------------------
------------------------------------------------------------------------------------------------------
GET /bridge/806/tuvhat8d/websocket 0ms (unfinished)
GET /bridge/166/7sgig_qh/websocket 0ms (unfinished)
------------------------------------------------------------------------------------------------------
POST /bridge/806/esqshsaw/xhr_streaming 0ms (unfinished)
------------------------------------------------------------------------------------------------------
POST /bridge/806/esqshsaw/xhr_send 2ms 204
------------------------------------------------------------------------------------------------------
POST /bridge/166/8glp2n7i/xhr_streaming 0ms (unfinished)
------------------------------------------------------------------------------------------------------
------------------------------------------------------------------------------------------------------
GET /bridge/info 0ms 200
GET /bridge/info 0ms 200
------------------------------------------------------------------------------------------------------
------------------------------------------------------------------------------------------------------
GET /bridge/035/qlktesg3/websocket 1ms (unfinished)
GET /bridge/159/dznxo4i7/websocket 1ms (unfinished)
------------------------------------------------------------------------------------------------------
------------------------------------------------------------------------------------------------------
GET /bridge/info 1ms 200
GET /bridge/info 0ms 200
------------------------------------------------------------------------------------------------------
GET /bridge/146/fwu9ao74/websocket 0ms (unfinished)
------------------------------------------------------------------------------------------------------
GET /bridge/456/196i111e/websocket 0ms (unfinished)
------------------------------------------------------------------------------------------------------
GET /bridge/info 0ms 200
------------------------------------------------------------------------------------------------------
GET /bridge/info 0ms 200
------------------------------------------------------------------------------------------------------
GET /bridge/139/xwhor2_h/websocket 0ms (unfinished)
------------------------------------------------------------------------------------------------------
GET /bridge/056/wsdb8ihg/websocket 1ms (unfinished)
------------------------------------------------------------------------------------------------------
GET /bridge/info 0ms 200
------------------------------------------------------------------------------------------------------
------------------------------------------------------------------------------------------------------
GET /bridge/info 1ms 200
GET /bridge/535/gn1lq1lu/websocket 0ms (unfinished)
------------------------------------------------------------------------------------------------------
------------------------------------------------------------------------------------------------------
GET /bridge/903/volebfft/websocket 0ms (unfinished)
GET /bridge/info 1ms 200
------------------------------------------------------------------------------------------------------
GET /bridge/info 0ms 200
------------------------------------------------------------------------------------------------------
GET /bridge/847/n3ce23_h/websocket 0ms (unfinished)
------------------------------------------------------------------------------------------------------
GET /bridge/586/0gvsxw2a/websocket 1ms (unfinished)
------------------------------------------------------------------------------------------------------
------------------------------------------------------------------------------------------------------
GET /bridge/info 1ms 200
GET /bridge/info 0ms 200
------------------------------------------------------------------------------------------------------
GET /bridge/622/4npmvayx/websocket 1ms (unfinished)
------------------------------------------------------------------------------------------------------
GET /bridge/445/de66ugyu/websocket 1ms (unfinished)
------------------------------------------------------------------------------------------------------
GET /bridge/info 1ms 200
------------------------------------------------------------------------------------------------------
GET /bridge/info 0ms 200
------------------------------------------------------------------------------------------------------
GET /bridge/495/prf1b6q7/websocket 0ms (unfinished)
------------------------------------------------------------------------------------------------------
GET /bridge/600/hw4_e76h/websocket 0ms (unfinished)
------------------------------------------------------------------------------------------------------
GET /bridge/info 0ms 200
------------------------------------------------------------------------------------------------------
------------------------------------------------------------------------------------------------------
GET /bridge/info 0ms 200
GET /bridge/464/bkp5_cag/websocket 0ms (unfinished)
------------------------------------------------------------------------------------------------------
GET /bridge/927/6dg2kebk/websocket 0ms (unfinished)
------------------------------------------------------------------------------------------------------
GET /bridge/info 1ms 200
------------------------------------------------------------------------------------------------------
------------------------------------------------------------------------------------------------------
GET /bridge/info 0ms 200
GET /bridge/442/tm0wswzo/websocket 3ms (unfinished)
------------------------------------------------------------------------------------------------------
------------------------------------------------------------------------------------------------------
GET /bridge/998/uxqbhoh9/websocket 0ms (unfinished)
GET /bridge/info 2ms 200
------------------------------------------------------------------------------------------------------
GET /bridge/info 0ms 200
------------------------------------------------------------------------------------------------------
------------------------------------------------------------------------------------------------------
GET /bridge/345/p6xox41f/websocket 3ms (unfinished)
------------------------------------------------------------------------------------------------------
GET /bridge/298/nd_hc4c2/websocket 0ms (unfinished)
------------------------------------------------------------------------------------------------------
GET /bridge/info 1ms 200
GET /bridge/info 0ms 200
------------------------------------------------------------------------------------------------------
GET /bridge/611/jjc19y96/websocket 3ms (unfinished)
------------------------------------------------------------------------------------------------------
GET /bridge/342/9s82unjx/websocket 1ms (unfinished)
------------------------------------------------------------------------------------------------------
------------------------------------------------------------------------------------------------------
GET /bridge/info 1ms 200
GET /bridge/info 0ms 200
------------------------------------------------------------------------------------------------------
GET /bridge/971/6v353kdd/websocket 2ms (unfinished)
------------------------------------------------------------------------------------------------------
------------------------------------------------------------------------------------------------------
GET /bridge/163/yd_iftvj/websocket 0ms (unfinished)
------------------------------------------------------------------------------------------------------
GET /bridge/info 1ms 200
GET /bridge/info 0ms 200
------------------------------------------------------------------------------------------------------
GET /bridge/051/izh9dc2s/websocket 1ms (unfinished)
------------------------------------------------------------------------------------------------------
GET /bridge/690/h09jecq7/websocket 1ms (unfinished)
------------------------------------------------------------------------------------------------------
