------------------------------------------------------------------------------------------------------
GET /bridge/info 1ms 200
GET /bridge/info 0ms 200
------------------------------------------------------------------------------------------------------
GET /bridge/676/muqf4x_o/websocket 1ms (unfinished)
------------------------------------------------------------------------------------------------------
------------------------------------------------------------------------------------------------------
GET /bridge/373/li0yivbw/websocket 0ms (unfinished)
------------------------------------------------------------------------------------------------------
POST /bridge/676/hpn03hbt/xhr_streaming 1ms (unfinished)
POST /bridge/373/gzle3_0r/xhr_streaming 1ms (unfinished)
------------------------------------------------------------------------------------------------------
------------------------------------------------------------------------------------------------------
POST /bridge/676/hpn03hbt/xhr_send 2ms 204
------------------------------------------------------------------------------------------------------
POST /bridge/373/gzle3_0r/xhr_send 0ms 204
GET /bridge/info 0ms 200
------------------------------------------------------------------------------------------------------
GET /bridge/info 1ms 200
------------------------------------------------------------------------------------------------------
GET /bridge/555/cilglxet/websocket 0ms (unfinished)
------------------------------------------------------------------------------------------------------
GET /bridge/315/hsoyfp9t/websocket 0ms (unfinished)
------------------------------------------------------------------------------------------------------
POST /bridge/555/qfc8c3sg/xhr_streaming 1ms (unfinished)
------------------------------------------------------------------------------------------------------
POST /bridge/555/qfc8c3sg/xhr_send 1ms 204
------------------------------------------------------------------------------------------------------
POST /bridge/315/0fijalll/xhr_streaming 0ms (unfinished)
------------------------------------------------------------------------------------------------------
POST /bridge/315/0fijalll/xhr_send 1ms 204
------------------------------------------------------------------------------------------------------
------------------------------------------------------------------------------------------------------
GET /bridge/info 1ms 200
GET /bridge/info 0ms 200
------------------------------------------------------------------------------------------------------
GET /bridge/900/2fj2vieq/websocket 0ms (unfinished)
------------------------------------------------------------------------------------------------------
GET /bridge/480/nhvkg1av/websocket 0ms (unfinished)
------------------------------------------------------------------------------------------------------
POST /bridge/900/fyfq_0_4/xhr_streaming 0ms (unfinished)
------------------------------------------------------------------------------------------------------
POST /bridge/900/fyfq_0_4/xhr_send 1ms 204
------------------------------------------------------------------------------------------------------
------------------------------------------------------------------------------------------------------
POST /bridge/480/dcloijbv/xhr_streaming 1ms (unfinished)
POST /bridge/480/dcloijbv/xhr_send 2ms 204
------------------------------------------------------------------------------------------------------
------------------------------------------------------------------------------------------------------
GET /bridge/info 0ms 200
GET /bridge/info 0ms 200
------------------------------------------------------------------------------------------------------
GET /bridge/242/2yu40xw1/websocket 1ms (unfinished)
------------------------------------------------------------------------------------------------------
------------------------------------------------------------------------------------------------------
GET /bridge/880/tcltw8ed/websocket 1ms (unfinished)
------------------------------------------------------------------------------------------------------
POST /bridge/242/mc0y4zze/xhr_streaming 1ms (unfinished)
POST /bridge/880/no2jr1nq/xhr_streaming 1ms (unfinished)
------------------------------------------------------------------------------------------------------
------------------------------------------------------------------------------------------------------
POST /bridge/242/mc0y4zze/xhr_send 1ms 204
POST /bridge/880/no2jr1nq/xhr_send 2ms 204
------------------------------------------------------------------------------------------------------
GET /bridge/info 1ms 200
------------------------------------------------------------------------------------------------------
GET /bridge/info 1ms 200
------------------------------------------------------------------------------------------------------
GET /bridge/325/ha9_8_7_/websocket 4ms (unfinished)
------------------------------------------------------------------------------------------------------
POST /bridge/821/d4h58hx2/xhr_streaming 1ms (unfinished)
------------------------------------------------------------------------------------------------------
------------------------------------------------------------------------------------------------------
POST /bridge/821/d4h58hx2/xhr_send 5ms 204
------------------------------------------------------------------------------------------------------
POST /bridge/325/eosfh2_r/xhr_streaming 1ms (unfinished)
GET /bridge/info 2ms 200
------------------------------------------------------------------------------------------------------
------------------------------------------------------------------------------------------------------
GET /bridge/info 0ms 200
GET /bridge/156/fpeiv4_w/websocket 3ms (unfinished)
------------------------------------------------------------------------------------------------------
------------------------------------------------------------------------------------------------------
GET /bridge/535/ar7bf_uz/websocket 0ms (unfinished)
POST /bridge/156/htqoowr3/xhr_streaming 1ms (unfinished)
------------------------------------------------------------------------------------------------------
POST /bridge/156/htqoowr3/xhr_send 5ms 204
------------------------------------------------------------------------------------------------------
POST /bridge/535/pr50nbuu/xhr_streaming 1ms (unfinished)
------------------------------------------------------------------------------------------------------
------------------------------------------------------------------------------------------------------
GET /bridge/info 0ms 200
GET /bridge/info 0ms 200
------------------------------------------------------------------------------------------------------
GET /bridge/347/xamxtkkd/websocket 0ms (unfinished)
------------------------------------------------------------------------------------------------------
GET /bridge/325/2kb8q7qk/websocket 1ms (unfinished)
------------------------------------------------------------------------------------------------------
------------------------------------------------------------------------------------------------------
GET /bridge/info 1ms 200
GET /bridge/info 0ms 200
------------------------------------------------------------------------------------------------------
GET /bridge/124/hetrstaq/websocket 3ms (unfinished)
------------------------------------------------------------------------------------------------------
GET /bridge/448/e0_ja5qb/websocket 0ms (unfinished)
------------------------------------------------------------------------------------------------------
POST /bridge/124/li99vxfr/xhr_streaming 1ms (unfinished)
------------------------------------------------------------------------------------------------------
POST /bridge/124/li99vxfr/xhr_send 4ms 204
------------------------------------------------------------------------------------------------------
------------------------------------------------------------------------------------------------------
POST /bridge/448/vniab6w0/xhr_streaming 1ms (unfinished)
POST /bridge/448/vniab6w0/xhr_send 1ms 204
------------------------------------------------------------------------------------------------------
GET /bridge/info 1ms 200
------------------------------------------------------------------------------------------------------
GET /bridge/info 0ms 200
------------------------------------------------------------------------------------------------------
GET /bridge/514/brzuiioh/websocket 3ms (unfinished)
------------------------------------------------------------------------------------------------------
------------------------------------------------------------------------------------------------------
GET /bridge/805/v13x91fh/websocket 1ms (unfinished)
------------------------------------------------------------------------------------------------------
GET /bridge/info 1ms 200
------------------------------------------------------------------------------------------------------
GET /bridge/info 1ms 200
------------------------------------------------------------------------------------------------------
GET /bridge/214/16845noh/websocket 2ms (unfinished)
GET /bridge/988/q1oz1tr6/websocket 0ms (unfinished)
------------------------------------------------------------------------------------------------------
------------------------------------------------------------------------------------------------------
GET /bridge/info 1ms 200
GET /bridge/info 1ms 200
------------------------------------------------------------------------------------------------------
GET /bridge/092/tyv_oo7u/websocket 1ms (unfinished)
------------------------------------------------------------------------------------------------------
GET /bridge/396/o81vx0za/websocket 0ms (unfinished)
------------------------------------------------------------------------------------------------------
------------------------------------------------------------------------------------------------------
GET /bridge/info 2ms 200
------------------------------------------------------------------------------------------------------
GET /bridge/info 0ms 200
GET /bridge/816/5m0iegby/websocket 2ms (unfinished)
------------------------------------------------------------------------------------------------------
GET /bridge/005/pesg02ep/websocket 1ms (unfinished)
------------------------------------------------------------------------------------------------------
GET /bridge/info 1ms 200
------------------------------------------------------------------------------------------------------
GET /bridge/info 0ms 200
------------------------------------------------------------------------------------------------------
GET /bridge/985/jdst0y1l/websocket 2ms (unfinished)
------------------------------------------------------------------------------------------------------
GET /bridge/583/atp5ntlc/websocket 0ms (unfinished)
------------------------------------------------------------------------------------------------------
GET /bridge/info 2ms 200
------------------------------------------------------------------------------------------------------
GET /bridge/info 1ms 200
------------------------------------------------------------------------------------------------------
------------------------------------------------------------------------------------------------------
GET /bridge/783/mibqu7kt/websocket 3ms (unfinished)
GET /bridge/148/czlkg7hb/websocket 1ms (unfinished)
------------------------------------------------------------------------------------------------------
GET /bridge/info 1ms 200
------------------------------------------------------------------------------------------------------
GET /bridge/info 0ms 200
------------------------------------------------------------------------------------------------------
GET /bridge/229/p2fz3es8/websocket 2ms (unfinished)
------------------------------------------------------------------------------------------------------
GET /bridge/934/epzt98lk/websocket 0ms (unfinished)
------------------------------------------------------------------------------------------------------
------------------------------------------------------------------------------------------------------
GET /bridge/info 1ms 200
GET /bridge/info 0ms 200
------------------------------------------------------------------------------------------------------
GET /bridge/862/quld71u1/websocket 3ms (unfinished)
------------------------------------------------------------------------------------------------------
GET /bridge/744/6f71pcpd/websocket 1ms (unfinished)
------------------------------------------------------------------------------------------------------
POST /bridge/325/eosfh2_r/xhr_send 3ms 204
------------------------------------------------------------------------------------------------------
GET /bridge/info 1ms 200
------------------------------------------------------------------------------------------------------
GET /bridge/info 1ms 200
------------------------------------------------------------------------------------------------------
GET /bridge/742/1si7kmgr/websocket 2ms (unfinished)
------------------------------------------------------------------------------------------------------
------------------------------------------------------------------------------------------------------
GET /bridge/790/p__qkqiw/websocket 1ms (unfinished)
POST /bridge/742/a2cw7cze/xhr_streaming 1ms (unfinished)
------------------------------------------------------------------------------------------------------
POST /bridge/742/a2cw7cze/xhr_send 1ms 204
------------------------------------------------------------------------------------------------------
POST /bridge/790/eocb0ztz/xhr_streaming 1ms (unfinished)
------------------------------------------------------------------------------------------------------
POST /bridge/790/eocb0ztz/xhr_send 1ms 204
------------------------------------------------------------------------------------------------------
GET /bridge/info 0ms 200
------------------------------------------------------------------------------------------------------
GET /bridge/info 0ms 200
------------------------------------------------------------------------------------------------------
------------------------------------------------------------------------------------------------------
GET /bridge/636/y98obegn/websocket 0ms (unfinished)
GET /bridge/443/82ucir3f/websocket 1ms (unfinished)
------------------------------------------------------------------------------------------------------
------------------------------------------------------------------------------------------------------
POST /bridge/636/tkhqnto2/xhr_streaming 0ms (unfinished)
POST /bridge/636/tkhqnto2/xhr_send 1ms 204
------------------------------------------------------------------------------------------------------
------------------------------------------------------------------------------------------------------
POST /bridge/443/nlmddoqc/xhr_streaming 1ms (unfinished)
POST /bridge/443/nlmddoqc/xhr_send 1ms 204
------------------------------------------------------------------------------------------------------
------------------------------------------------------------------------------------------------------
GET /bridge/info 2ms 200
------------------------------------------------------------------------------------------------------
GET /bridge/info 0ms 200
GET /bridge/604/hgl92wjx/websocket 4ms (unfinished)
------------------------------------------------------------------------------------------------------
GET /bridge/818/gr1tv6cp/websocket 0ms (unfinished)
------------------------------------------------------------------------------------------------------
POST /bridge/604/isrrrv0l/xhr_streaming 1ms (unfinished)
------------------------------------------------------------------------------------------------------
POST /bridge/604/isrrrv0l/xhr_send 5ms 204
------------------------------------------------------------------------------------------------------
------------------------------------------------------------------------------------------------------
POST /bridge/818/v96b5vme/xhr_streaming 1ms (unfinished)
GET /bridge/info 1ms 200
------------------------------------------------------------------------------------------------------
------------------------------------------------------------------------------------------------------
GET /bridge/info 1ms 200
------------------------------------------------------------------------------------------------------
GET /bridge/321/yh7fy3zf/websocket 2ms (unfinished)
GET /bridge/565/ndwv3q8s/websocket 0ms (unfinished)
------------------------------------------------------------------------------------------------------
GET /bridge/info 1ms 200
------------------------------------------------------------------------------------------------------
GET /bridge/info 1ms 200
------------------------------------------------------------------------------------------------------
GET /bridge/868/wbliyso1/websocket 2ms (unfinished)
------------------------------------------------------------------------------------------------------
GET /bridge/893/t4blw235/websocket 0ms (unfinished)
------------------------------------------------------------------------------------------------------
GET /bridge/info 1ms 200
------------------------------------------------------------------------------------------------------
GET /bridge/info 0ms 200
------------------------------------------------------------------------------------------------------
------------------------------------------------------------------------------------------------------
GET /bridge/467/ecebj4x8/websocket 2ms (unfinished)
GET /bridge/327/wb06nt39/websocket 0ms (unfinished)
------------------------------------------------------------------------------------------------------
GET /bridge/info 1ms 200
------------------------------------------------------------------------------------------------------
------------------------------------------------------------------------------------------------------
GET /bridge/info 1ms 200
GET /bridge/368/jgsg75pq/websocket 2ms (unfinished)
------------------------------------------------------------------------------------------------------
------------------------------------------------------------------------------------------------------
GET /bridge/687/irofytlb/websocket 0ms (unfinished)
GET /bridge/info 1ms 200
------------------------------------------------------------------------------------------------------
GET /bridge/info 0ms 200
------------------------------------------------------------------------------------------------------
GET /bridge/306/zoxuggau/websocket 1ms (unfinished)
------------------------------------------------------------------------------------------------------
GET /bridge/788/5hb1o173/websocket 0ms (unfinished)
------------------------------------------------------------------------------------------------------
GET /bridge/info 1ms 200
------------------------------------------------------------------------------------------------------
GET /bridge/info 0ms 200
------------------------------------------------------------------------------------------------------
GET /bridge/435/y_x7mnjd/websocket 2ms (unfinished)
------------------------------------------------------------------------------------------------------
GET /bridge/info 0ms 200
------------------------------------------------------------------------------------------------------
GET /bridge/info 0ms 200
------------------------------------------------------------------------------------------------------
GET /bridge/778/2un3apvu/websocket 0ms (unfinished)
------------------------------------------------------------------------------------------------------
GET /bridge/991/13_vwyie/websocket 0ms (unfinished)
------------------------------------------------------------------------------------------------------
------------------------------------------------------------------------------------------------------
GET /bridge/info 1ms 200
GET /bridge/info 1ms 200
------------------------------------------------------------------------------------------------------
------------------------------------------------------------------------------------------------------
GET /bridge/319/ahn9zuvv/websocket 3ms (unfinished)
------------------------------------------------------------------------------------------------------
GET /bridge/503/spofs1wf/websocket 0ms (unfinished)
GET /bridge/info 1ms 200
------------------------------------------------------------------------------------------------------
GET /bridge/info 0ms 200
------------------------------------------------------------------------------------------------------
GET /bridge/050/3fnbrnpb/websocket 2ms (unfinished)
------------------------------------------------------------------------------------------------------
GET /bridge/792/efecfuak/websocket 0ms (unfinished)
------------------------------------------------------------------------------------------------------
POST /bridge/818/v96b5vme/xhr_send 4ms 204
------------------------------------------------------------------------------------------------------
GET /bridge/info 0ms 200
------------------------------------------------------------------------------------------------------
GET /bridge/info 0ms 200
------------------------------------------------------------------------------------------------------
GET /bridge/613/xiut0jii/websocket 3ms (unfinished)
------------------------------------------------------------------------------------------------------
GET /bridge/399/2ggc6flv/websocket 0ms (unfinished)
------------------------------------------------------------------------------------------------------
POST /bridge/613/2fomijhj/xhr_streaming 1ms (unfinished)
------------------------------------------------------------------------------------------------------
POST /bridge/613/2fomijhj/xhr_send 2ms 204
------------------------------------------------------------------------------------------------------
POST /bridge/399/dbzq15ca/xhr_streaming 1ms (unfinished)
------------------------------------------------------------------------------------------------------
------------------------------------------------------------------------------------------------------
POST /bridge/399/dbzq15ca/xhr_send 2ms 204
GET /bridge/info 1ms 200
------------------------------------------------------------------------------------------------------
GET /bridge/info 1ms 200
------------------------------------------------------------------------------------------------------
GET /bridge/926/7c2nmo2x/websocket 0ms (unfinished)
------------------------------------------------------------------------------------------------------
GET /bridge/931/nye5nq31/websocket 1ms (unfinished)
------------------------------------------------------------------------------------------------------
------------------------------------------------------------------------------------------------------
POST /bridge/926/9wxb9v07/xhr_streaming 1ms (unfinished)
POST /bridge/926/9wxb9v07/xhr_send 1ms 204
------------------------------------------------------------------------------------------------------
POST /bridge/931/56f50ltf/xhr_streaming 0ms (unfinished)
------------------------------------------------------------------------------------------------------
POST /bridge/931/56f50ltf/xhr_send 1ms 204
------------------------------------------------------------------------------------------------------
GET /bridge/info 1ms 200
------------------------------------------------------------------------------------------------------
GET /bridge/info 1ms 200
------------------------------------------------------------------------------------------------------
GET /bridge/043/3ua06ocq/websocket 3ms (unfinished)
------------------------------------------------------------------------------------------------------
------------------------------------------------------------------------------------------------------
GET /bridge/699/_1ozcxwx/websocket 1ms (unfinished)
POST /bridge/043/e4zasndq/xhr_streaming 1ms (unfinished)
------------------------------------------------------------------------------------------------------
POST /bridge/043/e4zasndq/xhr_send 4ms 204
------------------------------------------------------------------------------------------------------
------------------------------------------------------------------------------------------------------
POST /bridge/699/a77t6yr7/xhr_streaming 0ms (unfinished)
GET /bridge/info 1ms 200
------------------------------------------------------------------------------------------------------
GET /bridge/info 0ms 200
------------------------------------------------------------------------------------------------------
GET /bridge/412/usrmho4g/websocket 3ms (unfinished)
------------------------------------------------------------------------------------------------------
------------------------------------------------------------------------------------------------------
GET /bridge/776/5chdag9r/websocket 0ms (unfinished)
GET /bridge/info 2ms 200
------------------------------------------------------------------------------------------------------
GET /bridge/info 1ms 200
------------------------------------------------------------------------------------------------------
------------------------------------------------------------------------------------------------------
GET /bridge/291/d_2bvq8o/websocket 4ms (unfinished)
GET /bridge/200/cok5yyv5/websocket 1ms (unfinished)
------------------------------------------------------------------------------------------------------
------------------------------------------------------------------------------------------------------
GET /bridge/info 2ms 200
GET /bridge/info 0ms 200
------------------------------------------------------------------------------------------------------
GET /bridge/042/pp03bx4k/websocket 4ms (unfinished)
------------------------------------------------------------------------------------------------------
GET /bridge/873/_3oqn_w7/websocket 1ms (unfinished)
------------------------------------------------------------------------------------------------------
GET /bridge/info 1ms 200
------------------------------------------------------------------------------------------------------
GET /bridge/info 0ms 200
------------------------------------------------------------------------------------------------------
GET /bridge/714/dml4kdr0/websocket 2ms (unfinished)
------------------------------------------------------------------------------------------------------
GET /bridge/info 2ms 200
------------------------------------------------------------------------------------------------------
------------------------------------------------------------------------------------------------------
GET /bridge/info 1ms 200
GET /bridge/146/3g4n7q5v/websocket 4ms (unfinished)
------------------------------------------------------------------------------------------------------
GET /bridge/832/01d5bcez/websocket 0ms (unfinished)
------------------------------------------------------------------------------------------------------
------------------------------------------------------------------------------------------------------
GET /bridge/info 1ms 200
GET /bridge/info 0ms 200
------------------------------------------------------------------------------------------------------
GET /bridge/443/ypga6m24/websocket 3ms (unfinished)
------------------------------------------------------------------------------------------------------
------------------------------------------------------------------------------------------------------
GET /bridge/878/1s_u53gg/websocket 1ms (unfinished)
------------------------------------------------------------------------------------------------------
GET /bridge/info 0ms 200
POST /bridge/443/cw_p8knc/xhr_streaming 1ms (unfinished)
------------------------------------------------------------------------------------------------------
GET /bridge/info 1ms 200
------------------------------------------------------------------------------------------------------
------------------------------------------------------------------------------------------------------
GET /bridge/454/vy5j7oo3/websocket 1ms (unfinished)
POST /bridge/443/cw_p8knc/xhr_send 5ms 204
------------------------------------------------------------------------------------------------------
------------------------------------------------------------------------------------------------------
GET /bridge/763/nsb1ca3z/websocket 0ms (unfinished)
POST /bridge/878/7z5n_rro/xhr_streaming 1ms (unfinished)
------------------------------------------------------------------------------------------------------
------------------------------------------------------------------------------------------------------
POST /bridge/454/acd3xp86/xhr_streaming 0ms (unfinished)
POST /bridge/763/zplot0x8/xhr_streaming 0ms (unfinished)
------------------------------------------------------------------------------------------------------
POST /bridge/878/7z5n_rro/xhr_send 1ms 204
------------------------------------------------------------------------------------------------------
POST /bridge/454/acd3xp86/xhr_send 1ms 204
------------------------------------------------------------------------------------------------------
POST /bridge/763/zplot0x8/xhr_send 1ms 204
------------------------------------------------------------------------------------------------------
------------------------------------------------------------------------------------------------------
GET /bridge/info 1ms 200
------------------------------------------------------------------------------------------------------
GET /bridge/info 0ms 200
------------------------------------------------------------------------------------------------------
GET /bridge/392/79dq1ku5/websocket 3ms (unfinished)
GET /bridge/198/lnt40lbe/websocket 0ms (unfinished)
------------------------------------------------------------------------------------------------------
POST /bridge/392/onrhcejl/xhr_streaming 1ms (unfinished)
------------------------------------------------------------------------------------------------------
POST /bridge/392/onrhcejl/xhr_send 3ms 204
------------------------------------------------------------------------------------------------------
POST /bridge/198/rtkeo5uo/xhr_streaming 1ms (unfinished)
------------------------------------------------------------------------------------------------------
POST /bridge/198/rtkeo5uo/xhr_send 1ms 204
------------------------------------------------------------------------------------------------------
GET /bridge/info 1ms 200
------------------------------------------------------------------------------------------------------
GET /bridge/info 0ms 200
------------------------------------------------------------------------------------------------------
GET /bridge/695/rt6ch7uo/websocket 1ms (unfinished)
------------------------------------------------------------------------------------------------------
GET /bridge/565/2yfv5f2j/websocket 0ms (unfinished)
------------------------------------------------------------------------------------------------------
POST /bridge/695/576jg77m/xhr_streaming 0ms (unfinished)
------------------------------------------------------------------------------------------------------
POST /bridge/695/576jg77m/xhr_send 1ms 204
------------------------------------------------------------------------------------------------------
POST /bridge/565/pfbashl9/xhr_streaming 0ms (unfinished)
------------------------------------------------------------------------------------------------------
POST /bridge/565/pfbashl9/xhr_send 1ms 204
------------------------------------------------------------------------------------------------------
GET /bridge/info 1ms 200
------------------------------------------------------------------------------------------------------
------------------------------------------------------------------------------------------------------
GET /bridge/info 0ms 200
GET /bridge/885/xi11gpqv/websocket 2ms (unfinished)
------------------------------------------------------------------------------------------------------
GET /bridge/580/i4kmdtj6/websocket 0ms (unfinished)
------------------------------------------------------------------------------------------------------
POST /bridge/885/ncnu6c_v/xhr 1ms 200
------------------------------------------------------------------------------------------------------
POST /bridge/885/ncnu6c_v/xhr_send 4ms 204
------------------------------------------------------------------------------------------------------
POST /bridge/885/ncnu6c_v/xhr 1ms 200
------------------------------------------------------------------------------------------------------
POST /bridge/885/ncnu6c_v/xhr 0ms (unfinished)
------------------------------------------------------------------------------------------------------
------------------------------------------------------------------------------------------------------
POST /bridge/580/8lazdwou/xhr 1ms 200
------------------------------------------------------------------------------------------------------
POST /bridge/580/8lazdwou/xhr_send 2ms 204
POST /bridge/580/8lazdwou/xhr 1ms 200
------------------------------------------------------------------------------------------------------
POST /bridge/580/8lazdwou/xhr 0ms (unfinished)
------------------------------------------------------------------------------------------------------
POST /bridge/885/ncnu6c_v/xhr 3ms (unfinished)
------------------------------------------------------------------------------------------------------
------------------------------------------------------------------------------------------------------
POST /bridge/580/8lazdwou/xhr 0ms (unfinished)
GET /bridge/info 1ms 200
------------------------------------------------------------------------------------------------------
GET /bridge/info 0ms 200
------------------------------------------------------------------------------------------------------
GET /bridge/069/gy0qarn9/websocket 3ms (unfinished)
------------------------------------------------------------------------------------------------------
GET /bridge/711/odmt7mdo/websocket 1ms (unfinished)
------------------------------------------------------------------------------------------------------
POST /bridge/069/w_6ok_9e/xhr_streaming 0ms (unfinished)
------------------------------------------------------------------------------------------------------
POST /bridge/069/w_6ok_9e/xhr_send 3ms 204
------------------------------------------------------------------------------------------------------
POST /bridge/711/1tceezct/xhr_streaming 0ms (unfinished)
------------------------------------------------------------------------------------------------------
------------------------------------------------------------------------------------------------------
POST /bridge/711/1tceezct/xhr_send 1ms 204
GET /bridge/info 0ms 200
------------------------------------------------------------------------------------------------------
GET /bridge/info 0ms 200
------------------------------------------------------------------------------------------------------
GET /bridge/901/50bfa3ep/websocket 0ms (unfinished)
------------------------------------------------------------------------------------------------------
GET /bridge/010/0ea2ax6q/websocket 0ms (unfinished)
------------------------------------------------------------------------------------------------------
------------------------------------------------------------------------------------------------------
GET /bridge/info 2ms 200
GET /bridge/info 1ms 200
------------------------------------------------------------------------------------------------------
------------------------------------------------------------------------------------------------------
GET /bridge/734/p7w_3b4i/websocket 4ms (unfinished)
------------------------------------------------------------------------------------------------------
GET /bridge/690/ffgl22ss/websocket 0ms (unfinished)
GET /bridge/info 1ms 200
------------------------------------------------------------------------------------------------------
GET /bridge/info 0ms 200
------------------------------------------------------------------------------------------------------
GET /bridge/276/ws1oabb5/websocket 2ms (unfinished)
------------------------------------------------------------------------------------------------------
GET /bridge/004/nkqw5qhl/websocket 0ms (unfinished)
------------------------------------------------------------------------------------------------------
------------------------------------------------------------------------------------------------------
POST /bridge/276/1wpxeb9z/xhr_streaming 2ms (unfinished)
POST /bridge/276/1wpxeb9z/xhr_send 4ms 204
------------------------------------------------------------------------------------------------------
POST /bridge/004/gq5cd9jr/xhr_streaming 1ms (unfinished)
------------------------------------------------------------------------------------------------------
POST /bridge/004/gq5cd9jr/xhr_send 1ms 204
------------------------------------------------------------------------------------------------------
GET /bridge/info 1ms 200
------------------------------------------------------------------------------------------------------
GET /bridge/info 0ms 200
------------------------------------------------------------------------------------------------------
GET /bridge/728/1zuye5_3/websocket 2ms (unfinished)
------------------------------------------------------------------------------------------------------
------------------------------------------------------------------------------------------------------
GET /bridge/711/sm4kqv99/websocket 1ms (unfinished)
POST /bridge/728/yb0ichx0/xhr_streaming 1ms (unfinished)
------------------------------------------------------------------------------------------------------
------------------------------------------------------------------------------------------------------
POST /bridge/728/yb0ichx0/xhr_send 4ms 204
POST /bridge/711/3ipdvgzx/xhr_streaming 1ms (unfinished)
------------------------------------------------------------------------------------------------------
POST /bridge/711/3ipdvgzx/xhr_send 1ms 204
------------------------------------------------------------------------------------------------------
------------------------------------------------------------------------------------------------------
GET /bridge/info 2ms 200
------------------------------------------------------------------------------------------------------
GET /bridge/info 1ms 200
POST /bridge/305/4daww8cb/xhr_streaming 2ms (unfinished)
------------------------------------------------------------------------------------------------------
GET /bridge/182/21q48b04/websocket 2ms (unfinished)
------------------------------------------------------------------------------------------------------
POST /bridge/305/4daww8cb/xhr_send 4ms 204
------------------------------------------------------------------------------------------------------
POST /bridge/182/aoblj2hk/xhr_streaming 0ms (unfinished)
------------------------------------------------------------------------------------------------------
------------------------------------------------------------------------------------------------------
POST /bridge/182/aoblj2hk/xhr_send 1ms 204
GET /bridge/info 0ms 200
------------------------------------------------------------------------------------------------------
GET /bridge/info 0ms 200
------------------------------------------------------------------------------------------------------
GET /bridge/297/uucutqr3/websocket 2ms (unfinished)
------------------------------------------------------------------------------------------------------
GET /bridge/629/2j9szers/websocket 0ms (unfinished)
------------------------------------------------------------------------------------------------------
------------------------------------------------------------------------------------------------------
GET /bridge/info 1ms 200
GET /bridge/info 0ms 200
------------------------------------------------------------------------------------------------------
GET /bridge/662/yykd4jse/websocket 0ms (unfinished)
------------------------------------------------------------------------------------------------------
GET /bridge/882/yajg9f8q/websocket 0ms (unfinished)
------------------------------------------------------------------------------------------------------
------------------------------------------------------------------------------------------------------
POST /bridge/662/cfdutweb/xhr_streaming 0ms (unfinished)
------------------------------------------------------------------------------------------------------
POST /bridge/662/cfdutweb/xhr_send 2ms 204
POST /bridge/882/56xfocon/xhr_streaming 1ms (unfinished)
------------------------------------------------------------------------------------------------------
------------------------------------------------------------------------------------------------------
GET /bridge/info 1ms 200
GET /bridge/info 0ms 200
------------------------------------------------------------------------------------------------------
GET /bridge/892/qo4uryh9/websocket 1ms (unfinished)
------------------------------------------------------------------------------------------------------
GET /bridge/info 1ms 200
------------------------------------------------------------------------------------------------------
GET /bridge/info 1ms 200
------------------------------------------------------------------------------------------------------
GET /bridge/509/f1w_07mb/websocket 0ms (unfinished)
------------------------------------------------------------------------------------------------------
GET /bridge/467/cbg13avm/websocket 1ms (unfinished)
------------------------------------------------------------------------------------------------------
GET /bridge/info 0ms 200
------------------------------------------------------------------------------------------------------
GET /bridge/info 0ms 200
------------------------------------------------------------------------------------------------------
------------------------------------------------------------------------------------------------------
GET /bridge/967/97917bvi/websocket 0ms (unfinished)
GET /bridge/294/zrs0kh_9/websocket 1ms (unfinished)
------------------------------------------------------------------------------------------------------
------------------------------------------------------------------------------------------------------
GET /bridge/info 1ms 200
GET /bridge/info 0ms 200
------------------------------------------------------------------------------------------------------
GET /bridge/724/n2xg784s/websocket 2ms (unfinished)
------------------------------------------------------------------------------------------------------
GET /bridge/999/lh714xjj/websocket 0ms (unfinished)
------------------------------------------------------------------------------------------------------
GET /bridge/info 1ms 200
------------------------------------------------------------------------------------------------------
GET /bridge/info 1ms 200
------------------------------------------------------------------------------------------------------
GET /bridge/622/fpnfb2ne/websocket 0ms (unfinished)
------------------------------------------------------------------------------------------------------
------------------------------------------------------------------------------------------------------
GET /bridge/895/gulvnwgl/websocket 0ms (unfinished)
------------------------------------------------------------------------------------------------------
GET /bridge/info 0ms 200
GET /bridge/info 0ms 200
------------------------------------------------------------------------------------------------------
------------------------------------------------------------------------------------------------------
GET /bridge/467/5oif_ay_/websocket 0ms (unfinished)
------------------------------------------------------------------------------------------------------
GET /bridge/450/xftwymh4/websocket 1ms (unfinished)
GET /bridge/info 0ms 200
------------------------------------------------------------------------------------------------------
GET /bridge/info 0ms 200
------------------------------------------------------------------------------------------------------
------------------------------------------------------------------------------------------------------
GET /bridge/178/mm4h2e2y/websocket 0ms (unfinished)
GET /bridge/838/cgqb17ji/websocket 0ms (unfinished)
------------------------------------------------------------------------------------------------------
------------------------------------------------------------------------------------------------------
GET /bridge/info 1ms 200
GET /bridge/info 1ms 200
------------------------------------------------------------------------------------------------------
GET /bridge/767/kjutpjhn/websocket 3ms (unfinished)
------------------------------------------------------------------------------------------------------
GET /bridge/405/hntw63td/websocket 0ms (unfinished)
------------------------------------------------------------------------------------------------------
GET /bridge/info 0ms 200
------------------------------------------------------------------------------------------------------
GET /bridge/info 0ms 200
------------------------------------------------------------------------------------------------------
GET /bridge/523/py0s_adi/websocket 0ms (unfinished)
------------------------------------------------------------------------------------------------------
GET /bridge/378/zhiil3y9/websocket 0ms (unfinished)
------------------------------------------------------------------------------------------------------
GET /bridge/info 1ms 200
------------------------------------------------------------------------------------------------------
------------------------------------------------------------------------------------------------------
GET /bridge/info 0ms 200
GET /bridge/261/z_in7l6e/websocket 1ms (unfinished)
------------------------------------------------------------------------------------------------------
GET /bridge/690/x7ve6vcp/websocket 0ms (unfinished)
------------------------------------------------------------------------------------------------------
------------------------------------------------------------------------------------------------------
GET /bridge/info 0ms 200
GET /bridge/info 1ms 200
------------------------------------------------------------------------------------------------------
------------------------------------------------------------------------------------------------------
GET /bridge/093/6m1ow2q9/websocket 0ms (unfinished)
------------------------------------------------------------------------------------------------------
GET /bridge/935/gyn472p6/websocket 0ms (unfinished)
GET /bridge/info 0ms 200
------------------------------------------------------------------------------------------------------
------------------------------------------------------------------------------------------------------
GET /bridge/info 0ms 200
GET /bridge/540/wdvi26ey/websocket 1ms (unfinished)
------------------------------------------------------------------------------------------------------
------------------------------------------------------------------------------------------------------
GET /bridge/863/efz1ulj6/websocket 0ms (unfinished)
GET /bridge/info 1ms 200
------------------------------------------------------------------------------------------------------
GET /bridge/info 0ms 200
------------------------------------------------------------------------------------------------------
------------------------------------------------------------------------------------------------------
GET /bridge/673/59plfjem/websocket 0ms (unfinished)
GET /bridge/765/h7663x53/websocket 1ms (unfinished)
------------------------------------------------------------------------------------------------------
24,01,2022,09,00
------------------------------------------------------------------------------------------------------
------------------------------------------------------------------------------------------------------
24,01,2022,09,00
------------------------------------------------------------------------------------------------------
24,01,2022,09,00
24,01,2022,09,00
------------------------------------------------------------------------------------------------------
GET /bridge/info 1ms 200
------------------------------------------------------------------------------------------------------
GET /bridge/info 0ms 200
------------------------------------------------------------------------------------------------------
------------------------------------------------------------------------------------------------------
GET /bridge/927/wtnazxqz/websocket 1ms (unfinished)
------------------------------------------------------------------------------------------------------
GET /bridge/550/058e7rhb/websocket 0ms (unfinished)
GET /bridge/info 1ms 200
------------------------------------------------------------------------------------------------------
GET /bridge/info 1ms 200
------------------------------------------------------------------------------------------------------
GET /bridge/153/2vj95nmu/websocket 2ms (unfinished)
------------------------------------------------------------------------------------------------------
GET /bridge/560/upaykigp/websocket 0ms (unfinished)
------------------------------------------------------------------------------------------------------
GET /bridge/info 0ms 200
------------------------------------------------------------------------------------------------------
GET /bridge/info 0ms 200
------------------------------------------------------------------------------------------------------
GET /bridge/282/2fcs71ks/websocket 0ms (unfinished)
------------------------------------------------------------------------------------------------------
GET /bridge/978/ui36_1hc/websocket 0ms (unfinished)
------------------------------------------------------------------------------------------------------
GET /bridge/info 1ms 200
------------------------------------------------------------------------------------------------------
GET /bridge/info 1ms 200
------------------------------------------------------------------------------------------------------
GET /bridge/702/u3lhw45b/websocket 3ms (unfinished)
------------------------------------------------------------------------------------------------------
GET /bridge/213/1a5i8xg9/websocket 0ms (unfinished)
------------------------------------------------------------------------------------------------------
POST /bridge/702/igl3nzpc/xhr_streaming 1ms (unfinished)
------------------------------------------------------------------------------------------------------
POST /bridge/702/igl3nzpc/xhr_send 3ms 204
------------------------------------------------------------------------------------------------------
POST /bridge/213/ecb6dl9b/xhr_streaming 0ms (unfinished)
------------------------------------------------------------------------------------------------------
POST /bridge/213/ecb6dl9b/xhr_send 2ms 204
------------------------------------------------------------------------------------------------------
GET /bridge/info 1ms 200
------------------------------------------------------------------------------------------------------
GET /bridge/info 1ms 200
------------------------------------------------------------------------------------------------------
------------------------------------------------------------------------------------------------------
GET /bridge/007/zbn2s3sz/websocket 1ms (unfinished)
------------------------------------------------------------------------------------------------------
GET /bridge/596/l8er1i97/websocket 0ms (unfinished)
GET /bridge/info 1ms 200
------------------------------------------------------------------------------------------------------
------------------------------------------------------------------------------------------------------
GET /bridge/info 1ms 200
------------------------------------------------------------------------------------------------------
GET /bridge/306/nane3zw9/websocket 0ms (unfinished)
GET /bridge/144/knbdkdqy/websocket 0ms (unfinished)
------------------------------------------------------------------------------------------------------
------------------------------------------------------------------------------------------------------
GET /bridge/info 0ms 200
GET /bridge/info 0ms 200
------------------------------------------------------------------------------------------------------
GET /bridge/501/vnvj8ir8/websocket 0ms (unfinished)
------------------------------------------------------------------------------------------------------
GET /bridge/343/go7cbp19/websocket 0ms (unfinished)
------------------------------------------------------------------------------------------------------
GET /bridge/info 0ms 200
------------------------------------------------------------------------------------------------------
------------------------------------------------------------------------------------------------------
GET /bridge/info 0ms 200
GET /bridge/279/v01xkw8f/websocket 0ms (unfinished)
------------------------------------------------------------------------------------------------------
GET /bridge/338/08h9mzzh/websocket 0ms (unfinished)
------------------------------------------------------------------------------------------------------
GET /bridge/info 0ms 200
------------------------------------------------------------------------------------------------------
GET /bridge/info 0ms 200
------------------------------------------------------------------------------------------------------
------------------------------------------------------------------------------------------------------
GET /bridge/645/dhz5s0h6/websocket 0ms (unfinished)
GET /bridge/455/w75ekgyc/websocket 0ms (unfinished)
------------------------------------------------------------------------------------------------------
POST /bridge/535/pr50nbuu/xhr_send 3ms 204
------------------------------------------------------------------------------------------------------
GET /bridge/info 0ms 200
------------------------------------------------------------------------------------------------------
GET /bridge/info 0ms 200
------------------------------------------------------------------------------------------------------
GET /bridge/532/3gekgi5m/websocket 0ms (unfinished)
------------------------------------------------------------------------------------------------------
GET /bridge/715/pj1sz6ok/websocket 0ms (unfinished)
------------------------------------------------------------------------------------------------------
GET /bridge/info 1ms 200
------------------------------------------------------------------------------------------------------
------------------------------------------------------------------------------------------------------
GET /bridge/info 1ms 200
GET /bridge/324/y3ir6z9p/websocket 0ms (unfinished)
------------------------------------------------------------------------------------------------------
GET /bridge/410/w2irwend/websocket 0ms (unfinished)
------------------------------------------------------------------------------------------------------
------------------------------------------------------------------------------------------------------
GET /bridge/info 1ms 200
GET /bridge/info 0ms 200
------------------------------------------------------------------------------------------------------
GET /bridge/437/2hfqe_f5/websocket 0ms (unfinished)
------------------------------------------------------------------------------------------------------
GET /bridge/058/hlp_ajyy/websocket 0ms (unfinished)
------------------------------------------------------------------------------------------------------
GET /bridge/info 0ms 200
------------------------------------------------------------------------------------------------------
GET /bridge/info 1ms 200
------------------------------------------------------------------------------------------------------
GET /bridge/787/srdgwe5c/websocket 1ms (unfinished)
------------------------------------------------------------------------------------------------------
GET /bridge/997/s99ftxan/websocket 0ms (unfinished)
------------------------------------------------------------------------------------------------------
------------------------------------------------------------------------------------------------------
GET /bridge/info 0ms 200
GET /bridge/info 0ms 200
------------------------------------------------------------------------------------------------------
GET /bridge/111/lj_u8ijo/websocket 0ms (unfinished)
------------------------------------------------------------------------------------------------------
GET /bridge/705/zu1yozjc/websocket 0ms (unfinished)
------------------------------------------------------------------------------------------------------
------------------------------------------------------------------------------------------------------
GET /bridge/info 1ms 200
GET /bridge/info 0ms 200
------------------------------------------------------------------------------------------------------
GET /bridge/791/g1dvs5i2/websocket 0ms (unfinished)
------------------------------------------------------------------------------------------------------
GET /bridge/492/85ax0a5m/websocket 1ms (unfinished)
------------------------------------------------------------------------------------------------------
POST /bridge/882/56xfocon/xhr_send 2ms 404
------------------------------------------------------------------------------------------------------
