GET /bridge/info 1ms 200
------------------------------------------------------------------------------------------------------
GET /bridge/092/5avy_ojm/websocket 1ms (unfinished)
------------------------------------------------------------------------------------------------------
------------------------------------------------------------------------------------------------------
GET /bridge/info 0ms 200
GET /bridge/745/hbte752j/websocket 0ms (unfinished)
------------------------------------------------------------------------------------------------------
POST /bridge/092/lpxrnmzs/xhr_streaming 0ms (unfinished)
------------------------------------------------------------------------------------------------------
POST /bridge/092/lpxrnmzs/xhr_send 1ms 204
------------------------------------------------------------------------------------------------------
------------------------------------------------------------------------------------------------------
POST /bridge/745/4srw8t4o/xhr_streaming 0ms (unfinished)
------------------------------------------------------------------------------------------------------
POST /bridge/745/4srw8t4o/xhr_send 0ms 204
GET /bridge/info 1ms 200
------------------------------------------------------------------------------------------------------
GET /bridge/info 1ms 200
------------------------------------------------------------------------------------------------------
GET /bridge/009/g1482fdi/websocket 0ms (unfinished)
------------------------------------------------------------------------------------------------------
GET /bridge/480/x75iu4hi/websocket 0ms (unfinished)
------------------------------------------------------------------------------------------------------
POST /bridge/009/g3kgph0j/xhr_streaming 0ms (unfinished)
------------------------------------------------------------------------------------------------------
POST /bridge/009/g3kgph0j/xhr_send 1ms 204
------------------------------------------------------------------------------------------------------
POST /bridge/480/kfjj8sw1/xhr_streaming 0ms (unfinished)
------------------------------------------------------------------------------------------------------
------------------------------------------------------------------------------------------------------
POST /bridge/480/kfjj8sw1/xhr_send 1ms 204
GET /bridge/info 0ms 200
------------------------------------------------------------------------------------------------------
GET /bridge/info 0ms 200
------------------------------------------------------------------------------------------------------
GET /bridge/616/mubwkaqt/websocket 0ms (unfinished)
------------------------------------------------------------------------------------------------------
GET /bridge/035/cg3s2whj/websocket 0ms (unfinished)
------------------------------------------------------------------------------------------------------
POST /bridge/616/f0y9utkm/xhr_streaming 1ms (unfinished)
------------------------------------------------------------------------------------------------------
POST /bridge/616/f0y9utkm/xhr_send 1ms 204
------------------------------------------------------------------------------------------------------
POST /bridge/035/5wjxv6yp/xhr_streaming 1ms (unfinished)
------------------------------------------------------------------------------------------------------
POST /bridge/035/5wjxv6yp/xhr_send 1ms 204
------------------------------------------------------------------------------------------------------
GET /bridge/info 0ms 200
------------------------------------------------------------------------------------------------------
------------------------------------------------------------------------------------------------------
GET /bridge/info 1ms 200
GET /bridge/376/rjy06xyg/websocket 0ms (unfinished)
------------------------------------------------------------------------------------------------------
------------------------------------------------------------------------------------------------------
GET /bridge/425/hhpg8ja8/websocket 1ms (unfinished)
POST /bridge/376/v1htydmp/xhr_streaming 1ms (unfinished)
------------------------------------------------------------------------------------------------------
POST /bridge/376/v1htydmp/xhr_send 1ms 204
------------------------------------------------------------------------------------------------------
POST /bridge/425/7to9f4m2/xhr_streaming 0ms (unfinished)
------------------------------------------------------------------------------------------------------
POST /bridge/425/7to9f4m2/xhr_send 1ms 204
------------------------------------------------------------------------------------------------------
12,01,2022,09,00
------------------------------------------------------------------------------------------------------
13,01,2022,09,00
------------------------------------------------------------------------------------------------------
------------------------------------------------------------------------------------------------------
GET /bridge/info 1ms 200
GET /bridge/info 0ms 200
------------------------------------------------------------------------------------------------------
GET /bridge/745/i1gfy6af/websocket 1ms (unfinished)
------------------------------------------------------------------------------------------------------
------------------------------------------------------------------------------------------------------
GET /bridge/948/qfavig7n/websocket 0ms (unfinished)
POST /bridge/745/x_92stpf/xhr_streaming 0ms (unfinished)
------------------------------------------------------------------------------------------------------
------------------------------------------------------------------------------------------------------
POST /bridge/745/x_92stpf/xhr_send 2ms 204
POST /bridge/948/xenoeibk/xhr_streaming 0ms (unfinished)
------------------------------------------------------------------------------------------------------
GET /bridge/info 0ms 200
------------------------------------------------------------------------------------------------------
GET /bridge/info 0ms 200
------------------------------------------------------------------------------------------------------
GET /bridge/409/qc_0avve/websocket 1ms (unfinished)
------------------------------------------------------------------------------------------------------
GET /bridge/283/wxezhxuc/websocket 0ms (unfinished)
------------------------------------------------------------------------------------------------------
POST /bridge/409/ypp0v994/xhr_streaming 1ms (unfinished)
------------------------------------------------------------------------------------------------------
POST /bridge/409/ypp0v994/xhr_send 1ms 204
------------------------------------------------------------------------------------------------------
POST /bridge/283/y80oifpi/xhr_streaming 1ms (unfinished)
------------------------------------------------------------------------------------------------------
GET /bridge/info 0ms 200
------------------------------------------------------------------------------------------------------
GET /bridge/info 0ms 200
------------------------------------------------------------------------------------------------------
GET /bridge/020/ssw4zg0i/websocket 1ms (unfinished)
------------------------------------------------------------------------------------------------------
GET /bridge/914/net76siw/websocket 0ms (unfinished)
------------------------------------------------------------------------------------------------------
GET /bridge/info 0ms 200
------------------------------------------------------------------------------------------------------
------------------------------------------------------------------------------------------------------
GET /bridge/info 0ms 200
GET /bridge/736/2ujboftv/websocket 1ms (unfinished)
------------------------------------------------------------------------------------------------------
GET /bridge/155/4kfntwl2/websocket 0ms (unfinished)
------------------------------------------------------------------------------------------------------
GET /bridge/info 1ms 200
------------------------------------------------------------------------------------------------------
GET /bridge/info 0ms 200
------------------------------------------------------------------------------------------------------
GET /bridge/974/_uhv54aw/websocket 0ms (unfinished)
------------------------------------------------------------------------------------------------------
------------------------------------------------------------------------------------------------------
GET /bridge/463/35gz52mi/websocket 0ms (unfinished)
------------------------------------------------------------------------------------------------------
GET /bridge/info 1ms 200
GET /bridge/info 0ms 200
------------------------------------------------------------------------------------------------------
GET /bridge/072/stfrlgrm/websocket 0ms (unfinished)
------------------------------------------------------------------------------------------------------
GET /bridge/245/9xb1kio4/websocket 0ms (unfinished)
------------------------------------------------------------------------------------------------------
------------------------------------------------------------------------------------------------------
GET /bridge/info 0ms 200
GET /bridge/info 0ms 200
------------------------------------------------------------------------------------------------------
GET /bridge/423/himmn0w0/websocket 0ms (unfinished)
------------------------------------------------------------------------------------------------------
------------------------------------------------------------------------------------------------------
GET /bridge/564/ikr54ao6/websocket 0ms (unfinished)
GET /bridge/info 0ms 200
------------------------------------------------------------------------------------------------------
------------------------------------------------------------------------------------------------------
GET /bridge/info 0ms 200
------------------------------------------------------------------------------------------------------
GET /bridge/653/ozgbhw1u/websocket 0ms (unfinished)
GET /bridge/995/m9ji21it/websocket 0ms (unfinished)
------------------------------------------------------------------------------------------------------
------------------------------------------------------------------------------------------------------
GET /bridge/info 1ms 200
GET /bridge/info 0ms 200
------------------------------------------------------------------------------------------------------
------------------------------------------------------------------------------------------------------
GET /bridge/375/1gg0kt6c/websocket 1ms (unfinished)
------------------------------------------------------------------------------------------------------
GET /bridge/723/uppcw98i/websocket 0ms (unfinished)
------------------------------------------------------------------------------------------------------
GET /bridge/info 0ms 200
GET /bridge/info 0ms 200
------------------------------------------------------------------------------------------------------
GET /bridge/035/42okm5hf/websocket 0ms (unfinished)
------------------------------------------------------------------------------------------------------
GET /bridge/273/rie9yvjl/websocket 0ms (unfinished)
------------------------------------------------------------------------------------------------------
GET /bridge/info 0ms 200
------------------------------------------------------------------------------------------------------
GET /bridge/info 1ms 200
------------------------------------------------------------------------------------------------------
------------------------------------------------------------------------------------------------------
GET /bridge/070/hlwi3mrx/websocket 1ms (unfinished)
GET /bridge/630/_nghszae/websocket 1ms (unfinished)
------------------------------------------------------------------------------------------------------
------------------------------------------------------------------------------------------------------
GET /bridge/info 0ms 200
GET /bridge/info 0ms 200
------------------------------------------------------------------------------------------------------
------------------------------------------------------------------------------------------------------
GET /bridge/789/y0v2grc1/websocket 0ms (unfinished)
GET /bridge/607/49pn27sc/websocket 0ms (unfinished)
------------------------------------------------------------------------------------------------------
GET /bridge/info 1ms 200
------------------------------------------------------------------------------------------------------
------------------------------------------------------------------------------------------------------
GET /bridge/info 0ms 200
GET /bridge/317/_vmk7zo8/websocket 1ms (unfinished)
------------------------------------------------------------------------------------------------------
GET /bridge/234/srwslsr3/websocket 0ms (unfinished)
------------------------------------------------------------------------------------------------------
------------------------------------------------------------------------------------------------------
GET /bridge/info 0ms 200
GET /bridge/info 0ms 200
------------------------------------------------------------------------------------------------------
GET /bridge/726/yj8oo11k/websocket 0ms (unfinished)
------------------------------------------------------------------------------------------------------
GET /bridge/084/0vj_t8ax/websocket 0ms (unfinished)
------------------------------------------------------------------------------------------------------
GET /bridge/info 0ms 200
------------------------------------------------------------------------------------------------------
------------------------------------------------------------------------------------------------------
GET /bridge/info 1ms 200
------------------------------------------------------------------------------------------------------
GET /bridge/090/d5izp4ft/websocket 1ms (unfinished)
GET /bridge/115/6s26klvm/websocket 0ms (unfinished)
------------------------------------------------------------------------------------------------------
------------------------------------------------------------------------------------------------------
GET /bridge/info 1ms 200
GET /bridge/info 0ms 200
------------------------------------------------------------------------------------------------------
GET /bridge/736/u3qp8rha/websocket 1ms (unfinished)
------------------------------------------------------------------------------------------------------
GET /bridge/968/7ejrkoib/websocket 0ms (unfinished)
------------------------------------------------------------------------------------------------------
GET /bridge/info 0ms 200
------------------------------------------------------------------------------------------------------
GET /bridge/info 1ms 200
------------------------------------------------------------------------------------------------------
GET /bridge/797/ze80faii/websocket 0ms (unfinished)
------------------------------------------------------------------------------------------------------
GET /bridge/524/3mqyxzl0/websocket 0ms (unfinished)
------------------------------------------------------------------------------------------------------
------------------------------------------------------------------------------------------------------
GET /bridge/info 2ms 200
GET /bridge/info 1ms 200
------------------------------------------------------------------------------------------------------
------------------------------------------------------------------------------------------------------
GET /bridge/433/z2dzdkgn/websocket 4ms (unfinished)
GET /bridge/323/3sxoy18c/websocket 0ms (unfinished)
------------------------------------------------------------------------------------------------------
13,01,2022,09,00
------------------------------------------------------------------------------------------------------
------------------------------------------------------------------------------------------------------
13,01,2022,09,00
13,01,2022,09,00
------------------------------------------------------------------------------------------------------
------------------------------------------------------------------------------------------------------
13,01,2022,09,00
GET /bridge/info 1ms 200
------------------------------------------------------------------------------------------------------
GET /bridge/info 0ms 200
------------------------------------------------------------------------------------------------------
GET /bridge/661/3exnshry/websocket 1ms (unfinished)
------------------------------------------------------------------------------------------------------
------------------------------------------------------------------------------------------------------
GET /bridge/786/qi3m113v/websocket 0ms (unfinished)
GET /bridge/info 1ms 200
------------------------------------------------------------------------------------------------------
------------------------------------------------------------------------------------------------------
GET /bridge/info 0ms 200
GET /bridge/562/qsnjrjrd/websocket 0ms (unfinished)
------------------------------------------------------------------------------------------------------
GET /bridge/226/xxd2qs2_/websocket 0ms (unfinished)
------------------------------------------------------------------------------------------------------
13,01,2022,09,00
------------------------------------------------------------------------------------------------------
13,01,2022,09,00
------------------------------------------------------------------------------------------------------
GET /bridge/info 1ms 200
------------------------------------------------------------------------------------------------------
GET /bridge/info 0ms 200
------------------------------------------------------------------------------------------------------
GET /bridge/107/uo6zszmc/websocket 1ms (unfinished)
------------------------------------------------------------------------------------------------------
GET /bridge/208/zjoavdq1/websocket 0ms (unfinished)
------------------------------------------------------------------------------------------------------
------------------------------------------------------------------------------------------------------
13,01,2022,09,00
------------------------------------------------------------------------------------------------------
13,01,2022,09,00
GET /bridge/info 1ms 200
------------------------------------------------------------------------------------------------------
GET /bridge/info 1ms 200
------------------------------------------------------------------------------------------------------
GET /bridge/875/k1qwtm2h/websocket 4ms (unfinished)
------------------------------------------------------------------------------------------------------
GET /bridge/403/_6w7r1zu/websocket 1ms (unfinished)
------------------------------------------------------------------------------------------------------
GET /bridge/info 1ms 200
------------------------------------------------------------------------------------------------------
GET /bridge/info 1ms 200
------------------------------------------------------------------------------------------------------
GET /bridge/386/yusi9hns/websocket 0ms (unfinished)
------------------------------------------------------------------------------------------------------
GET /bridge/663/gtgkacsh/websocket 0ms (unfinished)
------------------------------------------------------------------------------------------------------
GET /bridge/info 0ms 200
------------------------------------------------------------------------------------------------------
------------------------------------------------------------------------------------------------------
GET /bridge/info 1ms 200
GET /bridge/694/51qb_4q4/websocket 0ms (unfinished)
------------------------------------------------------------------------------------------------------
GET /bridge/016/muj6ry2m/websocket 0ms (unfinished)
------------------------------------------------------------------------------------------------------
GET /bridge/info 0ms 200
------------------------------------------------------------------------------------------------------
GET /bridge/info 1ms 200
------------------------------------------------------------------------------------------------------
GET /bridge/435/7g6wwmg5/websocket 1ms (unfinished)
------------------------------------------------------------------------------------------------------
------------------------------------------------------------------------------------------------------
GET /bridge/242/wubn0phv/websocket 0ms (unfinished)
GET /bridge/info 1ms 200
------------------------------------------------------------------------------------------------------
GET /bridge/info 0ms 200
------------------------------------------------------------------------------------------------------
GET /bridge/829/c52d1k9h/websocket 3ms (unfinished)
------------------------------------------------------------------------------------------------------
GET /bridge/800/vmc53zb5/websocket 0ms (unfinished)
------------------------------------------------------------------------------------------------------
GET /bridge/info 1ms 200
------------------------------------------------------------------------------------------------------
GET /bridge/info 0ms 200
------------------------------------------------------------------------------------------------------
GET /bridge/107/1266onlt/websocket 3ms (unfinished)
------------------------------------------------------------------------------------------------------
------------------------------------------------------------------------------------------------------
GET /bridge/612/ad86cmov/websocket 0ms (unfinished)
GET /bridge/info 1ms 200
------------------------------------------------------------------------------------------------------
GET /bridge/info 0ms 200
------------------------------------------------------------------------------------------------------
GET /bridge/599/eu7ixl66/websocket 1ms (unfinished)
------------------------------------------------------------------------------------------------------
GET /bridge/982/64h0lx_3/websocket 0ms (unfinished)
------------------------------------------------------------------------------------------------------
POST /bridge/599/krd360k6/xhr_streaming 1ms (unfinished)
------------------------------------------------------------------------------------------------------
POST /bridge/599/krd360k6/xhr_send 5ms 204
------------------------------------------------------------------------------------------------------
------------------------------------------------------------------------------------------------------
GET /bridge/info 0ms 200
GET /bridge/info 0ms 200
------------------------------------------------------------------------------------------------------
GET /bridge/979/u_nn3r31/websocket 0ms (unfinished)
------------------------------------------------------------------------------------------------------
GET /bridge/428/p4iainfi/websocket 0ms (unfinished)
------------------------------------------------------------------------------------------------------
POST /bridge/982/pi6j5_t_/xhr_streaming 1ms (unfinished)
------------------------------------------------------------------------------------------------------
POST /bridge/982/pi6j5_t_/xhr_send 1ms 204
------------------------------------------------------------------------------------------------------
POST /bridge/979/q37oh75v/xhr_streaming 0ms (unfinished)
------------------------------------------------------------------------------------------------------
POST /bridge/979/q37oh75v/xhr_send 1ms 204
------------------------------------------------------------------------------------------------------
POST /bridge/428/f46a5rbv/xhr_streaming 1ms (unfinished)
------------------------------------------------------------------------------------------------------
POST /bridge/428/f46a5rbv/xhr_send 1ms 204
------------------------------------------------------------------------------------------------------
------------------------------------------------------------------------------------------------------
GET /bridge/info 1ms 200
------------------------------------------------------------------------------------------------------
GET /bridge/info 1ms 200
GET /bridge/185/gkzosxqm/websocket 4ms (unfinished)
------------------------------------------------------------------------------------------------------
GET /bridge/258/ji6mgpq7/websocket 1ms (unfinished)
------------------------------------------------------------------------------------------------------
GET /bridge/info 1ms 200
------------------------------------------------------------------------------------------------------
GET /bridge/info 0ms 200
------------------------------------------------------------------------------------------------------
------------------------------------------------------------------------------------------------------
GET /bridge/775/wbwwrihg/websocket 1ms (unfinished)
------------------------------------------------------------------------------------------------------
GET /bridge/796/sag0v8s1/websocket 0ms (unfinished)
GET /bridge/info 0ms 200
------------------------------------------------------------------------------------------------------
GET /bridge/732/9w76pgp4/websocket 0ms (unfinished)
------------------------------------------------------------------------------------------------------
GET /bridge/info 1ms 200
------------------------------------------------------------------------------------------------------
------------------------------------------------------------------------------------------------------
GET /bridge/165/r3z8__te/websocket 1ms (unfinished)
------------------------------------------------------------------------------------------------------
GET /bridge/info 0ms 200
GET /bridge/info 1ms 200
------------------------------------------------------------------------------------------------------
------------------------------------------------------------------------------------------------------
GET /bridge/297/6g1qtd5l/websocket 0ms (unfinished)
GET /bridge/349/bpk3cvc6/websocket 0ms (unfinished)
------------------------------------------------------------------------------------------------------
GET /bridge/info 0ms 200
------------------------------------------------------------------------------------------------------
GET /bridge/info 0ms 200
------------------------------------------------------------------------------------------------------
GET /bridge/833/a9k3w9tv/websocket 0ms (unfinished)
------------------------------------------------------------------------------------------------------
GET /bridge/524/kezy0pza/websocket 1ms (unfinished)
------------------------------------------------------------------------------------------------------
GET /bridge/info 0ms 200
------------------------------------------------------------------------------------------------------
GET /bridge/info 1ms 200
------------------------------------------------------------------------------------------------------
------------------------------------------------------------------------------------------------------
GET /bridge/819/zo0hh_v3/websocket 0ms (unfinished)
GET /bridge/964/yhg84q67/websocket 0ms (unfinished)
------------------------------------------------------------------------------------------------------
GET /bridge/info 0ms 200
------------------------------------------------------------------------------------------------------
GET /bridge/info 1ms 200
------------------------------------------------------------------------------------------------------
GET /bridge/474/88z8ky0y/websocket 1ms (unfinished)
------------------------------------------------------------------------------------------------------
GET /bridge/758/fupscx4s/websocket 0ms (unfinished)
------------------------------------------------------------------------------------------------------
GET /bridge/info 1ms 200
------------------------------------------------------------------------------------------------------
------------------------------------------------------------------------------------------------------
GET /bridge/info 1ms 200
GET /bridge/060/pgemzhwx/websocket 0ms (unfinished)
------------------------------------------------------------------------------------------------------
GET /bridge/675/_mi57mfn/websocket 0ms (unfinished)
------------------------------------------------------------------------------------------------------
------------------------------------------------------------------------------------------------------
POST /bridge/948/xenoeibk/xhr_send 3ms 204
GET /bridge/info 0ms 200
------------------------------------------------------------------------------------------------------
------------------------------------------------------------------------------------------------------
GET /bridge/info 0ms 200
------------------------------------------------------------------------------------------------------
GET /bridge/188/8v4uv9f7/websocket 1ms (unfinished)
GET /bridge/391/oimcheow/websocket 0ms (unfinished)
------------------------------------------------------------------------------------------------------
POST /bridge/188/63dvmw_4/xhr_streaming 1ms (unfinished)
------------------------------------------------------------------------------------------------------
POST /bridge/188/63dvmw_4/xhr_send 1ms 204
------------------------------------------------------------------------------------------------------
POST /bridge/391/sctwhw9j/xhr_streaming 1ms (unfinished)
------------------------------------------------------------------------------------------------------
POST /bridge/391/sctwhw9j/xhr_send 1ms 204
------------------------------------------------------------------------------------------------------
GET /bridge/info 1ms 200
------------------------------------------------------------------------------------------------------
GET /bridge/info 0ms 200
------------------------------------------------------------------------------------------------------
------------------------------------------------------------------------------------------------------
GET /bridge/087/ckqkl55h/websocket 0ms (unfinished)
GET /bridge/803/yldkfdmr/websocket 0ms (unfinished)
------------------------------------------------------------------------------------------------------
POST /bridge/087/i88lj9ka/xhr_streaming 1ms (unfinished)
------------------------------------------------------------------------------------------------------
POST /bridge/087/i88lj9ka/xhr_send 1ms 204
------------------------------------------------------------------------------------------------------
POST /bridge/803/fxzmnih6/xhr_streaming 0ms (unfinished)
------------------------------------------------------------------------------------------------------
------------------------------------------------------------------------------------------------------
POST /bridge/803/fxzmnih6/xhr_send 1ms 204
------------------------------------------------------------------------------------------------------
------------------------------------------------------------------------------------------------------
13,01,2022,09,00
13,01,2022,09,00
GET /bridge/info 0ms 200
------------------------------------------------------------------------------------------------------
GET /bridge/info 0ms 200
------------------------------------------------------------------------------------------------------
------------------------------------------------------------------------------------------------------
GET /bridge/461/5n68on7p/websocket 0ms (unfinished)
GET /bridge/598/_1f5knxg/websocket 0ms (unfinished)
------------------------------------------------------------------------------------------------------
POST /bridge/461/fy_ptn63/xhr_streaming 1ms (unfinished)
------------------------------------------------------------------------------------------------------
POST /bridge/461/fy_ptn63/xhr_send 1ms 204
------------------------------------------------------------------------------------------------------
POST /bridge/598/4oxyz5ci/xhr_streaming 0ms (unfinished)
------------------------------------------------------------------------------------------------------
13,01,2022,09,00
------------------------------------------------------------------------------------------------------
------------------------------------------------------------------------------------------------------
13,01,2022,09,00
------------------------------------------------------------------------------------------------------
GET /bridge/info 0ms 200
GET /bridge/info 0ms 200
------------------------------------------------------------------------------------------------------
GET /bridge/319/_q8w09nt/websocket 0ms (unfinished)
------------------------------------------------------------------------------------------------------
------------------------------------------------------------------------------------------------------
GET /bridge/793/sdtvqqhy/websocket 0ms (unfinished)
GET /bridge/info 1ms 200
------------------------------------------------------------------------------------------------------
GET /bridge/info 0ms 200
------------------------------------------------------------------------------------------------------
GET /bridge/703/r4bhq6_4/websocket 1ms (unfinished)
------------------------------------------------------------------------------------------------------
GET /bridge/233/i8fnq3i4/websocket 0ms (unfinished)
------------------------------------------------------------------------------------------------------
GET /bridge/info 0ms 200
------------------------------------------------------------------------------------------------------
GET /bridge/info 1ms 200
------------------------------------------------------------------------------------------------------
GET /bridge/232/8pi9dkue/websocket 1ms (unfinished)
------------------------------------------------------------------------------------------------------
GET /bridge/028/9obh5wzb/websocket 0ms (unfinished)
------------------------------------------------------------------------------------------------------
GET /bridge/info 0ms 200
------------------------------------------------------------------------------------------------------
GET /bridge/info 1ms 200
------------------------------------------------------------------------------------------------------
GET /bridge/987/z8gjw8ck/websocket 0ms (unfinished)
------------------------------------------------------------------------------------------------------
GET /bridge/837/2dbo26nk/websocket 0ms (unfinished)
------------------------------------------------------------------------------------------------------
GET /bridge/info 1ms 200
------------------------------------------------------------------------------------------------------
GET /bridge/info 0ms 200
------------------------------------------------------------------------------------------------------
GET /bridge/947/jqix9y6v/websocket 1ms (unfinished)
------------------------------------------------------------------------------------------------------
GET /bridge/113/0n9cv9_r/websocket 0ms (unfinished)
------------------------------------------------------------------------------------------------------
------------------------------------------------------------------------------------------------------
GET /bridge/info 1ms 200
GET /bridge/info 0ms 200
------------------------------------------------------------------------------------------------------
GET /bridge/220/7g4hkasc/websocket 1ms (unfinished)
------------------------------------------------------------------------------------------------------
------------------------------------------------------------------------------------------------------
GET /bridge/175/eafoq8cm/websocket 1ms (unfinished)
GET /bridge/info 0ms 200
------------------------------------------------------------------------------------------------------
------------------------------------------------------------------------------------------------------
GET /bridge/info 0ms 200
GET /bridge/129/6wmnupqv/websocket 0ms (unfinished)
------------------------------------------------------------------------------------------------------
GET /bridge/388/1voxkjtd/websocket 0ms (unfinished)
------------------------------------------------------------------------------------------------------
------------------------------------------------------------------------------------------------------
GET /bridge/info 0ms 200
------------------------------------------------------------------------------------------------------
GET /bridge/info 1ms 200
------------------------------------------------------------------------------------------------------
GET /bridge/552/1k6vgw9j/websocket 0ms (unfinished)
GET /bridge/910/mqapbau3/websocket 0ms (unfinished)
------------------------------------------------------------------------------------------------------
GET /bridge/info 1ms 200
------------------------------------------------------------------------------------------------------
GET /bridge/info 0ms 200
------------------------------------------------------------------------------------------------------
GET /bridge/872/tqm_wo7y/websocket 0ms (unfinished)
------------------------------------------------------------------------------------------------------
GET /bridge/897/nk7_hejs/websocket 1ms (unfinished)
------------------------------------------------------------------------------------------------------
GET /bridge/info 0ms 200
------------------------------------------------------------------------------------------------------
GET /bridge/info 0ms 200
------------------------------------------------------------------------------------------------------
GET /bridge/196/z7g0dyki/websocket 0ms (unfinished)
------------------------------------------------------------------------------------------------------
GET /bridge/401/gdyi2g1c/websocket 0ms (unfinished)
------------------------------------------------------------------------------------------------------
GET /bridge/info 1ms 200
------------------------------------------------------------------------------------------------------
GET /bridge/info 0ms 200
------------------------------------------------------------------------------------------------------
GET /bridge/286/jnz9x5id/websocket 0ms (unfinished)
------------------------------------------------------------------------------------------------------
GET /bridge/103/urpnx8_l/websocket 1ms (unfinished)
------------------------------------------------------------------------------------------------------
GET /bridge/info 0ms 200
------------------------------------------------------------------------------------------------------
GET /bridge/info 0ms 200
------------------------------------------------------------------------------------------------------
GET /bridge/305/s3t1cyj5/websocket 0ms (unfinished)
------------------------------------------------------------------------------------------------------
------------------------------------------------------------------------------------------------------
GET /bridge/527/n7l17wo2/websocket 0ms (unfinished)
GET /bridge/info 1ms 200
------------------------------------------------------------------------------------------------------
GET /bridge/info 1ms 200
------------------------------------------------------------------------------------------------------
GET /bridge/792/mk2kxtjb/websocket 1ms (unfinished)
------------------------------------------------------------------------------------------------------
GET /bridge/987/mx0bv6ep/websocket 0ms (unfinished)
------------------------------------------------------------------------------------------------------
------------------------------------------------------------------------------------------------------
GET /bridge/info 0ms 200
GET /bridge/info 0ms 200
------------------------------------------------------------------------------------------------------
GET /bridge/443/lmq6h6zz/websocket 0ms (unfinished)
------------------------------------------------------------------------------------------------------
GET /bridge/247/hm37rjh3/websocket 1ms (unfinished)
------------------------------------------------------------------------------------------------------
GET /bridge/info 1ms 200
------------------------------------------------------------------------------------------------------
GET /bridge/info 0ms 200
------------------------------------------------------------------------------------------------------
GET /bridge/511/aink3n52/websocket 1ms (unfinished)
------------------------------------------------------------------------------------------------------
GET /bridge/167/j2br6y_y/websocket 0ms (unfinished)
------------------------------------------------------------------------------------------------------
GET /bridge/info 1ms 200
------------------------------------------------------------------------------------------------------
GET /bridge/info 0ms 200
------------------------------------------------------------------------------------------------------
GET /bridge/917/p5c9d3j6/websocket 0ms (unfinished)
------------------------------------------------------------------------------------------------------
GET /bridge/448/hdxxf5yk/websocket 0ms (unfinished)
------------------------------------------------------------------------------------------------------
GET /bridge/info 0ms 200
------------------------------------------------------------------------------------------------------
------------------------------------------------------------------------------------------------------
GET /bridge/info 0ms 200
GET /bridge/285/rpzqsm3f/websocket 0ms (unfinished)
------------------------------------------------------------------------------------------------------
GET /bridge/177/5n3sx6cd/websocket 0ms (unfinished)
------------------------------------------------------------------------------------------------------
GET /bridge/info 0ms 200
------------------------------------------------------------------------------------------------------
GET /bridge/info 0ms 200
------------------------------------------------------------------------------------------------------
------------------------------------------------------------------------------------------------------
GET /bridge/597/l9vp7fc3/websocket 0ms (unfinished)
------------------------------------------------------------------------------------------------------
GET /bridge/687/lo7zkipl/websocket 0ms (unfinished)
GET /bridge/info 0ms 200
------------------------------------------------------------------------------------------------------
------------------------------------------------------------------------------------------------------
GET /bridge/info 1ms 200
GET /bridge/358/96si573e/websocket 0ms (unfinished)
------------------------------------------------------------------------------------------------------
GET /bridge/899/yu8s73c2/websocket 0ms (unfinished)
------------------------------------------------------------------------------------------------------
GET /bridge/info 1ms 200
------------------------------------------------------------------------------------------------------
GET /bridge/info 0ms 200
------------------------------------------------------------------------------------------------------
GET /bridge/589/4cbfw7jl/websocket 0ms (unfinished)
------------------------------------------------------------------------------------------------------
------------------------------------------------------------------------------------------------------
GET /bridge/879/zkgkfrnu/websocket 0ms (unfinished)
POST /bridge/598/4oxyz5ci/xhr_send 3ms 204
------------------------------------------------------------------------------------------------------
GET /bridge/info 0ms 200
------------------------------------------------------------------------------------------------------
------------------------------------------------------------------------------------------------------
GET /bridge/info 1ms 200
------------------------------------------------------------------------------------------------------
GET /bridge/048/89rdoub_/websocket 1ms (unfinished)
GET /bridge/349/hb4mmqz5/websocket 1ms (unfinished)
------------------------------------------------------------------------------------------------------
------------------------------------------------------------------------------------------------------
POST /bridge/048/8vyahox0/xhr_streaming 1ms (unfinished)
POST /bridge/048/8vyahox0/xhr_send 2ms 204
------------------------------------------------------------------------------------------------------
POST /bridge/349/kael9966/xhr_streaming 0ms (unfinished)
------------------------------------------------------------------------------------------------------
POST /bridge/349/kael9966/xhr_send 2ms 204
------------------------------------------------------------------------------------------------------
GET /bridge/info 1ms 200
------------------------------------------------------------------------------------------------------
GET /bridge/info 0ms 200
------------------------------------------------------------------------------------------------------
GET /bridge/562/lzd0vecg/websocket 0ms (unfinished)
------------------------------------------------------------------------------------------------------
GET /bridge/790/ke8i29p0/websocket 1ms (unfinished)
------------------------------------------------------------------------------------------------------
POST /bridge/562/i6j0mgyq/xhr_streaming 0ms (unfinished)
------------------------------------------------------------------------------------------------------
POST /bridge/562/i6j0mgyq/xhr_send 2ms 204
------------------------------------------------------------------------------------------------------
POST /bridge/790/z59f62we/xhr_streaming 1ms (unfinished)
------------------------------------------------------------------------------------------------------
POST /bridge/790/z59f62we/xhr_send 1ms 204
------------------------------------------------------------------------------------------------------
