------------------------------------------------------------------------------------------------------
GET /bridge/info 1ms 200
------------------------------------------------------------------------------------------------------
GET /bridge/info 0ms 200
GET /bridge/649/lb86i94b/websocket 2ms (unfinished)
------------------------------------------------------------------------------------------------------
GET /bridge/788/a6bfl240/websocket 0ms (unfinished)
------------------------------------------------------------------------------------------------------
POST /bridge/649/4ds546x8/xhr_streaming 1ms (unfinished)
------------------------------------------------------------------------------------------------------
POST /bridge/649/4ds546x8/xhr_send 2ms 204
------------------------------------------------------------------------------------------------------
POST /bridge/788/pjm2mvyj/xhr_streaming 1ms (unfinished)
------------------------------------------------------------------------------------------------------
------------------------------------------------------------------------------------------------------
POST /bridge/788/pjm2mvyj/xhr_send 1ms 204
------------------------------------------------------------------------------------------------------
GET /bridge/info 0ms 200
GET /bridge/info 1ms 200
------------------------------------------------------------------------------------------------------
GET /bridge/350/3xc6vwi2/websocket 1ms (unfinished)
------------------------------------------------------------------------------------------------------
------------------------------------------------------------------------------------------------------
GET /bridge/389/haf47cll/websocket 0ms (unfinished)
POST /bridge/350/3uep7g08/xhr_streaming 1ms (unfinished)
------------------------------------------------------------------------------------------------------
POST /bridge/350/3uep7g08/xhr_send 0ms 204
------------------------------------------------------------------------------------------------------
POST /bridge/389/dykbp7re/xhr_streaming 0ms (unfinished)
------------------------------------------------------------------------------------------------------
POST /bridge/389/dykbp7re/xhr_send 1ms 204
------------------------------------------------------------------------------------------------------
GET /bridge/info 0ms 200
------------------------------------------------------------------------------------------------------
GET /bridge/info 0ms 200
------------------------------------------------------------------------------------------------------
GET /bridge/208/ao16gil7/websocket 1ms (unfinished)
------------------------------------------------------------------------------------------------------
GET /bridge/295/uwrlxdzc/websocket 1ms (unfinished)
------------------------------------------------------------------------------------------------------
POST /bridge/208/9ec8ob72/xhr_streaming 1ms (unfinished)
------------------------------------------------------------------------------------------------------
POST /bridge/208/9ec8ob72/xhr_send 1ms 204
------------------------------------------------------------------------------------------------------
POST /bridge/295/qwm9h6e7/xhr_streaming 0ms (unfinished)
------------------------------------------------------------------------------------------------------
POST /bridge/295/qwm9h6e7/xhr_send 1ms 204
------------------------------------------------------------------------------------------------------
------------------------------------------------------------------------------------------------------
GET /bridge/info 0ms 200
GET /bridge/info 0ms 200
------------------------------------------------------------------------------------------------------
GET /bridge/102/etxorfop/websocket 0ms (unfinished)
------------------------------------------------------------------------------------------------------
GET /bridge/025/ihncq6u_/websocket 0ms (unfinished)
------------------------------------------------------------------------------------------------------
POST /bridge/102/y9q7nnd8/xhr_streaming 0ms (unfinished)
------------------------------------------------------------------------------------------------------
POST /bridge/102/y9q7nnd8/xhr_send 1ms 204
------------------------------------------------------------------------------------------------------
POST /bridge/025/7tao4b1_/xhr_streaming 1ms (unfinished)
------------------------------------------------------------------------------------------------------
POST /bridge/025/7tao4b1_/xhr_send 1ms 204
------------------------------------------------------------------------------------------------------
------------------------------------------------------------------------------------------------------
GET /bridge/info 0ms 200
------------------------------------------------------------------------------------------------------
GET /bridge/info 0ms 200
GET /bridge/479/qvwm7x1i/websocket 0ms (unfinished)
------------------------------------------------------------------------------------------------------
GET /bridge/777/boydr1s9/websocket 0ms (unfinished)
------------------------------------------------------------------------------------------------------
POST /bridge/479/ig86ag3l/xhr_streaming 1ms (unfinished)
------------------------------------------------------------------------------------------------------
POST /bridge/479/ig86ag3l/xhr_send 2ms 204
------------------------------------------------------------------------------------------------------
POST /bridge/777/dzoadash/xhr_streaming 0ms (unfinished)
------------------------------------------------------------------------------------------------------
GET /bridge/info 0ms 200
------------------------------------------------------------------------------------------------------
------------------------------------------------------------------------------------------------------
GET /bridge/info 0ms 200
GET /bridge/239/vo6rc_pn/websocket 0ms (unfinished)
------------------------------------------------------------------------------------------------------
GET /bridge/806/tmsvwnnc/websocket 1ms (unfinished)
------------------------------------------------------------------------------------------------------
------------------------------------------------------------------------------------------------------
GET /bridge/info 1ms 200
GET /bridge/info 1ms 200
------------------------------------------------------------------------------------------------------
GET /bridge/443/3xzmxqng/websocket 0ms (unfinished)
------------------------------------------------------------------------------------------------------
------------------------------------------------------------------------------------------------------
GET /bridge/248/kmo9_plb/websocket 0ms (unfinished)
GET /bridge/info 0ms 200
------------------------------------------------------------------------------------------------------
------------------------------------------------------------------------------------------------------
GET /bridge/info 0ms 200
GET /bridge/953/k5b8x11w/websocket 0ms (unfinished)
------------------------------------------------------------------------------------------------------
GET /bridge/784/ouc7d9n5/websocket 0ms (unfinished)
------------------------------------------------------------------------------------------------------
GET /bridge/info 1ms 200
------------------------------------------------------------------------------------------------------
GET /bridge/info 1ms 200
------------------------------------------------------------------------------------------------------
------------------------------------------------------------------------------------------------------
GET /bridge/300/go5kmx13/websocket 0ms (unfinished)
GET /bridge/097/st3jltfc/websocket 0ms (unfinished)
------------------------------------------------------------------------------------------------------
GET /bridge/info 1ms 200
------------------------------------------------------------------------------------------------------
GET /bridge/info 0ms 200
------------------------------------------------------------------------------------------------------
GET /bridge/605/6051fj1n/websocket 0ms (unfinished)
------------------------------------------------------------------------------------------------------
------------------------------------------------------------------------------------------------------
GET /bridge/335/9dyznccj/websocket 0ms (unfinished)
03,01,2022,09,00
------------------------------------------------------------------------------------------------------
------------------------------------------------------------------------------------------------------
05,01,2022,09,00
GET /bridge/info 0ms 200
------------------------------------------------------------------------------------------------------
GET /bridge/info 0ms 200
------------------------------------------------------------------------------------------------------
GET /bridge/845/524p39xn/websocket 0ms (unfinished)
------------------------------------------------------------------------------------------------------
GET /bridge/787/hagy1ubv/websocket 1ms (unfinished)
------------------------------------------------------------------------------------------------------
POST /bridge/777/dzoadash/xhr_send 5ms 204
------------------------------------------------------------------------------------------------------
------------------------------------------------------------------------------------------------------
GET /bridge/info 1ms 200
GET /bridge/info 0ms 200
------------------------------------------------------------------------------------------------------
GET /bridge/451/dmjvgg5u/websocket 3ms (unfinished)
------------------------------------------------------------------------------------------------------
GET /bridge/707/tvjcwr0l/websocket 1ms (unfinished)
------------------------------------------------------------------------------------------------------
POST /bridge/451/iavm5g25/xhr_streaming 2ms (unfinished)
------------------------------------------------------------------------------------------------------
POST /bridge/451/iavm5g25/xhr_send 1ms 204
------------------------------------------------------------------------------------------------------
POST /bridge/707/7k9zikp9/xhr_streaming 1ms (unfinished)
------------------------------------------------------------------------------------------------------
POST /bridge/707/7k9zikp9/xhr_send 1ms 204
------------------------------------------------------------------------------------------------------
03,01,2022,09,00
------------------------------------------------------------------------------------------------------
05,01,2022,09,00
------------------------------------------------------------------------------------------------------
POST /bridge/602/rmlw_mok/xhr_send 10ms 204
------------------------------------------------------------------------------------------------------
------------------------------------------------------------------------------------------------------
GET /bridge/info 1ms 200
------------------------------------------------------------------------------------------------------
GET /bridge/info 1ms 200
GET /bridge/356/6d3otq76/websocket 2ms (unfinished)
------------------------------------------------------------------------------------------------------
GET /bridge/217/xuf1h6ri/websocket 1ms (unfinished)
------------------------------------------------------------------------------------------------------
POST /bridge/356/03t8e939/xhr_streaming 1ms (unfinished)
------------------------------------------------------------------------------------------------------
POST /bridge/356/03t8e939/xhr_send 2ms 204
------------------------------------------------------------------------------------------------------
POST /bridge/217/wg90_7yp/xhr_streaming 0ms (unfinished)
------------------------------------------------------------------------------------------------------
------------------------------------------------------------------------------------------------------
POST /bridge/217/wg90_7yp/xhr_send 1ms 204
GET /bridge/info 1ms 200
------------------------------------------------------------------------------------------------------
GET /bridge/info 0ms 200
------------------------------------------------------------------------------------------------------
------------------------------------------------------------------------------------------------------
GET /bridge/708/s9nth8u2/websocket 2ms (unfinished)
------------------------------------------------------------------------------------------------------
GET /bridge/168/qtc38h5r/websocket 0ms (unfinished)
POST /bridge/708/xd1jxglh/xhr_streaming 1ms (unfinished)
------------------------------------------------------------------------------------------------------
POST /bridge/708/xd1jxglh/xhr_send 4ms 204
------------------------------------------------------------------------------------------------------
POST /bridge/168/fk_fbjl9/xhr_streaming 1ms (unfinished)
------------------------------------------------------------------------------------------------------
POST /bridge/168/fk_fbjl9/xhr_send 1ms 204
------------------------------------------------------------------------------------------------------
GET /bridge/info 0ms 200
------------------------------------------------------------------------------------------------------
GET /bridge/info 0ms 200
------------------------------------------------------------------------------------------------------
------------------------------------------------------------------------------------------------------
GET /bridge/729/624det6x/websocket 1ms (unfinished)
GET /bridge/356/_ybocjn1/websocket 1ms (unfinished)
------------------------------------------------------------------------------------------------------
POST /bridge/729/11e10hys/xhr_streaming 1ms (unfinished)
------------------------------------------------------------------------------------------------------
------------------------------------------------------------------------------------------------------
POST /bridge/729/11e10hys/xhr_send 1ms 204
POST /bridge/356/vazuil4x/xhr_streaming 0ms (unfinished)
------------------------------------------------------------------------------------------------------
GET /bridge/info 0ms 200
------------------------------------------------------------------------------------------------------
GET /bridge/info 0ms 200
------------------------------------------------------------------------------------------------------
------------------------------------------------------------------------------------------------------
GET /bridge/340/6ci3s9vq/websocket 1ms (unfinished)
GET /bridge/201/jlnebasl/websocket 1ms (unfinished)
------------------------------------------------------------------------------------------------------
------------------------------------------------------------------------------------------------------
05,01,2022,09,00
05,01,2022,09,00
------------------------------------------------------------------------------------------------------
05,01,2022,09,00
------------------------------------------------------------------------------------------------------
05,01,2022,09,00
------------------------------------------------------------------------------------------------------
05,01,2022,09,00
------------------------------------------------------------------------------------------------------
------------------------------------------------------------------------------------------------------
05,01,2022,09,00
GET /bridge/info 0ms 200
------------------------------------------------------------------------------------------------------
------------------------------------------------------------------------------------------------------
GET /bridge/info 0ms 200
GET /bridge/999/p57y5uis/websocket 0ms (unfinished)
------------------------------------------------------------------------------------------------------
GET /bridge/824/imtxqp4f/websocket 0ms (unfinished)
------------------------------------------------------------------------------------------------------
POST /bridge/999/n2059kyu/xhr_streaming 0ms (unfinished)
------------------------------------------------------------------------------------------------------
------------------------------------------------------------------------------------------------------
POST /bridge/999/n2059kyu/xhr_send 2ms 204
POST /bridge/824/8q30da13/xhr_streaming 1ms (unfinished)
------------------------------------------------------------------------------------------------------
POST /bridge/824/8q30da13/xhr_send 1ms 204
------------------------------------------------------------------------------------------------------
------------------------------------------------------------------------------------------------------
GET /bridge/info 0ms 200
GET /bridge/info 0ms 200
------------------------------------------------------------------------------------------------------
GET /bridge/520/eni_jb3s/websocket 0ms (unfinished)
------------------------------------------------------------------------------------------------------
GET /bridge/201/7b2c8u_s/websocket 1ms (unfinished)
------------------------------------------------------------------------------------------------------
POST /bridge/520/jonf0626/xhr_streaming 1ms (unfinished)
------------------------------------------------------------------------------------------------------
POST /bridge/520/jonf0626/xhr_send 1ms 204
------------------------------------------------------------------------------------------------------
POST /bridge/201/7hsn2khw/xhr_streaming 0ms (unfinished)
------------------------------------------------------------------------------------------------------
GET /bridge/info 1ms 200
------------------------------------------------------------------------------------------------------
------------------------------------------------------------------------------------------------------
GET /bridge/info 0ms 200
GET /bridge/749/7kklqyeb/websocket 3ms (unfinished)
------------------------------------------------------------------------------------------------------
------------------------------------------------------------------------------------------------------
GET /bridge/857/f8s_ztw1/websocket 0ms (unfinished)
------------------------------------------------------------------------------------------------------
GET /bridge/info 1ms 200
GET /bridge/info 1ms 200
------------------------------------------------------------------------------------------------------
GET /bridge/615/2pbyavgu/websocket 0ms (unfinished)
------------------------------------------------------------------------------------------------------
GET /bridge/995/scznt13n/websocket 0ms (unfinished)
------------------------------------------------------------------------------------------------------
------------------------------------------------------------------------------------------------------
GET /bridge/info 2ms 200
GET /bridge/info 1ms 200
------------------------------------------------------------------------------------------------------
------------------------------------------------------------------------------------------------------
GET /bridge/348/dr68x51e/websocket 3ms (unfinished)
GET /bridge/692/zf1dx7j3/websocket 0ms (unfinished)
------------------------------------------------------------------------------------------------------
GET /bridge/info 1ms 200
------------------------------------------------------------------------------------------------------
GET /bridge/info 0ms 200
------------------------------------------------------------------------------------------------------
GET /bridge/497/u60ui7d0/websocket 2ms (unfinished)
------------------------------------------------------------------------------------------------------
------------------------------------------------------------------------------------------------------
GET /bridge/927/ogkyz6_2/websocket 0ms (unfinished)
GET /bridge/info 1ms 200
------------------------------------------------------------------------------------------------------
GET /bridge/info 0ms 200
------------------------------------------------------------------------------------------------------
------------------------------------------------------------------------------------------------------
GET /bridge/583/wgsd3uzu/websocket 1ms (unfinished)
GET /bridge/025/wxdzdif2/websocket 0ms (unfinished)
------------------------------------------------------------------------------------------------------
------------------------------------------------------------------------------------------------------
03,01,2022,09,00
------------------------------------------------------------------------------------------------------
05,01,2022,09,00
GET /bridge/info 2ms 200
------------------------------------------------------------------------------------------------------
GET /bridge/info 1ms 200
------------------------------------------------------------------------------------------------------
GET /bridge/325/6_fyitde/websocket 4ms (unfinished)
------------------------------------------------------------------------------------------------------
GET /bridge/699/ze6pdhxl/websocket 0ms (unfinished)
------------------------------------------------------------------------------------------------------
------------------------------------------------------------------------------------------------------
GET /bridge/info 2ms 200
------------------------------------------------------------------------------------------------------
GET /bridge/info 1ms 200
------------------------------------------------------------------------------------------------------
GET /bridge/195/ul4fqsaz/websocket 4ms (unfinished)
GET /bridge/990/bo49vvy9/websocket 1ms (unfinished)
------------------------------------------------------------------------------------------------------
GET /bridge/info 1ms 200
------------------------------------------------------------------------------------------------------
GET /bridge/info 0ms 200
------------------------------------------------------------------------------------------------------
GET /bridge/745/_n5txp6r/websocket 1ms (unfinished)
------------------------------------------------------------------------------------------------------
GET /bridge/708/5kfn65x1/websocket 1ms (unfinished)
------------------------------------------------------------------------------------------------------
GET /bridge/info 1ms 200
------------------------------------------------------------------------------------------------------
GET /bridge/info 0ms 200
------------------------------------------------------------------------------------------------------
------------------------------------------------------------------------------------------------------
GET /bridge/968/mti0jues/websocket 3ms (unfinished)
------------------------------------------------------------------------------------------------------
GET /bridge/235/_94_mob_/websocket 1ms (unfinished)
POST /bridge/968/3fshkp70/xhr_streaming 2ms (unfinished)
------------------------------------------------------------------------------------------------------
POST /bridge/968/3fshkp70/xhr_send 3ms 204
------------------------------------------------------------------------------------------------------
POST /bridge/235/8v_gttsh/xhr_streaming 1ms (unfinished)
------------------------------------------------------------------------------------------------------
POST /bridge/235/8v_gttsh/xhr_send 1ms 204
------------------------------------------------------------------------------------------------------
GET /bridge/info 0ms 200
------------------------------------------------------------------------------------------------------
GET /bridge/info 1ms 200
------------------------------------------------------------------------------------------------------
GET /bridge/410/9pxrecz4/websocket 0ms (unfinished)
------------------------------------------------------------------------------------------------------
GET /bridge/508/1k98p70d/websocket 1ms (unfinished)
------------------------------------------------------------------------------------------------------
GET /bridge/info 0ms 200
------------------------------------------------------------------------------------------------------
GET /bridge/info 1ms 200
------------------------------------------------------------------------------------------------------
------------------------------------------------------------------------------------------------------
GET /bridge/649/ak0k71qv/websocket 0ms (unfinished)
GET /bridge/215/fh951mq1/websocket 0ms (unfinished)
------------------------------------------------------------------------------------------------------
GET /bridge/info 0ms 200
------------------------------------------------------------------------------------------------------
------------------------------------------------------------------------------------------------------
GET /bridge/info 0ms 200
GET /bridge/906/ejom79v0/websocket 0ms (unfinished)
------------------------------------------------------------------------------------------------------
------------------------------------------------------------------------------------------------------
GET /bridge/356/oa7j8j06/websocket 0ms (unfinished)
GET /bridge/info 1ms 200
------------------------------------------------------------------------------------------------------
GET /bridge/info 0ms 200
------------------------------------------------------------------------------------------------------
GET /bridge/180/a2476m5o/websocket 0ms (unfinished)
------------------------------------------------------------------------------------------------------
------------------------------------------------------------------------------------------------------
GET /bridge/595/kd6ewxx1/websocket 1ms (unfinished)
GET /bridge/info 0ms 200
------------------------------------------------------------------------------------------------------
GET /bridge/info 0ms 200
------------------------------------------------------------------------------------------------------
GET /bridge/856/qtpdcs89/websocket 0ms (unfinished)
------------------------------------------------------------------------------------------------------
------------------------------------------------------------------------------------------------------
GET /bridge/418/fmref4ea/websocket 0ms (unfinished)
------------------------------------------------------------------------------------------------------
GET /bridge/info 1ms 200
------------------------------------------------------------------------------------------------------
GET /bridge/info 0ms 200
GET /bridge/919/6s6amdff/websocket 0ms (unfinished)
------------------------------------------------------------------------------------------------------
------------------------------------------------------------------------------------------------------
GET /bridge/428/1lfted0a/websocket 0ms (unfinished)
------------------------------------------------------------------------------------------------------
05,01,2022,09,00
05,01,2022,09,00
------------------------------------------------------------------------------------------------------
05,01,2022,09,00
------------------------------------------------------------------------------------------------------
------------------------------------------------------------------------------------------------------
05,01,2022,09,00
------------------------------------------------------------------------------------------------------
05,01,2022,09,00
05,01,2022,09,00
------------------------------------------------------------------------------------------------------
05,01,2022,09,00
------------------------------------------------------------------------------------------------------
05,01,2022,09,00
------------------------------------------------------------------------------------------------------
GET /bridge/info 0ms 200
------------------------------------------------------------------------------------------------------
GET /bridge/info 1ms 200
------------------------------------------------------------------------------------------------------
------------------------------------------------------------------------------------------------------
GET /bridge/040/few7lo57/websocket 0ms (unfinished)
------------------------------------------------------------------------------------------------------
GET /bridge/132/1z65zbp_/websocket 0ms (unfinished)
GET /bridge/info 0ms 200
------------------------------------------------------------------------------------------------------
GET /bridge/info 0ms 200
------------------------------------------------------------------------------------------------------
GET /bridge/367/fy451lww/websocket 0ms (unfinished)
------------------------------------------------------------------------------------------------------
------------------------------------------------------------------------------------------------------
GET /bridge/628/8vzqxrok/websocket 1ms (unfinished)
POST /bridge/367/e3o4olcd/xhr_streaming 2ms (unfinished)
------------------------------------------------------------------------------------------------------
POST /bridge/367/e3o4olcd/xhr_send 5ms 204
------------------------------------------------------------------------------------------------------
------------------------------------------------------------------------------------------------------
POST /bridge/628/xtz605g1/xhr_streaming 1ms (unfinished)
POST /bridge/628/xtz605g1/xhr_send 1ms 204
------------------------------------------------------------------------------------------------------
GET /bridge/info 0ms 200
------------------------------------------------------------------------------------------------------
GET /bridge/info 1ms 200
------------------------------------------------------------------------------------------------------
GET /bridge/785/9glrpszc/websocket 0ms (unfinished)
------------------------------------------------------------------------------------------------------
------------------------------------------------------------------------------------------------------
GET /bridge/672/mpxiuhxf/websocket 0ms (unfinished)
GET /bridge/info 1ms 200
------------------------------------------------------------------------------------------------------
------------------------------------------------------------------------------------------------------
GET /bridge/info 0ms 200
------------------------------------------------------------------------------------------------------
GET /bridge/938/2_dcbchs/websocket 0ms (unfinished)
GET /bridge/041/lu3yk5m_/websocket 0ms (unfinished)
------------------------------------------------------------------------------------------------------
------------------------------------------------------------------------------------------------------
POST /bridge/938/ix4i7irg/xhr_streaming 0ms (unfinished)
------------------------------------------------------------------------------------------------------
POST /bridge/938/ix4i7irg/xhr_send 1ms 204
------------------------------------------------------------------------------------------------------
POST /bridge/041/yau98lii/xhr_streaming 1ms (unfinished)
------------------------------------------------------------------------------------------------------
GET /bridge/info 1ms 200
GET /bridge/info 1ms 200
------------------------------------------------------------------------------------------------------
------------------------------------------------------------------------------------------------------
GET /bridge/043/6q1pt4c1/websocket 1ms (unfinished)
GET /bridge/021/6mhsp82d/websocket 1ms (unfinished)
------------------------------------------------------------------------------------------------------
GET /bridge/info 1ms 200
------------------------------------------------------------------------------------------------------
------------------------------------------------------------------------------------------------------
GET /bridge/info 0ms 200
GET /bridge/102/t0sp1inx/websocket 0ms (unfinished)
------------------------------------------------------------------------------------------------------
GET /bridge/286/3byzaqua/websocket 1ms (unfinished)
------------------------------------------------------------------------------------------------------
------------------------------------------------------------------------------------------------------
GET /bridge/info 0ms 200
------------------------------------------------------------------------------------------------------
GET /bridge/info 0ms 200
GET /bridge/555/4881icc9/websocket 0ms (unfinished)
------------------------------------------------------------------------------------------------------
GET /bridge/211/ogtz4d4y/websocket 0ms (unfinished)
------------------------------------------------------------------------------------------------------
------------------------------------------------------------------------------------------------------
GET /bridge/info 1ms 200
GET /bridge/info 1ms 200
------------------------------------------------------------------------------------------------------
------------------------------------------------------------------------------------------------------
GET /bridge/059/fv_rt4gy/websocket 3ms (unfinished)
GET /bridge/600/41vlv6nt/websocket 1ms (unfinished)
------------------------------------------------------------------------------------------------------
POST /bridge/041/yau98lii/xhr_send 4ms 204
------------------------------------------------------------------------------------------------------
05,01,2022,09,00
------------------------------------------------------------------------------------------------------
05,01,2022,09,00
------------------------------------------------------------------------------------------------------
04,01,2022,09,00
------------------------------------------------------------------------------------------------------
04,01,2022,09,00
------------------------------------------------------------------------------------------------------
04,01,2022,09,00
04,01,2022,09,00
------------------------------------------------------------------------------------------------------
------------------------------------------------------------------------------------------------------
