------------------------------------------------------------------------------------------------------
GET /bridge/info 1ms 200
------------------------------------------------------------------------------------------------------
GET /bridge/info 0ms 200
GET /bridge/755/hhv6or65/websocket 2ms (unfinished)
------------------------------------------------------------------------------------------------------
------------------------------------------------------------------------------------------------------
GET /bridge/907/_p5txyu1/websocket 0ms (unfinished)
------------------------------------------------------------------------------------------------------
POST /bridge/755/g478bnxb/xhr_streaming 1ms (unfinished)
POST /bridge/755/g478bnxb/xhr_send 3ms 204
------------------------------------------------------------------------------------------------------
POST /bridge/907/hkqa5dyt/xhr_streaming 1ms (unfinished)
------------------------------------------------------------------------------------------------------
POST /bridge/907/hkqa5dyt/xhr_send 1ms 204
------------------------------------------------------------------------------------------------------
GET /bridge/info 0ms 200
------------------------------------------------------------------------------------------------------
------------------------------------------------------------------------------------------------------
GET /bridge/info 1ms 200
GET /bridge/267/b3rn0q_l/websocket 1ms (unfinished)
------------------------------------------------------------------------------------------------------
GET /bridge/287/4gwdm63v/websocket 0ms (unfinished)
------------------------------------------------------------------------------------------------------
POST /bridge/267/mzk8y5oy/xhr_streaming 2ms (unfinished)
------------------------------------------------------------------------------------------------------
POST /bridge/287/6i6__8gf/xhr_streaming 0ms (unfinished)
------------------------------------------------------------------------------------------------------
POST /bridge/267/mzk8y5oy/xhr_send 5ms 204
------------------------------------------------------------------------------------------------------
POST /bridge/287/6i6__8gf/xhr_send 1ms 204
------------------------------------------------------------------------------------------------------
------------------------------------------------------------------------------------------------------
GET /bridge/info 1ms 200
GET /bridge/info 0ms 200
------------------------------------------------------------------------------------------------------
GET /bridge/744/k42_n0cs/websocket 3ms (unfinished)
------------------------------------------------------------------------------------------------------
------------------------------------------------------------------------------------------------------
GET /bridge/522/3cer8vom/websocket 1ms (unfinished)
------------------------------------------------------------------------------------------------------
POST /bridge/744/03hcqje4/xhr_streaming 1ms (unfinished)
POST /bridge/744/03hcqje4/xhr_send 5ms 204
------------------------------------------------------------------------------------------------------
POST /bridge/522/ctef3337/xhr_streaming 0ms (unfinished)
------------------------------------------------------------------------------------------------------
POST /bridge/522/ctef3337/xhr_send 1ms 204
------------------------------------------------------------------------------------------------------
GET /bridge/info 2ms 200
------------------------------------------------------------------------------------------------------
------------------------------------------------------------------------------------------------------
GET /bridge/info 1ms 200
GET /bridge/542/ln73ivrv/websocket 2ms (unfinished)
------------------------------------------------------------------------------------------------------
------------------------------------------------------------------------------------------------------
GET /bridge/041/q97w2woe/websocket 0ms (unfinished)
POST /bridge/542/9kqokol4/xhr_streaming 1ms (unfinished)
------------------------------------------------------------------------------------------------------
POST /bridge/542/9kqokol4/xhr_send 4ms 204
------------------------------------------------------------------------------------------------------
POST /bridge/041/1fjzt6lk/xhr_streaming 1ms (unfinished)
------------------------------------------------------------------------------------------------------
POST /bridge/041/1fjzt6lk/xhr_send 1ms 204
------------------------------------------------------------------------------------------------------
------------------------------------------------------------------------------------------------------
GET /bridge/info 1ms 200
------------------------------------------------------------------------------------------------------
GET /bridge/info 1ms 200
------------------------------------------------------------------------------------------------------
GET /bridge/051/bhxaw02y/websocket 2ms (unfinished)
------------------------------------------------------------------------------------------------------
GET /bridge/266/xlxu1owu/websocket 1ms (unfinished)
POST /bridge/051/pvyfloxg/xhr_streaming 1ms (unfinished)
------------------------------------------------------------------------------------------------------
POST /bridge/051/pvyfloxg/xhr_send 5ms 204
------------------------------------------------------------------------------------------------------
POST /bridge/266/mfiv_qyr/xhr_streaming 0ms (unfinished)
------------------------------------------------------------------------------------------------------
GET /bridge/info 0ms 200
------------------------------------------------------------------------------------------------------
GET /bridge/info 0ms 200
------------------------------------------------------------------------------------------------------
------------------------------------------------------------------------------------------------------
GET /bridge/418/t1o2d9es/websocket 1ms (unfinished)
------------------------------------------------------------------------------------------------------
GET /bridge/598/9wywkc9q/websocket 0ms (unfinished)
GET /bridge/info 0ms 200
------------------------------------------------------------------------------------------------------
GET /bridge/info 0ms 200
------------------------------------------------------------------------------------------------------
GET /bridge/326/rvesrqkn/websocket 1ms (unfinished)
------------------------------------------------------------------------------------------------------
------------------------------------------------------------------------------------------------------
GET /bridge/369/9_rsr5bq/websocket 0ms (unfinished)
POST /bridge/266/mfiv_qyr/xhr_send 1ms 204
------------------------------------------------------------------------------------------------------
------------------------------------------------------------------------------------------------------
GET /bridge/info 0ms 200
GET /bridge/info 0ms 200
------------------------------------------------------------------------------------------------------
GET /bridge/373/rt_2l1u9/websocket 0ms (unfinished)
------------------------------------------------------------------------------------------------------
GET /bridge/770/rvjkm2pt/websocket 0ms (unfinished)
------------------------------------------------------------------------------------------------------
POST /bridge/373/c_v9imvu/xhr_streaming 1ms (unfinished)
------------------------------------------------------------------------------------------------------
POST /bridge/373/c_v9imvu/xhr_send 1ms 204
------------------------------------------------------------------------------------------------------
POST /bridge/770/wsm_6t1h/xhr_streaming 0ms (unfinished)
------------------------------------------------------------------------------------------------------
POST /bridge/770/wsm_6t1h/xhr_send 1ms 204
------------------------------------------------------------------------------------------------------
------------------------------------------------------------------------------------------------------
GET /bridge/info 1ms 200
------------------------------------------------------------------------------------------------------
GET /bridge/info 0ms 200
GET /bridge/537/sa5i6qnz/websocket 0ms (unfinished)
------------------------------------------------------------------------------------------------------
------------------------------------------------------------------------------------------------------
GET /bridge/562/tgm36mpt/websocket 0ms (unfinished)
------------------------------------------------------------------------------------------------------
POST /bridge/537/tlrkk2nd/xhr_streaming 1ms (unfinished)
POST /bridge/537/tlrkk2nd/xhr_send 1ms 204
------------------------------------------------------------------------------------------------------
POST /bridge/562/wc985ujm/xhr_streaming 1ms (unfinished)
------------------------------------------------------------------------------------------------------
POST /bridge/562/wc985ujm/xhr_send 1ms 204
------------------------------------------------------------------------------------------------------
GET /bridge/info 0ms 200
------------------------------------------------------------------------------------------------------
GET /bridge/info 1ms 200
------------------------------------------------------------------------------------------------------
------------------------------------------------------------------------------------------------------
GET /bridge/462/emd7hqrh/websocket 0ms (unfinished)
GET /bridge/107/k2ompvrb/websocket 0ms (unfinished)
------------------------------------------------------------------------------------------------------
POST /bridge/462/zwcnhzcl/xhr_streaming 1ms (unfinished)
------------------------------------------------------------------------------------------------------
------------------------------------------------------------------------------------------------------
POST /bridge/462/zwcnhzcl/xhr_send 1ms 204
POST /bridge/107/j7vfkc3g/xhr_streaming 0ms (unfinished)
------------------------------------------------------------------------------------------------------
GET /bridge/info 1ms 200
------------------------------------------------------------------------------------------------------
GET /bridge/info 1ms 200
------------------------------------------------------------------------------------------------------
GET /bridge/647/x8n0lli5/websocket 1ms (unfinished)
------------------------------------------------------------------------------------------------------
GET /bridge/472/sgaw4cs8/websocket 0ms (unfinished)
------------------------------------------------------------------------------------------------------
GET /bridge/info 0ms 200
------------------------------------------------------------------------------------------------------
------------------------------------------------------------------------------------------------------
GET /bridge/info 0ms 200
GET /bridge/140/310p4k_a/websocket 0ms (unfinished)
------------------------------------------------------------------------------------------------------
GET /bridge/635/sbwdz5xh/websocket 0ms (unfinished)
------------------------------------------------------------------------------------------------------
------------------------------------------------------------------------------------------------------
GET /bridge/info 0ms 200
------------------------------------------------------------------------------------------------------
GET /bridge/info 0ms 200
------------------------------------------------------------------------------------------------------
GET /bridge/853/u6x3sfzw/websocket 0ms (unfinished)
GET /bridge/608/2yrzmczg/websocket 0ms (unfinished)
------------------------------------------------------------------------------------------------------
GET /bridge/info 1ms 200
------------------------------------------------------------------------------------------------------
------------------------------------------------------------------------------------------------------
GET /bridge/info 0ms 200
GET /bridge/986/sg_9p9u0/websocket 4ms (unfinished)
------------------------------------------------------------------------------------------------------
GET /bridge/444/bn0q2dd2/websocket 0ms (unfinished)
------------------------------------------------------------------------------------------------------
------------------------------------------------------------------------------------------------------
GET /bridge/info 1ms 200
GET /bridge/info 4ms 200
------------------------------------------------------------------------------------------------------
GET /bridge/341/dj43m0vj/websocket 0ms (unfinished)
------------------------------------------------------------------------------------------------------
GET /bridge/233/csf7l5m0/websocket 0ms (unfinished)
------------------------------------------------------------------------------------------------------
------------------------------------------------------------------------------------------------------
POST /bridge/107/j7vfkc3g/xhr_send 3ms 204
------------------------------------------------------------------------------------------------------
GET /bridge/info 0ms 200
GET /bridge/info 0ms 200
------------------------------------------------------------------------------------------------------
GET /bridge/573/0erb5scl/websocket 0ms (unfinished)
------------------------------------------------------------------------------------------------------
------------------------------------------------------------------------------------------------------
GET /bridge/062/zajmhqb6/websocket 1ms (unfinished)
POST /bridge/573/7hz74uz6/xhr_streaming 1ms (unfinished)
------------------------------------------------------------------------------------------------------
POST /bridge/573/7hz74uz6/xhr_send 1ms 204
------------------------------------------------------------------------------------------------------
POST /bridge/062/1oifkryq/xhr_streaming 1ms (unfinished)
------------------------------------------------------------------------------------------------------
POST /bridge/062/1oifkryq/xhr_send 1ms 204
------------------------------------------------------------------------------------------------------
------------------------------------------------------------------------------------------------------
GET /bridge/info 0ms 200
------------------------------------------------------------------------------------------------------
GET /bridge/info 1ms 200
------------------------------------------------------------------------------------------------------
GET /bridge/514/npzui5h0/websocket 0ms (unfinished)
GET /bridge/409/mcz5z84x/websocket 1ms (unfinished)
------------------------------------------------------------------------------------------------------
POST /bridge/514/qp78fhwd/xhr_streaming 0ms (unfinished)
------------------------------------------------------------------------------------------------------
POST /bridge/409/imwlv1d0/xhr_streaming 1ms (unfinished)
------------------------------------------------------------------------------------------------------
POST /bridge/514/qp78fhwd/xhr_send 1ms 204
------------------------------------------------------------------------------------------------------
POST /bridge/409/imwlv1d0/xhr_send 1ms 204
------------------------------------------------------------------------------------------------------
------------------------------------------------------------------------------------------------------
GET /bridge/info 1ms 200
GET /bridge/678/vxt9nc7z/websocket 0ms (unfinished)
------------------------------------------------------------------------------------------------------
GET /bridge/info 1ms 200
------------------------------------------------------------------------------------------------------
------------------------------------------------------------------------------------------------------
GET /bridge/217/853yjyoi/websocket 0ms (unfinished)
POST /bridge/678/ouc5vgud/xhr_streaming 1ms (unfinished)
------------------------------------------------------------------------------------------------------
POST /bridge/678/ouc5vgud/xhr_send 1ms 204
------------------------------------------------------------------------------------------------------
POST /bridge/217/fo1hgqvj/xhr_streaming 0ms (unfinished)
------------------------------------------------------------------------------------------------------
GET /bridge/info 0ms 200
------------------------------------------------------------------------------------------------------
------------------------------------------------------------------------------------------------------
GET /bridge/info 0ms 200
GET /bridge/688/8dwd_f66/websocket 1ms (unfinished)
------------------------------------------------------------------------------------------------------
GET /bridge/872/vsltshs8/websocket 0ms (unfinished)
------------------------------------------------------------------------------------------------------
GET /bridge/info 2ms 200
------------------------------------------------------------------------------------------------------
GET /bridge/info 0ms 200
------------------------------------------------------------------------------------------------------
GET /bridge/618/vbkjk78q/websocket 4ms (unfinished)
------------------------------------------------------------------------------------------------------
GET /bridge/293/heqlhkkv/websocket 1ms (unfinished)
------------------------------------------------------------------------------------------------------
GET /bridge/info 0ms 200
------------------------------------------------------------------------------------------------------
GET /bridge/info 0ms 200
------------------------------------------------------------------------------------------------------
GET /bridge/041/2bo8xxpa/websocket 0ms (unfinished)
------------------------------------------------------------------------------------------------------
GET /bridge/779/3no1a8d6/websocket 1ms (unfinished)
------------------------------------------------------------------------------------------------------
GET /bridge/info 1ms 200
------------------------------------------------------------------------------------------------------
GET /bridge/info 1ms 200
------------------------------------------------------------------------------------------------------
------------------------------------------------------------------------------------------------------
GET /bridge/487/vhotqq4b/websocket 4ms (unfinished)
------------------------------------------------------------------------------------------------------
GET /bridge/855/mk9916xz/websocket 0ms (unfinished)
------------------------------------------------------------------------------------------------------
POST /bridge/217/fo1hgqvj/xhr_send 3ms 204
------------------------------------------------------------------------------------------------------
GET /bridge/info 1ms 200
GET /bridge/info 0ms 200
------------------------------------------------------------------------------------------------------
------------------------------------------------------------------------------------------------------
GET /bridge/904/su01he_v/websocket 2ms (unfinished)
GET /bridge/019/dimybezw/websocket 1ms (unfinished)
------------------------------------------------------------------------------------------------------
POST /bridge/904/vcwuqss7/xhr_streaming 1ms (unfinished)
------------------------------------------------------------------------------------------------------
POST /bridge/904/vcwuqss7/xhr_send 1ms 204
------------------------------------------------------------------------------------------------------
------------------------------------------------------------------------------------------------------
POST /bridge/019/9tulaajj/xhr_streaming 0ms (unfinished)
------------------------------------------------------------------------------------------------------
POST /bridge/019/9tulaajj/xhr_send 1ms 204
GET /bridge/info 1ms 200
------------------------------------------------------------------------------------------------------
GET /bridge/info 0ms 200
------------------------------------------------------------------------------------------------------
GET /bridge/969/ws8x6wdq/websocket 3ms (unfinished)
------------------------------------------------------------------------------------------------------
GET /bridge/238/cjwx3l3i/websocket 0ms (unfinished)
------------------------------------------------------------------------------------------------------
POST /bridge/969/juk3884k/xhr_streaming 1ms (unfinished)
------------------------------------------------------------------------------------------------------
POST /bridge/969/juk3884k/xhr_send 3ms 204
------------------------------------------------------------------------------------------------------
------------------------------------------------------------------------------------------------------
POST /bridge/238/iepcbakq/xhr_streaming 1ms (unfinished)
------------------------------------------------------------------------------------------------------
POST /bridge/238/iepcbakq/xhr_send 1ms 204
------------------------------------------------------------------------------------------------------
GET /bridge/info 1ms 200
GET /bridge/info 0ms 200
------------------------------------------------------------------------------------------------------
GET /bridge/395/2gek8yfm/websocket 2ms (unfinished)
------------------------------------------------------------------------------------------------------
GET /bridge/579/kdmrtp5y/websocket 0ms (unfinished)
------------------------------------------------------------------------------------------------------
POST /bridge/395/igbpipc_/xhr_streaming 1ms (unfinished)
------------------------------------------------------------------------------------------------------
POST /bridge/395/igbpipc_/xhr_send 4ms 204
------------------------------------------------------------------------------------------------------
------------------------------------------------------------------------------------------------------
POST /bridge/579/cntuny5o/xhr_streaming 0ms (unfinished)
POST /bridge/579/cntuny5o/xhr_send 1ms 204
------------------------------------------------------------------------------------------------------
GET /bridge/info 1ms 200
------------------------------------------------------------------------------------------------------
------------------------------------------------------------------------------------------------------
GET /bridge/info 0ms 200
GET /bridge/672/sj02gvnm/websocket 0ms (unfinished)
------------------------------------------------------------------------------------------------------
------------------------------------------------------------------------------------------------------
GET /bridge/311/gblgt_x0/websocket 0ms (unfinished)
------------------------------------------------------------------------------------------------------
POST /bridge/672/8ey2ubjl/xhr_streaming 0ms (unfinished)
POST /bridge/311/32_s70n1/xhr_streaming 1ms (unfinished)
------------------------------------------------------------------------------------------------------
------------------------------------------------------------------------------------------------------
POST /bridge/672/8ey2ubjl/xhr_send 1ms 204
POST /bridge/311/32_s70n1/xhr_send 1ms 204
------------------------------------------------------------------------------------------------------
------------------------------------------------------------------------------------------------------
GET /bridge/info 1ms 200
------------------------------------------------------------------------------------------------------
GET /bridge/info 1ms 200
------------------------------------------------------------------------------------------------------
GET /bridge/453/anf6qvxq/websocket 2ms (unfinished)
------------------------------------------------------------------------------------------------------
GET /bridge/964/yeo_awmx/websocket 0ms (unfinished)
POST /bridge/453/2j1d6yby/xhr_streaming 1ms (unfinished)
------------------------------------------------------------------------------------------------------
POST /bridge/453/2j1d6yby/xhr_send 5ms 204
------------------------------------------------------------------------------------------------------
POST /bridge/964/7h8n76ep/xhr_streaming 0ms (unfinished)
------------------------------------------------------------------------------------------------------
POST /bridge/964/7h8n76ep/xhr_send 1ms 204
------------------------------------------------------------------------------------------------------
GET /bridge/info 0ms 200
------------------------------------------------------------------------------------------------------
GET /bridge/info 0ms 200
------------------------------------------------------------------------------------------------------
GET /bridge/321/6ijjlzaw/websocket 0ms (unfinished)
------------------------------------------------------------------------------------------------------
GET /bridge/612/eoc7njqp/websocket 0ms (unfinished)
------------------------------------------------------------------------------------------------------
POST /bridge/321/czh4ja3z/xhr_streaming 1ms (unfinished)
------------------------------------------------------------------------------------------------------
POST /bridge/321/czh4ja3z/xhr_send 2ms 204
------------------------------------------------------------------------------------------------------
POST /bridge/612/poty8n7z/xhr_streaming 0ms (unfinished)
------------------------------------------------------------------------------------------------------
POST /bridge/612/poty8n7z/xhr_send 1ms 204
------------------------------------------------------------------------------------------------------
------------------------------------------------------------------------------------------------------
GET /bridge/info 2ms 200
GET /bridge/info 1ms 200
------------------------------------------------------------------------------------------------------
------------------------------------------------------------------------------------------------------
GET /bridge/088/h2ctzy7a/websocket 4ms (unfinished)
GET /bridge/285/h473y5n1/websocket 0ms (unfinished)
------------------------------------------------------------------------------------------------------
POST /bridge/088/9qlc_3fk/xhr_streaming 1ms (unfinished)
------------------------------------------------------------------------------------------------------
------------------------------------------------------------------------------------------------------
POST /bridge/088/9qlc_3fk/xhr_send 5ms 204
POST /bridge/285/2vw_j4yj/xhr_streaming 0ms (unfinished)
------------------------------------------------------------------------------------------------------
POST /bridge/285/2vw_j4yj/xhr_send 5ms 204
------------------------------------------------------------------------------------------------------
GET /bridge/info 1ms 200
------------------------------------------------------------------------------------------------------
------------------------------------------------------------------------------------------------------
GET /bridge/info 1ms 200
GET /bridge/772/3_ksawma/websocket 2ms (unfinished)
------------------------------------------------------------------------------------------------------
GET /bridge/874/lkiitrt6/websocket 0ms (unfinished)
------------------------------------------------------------------------------------------------------
POST /bridge/772/i0tjwv89/xhr_streaming 1ms (unfinished)
------------------------------------------------------------------------------------------------------
------------------------------------------------------------------------------------------------------
POST /bridge/772/i0tjwv89/xhr_send 1ms 204
POST /bridge/874/9ghl199u/xhr_streaming 1ms (unfinished)
------------------------------------------------------------------------------------------------------
------------------------------------------------------------------------------------------------------
POST /bridge/874/9ghl199u/xhr_send 1ms 204
GET /bridge/info 1ms 200
------------------------------------------------------------------------------------------------------
------------------------------------------------------------------------------------------------------
GET /bridge/info 0ms 200
------------------------------------------------------------------------------------------------------
GET /bridge/295/y0p0m6gq/websocket 0ms (unfinished)
GET /bridge/641/a65p1vh1/websocket 1ms (unfinished)
------------------------------------------------------------------------------------------------------
POST /bridge/295/6wze_wpf/xhr_streaming 1ms (unfinished)
------------------------------------------------------------------------------------------------------
POST /bridge/295/6wze_wpf/xhr_send 1ms 204
------------------------------------------------------------------------------------------------------
POST /bridge/641/69jiph_y/xhr_streaming 0ms (unfinished)
------------------------------------------------------------------------------------------------------
POST /bridge/641/69jiph_y/xhr_send 2ms 204
------------------------------------------------------------------------------------------------------
GET /bridge/info 2ms 200
------------------------------------------------------------------------------------------------------
------------------------------------------------------------------------------------------------------
GET /bridge/info 1ms 200
GET /bridge/486/dx1hekf7/websocket 3ms (unfinished)
------------------------------------------------------------------------------------------------------
------------------------------------------------------------------------------------------------------
GET /bridge/160/1_ek9ox0/websocket 0ms (unfinished)
POST /bridge/486/x2lsh2ca/xhr_streaming 1ms (unfinished)
------------------------------------------------------------------------------------------------------
POST /bridge/486/x2lsh2ca/xhr_send 4ms 204
------------------------------------------------------------------------------------------------------
POST /bridge/160/qxexdhtq/xhr_streaming 1ms (unfinished)
------------------------------------------------------------------------------------------------------
GET /bridge/info 1ms 200
------------------------------------------------------------------------------------------------------
GET /bridge/info 0ms 200
------------------------------------------------------------------------------------------------------
------------------------------------------------------------------------------------------------------
GET /bridge/727/0n0_qy36/websocket 4ms (unfinished)
GET /bridge/info 1ms 200
------------------------------------------------------------------------------------------------------
GET /bridge/info 1ms 200
------------------------------------------------------------------------------------------------------
GET /bridge/109/yvivblmt/websocket 1ms (unfinished)
------------------------------------------------------------------------------------------------------
GET /bridge/622/euhtmve4/websocket 0ms (unfinished)
------------------------------------------------------------------------------------------------------
------------------------------------------------------------------------------------------------------
GET /bridge/info 1ms 200
GET /bridge/info 0ms 200
------------------------------------------------------------------------------------------------------
------------------------------------------------------------------------------------------------------
GET /bridge/281/tli7bril/websocket 3ms (unfinished)
GET /bridge/976/lr3tdqd3/websocket 1ms (unfinished)
------------------------------------------------------------------------------------------------------
GET /bridge/info 1ms 200
------------------------------------------------------------------------------------------------------
GET /bridge/info 0ms 200
------------------------------------------------------------------------------------------------------
GET /bridge/866/g5ch300h/websocket 1ms (unfinished)
------------------------------------------------------------------------------------------------------
GET /bridge/824/j04x5q5e/websocket 1ms (unfinished)
------------------------------------------------------------------------------------------------------
------------------------------------------------------------------------------------------------------
GET /bridge/info 0ms 200
GET /bridge/info 1ms 200
------------------------------------------------------------------------------------------------------
GET /bridge/678/gxw35fln/websocket 1ms (unfinished)
------------------------------------------------------------------------------------------------------
GET /bridge/727/crv4bn9l/websocket 0ms (unfinished)
------------------------------------------------------------------------------------------------------
GET /bridge/info 1ms 200
------------------------------------------------------------------------------------------------------
GET /bridge/info 0ms 200
------------------------------------------------------------------------------------------------------
GET /bridge/646/z9gkw6us/websocket 1ms (unfinished)
------------------------------------------------------------------------------------------------------
GET /bridge/477/aeeylrri/websocket 0ms (unfinished)
------------------------------------------------------------------------------------------------------
GET /bridge/info 2ms 200
------------------------------------------------------------------------------------------------------
GET /bridge/info 1ms 200
------------------------------------------------------------------------------------------------------
GET /bridge/332/75lovszf/websocket 2ms (unfinished)
------------------------------------------------------------------------------------------------------
GET /bridge/620/l9zth_7v/websocket 0ms (unfinished)
------------------------------------------------------------------------------------------------------
GET /bridge/info 1ms 200
------------------------------------------------------------------------------------------------------
------------------------------------------------------------------------------------------------------
GET /bridge/info 1ms 200
GET /bridge/150/7bsjoten/websocket 2ms (unfinished)
------------------------------------------------------------------------------------------------------
GET /bridge/034/e_6sni54/websocket 0ms (unfinished)
------------------------------------------------------------------------------------------------------
GET /bridge/info 1ms 200
------------------------------------------------------------------------------------------------------
GET /bridge/info 1ms 200
------------------------------------------------------------------------------------------------------
GET /bridge/439/j50e8ftl/websocket 1ms (unfinished)
------------------------------------------------------------------------------------------------------
------------------------------------------------------------------------------------------------------
GET /bridge/791/wq9l6u31/websocket 0ms (unfinished)
POST /bridge/439/ohornrnp/xhr_streaming 1ms (unfinished)
------------------------------------------------------------------------------------------------------
------------------------------------------------------------------------------------------------------
POST /bridge/791/bnkscv3r/xhr_streaming 0ms (unfinished)
POST /bridge/439/ohornrnp/xhr_send 3ms 204
------------------------------------------------------------------------------------------------------
POST /bridge/791/bnkscv3r/xhr_send 1ms 204
------------------------------------------------------------------------------------------------------
POST /bridge/150/riqvzbk8/xhr_streaming 4ms (unfinished)
------------------------------------------------------------------------------------------------------
POST /bridge/150/riqvzbk8/xhr_send 5ms 204
------------------------------------------------------------------------------------------------------
------------------------------------------------------------------------------------------------------
POST /bridge/034/1mmvgy4b/xhr_streaming 0ms (unfinished)
POST /bridge/034/1mmvgy4b/xhr_send 1ms 204
------------------------------------------------------------------------------------------------------
------------------------------------------------------------------------------------------------------
POST /bridge/616/gmy538bk/xhr_send 3ms 204
GET /bridge/info 1ms 200
------------------------------------------------------------------------------------------------------
GET /bridge/info 0ms 200
------------------------------------------------------------------------------------------------------
GET /bridge/229/3bhb43mp/websocket 2ms (unfinished)
------------------------------------------------------------------------------------------------------
GET /bridge/528/qlhiapie/websocket 0ms (unfinished)
------------------------------------------------------------------------------------------------------
POST /bridge/229/l8hse71m/xhr_streaming 1ms (unfinished)
------------------------------------------------------------------------------------------------------
------------------------------------------------------------------------------------------------------
POST /bridge/229/l8hse71m/xhr_send 1ms 204
POST /bridge/528/aqjikv2f/xhr_streaming 0ms (unfinished)
------------------------------------------------------------------------------------------------------
POST /bridge/528/aqjikv2f/xhr_send 1ms 204
------------------------------------------------------------------------------------------------------
------------------------------------------------------------------------------------------------------
GET /bridge/info 1ms 200
GET /bridge/info 0ms 200
------------------------------------------------------------------------------------------------------
GET /bridge/050/fd9dw69d/websocket 3ms (unfinished)
------------------------------------------------------------------------------------------------------
GET /bridge/857/dr86x3e2/websocket 1ms (unfinished)
------------------------------------------------------------------------------------------------------
POST /bridge/050/5wx0ytb8/xhr_streaming 1ms (unfinished)
------------------------------------------------------------------------------------------------------
POST /bridge/857/jcrq9f_q/xhr_streaming 0ms (unfinished)
------------------------------------------------------------------------------------------------------
------------------------------------------------------------------------------------------------------
POST /bridge/857/jcrq9f_q/xhr_send 4ms 204
POST /bridge/050/5wx0ytb8/xhr_send 1ms 204
------------------------------------------------------------------------------------------------------
GET /bridge/info 1ms 200
------------------------------------------------------------------------------------------------------
GET /bridge/info 0ms 200
------------------------------------------------------------------------------------------------------
------------------------------------------------------------------------------------------------------
GET /bridge/818/v1w_g6rx/websocket 3ms (unfinished)
GET /bridge/963/fb_d5tao/websocket 0ms (unfinished)
------------------------------------------------------------------------------------------------------
POST /bridge/818/qxidy9j8/xhr_streaming 1ms (unfinished)
------------------------------------------------------------------------------------------------------
POST /bridge/818/qxidy9j8/xhr_send 4ms 204
------------------------------------------------------------------------------------------------------
POST /bridge/963/mynr11ap/xhr_streaming 0ms (unfinished)
------------------------------------------------------------------------------------------------------
------------------------------------------------------------------------------------------------------
GET /bridge/info 1ms 200
GET /bridge/info 0ms 200
------------------------------------------------------------------------------------------------------
------------------------------------------------------------------------------------------------------
GET /bridge/226/sudwa4py/websocket 3ms (unfinished)
GET /bridge/003/88quo5tq/websocket 0ms (unfinished)
------------------------------------------------------------------------------------------------------
GET /bridge/info 2ms 200
------------------------------------------------------------------------------------------------------
GET /bridge/info 0ms 200
------------------------------------------------------------------------------------------------------
GET /bridge/677/bxf_zqaq/websocket 3ms (unfinished)
------------------------------------------------------------------------------------------------------
GET /bridge/806/2a49okt3/websocket 0ms (unfinished)
------------------------------------------------------------------------------------------------------
GET /bridge/info 1ms 200
------------------------------------------------------------------------------------------------------
GET /bridge/info 0ms 200
------------------------------------------------------------------------------------------------------
GET /bridge/933/cktr2u88/websocket 3ms (unfinished)
------------------------------------------------------------------------------------------------------
GET /bridge/256/gjjndp86/websocket 0ms (unfinished)
------------------------------------------------------------------------------------------------------
GET /bridge/info 3ms 200
------------------------------------------------------------------------------------------------------
------------------------------------------------------------------------------------------------------
GET /bridge/info 1ms 200
------------------------------------------------------------------------------------------------------
GET /bridge/557/k60tc2gw/websocket 3ms (unfinished)
GET /bridge/326/38ndiewb/websocket 0ms (unfinished)
------------------------------------------------------------------------------------------------------
------------------------------------------------------------------------------------------------------
GET /bridge/info 1ms 200
------------------------------------------------------------------------------------------------------
GET /bridge/info 1ms 200
------------------------------------------------------------------------------------------------------
GET /bridge/159/0cjrgzzt/websocket 3ms (unfinished)
------------------------------------------------------------------------------------------------------
GET /bridge/906/_tyytfgn/websocket 0ms (unfinished)
GET /bridge/info 0ms 200
------------------------------------------------------------------------------------------------------
GET /bridge/info 0ms 200
------------------------------------------------------------------------------------------------------
GET /bridge/734/4o8ziesy/websocket 1ms (unfinished)
------------------------------------------------------------------------------------------------------
GET /bridge/347/2dxpiq64/websocket 0ms (unfinished)
------------------------------------------------------------------------------------------------------
GET /bridge/info 1ms 200
------------------------------------------------------------------------------------------------------
------------------------------------------------------------------------------------------------------
GET /bridge/info 1ms 200
GET /bridge/392/kqnscqsu/websocket 1ms (unfinished)
------------------------------------------------------------------------------------------------------
------------------------------------------------------------------------------------------------------
GET /bridge/309/yuw_qf4m/websocket 0ms (unfinished)
------------------------------------------------------------------------------------------------------
GET /bridge/info 1ms 200
GET /bridge/info 0ms 200
------------------------------------------------------------------------------------------------------
GET /bridge/416/arukof5n/websocket 0ms (unfinished)
------------------------------------------------------------------------------------------------------
GET /bridge/201/bc1g6yu3/websocket 0ms (unfinished)
------------------------------------------------------------------------------------------------------
------------------------------------------------------------------------------------------------------
GET /bridge/info 1ms 200
GET /bridge/info 1ms 200
------------------------------------------------------------------------------------------------------
GET /bridge/727/j8bd_f4z/websocket 2ms (unfinished)
------------------------------------------------------------------------------------------------------
GET /bridge/346/5iuzjyfa/websocket 0ms (unfinished)
------------------------------------------------------------------------------------------------------
GET /bridge/info 1ms 200
------------------------------------------------------------------------------------------------------
GET /bridge/info 0ms 200
------------------------------------------------------------------------------------------------------
GET /bridge/355/fh510ieq/websocket 0ms (unfinished)
------------------------------------------------------------------------------------------------------
GET /bridge/635/9wym47f0/websocket 0ms (unfinished)
------------------------------------------------------------------------------------------------------
GET /bridge/info 1ms 200
------------------------------------------------------------------------------------------------------
------------------------------------------------------------------------------------------------------
GET /bridge/info 0ms 200
GET /bridge/522/5bg_tc_n/websocket 0ms (unfinished)
------------------------------------------------------------------------------------------------------
GET /bridge/576/gzxowz2y/websocket 0ms (unfinished)
------------------------------------------------------------------------------------------------------
------------------------------------------------------------------------------------------------------
GET /bridge/info 1ms 200
------------------------------------------------------------------------------------------------------
GET /bridge/info 1ms 200
GET /bridge/010/k31j5b5r/websocket 1ms (unfinished)
------------------------------------------------------------------------------------------------------
GET /bridge/989/yea8ew1f/websocket 0ms (unfinished)
------------------------------------------------------------------------------------------------------
GET /bridge/info 1ms 200
------------------------------------------------------------------------------------------------------
------------------------------------------------------------------------------------------------------
GET /bridge/info 1ms 200
GET /bridge/255/lnlfhxew/websocket 0ms (unfinished)
------------------------------------------------------------------------------------------------------
GET /bridge/075/bboadn0n/websocket 1ms (unfinished)
------------------------------------------------------------------------------------------------------
------------------------------------------------------------------------------------------------------
GET /bridge/info 1ms 200
GET /bridge/info 0ms 200
------------------------------------------------------------------------------------------------------
GET /bridge/295/88msia3b/websocket 1ms (unfinished)
------------------------------------------------------------------------------------------------------
GET /bridge/875/uovehmdu/websocket 0ms (unfinished)
------------------------------------------------------------------------------------------------------
GET /bridge/info 1ms 200
------------------------------------------------------------------------------------------------------
GET /bridge/info 1ms 200
------------------------------------------------------------------------------------------------------
GET /bridge/211/ctex3w3l/websocket 0ms (unfinished)
------------------------------------------------------------------------------------------------------
GET /bridge/149/vbvr6n11/websocket 1ms (unfinished)
------------------------------------------------------------------------------------------------------
POST /bridge/963/mynr11ap/xhr_send 5ms 204
------------------------------------------------------------------------------------------------------
------------------------------------------------------------------------------------------------------
GET /bridge/info 1ms 200
GET /bridge/info 0ms 200
------------------------------------------------------------------------------------------------------
------------------------------------------------------------------------------------------------------
GET /bridge/269/mvw0fvyr/websocket 4ms (unfinished)
GET /bridge/236/3x6c_kcu/websocket 0ms (unfinished)
------------------------------------------------------------------------------------------------------
POST /bridge/269/_16k4ie9/xhr_streaming 2ms (unfinished)
------------------------------------------------------------------------------------------------------
POST /bridge/269/_16k4ie9/xhr_send 1ms 204
------------------------------------------------------------------------------------------------------
POST /bridge/236/66orro_h/xhr_streaming 0ms (unfinished)
------------------------------------------------------------------------------------------------------
------------------------------------------------------------------------------------------------------
POST /bridge/236/66orro_h/xhr_send 1ms 204
GET /bridge/info 0ms 200
------------------------------------------------------------------------------------------------------
GET /bridge/info 0ms 200
------------------------------------------------------------------------------------------------------
GET /bridge/115/ucsxvfzj/websocket 0ms (unfinished)
------------------------------------------------------------------------------------------------------
GET /bridge/191/7ijsr2m3/websocket 0ms (unfinished)
------------------------------------------------------------------------------------------------------
POST /bridge/115/i5ocr3d1/xhr_streaming 0ms (unfinished)
------------------------------------------------------------------------------------------------------
POST /bridge/191/njrg5ft6/xhr_streaming 1ms (unfinished)
------------------------------------------------------------------------------------------------------
POST /bridge/115/i5ocr3d1/xhr_send 1ms 204
------------------------------------------------------------------------------------------------------
POST /bridge/191/njrg5ft6/xhr_send 0ms 204
------------------------------------------------------------------------------------------------------
------------------------------------------------------------------------------------------------------
GET /bridge/info 1ms 200
GET /bridge/info 0ms 200
------------------------------------------------------------------------------------------------------
GET /bridge/666/3rd2d1zb/websocket 0ms (unfinished)
------------------------------------------------------------------------------------------------------
GET /bridge/552/hd2k_mwg/websocket 0ms (unfinished)
------------------------------------------------------------------------------------------------------
POST /bridge/666/adn8dvm7/xhr_streaming 1ms (unfinished)
------------------------------------------------------------------------------------------------------
POST /bridge/666/adn8dvm7/xhr_send 1ms 204
------------------------------------------------------------------------------------------------------
GET /bridge/info 0ms 200
------------------------------------------------------------------------------------------------------
GET /bridge/info 0ms 200
------------------------------------------------------------------------------------------------------
------------------------------------------------------------------------------------------------------
GET /bridge/349/xx9fwnqi/websocket 0ms (unfinished)
GET /bridge/055/kcd5wfps/websocket 0ms (unfinished)
------------------------------------------------------------------------------------------------------
------------------------------------------------------------------------------------------------------
POST /bridge/349/p6uxx2sp/xhr_streaming 1ms (unfinished)
GET /bridge/info 0ms 200
------------------------------------------------------------------------------------------------------
GET /bridge/info 1ms 200
------------------------------------------------------------------------------------------------------
GET /bridge/806/vc9t9jn9/websocket 0ms (unfinished)
------------------------------------------------------------------------------------------------------
GET /bridge/438/brx0wi_n/websocket 0ms (unfinished)
------------------------------------------------------------------------------------------------------
GET /bridge/info 0ms 200
------------------------------------------------------------------------------------------------------
------------------------------------------------------------------------------------------------------
GET /bridge/info 1ms 200
------------------------------------------------------------------------------------------------------
GET /bridge/779/h1h3vg5p/websocket 0ms (unfinished)
GET /bridge/008/tfv0uqzf/websocket 0ms (unfinished)
------------------------------------------------------------------------------------------------------
GET /bridge/info 2ms 200
------------------------------------------------------------------------------------------------------
GET /bridge/info 0ms 200
------------------------------------------------------------------------------------------------------
------------------------------------------------------------------------------------------------------
GET /bridge/520/_i76mdtm/websocket 2ms (unfinished)
GET /bridge/141/ruvi4pd7/websocket 1ms (unfinished)
------------------------------------------------------------------------------------------------------
GET /bridge/info 0ms 200
------------------------------------------------------------------------------------------------------
------------------------------------------------------------------------------------------------------
GET /bridge/info 1ms 200
GET /bridge/412/mbjx13kx/websocket 0ms (unfinished)
------------------------------------------------------------------------------------------------------
------------------------------------------------------------------------------------------------------
GET /bridge/868/8kzc83rx/websocket 1ms (unfinished)
------------------------------------------------------------------------------------------------------
GET /bridge/info 0ms 200
GET /bridge/info 1ms 200
------------------------------------------------------------------------------------------------------
GET /bridge/707/psk3nujd/websocket 0ms (unfinished)
------------------------------------------------------------------------------------------------------
GET /bridge/554/pzzk_ae8/websocket 0ms (unfinished)
------------------------------------------------------------------------------------------------------
POST /bridge/160/qxexdhtq/xhr_send 3ms 204
------------------------------------------------------------------------------------------------------
