GET /bridge/info 0ms 200
------------------------------------------------------------------------------------------------------
GET /bridge/info 0ms 200
------------------------------------------------------------------------------------------------------
------------------------------------------------------------------------------------------------------
GET /bridge/556/caa6gzkx/websocket 0ms (unfinished)
GET /bridge/209/flvs1i6_/websocket 0ms (unfinished)
------------------------------------------------------------------------------------------------------
POST /bridge/556/s5z72or_/xhr_streaming 1ms (unfinished)
------------------------------------------------------------------------------------------------------
POST /bridge/209/me2ltznm/xhr_streaming 1ms (unfinished)
------------------------------------------------------------------------------------------------------
POST /bridge/556/s5z72or_/xhr_send 1ms 204
------------------------------------------------------------------------------------------------------
POST /bridge/209/me2ltznm/xhr_send 1ms 204
------------------------------------------------------------------------------------------------------
GET /bridge/info 1ms 200
------------------------------------------------------------------------------------------------------
GET /bridge/info 0ms 200
------------------------------------------------------------------------------------------------------
------------------------------------------------------------------------------------------------------
GET /bridge/545/kn3tig27/websocket 0ms (unfinished)
------------------------------------------------------------------------------------------------------
GET /bridge/236/zyjvis5w/websocket 0ms (unfinished)
POST /bridge/545/ki15btyg/xhr_streaming 1ms (unfinished)
------------------------------------------------------------------------------------------------------
POST /bridge/545/ki15btyg/xhr_send 1ms 204
------------------------------------------------------------------------------------------------------
POST /bridge/236/ts_69giu/xhr_streaming 0ms (unfinished)
------------------------------------------------------------------------------------------------------
POST /bridge/236/ts_69giu/xhr_send 1ms 204
------------------------------------------------------------------------------------------------------
------------------------------------------------------------------------------------------------------
GET /bridge/info 0ms 200
GET /bridge/info 0ms 200
------------------------------------------------------------------------------------------------------
GET /bridge/305/yyrwos6n/websocket 0ms (unfinished)
------------------------------------------------------------------------------------------------------
------------------------------------------------------------------------------------------------------
GET /bridge/576/55ue3snt/websocket 0ms (unfinished)
POST /bridge/305/dw3i6fsz/xhr_streaming 0ms (unfinished)
------------------------------------------------------------------------------------------------------
------------------------------------------------------------------------------------------------------
POST /bridge/305/dw3i6fsz/xhr_send 1ms 204
POST /bridge/576/1w9zf1fm/xhr_streaming 0ms (unfinished)
------------------------------------------------------------------------------------------------------
POST /bridge/576/1w9zf1fm/xhr_send 1ms 204
------------------------------------------------------------------------------------------------------
------------------------------------------------------------------------------------------------------
GET /bridge/info 0ms 200
GET /bridge/info 1ms 200
------------------------------------------------------------------------------------------------------
GET /bridge/000/74ok4rlc/websocket 1ms (unfinished)
------------------------------------------------------------------------------------------------------
------------------------------------------------------------------------------------------------------
GET /bridge/441/xdwy3gz0/websocket 0ms (unfinished)
POST /bridge/000/mff8z_j7/xhr_streaming 1ms (unfinished)
------------------------------------------------------------------------------------------------------
------------------------------------------------------------------------------------------------------
POST /bridge/000/mff8z_j7/xhr_send 2ms 204
POST /bridge/441/bxn8w5i9/xhr_streaming 1ms (unfinished)
------------------------------------------------------------------------------------------------------
------------------------------------------------------------------------------------------------------
POST /bridge/441/bxn8w5i9/xhr_send 1ms 204
------------------------------------------------------------------------------------------------------
GET /bridge/info 0ms 200
GET /bridge/info 1ms 200
------------------------------------------------------------------------------------------------------
GET /bridge/070/pa9isimx/websocket 1ms (unfinished)
------------------------------------------------------------------------------------------------------
GET /bridge/124/ujhsk0ee/websocket 0ms (unfinished)
------------------------------------------------------------------------------------------------------
POST /bridge/070/9be_8lkk/xhr_streaming 1ms (unfinished)
------------------------------------------------------------------------------------------------------
POST /bridge/070/9be_8lkk/xhr_send 1ms 204
------------------------------------------------------------------------------------------------------
POST /bridge/124/jxkrmc06/xhr_streaming 1ms (unfinished)
------------------------------------------------------------------------------------------------------
POST /bridge/124/jxkrmc06/xhr_send 1ms 204
------------------------------------------------------------------------------------------------------
GET /bridge/info 0ms 200
------------------------------------------------------------------------------------------------------
GET /bridge/info 1ms 200
------------------------------------------------------------------------------------------------------
GET /bridge/303/d_7apbsw/websocket 0ms (unfinished)
------------------------------------------------------------------------------------------------------
GET /bridge/798/kdn9re11/websocket 0ms (unfinished)
------------------------------------------------------------------------------------------------------
POST /bridge/303/4h0pm182/xhr_streaming 1ms (unfinished)
------------------------------------------------------------------------------------------------------
------------------------------------------------------------------------------------------------------
POST /bridge/303/4h0pm182/xhr_send 1ms 204
POST /bridge/798/384xs4xf/xhr_streaming 0ms (unfinished)
------------------------------------------------------------------------------------------------------
------------------------------------------------------------------------------------------------------
POST /bridge/798/384xs4xf/xhr_send 1ms 204
GET /bridge/info 1ms 200
------------------------------------------------------------------------------------------------------
------------------------------------------------------------------------------------------------------
GET /bridge/info 0ms 200
GET /bridge/195/6ou7via2/websocket 0ms (unfinished)
------------------------------------------------------------------------------------------------------
GET /bridge/905/fvoox115/websocket 0ms (unfinished)
------------------------------------------------------------------------------------------------------
POST /bridge/195/2giqrq7j/xhr_streaming 1ms (unfinished)
------------------------------------------------------------------------------------------------------
POST /bridge/195/2giqrq7j/xhr_send 1ms 204
------------------------------------------------------------------------------------------------------
POST /bridge/905/zfeiwe3q/xhr_streaming 0ms (unfinished)
------------------------------------------------------------------------------------------------------
POST /bridge/905/zfeiwe3q/xhr_send 1ms 204
------------------------------------------------------------------------------------------------------
GET /bridge/info 0ms 200
------------------------------------------------------------------------------------------------------
GET /bridge/info 0ms 200
------------------------------------------------------------------------------------------------------
GET /bridge/286/brbib9mm/websocket 1ms (unfinished)
------------------------------------------------------------------------------------------------------
GET /bridge/721/epssmn3y/websocket 2ms (unfinished)
------------------------------------------------------------------------------------------------------
POST /bridge/286/xy1koccz/xhr_streaming 1ms (unfinished)
------------------------------------------------------------------------------------------------------
POST /bridge/286/xy1koccz/xhr_send 1ms 204
------------------------------------------------------------------------------------------------------
POST /bridge/721/5aioqk0i/xhr_streaming 0ms (unfinished)
------------------------------------------------------------------------------------------------------
GET /bridge/info 0ms 200
------------------------------------------------------------------------------------------------------
GET /bridge/info 0ms 200
------------------------------------------------------------------------------------------------------
GET /bridge/525/yrr5a03p/websocket 0ms (unfinished)
------------------------------------------------------------------------------------------------------
GET /bridge/757/7umpvsl4/websocket 0ms (unfinished)
------------------------------------------------------------------------------------------------------
GET /bridge/info 1ms 200
------------------------------------------------------------------------------------------------------
------------------------------------------------------------------------------------------------------
------------------------------------------------------------------------------------------------------
GET /bridge/info 0ms 200
GET /bridge/392/3m1qiqe_/websocket 0ms (unfinished)
GET /bridge/569/50lc4k4v/websocket 0ms (unfinished)
------------------------------------------------------------------------------------------------------
GET /bridge/info 1ms 200
------------------------------------------------------------------------------------------------------
GET /bridge/info 0ms 200
------------------------------------------------------------------------------------------------------
------------------------------------------------------------------------------------------------------
GET /bridge/199/qq3we096/websocket 0ms (unfinished)
GET /bridge/439/njz_haqb/websocket 1ms (unfinished)
------------------------------------------------------------------------------------------------------
GET /bridge/info 1ms 200
------------------------------------------------------------------------------------------------------
GET /bridge/info 1ms 200
------------------------------------------------------------------------------------------------------
GET /bridge/942/njbh17nr/websocket 3ms (unfinished)
------------------------------------------------------------------------------------------------------
------------------------------------------------------------------------------------------------------
GET /bridge/717/eja0k_l1/websocket 0ms (unfinished)
POST /bridge/942/u5cygojg/xhr_streaming 1ms (unfinished)
------------------------------------------------------------------------------------------------------
POST /bridge/942/u5cygojg/xhr_send 5ms 204
------------------------------------------------------------------------------------------------------
------------------------------------------------------------------------------------------------------
POST /bridge/717/mmmww0j3/xhr_streaming 1ms (unfinished)
------------------------------------------------------------------------------------------------------
POST /bridge/717/mmmww0j3/xhr_send 2ms 204
GET /bridge/info 1ms 200
------------------------------------------------------------------------------------------------------
GET /bridge/info 1ms 200
------------------------------------------------------------------------------------------------------
GET /bridge/157/2tao270e/websocket 3ms (unfinished)
------------------------------------------------------------------------------------------------------
GET /bridge/011/qc97shld/websocket 0ms (unfinished)
------------------------------------------------------------------------------------------------------
GET /bridge/info 1ms 200
------------------------------------------------------------------------------------------------------
------------------------------------------------------------------------------------------------------
GET /bridge/info 0ms 200
GET /bridge/301/8uqur53l/websocket 0ms (unfinished)
------------------------------------------------------------------------------------------------------
GET /bridge/522/u4einevs/websocket 0ms (unfinished)
------------------------------------------------------------------------------------------------------
GET /bridge/info 1ms 200
------------------------------------------------------------------------------------------------------
------------------------------------------------------------------------------------------------------
GET /bridge/info 0ms 200
------------------------------------------------------------------------------------------------------
GET /bridge/585/67vd70sl/websocket 0ms (unfinished)
GET /bridge/965/sinqs8ht/websocket 0ms (unfinished)
------------------------------------------------------------------------------------------------------
GET /bridge/info 1ms 200
------------------------------------------------------------------------------------------------------
GET /bridge/info 1ms 200
------------------------------------------------------------------------------------------------------
GET /bridge/702/meldbhfu/websocket 4ms (unfinished)
------------------------------------------------------------------------------------------------------
GET /bridge/555/lsb1wyj1/websocket 0ms (unfinished)
------------------------------------------------------------------------------------------------------
POST /bridge/702/s_muzo82/xhr_streaming 1ms (unfinished)
------------------------------------------------------------------------------------------------------
------------------------------------------------------------------------------------------------------
POST /bridge/702/s_muzo82/xhr_send 4ms 204
------------------------------------------------------------------------------------------------------
POST /bridge/555/0f9q__al/xhr_streaming 1ms (unfinished)
------------------------------------------------------------------------------------------------------
GET /bridge/info 0ms 200
GET /bridge/info 0ms 200
------------------------------------------------------------------------------------------------------
------------------------------------------------------------------------------------------------------
GET /bridge/826/xwl52l2s/websocket 1ms (unfinished)
------------------------------------------------------------------------------------------------------
GET /bridge/237/7rtbhyam/websocket 0ms (unfinished)
GET /bridge/info 0ms 200
------------------------------------------------------------------------------------------------------
------------------------------------------------------------------------------------------------------
GET /bridge/info 0ms 200
------------------------------------------------------------------------------------------------------
GET /bridge/824/3o3gxtuj/websocket 0ms (unfinished)
GET /bridge/179/3s6u0_11/websocket 0ms (unfinished)
------------------------------------------------------------------------------------------------------
GET /bridge/info 0ms 200
------------------------------------------------------------------------------------------------------
GET /bridge/info 0ms 200
------------------------------------------------------------------------------------------------------
------------------------------------------------------------------------------------------------------
GET /bridge/457/ljjtwltb/websocket 1ms (unfinished)
GET /bridge/690/9kolsz64/websocket 0ms (unfinished)
------------------------------------------------------------------------------------------------------
GET /bridge/info 2ms 200
------------------------------------------------------------------------------------------------------
------------------------------------------------------------------------------------------------------
GET /bridge/info 0ms 200
------------------------------------------------------------------------------------------------------
GET /bridge/516/p3qj602f/websocket 3ms (unfinished)
------------------------------------------------------------------------------------------------------
GET /bridge/179/dhvb167v/websocket 1ms (unfinished)
POST /bridge/516/dfda9h9o/xhr_streaming 2ms (unfinished)
------------------------------------------------------------------------------------------------------
POST /bridge/516/dfda9h9o/xhr_send 3ms 204
------------------------------------------------------------------------------------------------------
POST /bridge/179/gly47zo4/xhr_streaming 0ms (unfinished)
------------------------------------------------------------------------------------------------------
GET /bridge/info 1ms 200
------------------------------------------------------------------------------------------------------
GET /bridge/info 1ms 200
------------------------------------------------------------------------------------------------------
GET /bridge/928/hs_ever1/websocket 0ms (unfinished)
------------------------------------------------------------------------------------------------------
GET /bridge/143/l3ruzc4l/websocket 1ms (unfinished)
------------------------------------------------------------------------------------------------------
GET /bridge/info 1ms 200
------------------------------------------------------------------------------------------------------
GET /bridge/info 0ms 200
------------------------------------------------------------------------------------------------------
GET /bridge/795/bbii4myt/websocket 0ms (unfinished)
------------------------------------------------------------------------------------------------------
GET /bridge/494/up95hb_m/websocket 0ms (unfinished)
------------------------------------------------------------------------------------------------------
GET /bridge/info 0ms 200
------------------------------------------------------------------------------------------------------
GET /bridge/info 1ms 200
------------------------------------------------------------------------------------------------------
GET /bridge/803/uxs15u4j/websocket 0ms (unfinished)
------------------------------------------------------------------------------------------------------
GET /bridge/197/_czr5aza/websocket 0ms (unfinished)
------------------------------------------------------------------------------------------------------
------------------------------------------------------------------------------------------------------
GET /bridge/info 1ms 200
------------------------------------------------------------------------------------------------------
GET /bridge/info 0ms 200
GET /bridge/224/5_4r94gd/websocket 1ms (unfinished)
------------------------------------------------------------------------------------------------------
------------------------------------------------------------------------------------------------------
GET /bridge/108/vlrezanz/websocket 0ms (unfinished)
GET /bridge/info 1ms 200
------------------------------------------------------------------------------------------------------
GET /bridge/info 0ms 200
------------------------------------------------------------------------------------------------------
GET /bridge/776/nc3ts487/websocket 0ms (unfinished)
------------------------------------------------------------------------------------------------------
------------------------------------------------------------------------------------------------------
GET /bridge/381/t2h3c3ru/websocket 0ms (unfinished)
GET /bridge/info 1ms 200
------------------------------------------------------------------------------------------------------
GET /bridge/info 1ms 200
------------------------------------------------------------------------------------------------------
GET /bridge/942/jbvf8hdp/websocket 2ms (unfinished)
------------------------------------------------------------------------------------------------------
GET /bridge/327/xs6g8c67/websocket 0ms (unfinished)
------------------------------------------------------------------------------------------------------
------------------------------------------------------------------------------------------------------
GET /bridge/info 1ms 200
GET /bridge/info 1ms 200
------------------------------------------------------------------------------------------------------
GET /bridge/596/1mj5b2xu/websocket 1ms (unfinished)
------------------------------------------------------------------------------------------------------
GET /bridge/932/3lgbtbhy/websocket 1ms (unfinished)
------------------------------------------------------------------------------------------------------
GET /bridge/info 1ms 200
------------------------------------------------------------------------------------------------------
GET /bridge/567/d4ftd7gh/websocket 3ms (unfinished)
------------------------------------------------------------------------------------------------------
GET /bridge/info 0ms 200
------------------------------------------------------------------------------------------------------
GET /bridge/851/lct9kl_9/websocket 0ms (unfinished)
------------------------------------------------------------------------------------------------------
POST /bridge/555/0f9q__al/xhr_send 4ms 204
------------------------------------------------------------------------------------------------------
GET /bridge/info 1ms 200
------------------------------------------------------------------------------------------------------
GET /bridge/info 0ms 200
------------------------------------------------------------------------------------------------------
GET /bridge/429/1j63m2xf/websocket 0ms (unfinished)
------------------------------------------------------------------------------------------------------
GET /bridge/456/4scw6ao8/websocket 1ms (unfinished)
------------------------------------------------------------------------------------------------------
POST /bridge/429/4uvgly8e/xhr_streaming 1ms (unfinished)
------------------------------------------------------------------------------------------------------
POST /bridge/429/4uvgly8e/xhr_send 1ms 204
------------------------------------------------------------------------------------------------------
------------------------------------------------------------------------------------------------------
POST /bridge/456/zlklk77x/xhr_streaming 1ms (unfinished)
POST /bridge/456/zlklk77x/xhr_send 1ms 204
------------------------------------------------------------------------------------------------------
GET /bridge/info 1ms 200
------------------------------------------------------------------------------------------------------
GET /bridge/info 1ms 200
------------------------------------------------------------------------------------------------------
GET /bridge/283/xeqaj8c5/websocket 0ms (unfinished)
------------------------------------------------------------------------------------------------------
GET /bridge/137/un5vxe9g/websocket 0ms (unfinished)
------------------------------------------------------------------------------------------------------
POST /bridge/283/1f0cj913/xhr_streaming 1ms (unfinished)
------------------------------------------------------------------------------------------------------
POST /bridge/283/1f0cj913/xhr_send 1ms 204
------------------------------------------------------------------------------------------------------
POST /bridge/137/mfsfct3z/xhr_streaming 0ms (unfinished)
------------------------------------------------------------------------------------------------------
POST /bridge/137/mfsfct3z/xhr_send 1ms 204
------------------------------------------------------------------------------------------------------
------------------------------------------------------------------------------------------------------
GET /bridge/info 1ms 200
GET /bridge/info 0ms 200
------------------------------------------------------------------------------------------------------
GET /bridge/855/agfrwemt/websocket 4ms (unfinished)
------------------------------------------------------------------------------------------------------
GET /bridge/798/yyd449yg/websocket 0ms (unfinished)
------------------------------------------------------------------------------------------------------
------------------------------------------------------------------------------------------------------
POST /bridge/855/sgz_v_pe/xhr_streaming 1ms (unfinished)
POST /bridge/855/sgz_v_pe/xhr_send 5ms 204
------------------------------------------------------------------------------------------------------
------------------------------------------------------------------------------------------------------
POST /bridge/798/mumbx18u/xhr_streaming 0ms (unfinished)
------------------------------------------------------------------------------------------------------
POST /bridge/798/mumbx18u/xhr_send 1ms 204
------------------------------------------------------------------------------------------------------
GET /bridge/info 1ms 200
GET /bridge/info 0ms 200
------------------------------------------------------------------------------------------------------
GET /bridge/722/osvv0mvo/websocket 1ms (unfinished)
------------------------------------------------------------------------------------------------------
GET /bridge/772/n5p_5vif/websocket 0ms (unfinished)
------------------------------------------------------------------------------------------------------
POST /bridge/722/qdmnebfz/xhr_streaming 0ms (unfinished)
------------------------------------------------------------------------------------------------------
POST /bridge/722/qdmnebfz/xhr_send 0ms 204
------------------------------------------------------------------------------------------------------
POST /bridge/772/ptelcdig/xhr_streaming 0ms (unfinished)
------------------------------------------------------------------------------------------------------
GET /bridge/info 1ms 200
------------------------------------------------------------------------------------------------------
GET /bridge/info 0ms 200
------------------------------------------------------------------------------------------------------
GET /bridge/073/bkmvclht/websocket 2ms (unfinished)
------------------------------------------------------------------------------------------------------
GET /bridge/496/4dk4u1q8/websocket 1ms (unfinished)
------------------------------------------------------------------------------------------------------
------------------------------------------------------------------------------------------------------
GET /bridge/info 1ms 200
GET /bridge/info 1ms 200
------------------------------------------------------------------------------------------------------
GET /bridge/223/0wsx317u/websocket 2ms (unfinished)
------------------------------------------------------------------------------------------------------
GET /bridge/314/lmhk5nqs/websocket 0ms (unfinished)
------------------------------------------------------------------------------------------------------
GET /bridge/info 2ms 200
------------------------------------------------------------------------------------------------------
------------------------------------------------------------------------------------------------------
GET /bridge/info 0ms 200
GET /bridge/848/mdo7v2dv/websocket 3ms (unfinished)
------------------------------------------------------------------------------------------------------
------------------------------------------------------------------------------------------------------
GET /bridge/969/lgmm25rd/websocket 0ms (unfinished)
GET /bridge/info 1ms 200
------------------------------------------------------------------------------------------------------
GET /bridge/info 0ms 200
------------------------------------------------------------------------------------------------------
------------------------------------------------------------------------------------------------------
GET /bridge/231/v5vrymig/websocket 2ms (unfinished)
------------------------------------------------------------------------------------------------------
GET /bridge/855/zetsixg3/websocket 0ms (unfinished)
GET /bridge/info 1ms 200
------------------------------------------------------------------------------------------------------
GET /bridge/info 1ms 200
------------------------------------------------------------------------------------------------------
GET /bridge/861/gzog10jt/websocket 2ms (unfinished)
------------------------------------------------------------------------------------------------------
GET /bridge/930/hqplpd_a/websocket 0ms (unfinished)
------------------------------------------------------------------------------------------------------
GET /bridge/info 1ms 200
------------------------------------------------------------------------------------------------------
GET /bridge/info 0ms 200
------------------------------------------------------------------------------------------------------
GET /bridge/172/9z99nsry/websocket 0ms (unfinished)
------------------------------------------------------------------------------------------------------
------------------------------------------------------------------------------------------------------
GET /bridge/077/l9gn1p3v/websocket 0ms (unfinished)
GET /bridge/info 1ms 200
------------------------------------------------------------------------------------------------------
------------------------------------------------------------------------------------------------------
GET /bridge/info 1ms 200
GET /bridge/379/8tvi6cbz/websocket 2ms (unfinished)
------------------------------------------------------------------------------------------------------
GET /bridge/095/y8jvgjna/websocket 0ms (unfinished)
------------------------------------------------------------------------------------------------------
GET /bridge/info 1ms 200
------------------------------------------------------------------------------------------------------
GET /bridge/info 0ms 200
------------------------------------------------------------------------------------------------------
------------------------------------------------------------------------------------------------------
GET /bridge/911/ng53tdi2/websocket 1ms (unfinished)
GET /bridge/722/c7o462yj/websocket 0ms (unfinished)
------------------------------------------------------------------------------------------------------
POST /bridge/721/5aioqk0i/xhr_send 3ms 204
------------------------------------------------------------------------------------------------------
GET /bridge/info 1ms 200
------------------------------------------------------------------------------------------------------
GET /bridge/info 0ms 200
------------------------------------------------------------------------------------------------------
------------------------------------------------------------------------------------------------------
GET /bridge/594/znyas02x/websocket 1ms (unfinished)
GET /bridge/832/joe6gkd9/websocket 0ms (unfinished)
------------------------------------------------------------------------------------------------------
POST /bridge/594/tu3_mf51/xhr_streaming 0ms (unfinished)
------------------------------------------------------------------------------------------------------
POST /bridge/594/tu3_mf51/xhr_send 1ms 204
------------------------------------------------------------------------------------------------------
POST /bridge/832/bw3_8ze8/xhr_streaming 1ms (unfinished)
------------------------------------------------------------------------------------------------------
POST /bridge/832/bw3_8ze8/xhr_send 1ms 204
------------------------------------------------------------------------------------------------------
------------------------------------------------------------------------------------------------------
GET /bridge/info 2ms 200
GET /bridge/info 1ms 200
------------------------------------------------------------------------------------------------------
GET /bridge/777/ao_10e3w/websocket 0ms (unfinished)
------------------------------------------------------------------------------------------------------
GET /bridge/091/hrhfg4bo/websocket 1ms (unfinished)
------------------------------------------------------------------------------------------------------
------------------------------------------------------------------------------------------------------
POST /bridge/777/54c7vzft/xhr_streaming 0ms (unfinished)
POST /bridge/777/54c7vzft/xhr_send 1ms 204
------------------------------------------------------------------------------------------------------
POST /bridge/091/wkqiqids/xhr_streaming 1ms (unfinished)
------------------------------------------------------------------------------------------------------
POST /bridge/091/wkqiqids/xhr_send 1ms 204
------------------------------------------------------------------------------------------------------
GET /bridge/info 1ms 200
------------------------------------------------------------------------------------------------------
GET /bridge/info 0ms 200
------------------------------------------------------------------------------------------------------
GET /bridge/146/n_lr0_vx/websocket 2ms (unfinished)
------------------------------------------------------------------------------------------------------
GET /bridge/079/307071b_/websocket 0ms (unfinished)
------------------------------------------------------------------------------------------------------
------------------------------------------------------------------------------------------------------
POST /bridge/146/2_kq9qcy/xhr_streaming 1ms (unfinished)
------------------------------------------------------------------------------------------------------
POST /bridge/146/2_kq9qcy/xhr_send 3ms 204
POST /bridge/079/p0k9cuby/xhr_streaming 0ms (unfinished)
------------------------------------------------------------------------------------------------------
------------------------------------------------------------------------------------------------------
GET /bridge/info 1ms 200
------------------------------------------------------------------------------------------------------
GET /bridge/info 0ms 200
GET /bridge/701/i6zta6s9/websocket 2ms (unfinished)
------------------------------------------------------------------------------------------------------
GET /bridge/141/g1d8es_n/websocket 0ms (unfinished)
------------------------------------------------------------------------------------------------------
GET /bridge/info 1ms 200
------------------------------------------------------------------------------------------------------
GET /bridge/info 1ms 200
------------------------------------------------------------------------------------------------------
GET /bridge/132/w91mvaje/websocket 0ms (unfinished)
------------------------------------------------------------------------------------------------------
GET /bridge/065/gsw8yinn/websocket 0ms (unfinished)
------------------------------------------------------------------------------------------------------
GET /bridge/info 1ms 200
------------------------------------------------------------------------------------------------------
GET /bridge/info 1ms 200
------------------------------------------------------------------------------------------------------
GET /bridge/116/bgythcp3/websocket 2ms (unfinished)
------------------------------------------------------------------------------------------------------
------------------------------------------------------------------------------------------------------
GET /bridge/648/g7vu7xg6/websocket 0ms (unfinished)
GET /bridge/info 1ms 200
------------------------------------------------------------------------------------------------------
GET /bridge/info 1ms 200
------------------------------------------------------------------------------------------------------
------------------------------------------------------------------------------------------------------
GET /bridge/713/uoptn9bc/websocket 3ms (unfinished)
GET /bridge/087/bqe2syjt/websocket 0ms (unfinished)
------------------------------------------------------------------------------------------------------
GET /bridge/info 1ms 200
------------------------------------------------------------------------------------------------------
------------------------------------------------------------------------------------------------------
GET /bridge/info 0ms 200
GET /bridge/429/8wjb0v6t/websocket 3ms (unfinished)
------------------------------------------------------------------------------------------------------
------------------------------------------------------------------------------------------------------
GET /bridge/533/ddeht4fz/websocket 0ms (unfinished)
GET /bridge/info 1ms 200
------------------------------------------------------------------------------------------------------
------------------------------------------------------------------------------------------------------
GET /bridge/info 0ms 200
GET /bridge/727/6iq4f_a_/websocket 4ms (unfinished)
------------------------------------------------------------------------------------------------------
GET /bridge/041/0spewuz5/websocket 0ms (unfinished)
------------------------------------------------------------------------------------------------------
GET /bridge/info 2ms 200
------------------------------------------------------------------------------------------------------
GET /bridge/info 1ms 200
------------------------------------------------------------------------------------------------------
GET /bridge/848/69c5ytev/websocket 2ms (unfinished)
------------------------------------------------------------------------------------------------------
GET /bridge/092/lzvh0910/websocket 0ms (unfinished)
------------------------------------------------------------------------------------------------------
GET /bridge/info 1ms 200
------------------------------------------------------------------------------------------------------
GET /bridge/info 0ms 200
------------------------------------------------------------------------------------------------------
GET /bridge/904/6mwa5vm9/websocket 2ms (unfinished)
------------------------------------------------------------------------------------------------------
GET /bridge/281/j9tgrk3p/websocket 0ms (unfinished)
------------------------------------------------------------------------------------------------------
GET /bridge/info 1ms 200
------------------------------------------------------------------------------------------------------
GET /bridge/info 0ms 200
------------------------------------------------------------------------------------------------------
GET /bridge/083/b8bc5j34/websocket 3ms (unfinished)
------------------------------------------------------------------------------------------------------
GET /bridge/678/6ayloqkb/websocket 0ms (unfinished)
------------------------------------------------------------------------------------------------------
GET /bridge/info 1ms 200
------------------------------------------------------------------------------------------------------
GET /bridge/info 0ms 200
------------------------------------------------------------------------------------------------------
GET /bridge/478/6ooe6i5i/websocket 3ms (unfinished)
------------------------------------------------------------------------------------------------------
------------------------------------------------------------------------------------------------------
GET /bridge/207/ne195ubx/websocket 0ms (unfinished)
GET /bridge/info 1ms 200
------------------------------------------------------------------------------------------------------
GET /bridge/info 0ms 200
------------------------------------------------------------------------------------------------------
GET /bridge/727/k2kgxpis/websocket 3ms (unfinished)
------------------------------------------------------------------------------------------------------
GET /bridge/892/gwfvw5ya/websocket 1ms (unfinished)
------------------------------------------------------------------------------------------------------
GET /bridge/info 1ms 200
------------------------------------------------------------------------------------------------------
GET /bridge/info 0ms 200
------------------------------------------------------------------------------------------------------
GET /bridge/978/7whpm558/websocket 2ms (unfinished)
------------------------------------------------------------------------------------------------------
GET /bridge/937/45tja5d1/websocket 0ms (unfinished)
------------------------------------------------------------------------------------------------------
GET /bridge/info 2ms 200
------------------------------------------------------------------------------------------------------
GET /bridge/info 0ms 200
------------------------------------------------------------------------------------------------------
GET /bridge/719/frevv2qh/websocket 3ms (unfinished)
------------------------------------------------------------------------------------------------------
------------------------------------------------------------------------------------------------------
GET /bridge/869/5y20wh0d/websocket 0ms (unfinished)
GET /bridge/info 1ms 200
------------------------------------------------------------------------------------------------------
GET /bridge/info 1ms 200
------------------------------------------------------------------------------------------------------
GET /bridge/047/zqblmg5k/websocket 3ms (unfinished)
------------------------------------------------------------------------------------------------------
GET /bridge/430/fi8m5om3/websocket 0ms (unfinished)
------------------------------------------------------------------------------------------------------
GET /bridge/info 1ms 200
------------------------------------------------------------------------------------------------------
GET /bridge/info 0ms 200
------------------------------------------------------------------------------------------------------
------------------------------------------------------------------------------------------------------
GET /bridge/909/ndz1k8b0/websocket 3ms (unfinished)
GET /bridge/257/mdd6sk2a/websocket 0ms (unfinished)
------------------------------------------------------------------------------------------------------
------------------------------------------------------------------------------------------------------
GET /bridge/info 1ms 200
GET /bridge/info 0ms 200
------------------------------------------------------------------------------------------------------
GET /bridge/354/z7lrc7rd/websocket 0ms (unfinished)
------------------------------------------------------------------------------------------------------
GET /bridge/387/6bmr8q5a/websocket 0ms (unfinished)
------------------------------------------------------------------------------------------------------
GET /bridge/info 2ms 200
------------------------------------------------------------------------------------------------------
GET /bridge/info 1ms 200
------------------------------------------------------------------------------------------------------
GET /bridge/022/mz7inhjm/websocket 3ms (unfinished)
------------------------------------------------------------------------------------------------------
GET /bridge/845/32_tbcdo/websocket 0ms (unfinished)
------------------------------------------------------------------------------------------------------
GET /bridge/info 1ms 200
------------------------------------------------------------------------------------------------------
------------------------------------------------------------------------------------------------------
GET /bridge/info 0ms 200
------------------------------------------------------------------------------------------------------
GET /bridge/782/qktd0p2_/websocket 0ms (unfinished)
GET /bridge/932/8v83emen/websocket 1ms (unfinished)
------------------------------------------------------------------------------------------------------
GET /bridge/info 0ms 200
------------------------------------------------------------------------------------------------------
GET /bridge/info 1ms 200
------------------------------------------------------------------------------------------------------
GET /bridge/557/lkcij3id/websocket 0ms (unfinished)
------------------------------------------------------------------------------------------------------
GET /bridge/999/0gfok0hg/websocket 0ms (unfinished)
------------------------------------------------------------------------------------------------------
GET /bridge/info 1ms 200
------------------------------------------------------------------------------------------------------
GET /bridge/info 0ms 200
------------------------------------------------------------------------------------------------------
GET /bridge/462/vuuns5hw/websocket 0ms (unfinished)
------------------------------------------------------------------------------------------------------
GET /bridge/604/1v28ztne/websocket 0ms (unfinished)
------------------------------------------------------------------------------------------------------
GET /bridge/info 0ms 200
------------------------------------------------------------------------------------------------------
GET /bridge/info 1ms 200
------------------------------------------------------------------------------------------------------
GET /bridge/256/u9cwhi87/websocket 0ms (unfinished)
------------------------------------------------------------------------------------------------------
GET /bridge/506/5k8c7e32/websocket 0ms (unfinished)
------------------------------------------------------------------------------------------------------
------------------------------------------------------------------------------------------------------
GET /bridge/info 1ms 200
GET /bridge/info 0ms 200
------------------------------------------------------------------------------------------------------
GET /bridge/408/b1m67lv7/websocket 0ms (unfinished)
------------------------------------------------------------------------------------------------------
GET /bridge/530/ydtgnmtw/websocket 0ms (unfinished)
------------------------------------------------------------------------------------------------------
GET /bridge/info 1ms 200
------------------------------------------------------------------------------------------------------
GET /bridge/info 0ms 200
------------------------------------------------------------------------------------------------------
------------------------------------------------------------------------------------------------------
GET /bridge/808/k_z1ue2y/websocket 0ms (unfinished)
GET /bridge/813/6gd63b9p/websocket 0ms (unfinished)
------------------------------------------------------------------------------------------------------
GET /bridge/info 1ms 200
------------------------------------------------------------------------------------------------------
GET /bridge/info 0ms 200
------------------------------------------------------------------------------------------------------
GET /bridge/768/baymrp0w/websocket 2ms (unfinished)
------------------------------------------------------------------------------------------------------
GET /bridge/209/ufcm_yml/websocket 0ms (unfinished)
------------------------------------------------------------------------------------------------------
17,02,2022,09,00
------------------------------------------------------------------------------------------------------
------------------------------------------------------------------------------------------------------
17,02,2022,09,00
GET /bridge/info 1ms 200
------------------------------------------------------------------------------------------------------
------------------------------------------------------------------------------------------------------
GET /bridge/info 1ms 200
GET /bridge/968/bbltc9ix/websocket 1ms (unfinished)
------------------------------------------------------------------------------------------------------
GET /bridge/002/_41swyqq/websocket 1ms (unfinished)
------------------------------------------------------------------------------------------------------
------------------------------------------------------------------------------------------------------
GET /bridge/info 0ms 200
GET /bridge/info 1ms 200
------------------------------------------------------------------------------------------------------
GET /bridge/477/ptsjcgkf/websocket 0ms (unfinished)
------------------------------------------------------------------------------------------------------
------------------------------------------------------------------------------------------------------
GET /bridge/024/lrgbbfpp/websocket 0ms (unfinished)
GET /bridge/info 1ms 200
------------------------------------------------------------------------------------------------------
GET /bridge/info 0ms 200
------------------------------------------------------------------------------------------------------
------------------------------------------------------------------------------------------------------
GET /bridge/225/iymrybt6/websocket 1ms (unfinished)
GET /bridge/011/3rv9l0b1/websocket 0ms (unfinished)
------------------------------------------------------------------------------------------------------
GET /bridge/info 0ms 200
------------------------------------------------------------------------------------------------------
GET /bridge/info 0ms 200
------------------------------------------------------------------------------------------------------
GET /bridge/617/jyiul2cj/websocket 0ms (unfinished)
------------------------------------------------------------------------------------------------------
------------------------------------------------------------------------------------------------------
GET /bridge/053/z2fery_9/websocket 0ms (unfinished)
GET /bridge/info 0ms 200
------------------------------------------------------------------------------------------------------
GET /bridge/info 0ms 200
------------------------------------------------------------------------------------------------------
------------------------------------------------------------------------------------------------------
GET /bridge/777/tibrin24/websocket 0ms (unfinished)
GET /bridge/331/rcp965wl/websocket 0ms (unfinished)
------------------------------------------------------------------------------------------------------
GET /bridge/info 1ms 200
------------------------------------------------------------------------------------------------------
GET /bridge/info 1ms 200
------------------------------------------------------------------------------------------------------
GET /bridge/839/5skvqs1_/websocket 2ms (unfinished)
------------------------------------------------------------------------------------------------------
------------------------------------------------------------------------------------------------------
GET /bridge/080/7q2jq02k/websocket 0ms (unfinished)
GET /bridge/info 1ms 200
------------------------------------------------------------------------------------------------------
GET /bridge/info 1ms 200
------------------------------------------------------------------------------------------------------
GET /bridge/839/vz1ng4j0/websocket 3ms (unfinished)
------------------------------------------------------------------------------------------------------
GET /bridge/485/ygnirj_l/websocket 0ms (unfinished)
------------------------------------------------------------------------------------------------------
GET /bridge/info 1ms 200
------------------------------------------------------------------------------------------------------
------------------------------------------------------------------------------------------------------
GET /bridge/info 0ms 200
GET /bridge/035/n909qhyg/websocket 3ms (unfinished)
------------------------------------------------------------------------------------------------------
GET /bridge/975/vz1mzzdv/websocket 0ms (unfinished)
------------------------------------------------------------------------------------------------------
------------------------------------------------------------------------------------------------------
GET /bridge/info 1ms 200
GET /bridge/info 0ms 200
------------------------------------------------------------------------------------------------------
GET /bridge/426/bqj591b_/websocket 2ms (unfinished)
------------------------------------------------------------------------------------------------------
GET /bridge/807/4qfkpqto/websocket 1ms (unfinished)
------------------------------------------------------------------------------------------------------
GET /bridge/info 1ms 200
------------------------------------------------------------------------------------------------------
GET /bridge/info 0ms 200
------------------------------------------------------------------------------------------------------
GET /bridge/600/7w3e8sni/websocket 3ms (unfinished)
------------------------------------------------------------------------------------------------------
GET /bridge/124/3u9r8u5d/websocket 0ms (unfinished)
------------------------------------------------------------------------------------------------------
GET /bridge/info 1ms 200
------------------------------------------------------------------------------------------------------
GET /bridge/info 1ms 200
------------------------------------------------------------------------------------------------------
GET /bridge/869/u_wiyaur/websocket 4ms (unfinished)
------------------------------------------------------------------------------------------------------
GET /bridge/549/mxcbmw79/websocket 0ms (unfinished)
------------------------------------------------------------------------------------------------------
GET /bridge/info 1ms 200
------------------------------------------------------------------------------------------------------
GET /bridge/info 0ms 200
------------------------------------------------------------------------------------------------------
GET /bridge/391/s9osu0_w/websocket 2ms (unfinished)
------------------------------------------------------------------------------------------------------
GET /bridge/580/4sb20e0_/websocket 1ms (unfinished)
------------------------------------------------------------------------------------------------------
GET /bridge/info 1ms 200
------------------------------------------------------------------------------------------------------
GET /bridge/info 1ms 200
------------------------------------------------------------------------------------------------------
GET /bridge/581/hasr58md/websocket 3ms (unfinished)
------------------------------------------------------------------------------------------------------
GET /bridge/167/qidd67rw/websocket 0ms (unfinished)
------------------------------------------------------------------------------------------------------
------------------------------------------------------------------------------------------------------
GET /bridge/info 1ms 200
GET /bridge/info 0ms 200
------------------------------------------------------------------------------------------------------
GET /bridge/893/3wsi9riu/websocket 2ms (unfinished)
------------------------------------------------------------------------------------------------------
------------------------------------------------------------------------------------------------------
GET /bridge/870/90meeqh3/websocket 0ms (unfinished)
GET /bridge/info 0ms 200
------------------------------------------------------------------------------------------------------
------------------------------------------------------------------------------------------------------
GET /bridge/info 1ms 200
GET /bridge/213/c4r8mwgp/websocket 1ms (unfinished)
------------------------------------------------------------------------------------------------------
GET /bridge/659/_o6dt64f/websocket 0ms (unfinished)
------------------------------------------------------------------------------------------------------
GET /bridge/info 0ms 200
------------------------------------------------------------------------------------------------------
------------------------------------------------------------------------------------------------------
GET /bridge/info 1ms 200
GET /bridge/977/3ofirzhx/websocket 1ms (unfinished)
------------------------------------------------------------------------------------------------------
GET /bridge/245/bhm32oe2/websocket 0ms (unfinished)
------------------------------------------------------------------------------------------------------
------------------------------------------------------------------------------------------------------
GET /bridge/info 0ms 200
GET /bridge/info 1ms 200
------------------------------------------------------------------------------------------------------
------------------------------------------------------------------------------------------------------
GET /bridge/676/12u2nl7_/websocket 0ms (unfinished)
GET /bridge/607/4n3zeks9/websocket 1ms (unfinished)
------------------------------------------------------------------------------------------------------
------------------------------------------------------------------------------------------------------
GET /bridge/info 0ms 200
GET /bridge/info 0ms 200
------------------------------------------------------------------------------------------------------
GET /bridge/757/5d9kzxnj/websocket 0ms (unfinished)
------------------------------------------------------------------------------------------------------
------------------------------------------------------------------------------------------------------
GET /bridge/067/jyc7h5r1/websocket 0ms (unfinished)
GET /bridge/info 0ms 200
------------------------------------------------------------------------------------------------------
GET /bridge/info 1ms 200
------------------------------------------------------------------------------------------------------
GET /bridge/489/g48apidb/websocket 0ms (unfinished)
------------------------------------------------------------------------------------------------------
GET /bridge/659/40ztol48/websocket 0ms (unfinished)
------------------------------------------------------------------------------------------------------
GET /bridge/info 1ms 200
------------------------------------------------------------------------------------------------------
GET /bridge/info 1ms 200
------------------------------------------------------------------------------------------------------
GET /bridge/226/eoe6k1av/websocket 3ms (unfinished)
------------------------------------------------------------------------------------------------------
GET /bridge/750/c14iky75/websocket 0ms (unfinished)
------------------------------------------------------------------------------------------------------
GET /bridge/info 1ms 200
------------------------------------------------------------------------------------------------------
------------------------------------------------------------------------------------------------------
GET /bridge/info 0ms 200
GET /bridge/185/qrj0egib/websocket 2ms (unfinished)
------------------------------------------------------------------------------------------------------
GET /bridge/675/fi08b4o6/websocket 0ms (unfinished)
------------------------------------------------------------------------------------------------------
GET /bridge/info 1ms 200
------------------------------------------------------------------------------------------------------
GET /bridge/info 1ms 200
------------------------------------------------------------------------------------------------------
GET /bridge/613/6zoh55p6/websocket 0ms (unfinished)
------------------------------------------------------------------------------------------------------
GET /bridge/411/ky_mwxs6/websocket 0ms (unfinished)
------------------------------------------------------------------------------------------------------
GET /bridge/info 1ms 200
------------------------------------------------------------------------------------------------------
------------------------------------------------------------------------------------------------------
GET /bridge/info 0ms 200
GET /bridge/541/90xvjgn6/websocket 0ms (unfinished)
------------------------------------------------------------------------------------------------------
GET /bridge/038/64oqrh05/websocket 0ms (unfinished)
------------------------------------------------------------------------------------------------------
GET /bridge/info 0ms 200
------------------------------------------------------------------------------------------------------
GET /bridge/info 0ms 200
------------------------------------------------------------------------------------------------------
------------------------------------------------------------------------------------------------------
GET /bridge/161/54cqezeo/websocket 0ms (unfinished)
------------------------------------------------------------------------------------------------------
GET /bridge/844/jceqeb4p/websocket 0ms (unfinished)
GET /bridge/info 0ms 200
------------------------------------------------------------------------------------------------------
------------------------------------------------------------------------------------------------------
GET /bridge/info 1ms 200
GET /bridge/023/4w8z934o/websocket 0ms (unfinished)
------------------------------------------------------------------------------------------------------
GET /bridge/744/1o05dzkt/websocket 0ms (unfinished)
------------------------------------------------------------------------------------------------------
15,02,2022,09,00
------------------------------------------------------------------------------------------------------
17,02,2022,09,00
------------------------------------------------------------------------------------------------------
------------------------------------------------------------------------------------------------------
GET /bridge/info 1ms 200
------------------------------------------------------------------------------------------------------
GET /bridge/info 1ms 200
GET /bridge/507/aijzcze9/websocket 4ms (unfinished)
------------------------------------------------------------------------------------------------------
------------------------------------------------------------------------------------------------------
GET /bridge/444/ofb4kira/websocket 1ms (unfinished)
------------------------------------------------------------------------------------------------------
GET /bridge/info 2ms 200
------------------------------------------------------------------------------------------------------
GET /bridge/info 0ms 200
GET /bridge/034/ro1zxybn/websocket 3ms (unfinished)
------------------------------------------------------------------------------------------------------
GET /bridge/880/dfunf_qy/websocket 0ms (unfinished)
------------------------------------------------------------------------------------------------------
GET /bridge/info 1ms 200
------------------------------------------------------------------------------------------------------
GET /bridge/info 1ms 200
------------------------------------------------------------------------------------------------------
GET /bridge/506/704_4mea/websocket 2ms (unfinished)
------------------------------------------------------------------------------------------------------
GET /bridge/348/dvaqjize/websocket 1ms (unfinished)
------------------------------------------------------------------------------------------------------
GET /bridge/info 1ms 200
------------------------------------------------------------------------------------------------------
------------------------------------------------------------------------------------------------------
GET /bridge/info 1ms 200
GET /bridge/857/_bue7gb9/websocket 3ms (unfinished)
------------------------------------------------------------------------------------------------------
GET /bridge/873/w9e5s76c/websocket 0ms (unfinished)
------------------------------------------------------------------------------------------------------
------------------------------------------------------------------------------------------------------
POST /bridge/179/gly47zo4/xhr_send 3ms 204
GET /bridge/info 1ms 200
------------------------------------------------------------------------------------------------------
GET /bridge/info 0ms 200
------------------------------------------------------------------------------------------------------
GET /bridge/390/sma7r2qc/websocket 2ms (unfinished)
------------------------------------------------------------------------------------------------------
------------------------------------------------------------------------------------------------------
GET /bridge/003/uyq6eohc/websocket 0ms (unfinished)
GET /bridge/info 0ms 200
------------------------------------------------------------------------------------------------------
GET /bridge/info 1ms 200
------------------------------------------------------------------------------------------------------
GET /bridge/373/u_rcly9f/websocket 0ms (unfinished)
------------------------------------------------------------------------------------------------------
GET /bridge/353/mvb7f1gx/websocket 1ms (unfinished)
------------------------------------------------------------------------------------------------------
GET /bridge/info 1ms 200
------------------------------------------------------------------------------------------------------
GET /bridge/info 0ms 200
------------------------------------------------------------------------------------------------------
GET /bridge/484/42u7w_8e/websocket 0ms (unfinished)
------------------------------------------------------------------------------------------------------
GET /bridge/874/ts9zrkpb/websocket 0ms (unfinished)
------------------------------------------------------------------------------------------------------
GET /bridge/info 1ms 200
------------------------------------------------------------------------------------------------------
GET /bridge/info 1ms 200
------------------------------------------------------------------------------------------------------
GET /bridge/523/j1y3pymp/websocket 0ms (unfinished)
------------------------------------------------------------------------------------------------------
------------------------------------------------------------------------------------------------------
GET /bridge/894/zo09wuj9/websocket 0ms (unfinished)
GET /bridge/info 0ms 200
------------------------------------------------------------------------------------------------------
GET /bridge/info 0ms 200
------------------------------------------------------------------------------------------------------
------------------------------------------------------------------------------------------------------
GET /bridge/919/hvndw1go/websocket 0ms (unfinished)
GET /bridge/000/cb8tomny/websocket 0ms (unfinished)
------------------------------------------------------------------------------------------------------
------------------------------------------------------------------------------------------------------
GET /bridge/info 0ms 200
GET /bridge/info 0ms 200
------------------------------------------------------------------------------------------------------
GET /bridge/199/gumnrbuy/websocket 0ms (unfinished)
------------------------------------------------------------------------------------------------------
GET /bridge/395/ujwgcpb_/websocket 0ms (unfinished)
------------------------------------------------------------------------------------------------------
GET /bridge/info 0ms 200
------------------------------------------------------------------------------------------------------
GET /bridge/info 0ms 200
------------------------------------------------------------------------------------------------------
GET /bridge/711/4nl512yn/websocket 0ms (unfinished)
------------------------------------------------------------------------------------------------------
GET /bridge/487/_hmbvr1u/websocket 1ms (unfinished)
------------------------------------------------------------------------------------------------------
POST /bridge/772/ptelcdig/xhr_send 2ms 204
------------------------------------------------------------------------------------------------------
------------------------------------------------------------------------------------------------------
POST /bridge/079/p0k9cuby/xhr_send 1ms 404
