GET /bridge/info 1ms 200
------------------------------------------------------------------------------------------------------
GET /bridge/info 1ms 200
------------------------------------------------------------------------------------------------------
GET /bridge/814/13exddqf/websocket 3ms (unfinished)
------------------------------------------------------------------------------------------------------
GET /bridge/899/kdpdnlc4/websocket 0ms (unfinished)
------------------------------------------------------------------------------------------------------
POST /bridge/814/trr72ok3/xhr_streaming 1ms (unfinished)
------------------------------------------------------------------------------------------------------
------------------------------------------------------------------------------------------------------
------------------------------------------------------------------------------------------------------
POST /bridge/814/trr72ok3/xhr_send 3ms 204
POST /bridge/899/bpx30xoz/xhr_streaming 0ms (unfinished)
------------------------------------------------------------------------------------------------------
POST /bridge/899/bpx30xoz/xhr_send 1ms 204
GET /bridge/info 0ms 200
------------------------------------------------------------------------------------------------------
------------------------------------------------------------------------------------------------------
GET /bridge/info 0ms 200
------------------------------------------------------------------------------------------------------
GET /bridge/088/0ijhkp0_/websocket 0ms (unfinished)
------------------------------------------------------------------------------------------------------
GET /bridge/246/56jttywc/websocket 0ms (unfinished)
POST /bridge/088/8x0dmxpa/xhr_streaming 0ms (unfinished)
------------------------------------------------------------------------------------------------------
POST /bridge/088/8x0dmxpa/xhr_send 2ms 204
------------------------------------------------------------------------------------------------------
POST /bridge/246/xn7glkck/xhr_streaming 1ms (unfinished)
------------------------------------------------------------------------------------------------------
POST /bridge/246/xn7glkck/xhr_send 1ms 204
------------------------------------------------------------------------------------------------------
GET /bridge/info 1ms 200
------------------------------------------------------------------------------------------------------
GET /bridge/info 0ms 200
------------------------------------------------------------------------------------------------------
GET /bridge/533/clkc1j9g/websocket 3ms (unfinished)
------------------------------------------------------------------------------------------------------
------------------------------------------------------------------------------------------------------
GET /bridge/227/x7ivfnpz/websocket 0ms (unfinished)
POST /bridge/227/albbl3pk/xhr_streaming 1ms (unfinished)
------------------------------------------------------------------------------------------------------
------------------------------------------------------------------------------------------------------
POST /bridge/227/albbl3pk/xhr_send 4ms 204
POST /bridge/533/dwawpbof/xhr_streaming 1ms (unfinished)
------------------------------------------------------------------------------------------------------
POST /bridge/533/dwawpbof/xhr_send 1ms 204
------------------------------------------------------------------------------------------------------
GET /bridge/info 0ms 200
------------------------------------------------------------------------------------------------------
GET /bridge/info 0ms 200
------------------------------------------------------------------------------------------------------
------------------------------------------------------------------------------------------------------
GET /bridge/000/94mbexnv/websocket 1ms (unfinished)
GET /bridge/376/h2x06eyh/websocket 1ms (unfinished)
------------------------------------------------------------------------------------------------------
------------------------------------------------------------------------------------------------------
POST /bridge/000/n0_9jb40/xhr_streaming 0ms (unfinished)
POST /bridge/000/n0_9jb40/xhr_send 1ms 204
------------------------------------------------------------------------------------------------------
POST /bridge/376/y92ymhij/xhr_streaming 0ms (unfinished)
------------------------------------------------------------------------------------------------------
------------------------------------------------------------------------------------------------------
GET /bridge/info 1ms 200
------------------------------------------------------------------------------------------------------
GET /bridge/info 0ms 200
GET /bridge/063/p1yjb3xi/websocket 3ms (unfinished)
------------------------------------------------------------------------------------------------------
GET /bridge/115/wwm8_if3/websocket 0ms (unfinished)
------------------------------------------------------------------------------------------------------
GET /bridge/info 0ms 200
------------------------------------------------------------------------------------------------------
GET /bridge/info 0ms 200
------------------------------------------------------------------------------------------------------
GET /bridge/186/yuhqfuj0/websocket 0ms (unfinished)
------------------------------------------------------------------------------------------------------
------------------------------------------------------------------------------------------------------
GET /bridge/495/819mcdup/websocket 0ms (unfinished)
------------------------------------------------------------------------------------------------------
GET /bridge/info 2ms 200
------------------------------------------------------------------------------------------------------
GET /bridge/info 1ms 200
GET /bridge/145/5lt0a9io/websocket 3ms (unfinished)
------------------------------------------------------------------------------------------------------
GET /bridge/498/gz50j8m2/websocket 0ms (unfinished)
------------------------------------------------------------------------------------------------------
GET /bridge/info 0ms 200
------------------------------------------------------------------------------------------------------
GET /bridge/info 1ms 200
------------------------------------------------------------------------------------------------------
GET /bridge/570/n4mfprbc/websocket 0ms (unfinished)
------------------------------------------------------------------------------------------------------
GET /bridge/656/f2nj6v5w/websocket 0ms (unfinished)
------------------------------------------------------------------------------------------------------
GET /bridge/info 1ms 200
------------------------------------------------------------------------------------------------------
GET /bridge/info 0ms 200
------------------------------------------------------------------------------------------------------
GET /bridge/991/6zwtltxb/websocket 2ms (unfinished)
------------------------------------------------------------------------------------------------------
GET /bridge/340/3isr2cou/websocket 1ms (unfinished)
------------------------------------------------------------------------------------------------------
GET /bridge/info 0ms 200
------------------------------------------------------------------------------------------------------
GET /bridge/info 1ms 200
------------------------------------------------------------------------------------------------------
GET /bridge/069/sb7tvmyf/websocket 0ms (unfinished)
------------------------------------------------------------------------------------------------------
------------------------------------------------------------------------------------------------------
GET /bridge/685/3pagqsxn/websocket 0ms (unfinished)
------------------------------------------------------------------------------------------------------
GET /bridge/info 1ms 200
------------------------------------------------------------------------------------------------------
GET /bridge/info 0ms 200
GET /bridge/556/emn5xs8d/websocket 1ms (unfinished)
------------------------------------------------------------------------------------------------------
GET /bridge/306/wv338lz2/websocket 0ms (unfinished)
------------------------------------------------------------------------------------------------------
------------------------------------------------------------------------------------------------------
POST /bridge/556/mzkiwsw3/xhr_streaming 2ms (unfinished)
POST /bridge/306/qj5thxlp/xhr_streaming 1ms (unfinished)
------------------------------------------------------------------------------------------------------
POST /bridge/556/mzkiwsw3/xhr_send 6ms 204
------------------------------------------------------------------------------------------------------
POST /bridge/306/qj5thxlp/xhr_send 1ms 204
------------------------------------------------------------------------------------------------------
------------------------------------------------------------------------------------------------------
GET /bridge/info 2ms 200
------------------------------------------------------------------------------------------------------
GET /bridge/info 0ms 200
------------------------------------------------------------------------------------------------------
GET /bridge/396/qx8o4lrb/websocket 3ms (unfinished)
------------------------------------------------------------------------------------------------------
GET /bridge/884/mi7y5pmc/websocket 0ms (unfinished)
GET /bridge/info 0ms 200
------------------------------------------------------------------------------------------------------
GET /bridge/info 1ms 200
------------------------------------------------------------------------------------------------------
GET /bridge/997/0u2mexhd/websocket 0ms (unfinished)
------------------------------------------------------------------------------------------------------
GET /bridge/725/nv9qspp3/websocket 0ms (unfinished)
------------------------------------------------------------------------------------------------------
POST /bridge/997/o8oh0zz9/xhr_streaming 1ms (unfinished)
------------------------------------------------------------------------------------------------------
POST /bridge/997/o8oh0zz9/xhr_send 5ms 204
------------------------------------------------------------------------------------------------------
POST /bridge/725/2qbmd2f7/xhr_streaming 1ms (unfinished)
------------------------------------------------------------------------------------------------------
POST /bridge/725/2qbmd2f7/xhr_send 1ms 204
------------------------------------------------------------------------------------------------------
POST /bridge/884/sfnklk2a/xhr_streaming 2ms (unfinished)
------------------------------------------------------------------------------------------------------
POST /bridge/884/sfnklk2a/xhr_send 3ms 204
------------------------------------------------------------------------------------------------------
POST /bridge/396/l65i5xwi/xhr_streaming 1ms (unfinished)
------------------------------------------------------------------------------------------------------
POST /bridge/396/l65i5xwi/xhr_send 2ms 204
------------------------------------------------------------------------------------------------------
GET /bridge/info 1ms 200
------------------------------------------------------------------------------------------------------
GET /bridge/info 0ms 200
------------------------------------------------------------------------------------------------------
GET /bridge/163/woscqwet/websocket 3ms (unfinished)
------------------------------------------------------------------------------------------------------
GET /bridge/813/mc7so9ho/websocket 0ms (unfinished)
------------------------------------------------------------------------------------------------------
------------------------------------------------------------------------------------------------------
POST /bridge/163/39dxwpxy/xhr_streaming 1ms (unfinished)
POST /bridge/163/39dxwpxy/xhr_send 2ms 204
------------------------------------------------------------------------------------------------------
------------------------------------------------------------------------------------------------------
POST /bridge/813/tbhfxgyi/xhr_streaming 1ms (unfinished)
------------------------------------------------------------------------------------------------------
POST /bridge/813/tbhfxgyi/xhr_send 1ms 204
------------------------------------------------------------------------------------------------------
GET /bridge/info 0ms 200
------------------------------------------------------------------------------------------------------
GET /bridge/info 1ms 200
GET /bridge/853/8ppxsrqq/websocket 0ms (unfinished)
------------------------------------------------------------------------------------------------------
GET /bridge/756/xbqsusz2/websocket 0ms (unfinished)
------------------------------------------------------------------------------------------------------
POST /bridge/853/y7ksauo0/xhr_streaming 1ms (unfinished)
------------------------------------------------------------------------------------------------------
------------------------------------------------------------------------------------------------------
POST /bridge/853/y7ksauo0/xhr_send 1ms 204
------------------------------------------------------------------------------------------------------
POST /bridge/756/nqsril06/xhr_streaming 0ms (unfinished)
------------------------------------------------------------------------------------------------------
POST /bridge/756/nqsril06/xhr_send 1ms 204
GET /bridge/info 1ms 200
------------------------------------------------------------------------------------------------------
------------------------------------------------------------------------------------------------------
GET /bridge/info 1ms 200
GET /bridge/156/223itkbw/websocket 3ms (unfinished)
------------------------------------------------------------------------------------------------------
------------------------------------------------------------------------------------------------------
GET /bridge/378/uy74svxb/websocket 0ms (unfinished)
GET /bridge/info 2ms 200
------------------------------------------------------------------------------------------------------
GET /bridge/info 1ms 200
------------------------------------------------------------------------------------------------------
GET /bridge/122/pskai424/websocket 3ms (unfinished)
------------------------------------------------------------------------------------------------------
GET /bridge/222/99a6clbl/websocket 1ms (unfinished)
------------------------------------------------------------------------------------------------------
------------------------------------------------------------------------------------------------------
POST /bridge/122/x4g0edqy/xhr_streaming 1ms (unfinished)
POST /bridge/222/1fx36bzq/xhr_streaming 1ms (unfinished)
------------------------------------------------------------------------------------------------------
17,01,2022,09,00
------------------------------------------------------------------------------------------------------
------------------------------------------------------------------------------------------------------
17,01,2022,09,00
GET /bridge/info 1ms 200
------------------------------------------------------------------------------------------------------
GET /bridge/info 0ms 200
------------------------------------------------------------------------------------------------------
GET /bridge/362/4jwkyn97/websocket 2ms (unfinished)
------------------------------------------------------------------------------------------------------
GET /bridge/564/m39o0yq6/websocket 0ms (unfinished)
------------------------------------------------------------------------------------------------------
GET /bridge/info 2ms 200
------------------------------------------------------------------------------------------------------
GET /bridge/info 0ms 200
------------------------------------------------------------------------------------------------------
GET /bridge/806/nct4t8yl/websocket 4ms (unfinished)
------------------------------------------------------------------------------------------------------
GET /bridge/147/40j9_vb2/websocket 0ms (unfinished)
------------------------------------------------------------------------------------------------------
17,01,2022,09,00
17,01,2022,09,00
------------------------------------------------------------------------------------------------------
------------------------------------------------------------------------------------------------------
GET /bridge/info 1ms 200
------------------------------------------------------------------------------------------------------
GET /bridge/info 0ms 200
------------------------------------------------------------------------------------------------------
GET /bridge/167/u7g89fu5/websocket 1ms (unfinished)
------------------------------------------------------------------------------------------------------
GET /bridge/707/a34on5jl/websocket 0ms (unfinished)
------------------------------------------------------------------------------------------------------
GET /bridge/info 2ms 200
------------------------------------------------------------------------------------------------------
GET /bridge/info 0ms 200
------------------------------------------------------------------------------------------------------
GET /bridge/705/5b8vo23m/websocket 3ms (unfinished)
------------------------------------------------------------------------------------------------------
GET /bridge/940/ubcdj5w4/websocket 0ms (unfinished)
------------------------------------------------------------------------------------------------------
GET /bridge/info 1ms 200
------------------------------------------------------------------------------------------------------
GET /bridge/info 1ms 200
------------------------------------------------------------------------------------------------------
GET /bridge/904/y0wd0ayy/websocket 3ms (unfinished)
------------------------------------------------------------------------------------------------------
------------------------------------------------------------------------------------------------------
GET /bridge/728/68frhim6/websocket 0ms (unfinished)
POST /bridge/904/fzx8eheo/xhr_streaming 2ms (unfinished)
------------------------------------------------------------------------------------------------------
POST /bridge/904/fzx8eheo/xhr_send 7ms 204
------------------------------------------------------------------------------------------------------
------------------------------------------------------------------------------------------------------
POST /bridge/728/x5c2ybbz/xhr_streaming 0ms (unfinished)
POST /bridge/728/x5c2ybbz/xhr_send 1ms 204
------------------------------------------------------------------------------------------------------
------------------------------------------------------------------------------------------------------
GET /bridge/info 0ms 200
GET /bridge/info 0ms 200
------------------------------------------------------------------------------------------------------
GET /bridge/355/ayj4i6tt/websocket 0ms (unfinished)
------------------------------------------------------------------------------------------------------
GET /bridge/704/01vktga4/websocket 0ms (unfinished)
------------------------------------------------------------------------------------------------------
------------------------------------------------------------------------------------------------------
POST /bridge/355/anbkc0bl/xhr_streaming 1ms (unfinished)
POST /bridge/704/ankxdr8u/xhr_streaming 1ms (unfinished)
------------------------------------------------------------------------------------------------------
------------------------------------------------------------------------------------------------------
GET /bridge/info 0ms 200
GET /bridge/info 0ms 200
------------------------------------------------------------------------------------------------------
------------------------------------------------------------------------------------------------------
GET /bridge/057/z85haxa2/websocket 0ms (unfinished)
GET /bridge/978/3nxjyel1/websocket 0ms (unfinished)
------------------------------------------------------------------------------------------------------
------------------------------------------------------------------------------------------------------
GET /bridge/info 1ms 200
GET /bridge/info 1ms 200
------------------------------------------------------------------------------------------------------
GET /bridge/041/q_wbv84t/websocket 0ms (unfinished)
------------------------------------------------------------------------------------------------------
GET /bridge/863/0gwxr03h/websocket 0ms (unfinished)
------------------------------------------------------------------------------------------------------
GET /bridge/info 0ms 200
------------------------------------------------------------------------------------------------------
------------------------------------------------------------------------------------------------------
GET /bridge/info 0ms 200
------------------------------------------------------------------------------------------------------
GET /bridge/474/30v1ytwq/websocket 1ms (unfinished)
------------------------------------------------------------------------------------------------------
GET /bridge/012/7mwusgpt/websocket 0ms (unfinished)
GET /bridge/info 1ms 200
------------------------------------------------------------------------------------------------------
GET /bridge/info 0ms 200
------------------------------------------------------------------------------------------------------
------------------------------------------------------------------------------------------------------
GET /bridge/701/otmf2qwb/websocket 1ms (unfinished)
GET /bridge/info 1ms 200
------------------------------------------------------------------------------------------------------
GET /bridge/info 1ms 200
------------------------------------------------------------------------------------------------------
GET /bridge/062/po54k_q6/websocket 0ms (unfinished)
------------------------------------------------------------------------------------------------------
GET /bridge/545/r6zqkbb6/websocket 0ms (unfinished)
------------------------------------------------------------------------------------------------------
GET /bridge/info 0ms 200
------------------------------------------------------------------------------------------------------
GET /bridge/info 1ms 200
------------------------------------------------------------------------------------------------------
GET /bridge/929/va5hn_x8/websocket 0ms (unfinished)
------------------------------------------------------------------------------------------------------
GET /bridge/702/rxued4jn/websocket 0ms (unfinished)
------------------------------------------------------------------------------------------------------
GET /bridge/info 1ms 200
------------------------------------------------------------------------------------------------------
GET /bridge/info 1ms 200
------------------------------------------------------------------------------------------------------
------------------------------------------------------------------------------------------------------
GET /bridge/855/94phzvnr/websocket 0ms (unfinished)
GET /bridge/652/z7y93tch/websocket 0ms (unfinished)
------------------------------------------------------------------------------------------------------
------------------------------------------------------------------------------------------------------
GET /bridge/info 1ms 200
------------------------------------------------------------------------------------------------------
GET /bridge/info 0ms 200
------------------------------------------------------------------------------------------------------
GET /bridge/039/c24bti3y/websocket 1ms (unfinished)
------------------------------------------------------------------------------------------------------
GET /bridge/161/st17x870/websocket 0ms (unfinished)
GET /bridge/info 1ms 200
------------------------------------------------------------------------------------------------------
------------------------------------------------------------------------------------------------------
GET /bridge/info 0ms 200
GET /bridge/376/kp4qtw53/websocket 0ms (unfinished)
------------------------------------------------------------------------------------------------------
GET /bridge/996/0jz4bvyv/websocket 1ms (unfinished)
------------------------------------------------------------------------------------------------------
------------------------------------------------------------------------------------------------------
GET /bridge/info 0ms 200
GET /bridge/info 0ms 200
------------------------------------------------------------------------------------------------------
------------------------------------------------------------------------------------------------------
GET /bridge/230/k_mdntpz/websocket 1ms (unfinished)
GET /bridge/584/bj04hgd8/websocket 0ms (unfinished)
------------------------------------------------------------------------------------------------------
------------------------------------------------------------------------------------------------------
POST /bridge/355/anbkc0bl/xhr_send 4ms 204
GET /bridge/info 0ms 200
------------------------------------------------------------------------------------------------------
GET /bridge/info 0ms 200
------------------------------------------------------------------------------------------------------
GET /bridge/273/21d18mx9/websocket 0ms (unfinished)
------------------------------------------------------------------------------------------------------
GET /bridge/425/r2gl2qu1/websocket 0ms (unfinished)
------------------------------------------------------------------------------------------------------
POST /bridge/273/jlaz_8of/xhr_streaming 1ms (unfinished)
------------------------------------------------------------------------------------------------------
------------------------------------------------------------------------------------------------------
POST /bridge/273/jlaz_8of/xhr_send 1ms 204
POST /bridge/425/yp0yv7vg/xhr_streaming 0ms (unfinished)
------------------------------------------------------------------------------------------------------
POST /bridge/425/yp0yv7vg/xhr_send 0ms 204
------------------------------------------------------------------------------------------------------
GET /bridge/info 0ms 200
------------------------------------------------------------------------------------------------------
------------------------------------------------------------------------------------------------------
GET /bridge/info 0ms 200
GET /bridge/929/zqiv2hif/websocket 0ms (unfinished)
------------------------------------------------------------------------------------------------------
------------------------------------------------------------------------------------------------------
GET /bridge/860/d4d6wizn/websocket 0ms (unfinished)
POST /bridge/929/_432sog5/xhr_streaming 0ms (unfinished)
------------------------------------------------------------------------------------------------------
POST /bridge/929/_432sog5/xhr_send 1ms 204
------------------------------------------------------------------------------------------------------
POST /bridge/860/7od3j8bl/xhr_streaming 0ms (unfinished)
------------------------------------------------------------------------------------------------------
------------------------------------------------------------------------------------------------------
POST /bridge/860/7od3j8bl/xhr_send 1ms 204
------------------------------------------------------------------------------------------------------
GET /bridge/info 0ms 200
------------------------------------------------------------------------------------------------------
GET /bridge/info 1ms 200
GET /bridge/918/chfm46sr/websocket 0ms (unfinished)
------------------------------------------------------------------------------------------------------
GET /bridge/429/frk77fuh/websocket 0ms (unfinished)
------------------------------------------------------------------------------------------------------
------------------------------------------------------------------------------------------------------
GET /bridge/info 0ms 200
GET /bridge/info 0ms 200
------------------------------------------------------------------------------------------------------
GET /bridge/774/j1d3593j/websocket 0ms (unfinished)
------------------------------------------------------------------------------------------------------
GET /bridge/066/3qevx4bt/websocket 0ms (unfinished)
------------------------------------------------------------------------------------------------------
POST /bridge/774/sv17awgl/xhr_streaming 1ms (unfinished)
------------------------------------------------------------------------------------------------------
POST /bridge/774/sv17awgl/xhr_send 1ms 204
------------------------------------------------------------------------------------------------------
------------------------------------------------------------------------------------------------------
POST /bridge/066/s73tdsid/xhr_streaming 1ms (unfinished)
GET /bridge/info 1ms 200
------------------------------------------------------------------------------------------------------
------------------------------------------------------------------------------------------------------
GET /bridge/info 0ms 200
GET /bridge/913/qtz07bfe/websocket 0ms (unfinished)
------------------------------------------------------------------------------------------------------
GET /bridge/699/rw1iqrv2/websocket 1ms (unfinished)
------------------------------------------------------------------------------------------------------
GET /bridge/info 1ms 200
------------------------------------------------------------------------------------------------------
GET /bridge/info 1ms 200
------------------------------------------------------------------------------------------------------
------------------------------------------------------------------------------------------------------
GET /bridge/729/1qj3oksl/websocket 0ms (unfinished)
------------------------------------------------------------------------------------------------------
GET /bridge/147/_2twq1bq/websocket 2ms (unfinished)
GET /bridge/info 1ms 200
------------------------------------------------------------------------------------------------------
GET /bridge/info 0ms 200
------------------------------------------------------------------------------------------------------
GET /bridge/306/0x86a_b1/websocket 0ms (unfinished)
------------------------------------------------------------------------------------------------------
GET /bridge/098/q9cjica3/websocket 0ms (unfinished)
------------------------------------------------------------------------------------------------------
GET /bridge/info 1ms 200
------------------------------------------------------------------------------------------------------
GET /bridge/info 1ms 200
------------------------------------------------------------------------------------------------------
GET /bridge/324/71grr3r6/websocket 0ms (unfinished)
------------------------------------------------------------------------------------------------------
GET /bridge/656/r2z_nn75/websocket 0ms (unfinished)
------------------------------------------------------------------------------------------------------
17,01,2022,09,00
------------------------------------------------------------------------------------------------------
17,01,2022,09,00
------------------------------------------------------------------------------------------------------
GET /bridge/info 0ms 200
------------------------------------------------------------------------------------------------------
------------------------------------------------------------------------------------------------------
GET /bridge/info 1ms 200
GET /bridge/109/h9zaga2f/websocket 0ms (unfinished)
------------------------------------------------------------------------------------------------------
GET /bridge/003/vaokf6gc/websocket 0ms (unfinished)
------------------------------------------------------------------------------------------------------
------------------------------------------------------------------------------------------------------
GET /bridge/info 1ms 200
GET /bridge/info 1ms 200
------------------------------------------------------------------------------------------------------
GET /bridge/291/lpexyxsv/websocket 2ms (unfinished)
------------------------------------------------------------------------------------------------------
GET /bridge/873/m1p2vhc_/websocket 0ms (unfinished)
------------------------------------------------------------------------------------------------------
GET /bridge/info 1ms 200
------------------------------------------------------------------------------------------------------
GET /bridge/info 1ms 200
------------------------------------------------------------------------------------------------------
GET /bridge/079/78j49tb2/websocket 4ms (unfinished)
------------------------------------------------------------------------------------------------------
------------------------------------------------------------------------------------------------------
GET /bridge/082/6t41djzr/websocket 0ms (unfinished)
GET /bridge/info 3ms 200
------------------------------------------------------------------------------------------------------
GET /bridge/info 0ms 200
------------------------------------------------------------------------------------------------------
GET /bridge/808/5ewhgas1/websocket 0ms (unfinished)
------------------------------------------------------------------------------------------------------
GET /bridge/079/c3em_5xw/websocket 0ms (unfinished)
------------------------------------------------------------------------------------------------------
------------------------------------------------------------------------------------------------------
GET /bridge/info 0ms 200
------------------------------------------------------------------------------------------------------
GET /bridge/info 1ms 200
GET /bridge/757/_6lvj21g/websocket 0ms (unfinished)
------------------------------------------------------------------------------------------------------
GET /bridge/712/6vr76snw/websocket 0ms (unfinished)
------------------------------------------------------------------------------------------------------
GET /bridge/info 0ms 200
------------------------------------------------------------------------------------------------------
GET /bridge/info 0ms 200
------------------------------------------------------------------------------------------------------
GET /bridge/758/z2rx17z7/websocket 0ms (unfinished)
------------------------------------------------------------------------------------------------------
------------------------------------------------------------------------------------------------------
GET /bridge/184/1ovoqir8/websocket 0ms (unfinished)
GET /bridge/info 3ms 200
------------------------------------------------------------------------------------------------------
GET /bridge/info 0ms 200
------------------------------------------------------------------------------------------------------
GET /bridge/514/9043x54n/websocket 4ms (unfinished)
------------------------------------------------------------------------------------------------------
GET /bridge/668/0ogbpyus/websocket 1ms (unfinished)
------------------------------------------------------------------------------------------------------
POST /bridge/066/s73tdsid/xhr_send 6ms 204
------------------------------------------------------------------------------------------------------
GET /bridge/info 0ms 200
------------------------------------------------------------------------------------------------------
GET /bridge/info 0ms 200
------------------------------------------------------------------------------------------------------
GET /bridge/321/k106w25k/websocket 2ms (unfinished)
------------------------------------------------------------------------------------------------------
------------------------------------------------------------------------------------------------------
GET /bridge/646/j7vo5fmy/websocket 1ms (unfinished)
------------------------------------------------------------------------------------------------------
POST /bridge/321/4yf3aamn/xhr_streaming 1ms (unfinished)
POST /bridge/321/4yf3aamn/xhr_send 1ms 204
------------------------------------------------------------------------------------------------------
------------------------------------------------------------------------------------------------------
POST /bridge/646/61ua5af0/xhr_streaming 1ms (unfinished)
------------------------------------------------------------------------------------------------------
POST /bridge/646/61ua5af0/xhr_send 1ms 204
GET /bridge/info 0ms 200
------------------------------------------------------------------------------------------------------
GET /bridge/info 0ms 200
------------------------------------------------------------------------------------------------------
GET /bridge/645/kjzc5ll2/websocket 1ms (unfinished)
------------------------------------------------------------------------------------------------------
GET /bridge/556/kr4f6qc1/websocket 0ms (unfinished)
------------------------------------------------------------------------------------------------------
POST /bridge/645/8nfrh8ta/xhr_streaming 1ms (unfinished)
------------------------------------------------------------------------------------------------------
POST /bridge/645/8nfrh8ta/xhr_send 1ms 204
------------------------------------------------------------------------------------------------------
------------------------------------------------------------------------------------------------------
POST /bridge/556/kdexkmel/xhr_streaming 1ms (unfinished)
POST /bridge/556/kdexkmel/xhr_send 1ms 204
------------------------------------------------------------------------------------------------------
GET /bridge/info 0ms 200
------------------------------------------------------------------------------------------------------
GET /bridge/info 0ms 200
------------------------------------------------------------------------------------------------------
------------------------------------------------------------------------------------------------------
GET /bridge/211/m4t0vyyp/websocket 0ms (unfinished)
GET /bridge/406/s9jqox3o/websocket 0ms (unfinished)
------------------------------------------------------------------------------------------------------
------------------------------------------------------------------------------------------------------
GET /bridge/info 0ms 200
GET /bridge/378/om4ay_z2/websocket 0ms (unfinished)
------------------------------------------------------------------------------------------------------
GET /bridge/info 1ms 200
------------------------------------------------------------------------------------------------------
GET /bridge/609/59kfkdrh/websocket 1ms (unfinished)
------------------------------------------------------------------------------------------------------
POST /bridge/378/1scv5_gl/xhr_streaming 1ms (unfinished)
------------------------------------------------------------------------------------------------------
POST /bridge/378/1scv5_gl/xhr_send 1ms 204
------------------------------------------------------------------------------------------------------
POST /bridge/609/9hhcqwib/xhr_streaming 2ms (unfinished)
------------------------------------------------------------------------------------------------------
GET /bridge/info 0ms 200
------------------------------------------------------------------------------------------------------
GET /bridge/info 0ms 200
------------------------------------------------------------------------------------------------------
GET /bridge/061/laj4h3fu/websocket 0ms (unfinished)
------------------------------------------------------------------------------------------------------
GET /bridge/588/e40cc_cz/websocket 1ms (unfinished)
------------------------------------------------------------------------------------------------------
GET /bridge/info 0ms 200
------------------------------------------------------------------------------------------------------
GET /bridge/info 0ms 200
------------------------------------------------------------------------------------------------------
------------------------------------------------------------------------------------------------------
GET /bridge/087/nrxdks0v/websocket 0ms (unfinished)
------------------------------------------------------------------------------------------------------
GET /bridge/info 0ms 200
------------------------------------------------------------------------------------------------------
GET /bridge/info 1ms 200
GET /bridge/024/3s87dfry/websocket 1ms (unfinished)
------------------------------------------------------------------------------------------------------
GET /bridge/894/6rh8ntec/websocket 1ms (unfinished)
------------------------------------------------------------------------------------------------------
POST /bridge/376/y92ymhij/xhr_send 1ms 204
------------------------------------------------------------------------------------------------------
GET /bridge/info 1ms 200
------------------------------------------------------------------------------------------------------
GET /bridge/info 1ms 200
------------------------------------------------------------------------------------------------------
GET /bridge/303/31923zpi/websocket 0ms (unfinished)
------------------------------------------------------------------------------------------------------
GET /bridge/180/7wnpuxqc/websocket 0ms (unfinished)
------------------------------------------------------------------------------------------------------
POST /bridge/303/_mukvm5m/xhr_streaming 2ms (unfinished)
------------------------------------------------------------------------------------------------------
------------------------------------------------------------------------------------------------------
POST /bridge/303/_mukvm5m/xhr_send 2ms 204
POST /bridge/180/09m566j1/xhr_streaming 0ms (unfinished)
------------------------------------------------------------------------------------------------------
------------------------------------------------------------------------------------------------------
POST /bridge/180/09m566j1/xhr_send 1ms 204
GET /bridge/info 0ms 200
------------------------------------------------------------------------------------------------------
------------------------------------------------------------------------------------------------------
GET /bridge/info 1ms 200
GET /bridge/899/28pernbm/websocket 0ms (unfinished)
------------------------------------------------------------------------------------------------------
GET /bridge/735/qpeedui0/websocket 0ms (unfinished)
------------------------------------------------------------------------------------------------------
------------------------------------------------------------------------------------------------------
POST /bridge/899/upkwm20q/xhr_streaming 1ms (unfinished)
------------------------------------------------------------------------------------------------------
POST /bridge/899/upkwm20q/xhr_send 1ms 204
------------------------------------------------------------------------------------------------------
POST /bridge/735/i170f1vc/xhr_streaming 2ms (unfinished)
------------------------------------------------------------------------------------------------------
POST /bridge/735/i170f1vc/xhr_send 3ms 204
GET /bridge/info 0ms 200
------------------------------------------------------------------------------------------------------
GET /bridge/info 0ms 200
------------------------------------------------------------------------------------------------------
GET /bridge/685/1hxraa6v/websocket 1ms (unfinished)
------------------------------------------------------------------------------------------------------
GET /bridge/359/wapx9mmf/websocket 0ms (unfinished)
------------------------------------------------------------------------------------------------------
POST /bridge/685/w05qmjs6/xhr_streaming 1ms (unfinished)
------------------------------------------------------------------------------------------------------
------------------------------------------------------------------------------------------------------
POST /bridge/685/w05qmjs6/xhr_send 1ms 204
POST /bridge/359/ui4fg01e/xhr_streaming 0ms (unfinished)
------------------------------------------------------------------------------------------------------
GET /bridge/info 0ms 200
------------------------------------------------------------------------------------------------------
GET /bridge/info 0ms 200
------------------------------------------------------------------------------------------------------
GET /bridge/131/kxfu0ont/websocket 0ms (unfinished)
------------------------------------------------------------------------------------------------------
GET /bridge/860/lb8rd6ar/websocket 0ms (unfinished)
------------------------------------------------------------------------------------------------------
GET /bridge/info 1ms 200
------------------------------------------------------------------------------------------------------
GET /bridge/info 0ms 200
------------------------------------------------------------------------------------------------------
GET /bridge/871/nmh53cjf/websocket 1ms (unfinished)
------------------------------------------------------------------------------------------------------
GET /bridge/047/1y_e1cz5/websocket 0ms (unfinished)
------------------------------------------------------------------------------------------------------
POST /bridge/871/8leznd_g/xhr_streaming 0ms (unfinished)
------------------------------------------------------------------------------------------------------
------------------------------------------------------------------------------------------------------
POST /bridge/047/2c_tcajn/xhr_streaming 0ms (unfinished)
------------------------------------------------------------------------------------------------------
POST /bridge/871/8leznd_g/xhr_send 1ms 204
POST /bridge/047/2c_tcajn/xhr_send 0ms 204
------------------------------------------------------------------------------------------------------
GET /bridge/info 0ms 200
------------------------------------------------------------------------------------------------------
------------------------------------------------------------------------------------------------------
GET /bridge/info 0ms 200
GET /bridge/769/ihvwqyxn/websocket 1ms (unfinished)
------------------------------------------------------------------------------------------------------
GET /bridge/149/d57_of_v/websocket 1ms (unfinished)
------------------------------------------------------------------------------------------------------
------------------------------------------------------------------------------------------------------
POST /bridge/149/iom5_3a8/xhr_streaming 0ms (unfinished)
------------------------------------------------------------------------------------------------------
POST /bridge/149/iom5_3a8/xhr_send 1ms 204
POST /bridge/769/165njc2u/xhr 1ms 200
------------------------------------------------------------------------------------------------------
POST /bridge/769/165njc2u/xhr_send 1ms 204
------------------------------------------------------------------------------------------------------
POST /bridge/769/165njc2u/xhr 0ms 200
------------------------------------------------------------------------------------------------------
POST /bridge/769/165njc2u/xhr 0ms (unfinished)
------------------------------------------------------------------------------------------------------
POST /bridge/769/165njc2u/xhr 0ms (unfinished)
------------------------------------------------------------------------------------------------------
POST /bridge/769/165njc2u/xhr 0ms (unfinished)
------------------------------------------------------------------------------------------------------
POST /bridge/769/165njc2u/xhr 1ms (unfinished)
------------------------------------------------------------------------------------------------------
POST /bridge/769/165njc2u/xhr 0ms (unfinished)
------------------------------------------------------------------------------------------------------
POST /bridge/769/165njc2u/xhr 0ms (unfinished)
------------------------------------------------------------------------------------------------------
POST /bridge/769/165njc2u/xhr 0ms (unfinished)
------------------------------------------------------------------------------------------------------
GET /bridge/info 0ms 200
------------------------------------------------------------------------------------------------------
GET /bridge/info 1ms 200
------------------------------------------------------------------------------------------------------
GET /bridge/947/qf7flkfq/websocket 0ms (unfinished)
------------------------------------------------------------------------------------------------------
GET /bridge/339/ugnlw3wz/websocket 0ms (unfinished)
------------------------------------------------------------------------------------------------------
------------------------------------------------------------------------------------------------------
POST /bridge/339/t8cbeg_s/xhr_streaming 1ms (unfinished)
POST /bridge/339/t8cbeg_s/xhr_send 1ms 204
------------------------------------------------------------------------------------------------------
------------------------------------------------------------------------------------------------------
POST /bridge/947/ffsi4nlf/xhr 1ms 200
POST /bridge/947/ffsi4nlf/xhr_send 1ms 204
------------------------------------------------------------------------------------------------------
POST /bridge/947/ffsi4nlf/xhr 0ms 200
------------------------------------------------------------------------------------------------------
POST /bridge/947/ffsi4nlf/xhr 1ms (unfinished)
------------------------------------------------------------------------------------------------------
POST /bridge/769/165njc2u/xhr 0ms (unfinished)
------------------------------------------------------------------------------------------------------
------------------------------------------------------------------------------------------------------
POST /bridge/947/ffsi4nlf/xhr 0ms (unfinished)
POST /bridge/769/165njc2u/xhr 0ms (unfinished)
------------------------------------------------------------------------------------------------------
POST /bridge/947/ffsi4nlf/xhr 0ms (unfinished)
------------------------------------------------------------------------------------------------------
POST /bridge/769/165njc2u/xhr 0ms (unfinished)
------------------------------------------------------------------------------------------------------
------------------------------------------------------------------------------------------------------
POST /bridge/947/ffsi4nlf/xhr 0ms (unfinished)
------------------------------------------------------------------------------------------------------
POST /bridge/769/165njc2u/xhr 0ms (unfinished)
POST /bridge/947/ffsi4nlf/xhr 1ms (unfinished)
------------------------------------------------------------------------------------------------------
------------------------------------------------------------------------------------------------------
POST /bridge/769/165njc2u/xhr 0ms (unfinished)
POST /bridge/947/ffsi4nlf/xhr 0ms (unfinished)
------------------------------------------------------------------------------------------------------
POST /bridge/769/165njc2u/xhr 0ms (unfinished)
------------------------------------------------------------------------------------------------------
POST /bridge/947/ffsi4nlf/xhr 0ms (unfinished)
------------------------------------------------------------------------------------------------------
POST /bridge/769/165njc2u/xhr 0ms (unfinished)
------------------------------------------------------------------------------------------------------
POST /bridge/947/ffsi4nlf/xhr 0ms (unfinished)
------------------------------------------------------------------------------------------------------
------------------------------------------------------------------------------------------------------
POST /bridge/769/165njc2u/xhr 1ms (unfinished)
POST /bridge/947/ffsi4nlf/xhr 0ms (unfinished)
------------------------------------------------------------------------------------------------------
POST /bridge/769/165njc2u/xhr 0ms (unfinished)
------------------------------------------------------------------------------------------------------
POST /bridge/947/ffsi4nlf/xhr 0ms (unfinished)
------------------------------------------------------------------------------------------------------
POST /bridge/769/165njc2u/xhr 1ms (unfinished)
------------------------------------------------------------------------------------------------------
------------------------------------------------------------------------------------------------------
POST /bridge/947/ffsi4nlf/xhr 0ms (unfinished)
POST /bridge/769/165njc2u/xhr 0ms (unfinished)
------------------------------------------------------------------------------------------------------
POST /bridge/947/ffsi4nlf/xhr 1ms (unfinished)
------------------------------------------------------------------------------------------------------
POST /bridge/769/165njc2u/xhr 0ms (unfinished)
------------------------------------------------------------------------------------------------------
POST /bridge/947/ffsi4nlf/xhr 0ms (unfinished)
------------------------------------------------------------------------------------------------------
------------------------------------------------------------------------------------------------------
POST /bridge/769/165njc2u/xhr 0ms (unfinished)
POST /bridge/947/ffsi4nlf/xhr 0ms (unfinished)
------------------------------------------------------------------------------------------------------
POST /bridge/769/165njc2u/xhr 1ms (unfinished)
------------------------------------------------------------------------------------------------------
------------------------------------------------------------------------------------------------------
POST /bridge/947/ffsi4nlf/xhr 0ms (unfinished)
GET /bridge/info 1ms 200
------------------------------------------------------------------------------------------------------
GET /bridge/info 1ms 200
------------------------------------------------------------------------------------------------------
------------------------------------------------------------------------------------------------------
GET /bridge/501/_7sqh5vg/websocket 2ms (unfinished)
------------------------------------------------------------------------------------------------------
GET /bridge/006/p0t9g9un/websocket 1ms (unfinished)
------------------------------------------------------------------------------------------------------
POST /bridge/501/xe3c5b54/xhr 0ms 200
POST /bridge/006/m2k_8axk/xhr 0ms 200
------------------------------------------------------------------------------------------------------
POST /bridge/769/165njc2u/xhr 0ms (unfinished)
------------------------------------------------------------------------------------------------------
POST /bridge/501/xe3c5b54/xhr_send 2ms 404
------------------------------------------------------------------------------------------------------
POST /bridge/501/xe3c5b54/xhr 1ms 200
------------------------------------------------------------------------------------------------------
POST /bridge/006/m2k_8axk/xhr_send 0ms 404
------------------------------------------------------------------------------------------------------
POST /bridge/006/m2k_8axk/xhr 1ms 200
------------------------------------------------------------------------------------------------------
POST /bridge/947/ffsi4nlf/xhr 1ms (unfinished)
------------------------------------------------------------------------------------------------------
POST /bridge/769/165njc2u/xhr 0ms (unfinished)
------------------------------------------------------------------------------------------------------
POST /bridge/947/ffsi4nlf/xhr 0ms (unfinished)
------------------------------------------------------------------------------------------------------
POST /bridge/769/165njc2u/xhr 0ms (unfinished)
------------------------------------------------------------------------------------------------------
POST /bridge/947/ffsi4nlf/xhr 0ms (unfinished)
------------------------------------------------------------------------------------------------------
------------------------------------------------------------------------------------------------------
POST /bridge/769/165njc2u/xhr 0ms (unfinished)
POST /bridge/947/ffsi4nlf/xhr 0ms (unfinished)
------------------------------------------------------------------------------------------------------
POST /bridge/769/165njc2u/xhr 0ms (unfinished)
------------------------------------------------------------------------------------------------------
POST /bridge/947/ffsi4nlf/xhr 0ms (unfinished)
------------------------------------------------------------------------------------------------------
POST /bridge/769/165njc2u/xhr 0ms (unfinished)
------------------------------------------------------------------------------------------------------
------------------------------------------------------------------------------------------------------
POST /bridge/947/ffsi4nlf/xhr 1ms (unfinished)
POST /bridge/769/165njc2u/xhr 0ms (unfinished)
------------------------------------------------------------------------------------------------------
------------------------------------------------------------------------------------------------------
POST /bridge/947/ffsi4nlf/xhr 0ms (unfinished)
------------------------------------------------------------------------------------------------------
POST /bridge/769/165njc2u/xhr 0ms (unfinished)
------------------------------------------------------------------------------------------------------
GET /bridge/info 0ms 200
------------------------------------------------------------------------------------------------------
GET /bridge/info 0ms 200
------------------------------------------------------------------------------------------------------
GET /bridge/214/iz2efuan/websocket 1ms (unfinished)
GET /bridge/666/fxyuwrly/websocket 0ms (unfinished)
------------------------------------------------------------------------------------------------------
POST /bridge/947/ffsi4nlf/xhr 1ms (unfinished)
------------------------------------------------------------------------------------------------------
------------------------------------------------------------------------------------------------------
POST /bridge/769/165njc2u/xhr 0ms (unfinished)
POST /bridge/947/ffsi4nlf/xhr 0ms (unfinished)
------------------------------------------------------------------------------------------------------
POST /bridge/769/165njc2u/xhr 1ms (unfinished)
------------------------------------------------------------------------------------------------------
------------------------------------------------------------------------------------------------------
POST /bridge/947/ffsi4nlf/xhr 0ms (unfinished)
POST /bridge/769/165njc2u/xhr 0ms (unfinished)
------------------------------------------------------------------------------------------------------
POST /bridge/947/ffsi4nlf/xhr 0ms (unfinished)
------------------------------------------------------------------------------------------------------
------------------------------------------------------------------------------------------------------
POST /bridge/769/165njc2u/xhr 1ms (unfinished)
POST /bridge/947/ffsi4nlf/xhr 1ms (unfinished)
------------------------------------------------------------------------------------------------------
------------------------------------------------------------------------------------------------------
GET /bridge/info 1ms 200
GET /bridge/info 1ms 200
------------------------------------------------------------------------------------------------------
GET /bridge/026/3d1285af/websocket 0ms (unfinished)
------------------------------------------------------------------------------------------------------
------------------------------------------------------------------------------------------------------
GET /bridge/398/np6hbaef/websocket 1ms (unfinished)
------------------------------------------------------------------------------------------------------
POST /bridge/769/165njc2u/xhr 1ms (unfinished)
POST /bridge/947/ffsi4nlf/xhr 0ms (unfinished)
------------------------------------------------------------------------------------------------------
POST /bridge/769/165njc2u/xhr 1ms (unfinished)
------------------------------------------------------------------------------------------------------
POST /bridge/947/ffsi4nlf/xhr 0ms (unfinished)
------------------------------------------------------------------------------------------------------
POST /bridge/769/165njc2u/xhr 0ms (unfinished)
------------------------------------------------------------------------------------------------------
POST /bridge/947/ffsi4nlf/xhr 1ms (unfinished)
------------------------------------------------------------------------------------------------------
POST /bridge/769/165njc2u/xhr 0ms (unfinished)
------------------------------------------------------------------------------------------------------
------------------------------------------------------------------------------------------------------
POST /bridge/947/ffsi4nlf/xhr 1ms (unfinished)
POST /bridge/769/165njc2u/xhr 0ms (unfinished)
------------------------------------------------------------------------------------------------------
------------------------------------------------------------------------------------------------------
POST /bridge/947/ffsi4nlf/xhr 0ms (unfinished)
------------------------------------------------------------------------------------------------------
POST /bridge/769/165njc2u/xhr 0ms (unfinished)
POST /bridge/947/ffsi4nlf/xhr 1ms (unfinished)
------------------------------------------------------------------------------------------------------
------------------------------------------------------------------------------------------------------
POST /bridge/769/165njc2u/xhr 1ms (unfinished)
------------------------------------------------------------------------------------------------------
POST /bridge/947/ffsi4nlf/xhr 0ms (unfinished)
POST /bridge/769/165njc2u/xhr 0ms (unfinished)
------------------------------------------------------------------------------------------------------
POST /bridge/947/ffsi4nlf/xhr 0ms (unfinished)
------------------------------------------------------------------------------------------------------
POST /bridge/769/165njc2u/xhr 0ms (unfinished)
------------------------------------------------------------------------------------------------------
POST /bridge/947/ffsi4nlf/xhr 0ms (unfinished)
------------------------------------------------------------------------------------------------------
POST /bridge/769/165njc2u/xhr 0ms (unfinished)
------------------------------------------------------------------------------------------------------
POST /bridge/947/ffsi4nlf/xhr 1ms (unfinished)
------------------------------------------------------------------------------------------------------
POST /bridge/769/165njc2u/xhr 0ms (unfinished)
------------------------------------------------------------------------------------------------------
POST /bridge/947/ffsi4nlf/xhr 0ms (unfinished)
------------------------------------------------------------------------------------------------------
POST /bridge/769/165njc2u/xhr 0ms (unfinished)
------------------------------------------------------------------------------------------------------
POST /bridge/947/ffsi4nlf/xhr 1ms (unfinished)
------------------------------------------------------------------------------------------------------
------------------------------------------------------------------------------------------------------
POST /bridge/769/165njc2u/xhr 1ms (unfinished)
POST /bridge/947/ffsi4nlf/xhr 0ms (unfinished)
------------------------------------------------------------------------------------------------------
POST /bridge/769/165njc2u/xhr 0ms (unfinished)
------------------------------------------------------------------------------------------------------
POST /bridge/947/ffsi4nlf/xhr 0ms (unfinished)
------------------------------------------------------------------------------------------------------
POST /bridge/769/165njc2u/xhr 0ms (unfinished)
------------------------------------------------------------------------------------------------------
POST /bridge/947/ffsi4nlf/xhr 1ms (unfinished)
------------------------------------------------------------------------------------------------------
POST /bridge/769/165njc2u/xhr 1ms (unfinished)
------------------------------------------------------------------------------------------------------
POST /bridge/947/ffsi4nlf/xhr 1ms (unfinished)
------------------------------------------------------------------------------------------------------
POST /bridge/769/165njc2u/xhr 1ms (unfinished)
------------------------------------------------------------------------------------------------------
POST /bridge/947/ffsi4nlf/xhr 0ms (unfinished)
------------------------------------------------------------------------------------------------------
POST /bridge/769/165njc2u/xhr 1ms (unfinished)
------------------------------------------------------------------------------------------------------
POST /bridge/947/ffsi4nlf/xhr 0ms (unfinished)
------------------------------------------------------------------------------------------------------
