------------------------------------------------------------------------------------------------------
GET /bridge/info 1ms 200
GET /bridge/info 0ms 200
------------------------------------------------------------------------------------------------------
GET /bridge/006/a9zb0wsz/websocket 2ms (unfinished)
------------------------------------------------------------------------------------------------------
GET /bridge/004/ytpj0k6v/websocket 1ms (unfinished)
------------------------------------------------------------------------------------------------------
GET /bridge/info 0ms 200
------------------------------------------------------------------------------------------------------
GET /bridge/info 0ms 200
------------------------------------------------------------------------------------------------------
------------------------------------------------------------------------------------------------------
GET /bridge/792/h0xtbrml/websocket 0ms (unfinished)
------------------------------------------------------------------------------------------------------
GET /bridge/909/2x0cf5yd/websocket 1ms (unfinished)
POST /bridge/792/vbvnjm0i/xhr_streaming 1ms (unfinished)
------------------------------------------------------------------------------------------------------
POST /bridge/792/vbvnjm0i/xhr_send 3ms 204
------------------------------------------------------------------------------------------------------
------------------------------------------------------------------------------------------------------
POST /bridge/909/gb43fel5/xhr_streaming 1ms (unfinished)
POST /bridge/909/gb43fel5/xhr_send 1ms 204
------------------------------------------------------------------------------------------------------
------------------------------------------------------------------------------------------------------
GET /bridge/info 0ms 200
GET /bridge/info 1ms 200
------------------------------------------------------------------------------------------------------
GET /bridge/392/2t6355j1/websocket 0ms (unfinished)
------------------------------------------------------------------------------------------------------
GET /bridge/100/ltfe58d4/websocket 0ms (unfinished)
------------------------------------------------------------------------------------------------------
------------------------------------------------------------------------------------------------------
POST /bridge/392/vljxnz6q/xhr_streaming 0ms (unfinished)
------------------------------------------------------------------------------------------------------
POST /bridge/392/vljxnz6q/xhr_send 1ms 204
POST /bridge/100/v7mwiybk/xhr_streaming 0ms (unfinished)
------------------------------------------------------------------------------------------------------
------------------------------------------------------------------------------------------------------
POST /bridge/100/v7mwiybk/xhr_send 1ms 204
GET /bridge/info 0ms 200
------------------------------------------------------------------------------------------------------
GET /bridge/info 0ms 200
------------------------------------------------------------------------------------------------------
------------------------------------------------------------------------------------------------------
GET /bridge/091/6fhcdr2f/websocket 1ms (unfinished)
GET /bridge/274/a4ggnn60/websocket 0ms (unfinished)
------------------------------------------------------------------------------------------------------
GET /bridge/info 0ms 200
------------------------------------------------------------------------------------------------------
GET /bridge/info 0ms 200
------------------------------------------------------------------------------------------------------
GET /bridge/084/zp7fh4j5/websocket 0ms (unfinished)
------------------------------------------------------------------------------------------------------
------------------------------------------------------------------------------------------------------
GET /bridge/063/8l3ju0eg/websocket 0ms (unfinished)
POST /bridge/084/40br2vm1/xhr_streaming 1ms (unfinished)
------------------------------------------------------------------------------------------------------
POST /bridge/084/40br2vm1/xhr_send 2ms 204
------------------------------------------------------------------------------------------------------
------------------------------------------------------------------------------------------------------
POST /bridge/063/ruyy5ff7/xhr_streaming 0ms (unfinished)
------------------------------------------------------------------------------------------------------
POST /bridge/063/ruyy5ff7/xhr_send 0ms 204
GET /bridge/info 0ms 200
------------------------------------------------------------------------------------------------------
------------------------------------------------------------------------------------------------------
GET /bridge/info 0ms 200
GET /bridge/704/1a5ucqhx/websocket 0ms (unfinished)
------------------------------------------------------------------------------------------------------
GET /bridge/407/tq1lted_/websocket 1ms (unfinished)
------------------------------------------------------------------------------------------------------
POST /bridge/704/90gdm4bh/xhr_streaming 1ms (unfinished)
------------------------------------------------------------------------------------------------------
POST /bridge/704/90gdm4bh/xhr_send 1ms 204
------------------------------------------------------------------------------------------------------
POST /bridge/407/v46hc0l5/xhr_streaming 1ms (unfinished)
------------------------------------------------------------------------------------------------------
POST /bridge/407/v46hc0l5/xhr_send 1ms 204
------------------------------------------------------------------------------------------------------
GET /bridge/info 1ms 200
------------------------------------------------------------------------------------------------------
GET /bridge/info 0ms 200
------------------------------------------------------------------------------------------------------
------------------------------------------------------------------------------------------------------
GET /bridge/306/qudtm4ey/websocket 3ms (unfinished)
GET /bridge/419/aiue7tbs/websocket 0ms (unfinished)
------------------------------------------------------------------------------------------------------
------------------------------------------------------------------------------------------------------
POST /bridge/306/a2a27e5o/xhr_streaming 1ms (unfinished)
POST /bridge/306/a2a27e5o/xhr_send 4ms 204
------------------------------------------------------------------------------------------------------
------------------------------------------------------------------------------------------------------
POST /bridge/419/c2wq4f6y/xhr_streaming 1ms (unfinished)
GET /bridge/info 1ms 200
------------------------------------------------------------------------------------------------------
GET /bridge/info 1ms 200
------------------------------------------------------------------------------------------------------
------------------------------------------------------------------------------------------------------
GET /bridge/825/9bdqew08/websocket 3ms (unfinished)
GET /bridge/813/6lkebc2x/websocket 1ms (unfinished)
------------------------------------------------------------------------------------------------------
GET /bridge/info 2ms 200
------------------------------------------------------------------------------------------------------
GET /bridge/info 0ms 200
------------------------------------------------------------------------------------------------------
GET /bridge/389/jknpg4o2/websocket 2ms (unfinished)
------------------------------------------------------------------------------------------------------
GET /bridge/132/9uc8xwzu/websocket 1ms (unfinished)
------------------------------------------------------------------------------------------------------
GET /bridge/info 1ms 200
------------------------------------------------------------------------------------------------------
GET /bridge/info 1ms 200
------------------------------------------------------------------------------------------------------
GET /bridge/334/z60ax_na/websocket 2ms (unfinished)
------------------------------------------------------------------------------------------------------
GET /bridge/393/q4uqkar6/websocket 0ms (unfinished)
------------------------------------------------------------------------------------------------------
GET /bridge/info 1ms 200
------------------------------------------------------------------------------------------------------
GET /bridge/info 0ms 200
------------------------------------------------------------------------------------------------------
GET /bridge/489/topsez4o/websocket 3ms (unfinished)
------------------------------------------------------------------------------------------------------
------------------------------------------------------------------------------------------------------
GET /bridge/582/9zlsvgwz/websocket 1ms (unfinished)
GET /bridge/info 1ms 200
------------------------------------------------------------------------------------------------------
GET /bridge/info 1ms 200
------------------------------------------------------------------------------------------------------
------------------------------------------------------------------------------------------------------
GET /bridge/608/z06daera/websocket 2ms (unfinished)
GET /bridge/084/ks6y_hc8/websocket 0ms (unfinished)
------------------------------------------------------------------------------------------------------
GET /bridge/info 1ms 200
------------------------------------------------------------------------------------------------------
GET /bridge/info 1ms 200
------------------------------------------------------------------------------------------------------
GET /bridge/071/jr9l3238/websocket 0ms (unfinished)
------------------------------------------------------------------------------------------------------
GET /bridge/415/sed9bcek/websocket 1ms (unfinished)
------------------------------------------------------------------------------------------------------
GET /bridge/info 0ms 200
------------------------------------------------------------------------------------------------------
GET /bridge/info 1ms 200
------------------------------------------------------------------------------------------------------
GET /bridge/081/2821e0d7/websocket 0ms (unfinished)
------------------------------------------------------------------------------------------------------
GET /bridge/774/s7acx_ng/websocket 0ms (unfinished)
------------------------------------------------------------------------------------------------------
GET /bridge/info 2ms 200
------------------------------------------------------------------------------------------------------
GET /bridge/info 0ms 200
------------------------------------------------------------------------------------------------------
GET /bridge/926/abwku5ux/websocket 3ms (unfinished)
------------------------------------------------------------------------------------------------------
GET /bridge/002/q9uu0hdg/websocket 1ms (unfinished)
------------------------------------------------------------------------------------------------------
GET /bridge/info 1ms 200
------------------------------------------------------------------------------------------------------
GET /bridge/info 1ms 200
------------------------------------------------------------------------------------------------------
GET /bridge/505/of2moa3y/websocket 0ms (unfinished)
------------------------------------------------------------------------------------------------------
GET /bridge/651/u4m_3uj4/websocket 0ms (unfinished)
------------------------------------------------------------------------------------------------------
GET /bridge/info 1ms 200
------------------------------------------------------------------------------------------------------
GET /bridge/info 0ms 200
------------------------------------------------------------------------------------------------------
------------------------------------------------------------------------------------------------------
GET /bridge/181/fr3vzqcf/websocket 3ms (unfinished)
GET /bridge/830/hffew5zd/websocket 1ms (unfinished)
------------------------------------------------------------------------------------------------------
GET /bridge/info 1ms 200
------------------------------------------------------------------------------------------------------
GET /bridge/info 1ms 200
------------------------------------------------------------------------------------------------------
GET /bridge/617/hma5eq4e/websocket 1ms (unfinished)
------------------------------------------------------------------------------------------------------
GET /bridge/132/v8x_fc_h/websocket 0ms (unfinished)
------------------------------------------------------------------------------------------------------
------------------------------------------------------------------------------------------------------
POST /bridge/617/6wxcivk5/xhr_streaming 1ms (unfinished)
POST /bridge/617/6wxcivk5/xhr_send 4ms 204
------------------------------------------------------------------------------------------------------
POST /bridge/132/fxly7w8u/xhr_streaming 1ms (unfinished)
------------------------------------------------------------------------------------------------------
POST /bridge/419/c2wq4f6y/xhr_send 1ms 404
------------------------------------------------------------------------------------------------------
GET /bridge/info 0ms 200
------------------------------------------------------------------------------------------------------
GET /bridge/info 1ms 200
------------------------------------------------------------------------------------------------------
GET /bridge/421/uqgohv4b/websocket 0ms (unfinished)
------------------------------------------------------------------------------------------------------
GET /bridge/169/0l36v00o/websocket 0ms (unfinished)
------------------------------------------------------------------------------------------------------
------------------------------------------------------------------------------------------------------
POST /bridge/421/d23vqmf6/xhr_streaming 0ms (unfinished)
POST /bridge/421/d23vqmf6/xhr_send 1ms 204
------------------------------------------------------------------------------------------------------
POST /bridge/169/jazl6tdj/xhr_streaming 1ms (unfinished)
------------------------------------------------------------------------------------------------------
------------------------------------------------------------------------------------------------------
POST /bridge/169/jazl6tdj/xhr_send 1ms 204
GET /bridge/info 1ms 200
------------------------------------------------------------------------------------------------------
GET /bridge/info 0ms 200
------------------------------------------------------------------------------------------------------
GET /bridge/086/gmim7e75/websocket 2ms (unfinished)
------------------------------------------------------------------------------------------------------
GET /bridge/273/gsx8w3kh/websocket 1ms (unfinished)
------------------------------------------------------------------------------------------------------
GET /bridge/info 1ms 200
------------------------------------------------------------------------------------------------------
GET /bridge/info 1ms 200
------------------------------------------------------------------------------------------------------
------------------------------------------------------------------------------------------------------
GET /bridge/753/71khy4wh/websocket 0ms (unfinished)
GET /bridge/098/lupm8zw1/websocket 1ms (unfinished)
------------------------------------------------------------------------------------------------------
GET /bridge/info 0ms 200
------------------------------------------------------------------------------------------------------
------------------------------------------------------------------------------------------------------
GET /bridge/info 0ms 200
GET /bridge/912/m2f3_npe/websocket 0ms (unfinished)
------------------------------------------------------------------------------------------------------
------------------------------------------------------------------------------------------------------
GET /bridge/951/iaplwdgw/websocket 1ms (unfinished)
GET /bridge/info 0ms 200
------------------------------------------------------------------------------------------------------
GET /bridge/info 0ms 200
------------------------------------------------------------------------------------------------------
GET /bridge/594/eszf825k/websocket 0ms (unfinished)
------------------------------------------------------------------------------------------------------
------------------------------------------------------------------------------------------------------
GET /bridge/120/k8689tcl/websocket 0ms (unfinished)
GET /bridge/info 1ms 200
------------------------------------------------------------------------------------------------------
------------------------------------------------------------------------------------------------------
GET /bridge/info 1ms 200
GET /bridge/148/8715ogvc/websocket 1ms (unfinished)
------------------------------------------------------------------------------------------------------
------------------------------------------------------------------------------------------------------
GET /bridge/258/h1dyoclb/websocket 0ms (unfinished)
------------------------------------------------------------------------------------------------------
GET /bridge/info 0ms 200
GET /bridge/902/9l1c_b25/websocket 0ms (unfinished)
------------------------------------------------------------------------------------------------------
------------------------------------------------------------------------------------------------------
GET /bridge/info 1ms 200
------------------------------------------------------------------------------------------------------
GET /bridge/769/scrijn3n/websocket 0ms (unfinished)
GET /bridge/info 0ms 200
------------------------------------------------------------------------------------------------------
------------------------------------------------------------------------------------------------------
GET /bridge/info 1ms 200
GET /bridge/848/zbwb3fdx/websocket 0ms (unfinished)
------------------------------------------------------------------------------------------------------
------------------------------------------------------------------------------------------------------
GET /bridge/498/o4risphx/websocket 1ms (unfinished)
GET /bridge/info 1ms 200
------------------------------------------------------------------------------------------------------
GET /bridge/info 1ms 200
------------------------------------------------------------------------------------------------------
------------------------------------------------------------------------------------------------------
GET /bridge/520/6vejlrbe/websocket 0ms (unfinished)
GET /bridge/235/pn65han9/websocket 0ms (unfinished)
------------------------------------------------------------------------------------------------------
GET /bridge/info 0ms 200
------------------------------------------------------------------------------------------------------
------------------------------------------------------------------------------------------------------
GET /bridge/info 0ms 200
GET /bridge/820/5ric4wae/websocket 1ms (unfinished)
------------------------------------------------------------------------------------------------------
------------------------------------------------------------------------------------------------------
GET /bridge/054/u_6lsr3b/websocket 1ms (unfinished)
------------------------------------------------------------------------------------------------------
POST /bridge/820/habzvekb/xhr_streaming 2ms (unfinished)
POST /bridge/820/habzvekb/xhr_send 5ms 204
------------------------------------------------------------------------------------------------------
------------------------------------------------------------------------------------------------------
POST /bridge/054/zvk5frzy/xhr_streaming 1ms (unfinished)
POST /bridge/054/zvk5frzy/xhr_send 1ms 204
------------------------------------------------------------------------------------------------------
GET /bridge/info 0ms 200
------------------------------------------------------------------------------------------------------
GET /bridge/info 0ms 200
------------------------------------------------------------------------------------------------------
GET /bridge/035/vrt0ywaz/websocket 0ms (unfinished)
------------------------------------------------------------------------------------------------------
GET /bridge/083/m9au3umz/websocket 0ms (unfinished)
------------------------------------------------------------------------------------------------------
POST /bridge/035/9n7f7t9x/xhr_streaming 0ms (unfinished)
------------------------------------------------------------------------------------------------------
Exception on "POST /bridge/035/9n7f7t9x/xhr_send" in filter "xhr_send":
RangeError [ERR_SOCKET_BAD_PORT]: Port should be >= 0 and < 65536. Received .
    at validatePort (internal/validators.js:211:11)
    at lookupAndConnect (net.js:1000:5)
    at Socket.connect (net.js:976:5)
    at new module.exports.Socket (C:\Nitrogen\NitroWEB\www\js\lib\webtcp\server\socket.js:67:15)
    at module.exports.WebTCP.dispatch (C:\Nitrogen\NitroWEB\www\js\lib\webtcp\server\webtcp.js:37:40)
    at SockJSConnection.<anonymous> (C:\Nitrogen\NitroWEB\www\js\lib\webtcp\server\webtcp.js:25:12)
    at SockJSConnection.emit (events.js:376:20)
    at Session.didMessage (C:\Nitrogen\NitroWEB\node_modules\sockjs\lib\transport.js:246:25)
    at App.xhr_send (C:\Nitrogen\NitroWEB\node_modules\sockjs\lib\trans-xhr.js:81:15)
    at execute_request (C:\Nitrogen\NitroWEB\node_modules\sockjs\lib\webjs.js:22:37)
------------------------------------------------------------------------------------------------------
POST /bridge/035/9n7f7t9x/xhr_send 2ms 500
------------------------------------------------------------------------------------------------------
POST /bridge/083/s5cx4ru8/xhr_streaming 1ms (unfinished)
------------------------------------------------------------------------------------------------------
Exception on "POST /bridge/083/s5cx4ru8/xhr_send" in filter "xhr_send":
RangeError [ERR_SOCKET_BAD_PORT]: Port should be >= 0 and < 65536. Received .
    at validatePort (internal/validators.js:211:11)
    at lookupAndConnect (net.js:1000:5)
    at Socket.connect (net.js:976:5)
    at new module.exports.Socket (C:\Nitrogen\NitroWEB\www\js\lib\webtcp\server\socket.js:67:15)
    at module.exports.WebTCP.dispatch (C:\Nitrogen\NitroWEB\www\js\lib\webtcp\server\webtcp.js:37:40)
    at SockJSConnection.<anonymous> (C:\Nitrogen\NitroWEB\www\js\lib\webtcp\server\webtcp.js:25:12)
    at SockJSConnection.emit (events.js:376:20)
    at Session.didMessage (C:\Nitrogen\NitroWEB\node_modules\sockjs\lib\transport.js:246:25)
    at App.xhr_send (C:\Nitrogen\NitroWEB\node_modules\sockjs\lib\trans-xhr.js:81:15)
    at execute_request (C:\Nitrogen\NitroWEB\node_modules\sockjs\lib\webjs.js:22:37)
------------------------------------------------------------------------------------------------------
------------------------------------------------------------------------------------------------------
POST /bridge/083/s5cx4ru8/xhr_send 2ms 500
GET /bridge/info 1ms 200
------------------------------------------------------------------------------------------------------
GET /bridge/info 0ms 200
------------------------------------------------------------------------------------------------------
GET /bridge/847/_tc19qcc/websocket 0ms (unfinished)
------------------------------------------------------------------------------------------------------
GET /bridge/611/938qnfp6/websocket 1ms (unfinished)
------------------------------------------------------------------------------------------------------
POST /bridge/847/d7bdr259/xhr_streaming 1ms (unfinished)
------------------------------------------------------------------------------------------------------
POST /bridge/611/6ahmapdr/xhr_streaming 0ms (unfinished)
------------------------------------------------------------------------------------------------------
Exception on "POST /bridge/847/d7bdr259/xhr_send" in filter "xhr_send":
RangeError [ERR_SOCKET_BAD_PORT]: Port should be >= 0 and < 65536. Received .
    at validatePort (internal/validators.js:211:11)
    at lookupAndConnect (net.js:1000:5)
    at Socket.connect (net.js:976:5)
    at new module.exports.Socket (C:\Nitrogen\NitroWEB\www\js\lib\webtcp\server\socket.js:67:15)
    at module.exports.WebTCP.dispatch (C:\Nitrogen\NitroWEB\www\js\lib\webtcp\server\webtcp.js:37:40)
    at SockJSConnection.<anonymous> (C:\Nitrogen\NitroWEB\www\js\lib\webtcp\server\webtcp.js:25:12)
    at SockJSConnection.emit (events.js:376:20)
    at Session.didMessage (C:\Nitrogen\NitroWEB\node_modules\sockjs\lib\transport.js:246:25)
    at App.xhr_send (C:\Nitrogen\NitroWEB\node_modules\sockjs\lib\trans-xhr.js:81:15)
    at execute_request (C:\Nitrogen\NitroWEB\node_modules\sockjs\lib\webjs.js:22:37)
------------------------------------------------------------------------------------------------------
POST /bridge/847/d7bdr259/xhr_send 2ms 500
------------------------------------------------------------------------------------------------------
Exception on "POST /bridge/611/6ahmapdr/xhr_send" in filter "xhr_send":
RangeError [ERR_SOCKET_BAD_PORT]: Port should be >= 0 and < 65536. Received .
    at validatePort (internal/validators.js:211:11)
    at lookupAndConnect (net.js:1000:5)
    at Socket.connect (net.js:976:5)
    at new module.exports.Socket (C:\Nitrogen\NitroWEB\www\js\lib\webtcp\server\socket.js:67:15)
    at module.exports.WebTCP.dispatch (C:\Nitrogen\NitroWEB\www\js\lib\webtcp\server\webtcp.js:37:40)
    at SockJSConnection.<anonymous> (C:\Nitrogen\NitroWEB\www\js\lib\webtcp\server\webtcp.js:25:12)
    at SockJSConnection.emit (events.js:376:20)
    at Session.didMessage (C:\Nitrogen\NitroWEB\node_modules\sockjs\lib\transport.js:246:25)
    at App.xhr_send (C:\Nitrogen\NitroWEB\node_modules\sockjs\lib\trans-xhr.js:81:15)
    at execute_request (C:\Nitrogen\NitroWEB\node_modules\sockjs\lib\webjs.js:22:37)
POST /bridge/611/6ahmapdr/xhr_send 1ms 500
------------------------------------------------------------------------------------------------------
------------------------------------------------------------------------------------------------------
GET /bridge/info 0ms 200
------------------------------------------------------------------------------------------------------
------------------------------------------------------------------------------------------------------
GET /bridge/info 0ms 200
GET /bridge/582/p4hg0x2i/websocket 0ms (unfinished)
------------------------------------------------------------------------------------------------------
GET /bridge/393/xjruf63n/websocket 0ms (unfinished)
------------------------------------------------------------------------------------------------------
------------------------------------------------------------------------------------------------------
POST /bridge/582/mext3uou/xhr_streaming 1ms (unfinished)
POST /bridge/393/ric3ko2u/xhr_streaming 1ms (unfinished)
------------------------------------------------------------------------------------------------------
GET /bridge/info 1ms 200
------------------------------------------------------------------------------------------------------
GET /bridge/info 0ms 200
------------------------------------------------------------------------------------------------------
GET /bridge/435/kzfwcegs/websocket 2ms (unfinished)
------------------------------------------------------------------------------------------------------
GET /bridge/822/5i4k56b1/websocket 1ms (unfinished)
------------------------------------------------------------------------------------------------------
------------------------------------------------------------------------------------------------------
GET /bridge/info 1ms 200
GET /bridge/info 1ms 200
------------------------------------------------------------------------------------------------------
GET /bridge/997/oi55lyo7/websocket 0ms (unfinished)
------------------------------------------------------------------------------------------------------
GET /bridge/542/jvd6kecl/websocket 0ms (unfinished)
------------------------------------------------------------------------------------------------------
------------------------------------------------------------------------------------------------------
GET /bridge/info 0ms 200
GET /bridge/info 0ms 200
------------------------------------------------------------------------------------------------------
GET /bridge/391/joz6yv6n/websocket 0ms (unfinished)
------------------------------------------------------------------------------------------------------
GET /bridge/111/woj2l224/websocket 0ms (unfinished)
------------------------------------------------------------------------------------------------------
------------------------------------------------------------------------------------------------------
POST /bridge/391/8kofad27/xhr_streaming 1ms (unfinished)
------------------------------------------------------------------------------------------------------
POST /bridge/111/cu6c66be/xhr_streaming 0ms (unfinished)
POST /bridge/391/8kofad27/xhr_send 4ms 204
------------------------------------------------------------------------------------------------------
POST /bridge/111/cu6c66be/xhr_send 1ms 204
------------------------------------------------------------------------------------------------------
------------------------------------------------------------------------------------------------------
GET /bridge/info 1ms 200
GET /bridge/info 0ms 200
------------------------------------------------------------------------------------------------------
GET /bridge/265/1wja620g/websocket 0ms (unfinished)
------------------------------------------------------------------------------------------------------
GET /bridge/342/01wuhsh9/websocket 0ms (unfinished)
------------------------------------------------------------------------------------------------------
GET /bridge/info 0ms 200
------------------------------------------------------------------------------------------------------
GET /bridge/info 0ms 200
------------------------------------------------------------------------------------------------------
GET /bridge/649/x_3xtveu/websocket 1ms (unfinished)
------------------------------------------------------------------------------------------------------
GET /bridge/184/u1pls6r3/websocket 0ms (unfinished)
------------------------------------------------------------------------------------------------------
GET /bridge/info 1ms 200
------------------------------------------------------------------------------------------------------
GET /bridge/info 1ms 200
------------------------------------------------------------------------------------------------------
GET /bridge/476/4uh9y07m/websocket 0ms (unfinished)
------------------------------------------------------------------------------------------------------
GET /bridge/279/u8tv1ge_/websocket 0ms (unfinished)
------------------------------------------------------------------------------------------------------
------------------------------------------------------------------------------------------------------
GET /bridge/info 1ms 200
GET /bridge/info 1ms 200
------------------------------------------------------------------------------------------------------
GET /bridge/323/h24_ncv4/websocket 2ms (unfinished)
------------------------------------------------------------------------------------------------------
GET /bridge/181/cyhw6blf/websocket 0ms (unfinished)
------------------------------------------------------------------------------------------------------
GET /bridge/info 1ms 200
------------------------------------------------------------------------------------------------------
GET /bridge/info 1ms 200
------------------------------------------------------------------------------------------------------
GET /bridge/138/cwatyzaa/websocket 1ms (unfinished)
------------------------------------------------------------------------------------------------------
------------------------------------------------------------------------------------------------------
GET /bridge/200/y_wojeub/websocket 1ms (unfinished)
------------------------------------------------------------------------------------------------------
POST /bridge/138/nbmi1_ds/xhr_streaming 1ms (unfinished)
------------------------------------------------------------------------------------------------------
POST /bridge/138/nbmi1_ds/xhr_send 4ms 204
POST /bridge/200/zjgrb58z/xhr_streaming 1ms (unfinished)
------------------------------------------------------------------------------------------------------
GET /bridge/info 1ms 200
------------------------------------------------------------------------------------------------------
GET /bridge/info 0ms 200
------------------------------------------------------------------------------------------------------
GET /bridge/413/_j263d9z/websocket 0ms (unfinished)
------------------------------------------------------------------------------------------------------
GET /bridge/689/jj79_i6b/websocket 0ms (unfinished)
------------------------------------------------------------------------------------------------------
------------------------------------------------------------------------------------------------------
GET /bridge/info 1ms 200
GET /bridge/info 0ms 200
------------------------------------------------------------------------------------------------------
GET /bridge/126/t7wwgz8q/websocket 1ms (unfinished)
------------------------------------------------------------------------------------------------------
GET /bridge/842/826cidr4/websocket 1ms (unfinished)
------------------------------------------------------------------------------------------------------
------------------------------------------------------------------------------------------------------
GET /bridge/info 1ms 200
GET /bridge/info 1ms 200
------------------------------------------------------------------------------------------------------
GET /bridge/856/t6obxjzu/websocket 0ms (unfinished)
------------------------------------------------------------------------------------------------------
------------------------------------------------------------------------------------------------------
GET /bridge/154/alkale9c/websocket 0ms (unfinished)
------------------------------------------------------------------------------------------------------
14,01,2022,23,00
14,01,2022,05,00
------------------------------------------------------------------------------------------------------
------------------------------------------------------------------------------------------------------
14,01,2022,05,00
14,01,2022,21,00
------------------------------------------------------------------------------------------------------
------------------------------------------------------------------------------------------------------
GET /bridge/info 1ms 200
GET /bridge/692/tpy0flag/websocket 0ms (unfinished)
------------------------------------------------------------------------------------------------------
------------------------------------------------------------------------------------------------------
GET /bridge/info 1ms 200
------------------------------------------------------------------------------------------------------
GET /bridge/978/i6epy6e7/websocket 1ms (unfinished)
------------------------------------------------------------------------------------------------------
GET /bridge/info 1ms 200
------------------------------------------------------------------------------------------------------
GET /bridge/info 0ms 200
GET /bridge/655/ktynfwj_/websocket 3ms (unfinished)
------------------------------------------------------------------------------------------------------
GET /bridge/345/8nowgqwq/websocket 0ms (unfinished)
------------------------------------------------------------------------------------------------------
GET /bridge/info 1ms 200
------------------------------------------------------------------------------------------------------
GET /bridge/info 0ms 200
------------------------------------------------------------------------------------------------------
GET /bridge/251/xzf6q9ek/websocket 0ms (unfinished)
------------------------------------------------------------------------------------------------------
GET /bridge/123/q66b8szm/websocket 1ms (unfinished)
------------------------------------------------------------------------------------------------------
GET /bridge/info 2ms 200
------------------------------------------------------------------------------------------------------
GET /bridge/info 0ms 200
------------------------------------------------------------------------------------------------------
GET /bridge/778/6jzyck_8/websocket 2ms (unfinished)
------------------------------------------------------------------------------------------------------
------------------------------------------------------------------------------------------------------
GET /bridge/298/ihq8ind5/websocket 0ms (unfinished)
------------------------------------------------------------------------------------------------------
POST /bridge/283/y80oifpi/xhr_send 6ms 204
GET /bridge/info 1ms 200
------------------------------------------------------------------------------------------------------
GET /bridge/info 0ms 200
------------------------------------------------------------------------------------------------------
GET /bridge/752/iige8rew/websocket 1ms (unfinished)
------------------------------------------------------------------------------------------------------
GET /bridge/102/jy5yf69w/websocket 0ms (unfinished)
------------------------------------------------------------------------------------------------------
POST /bridge/752/dca0urxx/xhr_streaming 1ms (unfinished)
------------------------------------------------------------------------------------------------------
POST /bridge/752/dca0urxx/xhr_send 1ms 204
------------------------------------------------------------------------------------------------------
POST /bridge/102/ago0pxbe/xhr_streaming 0ms (unfinished)
------------------------------------------------------------------------------------------------------
POST /bridge/102/ago0pxbe/xhr_send 1ms 204
------------------------------------------------------------------------------------------------------
GET /bridge/info 1ms 200
------------------------------------------------------------------------------------------------------
GET /bridge/info 0ms 200
------------------------------------------------------------------------------------------------------
------------------------------------------------------------------------------------------------------
GET /bridge/502/1pu1a9q4/websocket 0ms (unfinished)
------------------------------------------------------------------------------------------------------
GET /bridge/478/x50mivcn/websocket 0ms (unfinished)
GET /bridge/info 0ms 200
------------------------------------------------------------------------------------------------------
GET /bridge/091/0i1h0gnw/websocket 0ms (unfinished)
------------------------------------------------------------------------------------------------------
------------------------------------------------------------------------------------------------------
GET /bridge/info 1ms 200
GET /bridge/318/0hnd6muh/websocket 0ms (unfinished)
------------------------------------------------------------------------------------------------------
GET /bridge/info 0ms 200
------------------------------------------------------------------------------------------------------
------------------------------------------------------------------------------------------------------
GET /bridge/info 1ms 200
GET /bridge/711/248316nd/websocket 0ms (unfinished)
------------------------------------------------------------------------------------------------------
GET /bridge/543/w27exwy8/websocket 0ms (unfinished)
------------------------------------------------------------------------------------------------------
GET /bridge/info 1ms 200
------------------------------------------------------------------------------------------------------
------------------------------------------------------------------------------------------------------
GET /bridge/info 1ms 200
------------------------------------------------------------------------------------------------------
GET /bridge/375/n_fz74st/websocket 1ms (unfinished)
GET /bridge/370/tk0qtwk_/websocket 0ms (unfinished)
------------------------------------------------------------------------------------------------------
GET /bridge/info 1ms 200
------------------------------------------------------------------------------------------------------
GET /bridge/info 0ms 200
------------------------------------------------------------------------------------------------------
------------------------------------------------------------------------------------------------------
GET /bridge/060/gc7xey6_/websocket 0ms (unfinished)
GET /bridge/007/41cbeh2i/websocket 1ms (unfinished)
------------------------------------------------------------------------------------------------------
GET /bridge/info 0ms 200
------------------------------------------------------------------------------------------------------
GET /bridge/122/kzmcjw65/websocket 0ms (unfinished)
------------------------------------------------------------------------------------------------------
GET /bridge/info 0ms 200
------------------------------------------------------------------------------------------------------
GET /bridge/249/0sholyos/websocket 0ms (unfinished)
------------------------------------------------------------------------------------------------------
POST /bridge/060/x23af2vo/xhr_streaming 1ms (unfinished)
------------------------------------------------------------------------------------------------------
POST /bridge/060/x23af2vo/xhr_send 1ms 204
------------------------------------------------------------------------------------------------------
POST /bridge/007/54pgadn1/xhr_streaming 1ms (unfinished)
------------------------------------------------------------------------------------------------------
POST /bridge/007/54pgadn1/xhr_send 1ms 204
------------------------------------------------------------------------------------------------------
GET /bridge/info 0ms 200
------------------------------------------------------------------------------------------------------
------------------------------------------------------------------------------------------------------
GET /bridge/info 1ms 200
GET /bridge/831/b9dj9gpl/websocket 0ms (unfinished)
------------------------------------------------------------------------------------------------------
GET /bridge/649/g6q8kfv6/websocket 0ms (unfinished)
------------------------------------------------------------------------------------------------------
------------------------------------------------------------------------------------------------------
GET /bridge/info 1ms 200
GET /bridge/info 1ms 200
------------------------------------------------------------------------------------------------------
GET /bridge/026/4pev2a3s/websocket 2ms (unfinished)
------------------------------------------------------------------------------------------------------
GET /bridge/484/yv6yn074/websocket 0ms (unfinished)
------------------------------------------------------------------------------------------------------
------------------------------------------------------------------------------------------------------
GET /bridge/info 1ms 200
GET /bridge/info 1ms 200
------------------------------------------------------------------------------------------------------
GET /bridge/690/b_kji5vb/websocket 0ms (unfinished)
------------------------------------------------------------------------------------------------------
GET /bridge/074/3aok9w2g/websocket 0ms (unfinished)
------------------------------------------------------------------------------------------------------
GET /bridge/info 1ms 200
------------------------------------------------------------------------------------------------------
GET /bridge/info 0ms 200
------------------------------------------------------------------------------------------------------
GET /bridge/108/y85191p0/websocket 1ms (unfinished)
------------------------------------------------------------------------------------------------------
GET /bridge/618/_6rfu6rk/websocket 0ms (unfinished)
------------------------------------------------------------------------------------------------------
------------------------------------------------------------------------------------------------------
POST /bridge/200/zjgrb58z/xhr_send 4ms 204
Exception on "POST /bridge/582/mext3uou/xhr_send" in filter "xhr_send":
RangeError [ERR_SOCKET_BAD_PORT]: Port should be >= 0 and < 65536. Received .
    at validatePort (internal/validators.js:211:11)
    at lookupAndConnect (net.js:1000:5)
    at Socket.connect (net.js:976:5)
    at new module.exports.Socket (C:\Nitrogen\NitroWEB\www\js\lib\webtcp\server\socket.js:67:15)
    at module.exports.WebTCP.dispatch (C:\Nitrogen\NitroWEB\www\js\lib\webtcp\server\webtcp.js:37:40)
    at SockJSConnection.<anonymous> (C:\Nitrogen\NitroWEB\www\js\lib\webtcp\server\webtcp.js:25:12)
    at SockJSConnection.emit (events.js:376:20)
    at Session.didMessage (C:\Nitrogen\NitroWEB\node_modules\sockjs\lib\transport.js:246:25)
    at App.xhr_send (C:\Nitrogen\NitroWEB\node_modules\sockjs\lib\trans-xhr.js:81:15)
    at execute_request (C:\Nitrogen\NitroWEB\node_modules\sockjs\lib\webjs.js:22:37)
------------------------------------------------------------------------------------------------------
POST /bridge/582/mext3uou/xhr_send 2ms 500
------------------------------------------------------------------------------------------------------
Exception on "POST /bridge/393/ric3ko2u/xhr_send" in filter "xhr_send":
RangeError [ERR_SOCKET_BAD_PORT]: Port should be >= 0 and < 65536. Received .
    at validatePort (internal/validators.js:211:11)
    at lookupAndConnect (net.js:1000:5)
    at Socket.connect (net.js:976:5)
    at new module.exports.Socket (C:\Nitrogen\NitroWEB\www\js\lib\webtcp\server\socket.js:67:15)
    at module.exports.WebTCP.dispatch (C:\Nitrogen\NitroWEB\www\js\lib\webtcp\server\webtcp.js:37:40)
    at SockJSConnection.<anonymous> (C:\Nitrogen\NitroWEB\www\js\lib\webtcp\server\webtcp.js:25:12)
    at SockJSConnection.emit (events.js:376:20)
    at Session.didMessage (C:\Nitrogen\NitroWEB\node_modules\sockjs\lib\transport.js:246:25)
    at App.xhr_send (C:\Nitrogen\NitroWEB\node_modules\sockjs\lib\trans-xhr.js:81:15)
    at execute_request (C:\Nitrogen\NitroWEB\node_modules\sockjs\lib\webjs.js:22:37)
------------------------------------------------------------------------------------------------------
------------------------------------------------------------------------------------------------------
POST /bridge/393/ric3ko2u/xhr_send 2ms 500
