------------------------------------------------------------------------------------------------------
GET /bridge/info 0ms 200
GET /bridge/info 0ms 200
------------------------------------------------------------------------------------------------------
GET /bridge/755/rett6wmz/websocket 0ms (unfinished)
------------------------------------------------------------------------------------------------------
------------------------------------------------------------------------------------------------------
GET /bridge/999/rv1ym2ci/websocket 0ms (unfinished)
POST /bridge/755/lbm1j_w5/xhr_streaming 1ms (unfinished)
------------------------------------------------------------------------------------------------------
POST /bridge/999/1e0jttkg/xhr_streaming 0ms (unfinished)
------------------------------------------------------------------------------------------------------
------------------------------------------------------------------------------------------------------
POST /bridge/755/lbm1j_w5/xhr_send 1ms 204
POST /bridge/999/1e0jttkg/xhr_send 1ms 204
------------------------------------------------------------------------------------------------------
GET /bridge/info 0ms 200
------------------------------------------------------------------------------------------------------
GET /bridge/info 0ms 200
------------------------------------------------------------------------------------------------------
GET /bridge/376/_jugnrjf/websocket 1ms (unfinished)
------------------------------------------------------------------------------------------------------
------------------------------------------------------------------------------------------------------
GET /bridge/187/dj5i9x7o/websocket 0ms (unfinished)
POST /bridge/376/nm1xu1zm/xhr_streaming 0ms (unfinished)
------------------------------------------------------------------------------------------------------
POST /bridge/376/nm1xu1zm/xhr_send 1ms 204
------------------------------------------------------------------------------------------------------
POST /bridge/187/9bh12_u8/xhr_streaming 0ms (unfinished)
------------------------------------------------------------------------------------------------------
POST /bridge/187/9bh12_u8/xhr_send 1ms 204
------------------------------------------------------------------------------------------------------
GET /bridge/info 1ms 200
------------------------------------------------------------------------------------------------------
GET /bridge/info 0ms 200
------------------------------------------------------------------------------------------------------
GET /bridge/168/7k6mz_mc/websocket 0ms (unfinished)
------------------------------------------------------------------------------------------------------
GET /bridge/147/9mf9rocb/websocket 0ms (unfinished)
------------------------------------------------------------------------------------------------------
------------------------------------------------------------------------------------------------------
POST /bridge/168/52o99t7y/xhr_streaming 1ms (unfinished)
POST /bridge/168/52o99t7y/xhr_send 1ms 204
------------------------------------------------------------------------------------------------------
POST /bridge/147/feka9bc5/xhr_streaming 0ms (unfinished)
------------------------------------------------------------------------------------------------------
------------------------------------------------------------------------------------------------------
POST /bridge/147/feka9bc5/xhr_send 1ms 204
GET /bridge/info 1ms 200
------------------------------------------------------------------------------------------------------
GET /bridge/info 0ms 200
------------------------------------------------------------------------------------------------------
GET /bridge/763/igt3rtit/websocket 0ms (unfinished)
------------------------------------------------------------------------------------------------------
------------------------------------------------------------------------------------------------------
GET /bridge/835/2jzqz9m4/websocket 0ms (unfinished)
POST /bridge/763/pgk2sr9v/xhr_streaming 0ms (unfinished)
------------------------------------------------------------------------------------------------------
------------------------------------------------------------------------------------------------------
POST /bridge/763/pgk2sr9v/xhr_send 0ms 204
POST /bridge/835/t5jrk4zj/xhr_streaming 0ms (unfinished)
------------------------------------------------------------------------------------------------------
POST /bridge/835/t5jrk4zj/xhr_send 1ms 204
------------------------------------------------------------------------------------------------------
GET /bridge/info 1ms 200
------------------------------------------------------------------------------------------------------
GET /bridge/info 0ms 200
------------------------------------------------------------------------------------------------------
GET /bridge/356/qdv8x7z8/websocket 2ms (unfinished)
------------------------------------------------------------------------------------------------------
GET /bridge/815/9_lhkc1f/websocket 1ms (unfinished)
------------------------------------------------------------------------------------------------------
POST /bridge/356/fvkpsbwx/xhr_streaming 1ms (unfinished)
------------------------------------------------------------------------------------------------------
POST /bridge/356/fvkpsbwx/xhr_send 3ms 204
------------------------------------------------------------------------------------------------------
------------------------------------------------------------------------------------------------------
POST /bridge/815/zqoz3owt/xhr_streaming 0ms (unfinished)
GET /bridge/info 1ms 200
------------------------------------------------------------------------------------------------------
------------------------------------------------------------------------------------------------------
GET /bridge/info 0ms 200
GET /bridge/679/nn4vzibi/websocket 1ms (unfinished)
------------------------------------------------------------------------------------------------------
------------------------------------------------------------------------------------------------------
GET /bridge/390/13zl_ums/websocket 0ms (unfinished)
GET /bridge/info 1ms 200
------------------------------------------------------------------------------------------------------
GET /bridge/info 0ms 200
------------------------------------------------------------------------------------------------------
GET /bridge/741/ratqn5wm/websocket 2ms (unfinished)
------------------------------------------------------------------------------------------------------
GET /bridge/926/2j24pnw_/websocket 0ms (unfinished)
------------------------------------------------------------------------------------------------------
GET /bridge/info 1ms 200
------------------------------------------------------------------------------------------------------
------------------------------------------------------------------------------------------------------
GET /bridge/info 1ms 200
GET /bridge/872/_h0h_4wf/websocket 3ms (unfinished)
------------------------------------------------------------------------------------------------------
GET /bridge/776/uzl9dkc8/websocket 0ms (unfinished)
------------------------------------------------------------------------------------------------------
Error: listen EADDRINUSE: address already in use :::9090
    at Server.setupListenHandle [as _listen2] (net.js:1318:16)
    at listenInCluster (net.js:1366:12)
    at Server.listen (net.js:1452:7)
    at Function.listen (C:\Nitrogen\NitroWEB\node_modules\express\lib\application.js:618:24)
    at Object.<anonymous> (C:\Nitrogen\NitroWEB\server.js:13:16)
    at Module._compile (internal/modules/cjs/loader.js:1068:30)
    at Object.Module._extensions..js (internal/modules/cjs/loader.js:1097:10)
    at Module.load (internal/modules/cjs/loader.js:933:32)
    at Function.Module._load (internal/modules/cjs/loader.js:774:14)
    at Function.executeUserEntryPoint [as runMain] (internal/modules/run_main.js:72:12)
------------------------------------------------------------------------------------------------------
Error: listen EADDRINUSE: address already in use 172.16.145.250:9999
    at Server.setupListenHandle [as _listen2] (net.js:1318:16)
    at listenInCluster (net.js:1366:12)
    at doListen (net.js:1503:7)
    at processTicksAndRejections (internal/process/task_queues.js:83:21)
------------------------------------------------------------------------------------------------------
------------------------------------------------------------------------------------------------------
MacId : 05fd84cd2f8d33e39a57d8060d5a9d882bc2a2178f1bfc278bef4ad1b8a577c526
Error: listen EADDRINUSE: address already in use :::9090
    at Server.setupListenHandle [as _listen2] (net.js:1318:16)
    at listenInCluster (net.js:1366:12)
    at Server.listen (net.js:1452:7)
    at Function.listen (C:\Nitrogen\NitroWEB\node_modules\express\lib\application.js:618:24)
    at Object.<anonymous> (C:\Nitrogen\NitroWEB\server.js:13:16)
    at Module._compile (internal/modules/cjs/loader.js:1068:30)
    at Object.Module._extensions..js (internal/modules/cjs/loader.js:1097:10)
    at Module.load (internal/modules/cjs/loader.js:933:32)
    at Function.Module._load (internal/modules/cjs/loader.js:774:14)
    at Function.executeUserEntryPoint [as runMain] (internal/modules/run_main.js:72:12)
------------------------------------------------------------------------------------------------------
Error: listen EADDRINUSE: address already in use 172.16.145.250:9999
    at Server.setupListenHandle [as _listen2] (net.js:1318:16)
    at listenInCluster (net.js:1366:12)
    at doListen (net.js:1503:7)
    at processTicksAndRejections (internal/process/task_queues.js:83:21)
------------------------------------------------------------------------------------------------------
MacId : 05fd84cd2f8d33e39a57d8060d5a9d882bc2a2178f1bfc278bef4ad1b8a577c526
------------------------------------------------------------------------------------------------------
GET /bridge/info 1ms 200
------------------------------------------------------------------------------------------------------
------------------------------------------------------------------------------------------------------
GET /bridge/info 0ms 200
GET /bridge/696/f8_dg0es/websocket 2ms (unfinished)
------------------------------------------------------------------------------------------------------
GET /bridge/560/wwohe440/websocket 0ms (unfinished)
------------------------------------------------------------------------------------------------------
------------------------------------------------------------------------------------------------------
GET /bridge/info 1ms 200
GET /bridge/info 0ms 200
------------------------------------------------------------------------------------------------------
GET /bridge/294/fxo7omxp/websocket 3ms (unfinished)
------------------------------------------------------------------------------------------------------
GET /bridge/761/2mh3zbuy/websocket 0ms (unfinished)
------------------------------------------------------------------------------------------------------
------------------------------------------------------------------------------------------------------
GET /bridge/info 1ms 200
GET /bridge/info 0ms 200
------------------------------------------------------------------------------------------------------
GET /bridge/687/wbtqwjlz/websocket 1ms (unfinished)
------------------------------------------------------------------------------------------------------
GET /bridge/456/epye09_6/websocket 1ms (unfinished)
------------------------------------------------------------------------------------------------------
------------------------------------------------------------------------------------------------------
GET /bridge/info 1ms 200
GET /bridge/info 1ms 200
------------------------------------------------------------------------------------------------------
------------------------------------------------------------------------------------------------------
GET /bridge/838/8jvh_mx8/websocket 4ms (unfinished)
GET /bridge/984/mv8ci4by/websocket 0ms (unfinished)
------------------------------------------------------------------------------------------------------
GET /bridge/info 0ms 200
------------------------------------------------------------------------------------------------------
GET /bridge/info 0ms 200
------------------------------------------------------------------------------------------------------
GET /bridge/549/z2ykm_xr/websocket 1ms (unfinished)
------------------------------------------------------------------------------------------------------
GET /bridge/983/iid9y2bh/websocket 1ms (unfinished)
------------------------------------------------------------------------------------------------------
------------------------------------------------------------------------------------------------------
GET /bridge/info 0ms 200
GET /bridge/info 0ms 200
------------------------------------------------------------------------------------------------------
GET /bridge/936/0zxcn8gx/websocket 0ms (unfinished)
------------------------------------------------------------------------------------------------------
GET /bridge/651/59m85itn/websocket 0ms (unfinished)
------------------------------------------------------------------------------------------------------
GET /bridge/info 1ms 200
------------------------------------------------------------------------------------------------------
------------------------------------------------------------------------------------------------------
GET /bridge/info 0ms 200
GET /bridge/212/a6rlvvrf/websocket 3ms (unfinished)
------------------------------------------------------------------------------------------------------
GET /bridge/331/_jlrrao4/websocket 0ms (unfinished)
------------------------------------------------------------------------------------------------------
------------------------------------------------------------------------------------------------------
GET /bridge/info 1ms 200
GET /bridge/info 0ms 200
------------------------------------------------------------------------------------------------------
GET /bridge/047/jm6l0gtp/websocket 4ms (unfinished)
------------------------------------------------------------------------------------------------------
GET /bridge/069/708rgv87/websocket 1ms (unfinished)
------------------------------------------------------------------------------------------------------
GET /bridge/info 1ms 200
------------------------------------------------------------------------------------------------------
GET /bridge/info 0ms 200
------------------------------------------------------------------------------------------------------
GET /bridge/546/xlnw8dri/websocket 2ms (unfinished)
------------------------------------------------------------------------------------------------------
GET /bridge/593/5gjl6kn8/websocket 1ms (unfinished)
------------------------------------------------------------------------------------------------------
GET /bridge/info 2ms 200
------------------------------------------------------------------------------------------------------
GET /bridge/info 0ms 200
------------------------------------------------------------------------------------------------------
------------------------------------------------------------------------------------------------------
GET /bridge/848/kvnova4w/websocket 2ms (unfinished)
GET /bridge/699/7jh4sqcn/websocket 1ms (unfinished)
------------------------------------------------------------------------------------------------------
POST /bridge/848/f9l2yav7/xhr_streaming 1ms (unfinished)
------------------------------------------------------------------------------------------------------
POST /bridge/848/f9l2yav7/xhr_send 4ms 204
------------------------------------------------------------------------------------------------------
POST /bridge/699/jo9lnk1q/xhr_streaming 0ms (unfinished)
------------------------------------------------------------------------------------------------------
------------------------------------------------------------------------------------------------------
GET /bridge/info 1ms 200
GET /bridge/info 1ms 200
------------------------------------------------------------------------------------------------------
GET /bridge/351/etvf0pvl/websocket 3ms (unfinished)
------------------------------------------------------------------------------------------------------
GET /bridge/701/rcwt060m/websocket 0ms (unfinished)
------------------------------------------------------------------------------------------------------
GET /bridge/info 0ms 200
------------------------------------------------------------------------------------------------------
GET /bridge/info 0ms 200
------------------------------------------------------------------------------------------------------
------------------------------------------------------------------------------------------------------
GET /bridge/294/pr7n14i4/websocket 1ms (unfinished)
GET /bridge/506/o9w8vdso/websocket 0ms (unfinished)
------------------------------------------------------------------------------------------------------
------------------------------------------------------------------------------------------------------
GET /bridge/info 0ms 200
GET /bridge/info 1ms 200
------------------------------------------------------------------------------------------------------
GET /bridge/174/yy196s28/websocket 0ms (unfinished)
------------------------------------------------------------------------------------------------------
GET /bridge/127/0totzmlq/websocket 0ms (unfinished)
------------------------------------------------------------------------------------------------------
------------------------------------------------------------------------------------------------------
GET /bridge/info 1ms 200
GET /bridge/info 0ms 200
------------------------------------------------------------------------------------------------------
GET /bridge/521/jko4yx1c/websocket 0ms (unfinished)
------------------------------------------------------------------------------------------------------
GET /bridge/108/9r1ysczq/websocket 1ms (unfinished)
------------------------------------------------------------------------------------------------------
GET /bridge/info 0ms 200
------------------------------------------------------------------------------------------------------
GET /bridge/info 1ms 200
------------------------------------------------------------------------------------------------------
GET /bridge/536/0jb3onp9/websocket 2ms (unfinished)
------------------------------------------------------------------------------------------------------
GET /bridge/813/6ww7_oc0/websocket 0ms (unfinished)
------------------------------------------------------------------------------------------------------
07,02,2022,09,00
------------------------------------------------------------------------------------------------------
07,02,2022,09,00
------------------------------------------------------------------------------------------------------
07,02,2022,09,00
------------------------------------------------------------------------------------------------------
------------------------------------------------------------------------------------------------------
07,02,2022,09,00
GET /bridge/info 0ms 200
------------------------------------------------------------------------------------------------------
GET /bridge/info 0ms 200
------------------------------------------------------------------------------------------------------
GET /bridge/115/yxxoq0x1/websocket 0ms (unfinished)
------------------------------------------------------------------------------------------------------
------------------------------------------------------------------------------------------------------
GET /bridge/968/fzew4qtf/websocket 0ms (unfinished)
07,02,2022,09,00
------------------------------------------------------------------------------------------------------
------------------------------------------------------------------------------------------------------
07,02,2022,09,00
------------------------------------------------------------------------------------------------------
GET /bridge/info 1ms 200
------------------------------------------------------------------------------------------------------
GET /bridge/info 0ms 200
------------------------------------------------------------------------------------------------------
GET /bridge/495/84jx9uqm/websocket 3ms (unfinished)
GET /bridge/529/ba3j8m_q/websocket 0ms (unfinished)
------------------------------------------------------------------------------------------------------
------------------------------------------------------------------------------------------------------
GET /bridge/info 0ms 200
GET /bridge/info 0ms 200
------------------------------------------------------------------------------------------------------
GET /bridge/513/svut6hw3/websocket 0ms (unfinished)
------------------------------------------------------------------------------------------------------
GET /bridge/072/tmo4iawh/websocket 0ms (unfinished)
------------------------------------------------------------------------------------------------------
GET /bridge/info 0ms 200
------------------------------------------------------------------------------------------------------
GET /bridge/info 0ms 200
------------------------------------------------------------------------------------------------------
GET /bridge/720/svd9e71w/websocket 1ms (unfinished)
------------------------------------------------------------------------------------------------------
GET /bridge/015/hgk41c54/websocket 0ms (unfinished)
------------------------------------------------------------------------------------------------------
GET /bridge/info 0ms 200
------------------------------------------------------------------------------------------------------
GET /bridge/info 0ms 200
------------------------------------------------------------------------------------------------------
------------------------------------------------------------------------------------------------------
GET /bridge/257/2y212xoh/websocket 1ms (unfinished)
------------------------------------------------------------------------------------------------------
GET /bridge/028/rys0dfjm/websocket 0ms (unfinished)
------------------------------------------------------------------------------------------------------
GET /bridge/info 0ms 200
GET /bridge/info 0ms 200
------------------------------------------------------------------------------------------------------
GET /bridge/116/4tmijuw_/websocket 0ms (unfinished)
------------------------------------------------------------------------------------------------------
------------------------------------------------------------------------------------------------------
GET /bridge/211/3uw4d746/websocket 0ms (unfinished)
GET /bridge/info 0ms 200
------------------------------------------------------------------------------------------------------
GET /bridge/info 0ms 200
------------------------------------------------------------------------------------------------------
------------------------------------------------------------------------------------------------------
GET /bridge/504/5s_rbwc1/websocket 1ms (unfinished)
GET /bridge/352/3c1up95s/websocket 0ms (unfinished)
------------------------------------------------------------------------------------------------------
GET /bridge/info 2ms 200
------------------------------------------------------------------------------------------------------
------------------------------------------------------------------------------------------------------
GET /bridge/info 0ms 200
GET /bridge/776/qe9eyvgr/websocket 3ms (unfinished)
------------------------------------------------------------------------------------------------------
GET /bridge/282/loh2zt8b/websocket 0ms (unfinished)
------------------------------------------------------------------------------------------------------
GET /bridge/info 2ms 200
------------------------------------------------------------------------------------------------------
GET /bridge/info 0ms 200
------------------------------------------------------------------------------------------------------
GET /bridge/119/eamf45rn/websocket 4ms (unfinished)
------------------------------------------------------------------------------------------------------
GET /bridge/634/raz9d9n5/websocket 0ms (unfinished)
------------------------------------------------------------------------------------------------------
------------------------------------------------------------------------------------------------------
GET /bridge/info 2ms 200
GET /bridge/info 1ms 200
------------------------------------------------------------------------------------------------------
------------------------------------------------------------------------------------------------------
GET /bridge/684/euhbvw_m/websocket 3ms (unfinished)
------------------------------------------------------------------------------------------------------
GET /bridge/978/idvd8nij/websocket 0ms (unfinished)
GET /bridge/info 1ms 200
------------------------------------------------------------------------------------------------------
GET /bridge/info 1ms 200
------------------------------------------------------------------------------------------------------
GET /bridge/053/ntaob1i5/websocket 3ms (unfinished)
------------------------------------------------------------------------------------------------------
GET /bridge/748/gr4l23o9/websocket 0ms (unfinished)
------------------------------------------------------------------------------------------------------
POST /bridge/053/73lr2gch/xhr_streaming 1ms (unfinished)
------------------------------------------------------------------------------------------------------
POST /bridge/053/73lr2gch/xhr_send 3ms 204
------------------------------------------------------------------------------------------------------
POST /bridge/748/fh9ehas0/xhr_streaming 1ms (unfinished)
------------------------------------------------------------------------------------------------------
------------------------------------------------------------------------------------------------------
POST /bridge/748/fh9ehas0/xhr_send 1ms 204
GET /bridge/info 1ms 200
------------------------------------------------------------------------------------------------------
GET /bridge/info 0ms 200
------------------------------------------------------------------------------------------------------
GET /bridge/415/ohkxe27y/websocket 0ms (unfinished)
------------------------------------------------------------------------------------------------------
GET /bridge/550/wm1rfmhw/websocket 0ms (unfinished)
------------------------------------------------------------------------------------------------------
POST /bridge/415/ifyshvtj/xhr_streaming 1ms (unfinished)
------------------------------------------------------------------------------------------------------
------------------------------------------------------------------------------------------------------
POST /bridge/415/ifyshvtj/xhr_send 1ms 204
POST /bridge/550/bhru0tpo/xhr_streaming 0ms (unfinished)
------------------------------------------------------------------------------------------------------
POST /bridge/550/bhru0tpo/xhr_send 2ms 204
------------------------------------------------------------------------------------------------------
GET /bridge/info 1ms 200
------------------------------------------------------------------------------------------------------
------------------------------------------------------------------------------------------------------
GET /bridge/info 1ms 200
GET /bridge/183/khpr25rn/websocket 2ms (unfinished)
------------------------------------------------------------------------------------------------------
GET /bridge/605/9q4ewhyp/websocket 0ms (unfinished)
------------------------------------------------------------------------------------------------------
GET /bridge/info 1ms 200
------------------------------------------------------------------------------------------------------
GET /bridge/info 1ms 200
------------------------------------------------------------------------------------------------------
GET /bridge/531/05pzhkkd/websocket 3ms (unfinished)
------------------------------------------------------------------------------------------------------
GET /bridge/796/1y7_lmp5/websocket 0ms (unfinished)
------------------------------------------------------------------------------------------------------
GET /bridge/info 1ms 200
------------------------------------------------------------------------------------------------------
GET /bridge/info 0ms 200
------------------------------------------------------------------------------------------------------
GET /bridge/908/an9s7xhs/websocket 2ms (unfinished)
------------------------------------------------------------------------------------------------------
------------------------------------------------------------------------------------------------------
GET /bridge/822/sfulbmn8/websocket 0ms (unfinished)
GET /bridge/info 0ms 200
------------------------------------------------------------------------------------------------------
GET /bridge/info 0ms 200
------------------------------------------------------------------------------------------------------
GET /bridge/219/ptdnz299/websocket 0ms (unfinished)
------------------------------------------------------------------------------------------------------
GET /bridge/492/5ghay86o/websocket 1ms (unfinished)
------------------------------------------------------------------------------------------------------
GET /bridge/info 0ms 200
------------------------------------------------------------------------------------------------------
GET /bridge/info 1ms 200
------------------------------------------------------------------------------------------------------
------------------------------------------------------------------------------------------------------
GET /bridge/871/z0hc87kb/websocket 1ms (unfinished)
GET /bridge/417/1rtb7avn/websocket 0ms (unfinished)
------------------------------------------------------------------------------------------------------
GET /bridge/info 1ms 200
------------------------------------------------------------------------------------------------------
GET /bridge/info 0ms 200
------------------------------------------------------------------------------------------------------
GET /bridge/238/hyhjupeh/websocket 2ms (unfinished)
------------------------------------------------------------------------------------------------------
GET /bridge/801/ctko6pd4/websocket 0ms (unfinished)
------------------------------------------------------------------------------------------------------
GET /bridge/info 1ms 200
------------------------------------------------------------------------------------------------------
GET /bridge/info 1ms 200
------------------------------------------------------------------------------------------------------
GET /bridge/228/44tc97g6/websocket 3ms (unfinished)
------------------------------------------------------------------------------------------------------
GET /bridge/391/ni0umd9d/websocket 0ms (unfinished)
------------------------------------------------------------------------------------------------------
------------------------------------------------------------------------------------------------------
GET /bridge/info 1ms 200
GET /bridge/info 1ms 200
------------------------------------------------------------------------------------------------------
GET /bridge/643/goe12ne0/websocket 3ms (unfinished)
------------------------------------------------------------------------------------------------------
GET /bridge/670/o0mcmb8r/websocket 0ms (unfinished)
------------------------------------------------------------------------------------------------------
GET /bridge/info 1ms 200
------------------------------------------------------------------------------------------------------
GET /bridge/info 0ms 200
------------------------------------------------------------------------------------------------------
------------------------------------------------------------------------------------------------------
GET /bridge/579/g2zekm26/websocket 1ms (unfinished)
GET /bridge/398/hqmdv241/websocket 0ms (unfinished)
------------------------------------------------------------------------------------------------------
GET /bridge/info 0ms 200
------------------------------------------------------------------------------------------------------
GET /bridge/info 1ms 200
------------------------------------------------------------------------------------------------------
GET /bridge/264/gnjwoiac/websocket 1ms (unfinished)
------------------------------------------------------------------------------------------------------
------------------------------------------------------------------------------------------------------
GET /bridge/127/fbb53l6h/websocket 1ms (unfinished)
GET /bridge/info 0ms 200
------------------------------------------------------------------------------------------------------
------------------------------------------------------------------------------------------------------
GET /bridge/info 0ms 200
------------------------------------------------------------------------------------------------------
GET /bridge/566/6nlwvv9l/websocket 1ms (unfinished)
GET /bridge/092/08yu55pj/websocket 0ms (unfinished)
------------------------------------------------------------------------------------------------------
GET /bridge/info 0ms 200
------------------------------------------------------------------------------------------------------
GET /bridge/info 1ms 200
------------------------------------------------------------------------------------------------------
GET /bridge/802/5c1mpu29/websocket 0ms (unfinished)
------------------------------------------------------------------------------------------------------
GET /bridge/003/pb2_e3ed/websocket 0ms (unfinished)
------------------------------------------------------------------------------------------------------
GET /bridge/info 2ms 200
------------------------------------------------------------------------------------------------------
GET /bridge/info 0ms 200
------------------------------------------------------------------------------------------------------
------------------------------------------------------------------------------------------------------
GET /bridge/388/7whtsrrb/websocket 2ms (unfinished)
GET /bridge/231/7mqy7nx2/websocket 1ms (unfinished)
------------------------------------------------------------------------------------------------------
------------------------------------------------------------------------------------------------------
GET /bridge/info 1ms 200
GET /bridge/info 0ms 200
------------------------------------------------------------------------------------------------------
------------------------------------------------------------------------------------------------------
GET /bridge/572/17mhhlzd/websocket 2ms (unfinished)
GET /bridge/963/ckkuc5am/websocket 0ms (unfinished)
------------------------------------------------------------------------------------------------------
GET /bridge/info 1ms 200
------------------------------------------------------------------------------------------------------
GET /bridge/info 1ms 200
------------------------------------------------------------------------------------------------------
GET /bridge/691/duf0ir26/websocket 3ms (unfinished)
------------------------------------------------------------------------------------------------------
GET /bridge/806/s0gdz82o/websocket 0ms (unfinished)
------------------------------------------------------------------------------------------------------
GET /bridge/info 1ms 200
------------------------------------------------------------------------------------------------------
GET /bridge/info 0ms 200
------------------------------------------------------------------------------------------------------
GET /bridge/327/uoer1cak/websocket 3ms (unfinished)
------------------------------------------------------------------------------------------------------
GET /bridge/701/98kznd5_/websocket 1ms (unfinished)
------------------------------------------------------------------------------------------------------
GET /bridge/info 1ms 200
------------------------------------------------------------------------------------------------------
GET /bridge/info 0ms 200
------------------------------------------------------------------------------------------------------
GET /bridge/380/ctq24rat/websocket 3ms (unfinished)
------------------------------------------------------------------------------------------------------
GET /bridge/541/d49eq9md/websocket 0ms (unfinished)
------------------------------------------------------------------------------------------------------
GET /bridge/info 0ms 200
------------------------------------------------------------------------------------------------------
GET /bridge/info 1ms 200
------------------------------------------------------------------------------------------------------
GET /bridge/063/vo5s5p30/websocket 1ms (unfinished)
------------------------------------------------------------------------------------------------------
------------------------------------------------------------------------------------------------------
GET /bridge/811/ehzq4jfp/websocket 0ms (unfinished)
POST /bridge/063/_ivpe0al/xhr_streaming 1ms (unfinished)
------------------------------------------------------------------------------------------------------
POST /bridge/811/xnbs984d/xhr_streaming 0ms (unfinished)
------------------------------------------------------------------------------------------------------
POST /bridge/063/_ivpe0al/xhr_send 3ms 204
------------------------------------------------------------------------------------------------------
POST /bridge/811/xnbs984d/xhr_send 1ms 204
------------------------------------------------------------------------------------------------------
------------------------------------------------------------------------------------------------------
GET /bridge/info 0ms 200
GET /bridge/info 0ms 200
------------------------------------------------------------------------------------------------------
GET /bridge/202/n0a_vg7q/websocket 0ms (unfinished)
------------------------------------------------------------------------------------------------------
GET /bridge/152/xul0y8ix/websocket 0ms (unfinished)
------------------------------------------------------------------------------------------------------
POST /bridge/202/eop_vwxr/xhr_streaming 0ms (unfinished)
------------------------------------------------------------------------------------------------------
Exception on "POST /bridge/202/eop_vwxr/xhr_send" in filter "xhr_send":
RangeError [ERR_SOCKET_BAD_PORT]: Port should be >= 0 and < 65536. Received .
    at validatePort (internal/validators.js:211:11)
    at lookupAndConnect (net.js:1000:5)
    at Socket.connect (net.js:976:5)
    at new module.exports.Socket (C:\Nitrogen\NitroWEB\www\js\lib\webtcp\server\socket.js:67:15)
    at module.exports.WebTCP.dispatch (C:\Nitrogen\NitroWEB\www\js\lib\webtcp\server\webtcp.js:37:40)
    at SockJSConnection.<anonymous> (C:\Nitrogen\NitroWEB\www\js\lib\webtcp\server\webtcp.js:25:12)
    at SockJSConnection.emit (events.js:376:20)
    at Session.didMessage (C:\Nitrogen\NitroWEB\node_modules\sockjs\lib\transport.js:246:25)
    at App.xhr_send (C:\Nitrogen\NitroWEB\node_modules\sockjs\lib\trans-xhr.js:81:15)
    at execute_request (C:\Nitrogen\NitroWEB\node_modules\sockjs\lib\webjs.js:22:37)
------------------------------------------------------------------------------------------------------
POST /bridge/202/eop_vwxr/xhr_send 2ms 500
------------------------------------------------------------------------------------------------------
POST /bridge/152/3sundyqo/xhr_streaming 0ms (unfinished)
------------------------------------------------------------------------------------------------------
Exception on "POST /bridge/152/3sundyqo/xhr_send" in filter "xhr_send":
RangeError [ERR_SOCKET_BAD_PORT]: Port should be >= 0 and < 65536. Received .
    at validatePort (internal/validators.js:211:11)
    at lookupAndConnect (net.js:1000:5)
    at Socket.connect (net.js:976:5)
    at new module.exports.Socket (C:\Nitrogen\NitroWEB\www\js\lib\webtcp\server\socket.js:67:15)
    at module.exports.WebTCP.dispatch (C:\Nitrogen\NitroWEB\www\js\lib\webtcp\server\webtcp.js:37:40)
    at SockJSConnection.<anonymous> (C:\Nitrogen\NitroWEB\www\js\lib\webtcp\server\webtcp.js:25:12)
    at SockJSConnection.emit (events.js:376:20)
    at Session.didMessage (C:\Nitrogen\NitroWEB\node_modules\sockjs\lib\transport.js:246:25)
    at App.xhr_send (C:\Nitrogen\NitroWEB\node_modules\sockjs\lib\trans-xhr.js:81:15)
    at execute_request (C:\Nitrogen\NitroWEB\node_modules\sockjs\lib\webjs.js:22:37)
------------------------------------------------------------------------------------------------------
------------------------------------------------------------------------------------------------------
POST /bridge/152/3sundyqo/xhr_send 2ms 500
GET /bridge/info 1ms 200
------------------------------------------------------------------------------------------------------
GET /bridge/info 1ms 200
------------------------------------------------------------------------------------------------------
------------------------------------------------------------------------------------------------------
GET /bridge/015/odsrf930/websocket 1ms (unfinished)
------------------------------------------------------------------------------------------------------
GET /bridge/361/f_5rdboq/websocket 0ms (unfinished)
------------------------------------------------------------------------------------------------------
POST /bridge/015/xpd7_859/xhr_streaming 1ms (unfinished)
------------------------------------------------------------------------------------------------------
POST /bridge/361/ntgcm9l6/xhr_streaming 0ms (unfinished)
------------------------------------------------------------------------------------------------------
POST /bridge/015/xpd7_859/xhr_send 2ms 204
------------------------------------------------------------------------------------------------------
POST /bridge/361/ntgcm9l6/xhr_send 1ms 204
------------------------------------------------------------------------------------------------------
GET /bridge/info 1ms 200
------------------------------------------------------------------------------------------------------
GET /bridge/info 1ms 200
GET /bridge/399/megcdyfy/websocket 0ms (unfinished)
------------------------------------------------------------------------------------------------------
GET /bridge/986/xayqg3lu/websocket 0ms (unfinished)
------------------------------------------------------------------------------------------------------
------------------------------------------------------------------------------------------------------
POST /bridge/399/1gf0lz4p/xhr_streaming 0ms (unfinished)
------------------------------------------------------------------------------------------------------
Exception on "POST /bridge/399/1gf0lz4p/xhr_send" in filter "xhr_send":
RangeError [ERR_SOCKET_BAD_PORT]: Port should be >= 0 and < 65536. Received .
    at validatePort (internal/validators.js:211:11)
    at lookupAndConnect (net.js:1000:5)
    at Socket.connect (net.js:976:5)
    at new module.exports.Socket (C:\Nitrogen\NitroWEB\www\js\lib\webtcp\server\socket.js:67:15)
    at module.exports.WebTCP.dispatch (C:\Nitrogen\NitroWEB\www\js\lib\webtcp\server\webtcp.js:37:40)
    at SockJSConnection.<anonymous> (C:\Nitrogen\NitroWEB\www\js\lib\webtcp\server\webtcp.js:25:12)
    at SockJSConnection.emit (events.js:376:20)
    at Session.didMessage (C:\Nitrogen\NitroWEB\node_modules\sockjs\lib\transport.js:246:25)
    at App.xhr_send (C:\Nitrogen\NitroWEB\node_modules\sockjs\lib\trans-xhr.js:81:15)
    at execute_request (C:\Nitrogen\NitroWEB\node_modules\sockjs\lib\webjs.js:22:37)
------------------------------------------------------------------------------------------------------
POST /bridge/399/1gf0lz4p/xhr_send 2ms 500
------------------------------------------------------------------------------------------------------
POST /bridge/986/kyt5p3ac/xhr_streaming 1ms (unfinished)
Exception on "POST /bridge/986/kyt5p3ac/xhr_send" in filter "xhr_send":
RangeError [ERR_SOCKET_BAD_PORT]: Port should be >= 0 and < 65536. Received .
    at validatePort (internal/validators.js:211:11)
    at lookupAndConnect (net.js:1000:5)
    at Socket.connect (net.js:976:5)
    at new module.exports.Socket (C:\Nitrogen\NitroWEB\www\js\lib\webtcp\server\socket.js:67:15)
    at module.exports.WebTCP.dispatch (C:\Nitrogen\NitroWEB\www\js\lib\webtcp\server\webtcp.js:37:40)
    at SockJSConnection.<anonymous> (C:\Nitrogen\NitroWEB\www\js\lib\webtcp\server\webtcp.js:25:12)
    at SockJSConnection.emit (events.js:376:20)
    at Session.didMessage (C:\Nitrogen\NitroWEB\node_modules\sockjs\lib\transport.js:246:25)
    at App.xhr_send (C:\Nitrogen\NitroWEB\node_modules\sockjs\lib\trans-xhr.js:81:15)
    at execute_request (C:\Nitrogen\NitroWEB\node_modules\sockjs\lib\webjs.js:22:37)
------------------------------------------------------------------------------------------------------
POST /bridge/986/kyt5p3ac/xhr_send 2ms 500
------------------------------------------------------------------------------------------------------
GET /bridge/info 1ms 200
------------------------------------------------------------------------------------------------------
------------------------------------------------------------------------------------------------------
GET /bridge/info 1ms 200
GET /bridge/310/uyicow_n/websocket 0ms (unfinished)
------------------------------------------------------------------------------------------------------
GET /bridge/829/vp3zfp17/websocket 1ms (unfinished)
------------------------------------------------------------------------------------------------------
------------------------------------------------------------------------------------------------------
POST /bridge/310/08jwkdgc/xhr_streaming 0ms (unfinished)
POST /bridge/310/08jwkdgc/xhr_send 2ms 204
------------------------------------------------------------------------------------------------------
POST /bridge/829/kqzjbafc/xhr_streaming 0ms (unfinished)
------------------------------------------------------------------------------------------------------
GET /bridge/info 0ms 200
------------------------------------------------------------------------------------------------------
GET /bridge/info 1ms 200
------------------------------------------------------------------------------------------------------
GET /bridge/409/b9xul3my/websocket 0ms (unfinished)
------------------------------------------------------------------------------------------------------
------------------------------------------------------------------------------------------------------
GET /bridge/925/ab9ugm0k/websocket 0ms (unfinished)
GET /bridge/info 0ms 200
------------------------------------------------------------------------------------------------------
GET /bridge/info 0ms 200
------------------------------------------------------------------------------------------------------
GET /bridge/581/isui63m2/websocket 0ms (unfinished)
------------------------------------------------------------------------------------------------------
------------------------------------------------------------------------------------------------------
GET /bridge/612/s_8c3lms/websocket 0ms (unfinished)
POST /bridge/581/q177rju9/xhr_streaming 0ms (unfinished)
------------------------------------------------------------------------------------------------------
Exception on "POST /bridge/581/q177rju9/xhr_send" in filter "xhr_send":
RangeError [ERR_SOCKET_BAD_PORT]: Port should be >= 0 and < 65536. Received .
    at validatePort (internal/validators.js:211:11)
    at lookupAndConnect (net.js:1000:5)
    at Socket.connect (net.js:976:5)
    at new module.exports.Socket (C:\Nitrogen\NitroWEB\www\js\lib\webtcp\server\socket.js:67:15)
    at module.exports.WebTCP.dispatch (C:\Nitrogen\NitroWEB\www\js\lib\webtcp\server\webtcp.js:37:40)
    at SockJSConnection.<anonymous> (C:\Nitrogen\NitroWEB\www\js\lib\webtcp\server\webtcp.js:25:12)
    at SockJSConnection.emit (events.js:376:20)
    at Session.didMessage (C:\Nitrogen\NitroWEB\node_modules\sockjs\lib\transport.js:246:25)
    at App.xhr_send (C:\Nitrogen\NitroWEB\node_modules\sockjs\lib\trans-xhr.js:81:15)
    at execute_request (C:\Nitrogen\NitroWEB\node_modules\sockjs\lib\webjs.js:22:37)
POST /bridge/581/q177rju9/xhr_send 2ms 500
------------------------------------------------------------------------------------------------------
------------------------------------------------------------------------------------------------------
------------------------------------------------------------------------------------------------------
POST /bridge/612/i2d__p8l/xhr_streaming 0ms (unfinished)
GET /bridge/info 0ms 200
------------------------------------------------------------------------------------------------------
GET /bridge/info 0ms 200
------------------------------------------------------------------------------------------------------
GET /bridge/066/61lq2ru3/websocket 0ms (unfinished)
------------------------------------------------------------------------------------------------------
GET /bridge/382/9ra9qw76/websocket 0ms (unfinished)
------------------------------------------------------------------------------------------------------
------------------------------------------------------------------------------------------------------
GET /bridge/info 1ms 200
------------------------------------------------------------------------------------------------------
GET /bridge/info 0ms 200
------------------------------------------------------------------------------------------------------
GET /bridge/976/xszxbnnu/websocket 1ms (unfinished)
GET /bridge/510/8xww7jlh/websocket 1ms (unfinished)
------------------------------------------------------------------------------------------------------
GET /bridge/info 2ms 200
------------------------------------------------------------------------------------------------------
GET /bridge/info 1ms 200
------------------------------------------------------------------------------------------------------
GET /bridge/750/6splx71s/websocket 2ms (unfinished)
------------------------------------------------------------------------------------------------------
GET /bridge/530/1bpjbeuq/websocket 0ms (unfinished)
------------------------------------------------------------------------------------------------------
GET /bridge/info 0ms 200
------------------------------------------------------------------------------------------------------
GET /bridge/info 1ms 200
------------------------------------------------------------------------------------------------------
------------------------------------------------------------------------------------------------------
GET /bridge/843/qp1cbrdo/websocket 1ms (unfinished)
GET /bridge/518/pn_o09ul/websocket 0ms (unfinished)
------------------------------------------------------------------------------------------------------
GET /bridge/info 2ms 200
------------------------------------------------------------------------------------------------------
GET /bridge/info 0ms 200
------------------------------------------------------------------------------------------------------
GET /bridge/814/uakr75qw/websocket 3ms (unfinished)
------------------------------------------------------------------------------------------------------
GET /bridge/787/2pg94pov/websocket 0ms (unfinished)
------------------------------------------------------------------------------------------------------
GET /bridge/info 1ms 200
------------------------------------------------------------------------------------------------------
GET /bridge/info 1ms 200
------------------------------------------------------------------------------------------------------
GET /bridge/922/k3clvbza/websocket 3ms (unfinished)
------------------------------------------------------------------------------------------------------
GET /bridge/723/7wwy79_b/websocket 1ms (unfinished)
------------------------------------------------------------------------------------------------------
GET /bridge/info 1ms 200
------------------------------------------------------------------------------------------------------
GET /bridge/info 0ms 200
------------------------------------------------------------------------------------------------------
GET /bridge/561/dbik1e4o/websocket 2ms (unfinished)
------------------------------------------------------------------------------------------------------
GET /bridge/799/u89658uz/websocket 0ms (unfinished)
------------------------------------------------------------------------------------------------------
GET /bridge/info 1ms 200
------------------------------------------------------------------------------------------------------
GET /bridge/info 0ms 200
------------------------------------------------------------------------------------------------------
GET /bridge/487/4gr8_w0o/websocket 3ms (unfinished)
------------------------------------------------------------------------------------------------------
------------------------------------------------------------------------------------------------------
GET /bridge/913/ka_0kz4_/websocket 1ms (unfinished)
------------------------------------------------------------------------------------------------------
POST /bridge/487/hac7yicd/xhr_streaming 1ms (unfinished)
POST /bridge/913/manpxph4/xhr_streaming 1ms (unfinished)
------------------------------------------------------------------------------------------------------
POST /bridge/487/hac7yicd/xhr_send 3ms 204
------------------------------------------------------------------------------------------------------
------------------------------------------------------------------------------------------------------
POST /bridge/913/manpxph4/xhr_send 1ms 204
GET /bridge/info 0ms 200
------------------------------------------------------------------------------------------------------
GET /bridge/info 0ms 200
------------------------------------------------------------------------------------------------------
GET /bridge/079/gj6f55dj/websocket 0ms (unfinished)
------------------------------------------------------------------------------------------------------
GET /bridge/630/7780qonr/websocket 1ms (unfinished)
------------------------------------------------------------------------------------------------------
POST /bridge/079/_gdrmjrx/xhr_streaming 0ms (unfinished)
------------------------------------------------------------------------------------------------------
------------------------------------------------------------------------------------------------------
POST /bridge/079/_gdrmjrx/xhr_send 2ms 204
POST /bridge/630/6oyxri54/xhr_streaming 0ms (unfinished)
------------------------------------------------------------------------------------------------------
POST /bridge/630/6oyxri54/xhr_send 0ms 204
------------------------------------------------------------------------------------------------------
Exception on "POST /bridge/612/i2d__p8l/xhr_send" in filter "xhr_send":
RangeError [ERR_SOCKET_BAD_PORT]: Port should be >= 0 and < 65536. Received .
    at validatePort (internal/validators.js:211:11)
    at lookupAndConnect (net.js:1000:5)
    at Socket.connect (net.js:976:5)
    at new module.exports.Socket (C:\Nitrogen\NitroWEB\www\js\lib\webtcp\server\socket.js:67:15)
    at module.exports.WebTCP.dispatch (C:\Nitrogen\NitroWEB\www\js\lib\webtcp\server\webtcp.js:37:40)
    at SockJSConnection.<anonymous> (C:\Nitrogen\NitroWEB\www\js\lib\webtcp\server\webtcp.js:25:12)
    at SockJSConnection.emit (events.js:376:20)
    at Session.didMessage (C:\Nitrogen\NitroWEB\node_modules\sockjs\lib\transport.js:246:25)
    at App.xhr_send (C:\Nitrogen\NitroWEB\node_modules\sockjs\lib\trans-xhr.js:81:15)
    at execute_request (C:\Nitrogen\NitroWEB\node_modules\sockjs\lib\webjs.js:22:37)
------------------------------------------------------------------------------------------------------
POST /bridge/612/i2d__p8l/xhr_send 7ms 500
------------------------------------------------------------------------------------------------------
GET /bridge/info 1ms 200
------------------------------------------------------------------------------------------------------
GET /bridge/info 1ms 200
------------------------------------------------------------------------------------------------------
------------------------------------------------------------------------------------------------------
GET /bridge/406/awu2k85t/websocket 2ms (unfinished)
------------------------------------------------------------------------------------------------------
GET /bridge/210/0o_fe4c9/websocket 0ms (unfinished)
GET /bridge/info 1ms 200
------------------------------------------------------------------------------------------------------
GET /bridge/info 0ms 200
------------------------------------------------------------------------------------------------------
GET /bridge/504/82xn1iu_/websocket 1ms (unfinished)
------------------------------------------------------------------------------------------------------
GET /bridge/852/z6r374dt/websocket 0ms (unfinished)
------------------------------------------------------------------------------------------------------
GET /bridge/info 1ms 200
------------------------------------------------------------------------------------------------------
GET /bridge/info 0ms 200
------------------------------------------------------------------------------------------------------
GET /bridge/388/rrkqdmh1/websocket 0ms (unfinished)
------------------------------------------------------------------------------------------------------
GET /bridge/398/cbd6cbnr/websocket 0ms (unfinished)
------------------------------------------------------------------------------------------------------
GET /bridge/info 0ms 200
------------------------------------------------------------------------------------------------------
GET /bridge/info 0ms 200
------------------------------------------------------------------------------------------------------
GET /bridge/614/n1mbgybx/websocket 0ms (unfinished)
------------------------------------------------------------------------------------------------------
GET /bridge/036/onjrp94a/websocket 0ms (unfinished)
------------------------------------------------------------------------------------------------------
GET /bridge/info 1ms 200
------------------------------------------------------------------------------------------------------
GET /bridge/info 0ms 200
------------------------------------------------------------------------------------------------------
GET /bridge/102/h5udxovx/websocket 0ms (unfinished)
------------------------------------------------------------------------------------------------------
GET /bridge/281/4h7dtpnj/websocket 0ms (unfinished)
------------------------------------------------------------------------------------------------------
POST /bridge/815/zqoz3owt/xhr_send 2ms 204
------------------------------------------------------------------------------------------------------
