------------------------------------------------------------------------------------------------------
GET /bridge/info 1ms 200
GET /bridge/info 1ms 200
------------------------------------------------------------------------------------------------------
GET /bridge/563/6mksfkgi/websocket 0ms (unfinished)
------------------------------------------------------------------------------------------------------
------------------------------------------------------------------------------------------------------
GET /bridge/904/y0vt7m_3/websocket 0ms (unfinished)
------------------------------------------------------------------------------------------------------
POST /bridge/904/9mbvvalw/xhr_streaming 1ms (unfinished)
POST /bridge/563/05wr3upm/xhr_streaming 0ms (unfinished)
------------------------------------------------------------------------------------------------------
------------------------------------------------------------------------------------------------------
POST /bridge/563/05wr3upm/xhr_send 1ms 204
------------------------------------------------------------------------------------------------------
POST /bridge/904/9mbvvalw/xhr_send 0ms 204
------------------------------------------------------------------------------------------------------
GET /bridge/info 0ms 200
GET /bridge/info 0ms 200
------------------------------------------------------------------------------------------------------
------------------------------------------------------------------------------------------------------
GET /bridge/243/1fgzkrdu/websocket 0ms (unfinished)
------------------------------------------------------------------------------------------------------
GET /bridge/797/xxl2ioo9/websocket 0ms (unfinished)
POST /bridge/243/p6yo57tu/xhr_streaming 0ms (unfinished)
------------------------------------------------------------------------------------------------------
POST /bridge/243/p6yo57tu/xhr_send 1ms 204
------------------------------------------------------------------------------------------------------
------------------------------------------------------------------------------------------------------
POST /bridge/797/h74mrqw1/xhr_streaming 1ms (unfinished)
POST /bridge/797/h74mrqw1/xhr_send 0ms 204
------------------------------------------------------------------------------------------------------
GET /bridge/info 0ms 200
------------------------------------------------------------------------------------------------------
GET /bridge/info 0ms 200
------------------------------------------------------------------------------------------------------
GET /bridge/525/zvemn1we/websocket 0ms (unfinished)
------------------------------------------------------------------------------------------------------
GET /bridge/069/7sdbhgim/websocket 0ms (unfinished)
------------------------------------------------------------------------------------------------------
------------------------------------------------------------------------------------------------------
POST /bridge/525/cbxrh7l0/xhr_streaming 1ms (unfinished)
POST /bridge/525/cbxrh7l0/xhr_send 1ms 204
------------------------------------------------------------------------------------------------------
POST /bridge/069/joss4864/xhr_streaming 1ms (unfinished)
------------------------------------------------------------------------------------------------------
POST /bridge/069/joss4864/xhr_send 1ms 204
------------------------------------------------------------------------------------------------------
GET /bridge/info 1ms 200
------------------------------------------------------------------------------------------------------
GET /bridge/info 0ms 200
------------------------------------------------------------------------------------------------------
GET /bridge/385/83qnq0ja/websocket 3ms (unfinished)
------------------------------------------------------------------------------------------------------
GET /bridge/645/lf0ps5qd/websocket 0ms (unfinished)
------------------------------------------------------------------------------------------------------
------------------------------------------------------------------------------------------------------
POST /bridge/385/avdkeuya/xhr_streaming 0ms (unfinished)
POST /bridge/385/avdkeuya/xhr_send 3ms 204
------------------------------------------------------------------------------------------------------
POST /bridge/645/s1a8cpoa/xhr_streaming 0ms (unfinished)
------------------------------------------------------------------------------------------------------
POST /bridge/645/s1a8cpoa/xhr_send 1ms 204
------------------------------------------------------------------------------------------------------
------------------------------------------------------------------------------------------------------
GET /bridge/info 1ms 200
------------------------------------------------------------------------------------------------------
GET /bridge/info 0ms 200
GET /bridge/917/8zw2kubs/websocket 2ms (unfinished)
------------------------------------------------------------------------------------------------------
GET /bridge/117/ixn2tmkk/websocket 0ms (unfinished)
------------------------------------------------------------------------------------------------------
POST /bridge/917/479ag13r/xhr_streaming 1ms (unfinished)
------------------------------------------------------------------------------------------------------
POST /bridge/917/479ag13r/xhr_send 3ms 204
------------------------------------------------------------------------------------------------------
POST /bridge/117/zfq5ub0o/xhr_streaming 0ms (unfinished)
------------------------------------------------------------------------------------------------------
GET /bridge/info 1ms 200
------------------------------------------------------------------------------------------------------
------------------------------------------------------------------------------------------------------
GET /bridge/info 0ms 200
GET /bridge/310/dwr5wqze/websocket 0ms (unfinished)
------------------------------------------------------------------------------------------------------
GET /bridge/791/ar_20drq/websocket 0ms (unfinished)
------------------------------------------------------------------------------------------------------
------------------------------------------------------------------------------------------------------
POST /bridge/310/tt0ta2ng/xhr_streaming 1ms (unfinished)
POST /bridge/310/tt0ta2ng/xhr_send 1ms 204
------------------------------------------------------------------------------------------------------
POST /bridge/791/1l4vyfkb/xhr_streaming 1ms (unfinished)
------------------------------------------------------------------------------------------------------
GET /bridge/info 0ms 200
------------------------------------------------------------------------------------------------------
GET /bridge/info 0ms 200
------------------------------------------------------------------------------------------------------
------------------------------------------------------------------------------------------------------
GET /bridge/416/s88i4hz_/websocket 0ms (unfinished)
GET /bridge/077/m0g_7gu1/websocket 1ms (unfinished)
------------------------------------------------------------------------------------------------------
GET /bridge/info 0ms 200
------------------------------------------------------------------------------------------------------
------------------------------------------------------------------------------------------------------
GET /bridge/info 1ms 200
GET /bridge/612/80y0t4bi/websocket 1ms (unfinished)
------------------------------------------------------------------------------------------------------
GET /bridge/540/oxxqlg57/websocket 0ms (unfinished)
------------------------------------------------------------------------------------------------------
GET /bridge/info 0ms 200
------------------------------------------------------------------------------------------------------
------------------------------------------------------------------------------------------------------
GET /bridge/881/fi8szi_4/websocket 0ms (unfinished)
GET /bridge/info 1ms 200
------------------------------------------------------------------------------------------------------
GET /bridge/103/o_02dybe/websocket 0ms (unfinished)
------------------------------------------------------------------------------------------------------
GET /bridge/info 0ms 200
------------------------------------------------------------------------------------------------------
GET /bridge/info 0ms 200
------------------------------------------------------------------------------------------------------
GET /bridge/347/whcgv3c7/websocket 0ms (unfinished)
------------------------------------------------------------------------------------------------------
GET /bridge/938/awml627c/websocket 0ms (unfinished)
------------------------------------------------------------------------------------------------------
GET /bridge/info 1ms 200
------------------------------------------------------------------------------------------------------
GET /bridge/info 1ms 200
------------------------------------------------------------------------------------------------------
GET /bridge/231/o088er_h/websocket 0ms (unfinished)
------------------------------------------------------------------------------------------------------
GET /bridge/817/cxxxkxrz/websocket 0ms (unfinished)
------------------------------------------------------------------------------------------------------
GET /bridge/info 0ms 200
------------------------------------------------------------------------------------------------------
GET /bridge/info 0ms 200
------------------------------------------------------------------------------------------------------
GET /bridge/170/y5az32j8/websocket 0ms (unfinished)
------------------------------------------------------------------------------------------------------
GET /bridge/641/6696k8jr/websocket 0ms (unfinished)
------------------------------------------------------------------------------------------------------
------------------------------------------------------------------------------------------------------
GET /bridge/info 1ms 200
GET /bridge/info 1ms 200
------------------------------------------------------------------------------------------------------
GET /bridge/488/b233l_3u/websocket 0ms (unfinished)
------------------------------------------------------------------------------------------------------
------------------------------------------------------------------------------------------------------
GET /bridge/229/78jsejep/websocket 0ms (unfinished)
GET /bridge/info 1ms 200
------------------------------------------------------------------------------------------------------
GET /bridge/info 0ms 200
------------------------------------------------------------------------------------------------------
GET /bridge/054/3qzyf9vg/websocket 0ms (unfinished)
------------------------------------------------------------------------------------------------------
GET /bridge/842/195mvhhv/websocket 0ms (unfinished)
------------------------------------------------------------------------------------------------------
------------------------------------------------------------------------------------------------------
GET /bridge/info 0ms 200
GET /bridge/info 0ms 200
------------------------------------------------------------------------------------------------------
GET /bridge/325/fwz077wl/websocket 1ms (unfinished)
------------------------------------------------------------------------------------------------------
GET /bridge/143/bf_d7wte/websocket 0ms (unfinished)
------------------------------------------------------------------------------------------------------
GET /bridge/info 1ms 200
------------------------------------------------------------------------------------------------------
GET /bridge/info 0ms 200
------------------------------------------------------------------------------------------------------
GET /bridge/760/ljhifnug/websocket 0ms (unfinished)
------------------------------------------------------------------------------------------------------
GET /bridge/143/l9o17adu/websocket 1ms (unfinished)
------------------------------------------------------------------------------------------------------
GET /bridge/info 0ms 200
------------------------------------------------------------------------------------------------------
GET /bridge/info 0ms 200
------------------------------------------------------------------------------------------------------
------------------------------------------------------------------------------------------------------
GET /bridge/100/7uvoqkee/websocket 0ms (unfinished)
GET /bridge/527/ov29tsz3/websocket 1ms (unfinished)
------------------------------------------------------------------------------------------------------
01,02,2022,09,00
------------------------------------------------------------------------------------------------------
------------------------------------------------------------------------------------------------------
02,03,2022,09,00
GET /bridge/info 2ms 200
------------------------------------------------------------------------------------------------------
GET /bridge/info 0ms 200
------------------------------------------------------------------------------------------------------
GET /bridge/140/7jy008dm/websocket 3ms (unfinished)
------------------------------------------------------------------------------------------------------
GET /bridge/771/57w7yr6k/websocket 0ms (unfinished)
------------------------------------------------------------------------------------------------------
------------------------------------------------------------------------------------------------------
GET /bridge/info 1ms 200
GET /bridge/info 0ms 200
------------------------------------------------------------------------------------------------------
GET /bridge/316/0k7t4gc8/websocket 0ms (unfinished)
------------------------------------------------------------------------------------------------------
GET /bridge/119/2iralhbx/websocket 0ms (unfinished)
------------------------------------------------------------------------------------------------------
------------------------------------------------------------------------------------------------------
GET /bridge/info 0ms 200
------------------------------------------------------------------------------------------------------
GET /bridge/info 1ms 200
GET /bridge/673/b80x8wcg/websocket 0ms (unfinished)
------------------------------------------------------------------------------------------------------
------------------------------------------------------------------------------------------------------
GET /bridge/948/6aaeks04/websocket 1ms (unfinished)
------------------------------------------------------------------------------------------------------
GET /bridge/info 1ms 200
GET /bridge/936/drfk4kux/websocket 2ms (unfinished)
------------------------------------------------------------------------------------------------------
GET /bridge/info 0ms 200
------------------------------------------------------------------------------------------------------
GET /bridge/045/9q1u9laf/websocket 0ms (unfinished)
------------------------------------------------------------------------------------------------------
GET /bridge/info 0ms 200
------------------------------------------------------------------------------------------------------
GET /bridge/info 1ms 200
------------------------------------------------------------------------------------------------------
GET /bridge/805/ud1bg21s/websocket 1ms (unfinished)
------------------------------------------------------------------------------------------------------
GET /bridge/789/fee7j2u0/websocket 0ms (unfinished)
------------------------------------------------------------------------------------------------------
GET /bridge/info 0ms 200
------------------------------------------------------------------------------------------------------
GET /bridge/info 1ms 200
------------------------------------------------------------------------------------------------------
GET /bridge/733/k60sdh6t/websocket 0ms (unfinished)
------------------------------------------------------------------------------------------------------
GET /bridge/093/o52bwem9/websocket 0ms (unfinished)
------------------------------------------------------------------------------------------------------
POST /bridge/733/zunrvgn8/xhr_streaming 1ms (unfinished)
------------------------------------------------------------------------------------------------------
POST /bridge/733/zunrvgn8/xhr_send 3ms 204
------------------------------------------------------------------------------------------------------
POST /bridge/093/df2one9b/xhr_streaming 1ms (unfinished)
------------------------------------------------------------------------------------------------------
POST /bridge/093/df2one9b/xhr_send 1ms 204
------------------------------------------------------------------------------------------------------
GET /bridge/info 1ms 200
------------------------------------------------------------------------------------------------------
------------------------------------------------------------------------------------------------------
GET /bridge/info 0ms 200
------------------------------------------------------------------------------------------------------
GET /bridge/539/av1dvwup/websocket 0ms (unfinished)
GET /bridge/806/xtokpj5v/websocket 1ms (unfinished)
------------------------------------------------------------------------------------------------------
POST /bridge/539/lsqg2nn8/xhr_streaming 0ms (unfinished)
------------------------------------------------------------------------------------------------------
POST /bridge/539/lsqg2nn8/xhr_send 1ms 204
------------------------------------------------------------------------------------------------------
POST /bridge/806/mpuvam7t/xhr_streaming 0ms (unfinished)
------------------------------------------------------------------------------------------------------
POST /bridge/806/mpuvam7t/xhr_send 1ms 204
------------------------------------------------------------------------------------------------------
GET /bridge/info 1ms 200
------------------------------------------------------------------------------------------------------
GET /bridge/info 0ms 200
------------------------------------------------------------------------------------------------------
GET /bridge/556/z73j4pm8/websocket 1ms (unfinished)
------------------------------------------------------------------------------------------------------
------------------------------------------------------------------------------------------------------
GET /bridge/977/17c9zl9k/websocket 0ms (unfinished)
POST /bridge/556/ebt7aemy/xhr_streaming 1ms (unfinished)
------------------------------------------------------------------------------------------------------
POST /bridge/556/ebt7aemy/xhr_send 1ms 204
------------------------------------------------------------------------------------------------------
POST /bridge/977/t1qkgo5e/xhr_streaming 0ms (unfinished)
------------------------------------------------------------------------------------------------------
------------------------------------------------------------------------------------------------------
POST /bridge/977/t1qkgo5e/xhr_send 0ms 204
------------------------------------------------------------------------------------------------------
GET /bridge/info 1ms 200
GET /bridge/info 0ms 200
------------------------------------------------------------------------------------------------------
GET /bridge/936/785zfsnf/websocket 0ms (unfinished)
------------------------------------------------------------------------------------------------------
GET /bridge/411/u9jwbp9m/websocket 0ms (unfinished)
------------------------------------------------------------------------------------------------------
POST /bridge/936/4bb1oz00/xhr_streaming 0ms (unfinished)
------------------------------------------------------------------------------------------------------
POST /bridge/936/4bb1oz00/xhr_send 1ms 204
------------------------------------------------------------------------------------------------------
POST /bridge/411/qup_uyrn/xhr_streaming 1ms (unfinished)
------------------------------------------------------------------------------------------------------
------------------------------------------------------------------------------------------------------
POST /bridge/411/qup_uyrn/xhr_send 1ms 204
GET /bridge/info 0ms 200
------------------------------------------------------------------------------------------------------
GET /bridge/info 0ms 200
------------------------------------------------------------------------------------------------------
GET /bridge/068/l1q5q8eo/websocket 1ms (unfinished)
------------------------------------------------------------------------------------------------------
GET /bridge/530/k_icz7qm/websocket 0ms (unfinished)
------------------------------------------------------------------------------------------------------
GET /bridge/info 0ms 200
------------------------------------------------------------------------------------------------------
------------------------------------------------------------------------------------------------------
GET /bridge/info 0ms 200
GET /bridge/080/k_q4wr24/websocket 0ms (unfinished)
------------------------------------------------------------------------------------------------------
------------------------------------------------------------------------------------------------------
GET /bridge/003/asgjyvz4/websocket 0ms (unfinished)
POST /bridge/080/of_wvklb/xhr_streaming 0ms (unfinished)
------------------------------------------------------------------------------------------------------
------------------------------------------------------------------------------------------------------
POST /bridge/080/of_wvklb/xhr_send 0ms 204
POST /bridge/003/vahus_z_/xhr_streaming 1ms (unfinished)
------------------------------------------------------------------------------------------------------
POST /bridge/003/vahus_z_/xhr_send 0ms 204
------------------------------------------------------------------------------------------------------
GET /bridge/info 0ms 200
------------------------------------------------------------------------------------------------------
GET /bridge/info 1ms 200
------------------------------------------------------------------------------------------------------
GET /bridge/442/dibm4jd3/websocket 0ms (unfinished)
------------------------------------------------------------------------------------------------------
GET /bridge/130/688fu6zb/websocket 0ms (unfinished)
------------------------------------------------------------------------------------------------------
GET /bridge/info 1ms 200
------------------------------------------------------------------------------------------------------
GET /bridge/info 0ms 200
------------------------------------------------------------------------------------------------------
GET /bridge/876/r0lxyf5f/websocket 1ms (unfinished)
------------------------------------------------------------------------------------------------------
------------------------------------------------------------------------------------------------------
GET /bridge/150/nrtmeazb/websocket 1ms (unfinished)
------------------------------------------------------------------------------------------------------
GET /bridge/info 1ms 200
------------------------------------------------------------------------------------------------------
GET /bridge/info 0ms 200
GET /bridge/999/8_138374/websocket 2ms (unfinished)
------------------------------------------------------------------------------------------------------
------------------------------------------------------------------------------------------------------
GET /bridge/931/1rkn4uf4/websocket 0ms (unfinished)
POST /bridge/999/6pc072yz/xhr_streaming 1ms (unfinished)
------------------------------------------------------------------------------------------------------
POST /bridge/999/6pc072yz/xhr_send 4ms 204
------------------------------------------------------------------------------------------------------
POST /bridge/931/c3640tdc/xhr_streaming 1ms (unfinished)
------------------------------------------------------------------------------------------------------
GET /bridge/info 0ms 200
------------------------------------------------------------------------------------------------------
------------------------------------------------------------------------------------------------------
GET /bridge/info 1ms 200
GET /bridge/118/xy84z6xh/websocket 0ms (unfinished)
------------------------------------------------------------------------------------------------------
GET /bridge/569/0t84fw0j/websocket 0ms (unfinished)
------------------------------------------------------------------------------------------------------
GET /bridge/info 0ms 200
------------------------------------------------------------------------------------------------------
------------------------------------------------------------------------------------------------------
GET /bridge/info 1ms 200
GET /bridge/300/os0b_rp4/websocket 0ms (unfinished)
------------------------------------------------------------------------------------------------------
GET /bridge/421/7b8xleuc/websocket 1ms (unfinished)
------------------------------------------------------------------------------------------------------
GET /bridge/info 0ms 200
------------------------------------------------------------------------------------------------------
GET /bridge/info 0ms 200
------------------------------------------------------------------------------------------------------
GET /bridge/190/urm2pjj0/websocket 0ms (unfinished)
------------------------------------------------------------------------------------------------------
------------------------------------------------------------------------------------------------------
GET /bridge/386/lpei017d/websocket 0ms (unfinished)
GET /bridge/info 0ms 200
------------------------------------------------------------------------------------------------------
GET /bridge/info 0ms 200
------------------------------------------------------------------------------------------------------
------------------------------------------------------------------------------------------------------
GET /bridge/514/u33wchue/websocket 0ms (unfinished)
GET /bridge/139/kwbsb9g3/websocket 0ms (unfinished)
------------------------------------------------------------------------------------------------------
------------------------------------------------------------------------------------------------------
GET /bridge/info 1ms 200
GET /bridge/info 1ms 200
------------------------------------------------------------------------------------------------------
GET /bridge/610/mklz1g4i/websocket 2ms (unfinished)
------------------------------------------------------------------------------------------------------
GET /bridge/024/xx7mxu7f/websocket 0ms (unfinished)
------------------------------------------------------------------------------------------------------
GET /bridge/info 1ms 200
------------------------------------------------------------------------------------------------------
------------------------------------------------------------------------------------------------------
GET /bridge/info 0ms 200
GET /bridge/145/cveun5i7/websocket 3ms (unfinished)
------------------------------------------------------------------------------------------------------
------------------------------------------------------------------------------------------------------
GET /bridge/856/5hzurwj8/websocket 0ms (unfinished)
GET /bridge/info 1ms 200
------------------------------------------------------------------------------------------------------
GET /bridge/info 1ms 200
------------------------------------------------------------------------------------------------------
GET /bridge/386/q9o4z0mk/websocket 2ms (unfinished)
------------------------------------------------------------------------------------------------------
GET /bridge/681/4iggvmls/websocket 0ms (unfinished)
------------------------------------------------------------------------------------------------------
GET /bridge/info 0ms 200
------------------------------------------------------------------------------------------------------
GET /bridge/info 0ms 200
------------------------------------------------------------------------------------------------------
GET /bridge/655/au70l60j/websocket 0ms (unfinished)
------------------------------------------------------------------------------------------------------
GET /bridge/690/ha6css5c/websocket 0ms (unfinished)
------------------------------------------------------------------------------------------------------
GET /bridge/info 0ms 200
------------------------------------------------------------------------------------------------------
GET /bridge/info 0ms 200
------------------------------------------------------------------------------------------------------
GET /bridge/109/8w67fs5z/websocket 1ms (unfinished)
------------------------------------------------------------------------------------------------------
GET /bridge/996/v9qmvnmt/websocket 0ms (unfinished)
------------------------------------------------------------------------------------------------------
GET /bridge/info 0ms 200
------------------------------------------------------------------------------------------------------
GET /bridge/info 0ms 200
------------------------------------------------------------------------------------------------------
GET /bridge/214/k0dd6ikx/websocket 0ms (unfinished)
------------------------------------------------------------------------------------------------------
GET /bridge/671/xcs3c8ou/websocket 0ms (unfinished)
------------------------------------------------------------------------------------------------------
GET /bridge/info 1ms 200
------------------------------------------------------------------------------------------------------
GET /bridge/info 1ms 200
------------------------------------------------------------------------------------------------------
GET /bridge/482/5qmg7dew/websocket 0ms (unfinished)
------------------------------------------------------------------------------------------------------
GET /bridge/849/wxjco_ux/websocket 1ms (unfinished)
------------------------------------------------------------------------------------------------------
GET /bridge/info 0ms 200
------------------------------------------------------------------------------------------------------
GET /bridge/info 0ms 200
------------------------------------------------------------------------------------------------------
GET /bridge/557/0kcn3vdc/websocket 1ms (unfinished)
------------------------------------------------------------------------------------------------------
GET /bridge/516/yf1t_vfu/websocket 0ms (unfinished)
------------------------------------------------------------------------------------------------------
------------------------------------------------------------------------------------------------------
GET /bridge/info 1ms 200
GET /bridge/info 1ms 200
------------------------------------------------------------------------------------------------------
GET /bridge/820/myikzyqj/websocket 0ms (unfinished)
------------------------------------------------------------------------------------------------------
------------------------------------------------------------------------------------------------------
GET /bridge/790/u9v2cfk9/websocket 0ms (unfinished)
GET /bridge/info 0ms 200
------------------------------------------------------------------------------------------------------
GET /bridge/info 0ms 200
------------------------------------------------------------------------------------------------------
------------------------------------------------------------------------------------------------------
GET /bridge/283/tf652ggn/websocket 0ms (unfinished)
GET /bridge/673/mbyd1_0g/websocket 0ms (unfinished)
------------------------------------------------------------------------------------------------------
GET /bridge/info 0ms 200
------------------------------------------------------------------------------------------------------
------------------------------------------------------------------------------------------------------
GET /bridge/info 0ms 200
GET /bridge/357/flxse20n/websocket 1ms (unfinished)
------------------------------------------------------------------------------------------------------
GET /bridge/807/rp94yrq4/websocket 1ms (unfinished)
------------------------------------------------------------------------------------------------------
GET /bridge/info 0ms 200
------------------------------------------------------------------------------------------------------
GET /bridge/info 0ms 200
------------------------------------------------------------------------------------------------------
GET /bridge/476/lrv7qacx/websocket 0ms (unfinished)
------------------------------------------------------------------------------------------------------
------------------------------------------------------------------------------------------------------
GET /bridge/097/6r6p5ij8/websocket 0ms (unfinished)
GET /bridge/info 1ms 200
------------------------------------------------------------------------------------------------------
------------------------------------------------------------------------------------------------------
GET /bridge/info 0ms 200
GET /bridge/513/pk9u30ue/websocket 0ms (unfinished)
------------------------------------------------------------------------------------------------------
GET /bridge/095/a8u6w3nw/websocket 0ms (unfinished)
------------------------------------------------------------------------------------------------------
GET /bridge/info 1ms 200
------------------------------------------------------------------------------------------------------
GET /bridge/info 1ms 200
------------------------------------------------------------------------------------------------------
GET /bridge/108/mozsas14/websocket 1ms (unfinished)
------------------------------------------------------------------------------------------------------
------------------------------------------------------------------------------------------------------
GET /bridge/181/u9gd9r2u/websocket 2ms (unfinished)
------------------------------------------------------------------------------------------------------
GET /bridge/info 1ms 200
GET /bridge/info 0ms 200
------------------------------------------------------------------------------------------------------
GET /bridge/227/cjovw4um/websocket 0ms (unfinished)
------------------------------------------------------------------------------------------------------
GET /bridge/298/7z1n8o9e/websocket 0ms (unfinished)
------------------------------------------------------------------------------------------------------
GET /bridge/info 1ms 200
------------------------------------------------------------------------------------------------------
GET /bridge/info 0ms 200
------------------------------------------------------------------------------------------------------
GET /bridge/964/osn_6guc/websocket 0ms (unfinished)
------------------------------------------------------------------------------------------------------
------------------------------------------------------------------------------------------------------
GET /bridge/051/twrk_gth/websocket 0ms (unfinished)
------------------------------------------------------------------------------------------------------
GET /bridge/info 0ms 200
------------------------------------------------------------------------------------------------------
GET /bridge/info 0ms 200
GET /bridge/927/4qd7d0ia/websocket 0ms (unfinished)
------------------------------------------------------------------------------------------------------
------------------------------------------------------------------------------------------------------
GET /bridge/932/l5ttznue/websocket 1ms (unfinished)
POST /bridge/931/c3640tdc/xhr_send 3ms 204
------------------------------------------------------------------------------------------------------
GET /bridge/info 1ms 200
------------------------------------------------------------------------------------------------------
GET /bridge/info 1ms 200
------------------------------------------------------------------------------------------------------
GET /bridge/563/qpkoi_of/websocket 0ms (unfinished)
------------------------------------------------------------------------------------------------------
GET /bridge/803/y6lqwmdi/websocket 0ms (unfinished)
------------------------------------------------------------------------------------------------------
POST /bridge/563/beqql8d9/xhr_streaming 1ms (unfinished)
------------------------------------------------------------------------------------------------------
POST /bridge/563/beqql8d9/xhr_send 1ms 204
------------------------------------------------------------------------------------------------------
POST /bridge/803/n1w9h5si/xhr_streaming 0ms (unfinished)
------------------------------------------------------------------------------------------------------
POST /bridge/803/n1w9h5si/xhr_send 0ms 204
------------------------------------------------------------------------------------------------------
------------------------------------------------------------------------------------------------------
GET /bridge/info 0ms 200
------------------------------------------------------------------------------------------------------
GET /bridge/info 0ms 200
------------------------------------------------------------------------------------------------------
GET /bridge/041/5iue7wjf/websocket 0ms (unfinished)
GET /bridge/304/a87ecw6b/websocket 0ms (unfinished)
------------------------------------------------------------------------------------------------------
POST /bridge/041/ku0p83br/xhr_streaming 0ms (unfinished)
------------------------------------------------------------------------------------------------------
------------------------------------------------------------------------------------------------------
POST /bridge/041/ku0p83br/xhr_send 1ms 204
POST /bridge/304/ox17yr_0/xhr_streaming 1ms (unfinished)
------------------------------------------------------------------------------------------------------
POST /bridge/304/ox17yr_0/xhr_send 1ms 204
------------------------------------------------------------------------------------------------------
------------------------------------------------------------------------------------------------------
GET /bridge/info 0ms 200
GET /bridge/info 0ms 200
------------------------------------------------------------------------------------------------------
GET /bridge/814/5r4uqd4t/websocket 1ms (unfinished)
------------------------------------------------------------------------------------------------------
------------------------------------------------------------------------------------------------------
GET /bridge/371/48ts3b4b/websocket 0ms (unfinished)
POST /bridge/814/t2vamne8/xhr_streaming 0ms (unfinished)
------------------------------------------------------------------------------------------------------
POST /bridge/814/t2vamne8/xhr_send 1ms 204
------------------------------------------------------------------------------------------------------
POST /bridge/371/le6zwlxi/xhr_streaming 1ms (unfinished)
------------------------------------------------------------------------------------------------------
GET /bridge/info 0ms 200
------------------------------------------------------------------------------------------------------
------------------------------------------------------------------------------------------------------
GET /bridge/info 0ms 200
GET /bridge/770/3bcihetg/websocket 0ms (unfinished)
------------------------------------------------------------------------------------------------------
------------------------------------------------------------------------------------------------------
GET /bridge/972/i8fm9jky/websocket 0ms (unfinished)
------------------------------------------------------------------------------------------------------
GET /bridge/info 1ms 200
GET /bridge/info 0ms 200
------------------------------------------------------------------------------------------------------
GET /bridge/352/_0nv8gn7/websocket 3ms (unfinished)
------------------------------------------------------------------------------------------------------
------------------------------------------------------------------------------------------------------
GET /bridge/353/jhiru32_/websocket 0ms (unfinished)
GET /bridge/info 0ms 200
------------------------------------------------------------------------------------------------------
GET /bridge/info 0ms 200
------------------------------------------------------------------------------------------------------
GET /bridge/592/5eutswbb/websocket 0ms (unfinished)
------------------------------------------------------------------------------------------------------
GET /bridge/774/zw1v6nkd/websocket 1ms (unfinished)
------------------------------------------------------------------------------------------------------
GET /bridge/info 1ms 200
------------------------------------------------------------------------------------------------------
GET /bridge/info 1ms 200
------------------------------------------------------------------------------------------------------
GET /bridge/060/_r79p7lr/websocket 2ms (unfinished)
------------------------------------------------------------------------------------------------------
GET /bridge/894/3ceeh9me/websocket 0ms (unfinished)
------------------------------------------------------------------------------------------------------
GET /bridge/info 1ms 200
------------------------------------------------------------------------------------------------------
GET /bridge/info 1ms 200
------------------------------------------------------------------------------------------------------
GET /bridge/708/qef7bpz5/websocket 3ms (unfinished)
------------------------------------------------------------------------------------------------------
GET /bridge/755/8_nr9mzo/websocket 1ms (unfinished)
------------------------------------------------------------------------------------------------------
GET /bridge/info 0ms 200
------------------------------------------------------------------------------------------------------
------------------------------------------------------------------------------------------------------
GET /bridge/info 0ms 200
GET /bridge/608/_vnu99tc/websocket 0ms (unfinished)
------------------------------------------------------------------------------------------------------
------------------------------------------------------------------------------------------------------
GET /bridge/097/5i1sc3xw/websocket 0ms (unfinished)
GET /bridge/info 1ms 200
------------------------------------------------------------------------------------------------------
GET /bridge/info 1ms 200
------------------------------------------------------------------------------------------------------
GET /bridge/465/unrvhp1m/websocket 0ms (unfinished)
------------------------------------------------------------------------------------------------------
GET /bridge/700/td752vcx/websocket 1ms (unfinished)
------------------------------------------------------------------------------------------------------
GET /bridge/info 0ms 200
------------------------------------------------------------------------------------------------------
GET /bridge/info 1ms 200
------------------------------------------------------------------------------------------------------
GET /bridge/710/1n415cot/websocket 0ms (unfinished)
------------------------------------------------------------------------------------------------------
------------------------------------------------------------------------------------------------------
GET /bridge/748/bayw_4yb/websocket 1ms (unfinished)
------------------------------------------------------------------------------------------------------
POST /bridge/791/1l4vyfkb/xhr_send 3ms 204
GET /bridge/info 1ms 200
------------------------------------------------------------------------------------------------------
GET /bridge/info 0ms 200
------------------------------------------------------------------------------------------------------
GET /bridge/244/u4qeqflc/websocket 0ms (unfinished)
------------------------------------------------------------------------------------------------------
GET /bridge/682/wwf2klrt/websocket 1ms (unfinished)
------------------------------------------------------------------------------------------------------
------------------------------------------------------------------------------------------------------
GET /bridge/info 0ms 200
------------------------------------------------------------------------------------------------------
GET /bridge/info 0ms 200
GET /bridge/976/_sf6gyz_/websocket 0ms (unfinished)
------------------------------------------------------------------------------------------------------
GET /bridge/060/v3y2izbp/websocket 0ms (unfinished)
------------------------------------------------------------------------------------------------------
------------------------------------------------------------------------------------------------------
GET /bridge/info 1ms 200
GET /bridge/info 1ms 200
------------------------------------------------------------------------------------------------------
GET /bridge/207/e9kcecn9/websocket 0ms (unfinished)
------------------------------------------------------------------------------------------------------
GET /bridge/187/i9gp4kc_/websocket 0ms (unfinished)
------------------------------------------------------------------------------------------------------
GET /bridge/info 1ms 200
------------------------------------------------------------------------------------------------------
GET /bridge/info 1ms 200
------------------------------------------------------------------------------------------------------
------------------------------------------------------------------------------------------------------
GET /bridge/761/4g7y9upb/websocket 2ms (unfinished)
GET /bridge/845/7wy7bm0h/websocket 0ms (unfinished)
------------------------------------------------------------------------------------------------------
GET /bridge/info 1ms 200
------------------------------------------------------------------------------------------------------
GET /bridge/info 0ms 200
------------------------------------------------------------------------------------------------------
GET /bridge/543/c8eqqy30/websocket 0ms (unfinished)
------------------------------------------------------------------------------------------------------
GET /bridge/332/ub7xll_8/websocket 0ms (unfinished)
------------------------------------------------------------------------------------------------------
GET /bridge/info 0ms 200
------------------------------------------------------------------------------------------------------
GET /bridge/info 0ms 200
------------------------------------------------------------------------------------------------------
GET /bridge/022/yanc1rvp/websocket 1ms (unfinished)
------------------------------------------------------------------------------------------------------
GET /bridge/659/h_tin6sd/websocket 1ms (unfinished)
------------------------------------------------------------------------------------------------------
------------------------------------------------------------------------------------------------------
GET /bridge/info 1ms 200
------------------------------------------------------------------------------------------------------
GET /bridge/info 0ms 200
GET /bridge/563/95ahxxzq/websocket 1ms (unfinished)
------------------------------------------------------------------------------------------------------
GET /bridge/997/ibz9es0z/websocket 1ms (unfinished)
------------------------------------------------------------------------------------------------------
GET /bridge/info 0ms 200
------------------------------------------------------------------------------------------------------
GET /bridge/info 0ms 200
------------------------------------------------------------------------------------------------------
------------------------------------------------------------------------------------------------------
GET /bridge/474/ckdlknq5/websocket 1ms (unfinished)
------------------------------------------------------------------------------------------------------
GET /bridge/324/8up72lbb/websocket 0ms (unfinished)
GET /bridge/info 0ms 200
------------------------------------------------------------------------------------------------------
GET /bridge/info 0ms 200
------------------------------------------------------------------------------------------------------
GET /bridge/923/3ysngevh/websocket 0ms (unfinished)
------------------------------------------------------------------------------------------------------
------------------------------------------------------------------------------------------------------
GET /bridge/128/nki4nm67/websocket 0ms (unfinished)
GET /bridge/info 1ms 200
------------------------------------------------------------------------------------------------------
GET /bridge/014/gg1cotpk/websocket 1ms (unfinished)
------------------------------------------------------------------------------------------------------
GET /bridge/info 0ms 200
------------------------------------------------------------------------------------------------------
GET /bridge/829/ci14l1c6/websocket 1ms (unfinished)
------------------------------------------------------------------------------------------------------
GET /bridge/info 1ms 200
------------------------------------------------------------------------------------------------------
GET /bridge/425/jkrnhsjr/websocket 0ms (unfinished)
------------------------------------------------------------------------------------------------------
GET /bridge/info 1ms 200
------------------------------------------------------------------------------------------------------
------------------------------------------------------------------------------------------------------
GET /bridge/851/cpvk2lxd/websocket 0ms (unfinished)
GET /bridge/info 0ms 200
------------------------------------------------------------------------------------------------------
GET /bridge/info 0ms 200
------------------------------------------------------------------------------------------------------
GET /bridge/506/u5y5mgx9/websocket 1ms (unfinished)
------------------------------------------------------------------------------------------------------
GET /bridge/051/9zr6h7i5/websocket 0ms (unfinished)
------------------------------------------------------------------------------------------------------
GET /bridge/info 1ms 200
------------------------------------------------------------------------------------------------------
------------------------------------------------------------------------------------------------------
GET /bridge/info 1ms 200
GET /bridge/954/7z_bvqv7/websocket 0ms (unfinished)
------------------------------------------------------------------------------------------------------
GET /bridge/777/bmcj8w7v/websocket 0ms (unfinished)
------------------------------------------------------------------------------------------------------
GET /bridge/info 0ms 200
------------------------------------------------------------------------------------------------------
GET /bridge/info 0ms 200
------------------------------------------------------------------------------------------------------
------------------------------------------------------------------------------------------------------
GET /bridge/500/12v8v20v/websocket 0ms (unfinished)
GET /bridge/053/vdo1mlun/websocket 0ms (unfinished)
------------------------------------------------------------------------------------------------------
GET /bridge/info 0ms 200
------------------------------------------------------------------------------------------------------
GET /bridge/info 0ms 200
------------------------------------------------------------------------------------------------------
GET /bridge/746/qnw4gl49/websocket 0ms (unfinished)
------------------------------------------------------------------------------------------------------
GET /bridge/949/qleeszj1/websocket 0ms (unfinished)
------------------------------------------------------------------------------------------------------
------------------------------------------------------------------------------------------------------
GET /bridge/info 0ms 200
GET /bridge/info 0ms 200
------------------------------------------------------------------------------------------------------
GET /bridge/965/whu5psmx/websocket 0ms (unfinished)
------------------------------------------------------------------------------------------------------
GET /bridge/814/ql2obw87/websocket 0ms (unfinished)
------------------------------------------------------------------------------------------------------
POST /bridge/117/zfq5ub0o/xhr_send 5ms 204
------------------------------------------------------------------------------------------------------
GET /bridge/info 0ms 200
------------------------------------------------------------------------------------------------------
------------------------------------------------------------------------------------------------------
GET /bridge/info 0ms 200
GET /bridge/879/jgdkb177/websocket 0ms (unfinished)
------------------------------------------------------------------------------------------------------
GET /bridge/127/rchcixjf/websocket 0ms (unfinished)
------------------------------------------------------------------------------------------------------
GET /bridge/info 0ms 200
------------------------------------------------------------------------------------------------------
GET /bridge/info 1ms 200
------------------------------------------------------------------------------------------------------
GET /bridge/206/m1c1rt75/websocket 0ms (unfinished)
------------------------------------------------------------------------------------------------------
------------------------------------------------------------------------------------------------------
GET /bridge/487/d9yz4ehj/websocket 0ms (unfinished)
POST /bridge/206/d7ak8sr1/xhr_streaming 0ms (unfinished)
------------------------------------------------------------------------------------------------------
POST /bridge/206/d7ak8sr1/xhr_send 1ms 204
------------------------------------------------------------------------------------------------------
------------------------------------------------------------------------------------------------------
POST /bridge/487/z9s5oe56/xhr_streaming 1ms (unfinished)
POST /bridge/487/z9s5oe56/xhr_send 1ms 204
------------------------------------------------------------------------------------------------------
------------------------------------------------------------------------------------------------------
GET /bridge/info 0ms 200
GET /bridge/info 0ms 200
------------------------------------------------------------------------------------------------------
GET /bridge/445/ktnm1gdw/websocket 0ms (unfinished)
------------------------------------------------------------------------------------------------------
GET /bridge/349/id0txgp_/websocket 1ms (unfinished)
------------------------------------------------------------------------------------------------------
POST /bridge/445/jxey060j/xhr_streaming 0ms (unfinished)
------------------------------------------------------------------------------------------------------
POST /bridge/445/jxey060j/xhr_send 1ms 204
------------------------------------------------------------------------------------------------------
POST /bridge/349/gzsdxuhj/xhr_streaming 0ms (unfinished)
------------------------------------------------------------------------------------------------------
POST /bridge/349/gzsdxuhj/xhr_send 1ms 204
------------------------------------------------------------------------------------------------------
GET /bridge/info 1ms 200
------------------------------------------------------------------------------------------------------
GET /bridge/info 0ms 200
------------------------------------------------------------------------------------------------------
GET /bridge/291/yva73yx6/websocket 0ms (unfinished)
------------------------------------------------------------------------------------------------------
GET /bridge/276/3dqbghnz/websocket 0ms (unfinished)
------------------------------------------------------------------------------------------------------
------------------------------------------------------------------------------------------------------
POST /bridge/291/u9j8jzsx/xhr_streaming 1ms (unfinished)
POST /bridge/291/u9j8jzsx/xhr_send 0ms 204
------------------------------------------------------------------------------------------------------
POST /bridge/276/42d8h3ys/xhr_streaming 0ms (unfinished)
------------------------------------------------------------------------------------------------------
GET /bridge/info 1ms 200
------------------------------------------------------------------------------------------------------
GET /bridge/info 0ms 200
------------------------------------------------------------------------------------------------------
------------------------------------------------------------------------------------------------------
GET /bridge/220/rhpc6e82/websocket 0ms (unfinished)
GET /bridge/815/0atx_70v/websocket 0ms (unfinished)
------------------------------------------------------------------------------------------------------
POST /bridge/276/42d8h3ys/xhr_send 1ms 204
------------------------------------------------------------------------------------------------------
------------------------------------------------------------------------------------------------------
POST /bridge/371/le6zwlxi/xhr_send 1ms 404
