------------------------------------------------------------------------------------------------------
GET /bridge/info 0ms 200
------------------------------------------------------------------------------------------------------
GET /bridge/info 1ms 200
GET /bridge/358/yxp698ht/websocket 0ms (unfinished)
------------------------------------------------------------------------------------------------------
GET /bridge/203/deq6qzwu/websocket 0ms (unfinished)
------------------------------------------------------------------------------------------------------
POST /bridge/358/wdtrkn6n/xhr_streaming 0ms (unfinished)
------------------------------------------------------------------------------------------------------
POST /bridge/203/m2qmrc_2/xhr_streaming 0ms (unfinished)
------------------------------------------------------------------------------------------------------
POST /bridge/358/wdtrkn6n/xhr_send 1ms 204
------------------------------------------------------------------------------------------------------
------------------------------------------------------------------------------------------------------
POST /bridge/203/m2qmrc_2/xhr_send 1ms 204
GET /bridge/info 1ms 200
------------------------------------------------------------------------------------------------------
GET /bridge/info 1ms 200
------------------------------------------------------------------------------------------------------
GET /bridge/389/wgi90la4/websocket 0ms (unfinished)
------------------------------------------------------------------------------------------------------
GET /bridge/158/un_aua02/websocket 0ms (unfinished)
------------------------------------------------------------------------------------------------------
POST /bridge/389/dpxi6ujo/xhr_streaming 0ms (unfinished)
------------------------------------------------------------------------------------------------------
POST /bridge/389/dpxi6ujo/xhr_send 1ms 204
------------------------------------------------------------------------------------------------------
POST /bridge/158/99mtgv_q/xhr_streaming 0ms (unfinished)
------------------------------------------------------------------------------------------------------
POST /bridge/158/99mtgv_q/xhr_send 1ms 204
------------------------------------------------------------------------------------------------------
GET /bridge/info 1ms 200
------------------------------------------------------------------------------------------------------
GET /bridge/909/92jvgk3c/websocket 2ms (unfinished)
------------------------------------------------------------------------------------------------------
GET /bridge/info 0ms 200
------------------------------------------------------------------------------------------------------
------------------------------------------------------------------------------------------------------
GET /bridge/063/ihdv5vqt/websocket 0ms (unfinished)
POST /bridge/909/o913xk30/xhr_streaming 2ms (unfinished)
------------------------------------------------------------------------------------------------------
POST /bridge/909/o913xk30/xhr_send 3ms 204
------------------------------------------------------------------------------------------------------
------------------------------------------------------------------------------------------------------
POST /bridge/063/lywdfqxh/xhr_streaming 1ms (unfinished)
POST /bridge/063/lywdfqxh/xhr_send 1ms 204
------------------------------------------------------------------------------------------------------
------------------------------------------------------------------------------------------------------
GET /bridge/info 1ms 200
GET /bridge/info 0ms 200
------------------------------------------------------------------------------------------------------
GET /bridge/426/fh6pza3i/websocket 0ms (unfinished)
------------------------------------------------------------------------------------------------------
------------------------------------------------------------------------------------------------------
GET /bridge/099/1j01z3s1/websocket 0ms (unfinished)
------------------------------------------------------------------------------------------------------
POST /bridge/426/6nh71qco/xhr_streaming 1ms (unfinished)
POST /bridge/426/6nh71qco/xhr_send 1ms 204
------------------------------------------------------------------------------------------------------
POST /bridge/099/c05t2hta/xhr_streaming 0ms (unfinished)
------------------------------------------------------------------------------------------------------
------------------------------------------------------------------------------------------------------
POST /bridge/099/c05t2hta/xhr_send 1ms 204
GET /bridge/info 0ms 200
------------------------------------------------------------------------------------------------------
GET /bridge/info 0ms 200
------------------------------------------------------------------------------------------------------
GET /bridge/805/l84u0zdb/websocket 1ms (unfinished)
------------------------------------------------------------------------------------------------------
GET /bridge/477/jaa6ejjx/websocket 0ms (unfinished)
------------------------------------------------------------------------------------------------------
POST /bridge/805/rrdfcrik/xhr_streaming 1ms (unfinished)
------------------------------------------------------------------------------------------------------
POST /bridge/805/rrdfcrik/xhr_send 1ms 204
------------------------------------------------------------------------------------------------------
POST /bridge/477/z40xdu6k/xhr_streaming 1ms (unfinished)
------------------------------------------------------------------------------------------------------
------------------------------------------------------------------------------------------------------
POST /bridge/477/z40xdu6k/xhr_send 1ms 204
------------------------------------------------------------------------------------------------------
GET /bridge/info 2ms 200
------------------------------------------------------------------------------------------------------
GET /bridge/info 0ms 200
GET /bridge/731/kx8_8gac/websocket 3ms (unfinished)
------------------------------------------------------------------------------------------------------
GET /bridge/414/yjs0mesz/websocket 0ms (unfinished)
------------------------------------------------------------------------------------------------------
POST /bridge/731/xre9d4aj/xhr_streaming 1ms (unfinished)
------------------------------------------------------------------------------------------------------
------------------------------------------------------------------------------------------------------
POST /bridge/731/xre9d4aj/xhr_send 4ms 204
POST /bridge/414/8rsn9ut2/xhr_streaming 1ms (unfinished)
------------------------------------------------------------------------------------------------------
------------------------------------------------------------------------------------------------------
GET /bridge/info 0ms 200
------------------------------------------------------------------------------------------------------
GET /bridge/info 0ms 200
GET /bridge/772/r2zzhx08/websocket 0ms (unfinished)
------------------------------------------------------------------------------------------------------
------------------------------------------------------------------------------------------------------
GET /bridge/835/jootv5ey/websocket 0ms (unfinished)
POST /bridge/772/vp106ter/xhr_streaming 0ms (unfinished)
------------------------------------------------------------------------------------------------------
------------------------------------------------------------------------------------------------------
POST /bridge/772/vp106ter/xhr_send 1ms 204
POST /bridge/835/c2rzanb3/xhr_streaming 1ms (unfinished)
------------------------------------------------------------------------------------------------------
------------------------------------------------------------------------------------------------------
POST /bridge/835/c2rzanb3/xhr_send 1ms 204
GET /bridge/info 0ms 200
------------------------------------------------------------------------------------------------------
GET /bridge/info 0ms 200
------------------------------------------------------------------------------------------------------
GET /bridge/476/s9fmqaok/websocket 1ms (unfinished)
------------------------------------------------------------------------------------------------------
GET /bridge/121/j1mzy7l1/websocket 0ms (unfinished)
------------------------------------------------------------------------------------------------------
POST /bridge/476/__ftkh62/xhr_streaming 0ms (unfinished)
------------------------------------------------------------------------------------------------------
Exception on "POST /bridge/476/__ftkh62/xhr_send" in filter "xhr_send":
RangeError [ERR_SOCKET_BAD_PORT]: Port should be >= 0 and < 65536. Received .
    at validatePort (internal/validators.js:211:11)
    at lookupAndConnect (net.js:1000:5)
    at Socket.connect (net.js:976:5)
    at new module.exports.Socket (C:\Nitrogen\NitroWEB\www\js\lib\webtcp\server\socket.js:67:15)
    at module.exports.WebTCP.dispatch (C:\Nitrogen\NitroWEB\www\js\lib\webtcp\server\webtcp.js:37:40)
    at SockJSConnection.<anonymous> (C:\Nitrogen\NitroWEB\www\js\lib\webtcp\server\webtcp.js:25:12)
    at SockJSConnection.emit (events.js:376:20)
    at Session.didMessage (C:\Nitrogen\NitroWEB\node_modules\sockjs\lib\transport.js:246:25)
    at App.xhr_send (C:\Nitrogen\NitroWEB\node_modules\sockjs\lib\trans-xhr.js:81:15)
    at execute_request (C:\Nitrogen\NitroWEB\node_modules\sockjs\lib\webjs.js:22:37)
------------------------------------------------------------------------------------------------------
------------------------------------------------------------------------------------------------------
POST /bridge/476/__ftkh62/xhr_send 3ms 500
POST /bridge/121/fbe2dnk0/xhr_streaming 0ms (unfinished)
------------------------------------------------------------------------------------------------------
------------------------------------------------------------------------------------------------------
Exception on "POST /bridge/121/fbe2dnk0/xhr_send" in filter "xhr_send":
RangeError [ERR_SOCKET_BAD_PORT]: Port should be >= 0 and < 65536. Received .
    at validatePort (internal/validators.js:211:11)
    at lookupAndConnect (net.js:1000:5)
    at Socket.connect (net.js:976:5)
    at new module.exports.Socket (C:\Nitrogen\NitroWEB\www\js\lib\webtcp\server\socket.js:67:15)
    at module.exports.WebTCP.dispatch (C:\Nitrogen\NitroWEB\www\js\lib\webtcp\server\webtcp.js:37:40)
    at SockJSConnection.<anonymous> (C:\Nitrogen\NitroWEB\www\js\lib\webtcp\server\webtcp.js:25:12)
    at SockJSConnection.emit (events.js:376:20)
    at Session.didMessage (C:\Nitrogen\NitroWEB\node_modules\sockjs\lib\transport.js:246:25)
    at App.xhr_send (C:\Nitrogen\NitroWEB\node_modules\sockjs\lib\trans-xhr.js:81:15)
    at execute_request (C:\Nitrogen\NitroWEB\node_modules\sockjs\lib\webjs.js:22:37)
------------------------------------------------------------------------------------------------------
POST /bridge/121/fbe2dnk0/xhr_send 2ms 500
------------------------------------------------------------------------------------------------------
GET /bridge/info 0ms 200
GET /bridge/info 1ms 200
------------------------------------------------------------------------------------------------------
------------------------------------------------------------------------------------------------------
GET /bridge/165/f3ch_j1d/websocket 0ms (unfinished)
GET /bridge/198/90criihv/websocket 0ms (unfinished)
------------------------------------------------------------------------------------------------------
POST /bridge/165/6kf6ah0b/xhr_streaming 1ms (unfinished)
------------------------------------------------------------------------------------------------------
POST /bridge/165/6kf6ah0b/xhr_send 1ms 204
------------------------------------------------------------------------------------------------------
POST /bridge/198/56ucknst/xhr_streaming 1ms (unfinished)
------------------------------------------------------------------------------------------------------
GET /bridge/info 1ms 200
------------------------------------------------------------------------------------------------------
GET /bridge/info 0ms 200
------------------------------------------------------------------------------------------------------
GET /bridge/555/ru4wuj4t/websocket 3ms (unfinished)
------------------------------------------------------------------------------------------------------
------------------------------------------------------------------------------------------------------
GET /bridge/235/rqvrktl8/websocket 0ms (unfinished)
22,02,2022,00,00
------------------------------------------------------------------------------------------------------
22,02,2022,00,00
------------------------------------------------------------------------------------------------------
21,02,2022,00,00
------------------------------------------------------------------------------------------------------
22,02,2022,00,00
------------------------------------------------------------------------------------------------------
------------------------------------------------------------------------------------------------------
GET /bridge/info 0ms 200
GET /bridge/info 0ms 200
------------------------------------------------------------------------------------------------------
GET /bridge/484/rv6yfjkx/websocket 0ms (unfinished)
------------------------------------------------------------------------------------------------------
GET /bridge/505/phtnn6db/websocket 0ms (unfinished)
------------------------------------------------------------------------------------------------------
21,02,2022,00,00
------------------------------------------------------------------------------------------------------
------------------------------------------------------------------------------------------------------
22,02,2022,00,00
------------------------------------------------------------------------------------------------------
POST /bridge/198/56ucknst/xhr_send 3ms 204
22,02,2022,00,00
------------------------------------------------------------------------------------------------------
------------------------------------------------------------------------------------------------------
22,02,2022,00,00
GET /bridge/info 0ms 200
------------------------------------------------------------------------------------------------------
------------------------------------------------------------------------------------------------------
GET /bridge/info 0ms 200
GET /bridge/494/qhul7piz/websocket 1ms (unfinished)
------------------------------------------------------------------------------------------------------
GET /bridge/208/vmon5c3a/websocket 0ms (unfinished)
------------------------------------------------------------------------------------------------------
POST /bridge/494/jo_b2hdj/xhr_streaming 2ms (unfinished)
------------------------------------------------------------------------------------------------------
POST /bridge/494/jo_b2hdj/xhr_send 2ms 204
------------------------------------------------------------------------------------------------------
POST /bridge/208/_uavsyfq/xhr_streaming 1ms (unfinished)
------------------------------------------------------------------------------------------------------
POST /bridge/208/_uavsyfq/xhr_send 1ms 204
------------------------------------------------------------------------------------------------------
GET /bridge/info 1ms 200
------------------------------------------------------------------------------------------------------
------------------------------------------------------------------------------------------------------
GET /bridge/info 1ms 200
GET /bridge/492/7qy2bqrj/websocket 0ms (unfinished)
------------------------------------------------------------------------------------------------------
GET /bridge/267/z_mtmrfp/websocket 0ms (unfinished)
------------------------------------------------------------------------------------------------------
------------------------------------------------------------------------------------------------------
POST /bridge/492/n4vs0ira/xhr_streaming 0ms (unfinished)
POST /bridge/492/n4vs0ira/xhr_send 2ms 204
------------------------------------------------------------------------------------------------------
POST /bridge/267/_qpexo1n/xhr_streaming 0ms (unfinished)
------------------------------------------------------------------------------------------------------
------------------------------------------------------------------------------------------------------
POST /bridge/267/_qpexo1n/xhr_send 1ms 204
GET /bridge/info 1ms 200
------------------------------------------------------------------------------------------------------
GET /bridge/info 0ms 200
------------------------------------------------------------------------------------------------------
GET /bridge/221/f3t2s71j/websocket 2ms (unfinished)
------------------------------------------------------------------------------------------------------
GET /bridge/067/dp_geszv/websocket 0ms (unfinished)
------------------------------------------------------------------------------------------------------
POST /bridge/221/ierckrjv/xhr_streaming 1ms (unfinished)
------------------------------------------------------------------------------------------------------
------------------------------------------------------------------------------------------------------
POST /bridge/221/ierckrjv/xhr_send 4ms 204
POST /bridge/067/kboat1un/xhr_streaming 0ms (unfinished)
------------------------------------------------------------------------------------------------------
POST /bridge/067/kboat1un/xhr_send 1ms 204
------------------------------------------------------------------------------------------------------
------------------------------------------------------------------------------------------------------
GET /bridge/info 0ms 200
------------------------------------------------------------------------------------------------------
GET /bridge/info 1ms 200
GET /bridge/270/6km5skjj/websocket 0ms (unfinished)
------------------------------------------------------------------------------------------------------
------------------------------------------------------------------------------------------------------
GET /bridge/727/kns9owi_/websocket 0ms (unfinished)
POST /bridge/270/q5hyea2t/xhr_streaming 0ms (unfinished)
------------------------------------------------------------------------------------------------------
POST /bridge/270/q5hyea2t/xhr_send 1ms 204
------------------------------------------------------------------------------------------------------
POST /bridge/727/ax1bulel/xhr_streaming 1ms (unfinished)
------------------------------------------------------------------------------------------------------
POST /bridge/727/ax1bulel/xhr_send 1ms 204
------------------------------------------------------------------------------------------------------
GET /bridge/info 1ms 200
------------------------------------------------------------------------------------------------------
GET /bridge/info 0ms 200
------------------------------------------------------------------------------------------------------
GET /bridge/672/9wzoxjr9/websocket 1ms (unfinished)
------------------------------------------------------------------------------------------------------
GET /bridge/519/rrcpe6k1/websocket 0ms (unfinished)
------------------------------------------------------------------------------------------------------
21,02,2022,00,00
------------------------------------------------------------------------------------------------------
22,02,2022,00,00
------------------------------------------------------------------------------------------------------
------------------------------------------------------------------------------------------------------
22,02,2022,00,00
------------------------------------------------------------------------------------------------------
22,02,2022,00,00
------------------------------------------------------------------------------------------------------
21,02,2022,09,00
------------------------------------------------------------------------------------------------------
23,02,2022,09,00
------------------------------------------------------------------------------------------------------
GET /bridge/info 0ms 200
GET /bridge/info 1ms 200
------------------------------------------------------------------------------------------------------
GET /bridge/965/56w_749l/websocket 0ms (unfinished)
------------------------------------------------------------------------------------------------------
GET /bridge/117/e11e9bac/websocket 1ms (unfinished)
------------------------------------------------------------------------------------------------------
21,02,2022,09,00
------------------------------------------------------------------------------------------------------
23,02,2022,09,00
------------------------------------------------------------------------------------------------------
------------------------------------------------------------------------------------------------------
GET /bridge/info 0ms 200
------------------------------------------------------------------------------------------------------
GET /bridge/info 0ms 200
GET /bridge/585/4rek7r57/websocket 0ms (unfinished)
------------------------------------------------------------------------------------------------------
GET /bridge/510/zy20ttff/websocket 1ms (unfinished)
------------------------------------------------------------------------------------------------------
GET /bridge/info 0ms 200
------------------------------------------------------------------------------------------------------
------------------------------------------------------------------------------------------------------
GET /bridge/info 0ms 200
GET /bridge/302/y1aaoxbp/websocket 0ms (unfinished)
------------------------------------------------------------------------------------------------------
GET /bridge/863/y6sf4gij/websocket 0ms (unfinished)
------------------------------------------------------------------------------------------------------
GET /bridge/info 0ms 200
------------------------------------------------------------------------------------------------------
GET /bridge/info 0ms 200
------------------------------------------------------------------------------------------------------
GET /bridge/989/1dco9y2_/websocket 0ms (unfinished)
------------------------------------------------------------------------------------------------------
GET /bridge/531/cjvuw2x5/websocket 0ms (unfinished)
------------------------------------------------------------------------------------------------------
------------------------------------------------------------------------------------------------------
GET /bridge/info 0ms 200
------------------------------------------------------------------------------------------------------
GET /bridge/info 0ms 200
------------------------------------------------------------------------------------------------------
GET /bridge/040/8axvlpb8/websocket 0ms (unfinished)
------------------------------------------------------------------------------------------------------
GET /bridge/660/djnj3oxa/websocket 0ms (unfinished)
GET /bridge/info 1ms 200
------------------------------------------------------------------------------------------------------
GET /bridge/info 1ms 200
------------------------------------------------------------------------------------------------------
GET /bridge/708/52x7spi2/websocket 1ms (unfinished)
------------------------------------------------------------------------------------------------------
GET /bridge/712/2ce8acmr/websocket 0ms (unfinished)
------------------------------------------------------------------------------------------------------
GET /bridge/info 0ms 200
------------------------------------------------------------------------------------------------------
------------------------------------------------------------------------------------------------------
GET /bridge/info 1ms 200
------------------------------------------------------------------------------------------------------
GET /bridge/050/4yagatpc/websocket 0ms (unfinished)
GET /bridge/302/xi8knxfm/websocket 1ms (unfinished)
------------------------------------------------------------------------------------------------------
POST /bridge/050/74b8hbw0/xhr_streaming 1ms (unfinished)
------------------------------------------------------------------------------------------------------
POST /bridge/050/74b8hbw0/xhr_send 5ms 204
------------------------------------------------------------------------------------------------------
POST /bridge/302/zk_tk9a6/xhr_streaming 1ms (unfinished)
------------------------------------------------------------------------------------------------------
GET /bridge/info 0ms 200
------------------------------------------------------------------------------------------------------
GET /bridge/info 0ms 200
------------------------------------------------------------------------------------------------------
GET /bridge/370/r656pwci/websocket 0ms (unfinished)
------------------------------------------------------------------------------------------------------
GET /bridge/437/uyoqrtn_/websocket 0ms (unfinished)
------------------------------------------------------------------------------------------------------
GET /bridge/info 0ms 200
------------------------------------------------------------------------------------------------------
------------------------------------------------------------------------------------------------------
GET /bridge/685/kbssrv8s/websocket 0ms (unfinished)
GET /bridge/info 1ms 200
------------------------------------------------------------------------------------------------------
------------------------------------------------------------------------------------------------------
GET /bridge/172/krmrf43q/websocket 0ms (unfinished)
GET /bridge/info 0ms 200
------------------------------------------------------------------------------------------------------
------------------------------------------------------------------------------------------------------
GET /bridge/info 0ms 200
GET /bridge/344/y_orvfsx/websocket 1ms (unfinished)
------------------------------------------------------------------------------------------------------
GET /bridge/318/8jemau61/websocket 0ms (unfinished)
------------------------------------------------------------------------------------------------------
------------------------------------------------------------------------------------------------------
GET /bridge/info 0ms 200
GET /bridge/info 1ms 200
------------------------------------------------------------------------------------------------------
GET /bridge/097/s6bcx4qm/websocket 0ms (unfinished)
------------------------------------------------------------------------------------------------------
GET /bridge/170/5uh1edex/websocket 1ms (unfinished)
------------------------------------------------------------------------------------------------------
GET /bridge/info 0ms 200
------------------------------------------------------------------------------------------------------
------------------------------------------------------------------------------------------------------
GET /bridge/info 0ms 200
GET /bridge/392/orv_buab/websocket 1ms (unfinished)
------------------------------------------------------------------------------------------------------
GET /bridge/175/f14c6622/websocket 0ms (unfinished)
------------------------------------------------------------------------------------------------------
GET /bridge/info 1ms 200
------------------------------------------------------------------------------------------------------
------------------------------------------------------------------------------------------------------
GET /bridge/info 1ms 200
GET /bridge/185/8ci7cv5r/websocket 1ms (unfinished)
------------------------------------------------------------------------------------------------------
GET /bridge/127/xxt36s8o/websocket 0ms (unfinished)
------------------------------------------------------------------------------------------------------
------------------------------------------------------------------------------------------------------
GET /bridge/info 0ms 200
GET /bridge/info 1ms 200
------------------------------------------------------------------------------------------------------
GET /bridge/405/3ei2rrhn/websocket 1ms (unfinished)
------------------------------------------------------------------------------------------------------
GET /bridge/365/_yyrmul9/websocket 0ms (unfinished)
------------------------------------------------------------------------------------------------------
GET /bridge/info 1ms 200
------------------------------------------------------------------------------------------------------
------------------------------------------------------------------------------------------------------
GET /bridge/info 1ms 200
GET /bridge/882/yv6eta_w/websocket 0ms (unfinished)
------------------------------------------------------------------------------------------------------
------------------------------------------------------------------------------------------------------
GET /bridge/163/xiobn0b_/websocket 0ms (unfinished)
------------------------------------------------------------------------------------------------------
GET /bridge/info 0ms 200
GET /bridge/info 0ms 200
------------------------------------------------------------------------------------------------------
GET /bridge/252/dgdsxlt9/websocket 1ms (unfinished)
------------------------------------------------------------------------------------------------------
GET /bridge/934/02o34mp5/websocket 0ms (unfinished)
------------------------------------------------------------------------------------------------------
GET /bridge/info 1ms 200
------------------------------------------------------------------------------------------------------
GET /bridge/info 0ms 200
------------------------------------------------------------------------------------------------------
------------------------------------------------------------------------------------------------------
GET /bridge/303/t0yate5z/websocket 1ms (unfinished)
------------------------------------------------------------------------------------------------------
GET /bridge/335/ym3y1zew/websocket 0ms (unfinished)
GET /bridge/info 0ms 200
------------------------------------------------------------------------------------------------------
GET /bridge/info 1ms 200
------------------------------------------------------------------------------------------------------
------------------------------------------------------------------------------------------------------
GET /bridge/539/onzsyrnb/websocket 0ms (unfinished)
GET /bridge/118/eb_78wbd/websocket 0ms (unfinished)
------------------------------------------------------------------------------------------------------
------------------------------------------------------------------------------------------------------
GET /bridge/info 0ms 200
GET /bridge/info 1ms 200
------------------------------------------------------------------------------------------------------
GET /bridge/188/j80f248u/websocket 0ms (unfinished)
------------------------------------------------------------------------------------------------------
GET /bridge/946/xyg9mvtt/websocket 0ms (unfinished)
------------------------------------------------------------------------------------------------------
GET /bridge/info 1ms 200
------------------------------------------------------------------------------------------------------
GET /bridge/info 0ms 200
------------------------------------------------------------------------------------------------------
GET /bridge/874/xytkxu5f/websocket 0ms (unfinished)
------------------------------------------------------------------------------------------------------
GET /bridge/417/w594gsq4/websocket 0ms (unfinished)
------------------------------------------------------------------------------------------------------
------------------------------------------------------------------------------------------------------
GET /bridge/info 1ms 200
GET /bridge/info 0ms 200
------------------------------------------------------------------------------------------------------
GET /bridge/377/q9pav5t0/websocket 0ms (unfinished)
------------------------------------------------------------------------------------------------------
GET /bridge/268/8u8onkgu/websocket 0ms (unfinished)
------------------------------------------------------------------------------------------------------
------------------------------------------------------------------------------------------------------
GET /bridge/info 0ms 200
GET /bridge/info 0ms 200
------------------------------------------------------------------------------------------------------
GET /bridge/592/guiczufp/websocket 0ms (unfinished)
------------------------------------------------------------------------------------------------------
GET /bridge/517/pqjwrsjt/websocket 0ms (unfinished)
------------------------------------------------------------------------------------------------------
POST /bridge/592/j0il29xn/xhr_streaming 2ms (unfinished)
------------------------------------------------------------------------------------------------------
------------------------------------------------------------------------------------------------------
POST /bridge/592/j0il29xn/xhr_send 6ms 204
POST /bridge/517/cx022fwn/xhr_streaming 1ms (unfinished)
------------------------------------------------------------------------------------------------------
GET /bridge/info 2ms 200
------------------------------------------------------------------------------------------------------
GET /bridge/info 1ms 200
------------------------------------------------------------------------------------------------------
------------------------------------------------------------------------------------------------------
GET /bridge/889/wsx9oq5b/websocket 2ms (unfinished)
------------------------------------------------------------------------------------------------------
GET /bridge/419/cofk2j6e/websocket 0ms (unfinished)
GET /bridge/info 0ms 200
------------------------------------------------------------------------------------------------------
GET /bridge/info 0ms 200
------------------------------------------------------------------------------------------------------
GET /bridge/003/uhy5vn2a/websocket 0ms (unfinished)
------------------------------------------------------------------------------------------------------
GET /bridge/396/rw9va2js/websocket 0ms (unfinished)
------------------------------------------------------------------------------------------------------
GET /bridge/info 0ms 200
------------------------------------------------------------------------------------------------------
GET /bridge/info 0ms 200
------------------------------------------------------------------------------------------------------
GET /bridge/614/lucibrqr/websocket 0ms (unfinished)
------------------------------------------------------------------------------------------------------
GET /bridge/932/iixhmvdw/websocket 0ms (unfinished)
------------------------------------------------------------------------------------------------------
GET /bridge/info 0ms 200
------------------------------------------------------------------------------------------------------
GET /bridge/info 1ms 200
------------------------------------------------------------------------------------------------------
GET /bridge/107/37vtm1xk/websocket 0ms (unfinished)
------------------------------------------------------------------------------------------------------
GET /bridge/738/sqiklmug/websocket 0ms (unfinished)
------------------------------------------------------------------------------------------------------
GET /bridge/info 1ms 200
------------------------------------------------------------------------------------------------------
GET /bridge/info 0ms 200
------------------------------------------------------------------------------------------------------
GET /bridge/554/fgrwi49l/websocket 2ms (unfinished)
------------------------------------------------------------------------------------------------------
GET /bridge/269/5yqb3u7s/websocket 0ms (unfinished)
------------------------------------------------------------------------------------------------------
GET /bridge/info 1ms 200
------------------------------------------------------------------------------------------------------
GET /bridge/info 0ms 200
------------------------------------------------------------------------------------------------------
GET /bridge/566/_vmumzvt/websocket 2ms (unfinished)
------------------------------------------------------------------------------------------------------
GET /bridge/523/gtdsxzyl/websocket 0ms (unfinished)
------------------------------------------------------------------------------------------------------
GET /bridge/info 1ms 200
------------------------------------------------------------------------------------------------------
------------------------------------------------------------------------------------------------------
GET /bridge/995/qg3z6lw5/websocket 4ms (unfinished)
GET /bridge/info 0ms 200
------------------------------------------------------------------------------------------------------
GET /bridge/876/rictqllm/websocket 1ms (unfinished)
------------------------------------------------------------------------------------------------------
POST /bridge/302/zk_tk9a6/xhr_send 6ms 204
------------------------------------------------------------------------------------------------------
GET /bridge/info 1ms 200
------------------------------------------------------------------------------------------------------
GET /bridge/info 0ms 200
------------------------------------------------------------------------------------------------------
GET /bridge/639/yfcbtef9/websocket 3ms (unfinished)
------------------------------------------------------------------------------------------------------
GET /bridge/961/bp2m7e6w/websocket 1ms (unfinished)
------------------------------------------------------------------------------------------------------
------------------------------------------------------------------------------------------------------
POST /bridge/639/5ptc1dxb/xhr_streaming 1ms (unfinished)
POST /bridge/639/5ptc1dxb/xhr_send 1ms 204
------------------------------------------------------------------------------------------------------
POST /bridge/961/y7r6g57t/xhr_streaming 5ms (unfinished)
------------------------------------------------------------------------------------------------------
POST /bridge/961/y7r6g57t/xhr_send 1ms 204
------------------------------------------------------------------------------------------------------
GET /bridge/info 1ms 200
------------------------------------------------------------------------------------------------------
GET /bridge/info 0ms 200
------------------------------------------------------------------------------------------------------
GET /bridge/006/w85m4h14/websocket 2ms (unfinished)
------------------------------------------------------------------------------------------------------
------------------------------------------------------------------------------------------------------
GET /bridge/237/sv_n756_/websocket 0ms (unfinished)
POST /bridge/006/78tpueah/xhr_streaming 2ms (unfinished)
------------------------------------------------------------------------------------------------------
POST /bridge/006/78tpueah/xhr_send 4ms 204
------------------------------------------------------------------------------------------------------
POST /bridge/237/o4idh2y6/xhr_streaming 0ms (unfinished)
------------------------------------------------------------------------------------------------------
POST /bridge/237/o4idh2y6/xhr_send 1ms 204
------------------------------------------------------------------------------------------------------
GET /bridge/info 0ms 200
------------------------------------------------------------------------------------------------------
GET /bridge/info 1ms 200
------------------------------------------------------------------------------------------------------
GET /bridge/748/4s2mjxz6/websocket 0ms (unfinished)
------------------------------------------------------------------------------------------------------
GET /bridge/479/def98yvj/websocket 1ms (unfinished)
------------------------------------------------------------------------------------------------------
POST /bridge/748/y2w7ovir/xhr_streaming 0ms (unfinished)
------------------------------------------------------------------------------------------------------
POST /bridge/748/y2w7ovir/xhr_send 1ms 204
------------------------------------------------------------------------------------------------------
POST /bridge/479/nt1rpto7/xhr_streaming 1ms (unfinished)
------------------------------------------------------------------------------------------------------
POST /bridge/479/nt1rpto7/xhr_send 0ms 204
------------------------------------------------------------------------------------------------------
------------------------------------------------------------------------------------------------------
GET /bridge/info 0ms 200
GET /bridge/info 0ms 200
------------------------------------------------------------------------------------------------------
GET /bridge/742/66fgiibd/websocket 0ms (unfinished)
------------------------------------------------------------------------------------------------------
------------------------------------------------------------------------------------------------------
GET /bridge/456/bmvrbzek/websocket 1ms (unfinished)
------------------------------------------------------------------------------------------------------
POST /bridge/742/g9ser2e8/xhr_streaming 0ms (unfinished)
POST /bridge/742/g9ser2e8/xhr_send 1ms 204
------------------------------------------------------------------------------------------------------
POST /bridge/456/le5_gbqh/xhr_streaming 1ms (unfinished)
------------------------------------------------------------------------------------------------------
POST /bridge/456/le5_gbqh/xhr_send 1ms 204
------------------------------------------------------------------------------------------------------
------------------------------------------------------------------------------------------------------
GET /bridge/info 1ms 200
GET /bridge/info 1ms 200
------------------------------------------------------------------------------------------------------
------------------------------------------------------------------------------------------------------
GET /bridge/241/bk870ybu/websocket 0ms (unfinished)
GET /bridge/705/q1oyeukg/websocket 0ms (unfinished)
------------------------------------------------------------------------------------------------------
POST /bridge/241/8ff1ao9e/xhr_streaming 1ms (unfinished)
------------------------------------------------------------------------------------------------------
POST /bridge/705/a184iunl/xhr_streaming 1ms (unfinished)
------------------------------------------------------------------------------------------------------
GET /bridge/info 0ms 200
------------------------------------------------------------------------------------------------------
------------------------------------------------------------------------------------------------------
GET /bridge/info 1ms 200
GET /bridge/519/qm_bulk_/websocket 0ms (unfinished)
------------------------------------------------------------------------------------------------------
------------------------------------------------------------------------------------------------------
GET /bridge/747/d3enmuri/websocket 0ms (unfinished)
POST /bridge/519/wfeecqyo/xhr_streaming 0ms (unfinished)
------------------------------------------------------------------------------------------------------
POST /bridge/519/wfeecqyo/xhr_send 2ms 204
------------------------------------------------------------------------------------------------------
------------------------------------------------------------------------------------------------------
POST /bridge/747/8_6888l8/xhr_streaming 1ms (unfinished)
------------------------------------------------------------------------------------------------------
GET /bridge/info 0ms 200
GET /bridge/info 1ms 200
------------------------------------------------------------------------------------------------------
GET /bridge/290/eqputk6o/websocket 1ms (unfinished)
------------------------------------------------------------------------------------------------------
------------------------------------------------------------------------------------------------------
GET /bridge/486/d5trk6hy/websocket 0ms (unfinished)
------------------------------------------------------------------------------------------------------
GET /bridge/info 0ms 200
GET /bridge/info 0ms 200
------------------------------------------------------------------------------------------------------
GET /bridge/785/klk_9roy/websocket 1ms (unfinished)
------------------------------------------------------------------------------------------------------
------------------------------------------------------------------------------------------------------
GET /bridge/689/o4hwth8y/websocket 1ms (unfinished)
------------------------------------------------------------------------------------------------------
GET /bridge/info 0ms 200
GET /bridge/info 0ms 200
------------------------------------------------------------------------------------------------------
GET /bridge/243/cqrqa0t_/websocket 0ms (unfinished)
------------------------------------------------------------------------------------------------------
GET /bridge/932/fserbfte/websocket 0ms (unfinished)
------------------------------------------------------------------------------------------------------
GET /bridge/info 0ms 200
------------------------------------------------------------------------------------------------------
GET /bridge/info 0ms 200
------------------------------------------------------------------------------------------------------
------------------------------------------------------------------------------------------------------
GET /bridge/082/o94crks5/websocket 1ms (unfinished)
GET /bridge/660/kr6h3wbp/websocket 1ms (unfinished)
------------------------------------------------------------------------------------------------------
------------------------------------------------------------------------------------------------------
GET /bridge/info 0ms 200
------------------------------------------------------------------------------------------------------
GET /bridge/info 0ms 200
GET /bridge/393/f2c_q0_p/websocket 0ms (unfinished)
------------------------------------------------------------------------------------------------------
------------------------------------------------------------------------------------------------------
GET /bridge/751/j0d33pk2/websocket 1ms (unfinished)
------------------------------------------------------------------------------------------------------
GET /bridge/info 0ms 200
GET /bridge/info 1ms 200
------------------------------------------------------------------------------------------------------
GET /bridge/514/1llo52v6/websocket 1ms (unfinished)
------------------------------------------------------------------------------------------------------
GET /bridge/808/u5r1dci2/websocket 0ms (unfinished)
------------------------------------------------------------------------------------------------------
------------------------------------------------------------------------------------------------------
GET /bridge/info 0ms 200
------------------------------------------------------------------------------------------------------
GET /bridge/info 0ms 200
GET /bridge/340/zei96o_3/websocket 0ms (unfinished)
------------------------------------------------------------------------------------------------------
------------------------------------------------------------------------------------------------------
GET /bridge/054/whfbv2ej/websocket 0ms (unfinished)
POST /bridge/340/gpcmq9_m/xhr_streaming 1ms (unfinished)
------------------------------------------------------------------------------------------------------
POST /bridge/054/aknwvrfi/xhr_streaming 1ms (unfinished)
------------------------------------------------------------------------------------------------------
POST /bridge/340/gpcmq9_m/xhr_send 3ms 204
------------------------------------------------------------------------------------------------------
POST /bridge/054/aknwvrfi/xhr_send 1ms 204
------------------------------------------------------------------------------------------------------
GET /bridge/info 1ms 200
------------------------------------------------------------------------------------------------------
GET /bridge/info 1ms 200
------------------------------------------------------------------------------------------------------
GET /bridge/736/gg8ls4kc/websocket 1ms (unfinished)
------------------------------------------------------------------------------------------------------
------------------------------------------------------------------------------------------------------
GET /bridge/000/1m1c8xnt/websocket 1ms (unfinished)
POST /bridge/736/r8vevvf6/xhr_streaming 1ms (unfinished)
------------------------------------------------------------------------------------------------------
------------------------------------------------------------------------------------------------------
POST /bridge/736/r8vevvf6/xhr_send 1ms 204
POST /bridge/000/x0lmyudw/xhr_streaming 0ms (unfinished)
------------------------------------------------------------------------------------------------------
------------------------------------------------------------------------------------------------------
POST /bridge/000/x0lmyudw/xhr_send 1ms 204
GET /bridge/info 1ms 200
------------------------------------------------------------------------------------------------------
GET /bridge/info 1ms 200
------------------------------------------------------------------------------------------------------
GET /bridge/982/qx_ngia4/websocket 0ms (unfinished)
------------------------------------------------------------------------------------------------------
GET /bridge/439/iuenp5f7/websocket 0ms (unfinished)
------------------------------------------------------------------------------------------------------
------------------------------------------------------------------------------------------------------
POST /bridge/982/4w0ca2k5/xhr_streaming 1ms (unfinished)
------------------------------------------------------------------------------------------------------
POST /bridge/982/4w0ca2k5/xhr_send 0ms 204
------------------------------------------------------------------------------------------------------
POST /bridge/439/du5jhhhu/xhr_streaming 1ms (unfinished)
POST /bridge/439/du5jhhhu/xhr_send 0ms 204
------------------------------------------------------------------------------------------------------
GET /bridge/info 0ms 200
------------------------------------------------------------------------------------------------------
GET /bridge/info 0ms 200
------------------------------------------------------------------------------------------------------
------------------------------------------------------------------------------------------------------
GET /bridge/868/aqgs2cb9/websocket 1ms (unfinished)
GET /bridge/425/up7v4jjx/websocket 0ms (unfinished)
------------------------------------------------------------------------------------------------------
GET /bridge/info 1ms 200
------------------------------------------------------------------------------------------------------
GET /bridge/info 0ms 200
------------------------------------------------------------------------------------------------------
GET /bridge/222/dk9x0aq_/websocket 1ms (unfinished)
------------------------------------------------------------------------------------------------------
------------------------------------------------------------------------------------------------------
GET /bridge/399/3njm79xj/websocket 0ms (unfinished)
------------------------------------------------------------------------------------------------------
POST /bridge/222/q2zzpvsc/xhr_streaming 1ms (unfinished)
POST /bridge/222/q2zzpvsc/xhr_send 2ms 204
------------------------------------------------------------------------------------------------------
POST /bridge/399/_xx5bu7b/xhr_streaming 1ms (unfinished)
------------------------------------------------------------------------------------------------------
POST /bridge/399/_xx5bu7b/xhr_send 1ms 204
------------------------------------------------------------------------------------------------------
GET /bridge/info 0ms 200
------------------------------------------------------------------------------------------------------
GET /bridge/info 1ms 200
------------------------------------------------------------------------------------------------------
GET /bridge/192/vq1odxrj/websocket 1ms (unfinished)
------------------------------------------------------------------------------------------------------
------------------------------------------------------------------------------------------------------
GET /bridge/506/op424584/websocket 0ms (unfinished)
POST /bridge/192/wr1tdl_p/xhr_streaming 1ms (unfinished)
------------------------------------------------------------------------------------------------------
POST /bridge/506/hos4sftx/xhr_streaming 0ms (unfinished)
------------------------------------------------------------------------------------------------------
------------------------------------------------------------------------------------------------------
GET /bridge/info 0ms 200
------------------------------------------------------------------------------------------------------
GET /bridge/info 0ms 200
GET /bridge/472/xxugp6nb/websocket 0ms (unfinished)
------------------------------------------------------------------------------------------------------
------------------------------------------------------------------------------------------------------
GET /bridge/249/12zc1upt/websocket 0ms (unfinished)
------------------------------------------------------------------------------------------------------
GET /bridge/info 1ms 200
------------------------------------------------------------------------------------------------------
GET /bridge/info 1ms 200
------------------------------------------------------------------------------------------------------
GET /bridge/415/1twht4z6/websocket 0ms (unfinished)
------------------------------------------------------------------------------------------------------
GET /bridge/582/y2lq0gqc/websocket 0ms (unfinished)
GET /bridge/info 0ms 200
------------------------------------------------------------------------------------------------------
------------------------------------------------------------------------------------------------------
GET /bridge/info 0ms 200
------------------------------------------------------------------------------------------------------
GET /bridge/706/v_v6b1o2/websocket 0ms (unfinished)
GET /bridge/008/fcbq0360/websocket 0ms (unfinished)
------------------------------------------------------------------------------------------------------
------------------------------------------------------------------------------------------------------
GET /bridge/info 1ms 200
GET /bridge/info 0ms 200
------------------------------------------------------------------------------------------------------
GET /bridge/781/zlt8bilu/websocket 0ms (unfinished)
------------------------------------------------------------------------------------------------------
GET /bridge/749/du7olld9/websocket 0ms (unfinished)
------------------------------------------------------------------------------------------------------
GET /bridge/info 1ms 200
------------------------------------------------------------------------------------------------------
GET /bridge/info 1ms 200
------------------------------------------------------------------------------------------------------
GET /bridge/614/icjlini8/websocket 0ms (unfinished)
------------------------------------------------------------------------------------------------------
------------------------------------------------------------------------------------------------------
GET /bridge/info 1ms 200
------------------------------------------------------------------------------------------------------
GET /bridge/info 1ms 200
GET /bridge/921/s_72n8z0/websocket 1ms (unfinished)
------------------------------------------------------------------------------------------------------
GET /bridge/415/uz3un0v4/websocket 1ms (unfinished)
------------------------------------------------------------------------------------------------------
GET /bridge/info 1ms 200
------------------------------------------------------------------------------------------------------
------------------------------------------------------------------------------------------------------
GET /bridge/info 1ms 200
GET /bridge/793/quyu7eif/websocket 3ms (unfinished)
------------------------------------------------------------------------------------------------------
------------------------------------------------------------------------------------------------------
GET /bridge/483/uyhw67v8/websocket 0ms (unfinished)
GET /bridge/info 0ms 200
------------------------------------------------------------------------------------------------------
GET /bridge/info 0ms 200
------------------------------------------------------------------------------------------------------
GET /bridge/755/9jfd7cnl/websocket 1ms (unfinished)
------------------------------------------------------------------------------------------------------
------------------------------------------------------------------------------------------------------
GET /bridge/133/5wsosusk/websocket 0ms (unfinished)
GET /bridge/info 1ms 200
------------------------------------------------------------------------------------------------------
GET /bridge/info 1ms 200
------------------------------------------------------------------------------------------------------
GET /bridge/402/qddnlnlf/websocket 0ms (unfinished)
------------------------------------------------------------------------------------------------------
GET /bridge/930/4xogm4lx/websocket 0ms (unfinished)
------------------------------------------------------------------------------------------------------
GET /bridge/info 0ms 200
------------------------------------------------------------------------------------------------------
GET /bridge/info 1ms 200
------------------------------------------------------------------------------------------------------
GET /bridge/359/qa0whgha/websocket 1ms (unfinished)
------------------------------------------------------------------------------------------------------
------------------------------------------------------------------------------------------------------
GET /bridge/299/hfes3tc_/websocket 0ms (unfinished)
GET /bridge/info 0ms 200
------------------------------------------------------------------------------------------------------
GET /bridge/info 0ms 200
------------------------------------------------------------------------------------------------------
GET /bridge/495/5k7xrsix/websocket 1ms (unfinished)
------------------------------------------------------------------------------------------------------
GET /bridge/413/0mwxk5au/websocket 0ms (unfinished)
------------------------------------------------------------------------------------------------------
GET /bridge/info 1ms 200
------------------------------------------------------------------------------------------------------
GET /bridge/info 0ms 200
------------------------------------------------------------------------------------------------------
GET /bridge/246/x0ciqsft/websocket 1ms (unfinished)
------------------------------------------------------------------------------------------------------
GET /bridge/308/ex78kp3e/websocket 1ms (unfinished)
------------------------------------------------------------------------------------------------------
GET /bridge/info 1ms 200
------------------------------------------------------------------------------------------------------
GET /bridge/info 1ms 200
------------------------------------------------------------------------------------------------------
------------------------------------------------------------------------------------------------------
GET /bridge/419/rz3tviyd/websocket 2ms (unfinished)
GET /bridge/327/ny9n1se4/websocket 0ms (unfinished)
------------------------------------------------------------------------------------------------------
------------------------------------------------------------------------------------------------------
GET /bridge/info 1ms 200
GET /bridge/info 0ms 200
------------------------------------------------------------------------------------------------------
GET /bridge/659/h0yk02un/websocket 2ms (unfinished)
------------------------------------------------------------------------------------------------------
GET /bridge/115/ewtt4lz1/websocket 0ms (unfinished)
------------------------------------------------------------------------------------------------------
GET /bridge/info 0ms 200
------------------------------------------------------------------------------------------------------
GET /bridge/info 0ms 200
------------------------------------------------------------------------------------------------------
------------------------------------------------------------------------------------------------------
GET /bridge/608/lqdw6_sy/websocket 0ms (unfinished)
GET /bridge/714/8x0vi1hb/websocket 1ms (unfinished)
------------------------------------------------------------------------------------------------------
GET /bridge/info 1ms 200
------------------------------------------------------------------------------------------------------
GET /bridge/info 0ms 200
------------------------------------------------------------------------------------------------------
GET /bridge/529/x2l2e5n2/websocket 3ms (unfinished)
------------------------------------------------------------------------------------------------------
------------------------------------------------------------------------------------------------------
GET /bridge/669/pcj4nsvw/websocket 0ms (unfinished)
GET /bridge/info 1ms 200
------------------------------------------------------------------------------------------------------
GET /bridge/info 0ms 200
------------------------------------------------------------------------------------------------------
GET /bridge/363/kv7a76lx/websocket 1ms (unfinished)
------------------------------------------------------------------------------------------------------
------------------------------------------------------------------------------------------------------
GET /bridge/495/hjmkxr_9/websocket 0ms (unfinished)
GET /bridge/info 1ms 200
------------------------------------------------------------------------------------------------------
GET /bridge/info 0ms 200
------------------------------------------------------------------------------------------------------
GET /bridge/151/byzhidft/websocket 1ms (unfinished)
------------------------------------------------------------------------------------------------------
GET /bridge/731/l3hmzjc8/websocket 0ms (unfinished)
------------------------------------------------------------------------------------------------------
------------------------------------------------------------------------------------------------------
GET /bridge/info 0ms 200
------------------------------------------------------------------------------------------------------
GET /bridge/info 0ms 200
GET /bridge/829/6_8tuad1/websocket 1ms (unfinished)
------------------------------------------------------------------------------------------------------
GET /bridge/970/_5cmmc2e/websocket 0ms (unfinished)
------------------------------------------------------------------------------------------------------
GET /bridge/info 1ms 200
------------------------------------------------------------------------------------------------------
------------------------------------------------------------------------------------------------------
GET /bridge/info 0ms 200
GET /bridge/060/9wfkzt1r/websocket 0ms (unfinished)
------------------------------------------------------------------------------------------------------
------------------------------------------------------------------------------------------------------
GET /bridge/219/lh6j1i6f/websocket 1ms (unfinished)
------------------------------------------------------------------------------------------------------
GET /bridge/info 1ms 200
GET /bridge/info 1ms 200
------------------------------------------------------------------------------------------------------
------------------------------------------------------------------------------------------------------
GET /bridge/151/6_ni4k9u/websocket 0ms (unfinished)
------------------------------------------------------------------------------------------------------
GET /bridge/info 0ms 200
GET /bridge/info 0ms 200
------------------------------------------------------------------------------------------------------
GET /bridge/965/a6vz6dn6/websocket 0ms (unfinished)
------------------------------------------------------------------------------------------------------
------------------------------------------------------------------------------------------------------
GET /bridge/185/9t5p3eyg/websocket 0ms (unfinished)
POST /bridge/192/wr1tdl_p/xhr_send 5ms 204
------------------------------------------------------------------------------------------------------
------------------------------------------------------------------------------------------------------
POST /bridge/506/hos4sftx/xhr_send 1ms 204
GET /bridge/info 1ms 200
------------------------------------------------------------------------------------------------------
------------------------------------------------------------------------------------------------------
GET /bridge/info 1ms 200
GET /bridge/553/mcb340n_/websocket 1ms (unfinished)
------------------------------------------------------------------------------------------------------
GET /bridge/472/cgbxwp1t/websocket 0ms (unfinished)
------------------------------------------------------------------------------------------------------
POST /bridge/553/839d11kl/xhr_streaming 1ms (unfinished)
------------------------------------------------------------------------------------------------------
------------------------------------------------------------------------------------------------------
POST /bridge/553/839d11kl/xhr_send 1ms 204
POST /bridge/472/cdslaijk/xhr_streaming 1ms (unfinished)
------------------------------------------------------------------------------------------------------
------------------------------------------------------------------------------------------------------
POST /bridge/472/cdslaijk/xhr_send 2ms 204
GET /bridge/info 1ms 200
------------------------------------------------------------------------------------------------------
GET /bridge/info 0ms 200
------------------------------------------------------------------------------------------------------
GET /bridge/660/l2n7t4bw/websocket 1ms (unfinished)
------------------------------------------------------------------------------------------------------
------------------------------------------------------------------------------------------------------
GET /bridge/971/86y9_myp/websocket 0ms (unfinished)
POST /bridge/660/d4ss3ewx/xhr_streaming 1ms (unfinished)
------------------------------------------------------------------------------------------------------
POST /bridge/660/d4ss3ewx/xhr_send 1ms 204
------------------------------------------------------------------------------------------------------
POST /bridge/971/le2e8g15/xhr_streaming 1ms (unfinished)
------------------------------------------------------------------------------------------------------
------------------------------------------------------------------------------------------------------
POST /bridge/971/le2e8g15/xhr_send 2ms 204
------------------------------------------------------------------------------------------------------
GET /bridge/info 1ms 200
------------------------------------------------------------------------------------------------------
GET /bridge/info 0ms 200
GET /bridge/853/jjcscnou/websocket 3ms (unfinished)
------------------------------------------------------------------------------------------------------
GET /bridge/877/4vl3pef5/websocket 0ms (unfinished)
------------------------------------------------------------------------------------------------------
------------------------------------------------------------------------------------------------------
POST /bridge/853/vv71jm14/xhr_streaming 1ms (unfinished)
POST /bridge/877/otu9fq7k/xhr_streaming 0ms (unfinished)
------------------------------------------------------------------------------------------------------
GET /bridge/info 1ms 200
------------------------------------------------------------------------------------------------------
GET /bridge/info 0ms 200
------------------------------------------------------------------------------------------------------
GET /bridge/430/5htz4g5a/websocket 3ms (unfinished)
------------------------------------------------------------------------------------------------------
GET /bridge/025/ck2zduw8/websocket 0ms (unfinished)
------------------------------------------------------------------------------------------------------
GET /bridge/info 2ms 200
------------------------------------------------------------------------------------------------------
GET /bridge/info 0ms 200
------------------------------------------------------------------------------------------------------
GET /bridge/724/3ks97wel/websocket 2ms (unfinished)
------------------------------------------------------------------------------------------------------
GET /bridge/297/55zl15oc/websocket 1ms (unfinished)
------------------------------------------------------------------------------------------------------
GET /bridge/info 0ms 200
------------------------------------------------------------------------------------------------------
GET /bridge/info 0ms 200
------------------------------------------------------------------------------------------------------
GET /bridge/168/gxbe4gxr/websocket 1ms (unfinished)
------------------------------------------------------------------------------------------------------
GET /bridge/840/xg1or8zz/websocket 1ms (unfinished)
------------------------------------------------------------------------------------------------------
------------------------------------------------------------------------------------------------------
GET /bridge/info 0ms 200
------------------------------------------------------------------------------------------------------
GET /bridge/info 0ms 200
------------------------------------------------------------------------------------------------------
GET /bridge/641/_aynww2v/websocket 0ms (unfinished)
GET /bridge/556/b41v_aj6/websocket 0ms (unfinished)
------------------------------------------------------------------------------------------------------
GET /bridge/info 1ms 200
------------------------------------------------------------------------------------------------------
GET /bridge/info 0ms 200
------------------------------------------------------------------------------------------------------
------------------------------------------------------------------------------------------------------
GET /bridge/550/9qpc_8sj/websocket 1ms (unfinished)
GET /bridge/206/rk3bpe18/websocket 0ms (unfinished)
------------------------------------------------------------------------------------------------------
GET /bridge/info 0ms 200
------------------------------------------------------------------------------------------------------
GET /bridge/info 0ms 200
------------------------------------------------------------------------------------------------------
------------------------------------------------------------------------------------------------------
GET /bridge/213/s1lpw5_g/websocket 0ms (unfinished)
GET /bridge/098/788_s647/websocket 0ms (unfinished)
------------------------------------------------------------------------------------------------------
------------------------------------------------------------------------------------------------------
GET /bridge/info 0ms 200
GET /bridge/info 0ms 200
------------------------------------------------------------------------------------------------------
GET /bridge/997/ftj2_25g/websocket 0ms (unfinished)
------------------------------------------------------------------------------------------------------
GET /bridge/181/p6bepzbp/websocket 0ms (unfinished)
------------------------------------------------------------------------------------------------------
GET /bridge/info 1ms 200
------------------------------------------------------------------------------------------------------
GET /bridge/info 0ms 200
------------------------------------------------------------------------------------------------------
GET /bridge/878/cpa5ptas/websocket 0ms (unfinished)
------------------------------------------------------------------------------------------------------
GET /bridge/834/q8s4gctt/websocket 0ms (unfinished)
------------------------------------------------------------------------------------------------------
------------------------------------------------------------------------------------------------------
POST /bridge/878/mg3y_lfl/xhr_streaming 1ms (unfinished)
POST /bridge/878/mg3y_lfl/xhr_send 4ms 204
------------------------------------------------------------------------------------------------------
POST /bridge/834/0rsps0ls/xhr_streaming 0ms (unfinished)
------------------------------------------------------------------------------------------------------
POST /bridge/834/0rsps0ls/xhr_send 2ms 204
------------------------------------------------------------------------------------------------------
GET /bridge/info 1ms 200
------------------------------------------------------------------------------------------------------
GET /bridge/info 0ms 200
------------------------------------------------------------------------------------------------------
GET /bridge/101/65km61d4/websocket 0ms (unfinished)
------------------------------------------------------------------------------------------------------
GET /bridge/934/qvqzvr5q/websocket 1ms (unfinished)
------------------------------------------------------------------------------------------------------
POST /bridge/101/xvw867gi/xhr_streaming 0ms (unfinished)
------------------------------------------------------------------------------------------------------
------------------------------------------------------------------------------------------------------
POST /bridge/101/xvw867gi/xhr_send 1ms 204
POST /bridge/934/xlh5t3ah/xhr_streaming 2ms (unfinished)
------------------------------------------------------------------------------------------------------
------------------------------------------------------------------------------------------------------
POST /bridge/934/xlh5t3ah/xhr_send 1ms 204
GET /bridge/info 1ms 200
------------------------------------------------------------------------------------------------------
GET /bridge/info 1ms 200
------------------------------------------------------------------------------------------------------
------------------------------------------------------------------------------------------------------
GET /bridge/555/mb5mqthu/websocket 1ms (unfinished)
------------------------------------------------------------------------------------------------------
GET /bridge/139/oge2qy5p/websocket 0ms (unfinished)
POST /bridge/555/m3u06vjk/xhr_streaming 1ms (unfinished)
------------------------------------------------------------------------------------------------------
POST /bridge/555/m3u06vjk/xhr_send 1ms 204
------------------------------------------------------------------------------------------------------
POST /bridge/139/ezqwhdwz/xhr_streaming 1ms (unfinished)
------------------------------------------------------------------------------------------------------
POST /bridge/139/ezqwhdwz/xhr_send 1ms 204
------------------------------------------------------------------------------------------------------
GET /bridge/info 0ms 200
------------------------------------------------------------------------------------------------------
GET /bridge/info 1ms 200
------------------------------------------------------------------------------------------------------
GET /bridge/808/c3cqqs7c/websocket 0ms (unfinished)
------------------------------------------------------------------------------------------------------
GET /bridge/210/4iwm2ibb/websocket 0ms (unfinished)
------------------------------------------------------------------------------------------------------
------------------------------------------------------------------------------------------------------
POST /bridge/747/8_6888l8/xhr_send 2ms 204
GET /bridge/info 1ms 200
------------------------------------------------------------------------------------------------------
GET /bridge/info 0ms 200
------------------------------------------------------------------------------------------------------
GET /bridge/279/7m3tdni0/websocket 1ms (unfinished)
------------------------------------------------------------------------------------------------------
GET /bridge/186/wgsy60lm/websocket 0ms (unfinished)
------------------------------------------------------------------------------------------------------
POST /bridge/279/z0_decto/xhr_streaming 1ms (unfinished)
------------------------------------------------------------------------------------------------------
POST /bridge/279/z0_decto/xhr_send 1ms 204
------------------------------------------------------------------------------------------------------
POST /bridge/186/ggw1vkgz/xhr_streaming 0ms (unfinished)
------------------------------------------------------------------------------------------------------
POST /bridge/186/ggw1vkgz/xhr_send 1ms 204
------------------------------------------------------------------------------------------------------
GET /bridge/info 1ms 200
------------------------------------------------------------------------------------------------------
GET /bridge/info 1ms 200
------------------------------------------------------------------------------------------------------
GET /bridge/421/btvks3mb/websocket 0ms (unfinished)
------------------------------------------------------------------------------------------------------
GET /bridge/718/wxlao9i2/websocket 1ms (unfinished)
------------------------------------------------------------------------------------------------------
POST /bridge/421/nxdphnau/xhr_streaming 0ms (unfinished)
------------------------------------------------------------------------------------------------------
------------------------------------------------------------------------------------------------------
POST /bridge/421/nxdphnau/xhr_send 1ms 204
POST /bridge/718/wcc8xag5/xhr_streaming 1ms (unfinished)
------------------------------------------------------------------------------------------------------
------------------------------------------------------------------------------------------------------
POST /bridge/718/wcc8xag5/xhr_send 1ms 204
------------------------------------------------------------------------------------------------------
GET /bridge/info 0ms 200
GET /bridge/info 0ms 200
------------------------------------------------------------------------------------------------------
GET /bridge/047/xyr2fsk5/websocket 0ms (unfinished)
------------------------------------------------------------------------------------------------------
------------------------------------------------------------------------------------------------------
GET /bridge/011/ubx55yjy/websocket 0ms (unfinished)
POST /bridge/047/pvpg4ttl/xhr_streaming 0ms (unfinished)
------------------------------------------------------------------------------------------------------
POST /bridge/047/pvpg4ttl/xhr_send 1ms 204
------------------------------------------------------------------------------------------------------
POST /bridge/011/0iudxfqh/xhr_streaming 0ms (unfinished)
------------------------------------------------------------------------------------------------------
POST /bridge/011/0iudxfqh/xhr_send 1ms 204
------------------------------------------------------------------------------------------------------
------------------------------------------------------------------------------------------------------
GET /bridge/info 0ms 200
GET /bridge/info 0ms 200
------------------------------------------------------------------------------------------------------
GET /bridge/454/jzcxv3gd/websocket 0ms (unfinished)
------------------------------------------------------------------------------------------------------
GET /bridge/699/g5305jj8/websocket 0ms (unfinished)
------------------------------------------------------------------------------------------------------
------------------------------------------------------------------------------------------------------
POST /bridge/454/e4jdl0p3/xhr_streaming 0ms (unfinished)
POST /bridge/454/e4jdl0p3/xhr_send 1ms 204
------------------------------------------------------------------------------------------------------
POST /bridge/699/xlntydpk/xhr_streaming 1ms (unfinished)
------------------------------------------------------------------------------------------------------
------------------------------------------------------------------------------------------------------
GET /bridge/info 0ms 200
------------------------------------------------------------------------------------------------------
GET /bridge/info 0ms 200
GET /bridge/293/wjz2xogf/websocket 0ms (unfinished)
------------------------------------------------------------------------------------------------------
GET /bridge/146/y1m90lhe/websocket 0ms (unfinished)
------------------------------------------------------------------------------------------------------
------------------------------------------------------------------------------------------------------
POST /bridge/293/bkfgsrg8/xhr_streaming 0ms (unfinished)
POST /bridge/293/bkfgsrg8/xhr_send 1ms 204
------------------------------------------------------------------------------------------------------
POST /bridge/146/guspqns3/xhr_streaming 0ms (unfinished)
------------------------------------------------------------------------------------------------------
GET /bridge/info 0ms 200
------------------------------------------------------------------------------------------------------
GET /bridge/info 1ms 200
------------------------------------------------------------------------------------------------------
GET /bridge/269/6kuj5ifu/websocket 0ms (unfinished)
------------------------------------------------------------------------------------------------------
------------------------------------------------------------------------------------------------------
GET /bridge/668/d0hg85ej/websocket 0ms (unfinished)
GET /bridge/info 1ms 200
------------------------------------------------------------------------------------------------------
GET /bridge/info 0ms 200
------------------------------------------------------------------------------------------------------
GET /bridge/316/mgkgww_3/websocket 0ms (unfinished)
------------------------------------------------------------------------------------------------------
GET /bridge/394/00wazj07/websocket 0ms (unfinished)
------------------------------------------------------------------------------------------------------
GET /bridge/info 1ms 200
------------------------------------------------------------------------------------------------------
GET /bridge/info 0ms 200
------------------------------------------------------------------------------------------------------
GET /bridge/721/bz3ctkzz/websocket 1ms (unfinished)
------------------------------------------------------------------------------------------------------
------------------------------------------------------------------------------------------------------
GET /bridge/193/eo9ms7lp/websocket 0ms (unfinished)
POST /bridge/721/p0cbxwtm/xhr_streaming 1ms (unfinished)
------------------------------------------------------------------------------------------------------
------------------------------------------------------------------------------------------------------
POST /bridge/721/p0cbxwtm/xhr_send 6ms 204
------------------------------------------------------------------------------------------------------
POST /bridge/193/tposgruh/xhr_streaming 0ms (unfinished)
------------------------------------------------------------------------------------------------------
POST /bridge/193/tposgruh/xhr_send 1ms 204
GET /bridge/info 1ms 200
------------------------------------------------------------------------------------------------------
GET /bridge/info 0ms 200
------------------------------------------------------------------------------------------------------
GET /bridge/243/78lyciq8/websocket 0ms (unfinished)
------------------------------------------------------------------------------------------------------
GET /bridge/140/uwku2gp6/websocket 0ms (unfinished)
------------------------------------------------------------------------------------------------------
POST /bridge/243/b8luka0q/xhr_streaming 1ms (unfinished)
------------------------------------------------------------------------------------------------------
POST /bridge/140/jssmlrms/xhr_streaming 0ms (unfinished)
------------------------------------------------------------------------------------------------------
POST /bridge/243/b8luka0q/xhr_send 2ms 204
------------------------------------------------------------------------------------------------------
POST /bridge/140/jssmlrms/xhr_send 2ms 204
------------------------------------------------------------------------------------------------------
GET /bridge/info 0ms 200
------------------------------------------------------------------------------------------------------
GET /bridge/info 0ms 200
------------------------------------------------------------------------------------------------------
GET /bridge/748/x58wboti/websocket 0ms (unfinished)
------------------------------------------------------------------------------------------------------
GET /bridge/848/azfxog_d/websocket 0ms (unfinished)
------------------------------------------------------------------------------------------------------
POST /bridge/748/463mifpi/xhr_streaming 1ms (unfinished)
------------------------------------------------------------------------------------------------------
------------------------------------------------------------------------------------------------------
POST /bridge/748/463mifpi/xhr_send 1ms 204
------------------------------------------------------------------------------------------------------
POST /bridge/848/ibr1m27v/xhr_streaming 0ms (unfinished)
GET /bridge/info 0ms 200
------------------------------------------------------------------------------------------------------
GET /bridge/info 1ms 200
------------------------------------------------------------------------------------------------------
GET /bridge/603/57pmsn4t/websocket 0ms (unfinished)
------------------------------------------------------------------------------------------------------
GET /bridge/216/b9ujo70q/websocket 0ms (unfinished)
------------------------------------------------------------------------------------------------------
GET /bridge/info 0ms 200
------------------------------------------------------------------------------------------------------
GET /bridge/info 0ms 200
------------------------------------------------------------------------------------------------------
GET /bridge/680/adxcrh17/websocket 2ms (unfinished)
------------------------------------------------------------------------------------------------------
GET /bridge/240/1e0rqav5/websocket 0ms (unfinished)
------------------------------------------------------------------------------------------------------
------------------------------------------------------------------------------------------------------
GET /bridge/info 0ms 200
------------------------------------------------------------------------------------------------------
GET /bridge/info 0ms 200
GET /bridge/850/_kamti70/websocket 0ms (unfinished)
------------------------------------------------------------------------------------------------------
------------------------------------------------------------------------------------------------------
GET /bridge/845/hpb4_3c6/websocket 0ms (unfinished)
GET /bridge/info 0ms 200
------------------------------------------------------------------------------------------------------
------------------------------------------------------------------------------------------------------
GET /bridge/info 0ms 200
GET /bridge/526/1wax3hy4/websocket 0ms (unfinished)
------------------------------------------------------------------------------------------------------
GET /bridge/185/xnj37s_1/websocket 0ms (unfinished)
------------------------------------------------------------------------------------------------------
------------------------------------------------------------------------------------------------------
GET /bridge/info 0ms 200
GET /bridge/info 0ms 200
------------------------------------------------------------------------------------------------------
GET /bridge/165/ixu6kpm4/websocket 0ms (unfinished)
------------------------------------------------------------------------------------------------------
GET /bridge/224/f_t0kffi/websocket 1ms (unfinished)
------------------------------------------------------------------------------------------------------
GET /bridge/info 0ms 200
------------------------------------------------------------------------------------------------------
GET /bridge/info 1ms 200
------------------------------------------------------------------------------------------------------
GET /bridge/186/o9453c1y/websocket 1ms (unfinished)
------------------------------------------------------------------------------------------------------
------------------------------------------------------------------------------------------------------
GET /bridge/404/cqo8d2ft/websocket 0ms (unfinished)
GET /bridge/info 1ms 200
------------------------------------------------------------------------------------------------------
------------------------------------------------------------------------------------------------------
GET /bridge/info 1ms 200
------------------------------------------------------------------------------------------------------
GET /bridge/327/d2a3ru8q/websocket 1ms (unfinished)
GET /bridge/661/p_gqh104/websocket 0ms (unfinished)
------------------------------------------------------------------------------------------------------
GET /bridge/info 0ms 200
------------------------------------------------------------------------------------------------------
GET /bridge/info 0ms 200
------------------------------------------------------------------------------------------------------
GET /bridge/403/_hi4v13m/websocket 1ms (unfinished)
------------------------------------------------------------------------------------------------------
GET /bridge/434/eivfd1j1/websocket 0ms (unfinished)
------------------------------------------------------------------------------------------------------
------------------------------------------------------------------------------------------------------
POST /bridge/699/xlntydpk/xhr_send 4ms 204
------------------------------------------------------------------------------------------------------
GET /bridge/info 0ms 200
GET /bridge/info 0ms 200
------------------------------------------------------------------------------------------------------
------------------------------------------------------------------------------------------------------
GET /bridge/227/m12xlv2a/websocket 0ms (unfinished)
GET /bridge/554/6jla3x6z/websocket 0ms (unfinished)
------------------------------------------------------------------------------------------------------
POST /bridge/227/ey0e0of7/xhr_streaming 1ms (unfinished)
------------------------------------------------------------------------------------------------------
POST /bridge/227/ey0e0of7/xhr_send 1ms 204
------------------------------------------------------------------------------------------------------
POST /bridge/554/8x28mkqf/xhr_streaming 0ms (unfinished)
------------------------------------------------------------------------------------------------------
POST /bridge/554/8x28mkqf/xhr_send 0ms 204
------------------------------------------------------------------------------------------------------
------------------------------------------------------------------------------------------------------
GET /bridge/info 0ms 200
GET /bridge/info 0ms 200
------------------------------------------------------------------------------------------------------
------------------------------------------------------------------------------------------------------
GET /bridge/388/g5w4_y5w/websocket 0ms (unfinished)
GET /bridge/293/vjkihght/websocket 0ms (unfinished)
------------------------------------------------------------------------------------------------------
POST /bridge/388/d2jq2tv_/xhr_streaming 0ms (unfinished)
------------------------------------------------------------------------------------------------------
POST /bridge/388/d2jq2tv_/xhr_send 3ms 204
------------------------------------------------------------------------------------------------------
POST /bridge/293/ftwvocwf/xhr_streaming 0ms (unfinished)
------------------------------------------------------------------------------------------------------
POST /bridge/293/ftwvocwf/xhr_send 1ms 204
------------------------------------------------------------------------------------------------------
GET /bridge/info 1ms 200
------------------------------------------------------------------------------------------------------
GET /bridge/info 1ms 200
------------------------------------------------------------------------------------------------------
GET /bridge/768/q244zzk7/websocket 1ms (unfinished)
------------------------------------------------------------------------------------------------------
------------------------------------------------------------------------------------------------------
GET /bridge/421/hbftna0u/websocket 0ms (unfinished)
POST /bridge/768/7p7w1sf7/xhr_streaming 1ms (unfinished)
------------------------------------------------------------------------------------------------------
------------------------------------------------------------------------------------------------------
POST /bridge/768/7p7w1sf7/xhr_send 2ms 204
POST /bridge/421/j6_hdvsv/xhr_streaming 0ms (unfinished)
------------------------------------------------------------------------------------------------------
------------------------------------------------------------------------------------------------------
GET /bridge/info 0ms 200
------------------------------------------------------------------------------------------------------
GET /bridge/info 1ms 200
GET /bridge/015/cv7bslr0/websocket 0ms (unfinished)
------------------------------------------------------------------------------------------------------
GET /bridge/050/9xrb1qx9/websocket 0ms (unfinished)
------------------------------------------------------------------------------------------------------
GET /bridge/info 1ms 200
------------------------------------------------------------------------------------------------------
GET /bridge/info 0ms 200
------------------------------------------------------------------------------------------------------
GET /bridge/308/cwfj_kwb/websocket 0ms (unfinished)
------------------------------------------------------------------------------------------------------
GET /bridge/950/t25ag_u4/websocket 1ms (unfinished)
------------------------------------------------------------------------------------------------------
POST /bridge/421/j6_hdvsv/xhr_send 1ms 204
------------------------------------------------------------------------------------------------------
