GET /bridge/info 1ms 200
------------------------------------------------------------------------------------------------------
GET /bridge/681/asyv5hm_/websocket 3ms (unfinished)
------------------------------------------------------------------------------------------------------
GET /bridge/info 1ms 200
------------------------------------------------------------------------------------------------------
GET /bridge/174/3bgy4alx/websocket 1ms (unfinished)
------------------------------------------------------------------------------------------------------
------------------------------------------------------------------------------------------------------
POST /bridge/681/0ihbqulc/xhr_streaming 2ms (unfinished)
POST /bridge/681/0ihbqulc/xhr_send 5ms 204
------------------------------------------------------------------------------------------------------
POST /bridge/174/9id2cq2a/xhr_streaming 0ms (unfinished)
------------------------------------------------------------------------------------------------------
POST /bridge/174/9id2cq2a/xhr_send 1ms 204
------------------------------------------------------------------------------------------------------
------------------------------------------------------------------------------------------------------
GET /bridge/info 0ms 200
GET /bridge/info 1ms 200
------------------------------------------------------------------------------------------------------
GET /bridge/211/yyalomye/websocket 1ms (unfinished)
------------------------------------------------------------------------------------------------------
GET /bridge/032/om5xskmt/websocket 0ms (unfinished)
------------------------------------------------------------------------------------------------------
POST /bridge/211/qj09yevv/xhr_streaming 0ms (unfinished)
------------------------------------------------------------------------------------------------------
POST /bridge/211/qj09yevv/xhr_send 1ms 204
------------------------------------------------------------------------------------------------------
POST /bridge/032/iky646e6/xhr_streaming 0ms (unfinished)
------------------------------------------------------------------------------------------------------
POST /bridge/032/iky646e6/xhr_send 1ms 204
------------------------------------------------------------------------------------------------------
------------------------------------------------------------------------------------------------------
GET /bridge/info 0ms 200
GET /bridge/info 0ms 200
------------------------------------------------------------------------------------------------------
------------------------------------------------------------------------------------------------------
GET /bridge/543/nj_j855m/websocket 0ms (unfinished)
------------------------------------------------------------------------------------------------------
GET /bridge/429/vmvub7af/websocket 0ms (unfinished)
POST /bridge/543/e8v1ii41/xhr_streaming 1ms (unfinished)
------------------------------------------------------------------------------------------------------
POST /bridge/543/e8v1ii41/xhr_send 1ms 204
------------------------------------------------------------------------------------------------------
POST /bridge/429/x1ekv4ip/xhr_streaming 0ms (unfinished)
------------------------------------------------------------------------------------------------------
GET /bridge/info 1ms 200
------------------------------------------------------------------------------------------------------
GET /bridge/info 0ms 200
------------------------------------------------------------------------------------------------------
GET /bridge/792/i2epfb5g/websocket 1ms (unfinished)
------------------------------------------------------------------------------------------------------
GET /bridge/304/gm3gml7a/websocket 0ms (unfinished)
------------------------------------------------------------------------------------------------------
GET /bridge/info 0ms 200
------------------------------------------------------------------------------------------------------
GET /bridge/info 1ms 200
------------------------------------------------------------------------------------------------------
GET /bridge/330/xzei1fu6/websocket 0ms (unfinished)
------------------------------------------------------------------------------------------------------
------------------------------------------------------------------------------------------------------
GET /bridge/267/w02u7sbf/websocket 0ms (unfinished)
------------------------------------------------------------------------------------------------------
GET /bridge/info 1ms 200
GET /bridge/info 0ms 200
------------------------------------------------------------------------------------------------------
GET /bridge/825/wbfavg0w/websocket 0ms (unfinished)
------------------------------------------------------------------------------------------------------
GET /bridge/893/qzxln1c7/websocket 0ms (unfinished)
------------------------------------------------------------------------------------------------------
GET /bridge/info 0ms 200
------------------------------------------------------------------------------------------------------
GET /bridge/info 0ms 200
------------------------------------------------------------------------------------------------------
GET /bridge/835/e6qdcm8z/websocket 0ms (unfinished)
------------------------------------------------------------------------------------------------------
POST /bridge/835/rncpiqel/xhr_streaming 0ms (unfinished)
------------------------------------------------------------------------------------------------------
POST /bridge/835/rncpiqel/xhr_send 2ms 204
------------------------------------------------------------------------------------------------------
POST /bridge/310/7xcqrj90/xhr_streaming 0ms (unfinished)
------------------------------------------------------------------------------------------------------
------------------------------------------------------------------------------------------------------
POST /bridge/310/7xcqrj90/xhr_send 1ms 204
GET /bridge/info 1ms 200
------------------------------------------------------------------------------------------------------
GET /bridge/info 0ms 200
------------------------------------------------------------------------------------------------------
GET /bridge/463/bc1q6vuq/websocket 0ms (unfinished)
------------------------------------------------------------------------------------------------------
GET /bridge/474/u29e41qw/websocket 1ms (unfinished)
------------------------------------------------------------------------------------------------------
POST /bridge/463/0hs2gxgf/xhr_streaming 0ms (unfinished)
------------------------------------------------------------------------------------------------------
POST /bridge/463/0hs2gxgf/xhr_send 1ms 204
------------------------------------------------------------------------------------------------------
POST /bridge/474/gjxknkh9/xhr_streaming 1ms (unfinished)
------------------------------------------------------------------------------------------------------
------------------------------------------------------------------------------------------------------
POST /bridge/474/gjxknkh9/xhr_send 1ms 204
------------------------------------------------------------------------------------------------------
GET /bridge/info 0ms 200
------------------------------------------------------------------------------------------------------
GET /bridge/info 1ms 200
GET /bridge/974/6ltp54xe/websocket 1ms (unfinished)
------------------------------------------------------------------------------------------------------
GET /bridge/088/cahhsgy6/websocket 0ms (unfinished)
------------------------------------------------------------------------------------------------------
GET /bridge/info 1ms 200
------------------------------------------------------------------------------------------------------
GET /bridge/info 0ms 200
------------------------------------------------------------------------------------------------------
GET /bridge/293/pbogrjmf/websocket 0ms (unfinished)
------------------------------------------------------------------------------------------------------
GET /bridge/797/6_qrrvxj/websocket 1ms (unfinished)
------------------------------------------------------------------------------------------------------
POST /bridge/293/2bwq_yom/xhr_streaming 0ms (unfinished)
------------------------------------------------------------------------------------------------------
POST /bridge/293/2bwq_yom/xhr_send 1ms 204
------------------------------------------------------------------------------------------------------
POST /bridge/797/rcq7kc0p/xhr_streaming 1ms (unfinished)
------------------------------------------------------------------------------------------------------
GET /bridge/info 1ms 200
------------------------------------------------------------------------------------------------------
GET /bridge/861/u0orkgm2/websocket 0ms (unfinished)
------------------------------------------------------------------------------------------------------
GET /bridge/info 0ms 200
------------------------------------------------------------------------------------------------------
GET /bridge/950/pvfv9a8f/websocket 0ms (unfinished)
------------------------------------------------------------------------------------------------------
GET /bridge/info 0ms 200
------------------------------------------------------------------------------------------------------
------------------------------------------------------------------------------------------------------
GET /bridge/info 0ms 200
GET /bridge/553/1fmwt7_1/websocket 1ms (unfinished)
------------------------------------------------------------------------------------------------------
GET /bridge/info 0ms 200
------------------------------------------------------------------------------------------------------
GET /bridge/info 0ms 200
------------------------------------------------------------------------------------------------------
GET /bridge/244/1xnr68kt/websocket 1ms (unfinished)
------------------------------------------------------------------------------------------------------
GET /bridge/875/vck9fxl8/websocket 1ms (unfinished)
------------------------------------------------------------------------------------------------------
GET /bridge/info 1ms 200
------------------------------------------------------------------------------------------------------
------------------------------------------------------------------------------------------------------
GET /bridge/info 1ms 200
GET /bridge/339/cmtci2v9/websocket 0ms (unfinished)
------------------------------------------------------------------------------------------------------
GET /bridge/049/_nqy5cfp/websocket 0ms (unfinished)
------------------------------------------------------------------------------------------------------
GET /bridge/info 1ms 200
------------------------------------------------------------------------------------------------------
------------------------------------------------------------------------------------------------------
GET /bridge/info 1ms 200
GET /bridge/422/h84h3281/websocket 0ms (unfinished)
------------------------------------------------------------------------------------------------------
GET /bridge/751/ldx1skwz/websocket 0ms (unfinished)
------------------------------------------------------------------------------------------------------
GET /bridge/info 0ms 200
------------------------------------------------------------------------------------------------------
------------------------------------------------------------------------------------------------------
GET /bridge/info 0ms 200
GET /bridge/315/r5yr_ob7/websocket 0ms (unfinished)
------------------------------------------------------------------------------------------------------
GET /bridge/220/q7rnelrh/websocket 0ms (unfinished)
------------------------------------------------------------------------------------------------------
GET /bridge/info 0ms 200
------------------------------------------------------------------------------------------------------
------------------------------------------------------------------------------------------------------
GET /bridge/info 0ms 200
GET /bridge/696/e233iwwt/websocket 0ms (unfinished)
------------------------------------------------------------------------------------------------------
GET /bridge/951/bcpqwlab/websocket 0ms (unfinished)
------------------------------------------------------------------------------------------------------
GET /bridge/info 1ms 200
------------------------------------------------------------------------------------------------------
GET /bridge/info 0ms 200
------------------------------------------------------------------------------------------------------
GET /bridge/138/ow6tlfkl/websocket 2ms (unfinished)
------------------------------------------------------------------------------------------------------
GET /bridge/686/oix0fpx8/websocket 1ms (unfinished)
------------------------------------------------------------------------------------------------------
GET /bridge/info 0ms 200
------------------------------------------------------------------------------------------------------
GET /bridge/info 0ms 200
------------------------------------------------------------------------------------------------------
GET /bridge/304/6jfzkl25/websocket 1ms (unfinished)
------------------------------------------------------------------------------------------------------
------------------------------------------------------------------------------------------------------
GET /bridge/509/n1b2g3ci/websocket 0ms (unfinished)
POST /bridge/304/pk17q9tw/xhr_streaming 1ms (unfinished)
------------------------------------------------------------------------------------------------------
------------------------------------------------------------------------------------------------------
POST /bridge/304/pk17q9tw/xhr_send 3ms 204
POST /bridge/509/u92rtp6w/xhr_streaming 0ms (unfinished)
------------------------------------------------------------------------------------------------------
POST /bridge/509/u92rtp6w/xhr_send 1ms 204
------------------------------------------------------------------------------------------------------
GET /bridge/info 0ms 200
------------------------------------------------------------------------------------------------------
GET /bridge/info 1ms 200
------------------------------------------------------------------------------------------------------
------------------------------------------------------------------------------------------------------
GET /bridge/764/odcmq1mz/websocket 0ms (unfinished)
------------------------------------------------------------------------------------------------------
GET /bridge/509/_ba6c0lu/websocket 0ms (unfinished)
POST /bridge/764/oprm821i/xhr_streaming 1ms (unfinished)
------------------------------------------------------------------------------------------------------
------------------------------------------------------------------------------------------------------
POST /bridge/764/oprm821i/xhr_send 1ms 204
------------------------------------------------------------------------------------------------------
POST /bridge/509/20zt96dp/xhr_streaming 0ms (unfinished)
POST /bridge/509/20zt96dp/xhr_send 1ms 204
------------------------------------------------------------------------------------------------------
GET /bridge/info 2ms 200
------------------------------------------------------------------------------------------------------
GET /bridge/info 0ms 200
------------------------------------------------------------------------------------------------------
GET /bridge/154/39t567q1/websocket 5ms (unfinished)
------------------------------------------------------------------------------------------------------
GET /bridge/429/hc056yd8/websocket 0ms (unfinished)
------------------------------------------------------------------------------------------------------
------------------------------------------------------------------------------------------------------
GET /bridge/info 1ms 200
GET /bridge/info 0ms 200
------------------------------------------------------------------------------------------------------
GET /bridge/697/z2vlr5cg/websocket 2ms (unfinished)
------------------------------------------------------------------------------------------------------
GET /bridge/877/ed_yssu8/websocket 0ms (unfinished)
------------------------------------------------------------------------------------------------------
------------------------------------------------------------------------------------------------------
GET /bridge/info 1ms 200
GET /bridge/info 1ms 200
------------------------------------------------------------------------------------------------------
GET /bridge/062/a4a6sx78/websocket 3ms (unfinished)
------------------------------------------------------------------------------------------------------
GET /bridge/489/8vil08ex/websocket 0ms (unfinished)
------------------------------------------------------------------------------------------------------
GET /bridge/info 0ms 200
------------------------------------------------------------------------------------------------------
GET /bridge/info 1ms 200
------------------------------------------------------------------------------------------------------
------------------------------------------------------------------------------------------------------
GET /bridge/811/sqwaspeb/websocket 0ms (unfinished)
GET /bridge/353/3pb1aefx/websocket 1ms (unfinished)
------------------------------------------------------------------------------------------------------
GET /bridge/info 1ms 200
------------------------------------------------------------------------------------------------------
GET /bridge/989/vgg08rmd/websocket 0ms (unfinished)
------------------------------------------------------------------------------------------------------
GET /bridge/info 0ms 200
------------------------------------------------------------------------------------------------------
------------------------------------------------------------------------------------------------------
GET /bridge/903/r68lw88u/websocket 0ms (unfinished)
GET /bridge/info 2ms 200
------------------------------------------------------------------------------------------------------
GET /bridge/info 0ms 200
------------------------------------------------------------------------------------------------------
------------------------------------------------------------------------------------------------------
GET /bridge/792/1xc9rvia/websocket 3ms (unfinished)
GET /bridge/563/abzv3fcn/websocket 0ms (unfinished)
------------------------------------------------------------------------------------------------------
POST /bridge/797/rcq7kc0p/xhr_send 4ms 204
------------------------------------------------------------------------------------------------------
GET /bridge/info 1ms 200
------------------------------------------------------------------------------------------------------
------------------------------------------------------------------------------------------------------
GET /bridge/info 0ms 200
GET /bridge/827/8_ihc6r3/websocket 2ms (unfinished)
------------------------------------------------------------------------------------------------------
GET /bridge/204/1_4rz7jn/websocket 0ms (unfinished)
------------------------------------------------------------------------------------------------------
POST /bridge/827/1a8o2udj/xhr_streaming 1ms (unfinished)
------------------------------------------------------------------------------------------------------
POST /bridge/827/1a8o2udj/xhr_send 1ms 204
------------------------------------------------------------------------------------------------------
POST /bridge/204/nnu3hgk8/xhr_streaming 0ms (unfinished)
------------------------------------------------------------------------------------------------------
POST /bridge/204/nnu3hgk8/xhr_send 1ms 204
------------------------------------------------------------------------------------------------------
GET /bridge/info 0ms 200
------------------------------------------------------------------------------------------------------
------------------------------------------------------------------------------------------------------
GET /bridge/info 0ms 200
GET /bridge/669/4u35s83_/websocket 0ms (unfinished)
------------------------------------------------------------------------------------------------------
GET /bridge/718/ztpo8fpz/websocket 0ms (unfinished)
------------------------------------------------------------------------------------------------------
POST /bridge/669/65jl1und/xhr_streaming 1ms (unfinished)
------------------------------------------------------------------------------------------------------
POST /bridge/669/65jl1und/xhr_send 1ms 204
------------------------------------------------------------------------------------------------------
POST /bridge/718/bufcghhq/xhr_streaming 0ms (unfinished)
------------------------------------------------------------------------------------------------------
POST /bridge/718/bufcghhq/xhr_send 1ms 204
------------------------------------------------------------------------------------------------------
GET /bridge/info 2ms 200
------------------------------------------------------------------------------------------------------
GET /bridge/info 1ms 200
------------------------------------------------------------------------------------------------------
GET /bridge/291/ymene6_2/websocket 3ms (unfinished)
------------------------------------------------------------------------------------------------------
GET /bridge/913/2cnv2s8b/websocket 0ms (unfinished)
------------------------------------------------------------------------------------------------------
GET /bridge/info 1ms 200
------------------------------------------------------------------------------------------------------
------------------------------------------------------------------------------------------------------
GET /bridge/info 0ms 200
GET /bridge/582/pqxaib_m/websocket 3ms (unfinished)
------------------------------------------------------------------------------------------------------
GET /bridge/652/yi94qgdc/websocket 0ms (unfinished)
------------------------------------------------------------------------------------------------------
GET /bridge/info 0ms 200
------------------------------------------------------------------------------------------------------
------------------------------------------------------------------------------------------------------
GET /bridge/352/16oibqck/websocket 0ms (unfinished)
GET /bridge/info 1ms 200
------------------------------------------------------------------------------------------------------
GET /bridge/932/vwsededy/websocket 0ms (unfinished)
------------------------------------------------------------------------------------------------------
GET /bridge/info 0ms 200
------------------------------------------------------------------------------------------------------
------------------------------------------------------------------------------------------------------
GET /bridge/info 1ms 200
------------------------------------------------------------------------------------------------------
GET /bridge/534/yaxeqvme/websocket 0ms (unfinished)
GET /bridge/001/bc39mokk/websocket 0ms (unfinished)
------------------------------------------------------------------------------------------------------
GET /bridge/info 0ms 200
------------------------------------------------------------------------------------------------------
------------------------------------------------------------------------------------------------------
GET /bridge/info 0ms 200
GET /bridge/522/jcmcu_we/websocket 0ms (unfinished)
------------------------------------------------------------------------------------------------------
GET /bridge/512/53tm01op/websocket 0ms (unfinished)
------------------------------------------------------------------------------------------------------
GET /bridge/info 1ms 200
------------------------------------------------------------------------------------------------------
GET /bridge/info 0ms 200
------------------------------------------------------------------------------------------------------
GET /bridge/274/d6tyoigd/websocket 0ms (unfinished)
------------------------------------------------------------------------------------------------------
------------------------------------------------------------------------------------------------------
GET /bridge/782/fn6sdz4z/websocket 0ms (unfinished)
------------------------------------------------------------------------------------------------------
GET /bridge/info 1ms 200
------------------------------------------------------------------------------------------------------
GET /bridge/info 1ms 200
GET /bridge/060/23_zrl6w/websocket 2ms (unfinished)
------------------------------------------------------------------------------------------------------
GET /bridge/552/rrpdgqod/websocket 0ms (unfinished)
------------------------------------------------------------------------------------------------------
GET /bridge/info 0ms 200
------------------------------------------------------------------------------------------------------
GET /bridge/info 0ms 200
------------------------------------------------------------------------------------------------------
GET /bridge/506/owuulxvk/websocket 0ms (unfinished)
------------------------------------------------------------------------------------------------------
GET /bridge/120/hz25xgzg/websocket 0ms (unfinished)
------------------------------------------------------------------------------------------------------
GET /bridge/info 0ms 200
------------------------------------------------------------------------------------------------------
GET /bridge/info 0ms 200
------------------------------------------------------------------------------------------------------
------------------------------------------------------------------------------------------------------
GET /bridge/452/ajtmqy_p/websocket 0ms (unfinished)
GET /bridge/937/obf67825/websocket 0ms (unfinished)
------------------------------------------------------------------------------------------------------
------------------------------------------------------------------------------------------------------
GET /bridge/info 0ms 200
------------------------------------------------------------------------------------------------------
GET /bridge/info 0ms 200
GET /bridge/610/45985ol3/websocket 1ms (unfinished)
------------------------------------------------------------------------------------------------------
GET /bridge/591/jd5pnees/websocket 0ms (unfinished)
------------------------------------------------------------------------------------------------------
GET /bridge/info 1ms 200
------------------------------------------------------------------------------------------------------
GET /bridge/info 0ms 200
------------------------------------------------------------------------------------------------------
GET /bridge/093/hlhvinre/websocket 3ms (unfinished)
------------------------------------------------------------------------------------------------------
GET /bridge/018/hphjkx6i/websocket 0ms (unfinished)
------------------------------------------------------------------------------------------------------
POST /bridge/093/imb1febp/xhr_streaming 1ms (unfinished)
------------------------------------------------------------------------------------------------------
POST /bridge/018/fvrgiw1e/xhr_streaming 1ms (unfinished)
------------------------------------------------------------------------------------------------------
GET /bridge/info 1ms 200
------------------------------------------------------------------------------------------------------
GET /bridge/info 0ms 200
------------------------------------------------------------------------------------------------------
GET /bridge/505/8ls9honq/websocket 2ms (unfinished)
------------------------------------------------------------------------------------------------------
GET /bridge/459/f00to5s0/websocket 0ms (unfinished)
------------------------------------------------------------------------------------------------------
GET /bridge/info 1ms 200
------------------------------------------------------------------------------------------------------
GET /bridge/info 0ms 200
------------------------------------------------------------------------------------------------------
GET /bridge/189/54b99hqr/websocket 1ms (unfinished)
------------------------------------------------------------------------------------------------------
------------------------------------------------------------------------------------------------------
GET /bridge/139/gqkdd3w3/websocket 0ms (unfinished)
GET /bridge/info 0ms 200
------------------------------------------------------------------------------------------------------
GET /bridge/info 0ms 200
------------------------------------------------------------------------------------------------------
GET /bridge/404/w68xq4xq/websocket 0ms (unfinished)
------------------------------------------------------------------------------------------------------
GET /bridge/489/iukmtdue/websocket 0ms (unfinished)
------------------------------------------------------------------------------------------------------
POST /bridge/404/he8kcswu/xhr_streaming 2ms (unfinished)
------------------------------------------------------------------------------------------------------
Exception on "POST /bridge/404/he8kcswu/xhr_send" in filter "xhr_send":
RangeError [ERR_SOCKET_BAD_PORT]: Port should be >= 0 and < 65536. Received .
    at validatePort (internal/validators.js:211:11)
    at lookupAndConnect (net.js:1000:5)
    at Socket.connect (net.js:976:5)
    at new module.exports.Socket (C:\Nitrogen\NitroWEB\www\js\lib\webtcp\server\socket.js:67:15)
    at module.exports.WebTCP.dispatch (C:\Nitrogen\NitroWEB\www\js\lib\webtcp\server\webtcp.js:37:40)
    at SockJSConnection.<anonymous> (C:\Nitrogen\NitroWEB\www\js\lib\webtcp\server\webtcp.js:25:12)
    at SockJSConnection.emit (events.js:376:20)
    at Session.didMessage (C:\Nitrogen\NitroWEB\node_modules\sockjs\lib\transport.js:246:25)
    at App.xhr_send (C:\Nitrogen\NitroWEB\node_modules\sockjs\lib\trans-xhr.js:81:15)
    at execute_request (C:\Nitrogen\NitroWEB\node_modules\sockjs\lib\webjs.js:22:37)
------------------------------------------------------------------------------------------------------
POST /bridge/404/he8kcswu/xhr_send 5ms 500
------------------------------------------------------------------------------------------------------
POST /bridge/489/ufftpsu6/xhr_streaming 1ms (unfinished)
------------------------------------------------------------------------------------------------------
Exception on "POST /bridge/489/ufftpsu6/xhr_send" in filter "xhr_send":
RangeError [ERR_SOCKET_BAD_PORT]: Port should be >= 0 and < 65536. Received .
    at validatePort (internal/validators.js:211:11)
    at lookupAndConnect (net.js:1000:5)
    at Socket.connect (net.js:976:5)
    at new module.exports.Socket (C:\Nitrogen\NitroWEB\www\js\lib\webtcp\server\socket.js:67:15)
    at module.exports.WebTCP.dispatch (C:\Nitrogen\NitroWEB\www\js\lib\webtcp\server\webtcp.js:37:40)
    at SockJSConnection.<anonymous> (C:\Nitrogen\NitroWEB\www\js\lib\webtcp\server\webtcp.js:25:12)
    at SockJSConnection.emit (events.js:376:20)
    at Session.didMessage (C:\Nitrogen\NitroWEB\node_modules\sockjs\lib\transport.js:246:25)
    at App.xhr_send (C:\Nitrogen\NitroWEB\node_modules\sockjs\lib\trans-xhr.js:81:15)
    at execute_request (C:\Nitrogen\NitroWEB\node_modules\sockjs\lib\webjs.js:22:37)
------------------------------------------------------------------------------------------------------
POST /bridge/489/ufftpsu6/xhr_send 2ms 500
------------------------------------------------------------------------------------------------------
------------------------------------------------------------------------------------------------------
GET /bridge/info 1ms 200
GET /bridge/info 0ms 200
------------------------------------------------------------------------------------------------------
GET /bridge/554/opfp4pup/websocket 0ms (unfinished)
------------------------------------------------------------------------------------------------------
GET /bridge/891/nf1qhvtd/websocket 1ms (unfinished)
------------------------------------------------------------------------------------------------------
------------------------------------------------------------------------------------------------------
GET /bridge/info 0ms 200
GET /bridge/info 1ms 200
------------------------------------------------------------------------------------------------------
GET /bridge/517/o4bekarh/websocket 0ms (unfinished)
------------------------------------------------------------------------------------------------------
GET /bridge/216/7c6_uxkb/websocket 0ms (unfinished)
------------------------------------------------------------------------------------------------------
GET /bridge/info 1ms 200
------------------------------------------------------------------------------------------------------
GET /bridge/info 0ms 200
------------------------------------------------------------------------------------------------------
GET /bridge/128/k17d65qp/websocket 2ms (unfinished)
------------------------------------------------------------------------------------------------------
GET /bridge/531/p6i_qhu1/websocket 1ms (unfinished)
------------------------------------------------------------------------------------------------------
------------------------------------------------------------------------------------------------------
GET /bridge/info 1ms 200
GET /bridge/info 1ms 200
------------------------------------------------------------------------------------------------------
GET /bridge/213/yb9trb09/websocket 0ms (unfinished)
------------------------------------------------------------------------------------------------------
GET /bridge/940/coj2dv5u/websocket 1ms (unfinished)
------------------------------------------------------------------------------------------------------
POST /bridge/213/e92xnm8s/xhr_streaming 1ms (unfinished)
------------------------------------------------------------------------------------------------------
Exception on "POST /bridge/213/e92xnm8s/xhr_send" in filter "xhr_send":
RangeError [ERR_SOCKET_BAD_PORT]: Port should be >= 0 and < 65536. Received .
    at validatePort (internal/validators.js:211:11)
    at lookupAndConnect (net.js:1000:5)
    at Socket.connect (net.js:976:5)
    at new module.exports.Socket (C:\Nitrogen\NitroWEB\www\js\lib\webtcp\server\socket.js:67:15)
    at module.exports.WebTCP.dispatch (C:\Nitrogen\NitroWEB\www\js\lib\webtcp\server\webtcp.js:37:40)
    at SockJSConnection.<anonymous> (C:\Nitrogen\NitroWEB\www\js\lib\webtcp\server\webtcp.js:25:12)
    at SockJSConnection.emit (events.js:376:20)
    at Session.didMessage (C:\Nitrogen\NitroWEB\node_modules\sockjs\lib\transport.js:246:25)
    at App.xhr_send (C:\Nitrogen\NitroWEB\node_modules\sockjs\lib\trans-xhr.js:81:15)
    at execute_request (C:\Nitrogen\NitroWEB\node_modules\sockjs\lib\webjs.js:22:37)
POST /bridge/213/e92xnm8s/xhr_send 4ms 500
------------------------------------------------------------------------------------------------------
------------------------------------------------------------------------------------------------------
POST /bridge/940/qpyez_j_/xhr_streaming 0ms (unfinished)
------------------------------------------------------------------------------------------------------
Exception on "POST /bridge/940/qpyez_j_/xhr_send" in filter "xhr_send":
RangeError [ERR_SOCKET_BAD_PORT]: Port should be >= 0 and < 65536. Received .
    at validatePort (internal/validators.js:211:11)
    at lookupAndConnect (net.js:1000:5)
    at Socket.connect (net.js:976:5)
    at new module.exports.Socket (C:\Nitrogen\NitroWEB\www\js\lib\webtcp\server\socket.js:67:15)
    at module.exports.WebTCP.dispatch (C:\Nitrogen\NitroWEB\www\js\lib\webtcp\server\webtcp.js:37:40)
    at SockJSConnection.<anonymous> (C:\Nitrogen\NitroWEB\www\js\lib\webtcp\server\webtcp.js:25:12)
    at SockJSConnection.emit (events.js:376:20)
    at Session.didMessage (C:\Nitrogen\NitroWEB\node_modules\sockjs\lib\transport.js:246:25)
    at App.xhr_send (C:\Nitrogen\NitroWEB\node_modules\sockjs\lib\trans-xhr.js:81:15)
    at execute_request (C:\Nitrogen\NitroWEB\node_modules\sockjs\lib\webjs.js:22:37)
------------------------------------------------------------------------------------------------------
POST /bridge/940/qpyez_j_/xhr_send 2ms 500
------------------------------------------------------------------------------------------------------
28,01,2022,09,00
------------------------------------------------------------------------------------------------------
28,01,2022,09,00
------------------------------------------------------------------------------------------------------
GET /bridge/info 1ms 200
------------------------------------------------------------------------------------------------------
GET /bridge/info 1ms 200
------------------------------------------------------------------------------------------------------
GET /bridge/316/_a9wzdes/websocket 2ms (unfinished)
------------------------------------------------------------------------------------------------------
------------------------------------------------------------------------------------------------------
GET /bridge/114/j5hbm2_2/websocket 0ms (unfinished)
POST /bridge/316/qqge1wxr/xhr_streaming 1ms (unfinished)
------------------------------------------------------------------------------------------------------
POST /bridge/114/ac1yr6xt/xhr_streaming 2ms (unfinished)
------------------------------------------------------------------------------------------------------
------------------------------------------------------------------------------------------------------
28,01,2022,09,00
28,01,2022,09,00
------------------------------------------------------------------------------------------------------
28,01,2022,09,00
------------------------------------------------------------------------------------------------------
------------------------------------------------------------------------------------------------------
28,01,2022,09,00
GET /bridge/info 1ms 200
------------------------------------------------------------------------------------------------------
GET /bridge/info 0ms 200
------------------------------------------------------------------------------------------------------
GET /bridge/846/77k6mnmv/websocket 3ms (unfinished)
------------------------------------------------------------------------------------------------------
GET /bridge/768/miltsmc8/websocket 0ms (unfinished)
------------------------------------------------------------------------------------------------------
GET /bridge/info 0ms 200
------------------------------------------------------------------------------------------------------
------------------------------------------------------------------------------------------------------
GET /bridge/info 0ms 200
GET /bridge/151/0bkncnmm/websocket 0ms (unfinished)
------------------------------------------------------------------------------------------------------
------------------------------------------------------------------------------------------------------
GET /bridge/769/uojogqbe/websocket 0ms (unfinished)
GET /bridge/info 1ms 200
------------------------------------------------------------------------------------------------------
GET /bridge/info 1ms 200
------------------------------------------------------------------------------------------------------
GET /bridge/618/y8omsvwx/websocket 3ms (unfinished)
------------------------------------------------------------------------------------------------------
GET /bridge/621/5s6wkg2o/websocket 0ms (unfinished)
------------------------------------------------------------------------------------------------------
------------------------------------------------------------------------------------------------------
GET /bridge/info 0ms 200
GET /bridge/info 0ms 200
------------------------------------------------------------------------------------------------------
GET /bridge/979/a3n57v9v/websocket 0ms (unfinished)
------------------------------------------------------------------------------------------------------
GET /bridge/457/lhv59lqf/websocket 0ms (unfinished)
------------------------------------------------------------------------------------------------------
GET /bridge/info 1ms 200
------------------------------------------------------------------------------------------------------
------------------------------------------------------------------------------------------------------
GET /bridge/info 0ms 200
GET /bridge/095/t6sbdhp2/websocket 1ms (unfinished)
------------------------------------------------------------------------------------------------------
GET /bridge/027/6vtldv7h/websocket 0ms (unfinished)
------------------------------------------------------------------------------------------------------
GET /bridge/info 1ms 200
------------------------------------------------------------------------------------------------------
GET /bridge/info 1ms 200
------------------------------------------------------------------------------------------------------
------------------------------------------------------------------------------------------------------
GET /bridge/356/ou9s0gb_/websocket 0ms (unfinished)
GET /bridge/635/__hdiq0e/websocket 0ms (unfinished)
------------------------------------------------------------------------------------------------------
------------------------------------------------------------------------------------------------------
GET /bridge/info 1ms 200
GET /bridge/info 0ms 200
------------------------------------------------------------------------------------------------------
GET /bridge/570/imh1ajix/websocket 0ms (unfinished)
------------------------------------------------------------------------------------------------------
------------------------------------------------------------------------------------------------------
GET /bridge/844/fsqelq2w/websocket 0ms (unfinished)
GET /bridge/info 2ms 200
------------------------------------------------------------------------------------------------------
------------------------------------------------------------------------------------------------------
GET /bridge/info 0ms 200
------------------------------------------------------------------------------------------------------
GET /bridge/251/d1_vxdjz/websocket 3ms (unfinished)
GET /bridge/079/kex0we0e/websocket 0ms (unfinished)
------------------------------------------------------------------------------------------------------
Exception on "POST /bridge/114/ac1yr6xt/xhr_send" in filter "xhr_send":
RangeError [ERR_SOCKET_BAD_PORT]: Port should be >= 0 and < 65536. Received .
    at validatePort (internal/validators.js:211:11)
    at lookupAndConnect (net.js:1000:5)
    at Socket.connect (net.js:976:5)
    at new module.exports.Socket (C:\Nitrogen\NitroWEB\www\js\lib\webtcp\server\socket.js:67:15)
    at module.exports.WebTCP.dispatch (C:\Nitrogen\NitroWEB\www\js\lib\webtcp\server\webtcp.js:37:40)
    at SockJSConnection.<anonymous> (C:\Nitrogen\NitroWEB\www\js\lib\webtcp\server\webtcp.js:25:12)
    at SockJSConnection.emit (events.js:376:20)
    at Session.didMessage (C:\Nitrogen\NitroWEB\node_modules\sockjs\lib\transport.js:246:25)
    at App.xhr_send (C:\Nitrogen\NitroWEB\node_modules\sockjs\lib\trans-xhr.js:81:15)
    at execute_request (C:\Nitrogen\NitroWEB\node_modules\sockjs\lib\webjs.js:22:37)
------------------------------------------------------------------------------------------------------
POST /bridge/114/ac1yr6xt/xhr_send 5ms 500
------------------------------------------------------------------------------------------------------
Exception on "POST /bridge/316/qqge1wxr/xhr_send" in filter "xhr_send":
RangeError [ERR_SOCKET_BAD_PORT]: Port should be >= 0 and < 65536. Received .
    at validatePort (internal/validators.js:211:11)
    at lookupAndConnect (net.js:1000:5)
    at Socket.connect (net.js:976:5)
    at new module.exports.Socket (C:\Nitrogen\NitroWEB\www\js\lib\webtcp\server\socket.js:67:15)
    at module.exports.WebTCP.dispatch (C:\Nitrogen\NitroWEB\www\js\lib\webtcp\server\webtcp.js:37:40)
    at SockJSConnection.<anonymous> (C:\Nitrogen\NitroWEB\www\js\lib\webtcp\server\webtcp.js:25:12)
    at SockJSConnection.emit (events.js:376:20)
    at Session.didMessage (C:\Nitrogen\NitroWEB\node_modules\sockjs\lib\transport.js:246:25)
    at App.xhr_send (C:\Nitrogen\NitroWEB\node_modules\sockjs\lib\trans-xhr.js:81:15)
    at execute_request (C:\Nitrogen\NitroWEB\node_modules\sockjs\lib\webjs.js:22:37)
------------------------------------------------------------------------------------------------------
------------------------------------------------------------------------------------------------------
POST /bridge/316/qqge1wxr/xhr_send 2ms 500
GET /bridge/info 0ms 200
------------------------------------------------------------------------------------------------------
GET /bridge/info 1ms 200
------------------------------------------------------------------------------------------------------
------------------------------------------------------------------------------------------------------
GET /bridge/460/resrp0q0/websocket 0ms (unfinished)
GET /bridge/265/gn06soil/websocket 0ms (unfinished)
------------------------------------------------------------------------------------------------------
POST /bridge/460/3seutbzm/xhr_streaming 1ms (unfinished)
------------------------------------------------------------------------------------------------------
POST /bridge/265/l6_m7k7o/xhr_streaming 1ms (unfinished)
------------------------------------------------------------------------------------------------------
Exception on "POST /bridge/265/l6_m7k7o/xhr_send" in filter "xhr_send":
RangeError [ERR_SOCKET_BAD_PORT]: Port should be >= 0 and < 65536. Received .
    at validatePort (internal/validators.js:211:11)
    at lookupAndConnect (net.js:1000:5)
    at Socket.connect (net.js:976:5)
    at new module.exports.Socket (C:\Nitrogen\NitroWEB\www\js\lib\webtcp\server\socket.js:67:15)
    at module.exports.WebTCP.dispatch (C:\Nitrogen\NitroWEB\www\js\lib\webtcp\server\webtcp.js:37:40)
    at SockJSConnection.<anonymous> (C:\Nitrogen\NitroWEB\www\js\lib\webtcp\server\webtcp.js:25:12)
    at SockJSConnection.emit (events.js:376:20)
    at Session.didMessage (C:\Nitrogen\NitroWEB\node_modules\sockjs\lib\transport.js:246:25)
    at App.xhr_send (C:\Nitrogen\NitroWEB\node_modules\sockjs\lib\trans-xhr.js:81:15)
    at execute_request (C:\Nitrogen\NitroWEB\node_modules\sockjs\lib\webjs.js:22:37)
------------------------------------------------------------------------------------------------------
------------------------------------------------------------------------------------------------------
POST /bridge/265/l6_m7k7o/xhr_send 2ms 500
------------------------------------------------------------------------------------------------------
Exception on "POST /bridge/460/3seutbzm/xhr_send" in filter "xhr_send":
RangeError [ERR_SOCKET_BAD_PORT]: Port should be >= 0 and < 65536. Received .
    at validatePort (internal/validators.js:211:11)
    at lookupAndConnect (net.js:1000:5)
    at Socket.connect (net.js:976:5)
    at new module.exports.Socket (C:\Nitrogen\NitroWEB\www\js\lib\webtcp\server\socket.js:67:15)
    at module.exports.WebTCP.dispatch (C:\Nitrogen\NitroWEB\www\js\lib\webtcp\server\webtcp.js:37:40)
    at SockJSConnection.<anonymous> (C:\Nitrogen\NitroWEB\www\js\lib\webtcp\server\webtcp.js:25:12)
    at SockJSConnection.emit (events.js:376:20)
    at Session.didMessage (C:\Nitrogen\NitroWEB\node_modules\sockjs\lib\transport.js:246:25)
    at App.xhr_send (C:\Nitrogen\NitroWEB\node_modules\sockjs\lib\trans-xhr.js:81:15)
    at execute_request (C:\Nitrogen\NitroWEB\node_modules\sockjs\lib\webjs.js:22:37)
POST /bridge/460/3seutbzm/xhr_send 1ms 500
------------------------------------------------------------------------------------------------------
GET /bridge/info 0ms 200
------------------------------------------------------------------------------------------------------
GET /bridge/info 0ms 200
------------------------------------------------------------------------------------------------------
------------------------------------------------------------------------------------------------------
GET /bridge/546/1d47gq63/websocket 1ms (unfinished)
GET /bridge/972/nodsiio8/websocket 0ms (unfinished)
------------------------------------------------------------------------------------------------------
POST /bridge/546/5q23z56z/xhr_streaming 0ms (unfinished)
------------------------------------------------------------------------------------------------------
Exception on "POST /bridge/546/5q23z56z/xhr_send" in filter "xhr_send":
RangeError [ERR_SOCKET_BAD_PORT]: Port should be >= 0 and < 65536. Received .
    at validatePort (internal/validators.js:211:11)
    at lookupAndConnect (net.js:1000:5)
    at Socket.connect (net.js:976:5)
    at new module.exports.Socket (C:\Nitrogen\NitroWEB\www\js\lib\webtcp\server\socket.js:67:15)
    at module.exports.WebTCP.dispatch (C:\Nitrogen\NitroWEB\www\js\lib\webtcp\server\webtcp.js:37:40)
    at SockJSConnection.<anonymous> (C:\Nitrogen\NitroWEB\www\js\lib\webtcp\server\webtcp.js:25:12)
    at SockJSConnection.emit (events.js:376:20)
    at Session.didMessage (C:\Nitrogen\NitroWEB\node_modules\sockjs\lib\transport.js:246:25)
    at App.xhr_send (C:\Nitrogen\NitroWEB\node_modules\sockjs\lib\trans-xhr.js:81:15)
    at execute_request (C:\Nitrogen\NitroWEB\node_modules\sockjs\lib\webjs.js:22:37)
------------------------------------------------------------------------------------------------------
------------------------------------------------------------------------------------------------------
POST /bridge/546/5q23z56z/xhr_send 1ms 500
POST /bridge/972/_i5guow8/xhr_streaming 1ms (unfinished)
------------------------------------------------------------------------------------------------------
Exception on "POST /bridge/972/_i5guow8/xhr_send" in filter "xhr_send":
RangeError [ERR_SOCKET_BAD_PORT]: Port should be >= 0 and < 65536. Received .
    at validatePort (internal/validators.js:211:11)
    at lookupAndConnect (net.js:1000:5)
    at Socket.connect (net.js:976:5)
    at new module.exports.Socket (C:\Nitrogen\NitroWEB\www\js\lib\webtcp\server\socket.js:67:15)
    at module.exports.WebTCP.dispatch (C:\Nitrogen\NitroWEB\www\js\lib\webtcp\server\webtcp.js:37:40)
    at SockJSConnection.<anonymous> (C:\Nitrogen\NitroWEB\www\js\lib\webtcp\server\webtcp.js:25:12)
    at SockJSConnection.emit (events.js:376:20)
    at Session.didMessage (C:\Nitrogen\NitroWEB\node_modules\sockjs\lib\transport.js:246:25)
    at App.xhr_send (C:\Nitrogen\NitroWEB\node_modules\sockjs\lib\trans-xhr.js:81:15)
    at execute_request (C:\Nitrogen\NitroWEB\node_modules\sockjs\lib\webjs.js:22:37)
------------------------------------------------------------------------------------------------------
POST /bridge/972/_i5guow8/xhr_send 2ms 500
------------------------------------------------------------------------------------------------------
GET /bridge/info 0ms 200
------------------------------------------------------------------------------------------------------
GET /bridge/info 0ms 200
------------------------------------------------------------------------------------------------------
GET /bridge/623/qfeetqos/websocket 0ms (unfinished)
------------------------------------------------------------------------------------------------------
------------------------------------------------------------------------------------------------------
GET /bridge/683/vu5v5n_s/websocket 0ms (unfinished)
------------------------------------------------------------------------------------------------------
POST /bridge/623/jyo0vs75/xhr_streaming 1ms (unfinished)
POST /bridge/683/vwd6ufhp/xhr_streaming 0ms (unfinished)
------------------------------------------------------------------------------------------------------
------------------------------------------------------------------------------------------------------
GET /bridge/info 0ms 200
GET /bridge/info 1ms 200
------------------------------------------------------------------------------------------------------
GET /bridge/951/8b1f_zkw/websocket 0ms (unfinished)
------------------------------------------------------------------------------------------------------
------------------------------------------------------------------------------------------------------
GET /bridge/572/6vs9mtj4/websocket 0ms (unfinished)
------------------------------------------------------------------------------------------------------
GET /bridge/info 0ms 200
GET /bridge/info 1ms 200
------------------------------------------------------------------------------------------------------
GET /bridge/221/eytrfagk/websocket 1ms (unfinished)
------------------------------------------------------------------------------------------------------
GET /bridge/788/8p9n5dxa/websocket 0ms (unfinished)
------------------------------------------------------------------------------------------------------
POST /bridge/221/03jtcxzu/xhr_streaming 0ms (unfinished)
------------------------------------------------------------------------------------------------------
POST /bridge/221/03jtcxzu/xhr_send 2ms 204
------------------------------------------------------------------------------------------------------
POST /bridge/788/9ockefx9/xhr_streaming 1ms (unfinished)
------------------------------------------------------------------------------------------------------
POST /bridge/788/9ockefx9/xhr_send 0ms 204
------------------------------------------------------------------------------------------------------
GET /bridge/info 0ms 200
------------------------------------------------------------------------------------------------------
GET /bridge/info 0ms 200
------------------------------------------------------------------------------------------------------
GET /bridge/398/5e5xbqbg/websocket 0ms (unfinished)
------------------------------------------------------------------------------------------------------
GET /bridge/678/iwsyaqhs/websocket 0ms (unfinished)
------------------------------------------------------------------------------------------------------
POST /bridge/398/zn426wj6/xhr_streaming 1ms (unfinished)
------------------------------------------------------------------------------------------------------
POST /bridge/678/lhfsmz6a/xhr_streaming 0ms (unfinished)
------------------------------------------------------------------------------------------------------
POST /bridge/398/zn426wj6/xhr_send 0ms 204
------------------------------------------------------------------------------------------------------
POST /bridge/678/lhfsmz6a/xhr_send 1ms 204
------------------------------------------------------------------------------------------------------
GET /bridge/info 1ms 200
------------------------------------------------------------------------------------------------------
GET /bridge/info 0ms 200
------------------------------------------------------------------------------------------------------
------------------------------------------------------------------------------------------------------
GET /bridge/524/11pdz0ls/websocket 2ms (unfinished)
GET /bridge/609/_vd5ptff/websocket 0ms (unfinished)
------------------------------------------------------------------------------------------------------
------------------------------------------------------------------------------------------------------
GET /bridge/info 1ms 200
GET /bridge/info 0ms 200
------------------------------------------------------------------------------------------------------
GET /bridge/309/6_zjk27s/websocket 2ms (unfinished)
------------------------------------------------------------------------------------------------------
GET /bridge/001/j8_24yfs/websocket 0ms (unfinished)
------------------------------------------------------------------------------------------------------
------------------------------------------------------------------------------------------------------
POST /bridge/309/6xbhtzk3/xhr_streaming 1ms (unfinished)
POST /bridge/309/6xbhtzk3/xhr_send 3ms 204
------------------------------------------------------------------------------------------------------
POST /bridge/001/y8ymwgzq/xhr_streaming 1ms (unfinished)
------------------------------------------------------------------------------------------------------
POST /bridge/001/y8ymwgzq/xhr_send 1ms 204
------------------------------------------------------------------------------------------------------
GET /bridge/info 0ms 200
------------------------------------------------------------------------------------------------------
GET /bridge/info 1ms 200
------------------------------------------------------------------------------------------------------
GET /bridge/382/f0yq2jl5/websocket 0ms (unfinished)
------------------------------------------------------------------------------------------------------
GET /bridge/851/weotjlrt/websocket 0ms (unfinished)
------------------------------------------------------------------------------------------------------
POST /bridge/382/86zn_pvk/xhr_streaming 1ms (unfinished)
------------------------------------------------------------------------------------------------------
POST /bridge/382/86zn_pvk/xhr_send 1ms 204
------------------------------------------------------------------------------------------------------
POST /bridge/851/0yns47m3/xhr_streaming 1ms (unfinished)
------------------------------------------------------------------------------------------------------
POST /bridge/851/0yns47m3/xhr_send 1ms 204
------------------------------------------------------------------------------------------------------
GET /bridge/info 1ms 200
------------------------------------------------------------------------------------------------------
GET /bridge/info 1ms 200
------------------------------------------------------------------------------------------------------
------------------------------------------------------------------------------------------------------
GET /bridge/091/esh86fqs/websocket 2ms (unfinished)
------------------------------------------------------------------------------------------------------
GET /bridge/556/v5o_mkeg/websocket 0ms (unfinished)
------------------------------------------------------------------------------------------------------
POST /bridge/091/60xntzsh/xhr_streaming 2ms (unfinished)
------------------------------------------------------------------------------------------------------
POST /bridge/091/60xntzsh/xhr_send 5ms 204
------------------------------------------------------------------------------------------------------
POST /bridge/556/mhvmehkf/xhr_streaming 1ms (unfinished)
POST /bridge/556/mhvmehkf/xhr_send 1ms 204
------------------------------------------------------------------------------------------------------
GET /bridge/info 0ms 200
------------------------------------------------------------------------------------------------------
GET /bridge/info 0ms 200
------------------------------------------------------------------------------------------------------
GET /bridge/999/55p40mde/websocket 1ms (unfinished)
------------------------------------------------------------------------------------------------------
GET /bridge/339/w10ini4m/websocket 0ms (unfinished)
------------------------------------------------------------------------------------------------------
------------------------------------------------------------------------------------------------------
POST /bridge/999/nvhhr4e4/xhr_streaming 0ms (unfinished)
------------------------------------------------------------------------------------------------------
POST /bridge/999/nvhhr4e4/xhr_send 1ms 204
POST /bridge/339/peu4y_l7/xhr_streaming 1ms (unfinished)
------------------------------------------------------------------------------------------------------
POST /bridge/339/peu4y_l7/xhr_send 1ms 204
------------------------------------------------------------------------------------------------------
GET /bridge/info 0ms 200
------------------------------------------------------------------------------------------------------
GET /bridge/info 0ms 200
------------------------------------------------------------------------------------------------------
GET /bridge/320/dtl6qx76/websocket 0ms (unfinished)
------------------------------------------------------------------------------------------------------
------------------------------------------------------------------------------------------------------
GET /bridge/193/4tmvxx4_/websocket 1ms (unfinished)
POST /bridge/320/570d9n5l/xhr_streaming 2ms (unfinished)
------------------------------------------------------------------------------------------------------
------------------------------------------------------------------------------------------------------
POST /bridge/320/570d9n5l/xhr_send 1ms 204
------------------------------------------------------------------------------------------------------
POST /bridge/193/9g85xuv1/xhr_streaming 1ms (unfinished)
POST /bridge/193/9g85xuv1/xhr_send 1ms 204
------------------------------------------------------------------------------------------------------
GET /bridge/info 1ms 200
------------------------------------------------------------------------------------------------------
------------------------------------------------------------------------------------------------------
GET /bridge/info 0ms 200
GET /bridge/292/5rykqiv1/websocket 0ms (unfinished)
------------------------------------------------------------------------------------------------------
GET /bridge/510/gny4aray/websocket 1ms (unfinished)
------------------------------------------------------------------------------------------------------
POST /bridge/292/wn_kwfsf/xhr_streaming 0ms (unfinished)
------------------------------------------------------------------------------------------------------
------------------------------------------------------------------------------------------------------
POST /bridge/292/wn_kwfsf/xhr_send 1ms 204
POST /bridge/510/pmnwudmh/xhr_streaming 1ms (unfinished)
------------------------------------------------------------------------------------------------------
------------------------------------------------------------------------------------------------------
POST /bridge/510/pmnwudmh/xhr_send 0ms 204
GET /bridge/info 1ms 200
------------------------------------------------------------------------------------------------------
GET /bridge/info 0ms 200
------------------------------------------------------------------------------------------------------
GET /bridge/872/9384e_t2/websocket 3ms (unfinished)
------------------------------------------------------------------------------------------------------
------------------------------------------------------------------------------------------------------
GET /bridge/829/m4n6mdw9/websocket 0ms (unfinished)
POST /bridge/872/xddlgqps/xhr_streaming 1ms (unfinished)
------------------------------------------------------------------------------------------------------
POST /bridge/829/4wuzl2hg/xhr_streaming 1ms (unfinished)
------------------------------------------------------------------------------------------------------
------------------------------------------------------------------------------------------------------
GET /bridge/info 0ms 200
GET /bridge/info 0ms 200
------------------------------------------------------------------------------------------------------
GET /bridge/114/9iberjk2/websocket 0ms (unfinished)
------------------------------------------------------------------------------------------------------
GET /bridge/479/vipzpbae/websocket 0ms (unfinished)
------------------------------------------------------------------------------------------------------
GET /bridge/info 1ms 200
------------------------------------------------------------------------------------------------------
------------------------------------------------------------------------------------------------------
GET /bridge/info 0ms 200
GET /bridge/638/enzxsedl/websocket 3ms (unfinished)
------------------------------------------------------------------------------------------------------
------------------------------------------------------------------------------------------------------
GET /bridge/064/mysb5dp6/websocket 1ms (unfinished)
GET /bridge/info 1ms 200
------------------------------------------------------------------------------------------------------
GET /bridge/info 1ms 200
------------------------------------------------------------------------------------------------------
GET /bridge/893/mh27g4fv/websocket 1ms (unfinished)
------------------------------------------------------------------------------------------------------
------------------------------------------------------------------------------------------------------
GET /bridge/822/tlb1efor/websocket 0ms (unfinished)
GET /bridge/info 0ms 200
------------------------------------------------------------------------------------------------------
GET /bridge/info 1ms 200
------------------------------------------------------------------------------------------------------
GET /bridge/049/3jq2wsf3/websocket 0ms (unfinished)
------------------------------------------------------------------------------------------------------
GET /bridge/974/s6g3p7e4/websocket 1ms (unfinished)
------------------------------------------------------------------------------------------------------
------------------------------------------------------------------------------------------------------
GET /bridge/info 1ms 200
GET /bridge/info 1ms 200
------------------------------------------------------------------------------------------------------
------------------------------------------------------------------------------------------------------
GET /bridge/723/nrzim3sg/websocket 2ms (unfinished)
GET /bridge/035/jcshym9x/websocket 0ms (unfinished)
------------------------------------------------------------------------------------------------------
GET /bridge/info 1ms 200
------------------------------------------------------------------------------------------------------
GET /bridge/info 1ms 200
------------------------------------------------------------------------------------------------------
------------------------------------------------------------------------------------------------------
GET /bridge/417/k6y4xgvt/websocket 0ms (unfinished)
GET /bridge/920/chntywgl/websocket 0ms (unfinished)
------------------------------------------------------------------------------------------------------
GET /bridge/info 2ms 200
------------------------------------------------------------------------------------------------------
GET /bridge/info 1ms 200
------------------------------------------------------------------------------------------------------
------------------------------------------------------------------------------------------------------
GET /bridge/059/pfqke1a7/websocket 2ms (unfinished)
GET /bridge/740/zp4wn9_j/websocket 1ms (unfinished)
------------------------------------------------------------------------------------------------------
GET /bridge/info 0ms 200
------------------------------------------------------------------------------------------------------
------------------------------------------------------------------------------------------------------
GET /bridge/info 1ms 200
GET /bridge/392/liiwnafk/websocket 0ms (unfinished)
------------------------------------------------------------------------------------------------------
GET /bridge/848/m1ft7pda/websocket 0ms (unfinished)
------------------------------------------------------------------------------------------------------
GET /bridge/info 0ms 200
------------------------------------------------------------------------------------------------------
GET /bridge/info 0ms 200
------------------------------------------------------------------------------------------------------
------------------------------------------------------------------------------------------------------
GET /bridge/990/x7g1whwo/websocket 0ms (unfinished)
GET /bridge/575/o4e14ebq/websocket 0ms (unfinished)
------------------------------------------------------------------------------------------------------
GET /bridge/info 0ms 200
------------------------------------------------------------------------------------------------------
GET /bridge/info 1ms 200
------------------------------------------------------------------------------------------------------
GET /bridge/389/eyujgr4r/websocket 0ms (unfinished)
------------------------------------------------------------------------------------------------------
GET /bridge/347/mqahmyet/websocket 0ms (unfinished)
------------------------------------------------------------------------------------------------------
GET /bridge/info 1ms 200
------------------------------------------------------------------------------------------------------
------------------------------------------------------------------------------------------------------
GET /bridge/info 0ms 200
GET /bridge/078/mprx81g8/websocket 0ms (unfinished)
------------------------------------------------------------------------------------------------------
------------------------------------------------------------------------------------------------------
GET /bridge/553/7tr_lm0p/websocket 0ms (unfinished)
GET /bridge/info 2ms 200
------------------------------------------------------------------------------------------------------
GET /bridge/info 0ms 200
------------------------------------------------------------------------------------------------------
GET /bridge/013/lmus6zsn/websocket 2ms (unfinished)
------------------------------------------------------------------------------------------------------
------------------------------------------------------------------------------------------------------
GET /bridge/645/eb6uw_96/websocket 0ms (unfinished)
GET /bridge/info 1ms 200
------------------------------------------------------------------------------------------------------
GET /bridge/info 0ms 200
------------------------------------------------------------------------------------------------------
GET /bridge/172/wlupwhx1/websocket 1ms (unfinished)
------------------------------------------------------------------------------------------------------
------------------------------------------------------------------------------------------------------
GET /bridge/478/3stghh6t/websocket 1ms (unfinished)
------------------------------------------------------------------------------------------------------
GET /bridge/info 0ms 200
------------------------------------------------------------------------------------------------------
GET /bridge/info 0ms 200
------------------------------------------------------------------------------------------------------
GET /bridge/880/sl2jq64w/websocket 0ms (unfinished)
------------------------------------------------------------------------------------------------------
GET /bridge/925/egaaupi3/websocket 0ms (unfinished)
GET /bridge/info 0ms 200
------------------------------------------------------------------------------------------------------
GET /bridge/info 0ms 200
------------------------------------------------------------------------------------------------------
GET /bridge/732/64qfez4h/websocket 0ms (unfinished)
------------------------------------------------------------------------------------------------------
GET /bridge/767/dcuvb572/websocket 0ms (unfinished)
------------------------------------------------------------------------------------------------------
------------------------------------------------------------------------------------------------------
GET /bridge/info 0ms 200
GET /bridge/info 0ms 200
------------------------------------------------------------------------------------------------------
GET /bridge/540/d356_f6j/websocket 3ms (unfinished)
------------------------------------------------------------------------------------------------------
GET /bridge/397/7gx34pxs/websocket 0ms (unfinished)
------------------------------------------------------------------------------------------------------
------------------------------------------------------------------------------------------------------
GET /bridge/info 1ms 200
GET /bridge/info 1ms 200
------------------------------------------------------------------------------------------------------
GET /bridge/047/06373dfe/websocket 0ms (unfinished)
------------------------------------------------------------------------------------------------------
GET /bridge/544/_uqf2ahi/websocket 0ms (unfinished)
------------------------------------------------------------------------------------------------------
GET /bridge/info 0ms 200
------------------------------------------------------------------------------------------------------
GET /bridge/info 1ms 200
------------------------------------------------------------------------------------------------------
GET /bridge/805/8eb4mb92/websocket 0ms (unfinished)
------------------------------------------------------------------------------------------------------
GET /bridge/051/8f2sc9qd/websocket 0ms (unfinished)
------------------------------------------------------------------------------------------------------
GET /bridge/info 0ms 200
------------------------------------------------------------------------------------------------------
GET /bridge/info 1ms 200
------------------------------------------------------------------------------------------------------
GET /bridge/345/trx8av01/websocket 0ms (unfinished)
------------------------------------------------------------------------------------------------------
GET /bridge/469/rahgwroq/websocket 0ms (unfinished)
------------------------------------------------------------------------------------------------------
GET /bridge/info 0ms 200
------------------------------------------------------------------------------------------------------
------------------------------------------------------------------------------------------------------
GET /bridge/info 0ms 200
GET /bridge/764/lizuf72r/websocket 0ms (unfinished)
------------------------------------------------------------------------------------------------------
------------------------------------------------------------------------------------------------------
GET /bridge/133/__ezl1my/websocket 0ms (unfinished)
POST /bridge/429/x1ekv4ip/xhr_send 4ms 204
------------------------------------------------------------------------------------------------------
