------------------------------------------------------------------------------------------------------
GET /bridge/info 0ms 200
GET /bridge/info 1ms 200
------------------------------------------------------------------------------------------------------
GET /bridge/310/9m6js68o/websocket 0ms (unfinished)
------------------------------------------------------------------------------------------------------
GET /bridge/259/aegq__2t/websocket 0ms (unfinished)
------------------------------------------------------------------------------------------------------
------------------------------------------------------------------------------------------------------
POST /bridge/310/tskhv9if/xhr_streaming 1ms (unfinished)
POST /bridge/310/tskhv9if/xhr_send 3ms 204
------------------------------------------------------------------------------------------------------
POST /bridge/259/0xe62kqo/xhr_streaming 0ms (unfinished)
------------------------------------------------------------------------------------------------------
POST /bridge/259/0xe62kqo/xhr_send 1ms 204
------------------------------------------------------------------------------------------------------
GET /bridge/info 0ms 200
------------------------------------------------------------------------------------------------------
------------------------------------------------------------------------------------------------------
GET /bridge/info 1ms 200
GET /bridge/692/k2rj_z9a/websocket 0ms (unfinished)
------------------------------------------------------------------------------------------------------
GET /bridge/639/lz5773ln/websocket 0ms (unfinished)
------------------------------------------------------------------------------------------------------
POST /bridge/692/rfvp24yu/xhr_streaming 1ms (unfinished)
------------------------------------------------------------------------------------------------------
------------------------------------------------------------------------------------------------------
POST /bridge/692/rfvp24yu/xhr_send 2ms 204
POST /bridge/639/19qfstei/xhr_streaming 1ms (unfinished)
------------------------------------------------------------------------------------------------------
------------------------------------------------------------------------------------------------------
POST /bridge/639/19qfstei/xhr_send 1ms 204
GET /bridge/info 0ms 200
------------------------------------------------------------------------------------------------------
------------------------------------------------------------------------------------------------------
GET /bridge/010/h5ocklql/websocket 0ms (unfinished)
GET /bridge/info 0ms 200
------------------------------------------------------------------------------------------------------
GET /bridge/565/5d4mrm6d/websocket 0ms (unfinished)
------------------------------------------------------------------------------------------------------
POST /bridge/010/052zsoq4/xhr_streaming 0ms (unfinished)
------------------------------------------------------------------------------------------------------
------------------------------------------------------------------------------------------------------
POST /bridge/010/052zsoq4/xhr_send 1ms 204
POST /bridge/565/w8xzx1wb/xhr_streaming 1ms (unfinished)
------------------------------------------------------------------------------------------------------
POST /bridge/565/w8xzx1wb/xhr_send 1ms 204
------------------------------------------------------------------------------------------------------
GET /bridge/info 1ms 200
------------------------------------------------------------------------------------------------------
GET /bridge/info 1ms 200
------------------------------------------------------------------------------------------------------
GET /bridge/252/u1jnyqnx/websocket 2ms (unfinished)
------------------------------------------------------------------------------------------------------
GET /bridge/976/i8wipe5p/websocket 0ms (unfinished)
------------------------------------------------------------------------------------------------------
GET /bridge/info 1ms 200
------------------------------------------------------------------------------------------------------
------------------------------------------------------------------------------------------------------
GET /bridge/info 0ms 200
------------------------------------------------------------------------------------------------------
GET /bridge/328/wbtanzhw/websocket 2ms (unfinished)
GET /bridge/396/s87a7ksx/websocket 0ms (unfinished)
------------------------------------------------------------------------------------------------------
POST /bridge/328/qxleynvy/xhr_streaming 1ms (unfinished)
------------------------------------------------------------------------------------------------------
POST /bridge/328/qxleynvy/xhr_send 4ms 204
------------------------------------------------------------------------------------------------------
POST /bridge/396/xeo7fwue/xhr_streaming 1ms (unfinished)
------------------------------------------------------------------------------------------------------
POST /bridge/396/xeo7fwue/xhr_send 1ms 204
------------------------------------------------------------------------------------------------------
GET /bridge/info 0ms 200
------------------------------------------------------------------------------------------------------
GET /bridge/info 0ms 200
------------------------------------------------------------------------------------------------------
------------------------------------------------------------------------------------------------------
GET /bridge/996/j3thtmmc/websocket 0ms (unfinished)
GET /bridge/977/_88b7pvw/websocket 0ms (unfinished)
------------------------------------------------------------------------------------------------------
GET /bridge/info 1ms 200
------------------------------------------------------------------------------------------------------
------------------------------------------------------------------------------------------------------
GET /bridge/info 1ms 200
GET /bridge/807/bbgfxuad/websocket 3ms (unfinished)
------------------------------------------------------------------------------------------------------
GET /bridge/039/ziwx9he8/websocket 0ms (unfinished)
------------------------------------------------------------------------------------------------------
------------------------------------------------------------------------------------------------------
GET /bridge/info 1ms 200
GET /bridge/info 1ms 200
------------------------------------------------------------------------------------------------------
GET /bridge/333/en5yen5d/websocket 3ms (unfinished)
------------------------------------------------------------------------------------------------------
GET /bridge/829/ebamsmuv/websocket 1ms (unfinished)
------------------------------------------------------------------------------------------------------
------------------------------------------------------------------------------------------------------
GET /bridge/info 2ms 200
------------------------------------------------------------------------------------------------------
GET /bridge/info 0ms 200
GET /bridge/242/he2czz3c/websocket 2ms (unfinished)
------------------------------------------------------------------------------------------------------
GET /bridge/575/9hpa6u8a/websocket 0ms (unfinished)
------------------------------------------------------------------------------------------------------
POST /bridge/242/4_i_odal/xhr_streaming 1ms (unfinished)
------------------------------------------------------------------------------------------------------
POST /bridge/575/pw0l6dqq/xhr_streaming 0ms (unfinished)
------------------------------------------------------------------------------------------------------
GET /bridge/info 1ms 200
------------------------------------------------------------------------------------------------------
GET /bridge/info 0ms 200
------------------------------------------------------------------------------------------------------
GET /bridge/876/v03fs_qv/websocket 0ms (unfinished)
------------------------------------------------------------------------------------------------------
GET /bridge/136/d7311vl3/websocket 1ms (unfinished)
------------------------------------------------------------------------------------------------------
GET /bridge/info 0ms 200
------------------------------------------------------------------------------------------------------
GET /bridge/info 0ms 200
------------------------------------------------------------------------------------------------------
GET /bridge/971/_heg2qnv/websocket 0ms (unfinished)
------------------------------------------------------------------------------------------------------
GET /bridge/902/pwi17xa1/websocket 0ms (unfinished)
------------------------------------------------------------------------------------------------------
GET /bridge/info 0ms 200
------------------------------------------------------------------------------------------------------
------------------------------------------------------------------------------------------------------
GET /bridge/info 0ms 200
GET /bridge/813/rr7hwh8s/websocket 0ms (unfinished)
------------------------------------------------------------------------------------------------------
GET /bridge/059/ocseclar/websocket 0ms (unfinished)
------------------------------------------------------------------------------------------------------
------------------------------------------------------------------------------------------------------
GET /bridge/info 1ms 200
GET /bridge/info 1ms 200
------------------------------------------------------------------------------------------------------
GET /bridge/334/zm7qlse5/websocket 3ms (unfinished)
------------------------------------------------------------------------------------------------------
GET /bridge/556/jnsdzcii/websocket 0ms (unfinished)
------------------------------------------------------------------------------------------------------
GET /bridge/info 1ms 200
------------------------------------------------------------------------------------------------------
------------------------------------------------------------------------------------------------------
GET /bridge/info 1ms 200
GET /bridge/879/de6yroyr/websocket 2ms (unfinished)
------------------------------------------------------------------------------------------------------
------------------------------------------------------------------------------------------------------
GET /bridge/203/ijdwuar5/websocket 0ms (unfinished)
GET /bridge/info 1ms 200
------------------------------------------------------------------------------------------------------
GET /bridge/info 1ms 200
------------------------------------------------------------------------------------------------------
------------------------------------------------------------------------------------------------------
GET /bridge/790/eez3a2u3/websocket 3ms (unfinished)
GET /bridge/442/lo4yamyw/websocket 1ms (unfinished)
------------------------------------------------------------------------------------------------------
GET /bridge/info 1ms 200
------------------------------------------------------------------------------------------------------
GET /bridge/694/9x6i7pv8/websocket 3ms (unfinished)
------------------------------------------------------------------------------------------------------
GET /bridge/info 0ms 200
------------------------------------------------------------------------------------------------------
------------------------------------------------------------------------------------------------------
GET /bridge/542/degp8i5w/websocket 1ms (unfinished)
GET /bridge/info 0ms 200
------------------------------------------------------------------------------------------------------
GET /bridge/info 0ms 200
------------------------------------------------------------------------------------------------------
GET /bridge/919/kzwc4bir/websocket 1ms (unfinished)
------------------------------------------------------------------------------------------------------
GET /bridge/395/xn9ffuz5/websocket 0ms (unfinished)
------------------------------------------------------------------------------------------------------
GET /bridge/info 0ms 200
------------------------------------------------------------------------------------------------------
------------------------------------------------------------------------------------------------------
GET /bridge/info 0ms 200
------------------------------------------------------------------------------------------------------
GET /bridge/760/_jogp0e0/websocket 0ms (unfinished)
GET /bridge/827/9zbbsscp/websocket 1ms (unfinished)
------------------------------------------------------------------------------------------------------
------------------------------------------------------------------------------------------------------
GET /bridge/info 1ms 200
GET /bridge/info 0ms 200
------------------------------------------------------------------------------------------------------
GET /bridge/163/wg3ysqpk/websocket 3ms (unfinished)
------------------------------------------------------------------------------------------------------
GET /bridge/591/tbsga9vm/websocket 0ms (unfinished)
------------------------------------------------------------------------------------------------------
GET /bridge/info 0ms 200
------------------------------------------------------------------------------------------------------
GET /bridge/844/zi6dxjul/websocket 0ms (unfinished)
------------------------------------------------------------------------------------------------------
GET /bridge/info 1ms 200
------------------------------------------------------------------------------------------------------
GET /bridge/494/hikpr_7h/websocket 0ms (unfinished)
------------------------------------------------------------------------------------------------------
------------------------------------------------------------------------------------------------------
GET /bridge/info 1ms 200
------------------------------------------------------------------------------------------------------
GET /bridge/info 1ms 200
------------------------------------------------------------------------------------------------------
GET /bridge/408/77tgr4vg/websocket 0ms (unfinished)
GET /bridge/890/981mr1et/websocket 0ms (unfinished)
------------------------------------------------------------------------------------------------------
------------------------------------------------------------------------------------------------------
GET /bridge/info 0ms 200
GET /bridge/info 0ms 200
------------------------------------------------------------------------------------------------------
GET /bridge/349/9apaietv/websocket 0ms (unfinished)
------------------------------------------------------------------------------------------------------
GET /bridge/152/6w496nip/websocket 0ms (unfinished)
------------------------------------------------------------------------------------------------------
GET /bridge/info 2ms 200
------------------------------------------------------------------------------------------------------
------------------------------------------------------------------------------------------------------
GET /bridge/info 1ms 200
GET /bridge/742/s39x_kll/websocket 2ms (unfinished)
------------------------------------------------------------------------------------------------------
GET /bridge/604/hrzyf111/websocket 1ms (unfinished)
------------------------------------------------------------------------------------------------------
GET /bridge/info 1ms 200
------------------------------------------------------------------------------------------------------
GET /bridge/865/4iufcn8z/websocket 2ms (unfinished)
------------------------------------------------------------------------------------------------------
GET /bridge/info 0ms 200
------------------------------------------------------------------------------------------------------
GET /bridge/001/mvwfnuc3/websocket 0ms (unfinished)
------------------------------------------------------------------------------------------------------
GET /bridge/info 0ms 200
------------------------------------------------------------------------------------------------------
GET /bridge/info 0ms 200
------------------------------------------------------------------------------------------------------
GET /bridge/811/tby3029i/websocket 1ms (unfinished)
------------------------------------------------------------------------------------------------------
GET /bridge/659/8jur34rp/websocket 0ms (unfinished)
------------------------------------------------------------------------------------------------------
GET /bridge/info 1ms 200
------------------------------------------------------------------------------------------------------
GET /bridge/info 0ms 200
------------------------------------------------------------------------------------------------------
GET /bridge/682/ja2lcwhr/websocket 1ms (unfinished)
------------------------------------------------------------------------------------------------------
------------------------------------------------------------------------------------------------------
GET /bridge/530/c1qkuhi1/websocket 0ms (unfinished)
------------------------------------------------------------------------------------------------------
GET /bridge/info 1ms 200
------------------------------------------------------------------------------------------------------
GET /bridge/info 0ms 200
GET /bridge/766/hqsyhi9i/websocket 2ms (unfinished)
------------------------------------------------------------------------------------------------------
GET /bridge/063/4wh32ylk/websocket 0ms (unfinished)
------------------------------------------------------------------------------------------------------
GET /bridge/info 1ms 200
------------------------------------------------------------------------------------------------------
GET /bridge/info 0ms 200
------------------------------------------------------------------------------------------------------
GET /bridge/373/rvbbpwu3/websocket 2ms (unfinished)
------------------------------------------------------------------------------------------------------
GET /bridge/462/60t14he9/websocket 0ms (unfinished)
------------------------------------------------------------------------------------------------------
------------------------------------------------------------------------------------------------------
GET /bridge/info 1ms 200
------------------------------------------------------------------------------------------------------
GET /bridge/info 0ms 200
GET /bridge/327/tpnbxzsw/websocket 2ms (unfinished)
------------------------------------------------------------------------------------------------------
GET /bridge/466/4kvsoome/websocket 1ms (unfinished)
------------------------------------------------------------------------------------------------------
GET /bridge/info 1ms 200
------------------------------------------------------------------------------------------------------
GET /bridge/info 1ms 200
------------------------------------------------------------------------------------------------------
GET /bridge/464/5mybrmhz/websocket 4ms (unfinished)
------------------------------------------------------------------------------------------------------
------------------------------------------------------------------------------------------------------
GET /bridge/545/bvmax7xp/websocket 0ms (unfinished)
POST /bridge/464/88n4jlqp/xhr_streaming 1ms (unfinished)
------------------------------------------------------------------------------------------------------
Exception on "POST /bridge/464/88n4jlqp/xhr_send" in filter "xhr_send":
RangeError [ERR_SOCKET_BAD_PORT]: Port should be >= 0 and < 65536. Received .
    at validatePort (internal/validators.js:211:11)
    at lookupAndConnect (net.js:1000:5)
    at Socket.connect (net.js:976:5)
    at new module.exports.Socket (C:\Nitrogen\NitroWEB\www\js\lib\webtcp\server\socket.js:67:15)
    at module.exports.WebTCP.dispatch (C:\Nitrogen\NitroWEB\www\js\lib\webtcp\server\webtcp.js:37:40)
    at SockJSConnection.<anonymous> (C:\Nitrogen\NitroWEB\www\js\lib\webtcp\server\webtcp.js:25:12)
    at SockJSConnection.emit (events.js:376:20)
    at Session.didMessage (C:\Nitrogen\NitroWEB\node_modules\sockjs\lib\transport.js:246:25)
    at App.xhr_send (C:\Nitrogen\NitroWEB\node_modules\sockjs\lib\trans-xhr.js:81:15)
    at execute_request (C:\Nitrogen\NitroWEB\node_modules\sockjs\lib\webjs.js:22:37)
------------------------------------------------------------------------------------------------------
POST /bridge/464/88n4jlqp/xhr_send 4ms 500
------------------------------------------------------------------------------------------------------
POST /bridge/545/3i6l2l0o/xhr_streaming 0ms (unfinished)
------------------------------------------------------------------------------------------------------
Exception on "POST /bridge/545/3i6l2l0o/xhr_send" in filter "xhr_send":
RangeError [ERR_SOCKET_BAD_PORT]: Port should be >= 0 and < 65536. Received .
    at validatePort (internal/validators.js:211:11)
    at lookupAndConnect (net.js:1000:5)
    at Socket.connect (net.js:976:5)
    at new module.exports.Socket (C:\Nitrogen\NitroWEB\www\js\lib\webtcp\server\socket.js:67:15)
    at module.exports.WebTCP.dispatch (C:\Nitrogen\NitroWEB\www\js\lib\webtcp\server\webtcp.js:37:40)
    at SockJSConnection.<anonymous> (C:\Nitrogen\NitroWEB\www\js\lib\webtcp\server\webtcp.js:25:12)
    at SockJSConnection.emit (events.js:376:20)
    at Session.didMessage (C:\Nitrogen\NitroWEB\node_modules\sockjs\lib\transport.js:246:25)
    at App.xhr_send (C:\Nitrogen\NitroWEB\node_modules\sockjs\lib\trans-xhr.js:81:15)
    at execute_request (C:\Nitrogen\NitroWEB\node_modules\sockjs\lib\webjs.js:22:37)
------------------------------------------------------------------------------------------------------
POST /bridge/545/3i6l2l0o/xhr_send 2ms 500
------------------------------------------------------------------------------------------------------
GET /bridge/info 0ms 200
------------------------------------------------------------------------------------------------------
GET /bridge/info 0ms 200
------------------------------------------------------------------------------------------------------
------------------------------------------------------------------------------------------------------
GET /bridge/265/tq2o0l1b/websocket 0ms (unfinished)
GET /bridge/513/51qeixde/websocket 1ms (unfinished)
------------------------------------------------------------------------------------------------------
GET /bridge/info 1ms 200
------------------------------------------------------------------------------------------------------
GET /bridge/info 1ms 200
------------------------------------------------------------------------------------------------------
GET /bridge/183/_1ciesza/websocket 2ms (unfinished)
------------------------------------------------------------------------------------------------------
------------------------------------------------------------------------------------------------------
GET /bridge/774/ez42jjwm/websocket 0ms (unfinished)
POST /bridge/183/5e7yvwh1/xhr_streaming 1ms (unfinished)
------------------------------------------------------------------------------------------------------
Exception on "POST /bridge/183/5e7yvwh1/xhr_send" in filter "xhr_send":
RangeError [ERR_SOCKET_BAD_PORT]: Port should be >= 0 and < 65536. Received .
    at validatePort (internal/validators.js:211:11)
    at lookupAndConnect (net.js:1000:5)
    at Socket.connect (net.js:976:5)
    at new module.exports.Socket (C:\Nitrogen\NitroWEB\www\js\lib\webtcp\server\socket.js:67:15)
    at module.exports.WebTCP.dispatch (C:\Nitrogen\NitroWEB\www\js\lib\webtcp\server\webtcp.js:37:40)
    at SockJSConnection.<anonymous> (C:\Nitrogen\NitroWEB\www\js\lib\webtcp\server\webtcp.js:25:12)
    at SockJSConnection.emit (events.js:376:20)
    at Session.didMessage (C:\Nitrogen\NitroWEB\node_modules\sockjs\lib\transport.js:246:25)
    at App.xhr_send (C:\Nitrogen\NitroWEB\node_modules\sockjs\lib\trans-xhr.js:81:15)
    at execute_request (C:\Nitrogen\NitroWEB\node_modules\sockjs\lib\webjs.js:22:37)
------------------------------------------------------------------------------------------------------
------------------------------------------------------------------------------------------------------
POST /bridge/183/5e7yvwh1/xhr_send 5ms 500
------------------------------------------------------------------------------------------------------
POST /bridge/774/1mhhvhvl/xhr_streaming 0ms (unfinished)
Exception on "POST /bridge/774/1mhhvhvl/xhr_send" in filter "xhr_send":
RangeError [ERR_SOCKET_BAD_PORT]: Port should be >= 0 and < 65536. Received .
    at validatePort (internal/validators.js:211:11)
    at lookupAndConnect (net.js:1000:5)
    at Socket.connect (net.js:976:5)
    at new module.exports.Socket (C:\Nitrogen\NitroWEB\www\js\lib\webtcp\server\socket.js:67:15)
    at module.exports.WebTCP.dispatch (C:\Nitrogen\NitroWEB\www\js\lib\webtcp\server\webtcp.js:37:40)
    at SockJSConnection.<anonymous> (C:\Nitrogen\NitroWEB\www\js\lib\webtcp\server\webtcp.js:25:12)
    at SockJSConnection.emit (events.js:376:20)
    at Session.didMessage (C:\Nitrogen\NitroWEB\node_modules\sockjs\lib\transport.js:246:25)
    at App.xhr_send (C:\Nitrogen\NitroWEB\node_modules\sockjs\lib\trans-xhr.js:81:15)
    at execute_request (C:\Nitrogen\NitroWEB\node_modules\sockjs\lib\webjs.js:22:37)
------------------------------------------------------------------------------------------------------
POST /bridge/774/1mhhvhvl/xhr_send 2ms 500
------------------------------------------------------------------------------------------------------
------------------------------------------------------------------------------------------------------
GET /bridge/info 2ms 200
GET /bridge/info 1ms 200
------------------------------------------------------------------------------------------------------
GET /bridge/143/a_y5vug5/websocket 3ms (unfinished)
------------------------------------------------------------------------------------------------------
GET /bridge/307/l83klc1q/websocket 0ms (unfinished)
------------------------------------------------------------------------------------------------------
GET /bridge/info 1ms 200
------------------------------------------------------------------------------------------------------
GET /bridge/030/o5nqxzor/websocket 2ms (unfinished)
------------------------------------------------------------------------------------------------------
GET /bridge/info 0ms 200
------------------------------------------------------------------------------------------------------
------------------------------------------------------------------------------------------------------
GET /bridge/812/prclfa7g/websocket 0ms (unfinished)
------------------------------------------------------------------------------------------------------
GET /bridge/info 1ms 200
GET /bridge/info 0ms 200
------------------------------------------------------------------------------------------------------
GET /bridge/536/r0ik5ee_/websocket 2ms (unfinished)
------------------------------------------------------------------------------------------------------
GET /bridge/280/r045rcnr/websocket 0ms (unfinished)
------------------------------------------------------------------------------------------------------
GET /bridge/info 1ms 200
------------------------------------------------------------------------------------------------------
GET /bridge/info 0ms 200
------------------------------------------------------------------------------------------------------
GET /bridge/813/d4bno4lm/websocket 0ms (unfinished)
------------------------------------------------------------------------------------------------------
------------------------------------------------------------------------------------------------------
GET /bridge/220/1ik1688k/websocket 1ms (unfinished)
GET /bridge/info 2ms 200
------------------------------------------------------------------------------------------------------
GET /bridge/info 0ms 200
------------------------------------------------------------------------------------------------------
GET /bridge/766/5kxdrhnj/websocket 3ms (unfinished)
------------------------------------------------------------------------------------------------------
GET /bridge/896/k0abw58f/websocket 0ms (unfinished)
------------------------------------------------------------------------------------------------------
GET /bridge/info 1ms 200
------------------------------------------------------------------------------------------------------
GET /bridge/info 0ms 200
------------------------------------------------------------------------------------------------------
------------------------------------------------------------------------------------------------------
GET /bridge/695/5gcsmzms/websocket 2ms (unfinished)
GET /bridge/474/5ykfdeb8/websocket 0ms (unfinished)
------------------------------------------------------------------------------------------------------
GET /bridge/info 0ms 200
------------------------------------------------------------------------------------------------------
GET /bridge/info 0ms 200
------------------------------------------------------------------------------------------------------
GET /bridge/809/us_xml56/websocket 0ms (unfinished)
------------------------------------------------------------------------------------------------------
GET /bridge/224/x9w9e2md/websocket 0ms (unfinished)
------------------------------------------------------------------------------------------------------
GET /bridge/info 2ms 200
------------------------------------------------------------------------------------------------------
GET /bridge/info 0ms 200
------------------------------------------------------------------------------------------------------
GET /bridge/423/0md9bskl/websocket 2ms (unfinished)
------------------------------------------------------------------------------------------------------
GET /bridge/626/vplmhy3i/websocket 0ms (unfinished)
------------------------------------------------------------------------------------------------------
GET /bridge/info 1ms 200
------------------------------------------------------------------------------------------------------
GET /bridge/info 0ms 200
------------------------------------------------------------------------------------------------------
GET /bridge/184/gznw7wib/websocket 2ms (unfinished)
------------------------------------------------------------------------------------------------------
GET /bridge/256/677muqjf/websocket 0ms (unfinished)
------------------------------------------------------------------------------------------------------
GET /bridge/info 1ms 200
------------------------------------------------------------------------------------------------------
------------------------------------------------------------------------------------------------------
GET /bridge/info 0ms 200
GET /bridge/293/dcxpclwe/websocket 3ms (unfinished)
------------------------------------------------------------------------------------------------------
GET /bridge/020/qh0yx6x7/websocket 0ms (unfinished)
------------------------------------------------------------------------------------------------------
GET /bridge/info 1ms 200
------------------------------------------------------------------------------------------------------
GET /bridge/info 0ms 200
------------------------------------------------------------------------------------------------------
GET /bridge/497/rrpwyubq/websocket 2ms (unfinished)
------------------------------------------------------------------------------------------------------
GET /bridge/949/tjbqfbgx/websocket 0ms (unfinished)
------------------------------------------------------------------------------------------------------
GET /bridge/info 1ms 200
------------------------------------------------------------------------------------------------------
GET /bridge/info 0ms 200
------------------------------------------------------------------------------------------------------
GET /bridge/015/vj4rwpc6/websocket 2ms (unfinished)
------------------------------------------------------------------------------------------------------
GET /bridge/659/4ega01p0/websocket 0ms (unfinished)
------------------------------------------------------------------------------------------------------
GET /bridge/info 0ms 200
------------------------------------------------------------------------------------------------------
GET /bridge/info 1ms 200
------------------------------------------------------------------------------------------------------
------------------------------------------------------------------------------------------------------
GET /bridge/644/rf26gvax/websocket 0ms (unfinished)
------------------------------------------------------------------------------------------------------
GET /bridge/743/z2k27om4/websocket 1ms (unfinished)
GET /bridge/info 1ms 200
------------------------------------------------------------------------------------------------------
GET /bridge/info 0ms 200
------------------------------------------------------------------------------------------------------
GET /bridge/495/1l9yr6jk/websocket 1ms (unfinished)
------------------------------------------------------------------------------------------------------
GET /bridge/123/rijxar81/websocket 0ms (unfinished)
------------------------------------------------------------------------------------------------------
GET /bridge/info 2ms 200
------------------------------------------------------------------------------------------------------
GET /bridge/info 0ms 200
------------------------------------------------------------------------------------------------------
GET /bridge/373/238zvjgn/websocket 3ms (unfinished)
------------------------------------------------------------------------------------------------------
GET /bridge/798/yd4hp_67/websocket 1ms (unfinished)
------------------------------------------------------------------------------------------------------
GET /bridge/info 0ms 200
------------------------------------------------------------------------------------------------------
GET /bridge/info 1ms 200
------------------------------------------------------------------------------------------------------
GET /bridge/368/ucqrk8w0/websocket 0ms (unfinished)
------------------------------------------------------------------------------------------------------
GET /bridge/435/4x7od44o/websocket 1ms (unfinished)
------------------------------------------------------------------------------------------------------
GET /bridge/info 1ms 200
------------------------------------------------------------------------------------------------------
GET /bridge/info 1ms 200
------------------------------------------------------------------------------------------------------
------------------------------------------------------------------------------------------------------
GET /bridge/427/qj25mwyk/websocket 0ms (unfinished)
GET /bridge/504/6pt_xp2o/websocket 1ms (unfinished)
------------------------------------------------------------------------------------------------------
GET /bridge/info 1ms 200
------------------------------------------------------------------------------------------------------
GET /bridge/info 0ms 200
------------------------------------------------------------------------------------------------------
GET /bridge/460/iszsr48a/websocket 1ms (unfinished)
------------------------------------------------------------------------------------------------------
GET /bridge/584/whtk3z3a/websocket 0ms (unfinished)
------------------------------------------------------------------------------------------------------
GET /bridge/info 0ms 200
------------------------------------------------------------------------------------------------------
GET /bridge/info 0ms 200
------------------------------------------------------------------------------------------------------
GET /bridge/987/9cyohetq/websocket 1ms (unfinished)
------------------------------------------------------------------------------------------------------
------------------------------------------------------------------------------------------------------
GET /bridge/381/ti7mc_wo/websocket 0ms (unfinished)
GET /bridge/info 1ms 200
------------------------------------------------------------------------------------------------------
------------------------------------------------------------------------------------------------------
GET /bridge/info 0ms 200
GET /bridge/390/6ip5aitt/websocket 1ms (unfinished)
------------------------------------------------------------------------------------------------------
GET /bridge/898/if4wgwl2/websocket 0ms (unfinished)
------------------------------------------------------------------------------------------------------
GET /bridge/info 0ms 200
------------------------------------------------------------------------------------------------------
------------------------------------------------------------------------------------------------------
GET /bridge/info 1ms 200
GET /bridge/411/wxejnzd8/websocket 0ms (unfinished)
------------------------------------------------------------------------------------------------------
GET /bridge/669/mhni2ej_/websocket 1ms (unfinished)
------------------------------------------------------------------------------------------------------
GET /bridge/info 2ms 200
------------------------------------------------------------------------------------------------------
GET /bridge/info 0ms 200
------------------------------------------------------------------------------------------------------
GET /bridge/999/vogh2e5l/websocket 3ms (unfinished)
------------------------------------------------------------------------------------------------------
GET /bridge/658/271pmqs1/websocket 0ms (unfinished)
------------------------------------------------------------------------------------------------------
------------------------------------------------------------------------------------------------------
GET /bridge/info 1ms 200
------------------------------------------------------------------------------------------------------
GET /bridge/info 0ms 200
------------------------------------------------------------------------------------------------------
GET /bridge/805/36uk12c_/websocket 1ms (unfinished)
GET /bridge/537/zyfq01u_/websocket 0ms (unfinished)
------------------------------------------------------------------------------------------------------
GET /bridge/info 1ms 200
------------------------------------------------------------------------------------------------------
GET /bridge/info 1ms 200
------------------------------------------------------------------------------------------------------
GET /bridge/078/sma3ipf4/websocket 3ms (unfinished)
------------------------------------------------------------------------------------------------------
GET /bridge/178/o4_b_kma/websocket 0ms (unfinished)
------------------------------------------------------------------------------------------------------
------------------------------------------------------------------------------------------------------
GET /bridge/info 1ms 200
GET /bridge/info 0ms 200
------------------------------------------------------------------------------------------------------
GET /bridge/320/cycw2t3h/websocket 2ms (unfinished)
------------------------------------------------------------------------------------------------------
------------------------------------------------------------------------------------------------------
GET /bridge/275/oeaqnmjn/websocket 0ms (unfinished)
GET /bridge/info 2ms 200
------------------------------------------------------------------------------------------------------
GET /bridge/info 1ms 200
------------------------------------------------------------------------------------------------------
------------------------------------------------------------------------------------------------------
GET /bridge/291/ji2ok142/websocket 4ms (unfinished)
------------------------------------------------------------------------------------------------------
GET /bridge/113/ctgvzt3w/websocket 0ms (unfinished)
GET /bridge/info 0ms 200
------------------------------------------------------------------------------------------------------
GET /bridge/info 1ms 200
------------------------------------------------------------------------------------------------------
GET /bridge/869/2vujlpon/websocket 0ms (unfinished)
------------------------------------------------------------------------------------------------------
GET /bridge/118/0wxbtbwu/websocket 0ms (unfinished)
------------------------------------------------------------------------------------------------------
------------------------------------------------------------------------------------------------------
GET /bridge/info 0ms 200
GET /bridge/info 0ms 200
------------------------------------------------------------------------------------------------------
GET /bridge/594/_ex8vg2n/websocket 0ms (unfinished)
------------------------------------------------------------------------------------------------------
GET /bridge/436/8fo6931u/websocket 1ms (unfinished)
------------------------------------------------------------------------------------------------------
GET /bridge/info 0ms 200
------------------------------------------------------------------------------------------------------
GET /bridge/info 0ms 200
------------------------------------------------------------------------------------------------------
------------------------------------------------------------------------------------------------------
GET /bridge/491/q8dkya3s/websocket 0ms (unfinished)
------------------------------------------------------------------------------------------------------
GET /bridge/206/z8kxzgmj/websocket 0ms (unfinished)
GET /bridge/info 1ms 200
------------------------------------------------------------------------------------------------------
------------------------------------------------------------------------------------------------------
GET /bridge/info 0ms 200
GET /bridge/763/ioxzun70/websocket 2ms (unfinished)
------------------------------------------------------------------------------------------------------
GET /bridge/925/1vbeq5_9/websocket 0ms (unfinished)
------------------------------------------------------------------------------------------------------
GET /bridge/info 1ms 200
------------------------------------------------------------------------------------------------------
GET /bridge/info 1ms 200
------------------------------------------------------------------------------------------------------
GET /bridge/157/qcaoo2yk/websocket 0ms (unfinished)
------------------------------------------------------------------------------------------------------
GET /bridge/231/4anmj0ro/websocket 1ms (unfinished)
------------------------------------------------------------------------------------------------------
GET /bridge/info 1ms 200
------------------------------------------------------------------------------------------------------
GET /bridge/info 0ms 200
------------------------------------------------------------------------------------------------------
GET /bridge/528/kf4ocjd7/websocket 2ms (unfinished)
------------------------------------------------------------------------------------------------------
GET /bridge/395/fvpftvdz/websocket 0ms (unfinished)
------------------------------------------------------------------------------------------------------
GET /bridge/info 0ms 200
------------------------------------------------------------------------------------------------------
GET /bridge/info 0ms 200
------------------------------------------------------------------------------------------------------
GET /bridge/484/9bzc6dlu/websocket 0ms (unfinished)
------------------------------------------------------------------------------------------------------
GET /bridge/853/ybm_c_wf/websocket 0ms (unfinished)
------------------------------------------------------------------------------------------------------
------------------------------------------------------------------------------------------------------
GET /bridge/info 0ms 200
------------------------------------------------------------------------------------------------------
GET /bridge/info 0ms 200
------------------------------------------------------------------------------------------------------
GET /bridge/240/jemny7xw/websocket 0ms (unfinished)
GET /bridge/800/6h7mavsx/websocket 0ms (unfinished)
------------------------------------------------------------------------------------------------------
------------------------------------------------------------------------------------------------------
POST /bridge/433/_sl5g4h0/xhr_send 4ms 204
------------------------------------------------------------------------------------------------------
GET /bridge/info 0ms 200
GET /bridge/info 1ms 200
------------------------------------------------------------------------------------------------------
GET /bridge/236/cnn_i0a2/websocket 0ms (unfinished)
------------------------------------------------------------------------------------------------------
------------------------------------------------------------------------------------------------------
GET /bridge/734/c0fgf2so/websocket 0ms (unfinished)
POST /bridge/236/wlh63ch5/xhr_streaming 1ms (unfinished)
------------------------------------------------------------------------------------------------------
------------------------------------------------------------------------------------------------------
POST /bridge/236/wlh63ch5/xhr_send 1ms 204
POST /bridge/734/y_wl0t1z/xhr_streaming 0ms (unfinished)
------------------------------------------------------------------------------------------------------
POST /bridge/734/y_wl0t1z/xhr_send 1ms 204
------------------------------------------------------------------------------------------------------
GET /bridge/info 2ms 200
------------------------------------------------------------------------------------------------------
GET /bridge/info 0ms 200
------------------------------------------------------------------------------------------------------
GET /bridge/494/xzls2wmk/websocket 3ms (unfinished)
------------------------------------------------------------------------------------------------------
------------------------------------------------------------------------------------------------------
GET /bridge/047/_vhtw01l/websocket 0ms (unfinished)
POST /bridge/494/sgmbcjw8/xhr_streaming 1ms (unfinished)
------------------------------------------------------------------------------------------------------
POST /bridge/494/sgmbcjw8/xhr_send 4ms 204
------------------------------------------------------------------------------------------------------
POST /bridge/047/mawnh7wt/xhr_streaming 0ms (unfinished)
------------------------------------------------------------------------------------------------------
------------------------------------------------------------------------------------------------------
POST /bridge/047/mawnh7wt/xhr_send 1ms 204
GET /bridge/info 0ms 200
------------------------------------------------------------------------------------------------------
GET /bridge/info 1ms 200
------------------------------------------------------------------------------------------------------
GET /bridge/099/gujthoi3/websocket 0ms (unfinished)
------------------------------------------------------------------------------------------------------
GET /bridge/038/jrln_iq2/websocket 0ms (unfinished)
------------------------------------------------------------------------------------------------------
POST /bridge/099/6ab0ptpv/xhr_streaming 0ms (unfinished)
------------------------------------------------------------------------------------------------------
POST /bridge/038/_ufr3rh0/xhr_streaming 0ms (unfinished)
------------------------------------------------------------------------------------------------------
Exception on "POST /bridge/099/6ab0ptpv/xhr_send" in filter "xhr_send":
RangeError [ERR_SOCKET_BAD_PORT]: Port should be >= 0 and < 65536. Received .
    at validatePort (internal/validators.js:211:11)
    at lookupAndConnect (net.js:1000:5)
    at Socket.connect (net.js:976:5)
    at new module.exports.Socket (C:\Nitrogen\NitroWEB\www\js\lib\webtcp\server\socket.js:67:15)
    at module.exports.WebTCP.dispatch (C:\Nitrogen\NitroWEB\www\js\lib\webtcp\server\webtcp.js:37:40)
    at SockJSConnection.<anonymous> (C:\Nitrogen\NitroWEB\www\js\lib\webtcp\server\webtcp.js:25:12)
    at SockJSConnection.emit (events.js:376:20)
    at Session.didMessage (C:\Nitrogen\NitroWEB\node_modules\sockjs\lib\transport.js:246:25)
    at App.xhr_send (C:\Nitrogen\NitroWEB\node_modules\sockjs\lib\trans-xhr.js:81:15)
    at execute_request (C:\Nitrogen\NitroWEB\node_modules\sockjs\lib\webjs.js:22:37)
------------------------------------------------------------------------------------------------------
POST /bridge/099/6ab0ptpv/xhr_send 3ms 500
------------------------------------------------------------------------------------------------------
Exception on "POST /bridge/038/_ufr3rh0/xhr_send" in filter "xhr_send":
RangeError [ERR_SOCKET_BAD_PORT]: Port should be >= 0 and < 65536. Received .
    at validatePort (internal/validators.js:211:11)
    at lookupAndConnect (net.js:1000:5)
    at Socket.connect (net.js:976:5)
    at new module.exports.Socket (C:\Nitrogen\NitroWEB\www\js\lib\webtcp\server\socket.js:67:15)
    at module.exports.WebTCP.dispatch (C:\Nitrogen\NitroWEB\www\js\lib\webtcp\server\webtcp.js:37:40)
    at SockJSConnection.<anonymous> (C:\Nitrogen\NitroWEB\www\js\lib\webtcp\server\webtcp.js:25:12)
    at SockJSConnection.emit (events.js:376:20)
    at Session.didMessage (C:\Nitrogen\NitroWEB\node_modules\sockjs\lib\transport.js:246:25)
    at App.xhr_send (C:\Nitrogen\NitroWEB\node_modules\sockjs\lib\trans-xhr.js:81:15)
    at execute_request (C:\Nitrogen\NitroWEB\node_modules\sockjs\lib\webjs.js:22:37)
------------------------------------------------------------------------------------------------------
------------------------------------------------------------------------------------------------------
POST /bridge/038/_ufr3rh0/xhr_send 1ms 500
GET /bridge/info 1ms 200
------------------------------------------------------------------------------------------------------
GET /bridge/info 0ms 200
------------------------------------------------------------------------------------------------------
GET /bridge/391/j56cdi5i/websocket 3ms (unfinished)
------------------------------------------------------------------------------------------------------
GET /bridge/699/0pe91ctd/websocket 0ms (unfinished)
------------------------------------------------------------------------------------------------------
POST /bridge/391/5vp2tb21/xhr_streaming 1ms (unfinished)
------------------------------------------------------------------------------------------------------
POST /bridge/699/xjsyr6gp/xhr_streaming 1ms (unfinished)
------------------------------------------------------------------------------------------------------
Exception on "POST /bridge/391/5vp2tb21/xhr_send" in filter "xhr_send":
RangeError [ERR_SOCKET_BAD_PORT]: Port should be >= 0 and < 65536. Received .
    at validatePort (internal/validators.js:211:11)
    at lookupAndConnect (net.js:1000:5)
    at Socket.connect (net.js:976:5)
    at new module.exports.Socket (C:\Nitrogen\NitroWEB\www\js\lib\webtcp\server\socket.js:67:15)
    at module.exports.WebTCP.dispatch (C:\Nitrogen\NitroWEB\www\js\lib\webtcp\server\webtcp.js:37:40)
    at SockJSConnection.<anonymous> (C:\Nitrogen\NitroWEB\www\js\lib\webtcp\server\webtcp.js:25:12)
    at SockJSConnection.emit (events.js:376:20)
    at Session.didMessage (C:\Nitrogen\NitroWEB\node_modules\sockjs\lib\transport.js:246:25)
    at App.xhr_send (C:\Nitrogen\NitroWEB\node_modules\sockjs\lib\trans-xhr.js:81:15)
    at execute_request (C:\Nitrogen\NitroWEB\node_modules\sockjs\lib\webjs.js:22:37)
------------------------------------------------------------------------------------------------------
POST /bridge/391/5vp2tb21/xhr_send 5ms 500
------------------------------------------------------------------------------------------------------
Exception on "POST /bridge/699/xjsyr6gp/xhr_send" in filter "xhr_send":
RangeError [ERR_SOCKET_BAD_PORT]: Port should be >= 0 and < 65536. Received .
    at validatePort (internal/validators.js:211:11)
    at lookupAndConnect (net.js:1000:5)
    at Socket.connect (net.js:976:5)
    at new module.exports.Socket (C:\Nitrogen\NitroWEB\www\js\lib\webtcp\server\socket.js:67:15)
    at module.exports.WebTCP.dispatch (C:\Nitrogen\NitroWEB\www\js\lib\webtcp\server\webtcp.js:37:40)
    at SockJSConnection.<anonymous> (C:\Nitrogen\NitroWEB\www\js\lib\webtcp\server\webtcp.js:25:12)
    at SockJSConnection.emit (events.js:376:20)
    at Session.didMessage (C:\Nitrogen\NitroWEB\node_modules\sockjs\lib\transport.js:246:25)
    at App.xhr_send (C:\Nitrogen\NitroWEB\node_modules\sockjs\lib\trans-xhr.js:81:15)
    at execute_request (C:\Nitrogen\NitroWEB\node_modules\sockjs\lib\webjs.js:22:37)
------------------------------------------------------------------------------------------------------
POST /bridge/699/xjsyr6gp/xhr_send 2ms 500
------------------------------------------------------------------------------------------------------
GET /bridge/info 0ms 200
------------------------------------------------------------------------------------------------------
------------------------------------------------------------------------------------------------------
GET /bridge/info 1ms 200
GET /bridge/021/3mnxg3k0/websocket 0ms (unfinished)
------------------------------------------------------------------------------------------------------
------------------------------------------------------------------------------------------------------
GET /bridge/593/2pk4dkjx/websocket 1ms (unfinished)
POST /bridge/021/e9j5ulbr/xhr_streaming 0ms (unfinished)
------------------------------------------------------------------------------------------------------
POST /bridge/021/e9j5ulbr/xhr_send 2ms 204
------------------------------------------------------------------------------------------------------
POST /bridge/593/e9wcln7a/xhr_streaming 0ms (unfinished)
------------------------------------------------------------------------------------------------------
------------------------------------------------------------------------------------------------------
POST /bridge/593/e9wcln7a/xhr_send 2ms 204
------------------------------------------------------------------------------------------------------
GET /bridge/info 0ms 200
GET /bridge/info 1ms 200
------------------------------------------------------------------------------------------------------
------------------------------------------------------------------------------------------------------
GET /bridge/252/2cz_bme5/websocket 1ms (unfinished)
GET /bridge/763/ax13pe7x/websocket 0ms (unfinished)
------------------------------------------------------------------------------------------------------
POST /bridge/252/vrljob88/xhr_streaming 1ms (unfinished)
------------------------------------------------------------------------------------------------------
------------------------------------------------------------------------------------------------------
POST /bridge/252/vrljob88/xhr_send 1ms 204
POST /bridge/763/5j6yaz9p/xhr_streaming 0ms (unfinished)
------------------------------------------------------------------------------------------------------
------------------------------------------------------------------------------------------------------
POST /bridge/763/5j6yaz9p/xhr_send 1ms 204
GET /bridge/info 1ms 200
------------------------------------------------------------------------------------------------------
------------------------------------------------------------------------------------------------------
GET /bridge/info 0ms 200
GET /bridge/702/nyekt4vn/websocket 3ms (unfinished)
------------------------------------------------------------------------------------------------------
GET /bridge/938/zhwds7z0/websocket 0ms (unfinished)
------------------------------------------------------------------------------------------------------
POST /bridge/702/qxoy0mnw/xhr_streaming 1ms (unfinished)
------------------------------------------------------------------------------------------------------
POST /bridge/938/9rj6l5ru/xhr_streaming 1ms (unfinished)
------------------------------------------------------------------------------------------------------
GET /bridge/info 1ms 200
------------------------------------------------------------------------------------------------------
------------------------------------------------------------------------------------------------------
GET /bridge/info 0ms 200
------------------------------------------------------------------------------------------------------
GET /bridge/839/3t_mcbq0/websocket 2ms (unfinished)
------------------------------------------------------------------------------------------------------
GET /bridge/865/h2h06mhh/websocket 0ms (unfinished)
------------------------------------------------------------------------------------------------------
GET /bridge/info 1ms 200
GET /bridge/info 1ms 200
------------------------------------------------------------------------------------------------------
GET /bridge/651/08al9sse/websocket 3ms (unfinished)
------------------------------------------------------------------------------------------------------
GET /bridge/883/8utxy2rg/websocket 0ms (unfinished)
------------------------------------------------------------------------------------------------------
GET /bridge/info 0ms 200
------------------------------------------------------------------------------------------------------
GET /bridge/info 0ms 200
------------------------------------------------------------------------------------------------------
GET /bridge/647/a74ptm9b/websocket 1ms (unfinished)
------------------------------------------------------------------------------------------------------
GET /bridge/553/nhq297nr/websocket 1ms (unfinished)
------------------------------------------------------------------------------------------------------
GET /bridge/info 1ms 200
------------------------------------------------------------------------------------------------------
GET /bridge/info 0ms 200
------------------------------------------------------------------------------------------------------
GET /bridge/256/g_qb0_2j/websocket 3ms (unfinished)
------------------------------------------------------------------------------------------------------
GET /bridge/054/o8ai2orz/websocket 0ms (unfinished)
------------------------------------------------------------------------------------------------------
GET /bridge/info 2ms 200
------------------------------------------------------------------------------------------------------
GET /bridge/info 0ms 200
------------------------------------------------------------------------------------------------------
GET /bridge/575/yhmnqkx4/websocket 2ms (unfinished)
------------------------------------------------------------------------------------------------------
------------------------------------------------------------------------------------------------------
GET /bridge/995/13pzu_6z/websocket 0ms (unfinished)
GET /bridge/info 2ms 200
------------------------------------------------------------------------------------------------------
------------------------------------------------------------------------------------------------------
GET /bridge/info 1ms 200
GET /bridge/940/nqh_nk9v/websocket 2ms (unfinished)
------------------------------------------------------------------------------------------------------
GET /bridge/026/x59ipcr7/websocket 1ms (unfinished)
------------------------------------------------------------------------------------------------------
------------------------------------------------------------------------------------------------------
GET /bridge/info 1ms 200
GET /bridge/info 1ms 200
------------------------------------------------------------------------------------------------------
GET /bridge/348/j6f7ju4b/websocket 3ms (unfinished)
------------------------------------------------------------------------------------------------------
GET /bridge/968/p69c7tvk/websocket 1ms (unfinished)
------------------------------------------------------------------------------------------------------
------------------------------------------------------------------------------------------------------
GET /bridge/info 1ms 200
------------------------------------------------------------------------------------------------------
GET /bridge/info 0ms 200
------------------------------------------------------------------------------------------------------
GET /bridge/859/gtw46b5_/websocket 0ms (unfinished)
------------------------------------------------------------------------------------------------------
GET /bridge/584/1a_0vwuk/websocket 0ms (unfinished)
GET /bridge/info 0ms 200
------------------------------------------------------------------------------------------------------
GET /bridge/info 1ms 200
------------------------------------------------------------------------------------------------------
GET /bridge/148/elbvqyr0/websocket 0ms (unfinished)
------------------------------------------------------------------------------------------------------
GET /bridge/572/6_296i5o/websocket 1ms (unfinished)
------------------------------------------------------------------------------------------------------
------------------------------------------------------------------------------------------------------
GET /bridge/info 2ms 200
GET /bridge/info 0ms 200
------------------------------------------------------------------------------------------------------
GET /bridge/251/btv3hrvo/websocket 3ms (unfinished)
------------------------------------------------------------------------------------------------------
------------------------------------------------------------------------------------------------------
GET /bridge/043/nt6b8__3/websocket 0ms (unfinished)
POST /bridge/702/qxoy0mnw/xhr_send 3ms 404
------------------------------------------------------------------------------------------------------
POST /bridge/938/9rj6l5ru/xhr_send 1ms 404
------------------------------------------------------------------------------------------------------
GET /bridge/info 1ms 200
------------------------------------------------------------------------------------------------------
GET /bridge/info 0ms 200
------------------------------------------------------------------------------------------------------
GET /bridge/590/fo3u7rov/websocket 1ms (unfinished)
------------------------------------------------------------------------------------------------------
GET /bridge/113/5bc85p78/websocket 0ms (unfinished)
------------------------------------------------------------------------------------------------------
------------------------------------------------------------------------------------------------------
POST /bridge/590/6iu84pku/xhr_streaming 1ms (unfinished)
Exception on "POST /bridge/590/6iu84pku/xhr_send" in filter "xhr_send":
RangeError [ERR_SOCKET_BAD_PORT]: Port should be >= 0 and < 65536. Received .
    at validatePort (internal/validators.js:211:11)
    at lookupAndConnect (net.js:1000:5)
    at Socket.connect (net.js:976:5)
    at new module.exports.Socket (C:\Nitrogen\NitroWEB\www\js\lib\webtcp\server\socket.js:67:15)
    at module.exports.WebTCP.dispatch (C:\Nitrogen\NitroWEB\www\js\lib\webtcp\server\webtcp.js:37:40)
    at SockJSConnection.<anonymous> (C:\Nitrogen\NitroWEB\www\js\lib\webtcp\server\webtcp.js:25:12)
    at SockJSConnection.emit (events.js:376:20)
    at Session.didMessage (C:\Nitrogen\NitroWEB\node_modules\sockjs\lib\transport.js:246:25)
    at App.xhr_send (C:\Nitrogen\NitroWEB\node_modules\sockjs\lib\trans-xhr.js:81:15)
    at execute_request (C:\Nitrogen\NitroWEB\node_modules\sockjs\lib\webjs.js:22:37)
------------------------------------------------------------------------------------------------------
POST /bridge/590/6iu84pku/xhr_send 3ms 500
------------------------------------------------------------------------------------------------------
------------------------------------------------------------------------------------------------------
POST /bridge/113/dxqk2n58/xhr_streaming 0ms (unfinished)
Exception on "POST /bridge/113/dxqk2n58/xhr_send" in filter "xhr_send":
RangeError [ERR_SOCKET_BAD_PORT]: Port should be >= 0 and < 65536. Received .
    at validatePort (internal/validators.js:211:11)
    at lookupAndConnect (net.js:1000:5)
    at Socket.connect (net.js:976:5)
    at new module.exports.Socket (C:\Nitrogen\NitroWEB\www\js\lib\webtcp\server\socket.js:67:15)
    at module.exports.WebTCP.dispatch (C:\Nitrogen\NitroWEB\www\js\lib\webtcp\server\webtcp.js:37:40)
    at SockJSConnection.<anonymous> (C:\Nitrogen\NitroWEB\www\js\lib\webtcp\server\webtcp.js:25:12)
    at SockJSConnection.emit (events.js:376:20)
    at Session.didMessage (C:\Nitrogen\NitroWEB\node_modules\sockjs\lib\transport.js:246:25)
    at App.xhr_send (C:\Nitrogen\NitroWEB\node_modules\sockjs\lib\trans-xhr.js:81:15)
    at execute_request (C:\Nitrogen\NitroWEB\node_modules\sockjs\lib\webjs.js:22:37)
POST /bridge/113/dxqk2n58/xhr_send 2ms 500
------------------------------------------------------------------------------------------------------
------------------------------------------------------------------------------------------------------
GET /bridge/info 1ms 200
------------------------------------------------------------------------------------------------------
GET /bridge/info 1ms 200
------------------------------------------------------------------------------------------------------
------------------------------------------------------------------------------------------------------
GET /bridge/016/emtak2i7/websocket 2ms (unfinished)
GET /bridge/647/rjwqj_cc/websocket 0ms (unfinished)
------------------------------------------------------------------------------------------------------
POST /bridge/016/wyvm5mtv/xhr_streaming 1ms (unfinished)
------------------------------------------------------------------------------------------------------
Exception on "POST /bridge/016/wyvm5mtv/xhr_send" in filter "xhr_send":
RangeError [ERR_SOCKET_BAD_PORT]: Port should be >= 0 and < 65536. Received .
    at validatePort (internal/validators.js:211:11)
    at lookupAndConnect (net.js:1000:5)
    at Socket.connect (net.js:976:5)
    at new module.exports.Socket (C:\Nitrogen\NitroWEB\www\js\lib\webtcp\server\socket.js:67:15)
    at module.exports.WebTCP.dispatch (C:\Nitrogen\NitroWEB\www\js\lib\webtcp\server\webtcp.js:37:40)
    at SockJSConnection.<anonymous> (C:\Nitrogen\NitroWEB\www\js\lib\webtcp\server\webtcp.js:25:12)
    at SockJSConnection.emit (events.js:376:20)
    at Session.didMessage (C:\Nitrogen\NitroWEB\node_modules\sockjs\lib\transport.js:246:25)
    at App.xhr_send (C:\Nitrogen\NitroWEB\node_modules\sockjs\lib\trans-xhr.js:81:15)
    at execute_request (C:\Nitrogen\NitroWEB\node_modules\sockjs\lib\webjs.js:22:37)
------------------------------------------------------------------------------------------------------
POST /bridge/016/wyvm5mtv/xhr_send 6ms 500
------------------------------------------------------------------------------------------------------
POST /bridge/647/96cvorgi/xhr_streaming 1ms (unfinished)
------------------------------------------------------------------------------------------------------
------------------------------------------------------------------------------------------------------
Exception on "POST /bridge/647/96cvorgi/xhr_send" in filter "xhr_send":
RangeError [ERR_SOCKET_BAD_PORT]: Port should be >= 0 and < 65536. Received .
    at validatePort (internal/validators.js:211:11)
    at lookupAndConnect (net.js:1000:5)
    at Socket.connect (net.js:976:5)
    at new module.exports.Socket (C:\Nitrogen\NitroWEB\www\js\lib\webtcp\server\socket.js:67:15)
    at module.exports.WebTCP.dispatch (C:\Nitrogen\NitroWEB\www\js\lib\webtcp\server\webtcp.js:37:40)
    at SockJSConnection.<anonymous> (C:\Nitrogen\NitroWEB\www\js\lib\webtcp\server\webtcp.js:25:12)
    at SockJSConnection.emit (events.js:376:20)
    at Session.didMessage (C:\Nitrogen\NitroWEB\node_modules\sockjs\lib\transport.js:246:25)
    at App.xhr_send (C:\Nitrogen\NitroWEB\node_modules\sockjs\lib\trans-xhr.js:81:15)
    at execute_request (C:\Nitrogen\NitroWEB\node_modules\sockjs\lib\webjs.js:22:37)
POST /bridge/647/96cvorgi/xhr_send 2ms 500
------------------------------------------------------------------------------------------------------
GET /bridge/info 1ms 200
------------------------------------------------------------------------------------------------------
GET /bridge/info 0ms 200
------------------------------------------------------------------------------------------------------
GET /bridge/763/_nti3l71/websocket 3ms (unfinished)
------------------------------------------------------------------------------------------------------
GET /bridge/886/jwj9537h/websocket 0ms (unfinished)
------------------------------------------------------------------------------------------------------
POST /bridge/763/fdalz4zi/xhr_streaming 1ms (unfinished)
------------------------------------------------------------------------------------------------------
POST /bridge/886/roask5qr/xhr_streaming 0ms (unfinished)
------------------------------------------------------------------------------------------------------
------------------------------------------------------------------------------------------------------
Exception on "POST /bridge/763/fdalz4zi/xhr_send" in filter "xhr_send":
RangeError [ERR_SOCKET_BAD_PORT]: Port should be >= 0 and < 65536. Received .
    at validatePort (internal/validators.js:211:11)
    at lookupAndConnect (net.js:1000:5)
    at Socket.connect (net.js:976:5)
    at new module.exports.Socket (C:\Nitrogen\NitroWEB\www\js\lib\webtcp\server\socket.js:67:15)
    at module.exports.WebTCP.dispatch (C:\Nitrogen\NitroWEB\www\js\lib\webtcp\server\webtcp.js:37:40)
    at SockJSConnection.<anonymous> (C:\Nitrogen\NitroWEB\www\js\lib\webtcp\server\webtcp.js:25:12)
    at SockJSConnection.emit (events.js:376:20)
    at Session.didMessage (C:\Nitrogen\NitroWEB\node_modules\sockjs\lib\transport.js:246:25)
    at App.xhr_send (C:\Nitrogen\NitroWEB\node_modules\sockjs\lib\trans-xhr.js:81:15)
    at execute_request (C:\Nitrogen\NitroWEB\node_modules\sockjs\lib\webjs.js:22:37)
POST /bridge/763/fdalz4zi/xhr_send 4ms 500
------------------------------------------------------------------------------------------------------
Exception on "POST /bridge/886/roask5qr/xhr_send" in filter "xhr_send":
RangeError [ERR_SOCKET_BAD_PORT]: Port should be >= 0 and < 65536. Received .
    at validatePort (internal/validators.js:211:11)
    at lookupAndConnect (net.js:1000:5)
    at Socket.connect (net.js:976:5)
    at new module.exports.Socket (C:\Nitrogen\NitroWEB\www\js\lib\webtcp\server\socket.js:67:15)
    at module.exports.WebTCP.dispatch (C:\Nitrogen\NitroWEB\www\js\lib\webtcp\server\webtcp.js:37:40)
    at SockJSConnection.<anonymous> (C:\Nitrogen\NitroWEB\www\js\lib\webtcp\server\webtcp.js:25:12)
    at SockJSConnection.emit (events.js:376:20)
    at Session.didMessage (C:\Nitrogen\NitroWEB\node_modules\sockjs\lib\transport.js:246:25)
    at App.xhr_send (C:\Nitrogen\NitroWEB\node_modules\sockjs\lib\trans-xhr.js:81:15)
    at execute_request (C:\Nitrogen\NitroWEB\node_modules\sockjs\lib\webjs.js:22:37)
------------------------------------------------------------------------------------------------------
POST /bridge/886/roask5qr/xhr_send 2ms 500
------------------------------------------------------------------------------------------------------
------------------------------------------------------------------------------------------------------
GET /bridge/info 1ms 200
GET /bridge/info 1ms 200
------------------------------------------------------------------------------------------------------
GET /bridge/850/yshdk58m/websocket 3ms (unfinished)
------------------------------------------------------------------------------------------------------
GET /bridge/636/3c70hm8c/websocket 0ms (unfinished)
------------------------------------------------------------------------------------------------------
POST /bridge/850/ii0akzxt/xhr_streaming 1ms (unfinished)
------------------------------------------------------------------------------------------------------
Exception on "POST /bridge/850/ii0akzxt/xhr_send" in filter "xhr_send":
RangeError [ERR_SOCKET_BAD_PORT]: Port should be >= 0 and < 65536. Received .
    at validatePort (internal/validators.js:211:11)
    at lookupAndConnect (net.js:1000:5)
    at Socket.connect (net.js:976:5)
    at new module.exports.Socket (C:\Nitrogen\NitroWEB\www\js\lib\webtcp\server\socket.js:67:15)
    at module.exports.WebTCP.dispatch (C:\Nitrogen\NitroWEB\www\js\lib\webtcp\server\webtcp.js:37:40)
    at SockJSConnection.<anonymous> (C:\Nitrogen\NitroWEB\www\js\lib\webtcp\server\webtcp.js:25:12)
    at SockJSConnection.emit (events.js:376:20)
    at Session.didMessage (C:\Nitrogen\NitroWEB\node_modules\sockjs\lib\transport.js:246:25)
    at App.xhr_send (C:\Nitrogen\NitroWEB\node_modules\sockjs\lib\trans-xhr.js:81:15)
    at execute_request (C:\Nitrogen\NitroWEB\node_modules\sockjs\lib\webjs.js:22:37)
------------------------------------------------------------------------------------------------------
POST /bridge/850/ii0akzxt/xhr_send 4ms 500
------------------------------------------------------------------------------------------------------
POST /bridge/636/h_gtt5yj/xhr_streaming 0ms (unfinished)
------------------------------------------------------------------------------------------------------
Exception on "POST /bridge/636/h_gtt5yj/xhr_send" in filter "xhr_send":
RangeError [ERR_SOCKET_BAD_PORT]: Port should be >= 0 and < 65536. Received .
    at validatePort (internal/validators.js:211:11)
    at lookupAndConnect (net.js:1000:5)
    at Socket.connect (net.js:976:5)
    at new module.exports.Socket (C:\Nitrogen\NitroWEB\www\js\lib\webtcp\server\socket.js:67:15)
    at module.exports.WebTCP.dispatch (C:\Nitrogen\NitroWEB\www\js\lib\webtcp\server\webtcp.js:37:40)
    at SockJSConnection.<anonymous> (C:\Nitrogen\NitroWEB\www\js\lib\webtcp\server\webtcp.js:25:12)
    at SockJSConnection.emit (events.js:376:20)
    at Session.didMessage (C:\Nitrogen\NitroWEB\node_modules\sockjs\lib\transport.js:246:25)
    at App.xhr_send (C:\Nitrogen\NitroWEB\node_modules\sockjs\lib\trans-xhr.js:81:15)
    at execute_request (C:\Nitrogen\NitroWEB\node_modules\sockjs\lib\webjs.js:22:37)
------------------------------------------------------------------------------------------------------
POST /bridge/636/h_gtt5yj/xhr_send 1ms 500
------------------------------------------------------------------------------------------------------
GET /bridge/info 1ms 200
------------------------------------------------------------------------------------------------------
------------------------------------------------------------------------------------------------------
GET /bridge/info 0ms 200
GET /bridge/922/u1c61_26/websocket 1ms (unfinished)
------------------------------------------------------------------------------------------------------
GET /bridge/352/3ves784v/websocket 0ms (unfinished)
------------------------------------------------------------------------------------------------------
POST /bridge/922/i04iiw2j/xhr_streaming 0ms (unfinished)
------------------------------------------------------------------------------------------------------
Exception on "POST /bridge/922/i04iiw2j/xhr_send" in filter "xhr_send":
RangeError [ERR_SOCKET_BAD_PORT]: Port should be >= 0 and < 65536. Received .
    at validatePort (internal/validators.js:211:11)
    at lookupAndConnect (net.js:1000:5)
    at Socket.connect (net.js:976:5)
    at new module.exports.Socket (C:\Nitrogen\NitroWEB\www\js\lib\webtcp\server\socket.js:67:15)
    at module.exports.WebTCP.dispatch (C:\Nitrogen\NitroWEB\www\js\lib\webtcp\server\webtcp.js:37:40)
    at SockJSConnection.<anonymous> (C:\Nitrogen\NitroWEB\www\js\lib\webtcp\server\webtcp.js:25:12)
    at SockJSConnection.emit (events.js:376:20)
    at Session.didMessage (C:\Nitrogen\NitroWEB\node_modules\sockjs\lib\transport.js:246:25)
    at App.xhr_send (C:\Nitrogen\NitroWEB\node_modules\sockjs\lib\trans-xhr.js:81:15)
    at execute_request (C:\Nitrogen\NitroWEB\node_modules\sockjs\lib\webjs.js:22:37)
------------------------------------------------------------------------------------------------------
------------------------------------------------------------------------------------------------------
POST /bridge/922/i04iiw2j/xhr_send 1ms 500
POST /bridge/352/nfprgw5u/xhr_streaming 0ms (unfinished)
------------------------------------------------------------------------------------------------------
------------------------------------------------------------------------------------------------------
GET /bridge/info 0ms 200
------------------------------------------------------------------------------------------------------
GET /bridge/info 0ms 200
GET /bridge/861/k4478g_m/websocket 0ms (unfinished)
------------------------------------------------------------------------------------------------------
GET /bridge/855/plbmo_2x/websocket 0ms (unfinished)
------------------------------------------------------------------------------------------------------
GET /bridge/info 1ms 200
------------------------------------------------------------------------------------------------------
GET /bridge/info 0ms 200
------------------------------------------------------------------------------------------------------
------------------------------------------------------------------------------------------------------
GET /bridge/598/4jqduad2/websocket 0ms (unfinished)
GET /bridge/382/e8k87uf4/websocket 1ms (unfinished)
------------------------------------------------------------------------------------------------------
GET /bridge/info 1ms 200
------------------------------------------------------------------------------------------------------
GET /bridge/info 0ms 200
------------------------------------------------------------------------------------------------------
GET /bridge/845/fcwuv2j3/websocket 1ms (unfinished)
------------------------------------------------------------------------------------------------------
GET /bridge/148/3kqv4ig6/websocket 1ms (unfinished)
------------------------------------------------------------------------------------------------------
GET /bridge/info 1ms 200
------------------------------------------------------------------------------------------------------
GET /bridge/info 0ms 200
------------------------------------------------------------------------------------------------------
GET /bridge/071/1sle9dcs/websocket 0ms (unfinished)
------------------------------------------------------------------------------------------------------
GET /bridge/209/jpzowdxy/websocket 1ms (unfinished)
------------------------------------------------------------------------------------------------------
POST /bridge/071/7yl87or4/xhr_streaming 1ms (unfinished)
------------------------------------------------------------------------------------------------------
Exception on "POST /bridge/071/7yl87or4/xhr_send" in filter "xhr_send":
RangeError [ERR_SOCKET_BAD_PORT]: Port should be >= 0 and < 65536. Received .
    at validatePort (internal/validators.js:211:11)
    at lookupAndConnect (net.js:1000:5)
    at Socket.connect (net.js:976:5)
    at new module.exports.Socket (C:\Nitrogen\NitroWEB\www\js\lib\webtcp\server\socket.js:67:15)
    at module.exports.WebTCP.dispatch (C:\Nitrogen\NitroWEB\www\js\lib\webtcp\server\webtcp.js:37:40)
    at SockJSConnection.<anonymous> (C:\Nitrogen\NitroWEB\www\js\lib\webtcp\server\webtcp.js:25:12)
    at SockJSConnection.emit (events.js:376:20)
    at Session.didMessage (C:\Nitrogen\NitroWEB\node_modules\sockjs\lib\transport.js:246:25)
    at App.xhr_send (C:\Nitrogen\NitroWEB\node_modules\sockjs\lib\trans-xhr.js:81:15)
    at execute_request (C:\Nitrogen\NitroWEB\node_modules\sockjs\lib\webjs.js:22:37)
POST /bridge/071/7yl87or4/xhr_send 2ms 500
------------------------------------------------------------------------------------------------------
------------------------------------------------------------------------------------------------------
POST /bridge/209/5bbcpn0g/xhr_streaming 1ms (unfinished)
------------------------------------------------------------------------------------------------------
Exception on "POST /bridge/209/5bbcpn0g/xhr_send" in filter "xhr_send":
RangeError [ERR_SOCKET_BAD_PORT]: Port should be >= 0 and < 65536. Received .
    at validatePort (internal/validators.js:211:11)
    at lookupAndConnect (net.js:1000:5)
    at Socket.connect (net.js:976:5)
    at new module.exports.Socket (C:\Nitrogen\NitroWEB\www\js\lib\webtcp\server\socket.js:67:15)
    at module.exports.WebTCP.dispatch (C:\Nitrogen\NitroWEB\www\js\lib\webtcp\server\webtcp.js:37:40)
    at SockJSConnection.<anonymous> (C:\Nitrogen\NitroWEB\www\js\lib\webtcp\server\webtcp.js:25:12)
    at SockJSConnection.emit (events.js:376:20)
    at Session.didMessage (C:\Nitrogen\NitroWEB\node_modules\sockjs\lib\transport.js:246:25)
    at App.xhr_send (C:\Nitrogen\NitroWEB\node_modules\sockjs\lib\trans-xhr.js:81:15)
    at execute_request (C:\Nitrogen\NitroWEB\node_modules\sockjs\lib\webjs.js:22:37)
------------------------------------------------------------------------------------------------------
POST /bridge/209/5bbcpn0g/xhr_send 1ms 500
------------------------------------------------------------------------------------------------------
GET /bridge/info 0ms 200
------------------------------------------------------------------------------------------------------
GET /bridge/info 0ms 200
------------------------------------------------------------------------------------------------------
GET /bridge/510/vhx0xkyi/websocket 0ms (unfinished)
------------------------------------------------------------------------------------------------------
------------------------------------------------------------------------------------------------------
GET /bridge/804/c9x0wwkg/websocket 0ms (unfinished)
POST /bridge/510/f1_c1iye/xhr_streaming 0ms (unfinished)
------------------------------------------------------------------------------------------------------
POST /bridge/510/f1_c1iye/xhr_send 1ms 204
------------------------------------------------------------------------------------------------------
POST /bridge/804/99jjlo9i/xhr_streaming 1ms (unfinished)
------------------------------------------------------------------------------------------------------
GET /bridge/info 0ms 200
------------------------------------------------------------------------------------------------------
GET /bridge/info 0ms 200
------------------------------------------------------------------------------------------------------
GET /bridge/928/yat55dgw/websocket 0ms (unfinished)
------------------------------------------------------------------------------------------------------
GET /bridge/445/ua5vj2kt/websocket 0ms (unfinished)
------------------------------------------------------------------------------------------------------
POST /bridge/928/7yoms584/xhr_streaming 0ms (unfinished)
------------------------------------------------------------------------------------------------------
Exception on "POST /bridge/928/7yoms584/xhr_send" in filter "xhr_send":
RangeError [ERR_SOCKET_BAD_PORT]: Port should be >= 0 and < 65536. Received .
    at validatePort (internal/validators.js:211:11)
    at lookupAndConnect (net.js:1000:5)
    at Socket.connect (net.js:976:5)
    at new module.exports.Socket (C:\Nitrogen\NitroWEB\www\js\lib\webtcp\server\socket.js:67:15)
    at module.exports.WebTCP.dispatch (C:\Nitrogen\NitroWEB\www\js\lib\webtcp\server\webtcp.js:37:40)
    at SockJSConnection.<anonymous> (C:\Nitrogen\NitroWEB\www\js\lib\webtcp\server\webtcp.js:25:12)
    at SockJSConnection.emit (events.js:376:20)
    at Session.didMessage (C:\Nitrogen\NitroWEB\node_modules\sockjs\lib\transport.js:246:25)
    at App.xhr_send (C:\Nitrogen\NitroWEB\node_modules\sockjs\lib\trans-xhr.js:81:15)
    at execute_request (C:\Nitrogen\NitroWEB\node_modules\sockjs\lib\webjs.js:22:37)
------------------------------------------------------------------------------------------------------
POST /bridge/928/7yoms584/xhr_send 2ms 500
------------------------------------------------------------------------------------------------------
POST /bridge/445/giormyhv/xhr_streaming 0ms (unfinished)
------------------------------------------------------------------------------------------------------
------------------------------------------------------------------------------------------------------
Exception on "POST /bridge/445/giormyhv/xhr_send" in filter "xhr_send":
RangeError [ERR_SOCKET_BAD_PORT]: Port should be >= 0 and < 65536. Received .
    at validatePort (internal/validators.js:211:11)
    at lookupAndConnect (net.js:1000:5)
    at Socket.connect (net.js:976:5)
    at new module.exports.Socket (C:\Nitrogen\NitroWEB\www\js\lib\webtcp\server\socket.js:67:15)
    at module.exports.WebTCP.dispatch (C:\Nitrogen\NitroWEB\www\js\lib\webtcp\server\webtcp.js:37:40)
    at SockJSConnection.<anonymous> (C:\Nitrogen\NitroWEB\www\js\lib\webtcp\server\webtcp.js:25:12)
    at SockJSConnection.emit (events.js:376:20)
    at Session.didMessage (C:\Nitrogen\NitroWEB\node_modules\sockjs\lib\transport.js:246:25)
    at App.xhr_send (C:\Nitrogen\NitroWEB\node_modules\sockjs\lib\trans-xhr.js:81:15)
    at execute_request (C:\Nitrogen\NitroWEB\node_modules\sockjs\lib\webjs.js:22:37)
POST /bridge/445/giormyhv/xhr_send 2ms 500
------------------------------------------------------------------------------------------------------
GET /bridge/info 0ms 200
------------------------------------------------------------------------------------------------------
GET /bridge/info 0ms 200
------------------------------------------------------------------------------------------------------
------------------------------------------------------------------------------------------------------
GET /bridge/847/wortsao0/websocket 0ms (unfinished)
GET /bridge/588/p2lyqvk5/websocket 0ms (unfinished)
------------------------------------------------------------------------------------------------------
POST /bridge/847/1u6jo0p7/xhr_streaming 0ms (unfinished)
------------------------------------------------------------------------------------------------------
Exception on "POST /bridge/847/1u6jo0p7/xhr_send" in filter "xhr_send":
RangeError [ERR_SOCKET_BAD_PORT]: Port should be >= 0 and < 65536. Received .
    at validatePort (internal/validators.js:211:11)
    at lookupAndConnect (net.js:1000:5)
    at Socket.connect (net.js:976:5)
    at new module.exports.Socket (C:\Nitrogen\NitroWEB\www\js\lib\webtcp\server\socket.js:67:15)
    at module.exports.WebTCP.dispatch (C:\Nitrogen\NitroWEB\www\js\lib\webtcp\server\webtcp.js:37:40)
    at SockJSConnection.<anonymous> (C:\Nitrogen\NitroWEB\www\js\lib\webtcp\server\webtcp.js:25:12)
    at SockJSConnection.emit (events.js:376:20)
    at Session.didMessage (C:\Nitrogen\NitroWEB\node_modules\sockjs\lib\transport.js:246:25)
    at App.xhr_send (C:\Nitrogen\NitroWEB\node_modules\sockjs\lib\trans-xhr.js:81:15)
    at execute_request (C:\Nitrogen\NitroWEB\node_modules\sockjs\lib\webjs.js:22:37)
POST /bridge/847/1u6jo0p7/xhr_send 2ms 500
------------------------------------------------------------------------------------------------------
------------------------------------------------------------------------------------------------------
POST /bridge/588/b1tcf_xq/xhr_streaming 0ms (unfinished)
------------------------------------------------------------------------------------------------------
GET /bridge/info 1ms 200
------------------------------------------------------------------------------------------------------
GET /bridge/info 1ms 200
------------------------------------------------------------------------------------------------------
------------------------------------------------------------------------------------------------------
GET /bridge/114/ip7x7vul/websocket 1ms (unfinished)
------------------------------------------------------------------------------------------------------
GET /bridge/831/w_tu7t8c/websocket 0ms (unfinished)
GET /bridge/info 1ms 200
------------------------------------------------------------------------------------------------------
GET /bridge/info 0ms 200
------------------------------------------------------------------------------------------------------
GET /bridge/394/xct7lkn8/websocket 1ms (unfinished)
------------------------------------------------------------------------------------------------------
------------------------------------------------------------------------------------------------------
GET /bridge/604/tm5x23bw/websocket 0ms (unfinished)
GET /bridge/info 0ms 200
------------------------------------------------------------------------------------------------------
GET /bridge/info 0ms 200
------------------------------------------------------------------------------------------------------
------------------------------------------------------------------------------------------------------
GET /bridge/277/gn5dqzoz/websocket 1ms (unfinished)
------------------------------------------------------------------------------------------------------
GET /bridge/523/fj0f4vam/websocket 0ms (unfinished)
------------------------------------------------------------------------------------------------------
GET /bridge/info 0ms 200
GET /bridge/info 1ms 200
------------------------------------------------------------------------------------------------------
------------------------------------------------------------------------------------------------------
GET /bridge/612/vcjj37va/websocket 1ms (unfinished)
GET /bridge/999/2vyzsdyf/websocket 0ms (unfinished)
------------------------------------------------------------------------------------------------------
------------------------------------------------------------------------------------------------------
GET /bridge/info 1ms 200
GET /bridge/info 1ms 200
------------------------------------------------------------------------------------------------------
GET /bridge/983/8l1g3fg2/websocket 3ms (unfinished)
------------------------------------------------------------------------------------------------------
GET /bridge/288/tjo5oa4i/websocket 0ms (unfinished)
------------------------------------------------------------------------------------------------------
GET /bridge/info 1ms 200
------------------------------------------------------------------------------------------------------
------------------------------------------------------------------------------------------------------
GET /bridge/info 0ms 200
GET /bridge/900/tvnra8cw/websocket 0ms (unfinished)
------------------------------------------------------------------------------------------------------
GET /bridge/091/6rq71pr_/websocket 1ms (unfinished)
------------------------------------------------------------------------------------------------------
------------------------------------------------------------------------------------------------------
Exception on "POST /bridge/588/b1tcf_xq/xhr_send" in filter "xhr_send":
RangeError [ERR_SOCKET_BAD_PORT]: Port should be >= 0 and < 65536. Received .
    at validatePort (internal/validators.js:211:11)
    at lookupAndConnect (net.js:1000:5)
    at Socket.connect (net.js:976:5)
    at new module.exports.Socket (C:\Nitrogen\NitroWEB\www\js\lib\webtcp\server\socket.js:67:15)
    at module.exports.WebTCP.dispatch (C:\Nitrogen\NitroWEB\www\js\lib\webtcp\server\webtcp.js:37:40)
    at SockJSConnection.<anonymous> (C:\Nitrogen\NitroWEB\www\js\lib\webtcp\server\webtcp.js:25:12)
    at SockJSConnection.emit (events.js:376:20)
    at Session.didMessage (C:\Nitrogen\NitroWEB\node_modules\sockjs\lib\transport.js:246:25)
    at App.xhr_send (C:\Nitrogen\NitroWEB\node_modules\sockjs\lib\trans-xhr.js:81:15)
    at execute_request (C:\Nitrogen\NitroWEB\node_modules\sockjs\lib\webjs.js:22:37)
------------------------------------------------------------------------------------------------------
POST /bridge/588/b1tcf_xq/xhr_send 4ms 500
GET /bridge/info 0ms 200
------------------------------------------------------------------------------------------------------
GET /bridge/info 1ms 200
------------------------------------------------------------------------------------------------------
GET /bridge/638/1yseqcbe/websocket 0ms (unfinished)
------------------------------------------------------------------------------------------------------
------------------------------------------------------------------------------------------------------
GET /bridge/631/h3tuhsg4/websocket 0ms (unfinished)
------------------------------------------------------------------------------------------------------
POST /bridge/804/99jjlo9i/xhr_send 1ms 404
------------------------------------------------------------------------------------------------------
GET /bridge/info 0ms 200
GET /bridge/info 1ms 200
------------------------------------------------------------------------------------------------------
GET /bridge/218/1_84p71g/websocket 1ms (unfinished)
------------------------------------------------------------------------------------------------------
------------------------------------------------------------------------------------------------------
GET /bridge/435/v6xgjrbw/websocket 0ms (unfinished)
------------------------------------------------------------------------------------------------------
POST /bridge/218/i8839d1d/xhr_streaming 0ms (unfinished)
------------------------------------------------------------------------------------------------------
POST /bridge/218/i8839d1d/xhr_send 2ms 204
POST /bridge/435/0q9a6x7g/xhr_streaming 1ms (unfinished)
------------------------------------------------------------------------------------------------------
------------------------------------------------------------------------------------------------------
POST /bridge/435/0q9a6x7g/xhr_send 1ms 204
GET /bridge/info 1ms 200
------------------------------------------------------------------------------------------------------
GET /bridge/info 1ms 200
------------------------------------------------------------------------------------------------------
GET /bridge/644/wbjmrmmd/websocket 0ms (unfinished)
------------------------------------------------------------------------------------------------------
GET /bridge/239/5ts2rq1s/websocket 1ms (unfinished)
------------------------------------------------------------------------------------------------------
POST /bridge/644/r4x1fgm1/xhr_streaming 1ms (unfinished)
------------------------------------------------------------------------------------------------------
POST /bridge/644/r4x1fgm1/xhr_send 1ms 204
------------------------------------------------------------------------------------------------------
POST /bridge/239/b3k97qli/xhr_streaming 1ms (unfinished)
------------------------------------------------------------------------------------------------------
------------------------------------------------------------------------------------------------------
POST /bridge/239/b3k97qli/xhr_send 0ms 204
