GET /bridge/info 0ms 200
------------------------------------------------------------------------------------------------------
GET /bridge/info 0ms 200
------------------------------------------------------------------------------------------------------
GET /bridge/848/ae1o9vtg/websocket 0ms (unfinished)
------------------------------------------------------------------------------------------------------
GET /bridge/967/x6bzq5rf/websocket 0ms (unfinished)
------------------------------------------------------------------------------------------------------
------------------------------------------------------------------------------------------------------
POST /bridge/848/l7q2mfzv/xhr_streaming 1ms (unfinished)
------------------------------------------------------------------------------------------------------
POST /bridge/848/l7q2mfzv/xhr_send 1ms 204
POST /bridge/967/6xmgkl42/xhr_streaming 1ms (unfinished)
------------------------------------------------------------------------------------------------------
------------------------------------------------------------------------------------------------------
POST /bridge/967/6xmgkl42/xhr_send 1ms 204
GET /bridge/info 0ms 200
------------------------------------------------------------------------------------------------------
------------------------------------------------------------------------------------------------------
GET /bridge/info 0ms 200
GET /bridge/845/hdv5yifn/websocket 0ms (unfinished)
------------------------------------------------------------------------------------------------------
GET /bridge/683/9in9c7gc/websocket 0ms (unfinished)
------------------------------------------------------------------------------------------------------
POST /bridge/845/d6_8bdvx/xhr_streaming 0ms (unfinished)
------------------------------------------------------------------------------------------------------
POST /bridge/845/d6_8bdvx/xhr_send 1ms 204
------------------------------------------------------------------------------------------------------
POST /bridge/683/y6lvoop8/xhr_streaming 0ms (unfinished)
------------------------------------------------------------------------------------------------------
POST /bridge/683/y6lvoop8/xhr_send 1ms 204
------------------------------------------------------------------------------------------------------
GET /bridge/info 1ms 200
------------------------------------------------------------------------------------------------------
GET /bridge/info 0ms 200
------------------------------------------------------------------------------------------------------
GET /bridge/474/kxdnany7/websocket 0ms (unfinished)
------------------------------------------------------------------------------------------------------
GET /bridge/599/v8wy2k6k/websocket 0ms (unfinished)
------------------------------------------------------------------------------------------------------
POST /bridge/474/m4yyqth5/xhr_streaming 0ms (unfinished)
------------------------------------------------------------------------------------------------------
------------------------------------------------------------------------------------------------------
POST /bridge/474/m4yyqth5/xhr_send 0ms 204
POST /bridge/599/gxao2y6w/xhr_streaming 0ms (unfinished)
------------------------------------------------------------------------------------------------------
GET /bridge/info 1ms 200
------------------------------------------------------------------------------------------------------
------------------------------------------------------------------------------------------------------
GET /bridge/info 1ms 200
GET /bridge/393/d32qse0q/websocket 0ms (unfinished)
------------------------------------------------------------------------------------------------------
GET /bridge/465/vpwxk9vy/websocket 0ms (unfinished)
------------------------------------------------------------------------------------------------------
GET /bridge/info 0ms 200
------------------------------------------------------------------------------------------------------
GET /bridge/info 1ms 200
------------------------------------------------------------------------------------------------------
GET /bridge/239/d3squ9nh/websocket 0ms (unfinished)
------------------------------------------------------------------------------------------------------
GET /bridge/930/my7ne0pt/websocket 1ms (unfinished)
------------------------------------------------------------------------------------------------------
------------------------------------------------------------------------------------------------------
GET /bridge/info 1ms 200
GET /bridge/info 1ms 200
------------------------------------------------------------------------------------------------------
------------------------------------------------------------------------------------------------------
GET /bridge/954/boqu4lfg/websocket 0ms (unfinished)
------------------------------------------------------------------------------------------------------
GET /bridge/473/rowx0e9e/websocket 0ms (unfinished)
------------------------------------------------------------------------------------------------------
POST /bridge/954/u_mr3y_u/xhr_streaming 2ms (unfinished)
POST /bridge/954/u_mr3y_u/xhr_send 1ms 204
------------------------------------------------------------------------------------------------------
POST /bridge/473/rodkh1xh/xhr_streaming 0ms (unfinished)
------------------------------------------------------------------------------------------------------
------------------------------------------------------------------------------------------------------
POST /bridge/473/rodkh1xh/xhr_send 1ms 204
GET /bridge/info 0ms 200
------------------------------------------------------------------------------------------------------
GET /bridge/info 0ms 200
------------------------------------------------------------------------------------------------------
GET /bridge/660/6cb3v3tu/websocket 0ms (unfinished)
------------------------------------------------------------------------------------------------------
GET /bridge/154/8_3mqwfz/websocket 0ms (unfinished)
------------------------------------------------------------------------------------------------------
POST /bridge/660/38dbkhow/xhr_streaming 0ms (unfinished)
------------------------------------------------------------------------------------------------------
------------------------------------------------------------------------------------------------------
POST /bridge/660/38dbkhow/xhr_send 1ms 204
POST /bridge/154/4kzxies8/xhr_streaming 0ms (unfinished)
------------------------------------------------------------------------------------------------------
POST /bridge/154/4kzxies8/xhr_send 1ms 204
------------------------------------------------------------------------------------------------------
GET /bridge/info 1ms 200
------------------------------------------------------------------------------------------------------
GET /bridge/463/5857ff5z/websocket 2ms (unfinished)
------------------------------------------------------------------------------------------------------
GET /bridge/info 1ms 200
------------------------------------------------------------------------------------------------------
------------------------------------------------------------------------------------------------------
GET /bridge/312/q_4hs4km/websocket 0ms (unfinished)
POST /bridge/463/6l729_5m/xhr_streaming 1ms (unfinished)
------------------------------------------------------------------------------------------------------
POST /bridge/463/6l729_5m/xhr_send 4ms 204
------------------------------------------------------------------------------------------------------
POST /bridge/312/wzsiuy88/xhr_streaming 0ms (unfinished)
------------------------------------------------------------------------------------------------------
------------------------------------------------------------------------------------------------------
POST /bridge/312/wzsiuy88/xhr_send 1ms 204
GET /bridge/info 1ms 200
------------------------------------------------------------------------------------------------------
GET /bridge/info 0ms 200
------------------------------------------------------------------------------------------------------
GET /bridge/126/8rvovkl3/websocket 0ms (unfinished)
------------------------------------------------------------------------------------------------------
GET /bridge/020/2d6_jb1i/websocket 0ms (unfinished)
------------------------------------------------------------------------------------------------------
------------------------------------------------------------------------------------------------------
GET /bridge/info 1ms 200
GET /bridge/info 0ms 200
------------------------------------------------------------------------------------------------------
GET /bridge/344/jrajo4l6/websocket 2ms (unfinished)
------------------------------------------------------------------------------------------------------
GET /bridge/673/0f5iwkgi/websocket 0ms (unfinished)
------------------------------------------------------------------------------------------------------
------------------------------------------------------------------------------------------------------
GET /bridge/info 1ms 200
GET /bridge/info 1ms 200
------------------------------------------------------------------------------------------------------
GET /bridge/744/c_b0vtav/websocket 0ms (unfinished)
------------------------------------------------------------------------------------------------------
GET /bridge/278/lmaasxrq/websocket 1ms (unfinished)
------------------------------------------------------------------------------------------------------
GET /bridge/info 1ms 200
------------------------------------------------------------------------------------------------------
GET /bridge/info 1ms 200
------------------------------------------------------------------------------------------------------
GET /bridge/300/0cp9fctd/websocket 0ms (unfinished)
------------------------------------------------------------------------------------------------------
GET /bridge/131/yf_y5f9g/websocket 0ms (unfinished)
------------------------------------------------------------------------------------------------------
------------------------------------------------------------------------------------------------------
GET /bridge/info 1ms 200
------------------------------------------------------------------------------------------------------
GET /bridge/info 0ms 200
GET /bridge/488/vdvthbjv/websocket 0ms (unfinished)
------------------------------------------------------------------------------------------------------
GET /bridge/775/daefeezp/websocket 1ms (unfinished)
------------------------------------------------------------------------------------------------------
GET /bridge/info 1ms 200
------------------------------------------------------------------------------------------------------
GET /bridge/info 1ms 200
------------------------------------------------------------------------------------------------------
------------------------------------------------------------------------------------------------------
GET /bridge/207/k7c8l599/websocket 2ms (unfinished)
GET /bridge/187/k7lhax1y/websocket 0ms (unfinished)
------------------------------------------------------------------------------------------------------
GET /bridge/info 0ms 200
------------------------------------------------------------------------------------------------------
GET /bridge/info 0ms 200
------------------------------------------------------------------------------------------------------
GET /bridge/271/3oybm0e9/websocket 0ms (unfinished)
------------------------------------------------------------------------------------------------------
------------------------------------------------------------------------------------------------------
GET /bridge/914/2zquehcp/websocket 1ms (unfinished)
POST /bridge/271/v3ynt5dy/xhr_streaming 1ms (unfinished)
------------------------------------------------------------------------------------------------------
POST /bridge/914/u2ybiq1f/xhr_streaming 1ms (unfinished)
------------------------------------------------------------------------------------------------------
POST /bridge/271/v3ynt5dy/xhr_send 4ms 204
------------------------------------------------------------------------------------------------------
POST /bridge/914/u2ybiq1f/xhr_send 1ms 204
------------------------------------------------------------------------------------------------------
GET /bridge/info 0ms 200
------------------------------------------------------------------------------------------------------
GET /bridge/info 1ms 200
------------------------------------------------------------------------------------------------------
GET /bridge/229/yryv3xcr/websocket 0ms (unfinished)
------------------------------------------------------------------------------------------------------
GET /bridge/462/egscf5p2/websocket 1ms (unfinished)
------------------------------------------------------------------------------------------------------
POST /bridge/229/v6e94jcf/xhr_streaming 0ms (unfinished)
------------------------------------------------------------------------------------------------------
POST /bridge/229/v6e94jcf/xhr_send 1ms 204
------------------------------------------------------------------------------------------------------
------------------------------------------------------------------------------------------------------
POST /bridge/462/ayj7_tud/xhr_streaming 1ms (unfinished)
GET /bridge/info 0ms 200
------------------------------------------------------------------------------------------------------
------------------------------------------------------------------------------------------------------
GET /bridge/info 0ms 200
GET /bridge/438/_zc_zcrb/websocket 0ms (unfinished)
------------------------------------------------------------------------------------------------------
GET /bridge/160/utahy8kx/websocket 0ms (unfinished)
------------------------------------------------------------------------------------------------------
GET /bridge/info 1ms 200
------------------------------------------------------------------------------------------------------
GET /bridge/info 0ms 200
------------------------------------------------------------------------------------------------------
GET /bridge/415/33bh2r6h/websocket 0ms (unfinished)
------------------------------------------------------------------------------------------------------
GET /bridge/191/bsdtatfl/websocket 1ms (unfinished)
------------------------------------------------------------------------------------------------------
------------------------------------------------------------------------------------------------------
POST /bridge/599/gxao2y6w/xhr_send 3ms 204
GET /bridge/info 1ms 200
------------------------------------------------------------------------------------------------------
GET /bridge/info 0ms 200
------------------------------------------------------------------------------------------------------
GET /bridge/059/miusf4ln/websocket 2ms (unfinished)
------------------------------------------------------------------------------------------------------
GET /bridge/781/ey7xsooe/websocket 0ms (unfinished)
------------------------------------------------------------------------------------------------------
POST /bridge/059/zqqzb6u7/xhr_streaming 0ms (unfinished)
------------------------------------------------------------------------------------------------------
POST /bridge/059/zqqzb6u7/xhr_send 0ms 204
------------------------------------------------------------------------------------------------------
------------------------------------------------------------------------------------------------------
POST /bridge/781/6d_idgmk/xhr_streaming 1ms (unfinished)
POST /bridge/781/6d_idgmk/xhr_send 1ms 204
------------------------------------------------------------------------------------------------------
GET /bridge/info 0ms 200
------------------------------------------------------------------------------------------------------
------------------------------------------------------------------------------------------------------
GET /bridge/858/amsoezhi/websocket 0ms (unfinished)
------------------------------------------------------------------------------------------------------
GET /bridge/info 0ms 200
------------------------------------------------------------------------------------------------------
GET /bridge/385/cvuuyr78/websocket 0ms (unfinished)
GET /bridge/info 0ms 200
------------------------------------------------------------------------------------------------------
GET /bridge/info 1ms 200
------------------------------------------------------------------------------------------------------
GET /bridge/333/6xfzxz1y/websocket 0ms (unfinished)
------------------------------------------------------------------------------------------------------
GET /bridge/165/dmrc8at7/websocket 0ms (unfinished)
------------------------------------------------------------------------------------------------------
POST /bridge/333/n0t9vrvb/xhr_streaming 0ms (unfinished)
------------------------------------------------------------------------------------------------------
POST /bridge/333/n0t9vrvb/xhr_send 1ms 204
------------------------------------------------------------------------------------------------------
------------------------------------------------------------------------------------------------------
POST /bridge/165/kkxr1krz/xhr_streaming 0ms (unfinished)
------------------------------------------------------------------------------------------------------
POST /bridge/165/kkxr1krz/xhr_send 1ms 204
------------------------------------------------------------------------------------------------------
GET /bridge/info 1ms 200
------------------------------------------------------------------------------------------------------
GET /bridge/info 0ms 200
GET /bridge/274/pns8vk_5/websocket 0ms (unfinished)
------------------------------------------------------------------------------------------------------
GET /bridge/834/c_rdurea/websocket 0ms (unfinished)
------------------------------------------------------------------------------------------------------
------------------------------------------------------------------------------------------------------
POST /bridge/274/0vzf8pp8/xhr_streaming 0ms (unfinished)
POST /bridge/274/0vzf8pp8/xhr_send 1ms 204
------------------------------------------------------------------------------------------------------
POST /bridge/834/0p50_jnl/xhr_streaming 0ms (unfinished)
------------------------------------------------------------------------------------------------------
GET /bridge/info 0ms 200
------------------------------------------------------------------------------------------------------
GET /bridge/info 1ms 200
------------------------------------------------------------------------------------------------------
GET /bridge/896/t0di972s/websocket 0ms (unfinished)
------------------------------------------------------------------------------------------------------
GET /bridge/066/lq4ih0m5/websocket 1ms (unfinished)
------------------------------------------------------------------------------------------------------
------------------------------------------------------------------------------------------------------
GET /bridge/info 1ms 200
GET /bridge/info 0ms 200
------------------------------------------------------------------------------------------------------
GET /bridge/532/9qayhwzy/websocket 0ms (unfinished)
------------------------------------------------------------------------------------------------------
GET /bridge/621/f465tyg0/websocket 0ms (unfinished)
------------------------------------------------------------------------------------------------------
POST /bridge/532/5atxcw90/xhr_streaming 0ms (unfinished)
------------------------------------------------------------------------------------------------------
POST /bridge/621/1ngltrva/xhr_streaming 0ms (unfinished)
------------------------------------------------------------------------------------------------------
POST /bridge/532/5atxcw90/xhr_send 2ms 204
------------------------------------------------------------------------------------------------------
POST /bridge/621/1ngltrva/xhr_send 0ms 204
------------------------------------------------------------------------------------------------------
GET /bridge/info 0ms 200
------------------------------------------------------------------------------------------------------
GET /bridge/info 0ms 200
------------------------------------------------------------------------------------------------------
GET /bridge/311/336t94_k/websocket 0ms (unfinished)
------------------------------------------------------------------------------------------------------
GET /bridge/619/iniuwdq_/websocket 0ms (unfinished)
------------------------------------------------------------------------------------------------------
POST /bridge/311/4ixeysiy/xhr_streaming 1ms (unfinished)
------------------------------------------------------------------------------------------------------
POST /bridge/311/4ixeysiy/xhr_send 1ms 204
------------------------------------------------------------------------------------------------------
------------------------------------------------------------------------------------------------------
POST /bridge/619/oiwd2ok7/xhr_streaming 0ms (unfinished)
POST /bridge/619/oiwd2ok7/xhr_send 1ms 204
------------------------------------------------------------------------------------------------------
------------------------------------------------------------------------------------------------------
POST /bridge/834/0p50_jnl/xhr_send 2ms 404
GET /bridge/info 1ms 200
------------------------------------------------------------------------------------------------------
GET /bridge/info 1ms 200
------------------------------------------------------------------------------------------------------
------------------------------------------------------------------------------------------------------
GET /bridge/794/rnyrhsl6/websocket 2ms (unfinished)
GET /bridge/627/qo7d_v7d/websocket 1ms (unfinished)
------------------------------------------------------------------------------------------------------
POST /bridge/794/kdz2gp9k/xhr_streaming 1ms (unfinished)
------------------------------------------------------------------------------------------------------
POST /bridge/794/kdz2gp9k/xhr_send 2ms 204
------------------------------------------------------------------------------------------------------
POST /bridge/627/zhdyn6q6/xhr_streaming 0ms (unfinished)
------------------------------------------------------------------------------------------------------
------------------------------------------------------------------------------------------------------
POST /bridge/627/zhdyn6q6/xhr_send 1ms 204
------------------------------------------------------------------------------------------------------
GET /bridge/info 1ms 200
GET /bridge/info 0ms 200
------------------------------------------------------------------------------------------------------
GET /bridge/195/072balp1/websocket 2ms (unfinished)
------------------------------------------------------------------------------------------------------
GET /bridge/994/dfqituzk/websocket 1ms (unfinished)
------------------------------------------------------------------------------------------------------
POST /bridge/195/nj3bzfh7/xhr_streaming 1ms (unfinished)
------------------------------------------------------------------------------------------------------
------------------------------------------------------------------------------------------------------
POST /bridge/195/nj3bzfh7/xhr_send 3ms 204
POST /bridge/994/co64ylt4/xhr_streaming 0ms (unfinished)
------------------------------------------------------------------------------------------------------
POST /bridge/994/co64ylt4/xhr_send 1ms 204
------------------------------------------------------------------------------------------------------
GET /bridge/info 0ms 200
------------------------------------------------------------------------------------------------------
GET /bridge/info 1ms 200
------------------------------------------------------------------------------------------------------
GET /bridge/722/sz3ej5b6/websocket 0ms (unfinished)
------------------------------------------------------------------------------------------------------
GET /bridge/474/v058cysn/websocket 0ms (unfinished)
------------------------------------------------------------------------------------------------------
POST /bridge/722/_m0x5nll/xhr_streaming 0ms (unfinished)
------------------------------------------------------------------------------------------------------
POST /bridge/722/_m0x5nll/xhr_send 0ms 204
------------------------------------------------------------------------------------------------------
POST /bridge/474/_0rwraqp/xhr_streaming 0ms (unfinished)
------------------------------------------------------------------------------------------------------
POST /bridge/474/_0rwraqp/xhr_send 1ms 204
------------------------------------------------------------------------------------------------------
GET /bridge/info 1ms 200
------------------------------------------------------------------------------------------------------
GET /bridge/info 1ms 200
------------------------------------------------------------------------------------------------------
GET /bridge/739/c11f9kn5/websocket 2ms (unfinished)
------------------------------------------------------------------------------------------------------
GET /bridge/380/5jazfe7x/websocket 0ms (unfinished)
------------------------------------------------------------------------------------------------------
POST /bridge/739/xpw6bvq9/xhr_streaming 1ms (unfinished)
------------------------------------------------------------------------------------------------------
POST /bridge/739/xpw6bvq9/xhr_send 5ms 204
------------------------------------------------------------------------------------------------------
POST /bridge/380/_sxdg89l/xhr_streaming 0ms (unfinished)
------------------------------------------------------------------------------------------------------
POST /bridge/380/_sxdg89l/xhr_send 1ms 204
------------------------------------------------------------------------------------------------------
POST /bridge/462/ayj7_tud/xhr_send 1ms 204
------------------------------------------------------------------------------------------------------
GET /bridge/info 1ms 200
------------------------------------------------------------------------------------------------------
GET /bridge/info 0ms 200
------------------------------------------------------------------------------------------------------
GET /bridge/541/us8i3isw/websocket 0ms (unfinished)
------------------------------------------------------------------------------------------------------
GET /bridge/881/_j5ob47i/websocket 1ms (unfinished)
------------------------------------------------------------------------------------------------------
POST /bridge/541/il1n8og4/xhr_streaming 1ms (unfinished)
------------------------------------------------------------------------------------------------------
GET /bridge/info 1ms 200
------------------------------------------------------------------------------------------------------
GET /bridge/info 0ms 200
------------------------------------------------------------------------------------------------------
GET /bridge/455/adz1kagr/websocket 1ms (unfinished)
------------------------------------------------------------------------------------------------------
GET /bridge/286/ytgo29it/websocket 0ms (unfinished)
------------------------------------------------------------------------------------------------------
------------------------------------------------------------------------------------------------------
POST /bridge/455/z6b5nbw2/xhr_streaming 0ms (unfinished)
POST /bridge/455/z6b5nbw2/xhr_send 0ms 204
------------------------------------------------------------------------------------------------------
POST /bridge/286/ycznd6u8/xhr_streaming 1ms (unfinished)
------------------------------------------------------------------------------------------------------
POST /bridge/286/ycznd6u8/xhr_send 1ms 204
------------------------------------------------------------------------------------------------------
GET /bridge/info 1ms 200
------------------------------------------------------------------------------------------------------
GET /bridge/info 1ms 200
------------------------------------------------------------------------------------------------------
GET /bridge/059/_kb2873p/websocket 2ms (unfinished)
------------------------------------------------------------------------------------------------------
------------------------------------------------------------------------------------------------------
GET /bridge/283/16ppkhsk/websocket 0ms (unfinished)
POST /bridge/059/a2wrcwkc/xhr_streaming 1ms (unfinished)
------------------------------------------------------------------------------------------------------
POST /bridge/059/a2wrcwkc/xhr_send 3ms 204
------------------------------------------------------------------------------------------------------
POST /bridge/283/171mw0d9/xhr_streaming 1ms (unfinished)
------------------------------------------------------------------------------------------------------
POST /bridge/283/171mw0d9/xhr_send 1ms 204
------------------------------------------------------------------------------------------------------
GET /bridge/info 0ms 200
------------------------------------------------------------------------------------------------------
GET /bridge/info 0ms 200
------------------------------------------------------------------------------------------------------
GET /bridge/610/c5hiwnw1/websocket 0ms (unfinished)
------------------------------------------------------------------------------------------------------
GET /bridge/882/20a2xcwn/websocket 0ms (unfinished)
------------------------------------------------------------------------------------------------------
GET /bridge/info 1ms 200
------------------------------------------------------------------------------------------------------
------------------------------------------------------------------------------------------------------
GET /bridge/info 1ms 200
GET /bridge/714/0dmoqtem/websocket 0ms (unfinished)
------------------------------------------------------------------------------------------------------
GET /bridge/717/ny8jy3cy/websocket 0ms (unfinished)
------------------------------------------------------------------------------------------------------
GET /bridge/info 1ms 200
------------------------------------------------------------------------------------------------------
GET /bridge/info 0ms 200
------------------------------------------------------------------------------------------------------
GET /bridge/419/847erzga/websocket 0ms (unfinished)
------------------------------------------------------------------------------------------------------
GET /bridge/758/bq9l9qg7/websocket 0ms (unfinished)
------------------------------------------------------------------------------------------------------
GET /bridge/info 1ms 200
------------------------------------------------------------------------------------------------------
GET /bridge/info 0ms 200
------------------------------------------------------------------------------------------------------
GET /bridge/860/igaof303/websocket 1ms (unfinished)
------------------------------------------------------------------------------------------------------
GET /bridge/750/h82wnhxo/websocket 0ms (unfinished)
------------------------------------------------------------------------------------------------------
POST /bridge/860/n89mweni/xhr_streaming 0ms (unfinished)
------------------------------------------------------------------------------------------------------
POST /bridge/860/n89mweni/xhr_send 4ms 204
------------------------------------------------------------------------------------------------------
POST /bridge/750/1_g_erkr/xhr_streaming 1ms (unfinished)
------------------------------------------------------------------------------------------------------
------------------------------------------------------------------------------------------------------
GET /bridge/info 1ms 200
------------------------------------------------------------------------------------------------------
GET /bridge/322/gtsq8tam/websocket 0ms (unfinished)
GET /bridge/info 1ms 200
------------------------------------------------------------------------------------------------------
GET /bridge/862/6r6hzo_0/websocket 1ms (unfinished)
------------------------------------------------------------------------------------------------------
GET /bridge/info 0ms 200
------------------------------------------------------------------------------------------------------
------------------------------------------------------------------------------------------------------
GET /bridge/info 0ms 200
GET /bridge/759/qsqvgx4e/websocket 0ms (unfinished)
------------------------------------------------------------------------------------------------------
GET /bridge/551/uog8e494/websocket 0ms (unfinished)
------------------------------------------------------------------------------------------------------
GET /bridge/info 0ms 200
------------------------------------------------------------------------------------------------------
GET /bridge/info 0ms 200
------------------------------------------------------------------------------------------------------
GET /bridge/564/jm0qfdlt/websocket 0ms (unfinished)
------------------------------------------------------------------------------------------------------
GET /bridge/344/ro75azlk/websocket 0ms (unfinished)
------------------------------------------------------------------------------------------------------
------------------------------------------------------------------------------------------------------
GET /bridge/info 0ms 200
------------------------------------------------------------------------------------------------------
GET /bridge/info 0ms 200
GET /bridge/031/xqjp312i/websocket 0ms (unfinished)
------------------------------------------------------------------------------------------------------
GET /bridge/523/cindfh30/websocket 0ms (unfinished)
------------------------------------------------------------------------------------------------------
------------------------------------------------------------------------------------------------------
GET /bridge/info 0ms 200
------------------------------------------------------------------------------------------------------
GET /bridge/info 0ms 200
GET /bridge/955/_b3119hr/websocket 1ms (unfinished)
------------------------------------------------------------------------------------------------------
GET /bridge/062/ntxvatp9/websocket 0ms (unfinished)
------------------------------------------------------------------------------------------------------
------------------------------------------------------------------------------------------------------
GET /bridge/info 0ms 200
GET /bridge/info 0ms 200
------------------------------------------------------------------------------------------------------
GET /bridge/616/qyriobcf/websocket 1ms (unfinished)
------------------------------------------------------------------------------------------------------
GET /bridge/357/gxs57aab/websocket 0ms (unfinished)
------------------------------------------------------------------------------------------------------
GET /bridge/info 1ms 200
------------------------------------------------------------------------------------------------------
GET /bridge/info 1ms 200
------------------------------------------------------------------------------------------------------
GET /bridge/776/vv0bd475/websocket 0ms (unfinished)
------------------------------------------------------------------------------------------------------
GET /bridge/021/1y6jyg8r/websocket 0ms (unfinished)
------------------------------------------------------------------------------------------------------
GET /bridge/info 0ms 200
------------------------------------------------------------------------------------------------------
------------------------------------------------------------------------------------------------------
GET /bridge/info 0ms 200
GET /bridge/816/ek4kdtl1/websocket 1ms (unfinished)
------------------------------------------------------------------------------------------------------
GET /bridge/744/qwejp5g2/websocket 1ms (unfinished)
------------------------------------------------------------------------------------------------------
------------------------------------------------------------------------------------------------------
GET /bridge/info 0ms 200
------------------------------------------------------------------------------------------------------
GET /bridge/info 0ms 200
------------------------------------------------------------------------------------------------------
GET /bridge/101/tmg7wqne/websocket 0ms (unfinished)
GET /bridge/154/80xuvgw9/websocket 0ms (unfinished)
------------------------------------------------------------------------------------------------------
------------------------------------------------------------------------------------------------------
GET /bridge/info 1ms 200
GET /bridge/info 1ms 200
------------------------------------------------------------------------------------------------------
GET /bridge/331/6kwdx4u6/websocket 2ms (unfinished)
------------------------------------------------------------------------------------------------------
GET /bridge/812/rqpabqw3/websocket 0ms (unfinished)
------------------------------------------------------------------------------------------------------
GET /bridge/info 1ms 200
------------------------------------------------------------------------------------------------------
GET /bridge/info 0ms 200
------------------------------------------------------------------------------------------------------
------------------------------------------------------------------------------------------------------
GET /bridge/223/f9elup2k/websocket 0ms (unfinished)
GET /bridge/788/p481uswe/websocket 0ms (unfinished)
------------------------------------------------------------------------------------------------------
POST /bridge/223/hw5z3gf4/xhr_streaming 1ms (unfinished)
------------------------------------------------------------------------------------------------------
------------------------------------------------------------------------------------------------------
POST /bridge/223/hw5z3gf4/xhr_send 3ms 204
POST /bridge/788/3s126urj/xhr_streaming 0ms (unfinished)
------------------------------------------------------------------------------------------------------
GET /bridge/info 1ms 200
------------------------------------------------------------------------------------------------------
GET /bridge/info 0ms 200
------------------------------------------------------------------------------------------------------
GET /bridge/715/does_itp/websocket 2ms (unfinished)
------------------------------------------------------------------------------------------------------
GET /bridge/201/el90_vcq/websocket 0ms (unfinished)
------------------------------------------------------------------------------------------------------
GET /bridge/info 1ms 200
------------------------------------------------------------------------------------------------------
GET /bridge/info 0ms 200
------------------------------------------------------------------------------------------------------
GET /bridge/285/k753vfx_/websocket 0ms (unfinished)
------------------------------------------------------------------------------------------------------
------------------------------------------------------------------------------------------------------
GET /bridge/595/s4fvif7d/websocket 0ms (unfinished)
GET /bridge/info 1ms 200
------------------------------------------------------------------------------------------------------
GET /bridge/info 0ms 200
------------------------------------------------------------------------------------------------------
GET /bridge/189/mfgghuny/websocket 3ms (unfinished)
------------------------------------------------------------------------------------------------------
GET /bridge/656/jyfcbge9/websocket 1ms (unfinished)
------------------------------------------------------------------------------------------------------
GET /bridge/info 1ms 200
------------------------------------------------------------------------------------------------------
GET /bridge/627/agd0jbh1/websocket 0ms (unfinished)
------------------------------------------------------------------------------------------------------
------------------------------------------------------------------------------------------------------
GET /bridge/info 0ms 200
GET /bridge/338/iiczvbmx/websocket 1ms (unfinished)
------------------------------------------------------------------------------------------------------
GET /bridge/info 1ms 200
------------------------------------------------------------------------------------------------------
GET /bridge/info 0ms 200
------------------------------------------------------------------------------------------------------
GET /bridge/348/c5a52r_w/websocket 2ms (unfinished)
------------------------------------------------------------------------------------------------------
GET /bridge/958/9aruc70b/websocket 0ms (unfinished)
------------------------------------------------------------------------------------------------------
GET /bridge/info 1ms 200
------------------------------------------------------------------------------------------------------
------------------------------------------------------------------------------------------------------
GET /bridge/info 0ms 200
------------------------------------------------------------------------------------------------------
GET /bridge/306/xu60ltrp/websocket 2ms (unfinished)
GET /bridge/469/w4cpe6do/websocket 0ms (unfinished)
------------------------------------------------------------------------------------------------------
GET /bridge/info 1ms 200
------------------------------------------------------------------------------------------------------
GET /bridge/info 2ms 200
------------------------------------------------------------------------------------------------------
------------------------------------------------------------------------------------------------------
GET /bridge/119/sx1fmg9x/websocket 1ms (unfinished)
GET /bridge/069/d_p4aqbz/websocket 1ms (unfinished)
------------------------------------------------------------------------------------------------------
GET /bridge/info 1ms 200
------------------------------------------------------------------------------------------------------
GET /bridge/info 0ms 200
------------------------------------------------------------------------------------------------------
------------------------------------------------------------------------------------------------------
GET /bridge/821/18pnnaqn/websocket 0ms (unfinished)
------------------------------------------------------------------------------------------------------
GET /bridge/023/xvv7udio/websocket 1ms (unfinished)
GET /bridge/info 1ms 200
------------------------------------------------------------------------------------------------------
GET /bridge/info 0ms 200
------------------------------------------------------------------------------------------------------
------------------------------------------------------------------------------------------------------
GET /bridge/579/grrdqaby/websocket 1ms (unfinished)
GET /bridge/057/cdpu2izh/websocket 0ms (unfinished)
------------------------------------------------------------------------------------------------------
POST /bridge/750/1_g_erkr/xhr_send 5ms 204
------------------------------------------------------------------------------------------------------
GET /bridge/info 1ms 200
------------------------------------------------------------------------------------------------------
GET /bridge/info 0ms 200
------------------------------------------------------------------------------------------------------
GET /bridge/080/f4ml883b/websocket 0ms (unfinished)
------------------------------------------------------------------------------------------------------
GET /bridge/122/uhsawj2f/websocket 0ms (unfinished)
------------------------------------------------------------------------------------------------------
POST /bridge/080/xji2j2s2/xhr_streaming 1ms (unfinished)
------------------------------------------------------------------------------------------------------
POST /bridge/080/xji2j2s2/xhr_send 2ms 204
------------------------------------------------------------------------------------------------------
POST /bridge/122/ekw6bskw/xhr_streaming 1ms (unfinished)
------------------------------------------------------------------------------------------------------
POST /bridge/122/ekw6bskw/xhr_send 1ms 204
------------------------------------------------------------------------------------------------------
------------------------------------------------------------------------------------------------------
GET /bridge/info 0ms 200
GET /bridge/info 0ms 200
------------------------------------------------------------------------------------------------------
GET /bridge/287/pm1y0f55/websocket 0ms (unfinished)
------------------------------------------------------------------------------------------------------
GET /bridge/954/d0ll2fci/websocket 0ms (unfinished)
------------------------------------------------------------------------------------------------------
POST /bridge/287/aroid4nb/xhr_streaming 0ms (unfinished)
------------------------------------------------------------------------------------------------------
POST /bridge/954/vb6rmyhs/xhr_streaming 0ms (unfinished)
------------------------------------------------------------------------------------------------------
POST /bridge/287/aroid4nb/xhr_send 1ms 204
------------------------------------------------------------------------------------------------------
------------------------------------------------------------------------------------------------------
POST /bridge/954/vb6rmyhs/xhr_send 0ms 204
GET /bridge/info 1ms 200
------------------------------------------------------------------------------------------------------
GET /bridge/info 0ms 200
------------------------------------------------------------------------------------------------------
GET /bridge/576/140t7lis/websocket 0ms (unfinished)
------------------------------------------------------------------------------------------------------
GET /bridge/846/_txsupkn/websocket 0ms (unfinished)
------------------------------------------------------------------------------------------------------
GET /bridge/info 0ms 200
------------------------------------------------------------------------------------------------------
------------------------------------------------------------------------------------------------------
GET /bridge/info 1ms 200
GET /bridge/176/51w432ha/websocket 0ms (unfinished)
------------------------------------------------------------------------------------------------------
GET /bridge/981/q1dpczib/websocket 0ms (unfinished)
------------------------------------------------------------------------------------------------------
GET /bridge/info 0ms 200
------------------------------------------------------------------------------------------------------
GET /bridge/info 0ms 200
------------------------------------------------------------------------------------------------------
GET /bridge/812/0o5ppsd2/websocket 1ms (unfinished)
------------------------------------------------------------------------------------------------------
GET /bridge/606/ujmr0z0l/websocket 0ms (unfinished)
------------------------------------------------------------------------------------------------------
------------------------------------------------------------------------------------------------------
GET /bridge/info 0ms 200
GET /bridge/info 0ms 200
------------------------------------------------------------------------------------------------------
GET /bridge/974/rw759wmq/websocket 1ms (unfinished)
------------------------------------------------------------------------------------------------------
GET /bridge/525/3igspfus/websocket 1ms (unfinished)
------------------------------------------------------------------------------------------------------
------------------------------------------------------------------------------------------------------
GET /bridge/info 0ms 200
GET /bridge/info 0ms 200
------------------------------------------------------------------------------------------------------
------------------------------------------------------------------------------------------------------
GET /bridge/705/qo6b0hl3/websocket 1ms (unfinished)
GET /bridge/910/if8db46f/websocket 1ms (unfinished)
------------------------------------------------------------------------------------------------------
GET /bridge/info 1ms 200
------------------------------------------------------------------------------------------------------
------------------------------------------------------------------------------------------------------
GET /bridge/info 1ms 200
------------------------------------------------------------------------------------------------------
GET /bridge/468/h1fl0o5n/websocket 2ms (unfinished)
GET /bridge/138/vkklte7b/websocket 0ms (unfinished)
------------------------------------------------------------------------------------------------------
GET /bridge/info 1ms 200
------------------------------------------------------------------------------------------------------
GET /bridge/info 0ms 200
------------------------------------------------------------------------------------------------------
GET /bridge/708/sbs337vm/websocket 0ms (unfinished)
------------------------------------------------------------------------------------------------------
GET /bridge/598/ruhcz7w2/websocket 0ms (unfinished)
------------------------------------------------------------------------------------------------------
GET /bridge/info 1ms 200
------------------------------------------------------------------------------------------------------
GET /bridge/info 0ms 200
------------------------------------------------------------------------------------------------------
GET /bridge/180/a1rm6304/websocket 2ms (unfinished)
------------------------------------------------------------------------------------------------------
GET /bridge/488/kqkt86tv/websocket 0ms (unfinished)
------------------------------------------------------------------------------------------------------
------------------------------------------------------------------------------------------------------
GET /bridge/info 1ms 200
GET /bridge/info 1ms 200
------------------------------------------------------------------------------------------------------
GET /bridge/159/fpxvxnps/websocket 0ms (unfinished)
------------------------------------------------------------------------------------------------------
GET /bridge/737/72pfcm4t/websocket 0ms (unfinished)
------------------------------------------------------------------------------------------------------
GET /bridge/info 1ms 200
------------------------------------------------------------------------------------------------------
GET /bridge/info 0ms 200
------------------------------------------------------------------------------------------------------
GET /bridge/155/eevw0yu2/websocket 0ms (unfinished)
------------------------------------------------------------------------------------------------------
GET /bridge/612/q8gyywil/websocket 1ms (unfinished)
------------------------------------------------------------------------------------------------------
GET /bridge/info 0ms 200
------------------------------------------------------------------------------------------------------
------------------------------------------------------------------------------------------------------
GET /bridge/info 1ms 200
GET /bridge/462/kg4_yk92/websocket 0ms (unfinished)
------------------------------------------------------------------------------------------------------
GET /bridge/859/1yc_4h62/websocket 1ms (unfinished)
------------------------------------------------------------------------------------------------------
------------------------------------------------------------------------------------------------------
POST /bridge/462/1y5jtbvn/xhr_streaming 1ms (unfinished)
POST /bridge/462/1y5jtbvn/xhr_send 3ms 204
------------------------------------------------------------------------------------------------------
POST /bridge/859/jzcant6l/xhr_streaming 0ms (unfinished)
------------------------------------------------------------------------------------------------------
POST /bridge/859/jzcant6l/xhr_send 1ms 204
------------------------------------------------------------------------------------------------------
------------------------------------------------------------------------------------------------------
GET /bridge/info 0ms 200
GET /bridge/info 1ms 200
------------------------------------------------------------------------------------------------------
GET /bridge/021/obw8gpvs/websocket 0ms (unfinished)
------------------------------------------------------------------------------------------------------
GET /bridge/538/s_dqhc10/websocket 0ms (unfinished)
------------------------------------------------------------------------------------------------------
POST /bridge/021/cjqef8s7/xhr_streaming 0ms (unfinished)
------------------------------------------------------------------------------------------------------
------------------------------------------------------------------------------------------------------
POST /bridge/021/cjqef8s7/xhr_send 1ms 204
------------------------------------------------------------------------------------------------------
POST /bridge/538/o1goo95f/xhr_streaming 1ms (unfinished)
POST /bridge/538/o1goo95f/xhr_send 1ms 204
------------------------------------------------------------------------------------------------------
GET /bridge/info 0ms 200
------------------------------------------------------------------------------------------------------
GET /bridge/info 0ms 200
------------------------------------------------------------------------------------------------------
GET /bridge/411/xla87b9t/websocket 0ms (unfinished)
------------------------------------------------------------------------------------------------------
GET /bridge/049/adcyoagi/websocket 0ms (unfinished)
------------------------------------------------------------------------------------------------------
GET /bridge/info 1ms 200
------------------------------------------------------------------------------------------------------
GET /bridge/info 1ms 200
------------------------------------------------------------------------------------------------------
GET /bridge/505/xnk0f4ru/websocket 2ms (unfinished)
------------------------------------------------------------------------------------------------------
GET /bridge/023/pi2q63j4/websocket 0ms (unfinished)
------------------------------------------------------------------------------------------------------
GET /bridge/info 1ms 200
------------------------------------------------------------------------------------------------------
------------------------------------------------------------------------------------------------------
GET /bridge/info 1ms 200
GET /bridge/798/5exz1sm0/websocket 0ms (unfinished)
------------------------------------------------------------------------------------------------------
------------------------------------------------------------------------------------------------------
GET /bridge/125/qcftm94u/websocket 1ms (unfinished)
POST /bridge/798/duxis069/xhr_streaming 1ms (unfinished)
------------------------------------------------------------------------------------------------------
POST /bridge/798/duxis069/xhr_send 3ms 204
------------------------------------------------------------------------------------------------------
POST /bridge/125/dy5aw2c0/xhr_streaming 1ms (unfinished)
------------------------------------------------------------------------------------------------------
------------------------------------------------------------------------------------------------------
POST /bridge/125/dy5aw2c0/xhr_send 1ms 204
GET /bridge/info 0ms 200
------------------------------------------------------------------------------------------------------
------------------------------------------------------------------------------------------------------
GET /bridge/info 1ms 200
GET /bridge/419/h24nof_g/websocket 0ms (unfinished)
------------------------------------------------------------------------------------------------------
GET /bridge/333/x8p4a3b0/websocket 0ms (unfinished)
------------------------------------------------------------------------------------------------------
GET /bridge/info 1ms 200
------------------------------------------------------------------------------------------------------
GET /bridge/info 0ms 200
------------------------------------------------------------------------------------------------------
GET /bridge/125/hyko71jh/websocket 1ms (unfinished)
------------------------------------------------------------------------------------------------------
GET /bridge/info 1ms 200
------------------------------------------------------------------------------------------------------
GET /bridge/info 0ms 200
------------------------------------------------------------------------------------------------------
GET /bridge/786/f5my_2ni/websocket 2ms (unfinished)
------------------------------------------------------------------------------------------------------
------------------------------------------------------------------------------------------------------
GET /bridge/700/e5rehqmx/websocket 0ms (unfinished)
GET /bridge/info 1ms 200
------------------------------------------------------------------------------------------------------
GET /bridge/info 1ms 200
------------------------------------------------------------------------------------------------------
------------------------------------------------------------------------------------------------------
GET /bridge/140/x13spys1/websocket 1ms (unfinished)
GET /bridge/252/aik0958r/websocket 0ms (unfinished)
------------------------------------------------------------------------------------------------------
POST /bridge/140/om3l4opt/xhr_streaming 1ms (unfinished)
------------------------------------------------------------------------------------------------------
------------------------------------------------------------------------------------------------------
POST /bridge/140/om3l4opt/xhr_send 3ms 204
POST /bridge/252/p4n5n7or/xhr_streaming 0ms (unfinished)
------------------------------------------------------------------------------------------------------
POST /bridge/252/p4n5n7or/xhr_send 1ms 204
------------------------------------------------------------------------------------------------------
GET /bridge/info 1ms 200
------------------------------------------------------------------------------------------------------
GET /bridge/info 0ms 200
------------------------------------------------------------------------------------------------------
------------------------------------------------------------------------------------------------------
GET /bridge/010/y9n50gbw/websocket 0ms (unfinished)
GET /bridge/371/ylm7mdqu/websocket 0ms (unfinished)
------------------------------------------------------------------------------------------------------
------------------------------------------------------------------------------------------------------
POST /bridge/010/l5io75g6/xhr_streaming 0ms (unfinished)
------------------------------------------------------------------------------------------------------
POST /bridge/010/l5io75g6/xhr_send 1ms 204
POST /bridge/371/qq__k1qb/xhr_streaming 1ms (unfinished)
------------------------------------------------------------------------------------------------------
POST /bridge/371/qq__k1qb/xhr_send 0ms 204
------------------------------------------------------------------------------------------------------
------------------------------------------------------------------------------------------------------
GET /bridge/info 1ms 200
GET /bridge/info 0ms 200
------------------------------------------------------------------------------------------------------
GET /bridge/496/xqjsd59a/websocket 0ms (unfinished)
------------------------------------------------------------------------------------------------------
GET /bridge/457/4tj0dqqo/websocket 1ms (unfinished)
------------------------------------------------------------------------------------------------------
POST /bridge/496/j4cml7y5/xhr_streaming 0ms (unfinished)
------------------------------------------------------------------------------------------------------
------------------------------------------------------------------------------------------------------
POST /bridge/457/klx0oaq_/xhr_streaming 0ms (unfinished)
GET /bridge/info 0ms 200
------------------------------------------------------------------------------------------------------
GET /bridge/info 0ms 200
------------------------------------------------------------------------------------------------------
GET /bridge/260/52qgu_sd/websocket 1ms (unfinished)
------------------------------------------------------------------------------------------------------
------------------------------------------------------------------------------------------------------
GET /bridge/884/kqy1q5w1/websocket 0ms (unfinished)
GET /bridge/info 0ms 200
------------------------------------------------------------------------------------------------------
GET /bridge/info 1ms 200
------------------------------------------------------------------------------------------------------
GET /bridge/947/u9b_3ybv/websocket 1ms (unfinished)
------------------------------------------------------------------------------------------------------
------------------------------------------------------------------------------------------------------
GET /bridge/504/jo92_1rq/websocket 1ms (unfinished)
------------------------------------------------------------------------------------------------------
GET /bridge/info 0ms 200
GET /bridge/info 1ms 200
------------------------------------------------------------------------------------------------------
GET /bridge/723/zdyfjxad/websocket 0ms (unfinished)
------------------------------------------------------------------------------------------------------
------------------------------------------------------------------------------------------------------
GET /bridge/993/rp9t3kov/websocket 0ms (unfinished)
GET /bridge/info 0ms 200
------------------------------------------------------------------------------------------------------
GET /bridge/info 0ms 200
------------------------------------------------------------------------------------------------------
GET /bridge/463/eyhucq3w/websocket 0ms (unfinished)
------------------------------------------------------------------------------------------------------
GET /bridge/161/ywzdzja_/websocket 0ms (unfinished)
------------------------------------------------------------------------------------------------------
------------------------------------------------------------------------------------------------------
GET /bridge/info 0ms 200
------------------------------------------------------------------------------------------------------
GET /bridge/info 0ms 200
GET /bridge/638/k9u3rb1k/websocket 0ms (unfinished)
------------------------------------------------------------------------------------------------------
GET /bridge/046/w4k4wczw/websocket 0ms (unfinished)
------------------------------------------------------------------------------------------------------
GET /bridge/info 1ms 200
------------------------------------------------------------------------------------------------------
GET /bridge/info 1ms 200
------------------------------------------------------------------------------------------------------
------------------------------------------------------------------------------------------------------
GET /bridge/148/bwtre40d/websocket 2ms (unfinished)
GET /bridge/815/83g38pyc/websocket 1ms (unfinished)
------------------------------------------------------------------------------------------------------
GET /bridge/info 0ms 200
------------------------------------------------------------------------------------------------------
GET /bridge/info 0ms 200
------------------------------------------------------------------------------------------------------
GET /bridge/170/_39apb5q/websocket 0ms (unfinished)
------------------------------------------------------------------------------------------------------
GET /bridge/390/u_qma579/websocket 0ms (unfinished)
------------------------------------------------------------------------------------------------------
GET /bridge/info 0ms 200
------------------------------------------------------------------------------------------------------
GET /bridge/info 0ms 200
------------------------------------------------------------------------------------------------------
------------------------------------------------------------------------------------------------------
GET /bridge/760/y2sd9dwr/websocket 0ms (unfinished)
GET /bridge/759/gp_2ipk5/websocket 1ms (unfinished)
------------------------------------------------------------------------------------------------------
GET /bridge/info 0ms 200
------------------------------------------------------------------------------------------------------
------------------------------------------------------------------------------------------------------
GET /bridge/info 0ms 200
GET /bridge/206/8ey9fb84/websocket 0ms (unfinished)
------------------------------------------------------------------------------------------------------
GET /bridge/723/l22qznrs/websocket 0ms (unfinished)
------------------------------------------------------------------------------------------------------
MacId : 05fd84cd2f8d33e39a57d8060d5a9d882bc2a2178f1bfc278bef4ad1b8a577c526
------------------------------------------------------------------------------------------------------
POST /bridge/496/j4cml7y5/xhr_send 5ms 404
------------------------------------------------------------------------------------------------------
POST /bridge/457/klx0oaq_/xhr_send 2ms 404
------------------------------------------------------------------------------------------------------
GET /bridge/info 1ms 200
------------------------------------------------------------------------------------------------------
GET /bridge/info 0ms 200
------------------------------------------------------------------------------------------------------
GET /bridge/026/zx44ji4g/websocket 4ms (unfinished)
------------------------------------------------------------------------------------------------------
GET /bridge/387/pgoznfoh/websocket 1ms (unfinished)
------------------------------------------------------------------------------------------------------
POST /bridge/026/4corw_qe/xhr_streaming 2ms (unfinished)
------------------------------------------------------------------------------------------------------
POST /bridge/026/4corw_qe/xhr_send 4ms 204
------------------------------------------------------------------------------------------------------
------------------------------------------------------------------------------------------------------
POST /bridge/387/bh44livi/xhr_streaming 0ms (unfinished)
POST /bridge/387/bh44livi/xhr_send 1ms 204
------------------------------------------------------------------------------------------------------
------------------------------------------------------------------------------------------------------
GET /bridge/info 1ms 200
GET /bridge/info 1ms 200
------------------------------------------------------------------------------------------------------
GET /bridge/146/3u691j4_/websocket 0ms (unfinished)
------------------------------------------------------------------------------------------------------
GET /bridge/995/dvbd06gt/websocket 0ms (unfinished)
------------------------------------------------------------------------------------------------------
------------------------------------------------------------------------------------------------------
POST /bridge/146/3qitb5dc/xhr_streaming 1ms (unfinished)
POST /bridge/146/3qitb5dc/xhr_send 1ms 204
------------------------------------------------------------------------------------------------------
POST /bridge/995/l_pon2vp/xhr_streaming 1ms (unfinished)
------------------------------------------------------------------------------------------------------
POST /bridge/995/l_pon2vp/xhr_send 1ms 204
------------------------------------------------------------------------------------------------------
GET /bridge/info 0ms 200
------------------------------------------------------------------------------------------------------
GET /bridge/341/061rhgaf/websocket 0ms (unfinished)
------------------------------------------------------------------------------------------------------
------------------------------------------------------------------------------------------------------
GET /bridge/info 0ms 200
GET /bridge/886/uhzw06ld/websocket 0ms (unfinished)
------------------------------------------------------------------------------------------------------
POST /bridge/341/x9u4yd1j/xhr_streaming 1ms (unfinished)
------------------------------------------------------------------------------------------------------
POST /bridge/341/x9u4yd1j/xhr_send 1ms 204
------------------------------------------------------------------------------------------------------
POST /bridge/886/x0io5ql4/xhr_streaming 0ms (unfinished)
------------------------------------------------------------------------------------------------------
POST /bridge/886/x0io5ql4/xhr_send 2ms 204
------------------------------------------------------------------------------------------------------
GET /bridge/info 0ms 200
------------------------------------------------------------------------------------------------------
GET /bridge/info 0ms 200
------------------------------------------------------------------------------------------------------
GET /bridge/367/agxjg893/websocket 0ms (unfinished)
------------------------------------------------------------------------------------------------------
GET /bridge/372/q4146wfy/websocket 0ms (unfinished)
------------------------------------------------------------------------------------------------------
POST /bridge/367/4hzteca1/xhr_streaming 0ms (unfinished)
------------------------------------------------------------------------------------------------------
POST /bridge/367/4hzteca1/xhr_send 2ms 204
------------------------------------------------------------------------------------------------------
POST /bridge/372/n97dcwej/xhr_streaming 2ms (unfinished)
------------------------------------------------------------------------------------------------------
GET /bridge/info 1ms 200
------------------------------------------------------------------------------------------------------
GET /bridge/info 0ms 200
------------------------------------------------------------------------------------------------------
GET /bridge/426/6duqz35w/websocket 1ms (unfinished)
------------------------------------------------------------------------------------------------------
GET /bridge/840/m9ueo_g0/websocket 1ms (unfinished)
------------------------------------------------------------------------------------------------------
POST /bridge/426/n49oc8uu/xhr_streaming 1ms (unfinished)
------------------------------------------------------------------------------------------------------
POST /bridge/426/n49oc8uu/xhr_send 1ms 204
------------------------------------------------------------------------------------------------------
------------------------------------------------------------------------------------------------------
POST /bridge/840/8z7bbvxw/xhr_streaming 0ms (unfinished)
POST /bridge/840/8z7bbvxw/xhr_send 0ms 204
------------------------------------------------------------------------------------------------------
------------------------------------------------------------------------------------------------------
GET /bridge/info 0ms 200
GET /bridge/info 0ms 200
------------------------------------------------------------------------------------------------------
GET /bridge/743/t_350j_0/websocket 1ms (unfinished)
------------------------------------------------------------------------------------------------------
GET /bridge/133/p9pyst8d/websocket 1ms (unfinished)
------------------------------------------------------------------------------------------------------
POST /bridge/743/3zk93v7z/xhr_streaming 0ms (unfinished)
------------------------------------------------------------------------------------------------------
POST /bridge/743/3zk93v7z/xhr_send 1ms 204
------------------------------------------------------------------------------------------------------
------------------------------------------------------------------------------------------------------
POST /bridge/133/nlm518cm/xhr_streaming 0ms (unfinished)
GET /bridge/info 0ms 200
------------------------------------------------------------------------------------------------------
GET /bridge/957/zehh42t8/websocket 0ms (unfinished)
------------------------------------------------------------------------------------------------------
GET /bridge/info 1ms 200
------------------------------------------------------------------------------------------------------
GET /bridge/131/1trcxecg/websocket 1ms (unfinished)
------------------------------------------------------------------------------------------------------
GET /bridge/info 0ms 200
------------------------------------------------------------------------------------------------------
GET /bridge/info 0ms 200
------------------------------------------------------------------------------------------------------
------------------------------------------------------------------------------------------------------
GET /bridge/394/dn7_knts/websocket 1ms (unfinished)
------------------------------------------------------------------------------------------------------
GET /bridge/959/0219iqhw/websocket 0ms (unfinished)
GET /bridge/info 0ms 200
------------------------------------------------------------------------------------------------------
GET /bridge/info 0ms 200
------------------------------------------------------------------------------------------------------
------------------------------------------------------------------------------------------------------
GET /bridge/340/bmc8_s5i/websocket 0ms (unfinished)
GET /bridge/406/kc1d26q7/websocket 0ms (unfinished)
------------------------------------------------------------------------------------------------------
GET /bridge/info 0ms 200
------------------------------------------------------------------------------------------------------
------------------------------------------------------------------------------------------------------
GET /bridge/info 0ms 200
GET /bridge/664/__qi6i_2/websocket 0ms (unfinished)
------------------------------------------------------------------------------------------------------
GET /bridge/258/i9rj654d/websocket 0ms (unfinished)
------------------------------------------------------------------------------------------------------
------------------------------------------------------------------------------------------------------
GET /bridge/info 0ms 200
GET /bridge/info 0ms 200
------------------------------------------------------------------------------------------------------
------------------------------------------------------------------------------------------------------
GET /bridge/135/ug495pyz/websocket 0ms (unfinished)
GET /bridge/607/umfveevj/websocket 0ms (unfinished)
------------------------------------------------------------------------------------------------------
GET /bridge/info 1ms 200
------------------------------------------------------------------------------------------------------
GET /bridge/info 0ms 200
------------------------------------------------------------------------------------------------------
------------------------------------------------------------------------------------------------------
GET /bridge/559/jdnoc7gi/websocket 0ms (unfinished)
GET /bridge/032/8r3kuc3o/websocket 0ms (unfinished)
------------------------------------------------------------------------------------------------------
------------------------------------------------------------------------------------------------------
GET /bridge/info 0ms 200
GET /bridge/info 0ms 200
------------------------------------------------------------------------------------------------------
GET /bridge/182/192ytmcv/websocket 0ms (unfinished)
------------------------------------------------------------------------------------------------------
GET /bridge/225/yn1ikzin/websocket 0ms (unfinished)
------------------------------------------------------------------------------------------------------
GET /bridge/info 0ms 200
------------------------------------------------------------------------------------------------------
------------------------------------------------------------------------------------------------------
GET /bridge/info 1ms 200
GET /bridge/724/zukmu1cc/websocket 0ms (unfinished)
------------------------------------------------------------------------------------------------------
GET /bridge/210/kla5u15_/websocket 0ms (unfinished)
------------------------------------------------------------------------------------------------------
GET /bridge/info 1ms 200
------------------------------------------------------------------------------------------------------
GET /bridge/info 0ms 200
------------------------------------------------------------------------------------------------------
------------------------------------------------------------------------------------------------------
GET /bridge/301/5s8s4exb/websocket 0ms (unfinished)
GET /bridge/663/2j0sqddt/websocket 0ms (unfinished)
------------------------------------------------------------------------------------------------------
GET /bridge/info 0ms 200
------------------------------------------------------------------------------------------------------
------------------------------------------------------------------------------------------------------
GET /bridge/286/uin68erf/websocket 0ms (unfinished)
GET /bridge/info 0ms 200
------------------------------------------------------------------------------------------------------
GET /bridge/393/8cihup6v/websocket 0ms (unfinished)
------------------------------------------------------------------------------------------------------
GET /bridge/info 1ms 200
------------------------------------------------------------------------------------------------------
------------------------------------------------------------------------------------------------------
GET /bridge/info 0ms 200
GET /bridge/991/_vv7h6lz/websocket 0ms (unfinished)
------------------------------------------------------------------------------------------------------
GET /bridge/821/0a5hht1t/websocket 0ms (unfinished)
------------------------------------------------------------------------------------------------------
GET /bridge/info 0ms 200
------------------------------------------------------------------------------------------------------
GET /bridge/info 0ms 200
------------------------------------------------------------------------------------------------------
GET /bridge/208/qyuu8kbe/websocket 0ms (unfinished)
------------------------------------------------------------------------------------------------------
------------------------------------------------------------------------------------------------------
GET /bridge/309/7w8o5c5k/websocket 0ms (unfinished)
GET /bridge/info 0ms 200
------------------------------------------------------------------------------------------------------
GET /bridge/info 1ms 200
------------------------------------------------------------------------------------------------------
GET /bridge/562/oii8kyia/websocket 1ms (unfinished)
------------------------------------------------------------------------------------------------------
------------------------------------------------------------------------------------------------------
GET /bridge/302/xcyq4mfa/websocket 0ms (unfinished)
GET /bridge/info 0ms 200
------------------------------------------------------------------------------------------------------
GET /bridge/info 1ms 200
------------------------------------------------------------------------------------------------------
GET /bridge/454/qnqw18dt/websocket 1ms (unfinished)
------------------------------------------------------------------------------------------------------
GET /bridge/259/4xcvzne0/websocket 0ms (unfinished)
------------------------------------------------------------------------------------------------------
GET /bridge/info 0ms 200
------------------------------------------------------------------------------------------------------
GET /bridge/info 0ms 200
------------------------------------------------------------------------------------------------------
GET /bridge/181/jj8rwoue/websocket 0ms (unfinished)
------------------------------------------------------------------------------------------------------
------------------------------------------------------------------------------------------------------
GET /bridge/737/jrj6me3e/websocket 1ms (unfinished)
GET /bridge/info 1ms 200
------------------------------------------------------------------------------------------------------
GET /bridge/info 0ms 200
------------------------------------------------------------------------------------------------------
GET /bridge/394/hbj9p750/websocket 0ms (unfinished)
------------------------------------------------------------------------------------------------------
GET /bridge/223/v9myk6l7/websocket 1ms (unfinished)
------------------------------------------------------------------------------------------------------
------------------------------------------------------------------------------------------------------
GET /bridge/info 0ms 200
GET /bridge/info 1ms 200
------------------------------------------------------------------------------------------------------
GET /bridge/381/x9ehkpff/websocket 0ms (unfinished)
------------------------------------------------------------------------------------------------------
GET /bridge/114/97_wf_al/websocket 0ms (unfinished)
------------------------------------------------------------------------------------------------------
GET /bridge/info 0ms 200
------------------------------------------------------------------------------------------------------
------------------------------------------------------------------------------------------------------
GET /bridge/info 1ms 200
------------------------------------------------------------------------------------------------------
GET /bridge/736/qi9icbyl/websocket 0ms (unfinished)
GET /bridge/010/ujub32qf/websocket 0ms (unfinished)
------------------------------------------------------------------------------------------------------
------------------------------------------------------------------------------------------------------
GET /bridge/info 0ms 200
------------------------------------------------------------------------------------------------------
GET /bridge/info 1ms 200
GET /bridge/525/6q38nq81/websocket 0ms (unfinished)
------------------------------------------------------------------------------------------------------
GET /bridge/163/7kiobpuw/websocket 0ms (unfinished)
------------------------------------------------------------------------------------------------------
------------------------------------------------------------------------------------------------------
POST /bridge/372/n97dcwej/xhr_send 1ms 204
POST /bridge/163/yegkhjyy/xhr 1ms 200
------------------------------------------------------------------------------------------------------
POST /bridge/133/nlm518cm/xhr_send 1ms 204
------------------------------------------------------------------------------------------------------
