------------------------------------------------------------------------------------------------------
GET /bridge/info 0ms 200
------------------------------------------------------------------------------------------------------
GET /bridge/info 0ms 200
------------------------------------------------------------------------------------------------------
GET /bridge/109/5ylp_7jc/websocket 0ms (unfinished)
GET /bridge/555/rgxsukxm/websocket 0ms (unfinished)
------------------------------------------------------------------------------------------------------
POST /bridge/109/4zmv3ebt/xhr_streaming 0ms (unfinished)
------------------------------------------------------------------------------------------------------
POST /bridge/109/4zmv3ebt/xhr_send 1ms 204
------------------------------------------------------------------------------------------------------
------------------------------------------------------------------------------------------------------
POST /bridge/555/dqw25j_e/xhr_streaming 1ms (unfinished)
POST /bridge/555/dqw25j_e/xhr_send 1ms 204
------------------------------------------------------------------------------------------------------
------------------------------------------------------------------------------------------------------
GET /bridge/info 0ms 200
------------------------------------------------------------------------------------------------------
GET /bridge/info 0ms 200
GET /bridge/827/jlmjcyqu/websocket 0ms (unfinished)
------------------------------------------------------------------------------------------------------
GET /bridge/318/3i01kse8/websocket 0ms (unfinished)
------------------------------------------------------------------------------------------------------
------------------------------------------------------------------------------------------------------
POST /bridge/827/v8d50lxn/xhr_streaming 0ms (unfinished)
------------------------------------------------------------------------------------------------------
POST /bridge/827/v8d50lxn/xhr_send 1ms 204
------------------------------------------------------------------------------------------------------
POST /bridge/318/8e7hk9eq/xhr_streaming 0ms (unfinished)
POST /bridge/318/8e7hk9eq/xhr_send 1ms 204
------------------------------------------------------------------------------------------------------
------------------------------------------------------------------------------------------------------
GET /bridge/info 0ms 200
GET /bridge/050/sdxq64jm/websocket 0ms (unfinished)
------------------------------------------------------------------------------------------------------
------------------------------------------------------------------------------------------------------
GET /bridge/info 1ms 200
GET /bridge/659/jkzui9b4/websocket 0ms (unfinished)
------------------------------------------------------------------------------------------------------
POST /bridge/050/7sb51gga/xhr_streaming 0ms (unfinished)
------------------------------------------------------------------------------------------------------
POST /bridge/050/7sb51gga/xhr_send 2ms 204
------------------------------------------------------------------------------------------------------
------------------------------------------------------------------------------------------------------
POST /bridge/659/qk44dqt1/xhr_streaming 1ms (unfinished)
------------------------------------------------------------------------------------------------------
POST /bridge/659/qk44dqt1/xhr_send 1ms 204
------------------------------------------------------------------------------------------------------
GET /bridge/info 0ms 200
GET /bridge/info 1ms 200
------------------------------------------------------------------------------------------------------
------------------------------------------------------------------------------------------------------
GET /bridge/539/wopj1vps/websocket 0ms (unfinished)
GET /bridge/655/s8ylcv2q/websocket 0ms (unfinished)
------------------------------------------------------------------------------------------------------
POST /bridge/539/_3p6wilp/xhr_streaming 0ms (unfinished)
------------------------------------------------------------------------------------------------------
POST /bridge/655/dve2zdpz/xhr_streaming 1ms (unfinished)
------------------------------------------------------------------------------------------------------
POST /bridge/539/_3p6wilp/xhr_send 1ms 204
------------------------------------------------------------------------------------------------------
POST /bridge/655/dve2zdpz/xhr_send 1ms 204
------------------------------------------------------------------------------------------------------
GET /bridge/info 1ms 200
------------------------------------------------------------------------------------------------------
GET /bridge/info 1ms 200
------------------------------------------------------------------------------------------------------
GET /bridge/179/io83zasz/websocket 2ms (unfinished)
------------------------------------------------------------------------------------------------------
GET /bridge/172/fntcv0ku/websocket 1ms (unfinished)
------------------------------------------------------------------------------------------------------
POST /bridge/179/g8y3sbk5/xhr_streaming 1ms (unfinished)
------------------------------------------------------------------------------------------------------
POST /bridge/179/g8y3sbk5/xhr_send 4ms 204
------------------------------------------------------------------------------------------------------
POST /bridge/172/jkhe6_1d/xhr_streaming 1ms (unfinished)
------------------------------------------------------------------------------------------------------
POST /bridge/172/jkhe6_1d/xhr_send 1ms 204
------------------------------------------------------------------------------------------------------
GET /bridge/info 1ms 200
------------------------------------------------------------------------------------------------------
GET /bridge/info 0ms 200
------------------------------------------------------------------------------------------------------
GET /bridge/930/_xibj7s6/websocket 2ms (unfinished)
------------------------------------------------------------------------------------------------------
------------------------------------------------------------------------------------------------------
GET /bridge/618/csyis3ns/websocket 0ms (unfinished)
POST /bridge/930/lh_32b32/xhr_streaming 2ms (unfinished)
------------------------------------------------------------------------------------------------------
------------------------------------------------------------------------------------------------------
POST /bridge/930/lh_32b32/xhr_send 3ms 204
POST /bridge/618/ap4f12r7/xhr_streaming 0ms (unfinished)
------------------------------------------------------------------------------------------------------
POST /bridge/618/ap4f12r7/xhr_send 1ms 204
------------------------------------------------------------------------------------------------------
GET /bridge/info 1ms 200
------------------------------------------------------------------------------------------------------
GET /bridge/info 0ms 200
------------------------------------------------------------------------------------------------------
GET /bridge/748/80r00dbn/websocket 2ms (unfinished)
------------------------------------------------------------------------------------------------------
GET /bridge/528/ecw57c2f/websocket 1ms (unfinished)
------------------------------------------------------------------------------------------------------
POST /bridge/748/plxygyri/xhr_streaming 1ms (unfinished)
------------------------------------------------------------------------------------------------------
POST /bridge/748/plxygyri/xhr_send 3ms 204
------------------------------------------------------------------------------------------------------
POST /bridge/528/ossv46_n/xhr_streaming 1ms (unfinished)
------------------------------------------------------------------------------------------------------
GET /bridge/info 1ms 200
------------------------------------------------------------------------------------------------------
GET /bridge/info 0ms 200
------------------------------------------------------------------------------------------------------
GET /bridge/529/x3htrfm4/websocket 2ms (unfinished)
------------------------------------------------------------------------------------------------------
GET /bridge/120/tahlfo28/websocket 0ms (unfinished)
------------------------------------------------------------------------------------------------------
GET /bridge/info 1ms 200
------------------------------------------------------------------------------------------------------
------------------------------------------------------------------------------------------------------
GET /bridge/info 0ms 200
GET /bridge/376/axl7sjz3/websocket 0ms (unfinished)
------------------------------------------------------------------------------------------------------
------------------------------------------------------------------------------------------------------
GET /bridge/370/jzlo5wrq/websocket 0ms (unfinished)
------------------------------------------------------------------------------------------------------
POST /bridge/376/zgesqpbo/xhr_streaming 1ms (unfinished)
POST /bridge/376/zgesqpbo/xhr_send 4ms 204
------------------------------------------------------------------------------------------------------
POST /bridge/370/w4l6jwcr/xhr_streaming 0ms (unfinished)
------------------------------------------------------------------------------------------------------
GET /bridge/info 1ms 200
------------------------------------------------------------------------------------------------------
GET /bridge/info 1ms 200
------------------------------------------------------------------------------------------------------
------------------------------------------------------------------------------------------------------
GET /bridge/216/bbhj77a0/websocket 3ms (unfinished)
GET /bridge/123/y8jxtw_3/websocket 0ms (unfinished)
------------------------------------------------------------------------------------------------------
POST /bridge/528/ossv46_n/xhr_send 4ms 204
------------------------------------------------------------------------------------------------------
GET /bridge/info 1ms 200
------------------------------------------------------------------------------------------------------
GET /bridge/info 1ms 200
------------------------------------------------------------------------------------------------------
------------------------------------------------------------------------------------------------------
GET /bridge/570/hgkj9hjl/websocket 1ms (unfinished)
GET /bridge/923/fntu017g/websocket 1ms (unfinished)
------------------------------------------------------------------------------------------------------
POST /bridge/570/nk61t7zo/xhr_streaming 1ms (unfinished)
------------------------------------------------------------------------------------------------------
------------------------------------------------------------------------------------------------------
POST /bridge/570/nk61t7zo/xhr_send 1ms 204
------------------------------------------------------------------------------------------------------
POST /bridge/923/9eogqnlr/xhr_streaming 1ms (unfinished)
POST /bridge/923/9eogqnlr/xhr_send 1ms 204
------------------------------------------------------------------------------------------------------
GET /bridge/info 1ms 200
------------------------------------------------------------------------------------------------------
GET /bridge/info 0ms 200
------------------------------------------------------------------------------------------------------
GET /bridge/160/ru3kpbjb/websocket 1ms (unfinished)
------------------------------------------------------------------------------------------------------
GET /bridge/052/yr9qu9gd/websocket 1ms (unfinished)
------------------------------------------------------------------------------------------------------
POST /bridge/160/7unlizfu/xhr_streaming 1ms (unfinished)
------------------------------------------------------------------------------------------------------
------------------------------------------------------------------------------------------------------
POST /bridge/052/_6gxk1bx/xhr_streaming 0ms (unfinished)
POST /bridge/160/7unlizfu/xhr_send 1ms 204
------------------------------------------------------------------------------------------------------
POST /bridge/052/_6gxk1bx/xhr_send 2ms 204
------------------------------------------------------------------------------------------------------
GET /bridge/info 0ms 200
------------------------------------------------------------------------------------------------------
GET /bridge/info 1ms 200
------------------------------------------------------------------------------------------------------
GET /bridge/142/pxg133ct/websocket 0ms (unfinished)
------------------------------------------------------------------------------------------------------
GET /bridge/620/go82zp2g/websocket 0ms (unfinished)
------------------------------------------------------------------------------------------------------
------------------------------------------------------------------------------------------------------
POST /bridge/142/c8_y674v/xhr_streaming 0ms (unfinished)
POST /bridge/620/o9x12xmw/xhr_streaming 0ms (unfinished)
------------------------------------------------------------------------------------------------------
POST /bridge/620/o9x12xmw/xhr_send 1ms 204
------------------------------------------------------------------------------------------------------
POST /bridge/142/c8_y674v/xhr_send 1ms 204
------------------------------------------------------------------------------------------------------
GET /bridge/info 1ms 200
------------------------------------------------------------------------------------------------------
GET /bridge/info 0ms 200
------------------------------------------------------------------------------------------------------
GET /bridge/120/toqacqci/websocket 3ms (unfinished)
------------------------------------------------------------------------------------------------------
------------------------------------------------------------------------------------------------------
GET /bridge/036/am1q7wr7/websocket 0ms (unfinished)
POST /bridge/120/yw1j__z3/xhr_streaming 1ms (unfinished)
------------------------------------------------------------------------------------------------------
POST /bridge/036/eaifeo_p/xhr_streaming 0ms (unfinished)
------------------------------------------------------------------------------------------------------
------------------------------------------------------------------------------------------------------
GET /bridge/info 0ms 200
GET /bridge/info 0ms 200
------------------------------------------------------------------------------------------------------
GET /bridge/177/hs7ya6h5/websocket 0ms (unfinished)
------------------------------------------------------------------------------------------------------
GET /bridge/252/uqtoo1f1/websocket 1ms (unfinished)
------------------------------------------------------------------------------------------------------
POST /bridge/177/5a0qbrqv/xhr_streaming 1ms (unfinished)
------------------------------------------------------------------------------------------------------
POST /bridge/177/5a0qbrqv/xhr_send 3ms 204
------------------------------------------------------------------------------------------------------
POST /bridge/252/v46tiaf0/xhr_streaming 0ms (unfinished)
------------------------------------------------------------------------------------------------------
POST /bridge/252/v46tiaf0/xhr_send 1ms 204
------------------------------------------------------------------------------------------------------
------------------------------------------------------------------------------------------------------
GET /bridge/info 1ms 200
GET /bridge/info 0ms 200
------------------------------------------------------------------------------------------------------
GET /bridge/951/svemmz9g/websocket 0ms (unfinished)
------------------------------------------------------------------------------------------------------
GET /bridge/142/nhnvkn_o/websocket 0ms (unfinished)
------------------------------------------------------------------------------------------------------
POST /bridge/951/1gswh0g4/xhr_streaming 1ms (unfinished)
------------------------------------------------------------------------------------------------------
------------------------------------------------------------------------------------------------------
POST /bridge/951/1gswh0g4/xhr_send 1ms 204
POST /bridge/142/yr79smk4/xhr_streaming 1ms (unfinished)
------------------------------------------------------------------------------------------------------
POST /bridge/142/yr79smk4/xhr_send 1ms 204
------------------------------------------------------------------------------------------------------
------------------------------------------------------------------------------------------------------
GET /bridge/info 0ms 200
GET /bridge/info 1ms 200
------------------------------------------------------------------------------------------------------
GET /bridge/980/4z5ul2vr/websocket 1ms (unfinished)
------------------------------------------------------------------------------------------------------
GET /bridge/239/wpkzf5bh/websocket 1ms (unfinished)
------------------------------------------------------------------------------------------------------
GET /bridge/info 1ms 200
------------------------------------------------------------------------------------------------------
GET /bridge/info 1ms 200
------------------------------------------------------------------------------------------------------
GET /bridge/251/g2dhi0sj/websocket 2ms (unfinished)
------------------------------------------------------------------------------------------------------
GET /bridge/814/epl0grjj/websocket 0ms (unfinished)
------------------------------------------------------------------------------------------------------
POST /bridge/251/wgnhy99t/xhr_streaming 1ms (unfinished)
------------------------------------------------------------------------------------------------------
POST /bridge/814/tsrbg89o/xhr_streaming 0ms (unfinished)
------------------------------------------------------------------------------------------------------
POST /bridge/251/wgnhy99t/xhr_send 4ms 204
------------------------------------------------------------------------------------------------------
POST /bridge/814/tsrbg89o/xhr_send 1ms 204
------------------------------------------------------------------------------------------------------
GET /bridge/info 1ms 200
------------------------------------------------------------------------------------------------------
GET /bridge/info 1ms 200
------------------------------------------------------------------------------------------------------
------------------------------------------------------------------------------------------------------
GET /bridge/775/9tifagch/websocket 0ms (unfinished)
GET /bridge/022/aqr0xevp/websocket 0ms (unfinished)
------------------------------------------------------------------------------------------------------
POST /bridge/775/mar7lpre/xhr_streaming 1ms (unfinished)
------------------------------------------------------------------------------------------------------
POST /bridge/775/mar7lpre/xhr_send 2ms 204
------------------------------------------------------------------------------------------------------
POST /bridge/022/su18cpra/xhr_streaming 1ms (unfinished)
------------------------------------------------------------------------------------------------------
------------------------------------------------------------------------------------------------------
POST /bridge/022/su18cpra/xhr_send 1ms 204
------------------------------------------------------------------------------------------------------
GET /bridge/info 0ms 200
GET /bridge/info 0ms 200
------------------------------------------------------------------------------------------------------
------------------------------------------------------------------------------------------------------
GET /bridge/128/srd7qvli/websocket 1ms (unfinished)
GET /bridge/257/h417e5bf/websocket 0ms (unfinished)
------------------------------------------------------------------------------------------------------
POST /bridge/128/bok_rav1/xhr_streaming 0ms (unfinished)
------------------------------------------------------------------------------------------------------
POST /bridge/128/bok_rav1/xhr_send 1ms 204
------------------------------------------------------------------------------------------------------
POST /bridge/257/iueheegl/xhr_streaming 1ms (unfinished)
------------------------------------------------------------------------------------------------------
POST /bridge/257/iueheegl/xhr_send 1ms 204
------------------------------------------------------------------------------------------------------
------------------------------------------------------------------------------------------------------
GET /bridge/info 0ms 200
GET /bridge/info 1ms 200
------------------------------------------------------------------------------------------------------
GET /bridge/551/swzdoiry/websocket 0ms (unfinished)
------------------------------------------------------------------------------------------------------
GET /bridge/511/nwzr1f0_/websocket 1ms (unfinished)
------------------------------------------------------------------------------------------------------
------------------------------------------------------------------------------------------------------
POST /bridge/551/_bfcqj28/xhr_streaming 1ms (unfinished)
POST /bridge/551/_bfcqj28/xhr_send 1ms 204
------------------------------------------------------------------------------------------------------
POST /bridge/511/ubkkr9am/xhr_streaming 0ms (unfinished)
------------------------------------------------------------------------------------------------------
POST /bridge/511/ubkkr9am/xhr_send 1ms 204
------------------------------------------------------------------------------------------------------
------------------------------------------------------------------------------------------------------
GET /bridge/info 0ms 200
GET /bridge/info 0ms 200
------------------------------------------------------------------------------------------------------
GET /bridge/711/rlfgazhm/websocket 1ms (unfinished)
------------------------------------------------------------------------------------------------------
------------------------------------------------------------------------------------------------------
GET /bridge/607/0adge0qv/websocket 1ms (unfinished)
POST /bridge/711/gulmuhdp/xhr_streaming 1ms (unfinished)
------------------------------------------------------------------------------------------------------
------------------------------------------------------------------------------------------------------
POST /bridge/607/f31dm60x/xhr_streaming 0ms (unfinished)
------------------------------------------------------------------------------------------------------
POST /bridge/711/gulmuhdp/xhr_send 0ms 204
POST /bridge/607/f31dm60x/xhr_send 1ms 204
------------------------------------------------------------------------------------------------------
GET /bridge/info 2ms 200
------------------------------------------------------------------------------------------------------
------------------------------------------------------------------------------------------------------
GET /bridge/info 1ms 200
GET /bridge/589/frwupzre/websocket 2ms (unfinished)
------------------------------------------------------------------------------------------------------
GET /bridge/704/s8gl70qy/websocket 0ms (unfinished)
------------------------------------------------------------------------------------------------------
GET /bridge/info 0ms 200
------------------------------------------------------------------------------------------------------
GET /bridge/info 1ms 200
------------------------------------------------------------------------------------------------------
------------------------------------------------------------------------------------------------------
GET /bridge/086/qqyaaen5/websocket 0ms (unfinished)
------------------------------------------------------------------------------------------------------
GET /bridge/949/7aouszee/websocket 1ms (unfinished)
------------------------------------------------------------------------------------------------------
GET /bridge/info 1ms 200
------------------------------------------------------------------------------------------------------
GET /bridge/info 1ms 200
GET /bridge/394/2jbwfcj2/websocket 1ms (unfinished)
------------------------------------------------------------------------------------------------------
GET /bridge/104/iakh_xxk/websocket 0ms (unfinished)
------------------------------------------------------------------------------------------------------
------------------------------------------------------------------------------------------------------
GET /bridge/info 0ms 200
------------------------------------------------------------------------------------------------------
GET /bridge/info 0ms 200
GET /bridge/186/05w4x01w/websocket 0ms (unfinished)
------------------------------------------------------------------------------------------------------
GET /bridge/650/2aj755lb/websocket 1ms (unfinished)
------------------------------------------------------------------------------------------------------
GET /bridge/info 2ms 200
------------------------------------------------------------------------------------------------------
GET /bridge/info 1ms 200
------------------------------------------------------------------------------------------------------
GET /bridge/383/ohz045i4/websocket 2ms (unfinished)
------------------------------------------------------------------------------------------------------
GET /bridge/236/5cwbzk7u/websocket 0ms (unfinished)
------------------------------------------------------------------------------------------------------
GET /bridge/info 1ms 200
------------------------------------------------------------------------------------------------------
GET /bridge/info 0ms 200
------------------------------------------------------------------------------------------------------
GET /bridge/376/rzyudnnr/websocket 2ms (unfinished)
------------------------------------------------------------------------------------------------------
GET /bridge/497/854pshii/websocket 0ms (unfinished)
------------------------------------------------------------------------------------------------------
POST /bridge/376/rpp8z3td/xhr_streaming 1ms (unfinished)
------------------------------------------------------------------------------------------------------
POST /bridge/376/rpp8z3td/xhr_send 4ms 204
------------------------------------------------------------------------------------------------------
POST /bridge/497/ca0ovud_/xhr_streaming 0ms (unfinished)
------------------------------------------------------------------------------------------------------
POST /bridge/497/ca0ovud_/xhr_send 1ms 204
------------------------------------------------------------------------------------------------------
GET /bridge/info 1ms 200
------------------------------------------------------------------------------------------------------
GET /bridge/info 0ms 200
------------------------------------------------------------------------------------------------------
GET /bridge/720/ov_u8x0e/websocket 0ms (unfinished)
------------------------------------------------------------------------------------------------------
GET /bridge/743/5rdm7_xh/websocket 1ms (unfinished)
------------------------------------------------------------------------------------------------------
POST /bridge/720/zxjjxqsf/xhr_streaming 0ms (unfinished)
------------------------------------------------------------------------------------------------------
POST /bridge/720/zxjjxqsf/xhr_send 1ms 204
------------------------------------------------------------------------------------------------------
POST /bridge/743/1wgy4vn1/xhr_streaming 1ms (unfinished)
------------------------------------------------------------------------------------------------------
POST /bridge/743/1wgy4vn1/xhr_send 1ms 204
------------------------------------------------------------------------------------------------------
GET /bridge/info 1ms 200
------------------------------------------------------------------------------------------------------
------------------------------------------------------------------------------------------------------
GET /bridge/977/ob7fi8cp/websocket 3ms (unfinished)
GET /bridge/info 0ms 200
------------------------------------------------------------------------------------------------------
GET /bridge/141/95h8sdhp/websocket 0ms (unfinished)
------------------------------------------------------------------------------------------------------
GET /bridge/info 0ms 200
------------------------------------------------------------------------------------------------------
GET /bridge/info 1ms 200
------------------------------------------------------------------------------------------------------
GET /bridge/071/nl4_m9mo/websocket 1ms (unfinished)
------------------------------------------------------------------------------------------------------
GET /bridge/504/ufswc60b/websocket 0ms (unfinished)
------------------------------------------------------------------------------------------------------
------------------------------------------------------------------------------------------------------
GET /bridge/info 0ms 200
GET /bridge/info 0ms 200
------------------------------------------------------------------------------------------------------
GET /bridge/174/nx8ql0xj/websocket 1ms (unfinished)
------------------------------------------------------------------------------------------------------
GET /bridge/060/qxt_qxqg/websocket 0ms (unfinished)
------------------------------------------------------------------------------------------------------
POST /bridge/174/i77t2xrd/xhr_streaming 1ms (unfinished)
------------------------------------------------------------------------------------------------------
POST /bridge/174/i77t2xrd/xhr_send 3ms 204
------------------------------------------------------------------------------------------------------
------------------------------------------------------------------------------------------------------
POST /bridge/060/243ivaet/xhr_streaming 0ms (unfinished)
POST /bridge/060/243ivaet/xhr_send 1ms 204
------------------------------------------------------------------------------------------------------
------------------------------------------------------------------------------------------------------
GET /bridge/info 1ms 200
GET /bridge/info 1ms 200
------------------------------------------------------------------------------------------------------
GET /bridge/439/wpiz47ty/websocket 1ms (unfinished)
------------------------------------------------------------------------------------------------------
------------------------------------------------------------------------------------------------------
GET /bridge/057/hd72uj_z/websocket 0ms (unfinished)
POST /bridge/439/652s3_q8/xhr_streaming 1ms (unfinished)
------------------------------------------------------------------------------------------------------
POST /bridge/439/652s3_q8/xhr_send 1ms 204
------------------------------------------------------------------------------------------------------
POST /bridge/057/0pv6wvgs/xhr_streaming 1ms (unfinished)
------------------------------------------------------------------------------------------------------
POST /bridge/057/0pv6wvgs/xhr_send 1ms 204
------------------------------------------------------------------------------------------------------
02,02,2022,09,00
------------------------------------------------------------------------------------------------------
02,02,2022,09,00
------------------------------------------------------------------------------------------------------
GET /bridge/info 1ms 200
------------------------------------------------------------------------------------------------------
------------------------------------------------------------------------------------------------------
GET /bridge/info 0ms 200
------------------------------------------------------------------------------------------------------
GET /bridge/541/l6gkklbe/websocket 1ms (unfinished)
GET /bridge/528/lzgmxt99/websocket 1ms (unfinished)
------------------------------------------------------------------------------------------------------
------------------------------------------------------------------------------------------------------
POST /bridge/541/1xglx4o2/xhr_streaming 1ms (unfinished)
------------------------------------------------------------------------------------------------------
POST /bridge/541/1xglx4o2/xhr_send 1ms 204
POST /bridge/528/3oixptr8/xhr_streaming 0ms (unfinished)
------------------------------------------------------------------------------------------------------
------------------------------------------------------------------------------------------------------
GET /bridge/info 1ms 200
GET /bridge/info 0ms 200
------------------------------------------------------------------------------------------------------
GET /bridge/000/ri_kmxxv/websocket 3ms (unfinished)
------------------------------------------------------------------------------------------------------
GET /bridge/323/dc1mh0sn/websocket 0ms (unfinished)
------------------------------------------------------------------------------------------------------
------------------------------------------------------------------------------------------------------
02,02,2022,09,00
------------------------------------------------------------------------------------------------------
02,02,2022,09,00
GET /bridge/info 1ms 200
------------------------------------------------------------------------------------------------------
GET /bridge/info 0ms 200
------------------------------------------------------------------------------------------------------
GET /bridge/086/8qhx_pov/websocket 2ms (unfinished)
------------------------------------------------------------------------------------------------------
GET /bridge/014/xe56o2oc/websocket 0ms (unfinished)
------------------------------------------------------------------------------------------------------
------------------------------------------------------------------------------------------------------
POST /bridge/086/rkkfxw7z/xhr_streaming 1ms (unfinished)
------------------------------------------------------------------------------------------------------
POST /bridge/086/rkkfxw7z/xhr_send 3ms 204
POST /bridge/014/awt4j3u9/xhr_streaming 1ms (unfinished)
------------------------------------------------------------------------------------------------------
GET /bridge/info 1ms 200
------------------------------------------------------------------------------------------------------
GET /bridge/info 1ms 200
------------------------------------------------------------------------------------------------------
GET /bridge/374/kzodij34/websocket 1ms (unfinished)
------------------------------------------------------------------------------------------------------
------------------------------------------------------------------------------------------------------
GET /bridge/283/ei3no1tv/websocket 0ms (unfinished)
------------------------------------------------------------------------------------------------------
GET /bridge/info 0ms 200
GET /bridge/info 1ms 200
------------------------------------------------------------------------------------------------------
GET /bridge/485/2igjqeoh/websocket 0ms (unfinished)
------------------------------------------------------------------------------------------------------
GET /bridge/576/tmoaz245/websocket 1ms (unfinished)
------------------------------------------------------------------------------------------------------
GET /bridge/info 1ms 200
------------------------------------------------------------------------------------------------------
GET /bridge/info 0ms 200
------------------------------------------------------------------------------------------------------
GET /bridge/863/9aywsn6m/websocket 2ms (unfinished)
------------------------------------------------------------------------------------------------------
GET /bridge/094/2uv4v32k/websocket 1ms (unfinished)
------------------------------------------------------------------------------------------------------
------------------------------------------------------------------------------------------------------
POST /bridge/014/awt4j3u9/xhr_send 5ms 204
------------------------------------------------------------------------------------------------------
GET /bridge/info 1ms 200
------------------------------------------------------------------------------------------------------
GET /bridge/info 0ms 200
------------------------------------------------------------------------------------------------------
GET /bridge/330/q1e04fjo/websocket 1ms (unfinished)
GET /bridge/555/_kk7tzg0/websocket 0ms (unfinished)
------------------------------------------------------------------------------------------------------
POST /bridge/330/xsd5vdcq/xhr_streaming 1ms (unfinished)
------------------------------------------------------------------------------------------------------
------------------------------------------------------------------------------------------------------
POST /bridge/330/xsd5vdcq/xhr_send 2ms 204
------------------------------------------------------------------------------------------------------
POST /bridge/555/6963bjf1/xhr_streaming 0ms (unfinished)
POST /bridge/555/6963bjf1/xhr_send 0ms 204
------------------------------------------------------------------------------------------------------
GET /bridge/info 0ms 200
------------------------------------------------------------------------------------------------------
------------------------------------------------------------------------------------------------------
GET /bridge/info 1ms 200
GET /bridge/765/k7o78cbv/websocket 0ms (unfinished)
------------------------------------------------------------------------------------------------------
GET /bridge/935/xab8i7zj/websocket 0ms (unfinished)
------------------------------------------------------------------------------------------------------
POST /bridge/765/v86jcjdl/xhr_streaming 0ms (unfinished)
------------------------------------------------------------------------------------------------------
POST /bridge/765/v86jcjdl/xhr_send 1ms 204
------------------------------------------------------------------------------------------------------
POST /bridge/935/fvswwq_n/xhr_streaming 0ms (unfinished)
------------------------------------------------------------------------------------------------------
------------------------------------------------------------------------------------------------------
POST /bridge/935/fvswwq_n/xhr_send 1ms 204
GET /bridge/info 1ms 200
------------------------------------------------------------------------------------------------------
GET /bridge/info 0ms 200
------------------------------------------------------------------------------------------------------
GET /bridge/787/gpyu2_pn/websocket 0ms (unfinished)
------------------------------------------------------------------------------------------------------
GET /bridge/751/l5_initl/websocket 0ms (unfinished)
------------------------------------------------------------------------------------------------------
GET /bridge/info 1ms 200
------------------------------------------------------------------------------------------------------
GET /bridge/info 1ms 200
------------------------------------------------------------------------------------------------------
GET /bridge/400/9_943osj/websocket 1ms (unfinished)
------------------------------------------------------------------------------------------------------
GET /bridge/976/vz7f91ne/websocket 0ms (unfinished)
------------------------------------------------------------------------------------------------------
GET /bridge/info 1ms 200
------------------------------------------------------------------------------------------------------
GET /bridge/info 1ms 200
------------------------------------------------------------------------------------------------------
GET /bridge/678/4uzavlzv/websocket 3ms (unfinished)
------------------------------------------------------------------------------------------------------
GET /bridge/097/m7nct0u_/websocket 0ms (unfinished)
------------------------------------------------------------------------------------------------------
GET /bridge/info 1ms 200
------------------------------------------------------------------------------------------------------
------------------------------------------------------------------------------------------------------
GET /bridge/info 1ms 200
GET /bridge/901/ehjpq4nt/websocket 2ms (unfinished)
------------------------------------------------------------------------------------------------------
GET /bridge/740/h18bkg38/websocket 0ms (unfinished)
------------------------------------------------------------------------------------------------------
------------------------------------------------------------------------------------------------------
POST /bridge/740/7u7uxp9m/xhr_streaming 1ms (unfinished)
POST /bridge/901/34qzy9c_/xhr_streaming 1ms (unfinished)
------------------------------------------------------------------------------------------------------
GET /bridge/info 1ms 200
------------------------------------------------------------------------------------------------------
GET /bridge/info 1ms 200
------------------------------------------------------------------------------------------------------
GET /bridge/502/k7l5em3j/websocket 2ms (unfinished)
------------------------------------------------------------------------------------------------------
GET /bridge/544/qcie2q_9/websocket 1ms (unfinished)
------------------------------------------------------------------------------------------------------
GET /bridge/info 0ms 200
------------------------------------------------------------------------------------------------------
GET /bridge/info 0ms 200
------------------------------------------------------------------------------------------------------
GET /bridge/949/42c3bj9j/websocket 1ms (unfinished)
------------------------------------------------------------------------------------------------------
------------------------------------------------------------------------------------------------------
GET /bridge/046/ynr3jvbo/websocket 0ms (unfinished)
GET /bridge/info 1ms 200
------------------------------------------------------------------------------------------------------
GET /bridge/info 1ms 200
------------------------------------------------------------------------------------------------------
GET /bridge/248/bfto_kgy/websocket 2ms (unfinished)
------------------------------------------------------------------------------------------------------
GET /bridge/341/g1rl7rub/websocket 1ms (unfinished)
------------------------------------------------------------------------------------------------------
POST /bridge/248/v0duk4w0/xhr_streaming 1ms (unfinished)
------------------------------------------------------------------------------------------------------
POST /bridge/248/v0duk4w0/xhr_send 3ms 204
------------------------------------------------------------------------------------------------------
POST /bridge/341/wf5b6ier/xhr_streaming 1ms (unfinished)
------------------------------------------------------------------------------------------------------
POST /bridge/341/wf5b6ier/xhr_send 1ms 204
------------------------------------------------------------------------------------------------------
------------------------------------------------------------------------------------------------------
GET /bridge/info 0ms 200
GET /bridge/info 0ms 200
------------------------------------------------------------------------------------------------------
GET /bridge/848/rph8ezjl/websocket 0ms (unfinished)
------------------------------------------------------------------------------------------------------
GET /bridge/450/h9sbw9k0/websocket 1ms (unfinished)
------------------------------------------------------------------------------------------------------
POST /bridge/848/tp19f8yu/xhr_streaming 1ms (unfinished)
------------------------------------------------------------------------------------------------------
POST /bridge/848/tp19f8yu/xhr_send 1ms 204
------------------------------------------------------------------------------------------------------
POST /bridge/450/h7tvks2m/xhr_streaming 0ms (unfinished)
------------------------------------------------------------------------------------------------------
POST /bridge/450/h7tvks2m/xhr_send 1ms 204
------------------------------------------------------------------------------------------------------
GET /bridge/info 1ms 200
------------------------------------------------------------------------------------------------------
GET /bridge/info 0ms 200
------------------------------------------------------------------------------------------------------
------------------------------------------------------------------------------------------------------
GET /bridge/359/5tvaj6jk/websocket 3ms (unfinished)
GET /bridge/770/7c90do6a/websocket 1ms (unfinished)
------------------------------------------------------------------------------------------------------
POST /bridge/359/e499cvzb/xhr_streaming 1ms (unfinished)
------------------------------------------------------------------------------------------------------
POST /bridge/359/e499cvzb/xhr_send 3ms 204
------------------------------------------------------------------------------------------------------
POST /bridge/770/go5hhqo1/xhr_streaming 0ms (unfinished)
------------------------------------------------------------------------------------------------------
GET /bridge/info 2ms 200
------------------------------------------------------------------------------------------------------
GET /bridge/info 1ms 200
------------------------------------------------------------------------------------------------------
GET /bridge/104/w17w7mpb/websocket 3ms (unfinished)
------------------------------------------------------------------------------------------------------
------------------------------------------------------------------------------------------------------
GET /bridge/025/j6xv5_ui/websocket 1ms (unfinished)
------------------------------------------------------------------------------------------------------
GET /bridge/info 1ms 200
------------------------------------------------------------------------------------------------------
GET /bridge/715/sxok68by/websocket 0ms (unfinished)
GET /bridge/info 1ms 200
------------------------------------------------------------------------------------------------------
GET /bridge/851/27xrfkg1/websocket 0ms (unfinished)
------------------------------------------------------------------------------------------------------
GET /bridge/info 0ms 200
------------------------------------------------------------------------------------------------------
GET /bridge/info 0ms 200
------------------------------------------------------------------------------------------------------
GET /bridge/829/j4_0f7i1/websocket 1ms (unfinished)
------------------------------------------------------------------------------------------------------
GET /bridge/088/rhrif1ma/websocket 0ms (unfinished)
------------------------------------------------------------------------------------------------------
------------------------------------------------------------------------------------------------------
GET /bridge/info 1ms 200
GET /bridge/info 0ms 200
------------------------------------------------------------------------------------------------------
GET /bridge/350/r32sg48k/websocket 2ms (unfinished)
------------------------------------------------------------------------------------------------------
GET /bridge/994/5zu2kfjh/websocket 0ms (unfinished)
------------------------------------------------------------------------------------------------------
GET /bridge/info 1ms 200
------------------------------------------------------------------------------------------------------
GET /bridge/info 0ms 200
------------------------------------------------------------------------------------------------------
------------------------------------------------------------------------------------------------------
GET /bridge/999/9m9zbe_i/websocket 0ms (unfinished)
GET /bridge/890/6tvj9uji/websocket 0ms (unfinished)
------------------------------------------------------------------------------------------------------
GET /bridge/info 2ms 200
------------------------------------------------------------------------------------------------------
GET /bridge/info 1ms 200
------------------------------------------------------------------------------------------------------
GET /bridge/412/nvvhr73_/websocket 2ms (unfinished)
------------------------------------------------------------------------------------------------------
GET /bridge/560/4clktzcn/websocket 1ms (unfinished)
------------------------------------------------------------------------------------------------------
------------------------------------------------------------------------------------------------------
GET /bridge/info 0ms 200
GET /bridge/info 0ms 200
------------------------------------------------------------------------------------------------------
GET /bridge/729/_2guq39x/websocket 1ms (unfinished)
------------------------------------------------------------------------------------------------------
GET /bridge/098/gjfibsnb/websocket 0ms (unfinished)
------------------------------------------------------------------------------------------------------
GET /bridge/info 1ms 200
------------------------------------------------------------------------------------------------------
GET /bridge/info 1ms 200
------------------------------------------------------------------------------------------------------
GET /bridge/340/ktffo_9l/websocket 3ms (unfinished)
------------------------------------------------------------------------------------------------------
GET /bridge/491/m9olsrjs/websocket 0ms (unfinished)
------------------------------------------------------------------------------------------------------
GET /bridge/info 1ms 200
------------------------------------------------------------------------------------------------------
------------------------------------------------------------------------------------------------------
GET /bridge/info 1ms 200
GET /bridge/409/yg6a3x3b/websocket 1ms (unfinished)
------------------------------------------------------------------------------------------------------
GET /bridge/927/osu94fl4/websocket 0ms (unfinished)
------------------------------------------------------------------------------------------------------
GET /bridge/info 1ms 200
------------------------------------------------------------------------------------------------------
GET /bridge/info 0ms 200
------------------------------------------------------------------------------------------------------
GET /bridge/626/dwnto44e/websocket 0ms (unfinished)
------------------------------------------------------------------------------------------------------
GET /bridge/652/adrzhau2/websocket 0ms (unfinished)
------------------------------------------------------------------------------------------------------
GET /bridge/info 0ms 200
------------------------------------------------------------------------------------------------------
GET /bridge/info 0ms 200
------------------------------------------------------------------------------------------------------
GET /bridge/597/o_svp5qf/websocket 1ms (unfinished)
------------------------------------------------------------------------------------------------------
GET /bridge/686/ac851z2b/websocket 0ms (unfinished)
------------------------------------------------------------------------------------------------------
GET /bridge/info 0ms 200
------------------------------------------------------------------------------------------------------
------------------------------------------------------------------------------------------------------
GET /bridge/info 1ms 200
------------------------------------------------------------------------------------------------------
GET /bridge/073/z4jo6nil/websocket 0ms (unfinished)
GET /bridge/074/gv26dm54/websocket 0ms (unfinished)
------------------------------------------------------------------------------------------------------
------------------------------------------------------------------------------------------------------
GET /bridge/info 1ms 200
GET /bridge/425/p9v1ycb4/websocket 1ms (unfinished)
------------------------------------------------------------------------------------------------------
GET /bridge/info 1ms 200
------------------------------------------------------------------------------------------------------
GET /bridge/361/_h744ehr/websocket 0ms (unfinished)
------------------------------------------------------------------------------------------------------
02,02,2022,09,00
------------------------------------------------------------------------------------------------------
02,02,2022,09,00
------------------------------------------------------------------------------------------------------
GET /bridge/info 1ms 200
------------------------------------------------------------------------------------------------------
GET /bridge/info 1ms 200
------------------------------------------------------------------------------------------------------
GET /bridge/580/wxn963p7/websocket 2ms (unfinished)
------------------------------------------------------------------------------------------------------
GET /bridge/261/qh65ffnj/websocket 0ms (unfinished)
------------------------------------------------------------------------------------------------------
02,02,2022,09,00
------------------------------------------------------------------------------------------------------
02,02,2022,09,00
------------------------------------------------------------------------------------------------------
02,02,2022,09,00
------------------------------------------------------------------------------------------------------
------------------------------------------------------------------------------------------------------
02,02,2022,09,00
GET /bridge/info 1ms 200
------------------------------------------------------------------------------------------------------
GET /bridge/info 1ms 200
------------------------------------------------------------------------------------------------------
------------------------------------------------------------------------------------------------------
GET /bridge/439/jasov09n/websocket 2ms (unfinished)
GET /bridge/813/4j7de6es/websocket 0ms (unfinished)
------------------------------------------------------------------------------------------------------
GET /bridge/info 0ms 200
------------------------------------------------------------------------------------------------------
GET /bridge/info 0ms 200
------------------------------------------------------------------------------------------------------
GET /bridge/521/2xnlqqjt/websocket 1ms (unfinished)
------------------------------------------------------------------------------------------------------
GET /bridge/457/__b7ahhj/websocket 0ms (unfinished)
------------------------------------------------------------------------------------------------------
GET /bridge/info 1ms 200
------------------------------------------------------------------------------------------------------
GET /bridge/info 1ms 200
------------------------------------------------------------------------------------------------------
GET /bridge/032/luhfjmmx/websocket 2ms (unfinished)
------------------------------------------------------------------------------------------------------
GET /bridge/654/mxcsnnfs/websocket 0ms (unfinished)
------------------------------------------------------------------------------------------------------
GET /bridge/info 1ms 200
------------------------------------------------------------------------------------------------------
GET /bridge/info 0ms 200
------------------------------------------------------------------------------------------------------
------------------------------------------------------------------------------------------------------
GET /bridge/116/rm0yl_fu/websocket 1ms (unfinished)
------------------------------------------------------------------------------------------------------
GET /bridge/465/p6q9srjk/websocket 0ms (unfinished)
GET /bridge/info 0ms 200
------------------------------------------------------------------------------------------------------
GET /bridge/info 2ms 200
------------------------------------------------------------------------------------------------------
GET /bridge/506/bffzw2c6/websocket 0ms (unfinished)
------------------------------------------------------------------------------------------------------
------------------------------------------------------------------------------------------------------
GET /bridge/947/dawvnmzm/websocket 1ms (unfinished)
------------------------------------------------------------------------------------------------------
GET /bridge/info 0ms 200
GET /bridge/info 1ms 200
------------------------------------------------------------------------------------------------------
GET /bridge/426/gpjgl67i/websocket 0ms (unfinished)
------------------------------------------------------------------------------------------------------
GET /bridge/655/vf56ph6z/websocket 0ms (unfinished)
------------------------------------------------------------------------------------------------------
------------------------------------------------------------------------------------------------------
POST /bridge/370/w4l6jwcr/xhr_send 5ms 204
GET /bridge/info 0ms 200
------------------------------------------------------------------------------------------------------
------------------------------------------------------------------------------------------------------
GET /bridge/info 0ms 200
------------------------------------------------------------------------------------------------------
GET /bridge/772/l7mytxbl/websocket 0ms (unfinished)
GET /bridge/977/wl2y7rt3/websocket 0ms (unfinished)
------------------------------------------------------------------------------------------------------
------------------------------------------------------------------------------------------------------
GET /bridge/info 1ms 200
GET /bridge/info 1ms 200
------------------------------------------------------------------------------------------------------
GET /bridge/669/z80mnqsa/websocket 0ms (unfinished)
------------------------------------------------------------------------------------------------------
GET /bridge/901/6m5a07py/websocket 0ms (unfinished)
------------------------------------------------------------------------------------------------------
POST /bridge/740/7u7uxp9m/xhr_send 1ms 204
------------------------------------------------------------------------------------------------------
POST /bridge/901/34qzy9c_/xhr_send 1ms 204
------------------------------------------------------------------------------------------------------
