------------------------------------------------------------------------------------------------------
GET /bridge/info 1ms 200
GET /bridge/info 0ms 200
------------------------------------------------------------------------------------------------------
GET /bridge/116/834vkwjb/websocket 0ms (unfinished)
------------------------------------------------------------------------------------------------------
GET /bridge/086/fj84h1q7/websocket 0ms (unfinished)
------------------------------------------------------------------------------------------------------
POST /bridge/116/1e24s_x1/xhr_streaming 1ms (unfinished)
------------------------------------------------------------------------------------------------------
POST /bridge/116/1e24s_x1/xhr_send 3ms 204
------------------------------------------------------------------------------------------------------
POST /bridge/086/t4hvvtnw/xhr_streaming 0ms (unfinished)
------------------------------------------------------------------------------------------------------
POST /bridge/086/t4hvvtnw/xhr_send 1ms 204
------------------------------------------------------------------------------------------------------
GET /bridge/info 1ms 200
------------------------------------------------------------------------------------------------------
GET /bridge/info 0ms 200
------------------------------------------------------------------------------------------------------
GET /bridge/400/r9ghu9su/websocket 0ms (unfinished)
------------------------------------------------------------------------------------------------------
GET /bridge/992/vyb7u2hz/websocket 1ms (unfinished)
------------------------------------------------------------------------------------------------------
POST /bridge/400/mh956u17/xhr_streaming 1ms (unfinished)
------------------------------------------------------------------------------------------------------
POST /bridge/400/mh956u17/xhr_send 1ms 204
------------------------------------------------------------------------------------------------------
------------------------------------------------------------------------------------------------------
POST /bridge/992/ykxsrfhf/xhr_streaming 1ms (unfinished)
------------------------------------------------------------------------------------------------------
POST /bridge/992/ykxsrfhf/xhr_send 1ms 204
GET /bridge/info 0ms 200
------------------------------------------------------------------------------------------------------
GET /bridge/info 1ms 200
------------------------------------------------------------------------------------------------------
GET /bridge/808/_ctln_u1/websocket 0ms (unfinished)
------------------------------------------------------------------------------------------------------
GET /bridge/213/42knay51/websocket 0ms (unfinished)
------------------------------------------------------------------------------------------------------
POST /bridge/808/tzab4psj/xhr_streaming 0ms (unfinished)
------------------------------------------------------------------------------------------------------
POST /bridge/808/tzab4psj/xhr_send 1ms 204
------------------------------------------------------------------------------------------------------
POST /bridge/213/w15j4u0g/xhr_streaming 1ms (unfinished)
------------------------------------------------------------------------------------------------------
POST /bridge/213/w15j4u0g/xhr_send 1ms 204
------------------------------------------------------------------------------------------------------
GET /bridge/info 0ms 200
------------------------------------------------------------------------------------------------------
GET /bridge/info 0ms 200
------------------------------------------------------------------------------------------------------
GET /bridge/890/dy_fkkkm/websocket 1ms (unfinished)
------------------------------------------------------------------------------------------------------
GET /bridge/345/rjesay90/websocket 0ms (unfinished)
------------------------------------------------------------------------------------------------------
POST /bridge/890/vl3imv1d/xhr_streaming 1ms (unfinished)
------------------------------------------------------------------------------------------------------
------------------------------------------------------------------------------------------------------
POST /bridge/345/6yc6egle/xhr_streaming 0ms (unfinished)
------------------------------------------------------------------------------------------------------
POST /bridge/890/dh6qxukj/xhr 1ms 200
POST /bridge/345/6yc6egle/xhr_send 1ms 204
------------------------------------------------------------------------------------------------------
POST /bridge/890/dh6qxukj/xhr_send 1ms 204
------------------------------------------------------------------------------------------------------
------------------------------------------------------------------------------------------------------
POST /bridge/890/dh6qxukj/xhr 0ms 200
------------------------------------------------------------------------------------------------------
POST /bridge/890/dh6qxukj/xhr 0ms (unfinished)
POST /bridge/890/dh6qxukj/xhr 0ms (unfinished)
------------------------------------------------------------------------------------------------------
------------------------------------------------------------------------------------------------------
POST /bridge/890/dh6qxukj/xhr 0ms (unfinished)
POST /bridge/890/dh6qxukj/xhr 0ms (unfinished)
------------------------------------------------------------------------------------------------------
POST /bridge/890/dh6qxukj/xhr 1ms (unfinished)
------------------------------------------------------------------------------------------------------
POST /bridge/890/dh6qxukj/xhr 1ms (unfinished)
------------------------------------------------------------------------------------------------------
POST /bridge/890/dh6qxukj/xhr 1ms (unfinished)
------------------------------------------------------------------------------------------------------
------------------------------------------------------------------------------------------------------
POST /bridge/890/dh6qxukj/xhr 0ms (unfinished)
POST /bridge/890/dh6qxukj/xhr 1ms (unfinished)
------------------------------------------------------------------------------------------------------
------------------------------------------------------------------------------------------------------
POST /bridge/890/dh6qxukj/xhr 0ms (unfinished)
POST /bridge/890/dh6qxukj/xhr 0ms (unfinished)
------------------------------------------------------------------------------------------------------
POST /bridge/890/dh6qxukj/xhr 1ms (unfinished)
------------------------------------------------------------------------------------------------------
------------------------------------------------------------------------------------------------------
POST /bridge/890/dh6qxukj/xhr 0ms (unfinished)
POST /bridge/890/dh6qxukj/xhr 0ms (unfinished)
------------------------------------------------------------------------------------------------------
POST /bridge/890/dh6qxukj/xhr 0ms (unfinished)
------------------------------------------------------------------------------------------------------
POST /bridge/890/dh6qxukj/xhr 0ms (unfinished)
------------------------------------------------------------------------------------------------------
POST /bridge/890/dh6qxukj/xhr 1ms (unfinished)
------------------------------------------------------------------------------------------------------
------------------------------------------------------------------------------------------------------
POST /bridge/890/dh6qxukj/xhr 0ms (unfinished)
POST /bridge/890/dh6qxukj/xhr 0ms (unfinished)
------------------------------------------------------------------------------------------------------
------------------------------------------------------------------------------------------------------
POST /bridge/890/dh6qxukj/xhr 0ms (unfinished)
------------------------------------------------------------------------------------------------------
POST /bridge/890/dh6qxukj/xhr 1ms (unfinished)
------------------------------------------------------------------------------------------------------
POST /bridge/890/dh6qxukj/xhr 0ms (unfinished)
POST /bridge/890/dh6qxukj/xhr 1ms (unfinished)
------------------------------------------------------------------------------------------------------
------------------------------------------------------------------------------------------------------
GET /bridge/info 0ms 200
GET /bridge/info 1ms 200
------------------------------------------------------------------------------------------------------
GET /bridge/578/sr5iii6_/websocket 0ms (unfinished)
------------------------------------------------------------------------------------------------------
GET /bridge/313/1c8tprdk/websocket 0ms (unfinished)
------------------------------------------------------------------------------------------------------
POST /bridge/578/oayxenjj/xhr_streaming 1ms (unfinished)
------------------------------------------------------------------------------------------------------
------------------------------------------------------------------------------------------------------
POST /bridge/313/9yaqk_zq/xhr_streaming 0ms (unfinished)
POST /bridge/578/oayxenjj/xhr_send 1ms 204
------------------------------------------------------------------------------------------------------
POST /bridge/313/9yaqk_zq/xhr_send 1ms 204
------------------------------------------------------------------------------------------------------
GET /bridge/info 1ms 200
------------------------------------------------------------------------------------------------------
------------------------------------------------------------------------------------------------------
GET /bridge/info 0ms 200
------------------------------------------------------------------------------------------------------
GET /bridge/966/t_p9w0ne/websocket 0ms (unfinished)
GET /bridge/094/_i4gj2ql/websocket 1ms (unfinished)
------------------------------------------------------------------------------------------------------
------------------------------------------------------------------------------------------------------
POST /bridge/966/d0f0lm_r/xhr_streaming 1ms (unfinished)
POST /bridge/966/d0f0lm_r/xhr_send 1ms 204
------------------------------------------------------------------------------------------------------
POST /bridge/094/6m78drrw/xhr_streaming 1ms (unfinished)
------------------------------------------------------------------------------------------------------
------------------------------------------------------------------------------------------------------
POST /bridge/094/6m78drrw/xhr_send 1ms 204
GET /bridge/info 1ms 200
------------------------------------------------------------------------------------------------------
------------------------------------------------------------------------------------------------------
GET /bridge/info 0ms 200
GET /bridge/518/bd03o715/websocket 1ms (unfinished)
------------------------------------------------------------------------------------------------------
------------------------------------------------------------------------------------------------------
GET /bridge/889/sqif10o6/websocket 0ms (unfinished)
POST /bridge/518/tcxxkygz/xhr_streaming 0ms (unfinished)
------------------------------------------------------------------------------------------------------
------------------------------------------------------------------------------------------------------
POST /bridge/518/tcxxkygz/xhr_send 1ms 204
POST /bridge/889/o_l4m7dj/xhr_streaming 1ms (unfinished)
------------------------------------------------------------------------------------------------------
GET /bridge/info 1ms 200
------------------------------------------------------------------------------------------------------
GET /bridge/info 0ms 200
------------------------------------------------------------------------------------------------------
GET /bridge/511/0l13ql33/websocket 0ms (unfinished)
------------------------------------------------------------------------------------------------------
GET /bridge/203/gkfkeko5/websocket 0ms (unfinished)
------------------------------------------------------------------------------------------------------
------------------------------------------------------------------------------------------------------
03,01,2022,09,00
05,01,2022,09,00
------------------------------------------------------------------------------------------------------
GET /bridge/info 1ms 200
------------------------------------------------------------------------------------------------------
------------------------------------------------------------------------------------------------------
GET /bridge/info 0ms 200
GET /bridge/277/l8vbd50p/websocket 1ms (unfinished)
------------------------------------------------------------------------------------------------------
GET /bridge/443/xygxxvik/websocket 0ms (unfinished)
------------------------------------------------------------------------------------------------------
03,01,2022,09,00
------------------------------------------------------------------------------------------------------
05,01,2022,09,00
------------------------------------------------------------------------------------------------------
------------------------------------------------------------------------------------------------------
03,01,2022,09,00
------------------------------------------------------------------------------------------------------
05,01,2022,09,00
GET /bridge/info 1ms 200
------------------------------------------------------------------------------------------------------
GET /bridge/info 1ms 200
------------------------------------------------------------------------------------------------------
GET /bridge/332/1igwy9o8/websocket 3ms (unfinished)
------------------------------------------------------------------------------------------------------
GET /bridge/273/jozj7p7k/websocket 0ms (unfinished)
------------------------------------------------------------------------------------------------------
------------------------------------------------------------------------------------------------------
GET /bridge/info 2ms 200
GET /bridge/info 1ms 200
------------------------------------------------------------------------------------------------------
GET /bridge/197/b7b2kyqn/websocket 0ms (unfinished)
------------------------------------------------------------------------------------------------------
------------------------------------------------------------------------------------------------------
GET /bridge/691/2tsy6gj8/websocket 1ms (unfinished)
GET /bridge/info 0ms 200
------------------------------------------------------------------------------------------------------
GET /bridge/info 0ms 200
------------------------------------------------------------------------------------------------------
GET /bridge/221/1joh7djt/websocket 0ms (unfinished)
------------------------------------------------------------------------------------------------------
GET /bridge/890/imt5rthc/websocket 1ms (unfinished)
------------------------------------------------------------------------------------------------------
------------------------------------------------------------------------------------------------------
GET /bridge/info 1ms 200
------------------------------------------------------------------------------------------------------
GET /bridge/info 0ms 200
GET /bridge/581/30p9ffbr/websocket 0ms (unfinished)
------------------------------------------------------------------------------------------------------
GET /bridge/710/ae2s8jd8/websocket 0ms (unfinished)
------------------------------------------------------------------------------------------------------
GET /bridge/info 0ms 200
------------------------------------------------------------------------------------------------------
GET /bridge/info 0ms 200
------------------------------------------------------------------------------------------------------
------------------------------------------------------------------------------------------------------
GET /bridge/994/d72utawc/websocket 1ms (unfinished)
GET /bridge/810/7t7swp_f/websocket 0ms (unfinished)
------------------------------------------------------------------------------------------------------
------------------------------------------------------------------------------------------------------
GET /bridge/info 0ms 200
------------------------------------------------------------------------------------------------------
GET /bridge/info 0ms 200
GET /bridge/016/tfken8xw/websocket 0ms (unfinished)
------------------------------------------------------------------------------------------------------
GET /bridge/806/b9tc4fq2/websocket 0ms (unfinished)
------------------------------------------------------------------------------------------------------
------------------------------------------------------------------------------------------------------
GET /bridge/info 0ms 200
------------------------------------------------------------------------------------------------------
GET /bridge/info 0ms 200
GET /bridge/067/h5l7g9h7/websocket 0ms (unfinished)
------------------------------------------------------------------------------------------------------
GET /bridge/590/igv6t5yd/websocket 0ms (unfinished)
------------------------------------------------------------------------------------------------------
------------------------------------------------------------------------------------------------------
03,01,2022,09,00
------------------------------------------------------------------------------------------------------
05,01,2022,09,00
------------------------------------------------------------------------------------------------------
GET /bridge/info 1ms 200
------------------------------------------------------------------------------------------------------
GET /bridge/info 0ms 200
------------------------------------------------------------------------------------------------------
GET /bridge/752/70h8v6zs/websocket 0ms (unfinished)
------------------------------------------------------------------------------------------------------
GET /bridge/524/1oyeco32/websocket 1ms (unfinished)
------------------------------------------------------------------------------------------------------
GET /bridge/info 1ms 200
GET /bridge/236/h8s261xf/websocket 3ms (unfinished)
GET /bridge/info 0ms 200
------------------------------------------------------------------------------------------------------
------------------------------------------------------------------------------------------------------
GET /bridge/905/t_bu1yjc/websocket 1ms (unfinished)
------------------------------------------------------------------------------------------------------
GET /bridge/info 1ms 200
------------------------------------------------------------------------------------------------------
GET /bridge/info 1ms 200
------------------------------------------------------------------------------------------------------
GET /bridge/582/4ia4j44i/websocket 4ms (unfinished)
------------------------------------------------------------------------------------------------------
GET /bridge/890/y1s4i5rt/websocket 0ms (unfinished)
------------------------------------------------------------------------------------------------------
------------------------------------------------------------------------------------------------------
POST /bridge/582/sybwnu6b/xhr_streaming 1ms (unfinished)
POST /bridge/582/sybwnu6b/xhr_send 3ms 204
------------------------------------------------------------------------------------------------------
------------------------------------------------------------------------------------------------------
POST /bridge/890/2jv9dtc2/xhr_streaming 0ms (unfinished)
03,01,2022,09,00
------------------------------------------------------------------------------------------------------
04,01,2022,09,00
------------------------------------------------------------------------------------------------------
GET /bridge/info 0ms 200
------------------------------------------------------------------------------------------------------
------------------------------------------------------------------------------------------------------
GET /bridge/info 0ms 200
GET /bridge/005/_hp6v8d7/websocket 0ms (unfinished)
------------------------------------------------------------------------------------------------------
GET /bridge/207/_khh5y8b/websocket 1ms (unfinished)
------------------------------------------------------------------------------------------------------
GET /bridge/info 2ms 200
------------------------------------------------------------------------------------------------------
GET /bridge/info 1ms 200
------------------------------------------------------------------------------------------------------
GET /bridge/937/2t0q50f0/websocket 3ms (unfinished)
------------------------------------------------------------------------------------------------------
------------------------------------------------------------------------------------------------------
GET /bridge/833/xhfshwl9/websocket 0ms (unfinished)
POST /bridge/937/764doek9/xhr_streaming 2ms (unfinished)
------------------------------------------------------------------------------------------------------
------------------------------------------------------------------------------------------------------
POST /bridge/937/764doek9/xhr_send 5ms 204
------------------------------------------------------------------------------------------------------
POST /bridge/833/svfunk_s/xhr_streaming 0ms (unfinished)
POST /bridge/833/svfunk_s/xhr_send 1ms 204
------------------------------------------------------------------------------------------------------
------------------------------------------------------------------------------------------------------
GET /bridge/info 0ms 200
GET /bridge/info 0ms 200
------------------------------------------------------------------------------------------------------
GET /bridge/614/3hbzc8v4/websocket 0ms (unfinished)
------------------------------------------------------------------------------------------------------
GET /bridge/602/jvomaw4c/websocket 1ms (unfinished)
------------------------------------------------------------------------------------------------------
------------------------------------------------------------------------------------------------------
POST /bridge/614/qfmk_047/xhr_streaming 1ms (unfinished)
POST /bridge/614/qfmk_047/xhr_send 1ms 204
------------------------------------------------------------------------------------------------------
POST /bridge/602/rmlw_mok/xhr_streaming 1ms (unfinished)
------------------------------------------------------------------------------------------------------
------------------------------------------------------------------------------------------------------
GET /bridge/info 0ms 200
GET /bridge/info 0ms 200
------------------------------------------------------------------------------------------------------
------------------------------------------------------------------------------------------------------
GET /bridge/899/you23kui/websocket 0ms (unfinished)
GET /bridge/157/m59vcyxo/websocket 1ms (unfinished)
------------------------------------------------------------------------------------------------------
GET /bridge/info 0ms 200
------------------------------------------------------------------------------------------------------
------------------------------------------------------------------------------------------------------
GET /bridge/info 1ms 200
GET /bridge/860/ctvq_vji/websocket 0ms (unfinished)
------------------------------------------------------------------------------------------------------
GET /bridge/520/tbsj8ws4/websocket 0ms (unfinished)
------------------------------------------------------------------------------------------------------
04,01,2022,09,00
------------------------------------------------------------------------------------------------------
------------------------------------------------------------------------------------------------------
04,01,2022,09,00
04,01,2022,09,00
------------------------------------------------------------------------------------------------------
04,01,2022,09,00
------------------------------------------------------------------------------------------------------
GET /bridge/info 1ms 200
------------------------------------------------------------------------------------------------------
------------------------------------------------------------------------------------------------------
GET /bridge/info 0ms 200
GET /bridge/344/m4vv52ii/websocket 4ms (unfinished)
------------------------------------------------------------------------------------------------------
------------------------------------------------------------------------------------------------------
GET /bridge/498/9_0gdtjb/websocket 0ms (unfinished)
GET /bridge/info 1ms 200
------------------------------------------------------------------------------------------------------
------------------------------------------------------------------------------------------------------
GET /bridge/info 0ms 200
GET /bridge/496/6dv41la9/websocket 3ms (unfinished)
------------------------------------------------------------------------------------------------------
GET /bridge/331/9ofibn8p/websocket 0ms (unfinished)
------------------------------------------------------------------------------------------------------
------------------------------------------------------------------------------------------------------
GET /bridge/info 1ms 200
GET /bridge/info 0ms 200
------------------------------------------------------------------------------------------------------
GET /bridge/453/zq1q2n8w/websocket 3ms (unfinished)
------------------------------------------------------------------------------------------------------
GET /bridge/678/zde4bazl/websocket 0ms (unfinished)
------------------------------------------------------------------------------------------------------
------------------------------------------------------------------------------------------------------
POST /bridge/889/o_l4m7dj/xhr_send 3ms 204
04,01,2022,09,00
------------------------------------------------------------------------------------------------------
04,01,2022,09,00
------------------------------------------------------------------------------------------------------
------------------------------------------------------------------------------------------------------
GET /bridge/info 2ms 200
GET /bridge/info 3ms 200
------------------------------------------------------------------------------------------------------
------------------------------------------------------------------------------------------------------
GET /bridge/745/qunf5hqy/websocket 2ms (unfinished)
------------------------------------------------------------------------------------------------------
GET /bridge/970/g4coug4d/websocket 1ms (unfinished)
POST /bridge/745/wgqoe2c1/xhr_streaming 1ms (unfinished)
------------------------------------------------------------------------------------------------------
------------------------------------------------------------------------------------------------------
POST /bridge/745/wgqoe2c1/xhr_send 4ms 204
POST /bridge/970/5qqeibt1/xhr_streaming 0ms (unfinished)
------------------------------------------------------------------------------------------------------
------------------------------------------------------------------------------------------------------
POST /bridge/970/5qqeibt1/xhr_send 1ms 204
GET /bridge/info 0ms 200
------------------------------------------------------------------------------------------------------
------------------------------------------------------------------------------------------------------
GET /bridge/info 0ms 200
GET /bridge/415/jmilvkhk/websocket 1ms (unfinished)
------------------------------------------------------------------------------------------------------
GET /bridge/957/f5whgixc/websocket 0ms (unfinished)
------------------------------------------------------------------------------------------------------
GET /bridge/info 1ms 200
------------------------------------------------------------------------------------------------------
GET /bridge/info 0ms 200
------------------------------------------------------------------------------------------------------
------------------------------------------------------------------------------------------------------
GET /bridge/775/2qxckx7k/websocket 0ms (unfinished)
------------------------------------------------------------------------------------------------------
GET /bridge/571/ko25iwha/websocket 1ms (unfinished)
GET /bridge/info 1ms 200
------------------------------------------------------------------------------------------------------
GET /bridge/info 0ms 200
------------------------------------------------------------------------------------------------------
GET /bridge/428/9gcxhxat/websocket 3ms (unfinished)
------------------------------------------------------------------------------------------------------
GET /bridge/984/49b5uzq5/websocket 0ms (unfinished)
------------------------------------------------------------------------------------------------------
POST /bridge/428/_30xcn_p/xhr_streaming 1ms (unfinished)
------------------------------------------------------------------------------------------------------
------------------------------------------------------------------------------------------------------
POST /bridge/428/_30xcn_p/xhr_send 3ms 204
POST /bridge/984/s2pmge4e/xhr_streaming 1ms (unfinished)
------------------------------------------------------------------------------------------------------
POST /bridge/984/s2pmge4e/xhr_send 1ms 204
------------------------------------------------------------------------------------------------------
GET /bridge/info 0ms 200
------------------------------------------------------------------------------------------------------
------------------------------------------------------------------------------------------------------
GET /bridge/info 1ms 200
GET /bridge/683/3g9q2oei/websocket 0ms (unfinished)
------------------------------------------------------------------------------------------------------
------------------------------------------------------------------------------------------------------
GET /bridge/627/g5us5ne4/websocket 0ms (unfinished)
GET /bridge/info 0ms 200
------------------------------------------------------------------------------------------------------
GET /bridge/info 0ms 200
------------------------------------------------------------------------------------------------------
------------------------------------------------------------------------------------------------------
GET /bridge/362/1zl00f6v/websocket 0ms (unfinished)
GET /bridge/350/vnj47s9x/websocket 0ms (unfinished)
------------------------------------------------------------------------------------------------------
POST /bridge/362/zvo9wzu_/xhr_streaming 1ms (unfinished)
------------------------------------------------------------------------------------------------------
------------------------------------------------------------------------------------------------------
POST /bridge/362/zvo9wzu_/xhr_send 2ms 204
POST /bridge/350/95mc2e2t/xhr_streaming 1ms (unfinished)
------------------------------------------------------------------------------------------------------
04,01,2022,09,00
------------------------------------------------------------------------------------------------------
------------------------------------------------------------------------------------------------------
04,01,2022,09,00
03,01,2022,09,00
04,01,2022,09,00
------------------------------------------------------------------------------------------------------
------------------------------------------------------------------------------------------------------
GET /bridge/info 0ms 200
------------------------------------------------------------------------------------------------------
GET /bridge/info 1ms 200
------------------------------------------------------------------------------------------------------
GET /bridge/424/bzivvqi2/websocket 1ms (unfinished)
------------------------------------------------------------------------------------------------------
------------------------------------------------------------------------------------------------------
GET /bridge/687/mk2d98pe/websocket 0ms (unfinished)
------------------------------------------------------------------------------------------------------
GET /bridge/info 1ms 200
GET /bridge/info 0ms 200
------------------------------------------------------------------------------------------------------
------------------------------------------------------------------------------------------------------
GET /bridge/566/eg68rslr/websocket 0ms (unfinished)
GET /bridge/649/qi9x1cqx/websocket 0ms (unfinished)
------------------------------------------------------------------------------------------------------
GET /bridge/info 1ms 200
------------------------------------------------------------------------------------------------------
GET /bridge/info 1ms 200
------------------------------------------------------------------------------------------------------
------------------------------------------------------------------------------------------------------
GET /bridge/152/yrhzam10/websocket 1ms (unfinished)
GET /bridge/067/2wv8khcc/websocket 0ms (unfinished)
------------------------------------------------------------------------------------------------------
POST /bridge/152/o6_wd61m/xhr_streaming 1ms (unfinished)
------------------------------------------------------------------------------------------------------
POST /bridge/152/o6_wd61m/xhr_send 4ms 204
------------------------------------------------------------------------------------------------------
POST /bridge/067/m3ur47m2/xhr_streaming 1ms (unfinished)
------------------------------------------------------------------------------------------------------
------------------------------------------------------------------------------------------------------
POST /bridge/067/m3ur47m2/xhr_send 1ms 204
GET /bridge/info 0ms 200
------------------------------------------------------------------------------------------------------
------------------------------------------------------------------------------------------------------
GET /bridge/info 1ms 200
GET /bridge/260/e9nkmhzs/websocket 1ms (unfinished)
------------------------------------------------------------------------------------------------------
------------------------------------------------------------------------------------------------------
GET /bridge/223/0nwe5vpb/websocket 0ms (unfinished)
------------------------------------------------------------------------------------------------------
POST /bridge/260/eswzb2j2/xhr_streaming 0ms (unfinished)
POST /bridge/260/eswzb2j2/xhr_send 1ms 204
------------------------------------------------------------------------------------------------------
------------------------------------------------------------------------------------------------------
POST /bridge/223/b3kz0g00/xhr_streaming 0ms (unfinished)
POST /bridge/223/b3kz0g00/xhr_send 1ms 204
------------------------------------------------------------------------------------------------------
GET /bridge/info 1ms 200
------------------------------------------------------------------------------------------------------
GET /bridge/info 0ms 200
------------------------------------------------------------------------------------------------------
GET /bridge/221/s1q5l0hb/websocket 1ms (unfinished)
------------------------------------------------------------------------------------------------------
------------------------------------------------------------------------------------------------------
GET /bridge/238/14cy_bfz/websocket 0ms (unfinished)
GET /bridge/info 0ms 200
------------------------------------------------------------------------------------------------------
------------------------------------------------------------------------------------------------------
GET /bridge/info 0ms 200
GET /bridge/196/xrr9t9lg/websocket 1ms (unfinished)
------------------------------------------------------------------------------------------------------
GET /bridge/543/ultr_w1z/websocket 0ms (unfinished)
------------------------------------------------------------------------------------------------------
------------------------------------------------------------------------------------------------------
GET /bridge/info 0ms 200
GET /bridge/info 1ms 200
------------------------------------------------------------------------------------------------------
------------------------------------------------------------------------------------------------------
GET /bridge/066/s3otw99o/websocket 0ms (unfinished)
------------------------------------------------------------------------------------------------------
GET /bridge/637/66jmh80l/websocket 0ms (unfinished)
GET /bridge/info 0ms 200
------------------------------------------------------------------------------------------------------
GET /bridge/info 1ms 200
------------------------------------------------------------------------------------------------------
GET /bridge/628/95lt0q5_/websocket 0ms (unfinished)
------------------------------------------------------------------------------------------------------
GET /bridge/430/nm6en8j1/websocket 1ms (unfinished)
------------------------------------------------------------------------------------------------------
GET /bridge/info 1ms 200
------------------------------------------------------------------------------------------------------
------------------------------------------------------------------------------------------------------
GET /bridge/info 0ms 200
GET /bridge/137/byvw94o3/websocket 1ms (unfinished)
------------------------------------------------------------------------------------------------------
GET /bridge/062/krxa2n5h/websocket 0ms (unfinished)
------------------------------------------------------------------------------------------------------
GET /bridge/info 1ms 200
------------------------------------------------------------------------------------------------------
GET /bridge/info 1ms 200
------------------------------------------------------------------------------------------------------
GET /bridge/906/kb474qup/websocket 0ms (unfinished)
------------------------------------------------------------------------------------------------------
------------------------------------------------------------------------------------------------------
GET /bridge/457/03blmpvl/websocket 0ms (unfinished)
------------------------------------------------------------------------------------------------------
POST /bridge/350/95mc2e2t/xhr_send 3ms 204
