GET /bridge/info 1ms 200
------------------------------------------------------------------------------------------------------
------------------------------------------------------------------------------------------------------
GET /bridge/info 0ms 200
GET /bridge/330/ymi4hrd5/websocket 0ms (unfinished)
------------------------------------------------------------------------------------------------------
GET /bridge/769/cvqax_4z/websocket 1ms (unfinished)
------------------------------------------------------------------------------------------------------
POST /bridge/330/1t8_2c06/xhr_streaming 1ms (unfinished)
------------------------------------------------------------------------------------------------------
POST /bridge/330/1t8_2c06/xhr_send 1ms 204
------------------------------------------------------------------------------------------------------
POST /bridge/769/7b5aw5ja/xhr_streaming 1ms (unfinished)
------------------------------------------------------------------------------------------------------
POST /bridge/769/7b5aw5ja/xhr_send 1ms 204
------------------------------------------------------------------------------------------------------
GET /bridge/info 1ms 200
------------------------------------------------------------------------------------------------------
GET /bridge/info 1ms 200
------------------------------------------------------------------------------------------------------
GET /bridge/400/s0klf7ew/websocket 2ms (unfinished)
------------------------------------------------------------------------------------------------------
GET /bridge/368/5vykqrki/websocket 1ms (unfinished)
------------------------------------------------------------------------------------------------------
------------------------------------------------------------------------------------------------------
POST /bridge/400/cudp6wsx/xhr_streaming 1ms (unfinished)
------------------------------------------------------------------------------------------------------
POST /bridge/400/cudp6wsx/xhr_send 3ms 204
POST /bridge/368/a5mt2oyb/xhr_streaming 1ms (unfinished)
------------------------------------------------------------------------------------------------------
POST /bridge/368/a5mt2oyb/xhr_send 0ms 204
------------------------------------------------------------------------------------------------------
GET /bridge/info 1ms 200
------------------------------------------------------------------------------------------------------
GET /bridge/info 0ms 200
------------------------------------------------------------------------------------------------------
GET /bridge/095/f13gjrma/websocket 2ms (unfinished)
------------------------------------------------------------------------------------------------------
GET /bridge/424/pke6o3hl/websocket 0ms (unfinished)
------------------------------------------------------------------------------------------------------
------------------------------------------------------------------------------------------------------
POST /bridge/095/xbroucni/xhr_streaming 1ms (unfinished)
POST /bridge/095/xbroucni/xhr_send 3ms 204
------------------------------------------------------------------------------------------------------
POST /bridge/424/kg5w8zri/xhr_streaming 2ms (unfinished)
------------------------------------------------------------------------------------------------------
POST /bridge/424/kg5w8zri/xhr_send 1ms 204
------------------------------------------------------------------------------------------------------
------------------------------------------------------------------------------------------------------
GET /bridge/info 0ms 200
------------------------------------------------------------------------------------------------------
GET /bridge/info 0ms 200
GET /bridge/606/sqwd64co/websocket 1ms (unfinished)
------------------------------------------------------------------------------------------------------
GET /bridge/787/_a1k8dxj/websocket 0ms (unfinished)
------------------------------------------------------------------------------------------------------
------------------------------------------------------------------------------------------------------
POST /bridge/606/ysjpjjik/xhr_streaming 1ms (unfinished)
POST /bridge/606/ysjpjjik/xhr_send 1ms 204
------------------------------------------------------------------------------------------------------
------------------------------------------------------------------------------------------------------
POST /bridge/787/zbi9xaio/xhr_streaming 1ms (unfinished)
------------------------------------------------------------------------------------------------------
POST /bridge/787/zbi9xaio/xhr_send 1ms 204
------------------------------------------------------------------------------------------------------
GET /bridge/info 0ms 200
GET /bridge/info 1ms 200
------------------------------------------------------------------------------------------------------
GET /bridge/286/rf02yc5t/websocket 1ms (unfinished)
------------------------------------------------------------------------------------------------------
GET /bridge/618/l299fq8j/websocket 1ms (unfinished)
------------------------------------------------------------------------------------------------------
POST /bridge/286/zvept5g6/xhr_streaming 1ms (unfinished)
------------------------------------------------------------------------------------------------------
POST /bridge/286/zvept5g6/xhr_send 1ms 204
------------------------------------------------------------------------------------------------------
POST /bridge/618/8rvfveth/xhr_streaming 1ms (unfinished)
------------------------------------------------------------------------------------------------------
GET /bridge/info 1ms 200
------------------------------------------------------------------------------------------------------
GET /bridge/info 0ms 200
------------------------------------------------------------------------------------------------------
------------------------------------------------------------------------------------------------------
GET /bridge/779/ze73ub9x/websocket 2ms (unfinished)
GET /bridge/628/04no5by8/websocket 0ms (unfinished)
------------------------------------------------------------------------------------------------------
GET /bridge/info 1ms 200
------------------------------------------------------------------------------------------------------
GET /bridge/info 0ms 200
------------------------------------------------------------------------------------------------------
GET /bridge/477/8cbtq5r1/websocket 2ms (unfinished)
------------------------------------------------------------------------------------------------------
GET /bridge/555/czc2npr8/websocket 0ms (unfinished)
------------------------------------------------------------------------------------------------------
GET /bridge/info 1ms 200
------------------------------------------------------------------------------------------------------
GET /bridge/info 0ms 200
------------------------------------------------------------------------------------------------------
GET /bridge/913/n1yrgttj/websocket 2ms (unfinished)
------------------------------------------------------------------------------------------------------
------------------------------------------------------------------------------------------------------
GET /bridge/994/4ywu702r/websocket 0ms (unfinished)
GET /bridge/info 1ms 200
------------------------------------------------------------------------------------------------------
GET /bridge/info 0ms 200
------------------------------------------------------------------------------------------------------
GET /bridge/010/6mipv06g/websocket 2ms (unfinished)
------------------------------------------------------------------------------------------------------
GET /bridge/153/2bvoylcs/websocket 0ms (unfinished)
------------------------------------------------------------------------------------------------------
POST /bridge/010/9womvot4/xhr_streaming 1ms (unfinished)
------------------------------------------------------------------------------------------------------
POST /bridge/010/9womvot4/xhr_send 3ms 204
------------------------------------------------------------------------------------------------------
POST /bridge/153/e8h3b6gk/xhr_streaming 0ms (unfinished)
------------------------------------------------------------------------------------------------------
------------------------------------------------------------------------------------------------------
POST /bridge/153/e8h3b6gk/xhr_send 1ms 204
GET /bridge/info 0ms 200
------------------------------------------------------------------------------------------------------
GET /bridge/info 0ms 200
------------------------------------------------------------------------------------------------------
GET /bridge/993/20wr1uvk/websocket 0ms (unfinished)
------------------------------------------------------------------------------------------------------
GET /bridge/649/2j42av63/websocket 1ms (unfinished)
------------------------------------------------------------------------------------------------------
GET /bridge/info 1ms 200
------------------------------------------------------------------------------------------------------
------------------------------------------------------------------------------------------------------
GET /bridge/info 0ms 200
GET /bridge/535/k1sqjhph/websocket 4ms (unfinished)
------------------------------------------------------------------------------------------------------
GET /bridge/456/_iqffvgs/websocket 1ms (unfinished)
------------------------------------------------------------------------------------------------------
GET /bridge/info 1ms 200
------------------------------------------------------------------------------------------------------
GET /bridge/info 0ms 200
------------------------------------------------------------------------------------------------------
GET /bridge/138/53ij8jlw/websocket 2ms (unfinished)
------------------------------------------------------------------------------------------------------
GET /bridge/547/b4bj5i66/websocket 0ms (unfinished)
------------------------------------------------------------------------------------------------------
GET /bridge/info 1ms 200
------------------------------------------------------------------------------------------------------
------------------------------------------------------------------------------------------------------
GET /bridge/info 0ms 200
GET /bridge/073/g7xa4dpv/websocket 2ms (unfinished)
------------------------------------------------------------------------------------------------------
GET /bridge/460/7nvxk_8_/websocket 0ms (unfinished)
------------------------------------------------------------------------------------------------------
POST /bridge/073/fzdly9gp/xhr_streaming 1ms (unfinished)
------------------------------------------------------------------------------------------------------
POST /bridge/073/fzdly9gp/xhr_send 3ms 204
------------------------------------------------------------------------------------------------------
POST /bridge/460/hnoxlezd/xhr_streaming 1ms (unfinished)
------------------------------------------------------------------------------------------------------
------------------------------------------------------------------------------------------------------
POST /bridge/460/hnoxlezd/xhr_send 1ms 204
GET /bridge/info 1ms 200
------------------------------------------------------------------------------------------------------
GET /bridge/info 1ms 200
------------------------------------------------------------------------------------------------------
GET /bridge/997/ypccv37f/websocket 0ms (unfinished)
------------------------------------------------------------------------------------------------------
GET /bridge/471/n_ia6z_8/websocket 0ms (unfinished)
------------------------------------------------------------------------------------------------------
GET /bridge/info 1ms 200
------------------------------------------------------------------------------------------------------
GET /bridge/info 0ms 200
------------------------------------------------------------------------------------------------------
------------------------------------------------------------------------------------------------------
GET /bridge/485/u_by6ez6/websocket 2ms (unfinished)
GET /bridge/484/ymyiy1cp/websocket 0ms (unfinished)
------------------------------------------------------------------------------------------------------
GET /bridge/info 1ms 200
------------------------------------------------------------------------------------------------------
GET /bridge/info 0ms 200
------------------------------------------------------------------------------------------------------
GET /bridge/551/z85d8cft/websocket 2ms (unfinished)
------------------------------------------------------------------------------------------------------
GET /bridge/537/o4lojloc/websocket 0ms (unfinished)
------------------------------------------------------------------------------------------------------
GET /bridge/info 2ms 200
------------------------------------------------------------------------------------------------------
GET /bridge/info 0ms 200
------------------------------------------------------------------------------------------------------
GET /bridge/146/3qg2wnqw/websocket 2ms (unfinished)
------------------------------------------------------------------------------------------------------
------------------------------------------------------------------------------------------------------
GET /bridge/798/9ru88i9d/websocket 0ms (unfinished)
POST /bridge/146/93e9b53w/xhr_streaming 1ms (unfinished)
------------------------------------------------------------------------------------------------------
------------------------------------------------------------------------------------------------------
POST /bridge/146/93e9b53w/xhr_send 3ms 204
POST /bridge/798/9ljzxmvb/xhr_streaming 0ms (unfinished)
------------------------------------------------------------------------------------------------------
GET /bridge/info 0ms 200
------------------------------------------------------------------------------------------------------
GET /bridge/info 0ms 200
------------------------------------------------------------------------------------------------------
GET /bridge/913/5eme7eo0/websocket 0ms (unfinished)
------------------------------------------------------------------------------------------------------
GET /bridge/260/3kda1s1d/websocket 0ms (unfinished)
------------------------------------------------------------------------------------------------------
GET /bridge/info 0ms 200
------------------------------------------------------------------------------------------------------
GET /bridge/info 1ms 200
------------------------------------------------------------------------------------------------------
GET /bridge/181/eve9j07n/websocket 0ms (unfinished)
------------------------------------------------------------------------------------------------------
------------------------------------------------------------------------------------------------------
GET /bridge/339/sh2atyds/websocket 0ms (unfinished)
GET /bridge/info 1ms 200
------------------------------------------------------------------------------------------------------
GET /bridge/info 0ms 200
------------------------------------------------------------------------------------------------------
GET /bridge/827/myatpgjj/websocket 3ms (unfinished)
------------------------------------------------------------------------------------------------------
GET /bridge/526/199xe43v/websocket 0ms (unfinished)
------------------------------------------------------------------------------------------------------
GET /bridge/info 1ms 200
------------------------------------------------------------------------------------------------------
GET /bridge/info 0ms 200
------------------------------------------------------------------------------------------------------
GET /bridge/861/2v3a8n2h/websocket 2ms (unfinished)
------------------------------------------------------------------------------------------------------
------------------------------------------------------------------------------------------------------
GET /bridge/695/imbyo4tp/websocket 1ms (unfinished)
GET /bridge/info 1ms 200
------------------------------------------------------------------------------------------------------
GET /bridge/info 0ms 200
------------------------------------------------------------------------------------------------------
GET /bridge/220/mkh4v9jk/websocket 3ms (unfinished)
------------------------------------------------------------------------------------------------------
GET /bridge/620/towus5jh/websocket 0ms (unfinished)
------------------------------------------------------------------------------------------------------
GET /bridge/info 1ms 200
------------------------------------------------------------------------------------------------------
GET /bridge/info 0ms 200
------------------------------------------------------------------------------------------------------
GET /bridge/387/ddw1quze/websocket 3ms (unfinished)
------------------------------------------------------------------------------------------------------
GET /bridge/558/pgym229a/websocket 1ms (unfinished)
------------------------------------------------------------------------------------------------------
POST /bridge/387/8spur3xc/xhr_streaming 1ms (unfinished)
------------------------------------------------------------------------------------------------------
Exception on "POST /bridge/387/8spur3xc/xhr_send" in filter "xhr_send":
RangeError [ERR_SOCKET_BAD_PORT]: Port should be >= 0 and < 65536. Received .
    at validatePort (internal/validators.js:211:11)
    at lookupAndConnect (net.js:1000:5)
    at Socket.connect (net.js:976:5)
    at new module.exports.Socket (C:\Nitrogen\NitroWEB\www\js\lib\webtcp\server\socket.js:67:15)
    at module.exports.WebTCP.dispatch (C:\Nitrogen\NitroWEB\www\js\lib\webtcp\server\webtcp.js:37:40)
    at SockJSConnection.<anonymous> (C:\Nitrogen\NitroWEB\www\js\lib\webtcp\server\webtcp.js:25:12)
    at SockJSConnection.emit (events.js:376:20)
    at Session.didMessage (C:\Nitrogen\NitroWEB\node_modules\sockjs\lib\transport.js:246:25)
    at App.xhr_send (C:\Nitrogen\NitroWEB\node_modules\sockjs\lib\trans-xhr.js:81:15)
    at execute_request (C:\Nitrogen\NitroWEB\node_modules\sockjs\lib\webjs.js:22:37)
------------------------------------------------------------------------------------------------------
------------------------------------------------------------------------------------------------------
POST /bridge/387/8spur3xc/xhr_send 6ms 500
POST /bridge/558/6xsoqffj/xhr_streaming 1ms (unfinished)
------------------------------------------------------------------------------------------------------
Exception on "POST /bridge/558/6xsoqffj/xhr_send" in filter "xhr_send":
RangeError [ERR_SOCKET_BAD_PORT]: Port should be >= 0 and < 65536. Received .
    at validatePort (internal/validators.js:211:11)
    at lookupAndConnect (net.js:1000:5)
    at Socket.connect (net.js:976:5)
    at new module.exports.Socket (C:\Nitrogen\NitroWEB\www\js\lib\webtcp\server\socket.js:67:15)
    at module.exports.WebTCP.dispatch (C:\Nitrogen\NitroWEB\www\js\lib\webtcp\server\webtcp.js:37:40)
    at SockJSConnection.<anonymous> (C:\Nitrogen\NitroWEB\www\js\lib\webtcp\server\webtcp.js:25:12)
    at SockJSConnection.emit (events.js:376:20)
    at Session.didMessage (C:\Nitrogen\NitroWEB\node_modules\sockjs\lib\transport.js:246:25)
    at App.xhr_send (C:\Nitrogen\NitroWEB\node_modules\sockjs\lib\trans-xhr.js:81:15)
    at execute_request (C:\Nitrogen\NitroWEB\node_modules\sockjs\lib\webjs.js:22:37)
------------------------------------------------------------------------------------------------------
POST /bridge/558/6xsoqffj/xhr_send 1ms 500
------------------------------------------------------------------------------------------------------
GET /bridge/info 0ms 200
------------------------------------------------------------------------------------------------------
GET /bridge/info 1ms 200
------------------------------------------------------------------------------------------------------
GET /bridge/674/ee1b6wy0/websocket 0ms (unfinished)
------------------------------------------------------------------------------------------------------
GET /bridge/815/jfpty9h8/websocket 0ms (unfinished)
------------------------------------------------------------------------------------------------------
GET /bridge/info 1ms 200
------------------------------------------------------------------------------------------------------
------------------------------------------------------------------------------------------------------
GET /bridge/info 0ms 200
------------------------------------------------------------------------------------------------------
GET /bridge/966/19r6iwgr/websocket 2ms (unfinished)
GET /bridge/697/u0l3w6pb/websocket 0ms (unfinished)
------------------------------------------------------------------------------------------------------
POST /bridge/966/j9_jyg1k/xhr_streaming 1ms (unfinished)
------------------------------------------------------------------------------------------------------
Exception on "POST /bridge/966/j9_jyg1k/xhr_send" in filter "xhr_send":
RangeError [ERR_SOCKET_BAD_PORT]: Port should be >= 0 and < 65536. Received .
    at validatePort (internal/validators.js:211:11)
    at lookupAndConnect (net.js:1000:5)
    at Socket.connect (net.js:976:5)
    at new module.exports.Socket (C:\Nitrogen\NitroWEB\www\js\lib\webtcp\server\socket.js:67:15)
    at module.exports.WebTCP.dispatch (C:\Nitrogen\NitroWEB\www\js\lib\webtcp\server\webtcp.js:37:40)
    at SockJSConnection.<anonymous> (C:\Nitrogen\NitroWEB\www\js\lib\webtcp\server\webtcp.js:25:12)
    at SockJSConnection.emit (events.js:376:20)
    at Session.didMessage (C:\Nitrogen\NitroWEB\node_modules\sockjs\lib\transport.js:246:25)
    at App.xhr_send (C:\Nitrogen\NitroWEB\node_modules\sockjs\lib\trans-xhr.js:81:15)
    at execute_request (C:\Nitrogen\NitroWEB\node_modules\sockjs\lib\webjs.js:22:37)
------------------------------------------------------------------------------------------------------
------------------------------------------------------------------------------------------------------
POST /bridge/966/j9_jyg1k/xhr_send 4ms 500
POST /bridge/697/8u0f9wnr/xhr_streaming 1ms (unfinished)
------------------------------------------------------------------------------------------------------
Exception on "POST /bridge/697/8u0f9wnr/xhr_send" in filter "xhr_send":
RangeError [ERR_SOCKET_BAD_PORT]: Port should be >= 0 and < 65536. Received .
    at validatePort (internal/validators.js:211:11)
    at lookupAndConnect (net.js:1000:5)
    at Socket.connect (net.js:976:5)
    at new module.exports.Socket (C:\Nitrogen\NitroWEB\www\js\lib\webtcp\server\socket.js:67:15)
    at module.exports.WebTCP.dispatch (C:\Nitrogen\NitroWEB\www\js\lib\webtcp\server\webtcp.js:37:40)
    at SockJSConnection.<anonymous> (C:\Nitrogen\NitroWEB\www\js\lib\webtcp\server\webtcp.js:25:12)
    at SockJSConnection.emit (events.js:376:20)
    at Session.didMessage (C:\Nitrogen\NitroWEB\node_modules\sockjs\lib\transport.js:246:25)
    at App.xhr_send (C:\Nitrogen\NitroWEB\node_modules\sockjs\lib\trans-xhr.js:81:15)
    at execute_request (C:\Nitrogen\NitroWEB\node_modules\sockjs\lib\webjs.js:22:37)
POST /bridge/697/8u0f9wnr/xhr_send 1ms 500
------------------------------------------------------------------------------------------------------
------------------------------------------------------------------------------------------------------
GET /bridge/info 1ms 200
------------------------------------------------------------------------------------------------------
------------------------------------------------------------------------------------------------------
GET /bridge/info 0ms 200
GET /bridge/341/trfyv3sf/websocket 0ms (unfinished)
------------------------------------------------------------------------------------------------------
GET /bridge/998/06j94ryu/websocket 0ms (unfinished)
------------------------------------------------------------------------------------------------------
POST /bridge/341/z_475q1z/xhr_streaming 0ms (unfinished)
------------------------------------------------------------------------------------------------------
------------------------------------------------------------------------------------------------------
Exception on "POST /bridge/341/z_475q1z/xhr_send" in filter "xhr_send":
RangeError [ERR_SOCKET_BAD_PORT]: Port should be >= 0 and < 65536. Received .
    at validatePort (internal/validators.js:211:11)
    at lookupAndConnect (net.js:1000:5)
    at Socket.connect (net.js:976:5)
    at new module.exports.Socket (C:\Nitrogen\NitroWEB\www\js\lib\webtcp\server\socket.js:67:15)
    at module.exports.WebTCP.dispatch (C:\Nitrogen\NitroWEB\www\js\lib\webtcp\server\webtcp.js:37:40)
    at SockJSConnection.<anonymous> (C:\Nitrogen\NitroWEB\www\js\lib\webtcp\server\webtcp.js:25:12)
    at SockJSConnection.emit (events.js:376:20)
    at Session.didMessage (C:\Nitrogen\NitroWEB\node_modules\sockjs\lib\transport.js:246:25)
    at App.xhr_send (C:\Nitrogen\NitroWEB\node_modules\sockjs\lib\trans-xhr.js:81:15)
    at execute_request (C:\Nitrogen\NitroWEB\node_modules\sockjs\lib\webjs.js:22:37)
------------------------------------------------------------------------------------------------------
POST /bridge/341/z_475q1z/xhr_send 2ms 500
POST /bridge/998/6fzha5fo/xhr_streaming 0ms (unfinished)
------------------------------------------------------------------------------------------------------
GET /bridge/info 0ms 200
------------------------------------------------------------------------------------------------------
GET /bridge/info 0ms 200
------------------------------------------------------------------------------------------------------
GET /bridge/890/h5u05drb/websocket 1ms (unfinished)
------------------------------------------------------------------------------------------------------
GET /bridge/163/2g5_w5gs/websocket 0ms (unfinished)
------------------------------------------------------------------------------------------------------
GET /bridge/info 1ms 200
------------------------------------------------------------------------------------------------------
GET /bridge/info 0ms 200
------------------------------------------------------------------------------------------------------
GET /bridge/907/3vjlk3ba/websocket 0ms (unfinished)
------------------------------------------------------------------------------------------------------
------------------------------------------------------------------------------------------------------
GET /bridge/448/tl0jxk8n/websocket 0ms (unfinished)
17,02,2022,09,00
------------------------------------------------------------------------------------------------------
17,02,2022,09,00
------------------------------------------------------------------------------------------------------
GET /bridge/info 2ms 200
------------------------------------------------------------------------------------------------------
GET /bridge/info 0ms 200
------------------------------------------------------------------------------------------------------
GET /bridge/949/6p595r_3/websocket 3ms (unfinished)
------------------------------------------------------------------------------------------------------
GET /bridge/375/b1h71rbn/websocket 0ms (unfinished)
------------------------------------------------------------------------------------------------------
------------------------------------------------------------------------------------------------------
GET /bridge/info 2ms 200
GET /bridge/info 0ms 200
------------------------------------------------------------------------------------------------------
GET /bridge/148/yfr2oppu/websocket 2ms (unfinished)
------------------------------------------------------------------------------------------------------
GET /bridge/845/hshkex0n/websocket 0ms (unfinished)
------------------------------------------------------------------------------------------------------
GET /bridge/info 1ms 200
------------------------------------------------------------------------------------------------------
GET /bridge/info 1ms 200
------------------------------------------------------------------------------------------------------
GET /bridge/593/_b1e414q/websocket 3ms (unfinished)
------------------------------------------------------------------------------------------------------
GET /bridge/742/ltybgsf6/websocket 0ms (unfinished)
------------------------------------------------------------------------------------------------------
GET /bridge/info 1ms 200
------------------------------------------------------------------------------------------------------
GET /bridge/info 0ms 200
------------------------------------------------------------------------------------------------------
GET /bridge/159/xaamh9lc/websocket 0ms (unfinished)
------------------------------------------------------------------------------------------------------
------------------------------------------------------------------------------------------------------
GET /bridge/706/984h0u73/websocket 0ms (unfinished)
GET /bridge/info 0ms 200
------------------------------------------------------------------------------------------------------
GET /bridge/info 0ms 200
------------------------------------------------------------------------------------------------------
GET /bridge/924/5110g6_y/websocket 0ms (unfinished)
------------------------------------------------------------------------------------------------------
------------------------------------------------------------------------------------------------------
GET /bridge/320/zj4812hg/websocket 1ms (unfinished)
GET /bridge/info 1ms 200
------------------------------------------------------------------------------------------------------
------------------------------------------------------------------------------------------------------
GET /bridge/info 1ms 200
GET /bridge/731/_unftj8l/websocket 3ms (unfinished)
------------------------------------------------------------------------------------------------------
GET /bridge/394/xluytcbr/websocket 0ms (unfinished)
------------------------------------------------------------------------------------------------------
POST /bridge/618/8rvfveth/xhr_send 3ms 404
------------------------------------------------------------------------------------------------------
GET /bridge/info 0ms 200
------------------------------------------------------------------------------------------------------
------------------------------------------------------------------------------------------------------
GET /bridge/info 1ms 200
------------------------------------------------------------------------------------------------------
GET /bridge/326/la1e5tmx/websocket 0ms (unfinished)
------------------------------------------------------------------------------------------------------
GET /bridge/587/lsuqn10j/websocket 0ms (unfinished)
POST /bridge/326/5j7wn8y2/xhr_streaming 0ms (unfinished)
------------------------------------------------------------------------------------------------------
------------------------------------------------------------------------------------------------------
POST /bridge/326/5j7wn8y2/xhr_send 3ms 204
------------------------------------------------------------------------------------------------------
POST /bridge/587/tnsx2xpb/xhr_streaming 1ms (unfinished)
POST /bridge/587/tnsx2xpb/xhr_send 1ms 204
------------------------------------------------------------------------------------------------------
GET /bridge/info 0ms 200
------------------------------------------------------------------------------------------------------
------------------------------------------------------------------------------------------------------
GET /bridge/info 0ms 200
GET /bridge/559/6se_j25z/websocket 0ms (unfinished)
------------------------------------------------------------------------------------------------------
GET /bridge/274/_dfm5i85/websocket 1ms (unfinished)
------------------------------------------------------------------------------------------------------
POST /bridge/559/9gfypv35/xhr_streaming 0ms (unfinished)
------------------------------------------------------------------------------------------------------
POST /bridge/559/9gfypv35/xhr_send 1ms 204
------------------------------------------------------------------------------------------------------
POST /bridge/274/mmnhk7_8/xhr_streaming 1ms (unfinished)
------------------------------------------------------------------------------------------------------
POST /bridge/274/mmnhk7_8/xhr_send 0ms 204
------------------------------------------------------------------------------------------------------
------------------------------------------------------------------------------------------------------
GET /bridge/info 1ms 200
GET /bridge/info 1ms 200
------------------------------------------------------------------------------------------------------
------------------------------------------------------------------------------------------------------
GET /bridge/661/7b_gxhjr/websocket 2ms (unfinished)
GET /bridge/658/3rplv1xw/websocket 1ms (unfinished)
------------------------------------------------------------------------------------------------------
POST /bridge/661/uszxr1tf/xhr_streaming 1ms (unfinished)
------------------------------------------------------------------------------------------------------
------------------------------------------------------------------------------------------------------
POST /bridge/661/uszxr1tf/xhr_send 5ms 204
POST /bridge/658/m_wsbqgf/xhr_streaming 1ms (unfinished)
------------------------------------------------------------------------------------------------------
------------------------------------------------------------------------------------------------------
POST /bridge/998/6fzha5fo/xhr_send 3ms 404
GET /bridge/info 1ms 200
------------------------------------------------------------------------------------------------------
GET /bridge/info 1ms 200
------------------------------------------------------------------------------------------------------
GET /bridge/303/a2thqyqc/websocket 3ms (unfinished)
------------------------------------------------------------------------------------------------------
GET /bridge/519/9cvpt52b/websocket 0ms (unfinished)
------------------------------------------------------------------------------------------------------
GET /bridge/info 1ms 200
------------------------------------------------------------------------------------------------------
GET /bridge/info 0ms 200
------------------------------------------------------------------------------------------------------
GET /bridge/897/wdspunbl/websocket 3ms (unfinished)
------------------------------------------------------------------------------------------------------
GET /bridge/060/6olpp28n/websocket 0ms (unfinished)
------------------------------------------------------------------------------------------------------
------------------------------------------------------------------------------------------------------
GET /bridge/info 0ms 200
------------------------------------------------------------------------------------------------------
GET /bridge/info 1ms 200
GET /bridge/528/d3w4b7jf/websocket 0ms (unfinished)
------------------------------------------------------------------------------------------------------
GET /bridge/730/d52sfd9f/websocket 0ms (unfinished)
------------------------------------------------------------------------------------------------------
GET /bridge/info 1ms 200
------------------------------------------------------------------------------------------------------
------------------------------------------------------------------------------------------------------
GET /bridge/info 0ms 200
GET /bridge/091/vykgh26p/websocket 3ms (unfinished)
------------------------------------------------------------------------------------------------------
GET /bridge/414/yazethgo/websocket 0ms (unfinished)
------------------------------------------------------------------------------------------------------
GET /bridge/info 1ms 200
------------------------------------------------------------------------------------------------------
GET /bridge/info 0ms 200
------------------------------------------------------------------------------------------------------
------------------------------------------------------------------------------------------------------
GET /bridge/797/sbkd7vpu/websocket 2ms (unfinished)
------------------------------------------------------------------------------------------------------
GET /bridge/553/rfcrhazw/websocket 0ms (unfinished)
GET /bridge/info 0ms 200
------------------------------------------------------------------------------------------------------
GET /bridge/info 0ms 200
------------------------------------------------------------------------------------------------------
GET /bridge/320/blglebmf/websocket 0ms (unfinished)
------------------------------------------------------------------------------------------------------
------------------------------------------------------------------------------------------------------
GET /bridge/245/vw6gkvqj/websocket 0ms (unfinished)
GET /bridge/info 1ms 200
------------------------------------------------------------------------------------------------------
GET /bridge/info 0ms 200
------------------------------------------------------------------------------------------------------
GET /bridge/635/jkwbhnzn/websocket 3ms (unfinished)
------------------------------------------------------------------------------------------------------
GET /bridge/463/ksuvx56a/websocket 0ms (unfinished)
------------------------------------------------------------------------------------------------------
GET /bridge/info 2ms 200
------------------------------------------------------------------------------------------------------
GET /bridge/info 0ms 200
------------------------------------------------------------------------------------------------------
------------------------------------------------------------------------------------------------------
GET /bridge/545/g9j2tptg/websocket 2ms (unfinished)
------------------------------------------------------------------------------------------------------
GET /bridge/info 1ms 200
------------------------------------------------------------------------------------------------------
GET /bridge/info 0ms 200
GET /bridge/653/25s0w24g/websocket 3ms (unfinished)
------------------------------------------------------------------------------------------------------
GET /bridge/050/qnlypr7k/websocket 0ms (unfinished)
------------------------------------------------------------------------------------------------------
------------------------------------------------------------------------------------------------------
GET /bridge/info 2ms 200
GET /bridge/info 0ms 200
------------------------------------------------------------------------------------------------------
------------------------------------------------------------------------------------------------------
GET /bridge/743/392nqbe8/websocket 3ms (unfinished)
GET /bridge/147/r77c99vx/websocket 1ms (unfinished)
------------------------------------------------------------------------------------------------------
------------------------------------------------------------------------------------------------------
GET /bridge/info 0ms 200
GET /bridge/info 1ms 200
------------------------------------------------------------------------------------------------------
------------------------------------------------------------------------------------------------------
GET /bridge/935/8fwjws5y/websocket 0ms (unfinished)
GET /bridge/664/qfto10zu/websocket 1ms (unfinished)
------------------------------------------------------------------------------------------------------
GET /bridge/info 0ms 200
------------------------------------------------------------------------------------------------------
GET /bridge/info 0ms 200
------------------------------------------------------------------------------------------------------
------------------------------------------------------------------------------------------------------
GET /bridge/876/_29r5_0f/websocket 0ms (unfinished)
GET /bridge/124/vpgs5m8z/websocket 1ms (unfinished)
------------------------------------------------------------------------------------------------------
------------------------------------------------------------------------------------------------------
POST /bridge/798/9ljzxmvb/xhr_send 3ms 204
GET /bridge/info 0ms 200
------------------------------------------------------------------------------------------------------
GET /bridge/info 1ms 200
------------------------------------------------------------------------------------------------------
GET /bridge/895/dclwfmat/websocket 1ms (unfinished)
------------------------------------------------------------------------------------------------------
GET /bridge/461/9fat4_76/websocket 0ms (unfinished)
------------------------------------------------------------------------------------------------------
POST /bridge/895/q82libga/xhr_streaming 1ms (unfinished)
------------------------------------------------------------------------------------------------------
POST /bridge/895/q82libga/xhr_send 1ms 204
------------------------------------------------------------------------------------------------------
POST /bridge/461/0mtytlp3/xhr_streaming 1ms (unfinished)
------------------------------------------------------------------------------------------------------
------------------------------------------------------------------------------------------------------
POST /bridge/461/0mtytlp3/xhr_send 1ms 204
GET /bridge/info 1ms 200
------------------------------------------------------------------------------------------------------
------------------------------------------------------------------------------------------------------
GET /bridge/info 0ms 200
GET /bridge/526/j7jf2l57/websocket 3ms (unfinished)
------------------------------------------------------------------------------------------------------
GET /bridge/961/9bmgprw9/websocket 0ms (unfinished)
------------------------------------------------------------------------------------------------------
GET /bridge/info 1ms 200
------------------------------------------------------------------------------------------------------
GET /bridge/info 0ms 200
------------------------------------------------------------------------------------------------------
------------------------------------------------------------------------------------------------------
GET /bridge/601/izj6h1od/websocket 2ms (unfinished)
------------------------------------------------------------------------------------------------------
GET /bridge/931/wtuqo12b/websocket 0ms (unfinished)
------------------------------------------------------------------------------------------------------
GET /bridge/info 1ms 200
GET /bridge/info 0ms 200
------------------------------------------------------------------------------------------------------
------------------------------------------------------------------------------------------------------
GET /bridge/090/zbfc44jk/websocket 1ms (unfinished)
GET /bridge/245/r19a8qbh/websocket 1ms (unfinished)
------------------------------------------------------------------------------------------------------
GET /bridge/info 1ms 200
------------------------------------------------------------------------------------------------------
GET /bridge/info 0ms 200
------------------------------------------------------------------------------------------------------
GET /bridge/561/jg7ea1t4/websocket 1ms (unfinished)
------------------------------------------------------------------------------------------------------
GET /bridge/215/ebv8n6cq/websocket 0ms (unfinished)
------------------------------------------------------------------------------------------------------
GET /bridge/info 1ms 200
------------------------------------------------------------------------------------------------------
GET /bridge/info 0ms 200
------------------------------------------------------------------------------------------------------
GET /bridge/886/vmyh_ppi/websocket 1ms (unfinished)
------------------------------------------------------------------------------------------------------
GET /bridge/756/amf62kj4/websocket 1ms (unfinished)
------------------------------------------------------------------------------------------------------
GET /bridge/info 0ms 200
------------------------------------------------------------------------------------------------------
GET /bridge/info 0ms 200
------------------------------------------------------------------------------------------------------
GET /bridge/567/ufqpa5zq/websocket 1ms (unfinished)
------------------------------------------------------------------------------------------------------
GET /bridge/815/wrzfrobz/websocket 1ms (unfinished)
------------------------------------------------------------------------------------------------------
GET /bridge/info 1ms 200
------------------------------------------------------------------------------------------------------
GET /bridge/info 1ms 200
------------------------------------------------------------------------------------------------------
GET /bridge/908/rd6gueea/websocket 1ms (unfinished)
------------------------------------------------------------------------------------------------------
GET /bridge/726/zyix2izo/websocket 0ms (unfinished)
------------------------------------------------------------------------------------------------------
GET /bridge/info 0ms 200
------------------------------------------------------------------------------------------------------
GET /bridge/info 1ms 200
------------------------------------------------------------------------------------------------------
GET /bridge/776/s0mcsq_0/websocket 1ms (unfinished)
------------------------------------------------------------------------------------------------------
GET /bridge/111/51mys6li/websocket 0ms (unfinished)
------------------------------------------------------------------------------------------------------
------------------------------------------------------------------------------------------------------
GET /bridge/info 1ms 200
------------------------------------------------------------------------------------------------------
GET /bridge/info 1ms 200
GET /bridge/255/ay4eu1bj/websocket 0ms (unfinished)
------------------------------------------------------------------------------------------------------
------------------------------------------------------------------------------------------------------
GET /bridge/314/hi43u0e8/websocket 0ms (unfinished)
GET /bridge/info 0ms 200
------------------------------------------------------------------------------------------------------
GET /bridge/info 1ms 200
------------------------------------------------------------------------------------------------------
------------------------------------------------------------------------------------------------------
GET /bridge/874/5t0zwyeg/websocket 0ms (unfinished)
------------------------------------------------------------------------------------------------------
GET /bridge/387/490fpipb/websocket 1ms (unfinished)
------------------------------------------------------------------------------------------------------
GET /bridge/info 1ms 200
------------------------------------------------------------------------------------------------------
GET /bridge/info 0ms 200
GET /bridge/127/vou_5159/websocket 2ms (unfinished)
------------------------------------------------------------------------------------------------------
------------------------------------------------------------------------------------------------------
GET /bridge/361/tv4hfcr4/websocket 0ms (unfinished)
GET /bridge/info 1ms 200
------------------------------------------------------------------------------------------------------
GET /bridge/info 0ms 200
------------------------------------------------------------------------------------------------------
GET /bridge/753/gjbatm9l/websocket 1ms (unfinished)
------------------------------------------------------------------------------------------------------
------------------------------------------------------------------------------------------------------
GET /bridge/616/2hoptxxq/websocket 1ms (unfinished)
GET /bridge/info 0ms 200
------------------------------------------------------------------------------------------------------
GET /bridge/info 0ms 200
------------------------------------------------------------------------------------------------------
GET /bridge/692/ul4ju50o/websocket 1ms (unfinished)
------------------------------------------------------------------------------------------------------
GET /bridge/579/fd9h48cw/websocket 0ms (unfinished)
------------------------------------------------------------------------------------------------------
------------------------------------------------------------------------------------------------------
GET /bridge/info 1ms 200
GET /bridge/info 0ms 200
------------------------------------------------------------------------------------------------------
GET /bridge/236/7um17_ti/websocket 2ms (unfinished)
------------------------------------------------------------------------------------------------------
GET /bridge/334/9van5vsl/websocket 0ms (unfinished)
------------------------------------------------------------------------------------------------------
------------------------------------------------------------------------------------------------------
GET /bridge/info 1ms 200
GET /bridge/info 0ms 200
------------------------------------------------------------------------------------------------------
GET /bridge/586/xehwztht/websocket 3ms (unfinished)
------------------------------------------------------------------------------------------------------
GET /bridge/190/3z9kyb_2/websocket 0ms (unfinished)
------------------------------------------------------------------------------------------------------
GET /bridge/info 1ms 200
------------------------------------------------------------------------------------------------------
GET /bridge/info 0ms 200
------------------------------------------------------------------------------------------------------
GET /bridge/276/lfkhti51/websocket 3ms (unfinished)
------------------------------------------------------------------------------------------------------
GET /bridge/806/315nfv0z/websocket 1ms (unfinished)
------------------------------------------------------------------------------------------------------
GET /bridge/info 1ms 200
------------------------------------------------------------------------------------------------------
------------------------------------------------------------------------------------------------------
GET /bridge/info 1ms 200
GET /bridge/508/46aiv9h3/websocket 2ms (unfinished)
------------------------------------------------------------------------------------------------------
GET /bridge/098/2sescku1/websocket 0ms (unfinished)
------------------------------------------------------------------------------------------------------
GET /bridge/info 2ms 200
------------------------------------------------------------------------------------------------------
------------------------------------------------------------------------------------------------------
GET /bridge/info 1ms 200
------------------------------------------------------------------------------------------------------
GET /bridge/784/qgyrwyua/websocket 3ms (unfinished)
GET /bridge/477/u91l32yc/websocket 1ms (unfinished)
------------------------------------------------------------------------------------------------------
GET /bridge/info 2ms 200
------------------------------------------------------------------------------------------------------
------------------------------------------------------------------------------------------------------
GET /bridge/info 1ms 200
------------------------------------------------------------------------------------------------------
GET /bridge/326/5ks2xr_b/websocket 4ms (unfinished)
GET /bridge/250/pctd3qdx/websocket 1ms (unfinished)
------------------------------------------------------------------------------------------------------
GET /bridge/info 0ms 200
------------------------------------------------------------------------------------------------------
GET /bridge/info 1ms 200
------------------------------------------------------------------------------------------------------
GET /bridge/835/qmmt1vzw/websocket 0ms (unfinished)
------------------------------------------------------------------------------------------------------
------------------------------------------------------------------------------------------------------
GET /bridge/836/5ulfv2ee/websocket 0ms (unfinished)
GET /bridge/info 1ms 200
------------------------------------------------------------------------------------------------------
GET /bridge/info 0ms 200
------------------------------------------------------------------------------------------------------
GET /bridge/978/451obqsy/websocket 1ms (unfinished)
------------------------------------------------------------------------------------------------------
------------------------------------------------------------------------------------------------------
GET /bridge/191/p0l33lsq/websocket 0ms (unfinished)
POST /bridge/658/m_wsbqgf/xhr_send 3ms 404
------------------------------------------------------------------------------------------------------
GET /bridge/info 0ms 200
------------------------------------------------------------------------------------------------------
GET /bridge/info 0ms 200
------------------------------------------------------------------------------------------------------
GET /bridge/564/024jo2wu/websocket 0ms (unfinished)
------------------------------------------------------------------------------------------------------
GET /bridge/932/7kozn9sg/websocket 0ms (unfinished)
------------------------------------------------------------------------------------------------------
------------------------------------------------------------------------------------------------------
POST /bridge/564/2v_o27j8/xhr_streaming 1ms (unfinished)
POST /bridge/564/2v_o27j8/xhr_send 2ms 204
------------------------------------------------------------------------------------------------------
POST /bridge/932/oz7c6ubh/xhr_streaming 1ms (unfinished)
------------------------------------------------------------------------------------------------------
POST /bridge/932/oz7c6ubh/xhr_send 1ms 204
------------------------------------------------------------------------------------------------------
GET /bridge/info 0ms 200
------------------------------------------------------------------------------------------------------
GET /bridge/info 0ms 200
------------------------------------------------------------------------------------------------------
GET /bridge/003/wztu0cxe/websocket 1ms (unfinished)
------------------------------------------------------------------------------------------------------
GET /bridge/822/mla3uj27/websocket 0ms (unfinished)
------------------------------------------------------------------------------------------------------
POST /bridge/003/vhkbmp04/xhr_streaming 1ms (unfinished)
------------------------------------------------------------------------------------------------------
------------------------------------------------------------------------------------------------------
POST /bridge/003/vhkbmp04/xhr_send 3ms 204
POST /bridge/822/oqmc4mul/xhr_streaming 1ms (unfinished)
------------------------------------------------------------------------------------------------------
------------------------------------------------------------------------------------------------------
POST /bridge/822/oqmc4mul/xhr_send 0ms 204
GET /bridge/info 0ms 200
------------------------------------------------------------------------------------------------------
GET /bridge/info 0ms 200
------------------------------------------------------------------------------------------------------
GET /bridge/404/fc368c92/websocket 0ms (unfinished)
------------------------------------------------------------------------------------------------------
------------------------------------------------------------------------------------------------------
GET /bridge/294/ofb2ifx1/websocket 0ms (unfinished)
POST /bridge/404/0c5zbdo5/xhr_streaming 0ms (unfinished)
------------------------------------------------------------------------------------------------------
POST /bridge/404/0c5zbdo5/xhr_send 1ms 204
------------------------------------------------------------------------------------------------------
POST /bridge/294/rd9oeecp/xhr_streaming 1ms (unfinished)
------------------------------------------------------------------------------------------------------
------------------------------------------------------------------------------------------------------
POST /bridge/294/rd9oeecp/xhr_send 2ms 204
GET /bridge/info 0ms 200
------------------------------------------------------------------------------------------------------
GET /bridge/info 1ms 200
------------------------------------------------------------------------------------------------------
GET /bridge/747/1kb7u11t/websocket 0ms (unfinished)
------------------------------------------------------------------------------------------------------
GET /bridge/387/ikts2xon/websocket 1ms (unfinished)
------------------------------------------------------------------------------------------------------
POST /bridge/747/de0f060p/xhr_streaming 1ms (unfinished)
------------------------------------------------------------------------------------------------------
------------------------------------------------------------------------------------------------------
POST /bridge/747/de0f060p/xhr_send 2ms 204
POST /bridge/387/e5fl926e/xhr_streaming 0ms (unfinished)
------------------------------------------------------------------------------------------------------
------------------------------------------------------------------------------------------------------
POST /bridge/387/e5fl926e/xhr_send 1ms 204
GET /bridge/info 1ms 200
------------------------------------------------------------------------------------------------------
------------------------------------------------------------------------------------------------------
GET /bridge/info 1ms 200
GET /bridge/588/qvq925tk/websocket 0ms (unfinished)
------------------------------------------------------------------------------------------------------
GET /bridge/354/c7pqn6d8/websocket 0ms (unfinished)
------------------------------------------------------------------------------------------------------
POST /bridge/588/i83knknd/xhr_streaming 1ms (unfinished)
------------------------------------------------------------------------------------------------------
POST /bridge/588/i83knknd/xhr_send 1ms 204
------------------------------------------------------------------------------------------------------
POST /bridge/354/smxabooi/xhr_streaming 0ms (unfinished)
------------------------------------------------------------------------------------------------------
POST /bridge/354/smxabooi/xhr_send 1ms 204
------------------------------------------------------------------------------------------------------
GET /bridge/info 1ms 200
------------------------------------------------------------------------------------------------------
------------------------------------------------------------------------------------------------------
GET /bridge/info 0ms 200
GET /bridge/439/3hqfmmas/websocket 1ms (unfinished)
------------------------------------------------------------------------------------------------------
GET /bridge/737/1ag3xxuo/websocket 1ms (unfinished)
------------------------------------------------------------------------------------------------------
------------------------------------------------------------------------------------------------------
POST /bridge/439/8qbi4_j6/xhr_streaming 1ms (unfinished)
POST /bridge/439/8qbi4_j6/xhr_send 1ms 204
------------------------------------------------------------------------------------------------------
------------------------------------------------------------------------------------------------------
POST /bridge/737/o8r_ptmu/xhr_streaming 0ms (unfinished)
POST /bridge/737/o8r_ptmu/xhr_send 1ms 204
------------------------------------------------------------------------------------------------------
GET /bridge/info 0ms 200
------------------------------------------------------------------------------------------------------
GET /bridge/info 1ms 200
------------------------------------------------------------------------------------------------------
GET /bridge/160/qjeo281r/websocket 1ms (unfinished)
------------------------------------------------------------------------------------------------------
GET /bridge/111/8lvfrjm7/websocket 0ms (unfinished)
------------------------------------------------------------------------------------------------------
POST /bridge/160/ia_vqe6x/xhr_streaming 0ms (unfinished)
------------------------------------------------------------------------------------------------------
------------------------------------------------------------------------------------------------------
POST /bridge/111/wpt35p7y/xhr_streaming 0ms (unfinished)
GET /bridge/info 0ms 200
------------------------------------------------------------------------------------------------------
GET /bridge/info 1ms 200
------------------------------------------------------------------------------------------------------
------------------------------------------------------------------------------------------------------
GET /bridge/809/pdy_egps/websocket 0ms (unfinished)
GET /bridge/581/zwleo86q/websocket 0ms (unfinished)
------------------------------------------------------------------------------------------------------
GET /bridge/info 0ms 200
------------------------------------------------------------------------------------------------------
GET /bridge/info 0ms 200
------------------------------------------------------------------------------------------------------
------------------------------------------------------------------------------------------------------
GET /bridge/694/seiss59b/websocket 0ms (unfinished)
GET /bridge/187/97leuo1i/websocket 0ms (unfinished)
------------------------------------------------------------------------------------------------------
GET /bridge/info 0ms 200
------------------------------------------------------------------------------------------------------
GET /bridge/info 0ms 200
------------------------------------------------------------------------------------------------------
GET /bridge/319/me45chwe/websocket 0ms (unfinished)
------------------------------------------------------------------------------------------------------
------------------------------------------------------------------------------------------------------
GET /bridge/156/l8vdgeb2/websocket 0ms (unfinished)
POST /bridge/319/w_5b6x1k/xhr_streaming 0ms (unfinished)
------------------------------------------------------------------------------------------------------
POST /bridge/319/w_5b6x1k/xhr_send 3ms 204
------------------------------------------------------------------------------------------------------
POST /bridge/156/6hlxsyz2/xhr_streaming 1ms (unfinished)
------------------------------------------------------------------------------------------------------
POST /bridge/156/6hlxsyz2/xhr_send 2ms 204
------------------------------------------------------------------------------------------------------
GET /bridge/info 0ms 200
------------------------------------------------------------------------------------------------------
GET /bridge/info 1ms 200
------------------------------------------------------------------------------------------------------
GET /bridge/215/jkpswu02/websocket 0ms (unfinished)
------------------------------------------------------------------------------------------------------
GET /bridge/147/u7ol2lyg/websocket 0ms (unfinished)
------------------------------------------------------------------------------------------------------
POST /bridge/215/guwui_5y/xhr_streaming 1ms (unfinished)
------------------------------------------------------------------------------------------------------
POST /bridge/215/guwui_5y/xhr_send 1ms 204
------------------------------------------------------------------------------------------------------
POST /bridge/147/r9k1s9bl/xhr_streaming 1ms (unfinished)
------------------------------------------------------------------------------------------------------
GET /bridge/info 1ms 200
------------------------------------------------------------------------------------------------------
------------------------------------------------------------------------------------------------------
GET /bridge/info 1ms 200
GET /bridge/612/pbnijhr3/websocket 0ms (unfinished)
------------------------------------------------------------------------------------------------------
GET /bridge/600/qhe5v1hv/websocket 0ms (unfinished)
------------------------------------------------------------------------------------------------------
------------------------------------------------------------------------------------------------------
GET /bridge/info 0ms 200
------------------------------------------------------------------------------------------------------
GET /bridge/info 0ms 200
GET /bridge/957/a1xt4i93/websocket 1ms (unfinished)
------------------------------------------------------------------------------------------------------
GET /bridge/450/p1ty9huc/websocket 0ms (unfinished)
------------------------------------------------------------------------------------------------------
GET /bridge/info 1ms 200
------------------------------------------------------------------------------------------------------
GET /bridge/info 0ms 200
------------------------------------------------------------------------------------------------------
------------------------------------------------------------------------------------------------------
GET /bridge/447/ktasebo5/websocket 0ms (unfinished)
GET /bridge/726/f5eq6qom/websocket 0ms (unfinished)
------------------------------------------------------------------------------------------------------
GET /bridge/info 1ms 200
------------------------------------------------------------------------------------------------------
GET /bridge/info 1ms 200
------------------------------------------------------------------------------------------------------
------------------------------------------------------------------------------------------------------
GET /bridge/368/ommhk27i/websocket 4ms (unfinished)
GET /bridge/789/hl9ow1_1/websocket 0ms (unfinished)
------------------------------------------------------------------------------------------------------
GET /bridge/info 1ms 200
------------------------------------------------------------------------------------------------------
GET /bridge/info 1ms 200
------------------------------------------------------------------------------------------------------
GET /bridge/036/xcl5yl1z/websocket 0ms (unfinished)
------------------------------------------------------------------------------------------------------
GET /bridge/324/h24ev2y1/websocket 0ms (unfinished)
------------------------------------------------------------------------------------------------------
GET /bridge/info 0ms 200
------------------------------------------------------------------------------------------------------
GET /bridge/info 1ms 200
------------------------------------------------------------------------------------------------------
GET /bridge/290/u5yvz9n4/websocket 0ms (unfinished)
------------------------------------------------------------------------------------------------------
GET /bridge/109/8bxri86j/websocket 1ms (unfinished)
------------------------------------------------------------------------------------------------------
GET /bridge/info 0ms 200
------------------------------------------------------------------------------------------------------
------------------------------------------------------------------------------------------------------
GET /bridge/info 0ms 200
GET /bridge/979/czdt9wzi/websocket 0ms (unfinished)
------------------------------------------------------------------------------------------------------
------------------------------------------------------------------------------------------------------
GET /bridge/info 0ms 200
GET /bridge/info 0ms 200
------------------------------------------------------------------------------------------------------
GET /bridge/979/hjfrz455/websocket 0ms (unfinished)
------------------------------------------------------------------------------------------------------
GET /bridge/463/eqs8nsy3/websocket 0ms (unfinished)
------------------------------------------------------------------------------------------------------
GET /bridge/info 1ms 200
------------------------------------------------------------------------------------------------------
GET /bridge/info 0ms 200
------------------------------------------------------------------------------------------------------
------------------------------------------------------------------------------------------------------
GET /bridge/898/gbh4_nq8/websocket 0ms (unfinished)
GET /bridge/727/98u4izq6/websocket 0ms (unfinished)
------------------------------------------------------------------------------------------------------
GET /bridge/info 0ms 200
------------------------------------------------------------------------------------------------------
GET /bridge/info 0ms 200
------------------------------------------------------------------------------------------------------
GET /bridge/881/imews6r1/websocket 1ms (unfinished)
------------------------------------------------------------------------------------------------------
GET /bridge/238/or2kbrf9/websocket 0ms (unfinished)
------------------------------------------------------------------------------------------------------
GET /bridge/info 1ms 200
------------------------------------------------------------------------------------------------------
GET /bridge/info 1ms 200
------------------------------------------------------------------------------------------------------
------------------------------------------------------------------------------------------------------
GET /bridge/031/k3ey0gor/websocket 1ms (unfinished)
GET /bridge/651/_369lrzv/websocket 0ms (unfinished)
------------------------------------------------------------------------------------------------------
GET /bridge/info 0ms 200
------------------------------------------------------------------------------------------------------
------------------------------------------------------------------------------------------------------
GET /bridge/info 1ms 200
GET /bridge/083/jgpf3f3m/websocket 0ms (unfinished)
------------------------------------------------------------------------------------------------------
GET /bridge/658/nzo_jmw_/websocket 0ms (unfinished)
------------------------------------------------------------------------------------------------------
GET /bridge/info 1ms 200
------------------------------------------------------------------------------------------------------
GET /bridge/info 0ms 200
------------------------------------------------------------------------------------------------------
GET /bridge/437/gv3r07ky/websocket 0ms (unfinished)
------------------------------------------------------------------------------------------------------
------------------------------------------------------------------------------------------------------
GET /bridge/571/5s0z5lku/websocket 0ms (unfinished)
GET /bridge/info 0ms 200
------------------------------------------------------------------------------------------------------
GET /bridge/info 0ms 200
------------------------------------------------------------------------------------------------------
GET /bridge/934/rm2mbcic/websocket 0ms (unfinished)
------------------------------------------------------------------------------------------------------
GET /bridge/569/09333mo2/websocket 0ms (unfinished)
------------------------------------------------------------------------------------------------------
GET /bridge/info 0ms 200
------------------------------------------------------------------------------------------------------
GET /bridge/info 0ms 200
------------------------------------------------------------------------------------------------------
GET /bridge/673/8tixgjkc/websocket 0ms (unfinished)
------------------------------------------------------------------------------------------------------
GET /bridge/188/l05mbh6j/websocket 0ms (unfinished)
------------------------------------------------------------------------------------------------------
------------------------------------------------------------------------------------------------------
GET /bridge/info 0ms 200
------------------------------------------------------------------------------------------------------
GET /bridge/info 1ms 200
GET /bridge/672/arlt37e2/websocket 1ms (unfinished)
------------------------------------------------------------------------------------------------------
GET /bridge/403/kk9buqtn/websocket 0ms (unfinished)
------------------------------------------------------------------------------------------------------
------------------------------------------------------------------------------------------------------
GET /bridge/info 0ms 200
GET /bridge/info 1ms 200
------------------------------------------------------------------------------------------------------
GET /bridge/159/47il8ywc/websocket 0ms (unfinished)
------------------------------------------------------------------------------------------------------
GET /bridge/256/u1ikqdfa/websocket 0ms (unfinished)
------------------------------------------------------------------------------------------------------
GET /bridge/info 1ms 200
------------------------------------------------------------------------------------------------------
GET /bridge/info 1ms 200
------------------------------------------------------------------------------------------------------
GET /bridge/050/nimgglts/websocket 0ms (unfinished)
------------------------------------------------------------------------------------------------------
------------------------------------------------------------------------------------------------------
GET /bridge/916/2y5aqe79/websocket 1ms (unfinished)
GET /bridge/info 1ms 200
------------------------------------------------------------------------------------------------------
GET /bridge/info 0ms 200
------------------------------------------------------------------------------------------------------
GET /bridge/107/_1iwlrwp/websocket 3ms (unfinished)
------------------------------------------------------------------------------------------------------
GET /bridge/332/27bzrn8n/websocket 0ms (unfinished)
------------------------------------------------------------------------------------------------------
GET /bridge/info 0ms 200
------------------------------------------------------------------------------------------------------
GET /bridge/info 1ms 200
------------------------------------------------------------------------------------------------------
GET /bridge/447/2qzsxp8m/websocket 0ms (unfinished)
------------------------------------------------------------------------------------------------------
GET /bridge/390/ps3xinq7/websocket 0ms (unfinished)
------------------------------------------------------------------------------------------------------
------------------------------------------------------------------------------------------------------
GET /bridge/info 0ms 200
------------------------------------------------------------------------------------------------------
GET /bridge/info 0ms 200
GET /bridge/387/hin9tkxv/websocket 1ms (unfinished)
------------------------------------------------------------------------------------------------------
GET /bridge/132/zg3nvvaf/websocket 0ms (unfinished)
------------------------------------------------------------------------------------------------------
GET /bridge/info 0ms 200
------------------------------------------------------------------------------------------------------
GET /bridge/info 0ms 200
------------------------------------------------------------------------------------------------------
------------------------------------------------------------------------------------------------------
GET /bridge/653/cz1iypas/websocket 0ms (unfinished)
------------------------------------------------------------------------------------------------------
GET /bridge/387/61jjqg2a/websocket 0ms (unfinished)
GET /bridge/info 1ms 200
------------------------------------------------------------------------------------------------------
GET /bridge/info 0ms 200
------------------------------------------------------------------------------------------------------
------------------------------------------------------------------------------------------------------
GET /bridge/056/k_k3r3n8/websocket 1ms (unfinished)
GET /bridge/578/d4fqsu3f/websocket 0ms (unfinished)
------------------------------------------------------------------------------------------------------
POST /bridge/160/ia_vqe6x/xhr_send 4ms 204
------------------------------------------------------------------------------------------------------
POST /bridge/111/wpt35p7y/xhr_send 2ms 404
------------------------------------------------------------------------------------------------------
GET /bridge/info 0ms 200
------------------------------------------------------------------------------------------------------
------------------------------------------------------------------------------------------------------
GET /bridge/info 0ms 200
GET /bridge/765/_9bu1qxh/websocket 0ms (unfinished)
------------------------------------------------------------------------------------------------------
GET /bridge/622/ppxp9srn/websocket 0ms (unfinished)
------------------------------------------------------------------------------------------------------
POST /bridge/765/yh2mgc30/xhr_streaming 1ms (unfinished)
------------------------------------------------------------------------------------------------------
------------------------------------------------------------------------------------------------------
POST /bridge/765/yh2mgc30/xhr_send 1ms 204
POST /bridge/622/xogvlpnc/xhr_streaming 0ms (unfinished)
------------------------------------------------------------------------------------------------------
------------------------------------------------------------------------------------------------------
POST /bridge/622/xogvlpnc/xhr_send 1ms 204
GET /bridge/info 0ms 200
------------------------------------------------------------------------------------------------------
------------------------------------------------------------------------------------------------------
GET /bridge/info 0ms 200
------------------------------------------------------------------------------------------------------
GET /bridge/685/yvl014uf/websocket 1ms (unfinished)
GET /bridge/514/n2u09_fw/websocket 0ms (unfinished)
------------------------------------------------------------------------------------------------------
------------------------------------------------------------------------------------------------------
POST /bridge/685/pwi9r_zp/xhr_streaming 0ms (unfinished)
POST /bridge/514/8nrd2g3z/xhr_streaming 0ms (unfinished)
------------------------------------------------------------------------------------------------------
POST /bridge/514/8nrd2g3z/xhr_send 1ms 204
------------------------------------------------------------------------------------------------------
POST /bridge/685/pwi9r_zp/xhr_send 1ms 204
------------------------------------------------------------------------------------------------------
GET /bridge/info 0ms 200
------------------------------------------------------------------------------------------------------
GET /bridge/info 0ms 200
------------------------------------------------------------------------------------------------------
GET /bridge/511/2kyd2lba/websocket 0ms (unfinished)
------------------------------------------------------------------------------------------------------
GET /bridge/070/ll0pip4t/websocket 0ms (unfinished)
------------------------------------------------------------------------------------------------------
POST /bridge/511/_90m77s9/xhr_streaming 0ms (unfinished)
------------------------------------------------------------------------------------------------------
POST /bridge/070/t3ng9sif/xhr_streaming 0ms (unfinished)
------------------------------------------------------------------------------------------------------
POST /bridge/511/_90m77s9/xhr_send 1ms 204
------------------------------------------------------------------------------------------------------
POST /bridge/070/t3ng9sif/xhr_send 1ms 204
------------------------------------------------------------------------------------------------------
GET /bridge/info 0ms 200
------------------------------------------------------------------------------------------------------
GET /bridge/info 0ms 200
------------------------------------------------------------------------------------------------------
GET /bridge/911/genovtx3/websocket 0ms (unfinished)
------------------------------------------------------------------------------------------------------
GET /bridge/433/9ocgj9c6/websocket 0ms (unfinished)
------------------------------------------------------------------------------------------------------
POST /bridge/911/0tmxims7/xhr_streaming 1ms (unfinished)
------------------------------------------------------------------------------------------------------
POST /bridge/911/0tmxims7/xhr_send 1ms 204
------------------------------------------------------------------------------------------------------
POST /bridge/433/_sl5g4h0/xhr_streaming 0ms (unfinished)
------------------------------------------------------------------------------------------------------
GET /bridge/info 2ms 200
------------------------------------------------------------------------------------------------------
GET /bridge/info 1ms 200
------------------------------------------------------------------------------------------------------
GET /bridge/927/21osyl4v/websocket 4ms (unfinished)
------------------------------------------------------------------------------------------------------
GET /bridge/992/1d0vy20h/websocket 0ms (unfinished)
------------------------------------------------------------------------------------------------------
POST /bridge/147/r9k1s9bl/xhr_send 4ms 204
------------------------------------------------------------------------------------------------------
GET /bridge/info 1ms 200
------------------------------------------------------------------------------------------------------
GET /bridge/info 1ms 200
------------------------------------------------------------------------------------------------------
------------------------------------------------------------------------------------------------------
GET /bridge/811/nj89hdst/websocket 2ms (unfinished)
GET /bridge/999/c9ui1hzr/websocket 0ms (unfinished)
------------------------------------------------------------------------------------------------------
POST /bridge/811/ayaiib_8/xhr_streaming 1ms (unfinished)
------------------------------------------------------------------------------------------------------
POST /bridge/999/rywwovsq/xhr_streaming 0ms (unfinished)
------------------------------------------------------------------------------------------------------
------------------------------------------------------------------------------------------------------
POST /bridge/811/ayaiib_8/xhr_send 1ms 204
POST /bridge/999/rywwovsq/xhr_send 1ms 204
------------------------------------------------------------------------------------------------------
------------------------------------------------------------------------------------------------------
GET /bridge/info 1ms 200
GET /bridge/info 1ms 200
------------------------------------------------------------------------------------------------------
GET /bridge/327/b4n1da8t/websocket 3ms (unfinished)
------------------------------------------------------------------------------------------------------
GET /bridge/460/04mh2lk9/websocket 1ms (unfinished)
------------------------------------------------------------------------------------------------------
------------------------------------------------------------------------------------------------------
POST /bridge/327/q9m3dnbd/xhr_streaming 1ms (unfinished)
POST /bridge/327/q9m3dnbd/xhr_send 3ms 204
------------------------------------------------------------------------------------------------------
POST /bridge/460/2oa_8fpo/xhr_streaming 1ms (unfinished)
------------------------------------------------------------------------------------------------------
POST /bridge/460/2oa_8fpo/xhr_send 1ms 204
------------------------------------------------------------------------------------------------------
GET /bridge/info 1ms 200
------------------------------------------------------------------------------------------------------
GET /bridge/info 0ms 200
------------------------------------------------------------------------------------------------------
GET /bridge/591/hnbxnykw/websocket 2ms (unfinished)
------------------------------------------------------------------------------------------------------
GET /bridge/994/rlhp0lbb/websocket 0ms (unfinished)
------------------------------------------------------------------------------------------------------
GET /bridge/info 2ms 200
------------------------------------------------------------------------------------------------------
GET /bridge/info 0ms 200
------------------------------------------------------------------------------------------------------
GET /bridge/595/ap7n7d98/websocket 2ms (unfinished)
------------------------------------------------------------------------------------------------------
GET /bridge/929/u8cafmh8/websocket 1ms (unfinished)
------------------------------------------------------------------------------------------------------
GET /bridge/info 1ms 200
------------------------------------------------------------------------------------------------------
GET /bridge/info 1ms 200
------------------------------------------------------------------------------------------------------
GET /bridge/541/okh7n5kh/websocket 3ms (unfinished)
------------------------------------------------------------------------------------------------------
------------------------------------------------------------------------------------------------------
GET /bridge/083/jc7z4pcz/websocket 1ms (unfinished)
GET /bridge/info 1ms 200
------------------------------------------------------------------------------------------------------
------------------------------------------------------------------------------------------------------
GET /bridge/info 1ms 200
GET /bridge/706/7k8vz0ar/websocket 3ms (unfinished)
------------------------------------------------------------------------------------------------------
GET /bridge/765/n1l7bk8g/websocket 1ms (unfinished)
------------------------------------------------------------------------------------------------------
GET /bridge/info 1ms 200
------------------------------------------------------------------------------------------------------
------------------------------------------------------------------------------------------------------
GET /bridge/info 0ms 200
GET /bridge/983/rz9csz5_/websocket 4ms (unfinished)
------------------------------------------------------------------------------------------------------
GET /bridge/688/my1eo95a/websocket 0ms (unfinished)
------------------------------------------------------------------------------------------------------
POST /bridge/983/96ri3t8q/xhr_streaming 1ms (unfinished)
------------------------------------------------------------------------------------------------------
------------------------------------------------------------------------------------------------------
POST /bridge/983/96ri3t8q/xhr_send 5ms 204
POST /bridge/688/c7b0gsdx/xhr_streaming 1ms (unfinished)
------------------------------------------------------------------------------------------------------
GET /bridge/info 1ms 200
------------------------------------------------------------------------------------------------------
GET /bridge/info 0ms 200
------------------------------------------------------------------------------------------------------
------------------------------------------------------------------------------------------------------
GET /bridge/898/zn5m4rty/websocket 4ms (unfinished)
GET /bridge/974/n5oquh7f/websocket 0ms (unfinished)
------------------------------------------------------------------------------------------------------
GET /bridge/info 1ms 200
------------------------------------------------------------------------------------------------------
GET /bridge/info 1ms 200
------------------------------------------------------------------------------------------------------
GET /bridge/989/bodjw1ty/websocket 3ms (unfinished)
------------------------------------------------------------------------------------------------------
GET /bridge/066/k9ls5b9e/websocket 0ms (unfinished)
------------------------------------------------------------------------------------------------------
GET /bridge/info 1ms 200
------------------------------------------------------------------------------------------------------
GET /bridge/info 1ms 200
------------------------------------------------------------------------------------------------------
GET /bridge/581/c1mf1rwg/websocket 2ms (unfinished)
------------------------------------------------------------------------------------------------------
GET /bridge/613/otbzba_x/websocket 0ms (unfinished)
------------------------------------------------------------------------------------------------------
GET /bridge/info 0ms 200
------------------------------------------------------------------------------------------------------
GET /bridge/info 0ms 200
------------------------------------------------------------------------------------------------------
------------------------------------------------------------------------------------------------------
GET /bridge/338/btr6y0cn/websocket 1ms (unfinished)
GET /bridge/523/ff1c99u8/websocket 1ms (unfinished)
------------------------------------------------------------------------------------------------------
GET /bridge/info 1ms 200
------------------------------------------------------------------------------------------------------
GET /bridge/info 0ms 200
------------------------------------------------------------------------------------------------------
------------------------------------------------------------------------------------------------------
GET /bridge/608/0osbbu2p/websocket 0ms (unfinished)
GET /bridge/066/8gh47a5g/websocket 0ms (unfinished)
------------------------------------------------------------------------------------------------------
------------------------------------------------------------------------------------------------------
GET /bridge/info 0ms 200
GET /bridge/info 0ms 200
------------------------------------------------------------------------------------------------------
GET /bridge/300/xvs07w7z/websocket 0ms (unfinished)
------------------------------------------------------------------------------------------------------
------------------------------------------------------------------------------------------------------
GET /bridge/385/jvmg8q8v/websocket 1ms (unfinished)
------------------------------------------------------------------------------------------------------
GET /bridge/info 0ms 200
GET /bridge/info 0ms 200
------------------------------------------------------------------------------------------------------
------------------------------------------------------------------------------------------------------
GET /bridge/251/v1x59_uc/websocket 0ms (unfinished)
------------------------------------------------------------------------------------------------------
GET /bridge/459/nlg6cd2q/websocket 1ms (unfinished)
------------------------------------------------------------------------------------------------------
GET /bridge/info 1ms 200
GET /bridge/info 2ms 200
------------------------------------------------------------------------------------------------------
GET /bridge/027/fi387u8f/websocket 0ms (unfinished)
------------------------------------------------------------------------------------------------------
------------------------------------------------------------------------------------------------------
GET /bridge/424/trsokia0/websocket 0ms (unfinished)
GET /bridge/info 0ms 200
------------------------------------------------------------------------------------------------------
GET /bridge/info 1ms 200
------------------------------------------------------------------------------------------------------
GET /bridge/949/9dsvvof6/websocket 0ms (unfinished)
------------------------------------------------------------------------------------------------------
GET /bridge/401/ykzqu4xy/websocket 0ms (unfinished)
------------------------------------------------------------------------------------------------------
GET /bridge/info 0ms 200
------------------------------------------------------------------------------------------------------
GET /bridge/info 0ms 200
------------------------------------------------------------------------------------------------------
------------------------------------------------------------------------------------------------------
GET /bridge/320/3_8al2_b/websocket 1ms (unfinished)
GET /bridge/648/46xb736c/websocket 0ms (unfinished)
------------------------------------------------------------------------------------------------------
POST /bridge/688/c7b0gsdx/xhr_send 4ms 204
------------------------------------------------------------------------------------------------------
