GET /bridge/info 0ms 200
------------------------------------------------------------------------------------------------------
GET /bridge/info 0ms 200
------------------------------------------------------------------------------------------------------
------------------------------------------------------------------------------------------------------
GET /bridge/938/dyah6lb1/websocket 0ms (unfinished)
GET /bridge/028/du1fnaum/websocket 0ms (unfinished)
------------------------------------------------------------------------------------------------------
POST /bridge/938/9ri780ui/xhr_streaming 1ms (unfinished)
------------------------------------------------------------------------------------------------------
------------------------------------------------------------------------------------------------------
POST /bridge/028/ybu99dr9/xhr_streaming 0ms (unfinished)
POST /bridge/938/9ri780ui/xhr_send 1ms 204
------------------------------------------------------------------------------------------------------
POST /bridge/028/ybu99dr9/xhr_send 0ms 204
------------------------------------------------------------------------------------------------------
GET /bridge/info 0ms 200
------------------------------------------------------------------------------------------------------
GET /bridge/info 1ms 200
------------------------------------------------------------------------------------------------------
------------------------------------------------------------------------------------------------------
GET /bridge/792/da8q37u4/websocket 0ms (unfinished)
GET /bridge/108/91h7k44p/websocket 0ms (unfinished)
------------------------------------------------------------------------------------------------------
POST /bridge/792/0s6tncu3/xhr_streaming 0ms (unfinished)
------------------------------------------------------------------------------------------------------
POST /bridge/792/0s6tncu3/xhr_send 2ms 204
------------------------------------------------------------------------------------------------------
POST /bridge/108/thwxo8um/xhr_streaming 1ms (unfinished)
------------------------------------------------------------------------------------------------------
POST /bridge/108/thwxo8um/xhr_send 1ms 204
------------------------------------------------------------------------------------------------------
GET /bridge/info 0ms 200
------------------------------------------------------------------------------------------------------
GET /bridge/info 0ms 200
------------------------------------------------------------------------------------------------------
GET /bridge/445/kuwpuwtd/websocket 1ms (unfinished)
------------------------------------------------------------------------------------------------------
GET /bridge/254/ub52d7q_/websocket 0ms (unfinished)
------------------------------------------------------------------------------------------------------
POST /bridge/445/czz68q4b/xhr_streaming 0ms (unfinished)
------------------------------------------------------------------------------------------------------
------------------------------------------------------------------------------------------------------
POST /bridge/445/czz68q4b/xhr_send 1ms 204
------------------------------------------------------------------------------------------------------
POST /bridge/254/clazlwz9/xhr_streaming 1ms (unfinished)
GET /bridge/info 1ms 200
------------------------------------------------------------------------------------------------------
GET /bridge/info 0ms 200
------------------------------------------------------------------------------------------------------
GET /bridge/506/gro89mp3/websocket 1ms (unfinished)
------------------------------------------------------------------------------------------------------
GET /bridge/297/atnwd_82/websocket 0ms (unfinished)
------------------------------------------------------------------------------------------------------
GET /bridge/info 1ms 200
------------------------------------------------------------------------------------------------------
GET /bridge/info 0ms 200
------------------------------------------------------------------------------------------------------
GET /bridge/513/36q4camd/websocket 1ms (unfinished)
------------------------------------------------------------------------------------------------------
GET /bridge/182/nht7ktqq/websocket 0ms (unfinished)
------------------------------------------------------------------------------------------------------
GET /bridge/info 1ms 200
------------------------------------------------------------------------------------------------------
GET /bridge/282/g9d6hv9t/websocket 0ms (unfinished)
------------------------------------------------------------------------------------------------------
GET /bridge/info 0ms 200
------------------------------------------------------------------------------------------------------
GET /bridge/290/9zj71icd/websocket 0ms (unfinished)
------------------------------------------------------------------------------------------------------
GET /bridge/info 0ms 200
------------------------------------------------------------------------------------------------------
GET /bridge/info 1ms 200
------------------------------------------------------------------------------------------------------
GET /bridge/845/lsc3ktlm/websocket 1ms (unfinished)
------------------------------------------------------------------------------------------------------
------------------------------------------------------------------------------------------------------
GET /bridge/356/ew4xig89/websocket 0ms (unfinished)
GET /bridge/info 0ms 200
------------------------------------------------------------------------------------------------------
------------------------------------------------------------------------------------------------------
GET /bridge/info 0ms 200
GET /bridge/471/6t1zghlf/websocket 1ms (unfinished)
------------------------------------------------------------------------------------------------------
GET /bridge/292/c9f5q33m/websocket 1ms (unfinished)
------------------------------------------------------------------------------------------------------
------------------------------------------------------------------------------------------------------
GET /bridge/info 0ms 200
GET /bridge/info 1ms 200
------------------------------------------------------------------------------------------------------
GET /bridge/118/djlkod2a/websocket 0ms (unfinished)
------------------------------------------------------------------------------------------------------
GET /bridge/051/uj72qtjw/websocket 0ms (unfinished)
------------------------------------------------------------------------------------------------------
------------------------------------------------------------------------------------------------------
GET /bridge/info 1ms 200
------------------------------------------------------------------------------------------------------
GET /bridge/info 1ms 200
GET /bridge/837/0eaws5im/websocket 0ms (unfinished)
------------------------------------------------------------------------------------------------------
GET /bridge/023/pjf2vp0u/websocket 0ms (unfinished)
------------------------------------------------------------------------------------------------------
GET /bridge/info 0ms 200
------------------------------------------------------------------------------------------------------
------------------------------------------------------------------------------------------------------
GET /bridge/info 1ms 200
GET /bridge/861/pbs7982u/websocket 0ms (unfinished)
------------------------------------------------------------------------------------------------------
GET /bridge/994/q1vdpab0/websocket 0ms (unfinished)
------------------------------------------------------------------------------------------------------
GET /bridge/info 1ms 200
------------------------------------------------------------------------------------------------------
GET /bridge/info 0ms 200
------------------------------------------------------------------------------------------------------
GET /bridge/719/sbmtnrer/websocket 1ms (unfinished)
------------------------------------------------------------------------------------------------------
GET /bridge/960/ebmzm9yn/websocket 1ms (unfinished)
------------------------------------------------------------------------------------------------------
GET /bridge/info 0ms 200
------------------------------------------------------------------------------------------------------
GET /bridge/info 0ms 200
------------------------------------------------------------------------------------------------------
GET /bridge/211/e02tosez/websocket 1ms (unfinished)
------------------------------------------------------------------------------------------------------
GET /bridge/893/f2jt2nrx/websocket 0ms (unfinished)
------------------------------------------------------------------------------------------------------
GET /bridge/info 1ms 200
------------------------------------------------------------------------------------------------------
GET /bridge/info 0ms 200
------------------------------------------------------------------------------------------------------
GET /bridge/671/ejkdeg6z/websocket 0ms (unfinished)
------------------------------------------------------------------------------------------------------
GET /bridge/808/i4zr3nxk/websocket 0ms (unfinished)
------------------------------------------------------------------------------------------------------
GET /bridge/info 0ms 200
------------------------------------------------------------------------------------------------------
------------------------------------------------------------------------------------------------------
GET /bridge/info 0ms 200
GET /bridge/820/xr73knp6/websocket 0ms (unfinished)
------------------------------------------------------------------------------------------------------
GET /bridge/927/5cr316v9/websocket 0ms (unfinished)
------------------------------------------------------------------------------------------------------
GET /bridge/info 0ms 200
------------------------------------------------------------------------------------------------------
GET /bridge/info 0ms 200
------------------------------------------------------------------------------------------------------
GET /bridge/580/oj72rggx/websocket 0ms (unfinished)
------------------------------------------------------------------------------------------------------
GET /bridge/213/d496macv/websocket 1ms (unfinished)
------------------------------------------------------------------------------------------------------
GET /bridge/info 0ms 200
------------------------------------------------------------------------------------------------------
------------------------------------------------------------------------------------------------------
GET /bridge/info 0ms 200
GET /bridge/150/efxmf2gx/websocket 1ms (unfinished)
------------------------------------------------------------------------------------------------------
------------------------------------------------------------------------------------------------------
GET /bridge/160/_paj_4c6/websocket 0ms (unfinished)
GET /bridge/info 0ms 200
------------------------------------------------------------------------------------------------------
GET /bridge/info 0ms 200
------------------------------------------------------------------------------------------------------
GET /bridge/591/v67_eoju/websocket 0ms (unfinished)
------------------------------------------------------------------------------------------------------
GET /bridge/702/yjoat0vk/websocket 0ms (unfinished)
------------------------------------------------------------------------------------------------------
------------------------------------------------------------------------------------------------------
GET /bridge/info 1ms 200
------------------------------------------------------------------------------------------------------
GET /bridge/613/0hae424p/websocket 0ms (unfinished)
------------------------------------------------------------------------------------------------------
GET /bridge/info 1ms 200
GET /bridge/788/kju2btj0/websocket 0ms (unfinished)
------------------------------------------------------------------------------------------------------
GET /bridge/info 0ms 200
------------------------------------------------------------------------------------------------------
GET /bridge/info 0ms 200
------------------------------------------------------------------------------------------------------
GET /bridge/736/oz74v1v6/websocket 0ms (unfinished)
------------------------------------------------------------------------------------------------------
GET /bridge/339/andn36f3/websocket 0ms (unfinished)
------------------------------------------------------------------------------------------------------
------------------------------------------------------------------------------------------------------
GET /bridge/info 1ms 200
GET /bridge/info 1ms 200
------------------------------------------------------------------------------------------------------
GET /bridge/811/ot5lkt0s/websocket 1ms (unfinished)
------------------------------------------------------------------------------------------------------
GET /bridge/253/h103n8ok/websocket 0ms (unfinished)
------------------------------------------------------------------------------------------------------
GET /bridge/info 0ms 200
------------------------------------------------------------------------------------------------------
GET /bridge/info 0ms 200
------------------------------------------------------------------------------------------------------
GET /bridge/855/4k3kapw4/websocket 0ms (unfinished)
------------------------------------------------------------------------------------------------------
GET /bridge/607/0tcnfyt9/websocket 0ms (unfinished)
------------------------------------------------------------------------------------------------------
GET /bridge/info 1ms 200
------------------------------------------------------------------------------------------------------
GET /bridge/info 0ms 200
------------------------------------------------------------------------------------------------------
------------------------------------------------------------------------------------------------------
GET /bridge/800/2r66gqda/websocket 0ms (unfinished)
GET /bridge/458/pkver3vm/websocket 0ms (unfinished)
------------------------------------------------------------------------------------------------------
GET /bridge/info 1ms 200
------------------------------------------------------------------------------------------------------
GET /bridge/info 0ms 200
------------------------------------------------------------------------------------------------------
------------------------------------------------------------------------------------------------------
GET /bridge/979/g1wjlb8d/websocket 0ms (unfinished)
------------------------------------------------------------------------------------------------------
GET /bridge/251/t2j2eyw3/websocket 0ms (unfinished)
GET /bridge/info 0ms 200
------------------------------------------------------------------------------------------------------
GET /bridge/info 0ms 200
------------------------------------------------------------------------------------------------------
GET /bridge/833/nc2lbdij/websocket 0ms (unfinished)
------------------------------------------------------------------------------------------------------
------------------------------------------------------------------------------------------------------
GET /bridge/034/td3yqh7k/websocket 0ms (unfinished)
GET /bridge/info 0ms 200
------------------------------------------------------------------------------------------------------
GET /bridge/info 0ms 200
------------------------------------------------------------------------------------------------------
GET /bridge/360/yjc84gun/websocket 1ms (unfinished)
------------------------------------------------------------------------------------------------------
GET /bridge/753/km7k34nl/websocket 0ms (unfinished)
------------------------------------------------------------------------------------------------------
GET /bridge/info 1ms 200
------------------------------------------------------------------------------------------------------
GET /bridge/info 0ms 200
------------------------------------------------------------------------------------------------------
GET /bridge/671/pner0hj1/websocket 0ms (unfinished)
------------------------------------------------------------------------------------------------------
GET /bridge/561/x69y3367/websocket 0ms (unfinished)
------------------------------------------------------------------------------------------------------
GET /bridge/info 0ms 200
------------------------------------------------------------------------------------------------------
------------------------------------------------------------------------------------------------------
GET /bridge/info 0ms 200
GET /bridge/534/9ah5_v71/websocket 1ms (unfinished)
------------------------------------------------------------------------------------------------------
GET /bridge/307/mn0ib84o/websocket 1ms (unfinished)
------------------------------------------------------------------------------------------------------
GET /bridge/info 0ms 200
------------------------------------------------------------------------------------------------------
GET /bridge/info 0ms 200
------------------------------------------------------------------------------------------------------
GET /bridge/179/zdg8l97t/websocket 0ms (unfinished)
------------------------------------------------------------------------------------------------------
------------------------------------------------------------------------------------------------------
GET /bridge/186/6kut44bu/websocket 0ms (unfinished)
GET /bridge/info 0ms 200
------------------------------------------------------------------------------------------------------
GET /bridge/info 1ms 200
------------------------------------------------------------------------------------------------------
GET /bridge/724/c5lzgp0w/websocket 0ms (unfinished)
------------------------------------------------------------------------------------------------------
GET /bridge/220/3ygs4es4/websocket 1ms (unfinished)
------------------------------------------------------------------------------------------------------
GET /bridge/info 0ms 200
------------------------------------------------------------------------------------------------------
------------------------------------------------------------------------------------------------------
GET /bridge/info 1ms 200
------------------------------------------------------------------------------------------------------
GET /bridge/808/8s59lnj3/websocket 0ms (unfinished)
GET /bridge/254/hcvrwm6n/websocket 0ms (unfinished)
------------------------------------------------------------------------------------------------------
GET /bridge/info 1ms 200
------------------------------------------------------------------------------------------------------
------------------------------------------------------------------------------------------------------
GET /bridge/info 1ms 200
GET /bridge/314/z_v625om/websocket 0ms (unfinished)
------------------------------------------------------------------------------------------------------
GET /bridge/110/yhuejna4/websocket 0ms (unfinished)
------------------------------------------------------------------------------------------------------
GET /bridge/info 0ms 200
------------------------------------------------------------------------------------------------------
GET /bridge/info 1ms 200
------------------------------------------------------------------------------------------------------
GET /bridge/976/q6_6t3_q/websocket 0ms (unfinished)
------------------------------------------------------------------------------------------------------
GET /bridge/906/7ne3_l72/websocket 1ms (unfinished)
------------------------------------------------------------------------------------------------------
POST /bridge/254/clazlwz9/xhr_send 5ms 204
------------------------------------------------------------------------------------------------------
