GET /bridge/info 0ms 200
------------------------------------------------------------------------------------------------------
GET /bridge/077/xh089huj/websocket 1ms (unfinished)
------------------------------------------------------------------------------------------------------
GET /bridge/info 1ms 200
------------------------------------------------------------------------------------------------------
------------------------------------------------------------------------------------------------------
GET /bridge/123/oh1xab1k/websocket 0ms (unfinished)
------------------------------------------------------------------------------------------------------
POST /bridge/077/pj2hajfo/xhr_streaming 1ms (unfinished)
POST /bridge/077/pj2hajfo/xhr_send 1ms 204
------------------------------------------------------------------------------------------------------
POST /bridge/123/mwto9ups/xhr_streaming 2ms (unfinished)
------------------------------------------------------------------------------------------------------
POST /bridge/123/mwto9ups/xhr_send 1ms 204
------------------------------------------------------------------------------------------------------
GET /bridge/info 0ms 200
------------------------------------------------------------------------------------------------------
GET /bridge/info 0ms 200
------------------------------------------------------------------------------------------------------
GET /bridge/254/_13duwch/websocket 0ms (unfinished)
------------------------------------------------------------------------------------------------------
GET /bridge/122/6n9letqc/websocket 0ms (unfinished)
------------------------------------------------------------------------------------------------------
------------------------------------------------------------------------------------------------------
POST /bridge/254/59_qgh01/xhr_streaming 1ms (unfinished)
------------------------------------------------------------------------------------------------------
POST /bridge/254/59_qgh01/xhr_send 1ms 204
POST /bridge/122/71ftku4s/xhr_streaming 0ms (unfinished)
------------------------------------------------------------------------------------------------------
POST /bridge/122/71ftku4s/xhr_send 1ms 204
------------------------------------------------------------------------------------------------------
GET /bridge/info 1ms 200
------------------------------------------------------------------------------------------------------
GET /bridge/info 0ms 200
------------------------------------------------------------------------------------------------------
GET /bridge/405/2i9bu25y/websocket 0ms (unfinished)
------------------------------------------------------------------------------------------------------
GET /bridge/568/zz84dlof/websocket 0ms (unfinished)
------------------------------------------------------------------------------------------------------
POST /bridge/405/txvyqe6h/xhr_streaming 1ms (unfinished)
------------------------------------------------------------------------------------------------------
POST /bridge/405/txvyqe6h/xhr_send 1ms 204
------------------------------------------------------------------------------------------------------
POST /bridge/568/vswl3j3m/xhr_streaming 0ms (unfinished)
------------------------------------------------------------------------------------------------------
------------------------------------------------------------------------------------------------------
POST /bridge/568/vswl3j3m/xhr_send 1ms 204
------------------------------------------------------------------------------------------------------
GET /bridge/info 0ms 200
------------------------------------------------------------------------------------------------------
GET /bridge/info 0ms 200
GET /bridge/123/1vz2worb/websocket 0ms (unfinished)
------------------------------------------------------------------------------------------------------
GET /bridge/129/cnayt33k/websocket 0ms (unfinished)
------------------------------------------------------------------------------------------------------
POST /bridge/123/v6z4k08y/xhr_streaming 1ms (unfinished)
------------------------------------------------------------------------------------------------------
POST /bridge/123/v6z4k08y/xhr_send 1ms 204
------------------------------------------------------------------------------------------------------
------------------------------------------------------------------------------------------------------
POST /bridge/129/2twa6fjh/xhr_streaming 1ms (unfinished)
POST /bridge/129/2twa6fjh/xhr_send 1ms 204
------------------------------------------------------------------------------------------------------
------------------------------------------------------------------------------------------------------
GET /bridge/info 0ms 200
GET /bridge/info 1ms 200
------------------------------------------------------------------------------------------------------
GET /bridge/933/fot_jynq/websocket 0ms (unfinished)
------------------------------------------------------------------------------------------------------
GET /bridge/428/w44p223s/websocket 0ms (unfinished)
------------------------------------------------------------------------------------------------------
POST /bridge/933/sej22lch/xhr_streaming 1ms (unfinished)
------------------------------------------------------------------------------------------------------
POST /bridge/933/sej22lch/xhr_send 1ms 204
------------------------------------------------------------------------------------------------------
POST /bridge/428/49q81oas/xhr_streaming 1ms (unfinished)
------------------------------------------------------------------------------------------------------
------------------------------------------------------------------------------------------------------
POST /bridge/428/49q81oas/xhr_send 1ms 204
GET /bridge/info 0ms 200
------------------------------------------------------------------------------------------------------
GET /bridge/info 0ms 200
------------------------------------------------------------------------------------------------------
GET /bridge/764/tzetuvyq/websocket 0ms (unfinished)
------------------------------------------------------------------------------------------------------
GET /bridge/533/wu9n2ld6/websocket 0ms (unfinished)
------------------------------------------------------------------------------------------------------
POST /bridge/764/g183hk14/xhr_streaming 0ms (unfinished)
------------------------------------------------------------------------------------------------------
POST /bridge/764/g183hk14/xhr_send 1ms 204
------------------------------------------------------------------------------------------------------
POST /bridge/533/hhysaiqs/xhr_streaming 0ms (unfinished)
------------------------------------------------------------------------------------------------------
POST /bridge/533/hhysaiqs/xhr_send 0ms 204
------------------------------------------------------------------------------------------------------
------------------------------------------------------------------------------------------------------
GET /bridge/info 1ms 200
GET /bridge/221/9r1yfd6w/websocket 0ms (unfinished)
------------------------------------------------------------------------------------------------------
GET /bridge/info 0ms 200
------------------------------------------------------------------------------------------------------
GET /bridge/497/440wonrm/websocket 0ms (unfinished)
------------------------------------------------------------------------------------------------------
POST /bridge/221/2uuika6t/xhr_streaming 0ms (unfinished)
------------------------------------------------------------------------------------------------------
------------------------------------------------------------------------------------------------------
POST /bridge/221/2uuika6t/xhr_send 1ms 204
POST /bridge/497/9x1rljw_/xhr_streaming 0ms (unfinished)
------------------------------------------------------------------------------------------------------
POST /bridge/497/9x1rljw_/xhr_send 1ms 204
------------------------------------------------------------------------------------------------------
GET /bridge/info 0ms 200
------------------------------------------------------------------------------------------------------
GET /bridge/info 0ms 200
------------------------------------------------------------------------------------------------------
------------------------------------------------------------------------------------------------------
GET /bridge/227/t5yc6gpa/websocket 1ms (unfinished)
GET /bridge/572/6kdxvmk3/websocket 0ms (unfinished)
------------------------------------------------------------------------------------------------------
POST /bridge/227/fbe9doyn/xhr_streaming 1ms (unfinished)
------------------------------------------------------------------------------------------------------
POST /bridge/227/fbe9doyn/xhr_send 1ms 204
------------------------------------------------------------------------------------------------------
POST /bridge/572/mlgqxk80/xhr_streaming 0ms (unfinished)
------------------------------------------------------------------------------------------------------
GET /bridge/info 0ms 200
------------------------------------------------------------------------------------------------------
GET /bridge/info 1ms 200
------------------------------------------------------------------------------------------------------
GET /bridge/013/c3rdlg71/websocket 0ms (unfinished)
------------------------------------------------------------------------------------------------------
------------------------------------------------------------------------------------------------------
GET /bridge/223/gzlhery3/websocket 0ms (unfinished)
POST /bridge/013/zgn51ncq/xhr_streaming 0ms (unfinished)
------------------------------------------------------------------------------------------------------
POST /bridge/223/gbq28b65/xhr_streaming 0ms (unfinished)
------------------------------------------------------------------------------------------------------
POST /bridge/013/zgn51ncq/xhr_send 0ms 204
------------------------------------------------------------------------------------------------------
POST /bridge/223/gbq28b65/xhr_send 0ms 204
------------------------------------------------------------------------------------------------------
GET /bridge/info 0ms 200
------------------------------------------------------------------------------------------------------
GET /bridge/info 0ms 200
------------------------------------------------------------------------------------------------------
GET /bridge/103/ftk3bmgc/websocket 1ms (unfinished)
------------------------------------------------------------------------------------------------------
------------------------------------------------------------------------------------------------------
GET /bridge/890/reku8g5_/websocket 0ms (unfinished)
GET /bridge/info 2ms 200
------------------------------------------------------------------------------------------------------
------------------------------------------------------------------------------------------------------
GET /bridge/info 0ms 200
GET /bridge/282/8vku392z/websocket 1ms (unfinished)
------------------------------------------------------------------------------------------------------
------------------------------------------------------------------------------------------------------
GET /bridge/496/shfuhm_w/websocket 1ms (unfinished)
GET /bridge/info 1ms 200
------------------------------------------------------------------------------------------------------
GET /bridge/info 0ms 200
------------------------------------------------------------------------------------------------------
GET /bridge/820/tnqoqmjq/websocket 3ms (unfinished)
------------------------------------------------------------------------------------------------------
GET /bridge/101/akomkc40/websocket 0ms (unfinished)
------------------------------------------------------------------------------------------------------
GET /bridge/info 0ms 200
------------------------------------------------------------------------------------------------------
GET /bridge/info 0ms 200
------------------------------------------------------------------------------------------------------
GET /bridge/000/cqn8ts8b/websocket 0ms (unfinished)
------------------------------------------------------------------------------------------------------
GET /bridge/610/i3iq8bu8/websocket 1ms (unfinished)
------------------------------------------------------------------------------------------------------
GET /bridge/info 0ms 200
------------------------------------------------------------------------------------------------------
------------------------------------------------------------------------------------------------------
GET /bridge/info 0ms 200
GET /bridge/100/dwkj_9c1/websocket 0ms (unfinished)
------------------------------------------------------------------------------------------------------
GET /bridge/677/juyyn8rx/websocket 0ms (unfinished)
------------------------------------------------------------------------------------------------------
GET /bridge/info 1ms 200
------------------------------------------------------------------------------------------------------
GET /bridge/info 1ms 200
------------------------------------------------------------------------------------------------------
GET /bridge/182/_ntj6_o5/websocket 2ms (unfinished)
------------------------------------------------------------------------------------------------------
GET /bridge/937/lnib8ucz/websocket 1ms (unfinished)
------------------------------------------------------------------------------------------------------
GET /bridge/info 1ms 200
------------------------------------------------------------------------------------------------------
GET /bridge/info 0ms 200
------------------------------------------------------------------------------------------------------
------------------------------------------------------------------------------------------------------
GET /bridge/274/37jkwnkd/websocket 0ms (unfinished)
GET /bridge/218/fcx9a0ev/websocket 1ms (unfinished)
------------------------------------------------------------------------------------------------------
GET /bridge/info 1ms 200
------------------------------------------------------------------------------------------------------
------------------------------------------------------------------------------------------------------
GET /bridge/info 1ms 200
GET /bridge/377/9qt6dkwo/websocket 0ms (unfinished)
------------------------------------------------------------------------------------------------------
------------------------------------------------------------------------------------------------------
GET /bridge/208/g6phol6q/websocket 1ms (unfinished)
------------------------------------------------------------------------------------------------------
GET /bridge/info 1ms 200
GET /bridge/info 0ms 200
------------------------------------------------------------------------------------------------------
GET /bridge/379/q0fk4tfp/websocket 0ms (unfinished)
------------------------------------------------------------------------------------------------------
GET /bridge/598/ss599a4b/websocket 0ms (unfinished)
------------------------------------------------------------------------------------------------------
------------------------------------------------------------------------------------------------------
GET /bridge/info 0ms 200
------------------------------------------------------------------------------------------------------
GET /bridge/info 0ms 200
GET /bridge/687/nxy7yqp0/websocket 0ms (unfinished)
------------------------------------------------------------------------------------------------------
GET /bridge/354/vya9avtc/websocket 0ms (unfinished)
------------------------------------------------------------------------------------------------------
GET /bridge/info 2ms 200
------------------------------------------------------------------------------------------------------
------------------------------------------------------------------------------------------------------
GET /bridge/info 0ms 200
GET /bridge/507/pja0ikgy/websocket 2ms (unfinished)
------------------------------------------------------------------------------------------------------
GET /bridge/499/3hngttny/websocket 0ms (unfinished)
------------------------------------------------------------------------------------------------------
POST /bridge/507/bv9rmqoy/xhr_streaming 1ms (unfinished)
------------------------------------------------------------------------------------------------------
POST /bridge/507/bv9rmqoy/xhr_send 5ms 204
------------------------------------------------------------------------------------------------------
POST /bridge/499/dnj744lj/xhr_streaming 1ms (unfinished)
------------------------------------------------------------------------------------------------------
POST /bridge/499/dnj744lj/xhr_send 1ms 204
------------------------------------------------------------------------------------------------------
GET /bridge/info 1ms 200
------------------------------------------------------------------------------------------------------
GET /bridge/info 1ms 200
------------------------------------------------------------------------------------------------------
GET /bridge/139/a0eo7coq/websocket 0ms (unfinished)
------------------------------------------------------------------------------------------------------
GET /bridge/008/flqdl4oo/websocket 0ms (unfinished)
------------------------------------------------------------------------------------------------------
POST /bridge/139/ijuywb5y/xhr_streaming 0ms (unfinished)
------------------------------------------------------------------------------------------------------
POST /bridge/139/ijuywb5y/xhr_send 1ms 204
------------------------------------------------------------------------------------------------------
POST /bridge/008/sanhxc0n/xhr_streaming 1ms (unfinished)
------------------------------------------------------------------------------------------------------
POST /bridge/008/sanhxc0n/xhr_send 1ms 204
------------------------------------------------------------------------------------------------------
GET /bridge/info 0ms 200
------------------------------------------------------------------------------------------------------
GET /bridge/info 0ms 200
------------------------------------------------------------------------------------------------------
------------------------------------------------------------------------------------------------------
GET /bridge/403/zo0hyl6h/websocket 1ms (unfinished)
GET /bridge/093/l17d0tcc/websocket 0ms (unfinished)
------------------------------------------------------------------------------------------------------
POST /bridge/403/0cyjrbh6/xhr_streaming 1ms (unfinished)
------------------------------------------------------------------------------------------------------
POST /bridge/403/0cyjrbh6/xhr_send 1ms 204
------------------------------------------------------------------------------------------------------
------------------------------------------------------------------------------------------------------
POST /bridge/093/acwwedh8/xhr_streaming 1ms (unfinished)
POST /bridge/093/acwwedh8/xhr_send 1ms 204
------------------------------------------------------------------------------------------------------
------------------------------------------------------------------------------------------------------
GET /bridge/info 1ms 200
------------------------------------------------------------------------------------------------------
GET /bridge/info 0ms 200
GET /bridge/848/24zl29a9/websocket 0ms (unfinished)
------------------------------------------------------------------------------------------------------
GET /bridge/836/4ijzzzbb/websocket 1ms (unfinished)
------------------------------------------------------------------------------------------------------
POST /bridge/848/ijkoja47/xhr_streaming 0ms (unfinished)
------------------------------------------------------------------------------------------------------
POST /bridge/848/ijkoja47/xhr_send 1ms 204
------------------------------------------------------------------------------------------------------
POST /bridge/836/szcv4h88/xhr_streaming 1ms (unfinished)
------------------------------------------------------------------------------------------------------
POST /bridge/836/szcv4h88/xhr_send 1ms 204
------------------------------------------------------------------------------------------------------
GET /bridge/info 1ms 200
------------------------------------------------------------------------------------------------------
GET /bridge/info 0ms 200
------------------------------------------------------------------------------------------------------
GET /bridge/315/omi67dsb/websocket 0ms (unfinished)
------------------------------------------------------------------------------------------------------
------------------------------------------------------------------------------------------------------
GET /bridge/952/gmdanrp2/websocket 0ms (unfinished)
POST /bridge/315/nsy5npih/xhr_streaming 0ms (unfinished)
------------------------------------------------------------------------------------------------------
POST /bridge/315/nsy5npih/xhr_send 1ms 204
------------------------------------------------------------------------------------------------------
POST /bridge/952/st7mmn6o/xhr_streaming 1ms (unfinished)
------------------------------------------------------------------------------------------------------
------------------------------------------------------------------------------------------------------
GET /bridge/info 1ms 200
GET /bridge/info 0ms 200
------------------------------------------------------------------------------------------------------
GET /bridge/479/jrym8kq_/websocket 2ms (unfinished)
------------------------------------------------------------------------------------------------------
GET /bridge/965/i4efvaa4/websocket 0ms (unfinished)
------------------------------------------------------------------------------------------------------
GET /bridge/info 2ms 200
------------------------------------------------------------------------------------------------------
GET /bridge/info 1ms 200
------------------------------------------------------------------------------------------------------
GET /bridge/165/jvqwv3jp/websocket 2ms (unfinished)
------------------------------------------------------------------------------------------------------
GET /bridge/371/71fezkjp/websocket 0ms (unfinished)
------------------------------------------------------------------------------------------------------
GET /bridge/info 0ms 200
------------------------------------------------------------------------------------------------------
GET /bridge/info 0ms 200
------------------------------------------------------------------------------------------------------
------------------------------------------------------------------------------------------------------
GET /bridge/223/xsowrmzr/websocket 0ms (unfinished)
------------------------------------------------------------------------------------------------------
GET /bridge/558/0epuomxa/websocket 0ms (unfinished)
GET /bridge/info 0ms 200
------------------------------------------------------------------------------------------------------
GET /bridge/info 0ms 200
------------------------------------------------------------------------------------------------------
GET /bridge/904/jcvhdz6c/websocket 1ms (unfinished)
------------------------------------------------------------------------------------------------------
GET /bridge/073/davarcgb/websocket 0ms (unfinished)
------------------------------------------------------------------------------------------------------
GET /bridge/info 0ms 200
------------------------------------------------------------------------------------------------------
------------------------------------------------------------------------------------------------------
GET /bridge/info 1ms 200
GET /bridge/979/xd1rmflc/websocket 0ms (unfinished)
------------------------------------------------------------------------------------------------------
------------------------------------------------------------------------------------------------------
GET /bridge/879/0hh2bycx/websocket 0ms (unfinished)
GET /bridge/info 1ms 200
------------------------------------------------------------------------------------------------------
------------------------------------------------------------------------------------------------------
GET /bridge/info 0ms 200
GET /bridge/898/sybfb7pv/websocket 0ms (unfinished)
------------------------------------------------------------------------------------------------------
GET /bridge/999/2_l6cqxi/websocket 0ms (unfinished)
------------------------------------------------------------------------------------------------------
GET /bridge/info 1ms 200
------------------------------------------------------------------------------------------------------
GET /bridge/info 0ms 200
------------------------------------------------------------------------------------------------------
GET /bridge/827/_x55k80v/websocket 0ms (unfinished)
------------------------------------------------------------------------------------------------------
GET /bridge/576/lzf2qcaq/websocket 0ms (unfinished)
------------------------------------------------------------------------------------------------------
------------------------------------------------------------------------------------------------------
GET /bridge/info 0ms 200
GET /bridge/info 0ms 200
------------------------------------------------------------------------------------------------------
GET /bridge/783/r0u68wuw/websocket 0ms (unfinished)
------------------------------------------------------------------------------------------------------
GET /bridge/237/ubxgto55/websocket 0ms (unfinished)
------------------------------------------------------------------------------------------------------
------------------------------------------------------------------------------------------------------
GET /bridge/info 0ms 200
GET /bridge/info 0ms 200
------------------------------------------------------------------------------------------------------
GET /bridge/438/o8ppryzj/websocket 0ms (unfinished)
------------------------------------------------------------------------------------------------------
GET /bridge/688/xdnxkuqj/websocket 0ms (unfinished)
------------------------------------------------------------------------------------------------------
GET /bridge/info 1ms 200
------------------------------------------------------------------------------------------------------
------------------------------------------------------------------------------------------------------
GET /bridge/info 0ms 200
GET /bridge/744/868pat6o/websocket 3ms (unfinished)
------------------------------------------------------------------------------------------------------
GET /bridge/507/w57zdfji/websocket 1ms (unfinished)
------------------------------------------------------------------------------------------------------
------------------------------------------------------------------------------------------------------
POST /bridge/572/mlgqxk80/xhr_send 2ms 404
GET /bridge/info 0ms 200
------------------------------------------------------------------------------------------------------
GET /bridge/info 1ms 200
------------------------------------------------------------------------------------------------------
GET /bridge/635/6479yxcd/websocket 0ms (unfinished)
------------------------------------------------------------------------------------------------------
GET /bridge/734/q5_psyjg/websocket 0ms (unfinished)
------------------------------------------------------------------------------------------------------
GET /bridge/info 1ms 200
------------------------------------------------------------------------------------------------------
GET /bridge/info 0ms 200
------------------------------------------------------------------------------------------------------
GET /bridge/870/3qwfmyf3/websocket 3ms (unfinished)
------------------------------------------------------------------------------------------------------
GET /bridge/193/nwdtm4z4/websocket 1ms (unfinished)
------------------------------------------------------------------------------------------------------
POST /bridge/870/frc36zss/xhr_streaming 1ms (unfinished)
------------------------------------------------------------------------------------------------------
POST /bridge/870/frc36zss/xhr_send 3ms 204
------------------------------------------------------------------------------------------------------
------------------------------------------------------------------------------------------------------
POST /bridge/193/775nt8x7/xhr_streaming 1ms (unfinished)
POST /bridge/193/775nt8x7/xhr_send 1ms 204
------------------------------------------------------------------------------------------------------
GET /bridge/info 1ms 200
------------------------------------------------------------------------------------------------------
GET /bridge/info 0ms 200
------------------------------------------------------------------------------------------------------
GET /bridge/631/aqfdxkjk/websocket 2ms (unfinished)
------------------------------------------------------------------------------------------------------
GET /bridge/479/a7rdse2g/websocket 0ms (unfinished)
------------------------------------------------------------------------------------------------------
POST /bridge/631/rgod_0zr/xhr_streaming 1ms (unfinished)
------------------------------------------------------------------------------------------------------
POST /bridge/631/rgod_0zr/xhr_send 3ms 204
------------------------------------------------------------------------------------------------------
POST /bridge/479/6q8ed8an/xhr_streaming 1ms (unfinished)
------------------------------------------------------------------------------------------------------
------------------------------------------------------------------------------------------------------
POST /bridge/479/6q8ed8an/xhr_send 1ms 204
GET /bridge/info 1ms 200
------------------------------------------------------------------------------------------------------
------------------------------------------------------------------------------------------------------
GET /bridge/info 0ms 200
GET /bridge/918/kurui_au/websocket 0ms (unfinished)
------------------------------------------------------------------------------------------------------
GET /bridge/167/tfhqqvoh/websocket 0ms (unfinished)
------------------------------------------------------------------------------------------------------
POST /bridge/918/cuwko0lh/xhr_streaming 0ms (unfinished)
------------------------------------------------------------------------------------------------------
POST /bridge/918/cuwko0lh/xhr_send 1ms 204
------------------------------------------------------------------------------------------------------
POST /bridge/167/jbv7xn56/xhr_streaming 0ms (unfinished)
------------------------------------------------------------------------------------------------------
GET /bridge/info 1ms 200
------------------------------------------------------------------------------------------------------
GET /bridge/info 0ms 200
------------------------------------------------------------------------------------------------------
GET /bridge/830/uoe57jkv/websocket 2ms (unfinished)
------------------------------------------------------------------------------------------------------
GET /bridge/522/p43qlqy2/websocket 0ms (unfinished)
------------------------------------------------------------------------------------------------------
POST /bridge/830/5tzmdccg/xhr_streaming 1ms (unfinished)
------------------------------------------------------------------------------------------------------
POST /bridge/830/5tzmdccg/xhr_send 4ms 204
------------------------------------------------------------------------------------------------------
POST /bridge/522/610jt6sn/xhr_streaming 0ms (unfinished)
------------------------------------------------------------------------------------------------------
GET /bridge/info 0ms 200
------------------------------------------------------------------------------------------------------
GET /bridge/info 0ms 200
------------------------------------------------------------------------------------------------------
GET /bridge/988/mr7dlfy2/websocket 0ms (unfinished)
------------------------------------------------------------------------------------------------------
GET /bridge/641/48e22dsl/websocket 0ms (unfinished)
------------------------------------------------------------------------------------------------------
GET /bridge/info 0ms 200
------------------------------------------------------------------------------------------------------
GET /bridge/info 0ms 200
------------------------------------------------------------------------------------------------------
GET /bridge/232/dlbw1bjq/websocket 0ms (unfinished)
------------------------------------------------------------------------------------------------------
GET /bridge/023/701yd0vj/websocket 1ms (unfinished)
------------------------------------------------------------------------------------------------------
GET /bridge/info 1ms 200
------------------------------------------------------------------------------------------------------
------------------------------------------------------------------------------------------------------
GET /bridge/info 0ms 200
GET /bridge/015/ubtou38s/websocket 1ms (unfinished)
------------------------------------------------------------------------------------------------------
------------------------------------------------------------------------------------------------------
GET /bridge/137/6jn9v4_y/websocket 0ms (unfinished)
GET /bridge/info 1ms 200
------------------------------------------------------------------------------------------------------
GET /bridge/info 0ms 200
------------------------------------------------------------------------------------------------------
GET /bridge/179/nrvme65d/websocket 2ms (unfinished)
------------------------------------------------------------------------------------------------------
GET /bridge/827/wwqd7h_w/websocket 0ms (unfinished)
------------------------------------------------------------------------------------------------------
------------------------------------------------------------------------------------------------------
GET /bridge/info 0ms 200
------------------------------------------------------------------------------------------------------
GET /bridge/info 0ms 200
GET /bridge/670/n4isxw3b/websocket 0ms (unfinished)
------------------------------------------------------------------------------------------------------
GET /bridge/545/1n3ko0c4/websocket 0ms (unfinished)
------------------------------------------------------------------------------------------------------
GET /bridge/info 1ms 200
------------------------------------------------------------------------------------------------------
GET /bridge/info 1ms 200
------------------------------------------------------------------------------------------------------
GET /bridge/748/_uk69817/websocket 1ms (unfinished)
------------------------------------------------------------------------------------------------------
GET /bridge/938/_buwy29n/websocket 1ms (unfinished)
------------------------------------------------------------------------------------------------------
GET /bridge/info 1ms 200
------------------------------------------------------------------------------------------------------
GET /bridge/info 1ms 200
------------------------------------------------------------------------------------------------------
GET /bridge/147/0cgnjx5_/websocket 0ms (unfinished)
------------------------------------------------------------------------------------------------------
------------------------------------------------------------------------------------------------------
GET /bridge/652/vprhrsfz/websocket 0ms (unfinished)
GET /bridge/info 1ms 200
------------------------------------------------------------------------------------------------------
GET /bridge/info 0ms 200
------------------------------------------------------------------------------------------------------
GET /bridge/251/b6k1436t/websocket 0ms (unfinished)
------------------------------------------------------------------------------------------------------
GET /bridge/786/6vhhwu47/websocket 0ms (unfinished)
------------------------------------------------------------------------------------------------------
GET /bridge/info 1ms 200
------------------------------------------------------------------------------------------------------
------------------------------------------------------------------------------------------------------
GET /bridge/info 0ms 200
GET /bridge/443/wb_2w5uf/websocket 1ms (unfinished)
------------------------------------------------------------------------------------------------------
GET /bridge/461/_mkjpwpx/websocket 0ms (unfinished)
------------------------------------------------------------------------------------------------------
------------------------------------------------------------------------------------------------------
GET /bridge/info 0ms 200
GET /bridge/info 0ms 200
------------------------------------------------------------------------------------------------------
GET /bridge/592/chatb1s5/websocket 1ms (unfinished)
------------------------------------------------------------------------------------------------------
GET /bridge/464/g8uilxt0/websocket 0ms (unfinished)
------------------------------------------------------------------------------------------------------
------------------------------------------------------------------------------------------------------
GET /bridge/info 1ms 200
GET /bridge/info 0ms 200
------------------------------------------------------------------------------------------------------
GET /bridge/773/p8o0ighu/websocket 3ms (unfinished)
------------------------------------------------------------------------------------------------------
GET /bridge/245/39thi9a0/websocket 0ms (unfinished)
------------------------------------------------------------------------------------------------------
GET /bridge/info 1ms 200
------------------------------------------------------------------------------------------------------
GET /bridge/info 1ms 200
------------------------------------------------------------------------------------------------------
GET /bridge/419/240t222p/websocket 0ms (unfinished)
------------------------------------------------------------------------------------------------------
GET /bridge/572/3w5tk4qu/websocket 0ms (unfinished)
------------------------------------------------------------------------------------------------------
GET /bridge/info 0ms 200
------------------------------------------------------------------------------------------------------
GET /bridge/info 0ms 200
------------------------------------------------------------------------------------------------------
GET /bridge/383/7jgmesy2/websocket 1ms (unfinished)
------------------------------------------------------------------------------------------------------
GET /bridge/349/26i9v19z/websocket 0ms (unfinished)
------------------------------------------------------------------------------------------------------
------------------------------------------------------------------------------------------------------
GET /bridge/info 0ms 200
GET /bridge/info 0ms 200
------------------------------------------------------------------------------------------------------
GET /bridge/863/pj4eb0t9/websocket 0ms (unfinished)
------------------------------------------------------------------------------------------------------
GET /bridge/087/z4lk8vst/websocket 0ms (unfinished)
------------------------------------------------------------------------------------------------------
GET /bridge/info 1ms 200
------------------------------------------------------------------------------------------------------
GET /bridge/info 1ms 200
------------------------------------------------------------------------------------------------------
GET /bridge/579/6_2348pn/websocket 0ms (unfinished)
------------------------------------------------------------------------------------------------------
GET /bridge/425/o39onwmz/websocket 1ms (unfinished)
------------------------------------------------------------------------------------------------------
GET /bridge/info 1ms 200
------------------------------------------------------------------------------------------------------
GET /bridge/info 0ms 200
------------------------------------------------------------------------------------------------------
------------------------------------------------------------------------------------------------------
GET /bridge/792/fuyheqvf/websocket 0ms (unfinished)
GET /bridge/220/3h4dxwpo/websocket 1ms (unfinished)
------------------------------------------------------------------------------------------------------
------------------------------------------------------------------------------------------------------
GET /bridge/info 1ms 200
GET /bridge/info 0ms 200
------------------------------------------------------------------------------------------------------
------------------------------------------------------------------------------------------------------
GET /bridge/654/9_7t649s/websocket 1ms (unfinished)
GET /bridge/454/n6jmt_jo/websocket 0ms (unfinished)
------------------------------------------------------------------------------------------------------
------------------------------------------------------------------------------------------------------
GET /bridge/info 0ms 200
GET /bridge/info 0ms 200
------------------------------------------------------------------------------------------------------
GET /bridge/258/za67xzer/websocket 0ms (unfinished)
------------------------------------------------------------------------------------------------------
GET /bridge/201/339dnroq/websocket 0ms (unfinished)
------------------------------------------------------------------------------------------------------
GET /bridge/info 0ms 200
------------------------------------------------------------------------------------------------------
GET /bridge/info 0ms 200
------------------------------------------------------------------------------------------------------
------------------------------------------------------------------------------------------------------
GET /bridge/534/2wvs9f_u/websocket 1ms (unfinished)
GET /bridge/942/yo059nz7/websocket 0ms (unfinished)
------------------------------------------------------------------------------------------------------
GET /bridge/info 1ms 200
------------------------------------------------------------------------------------------------------
GET /bridge/info 0ms 200
------------------------------------------------------------------------------------------------------
GET /bridge/825/pirrx779/websocket 2ms (unfinished)
------------------------------------------------------------------------------------------------------
GET /bridge/938/y31uewxg/websocket 0ms (unfinished)
------------------------------------------------------------------------------------------------------
GET /bridge/info 0ms 200
------------------------------------------------------------------------------------------------------
GET /bridge/info 0ms 200
------------------------------------------------------------------------------------------------------
------------------------------------------------------------------------------------------------------
GET /bridge/253/51jhv172/websocket 1ms (unfinished)
------------------------------------------------------------------------------------------------------
GET /bridge/026/yvmas6ei/websocket 0ms (unfinished)
GET /bridge/info 1ms 200
------------------------------------------------------------------------------------------------------
GET /bridge/info 1ms 200
------------------------------------------------------------------------------------------------------
GET /bridge/048/sjtz55lu/websocket 1ms (unfinished)
------------------------------------------------------------------------------------------------------
GET /bridge/736/6geri41_/websocket 0ms (unfinished)
------------------------------------------------------------------------------------------------------
------------------------------------------------------------------------------------------------------
GET /bridge/info 1ms 200
GET /bridge/info 0ms 200
------------------------------------------------------------------------------------------------------
GET /bridge/627/wj0lppbq/websocket 2ms (unfinished)
------------------------------------------------------------------------------------------------------
GET /bridge/024/7xmeanxn/websocket 0ms (unfinished)
------------------------------------------------------------------------------------------------------
GET /bridge/info 0ms 200
------------------------------------------------------------------------------------------------------
GET /bridge/info 1ms 200
------------------------------------------------------------------------------------------------------
GET /bridge/695/ximl36x9/websocket 1ms (unfinished)
------------------------------------------------------------------------------------------------------
GET /bridge/184/s039k3e2/websocket 0ms (unfinished)
------------------------------------------------------------------------------------------------------
------------------------------------------------------------------------------------------------------
GET /bridge/info 1ms 200
GET /bridge/info 1ms 200
------------------------------------------------------------------------------------------------------
GET /bridge/988/_ashy460/websocket 2ms (unfinished)
------------------------------------------------------------------------------------------------------
GET /bridge/988/ugrteuk9/websocket 0ms (unfinished)
------------------------------------------------------------------------------------------------------
GET /bridge/info 1ms 200
------------------------------------------------------------------------------------------------------
GET /bridge/info 1ms 200
------------------------------------------------------------------------------------------------------
GET /bridge/236/thof69nm/websocket 3ms (unfinished)
------------------------------------------------------------------------------------------------------
GET /bridge/108/8fkb0_b7/websocket 0ms (unfinished)
------------------------------------------------------------------------------------------------------
------------------------------------------------------------------------------------------------------
GET /bridge/info 1ms 200
------------------------------------------------------------------------------------------------------
GET /bridge/info 0ms 200
GET /bridge/390/uvt85vdh/websocket 2ms (unfinished)
------------------------------------------------------------------------------------------------------
GET /bridge/041/ikkuyx58/websocket 0ms (unfinished)
------------------------------------------------------------------------------------------------------
GET /bridge/info 0ms 200
------------------------------------------------------------------------------------------------------
GET /bridge/info 0ms 200
------------------------------------------------------------------------------------------------------
GET /bridge/533/dwb8n638/websocket 0ms (unfinished)
------------------------------------------------------------------------------------------------------
GET /bridge/719/7nssy_xr/websocket 1ms (unfinished)
------------------------------------------------------------------------------------------------------
GET /bridge/info 0ms 200
------------------------------------------------------------------------------------------------------
GET /bridge/info 0ms 200
------------------------------------------------------------------------------------------------------
------------------------------------------------------------------------------------------------------
GET /bridge/124/x4x36_0t/websocket 0ms (unfinished)
GET /bridge/780/wbnfzkep/websocket 0ms (unfinished)
------------------------------------------------------------------------------------------------------
GET /bridge/info 1ms 200
------------------------------------------------------------------------------------------------------
GET /bridge/info 1ms 200
------------------------------------------------------------------------------------------------------
GET /bridge/916/4zfy02or/websocket 2ms (unfinished)
------------------------------------------------------------------------------------------------------
GET /bridge/791/5yhkz77o/websocket 0ms (unfinished)
------------------------------------------------------------------------------------------------------
GET /bridge/info 0ms 200
------------------------------------------------------------------------------------------------------
GET /bridge/info 0ms 200
------------------------------------------------------------------------------------------------------
------------------------------------------------------------------------------------------------------
GET /bridge/607/p2lb35on/websocket 0ms (unfinished)
GET /bridge/740/f494c1_5/websocket 0ms (unfinished)
------------------------------------------------------------------------------------------------------
------------------------------------------------------------------------------------------------------
GET /bridge/info 0ms 200
GET /bridge/info 0ms 200
------------------------------------------------------------------------------------------------------
GET /bridge/935/64he7pa7/websocket 0ms (unfinished)
------------------------------------------------------------------------------------------------------
GET /bridge/819/lvn8qxkv/websocket 0ms (unfinished)
------------------------------------------------------------------------------------------------------
GET /bridge/info 1ms 200
------------------------------------------------------------------------------------------------------
GET /bridge/info 0ms 200
------------------------------------------------------------------------------------------------------
GET /bridge/504/f7cb13m1/websocket 3ms (unfinished)
------------------------------------------------------------------------------------------------------
GET /bridge/417/0x_cfyeo/websocket 0ms (unfinished)
------------------------------------------------------------------------------------------------------
GET /bridge/info 0ms 200
------------------------------------------------------------------------------------------------------
GET /bridge/info 1ms 200
------------------------------------------------------------------------------------------------------
GET /bridge/275/72uwu2hv/websocket 1ms (unfinished)
------------------------------------------------------------------------------------------------------
------------------------------------------------------------------------------------------------------
GET /bridge/768/7b1kx2qi/websocket 1ms (unfinished)
GET /bridge/info 0ms 200
------------------------------------------------------------------------------------------------------
GET /bridge/info 0ms 200
------------------------------------------------------------------------------------------------------
------------------------------------------------------------------------------------------------------
GET /bridge/227/kdnbtuk7/websocket 1ms (unfinished)
GET /bridge/246/_d6xd1gb/websocket 1ms (unfinished)
------------------------------------------------------------------------------------------------------
GET /bridge/info 1ms 200
------------------------------------------------------------------------------------------------------
GET /bridge/info 0ms 200
------------------------------------------------------------------------------------------------------
------------------------------------------------------------------------------------------------------
GET /bridge/048/pry1otbx/websocket 3ms (unfinished)
------------------------------------------------------------------------------------------------------
GET /bridge/162/cs2nbkle/websocket 0ms (unfinished)
GET /bridge/info 1ms 200
------------------------------------------------------------------------------------------------------
GET /bridge/info 0ms 200
------------------------------------------------------------------------------------------------------
GET /bridge/467/z1khjlr_/websocket 0ms (unfinished)
------------------------------------------------------------------------------------------------------
GET /bridge/884/5_ldhg_a/websocket 1ms (unfinished)
------------------------------------------------------------------------------------------------------
POST /bridge/467/jpphha88/xhr_streaming 1ms (unfinished)
------------------------------------------------------------------------------------------------------
POST /bridge/884/7xs3c5i7/xhr_streaming 0ms (unfinished)
------------------------------------------------------------------------------------------------------
Exception on "POST /bridge/467/jpphha88/xhr_send" in filter "xhr_send":
RangeError [ERR_SOCKET_BAD_PORT]: Port should be >= 0 and < 65536. Received .
    at validatePort (internal/validators.js:211:11)
    at lookupAndConnect (net.js:1000:5)
    at Socket.connect (net.js:976:5)
    at new module.exports.Socket (C:\Nitrogen\NitroWEB\www\js\lib\webtcp\server\socket.js:67:15)
    at module.exports.WebTCP.dispatch (C:\Nitrogen\NitroWEB\www\js\lib\webtcp\server\webtcp.js:37:40)
    at SockJSConnection.<anonymous> (C:\Nitrogen\NitroWEB\www\js\lib\webtcp\server\webtcp.js:25:12)
    at SockJSConnection.emit (events.js:376:20)
    at Session.didMessage (C:\Nitrogen\NitroWEB\node_modules\sockjs\lib\transport.js:246:25)
    at App.xhr_send (C:\Nitrogen\NitroWEB\node_modules\sockjs\lib\trans-xhr.js:81:15)
    at execute_request (C:\Nitrogen\NitroWEB\node_modules\sockjs\lib\webjs.js:22:37)
------------------------------------------------------------------------------------------------------
------------------------------------------------------------------------------------------------------
POST /bridge/467/jpphha88/xhr_send 4ms 500
Exception on "POST /bridge/884/7xs3c5i7/xhr_send" in filter "xhr_send":
RangeError [ERR_SOCKET_BAD_PORT]: Port should be >= 0 and < 65536. Received .
    at validatePort (internal/validators.js:211:11)
    at lookupAndConnect (net.js:1000:5)
    at Socket.connect (net.js:976:5)
    at new module.exports.Socket (C:\Nitrogen\NitroWEB\www\js\lib\webtcp\server\socket.js:67:15)
    at module.exports.WebTCP.dispatch (C:\Nitrogen\NitroWEB\www\js\lib\webtcp\server\webtcp.js:37:40)
    at SockJSConnection.<anonymous> (C:\Nitrogen\NitroWEB\www\js\lib\webtcp\server\webtcp.js:25:12)
    at SockJSConnection.emit (events.js:376:20)
    at Session.didMessage (C:\Nitrogen\NitroWEB\node_modules\sockjs\lib\transport.js:246:25)
    at App.xhr_send (C:\Nitrogen\NitroWEB\node_modules\sockjs\lib\trans-xhr.js:81:15)
    at execute_request (C:\Nitrogen\NitroWEB\node_modules\sockjs\lib\webjs.js:22:37)
POST /bridge/884/7xs3c5i7/xhr_send 1ms 500
------------------------------------------------------------------------------------------------------
------------------------------------------------------------------------------------------------------
GET /bridge/info 0ms 200
------------------------------------------------------------------------------------------------------
GET /bridge/info 0ms 200
------------------------------------------------------------------------------------------------------
GET /bridge/768/l9pxjk72/websocket 0ms (unfinished)
------------------------------------------------------------------------------------------------------
GET /bridge/092/lsc841d4/websocket 0ms (unfinished)
------------------------------------------------------------------------------------------------------
GET /bridge/info 0ms 200
------------------------------------------------------------------------------------------------------
GET /bridge/info 1ms 200
------------------------------------------------------------------------------------------------------
GET /bridge/927/qtcejkc3/websocket 1ms (unfinished)
------------------------------------------------------------------------------------------------------
------------------------------------------------------------------------------------------------------
GET /bridge/606/ljlj5lke/websocket 0ms (unfinished)
POST /bridge/927/cjd79i35/xhr_streaming 1ms (unfinished)
------------------------------------------------------------------------------------------------------
Exception on "POST /bridge/927/cjd79i35/xhr_send" in filter "xhr_send":
RangeError [ERR_SOCKET_BAD_PORT]: Port should be >= 0 and < 65536. Received .
    at validatePort (internal/validators.js:211:11)
    at lookupAndConnect (net.js:1000:5)
    at Socket.connect (net.js:976:5)
    at new module.exports.Socket (C:\Nitrogen\NitroWEB\www\js\lib\webtcp\server\socket.js:67:15)
    at module.exports.WebTCP.dispatch (C:\Nitrogen\NitroWEB\www\js\lib\webtcp\server\webtcp.js:37:40)
    at SockJSConnection.<anonymous> (C:\Nitrogen\NitroWEB\www\js\lib\webtcp\server\webtcp.js:25:12)
    at SockJSConnection.emit (events.js:376:20)
    at Session.didMessage (C:\Nitrogen\NitroWEB\node_modules\sockjs\lib\transport.js:246:25)
    at App.xhr_send (C:\Nitrogen\NitroWEB\node_modules\sockjs\lib\trans-xhr.js:81:15)
    at execute_request (C:\Nitrogen\NitroWEB\node_modules\sockjs\lib\webjs.js:22:37)
POST /bridge/927/cjd79i35/xhr_send 1ms 500
------------------------------------------------------------------------------------------------------
------------------------------------------------------------------------------------------------------
------------------------------------------------------------------------------------------------------
POST /bridge/606/e18fy4ga/xhr_streaming 1ms (unfinished)
Exception on "POST /bridge/606/e18fy4ga/xhr_send" in filter "xhr_send":
RangeError [ERR_SOCKET_BAD_PORT]: Port should be >= 0 and < 65536. Received .
    at validatePort (internal/validators.js:211:11)
    at lookupAndConnect (net.js:1000:5)
    at Socket.connect (net.js:976:5)
    at new module.exports.Socket (C:\Nitrogen\NitroWEB\www\js\lib\webtcp\server\socket.js:67:15)
    at module.exports.WebTCP.dispatch (C:\Nitrogen\NitroWEB\www\js\lib\webtcp\server\webtcp.js:37:40)
    at SockJSConnection.<anonymous> (C:\Nitrogen\NitroWEB\www\js\lib\webtcp\server\webtcp.js:25:12)
    at SockJSConnection.emit (events.js:376:20)
    at Session.didMessage (C:\Nitrogen\NitroWEB\node_modules\sockjs\lib\transport.js:246:25)
    at App.xhr_send (C:\Nitrogen\NitroWEB\node_modules\sockjs\lib\trans-xhr.js:81:15)
    at execute_request (C:\Nitrogen\NitroWEB\node_modules\sockjs\lib\webjs.js:22:37)
------------------------------------------------------------------------------------------------------
------------------------------------------------------------------------------------------------------
POST /bridge/606/e18fy4ga/xhr_send 2ms 500
GET /bridge/info 0ms 200
------------------------------------------------------------------------------------------------------
------------------------------------------------------------------------------------------------------
GET /bridge/info 0ms 200
------------------------------------------------------------------------------------------------------
GET /bridge/237/6ya7_3tf/websocket 1ms (unfinished)
GET /bridge/779/44njtfte/websocket 1ms (unfinished)
------------------------------------------------------------------------------------------------------
POST /bridge/237/z4iuj7l8/xhr_streaming 1ms (unfinished)
------------------------------------------------------------------------------------------------------
POST /bridge/779/7kmdhv3n/xhr_streaming 0ms (unfinished)
------------------------------------------------------------------------------------------------------
Exception on "POST /bridge/237/z4iuj7l8/xhr_send" in filter "xhr_send":
RangeError [ERR_SOCKET_BAD_PORT]: Port should be >= 0 and < 65536. Received .
    at validatePort (internal/validators.js:211:11)
    at lookupAndConnect (net.js:1000:5)
    at Socket.connect (net.js:976:5)
    at new module.exports.Socket (C:\Nitrogen\NitroWEB\www\js\lib\webtcp\server\socket.js:67:15)
    at module.exports.WebTCP.dispatch (C:\Nitrogen\NitroWEB\www\js\lib\webtcp\server\webtcp.js:37:40)
    at SockJSConnection.<anonymous> (C:\Nitrogen\NitroWEB\www\js\lib\webtcp\server\webtcp.js:25:12)
    at SockJSConnection.emit (events.js:376:20)
    at Session.didMessage (C:\Nitrogen\NitroWEB\node_modules\sockjs\lib\transport.js:246:25)
    at App.xhr_send (C:\Nitrogen\NitroWEB\node_modules\sockjs\lib\trans-xhr.js:81:15)
    at execute_request (C:\Nitrogen\NitroWEB\node_modules\sockjs\lib\webjs.js:22:37)
------------------------------------------------------------------------------------------------------
POST /bridge/237/z4iuj7l8/xhr_send 2ms 500
------------------------------------------------------------------------------------------------------
Exception on "POST /bridge/779/7kmdhv3n/xhr_send" in filter "xhr_send":
RangeError [ERR_SOCKET_BAD_PORT]: Port should be >= 0 and < 65536. Received .
    at validatePort (internal/validators.js:211:11)
    at lookupAndConnect (net.js:1000:5)
    at Socket.connect (net.js:976:5)
    at new module.exports.Socket (C:\Nitrogen\NitroWEB\www\js\lib\webtcp\server\socket.js:67:15)
    at module.exports.WebTCP.dispatch (C:\Nitrogen\NitroWEB\www\js\lib\webtcp\server\webtcp.js:37:40)
    at SockJSConnection.<anonymous> (C:\Nitrogen\NitroWEB\www\js\lib\webtcp\server\webtcp.js:25:12)
    at SockJSConnection.emit (events.js:376:20)
    at Session.didMessage (C:\Nitrogen\NitroWEB\node_modules\sockjs\lib\transport.js:246:25)
    at App.xhr_send (C:\Nitrogen\NitroWEB\node_modules\sockjs\lib\trans-xhr.js:81:15)
    at execute_request (C:\Nitrogen\NitroWEB\node_modules\sockjs\lib\webjs.js:22:37)
------------------------------------------------------------------------------------------------------
POST /bridge/779/7kmdhv3n/xhr_send 3ms 500
------------------------------------------------------------------------------------------------------
GET /bridge/info 1ms 200
------------------------------------------------------------------------------------------------------
GET /bridge/info 0ms 200
------------------------------------------------------------------------------------------------------
------------------------------------------------------------------------------------------------------
GET /bridge/030/yc2ymrkg/websocket 0ms (unfinished)
GET /bridge/720/m1pxmjtr/websocket 0ms (unfinished)
------------------------------------------------------------------------------------------------------
GET /bridge/info 0ms 200
------------------------------------------------------------------------------------------------------
------------------------------------------------------------------------------------------------------
GET /bridge/info 1ms 200
GET /bridge/868/pset9lng/websocket 1ms (unfinished)
------------------------------------------------------------------------------------------------------
GET /bridge/385/gshir3sa/websocket 0ms (unfinished)
------------------------------------------------------------------------------------------------------
GET /bridge/info 1ms 200
------------------------------------------------------------------------------------------------------
GET /bridge/info 0ms 200
------------------------------------------------------------------------------------------------------
GET /bridge/289/5y74b3en/websocket 2ms (unfinished)
------------------------------------------------------------------------------------------------------
------------------------------------------------------------------------------------------------------
GET /bridge/072/r4raphs1/websocket 0ms (unfinished)
POST /bridge/289/32gv7pdm/xhr_streaming 1ms (unfinished)
------------------------------------------------------------------------------------------------------
Exception on "POST /bridge/289/32gv7pdm/xhr_send" in filter "xhr_send":
RangeError [ERR_SOCKET_BAD_PORT]: Port should be >= 0 and < 65536. Received .
    at validatePort (internal/validators.js:211:11)
    at lookupAndConnect (net.js:1000:5)
    at Socket.connect (net.js:976:5)
    at new module.exports.Socket (C:\Nitrogen\NitroWEB\www\js\lib\webtcp\server\socket.js:67:15)
    at module.exports.WebTCP.dispatch (C:\Nitrogen\NitroWEB\www\js\lib\webtcp\server\webtcp.js:37:40)
    at SockJSConnection.<anonymous> (C:\Nitrogen\NitroWEB\www\js\lib\webtcp\server\webtcp.js:25:12)
    at SockJSConnection.emit (events.js:376:20)
    at Session.didMessage (C:\Nitrogen\NitroWEB\node_modules\sockjs\lib\transport.js:246:25)
    at App.xhr_send (C:\Nitrogen\NitroWEB\node_modules\sockjs\lib\trans-xhr.js:81:15)
    at execute_request (C:\Nitrogen\NitroWEB\node_modules\sockjs\lib\webjs.js:22:37)
------------------------------------------------------------------------------------------------------
POST /bridge/289/32gv7pdm/xhr_send 4ms 500
------------------------------------------------------------------------------------------------------
POST /bridge/072/8_77nk6m/xhr_streaming 0ms (unfinished)
------------------------------------------------------------------------------------------------------
Exception on "POST /bridge/072/8_77nk6m/xhr_send" in filter "xhr_send":
RangeError [ERR_SOCKET_BAD_PORT]: Port should be >= 0 and < 65536. Received .
    at validatePort (internal/validators.js:211:11)
    at lookupAndConnect (net.js:1000:5)
    at Socket.connect (net.js:976:5)
    at new module.exports.Socket (C:\Nitrogen\NitroWEB\www\js\lib\webtcp\server\socket.js:67:15)
    at module.exports.WebTCP.dispatch (C:\Nitrogen\NitroWEB\www\js\lib\webtcp\server\webtcp.js:37:40)
    at SockJSConnection.<anonymous> (C:\Nitrogen\NitroWEB\www\js\lib\webtcp\server\webtcp.js:25:12)
    at SockJSConnection.emit (events.js:376:20)
    at Session.didMessage (C:\Nitrogen\NitroWEB\node_modules\sockjs\lib\transport.js:246:25)
    at App.xhr_send (C:\Nitrogen\NitroWEB\node_modules\sockjs\lib\trans-xhr.js:81:15)
    at execute_request (C:\Nitrogen\NitroWEB\node_modules\sockjs\lib\webjs.js:22:37)
------------------------------------------------------------------------------------------------------
POST /bridge/072/8_77nk6m/xhr_send 1ms 500
------------------------------------------------------------------------------------------------------
GET /bridge/info 0ms 200
------------------------------------------------------------------------------------------------------
GET /bridge/info 0ms 200
------------------------------------------------------------------------------------------------------
GET /bridge/899/3efxpfak/websocket 0ms (unfinished)
------------------------------------------------------------------------------------------------------
GET /bridge/023/6h1oez80/websocket 0ms (unfinished)
------------------------------------------------------------------------------------------------------
GET /bridge/info 0ms 200
------------------------------------------------------------------------------------------------------
GET /bridge/info 0ms 200
------------------------------------------------------------------------------------------------------
GET /bridge/657/l_d1pld8/websocket 0ms (unfinished)
------------------------------------------------------------------------------------------------------
------------------------------------------------------------------------------------------------------
GET /bridge/144/znwx05jh/websocket 0ms (unfinished)
POST /bridge/899/6zhidyh0/xhr_streaming 1ms (unfinished)
------------------------------------------------------------------------------------------------------
Exception on "POST /bridge/899/6zhidyh0/xhr_send" in filter "xhr_send":
RangeError [ERR_SOCKET_BAD_PORT]: Port should be >= 0 and < 65536. Received .
    at validatePort (internal/validators.js:211:11)
    at lookupAndConnect (net.js:1000:5)
    at Socket.connect (net.js:976:5)
    at new module.exports.Socket (C:\Nitrogen\NitroWEB\www\js\lib\webtcp\server\socket.js:67:15)
    at module.exports.WebTCP.dispatch (C:\Nitrogen\NitroWEB\www\js\lib\webtcp\server\webtcp.js:37:40)
    at SockJSConnection.<anonymous> (C:\Nitrogen\NitroWEB\www\js\lib\webtcp\server\webtcp.js:25:12)
    at SockJSConnection.emit (events.js:376:20)
    at Session.didMessage (C:\Nitrogen\NitroWEB\node_modules\sockjs\lib\transport.js:246:25)
    at App.xhr_send (C:\Nitrogen\NitroWEB\node_modules\sockjs\lib\trans-xhr.js:81:15)
    at execute_request (C:\Nitrogen\NitroWEB\node_modules\sockjs\lib\webjs.js:22:37)
------------------------------------------------------------------------------------------------------
POST /bridge/899/6zhidyh0/xhr_send 1ms 500
------------------------------------------------------------------------------------------------------
POST /bridge/023/vrp8a3kt/xhr_streaming 0ms (unfinished)
------------------------------------------------------------------------------------------------------
GET /bridge/info 1ms 200
------------------------------------------------------------------------------------------------------
------------------------------------------------------------------------------------------------------
GET /bridge/info 0ms 200
------------------------------------------------------------------------------------------------------
GET /bridge/762/f44btgie/websocket 1ms (unfinished)
GET /bridge/956/97ykd8yc/websocket 1ms (unfinished)
------------------------------------------------------------------------------------------------------
GET /bridge/info 0ms 200
------------------------------------------------------------------------------------------------------
------------------------------------------------------------------------------------------------------
GET /bridge/info 1ms 200
------------------------------------------------------------------------------------------------------
GET /bridge/993/82_c4zrf/websocket 1ms (unfinished)
GET /bridge/891/vcw44hm7/websocket 1ms (unfinished)
------------------------------------------------------------------------------------------------------
GET /bridge/info 0ms 200
------------------------------------------------------------------------------------------------------
------------------------------------------------------------------------------------------------------
GET /bridge/info 0ms 200
GET /bridge/436/ute85c10/websocket 0ms (unfinished)
------------------------------------------------------------------------------------------------------
GET /bridge/696/e_6uxvq5/websocket 0ms (unfinished)
------------------------------------------------------------------------------------------------------
POST /bridge/522/610jt6sn/xhr_send 1ms 404
------------------------------------------------------------------------------------------------------
GET /bridge/info 0ms 200
------------------------------------------------------------------------------------------------------
GET /bridge/info 0ms 200
------------------------------------------------------------------------------------------------------
GET /bridge/881/hrn4ph8y/websocket 0ms (unfinished)
------------------------------------------------------------------------------------------------------
GET /bridge/385/5aigtxbp/websocket 1ms (unfinished)
------------------------------------------------------------------------------------------------------
------------------------------------------------------------------------------------------------------
POST /bridge/881/exiiuqi1/xhr_streaming 1ms (unfinished)
------------------------------------------------------------------------------------------------------
POST /bridge/881/exiiuqi1/xhr_send 1ms 204
------------------------------------------------------------------------------------------------------
POST /bridge/385/t7ftkwzs/xhr_streaming 0ms (unfinished)
POST /bridge/385/t7ftkwzs/xhr_send 1ms 204
------------------------------------------------------------------------------------------------------
GET /bridge/info 0ms 200
------------------------------------------------------------------------------------------------------
GET /bridge/info 0ms 200
------------------------------------------------------------------------------------------------------
GET /bridge/871/v8eu272t/websocket 1ms (unfinished)
------------------------------------------------------------------------------------------------------
GET /bridge/011/zq_go28x/websocket 0ms (unfinished)
------------------------------------------------------------------------------------------------------
POST /bridge/871/pwmla85o/xhr_streaming 1ms (unfinished)
------------------------------------------------------------------------------------------------------
POST /bridge/871/pwmla85o/xhr_send 1ms 204
------------------------------------------------------------------------------------------------------
------------------------------------------------------------------------------------------------------
POST /bridge/011/qzr13wob/xhr_streaming 0ms (unfinished)
POST /bridge/011/qzr13wob/xhr_send 1ms 204
------------------------------------------------------------------------------------------------------
------------------------------------------------------------------------------------------------------
GET /bridge/info 0ms 200
------------------------------------------------------------------------------------------------------
GET /bridge/info 0ms 200
------------------------------------------------------------------------------------------------------
GET /bridge/721/hf5q06cw/websocket 1ms (unfinished)
GET /bridge/740/3x43vyco/websocket 0ms (unfinished)
------------------------------------------------------------------------------------------------------
------------------------------------------------------------------------------------------------------
POST /bridge/721/v9bwu_pq/xhr_streaming 1ms (unfinished)
------------------------------------------------------------------------------------------------------
POST /bridge/721/v9bwu_pq/xhr_send 1ms 204
POST /bridge/740/wo_bgzdv/xhr_streaming 1ms (unfinished)
------------------------------------------------------------------------------------------------------
------------------------------------------------------------------------------------------------------
GET /bridge/info 1ms 200
GET /bridge/info 0ms 200
------------------------------------------------------------------------------------------------------
GET /bridge/473/u3fldm2e/websocket 1ms (unfinished)
------------------------------------------------------------------------------------------------------
GET /bridge/950/xtago7i2/websocket 0ms (unfinished)
------------------------------------------------------------------------------------------------------
GET /bridge/info 0ms 200
------------------------------------------------------------------------------------------------------
------------------------------------------------------------------------------------------------------
GET /bridge/006/tx88x9n6/websocket 0ms (unfinished)
GET /bridge/info 0ms 200
------------------------------------------------------------------------------------------------------
------------------------------------------------------------------------------------------------------
GET /bridge/812/y8oer2uj/websocket 0ms (unfinished)
GET /bridge/info 1ms 200
------------------------------------------------------------------------------------------------------
GET /bridge/info 0ms 200
------------------------------------------------------------------------------------------------------
GET /bridge/489/vq1o7wkx/websocket 0ms (unfinished)
------------------------------------------------------------------------------------------------------
GET /bridge/899/r5t50pl5/websocket 0ms (unfinished)
------------------------------------------------------------------------------------------------------
GET /bridge/info 0ms 200
------------------------------------------------------------------------------------------------------
GET /bridge/info 1ms 200
------------------------------------------------------------------------------------------------------
GET /bridge/558/g0ip07qi/websocket 1ms (unfinished)
------------------------------------------------------------------------------------------------------
GET /bridge/099/veyrlgt4/websocket 0ms (unfinished)
------------------------------------------------------------------------------------------------------
GET /bridge/info 0ms 200
------------------------------------------------------------------------------------------------------
GET /bridge/info 1ms 200
------------------------------------------------------------------------------------------------------
GET /bridge/162/qx3alewa/websocket 0ms (unfinished)
------------------------------------------------------------------------------------------------------
GET /bridge/785/lv1mzhup/websocket 0ms (unfinished)
------------------------------------------------------------------------------------------------------
POST /bridge/740/wo_bgzdv/xhr_send 1ms 404
------------------------------------------------------------------------------------------------------
POST /bridge/167/jbv7xn56/xhr_send 1ms 204
------------------------------------------------------------------------------------------------------
Exception on "POST /bridge/023/vrp8a3kt/xhr_send" in filter "xhr_send":
RangeError [ERR_SOCKET_BAD_PORT]: Port should be >= 0 and < 65536. Received .
    at validatePort (internal/validators.js:211:11)
    at lookupAndConnect (net.js:1000:5)
    at Socket.connect (net.js:976:5)
    at new module.exports.Socket (C:\Nitrogen\NitroWEB\www\js\lib\webtcp\server\socket.js:67:15)
    at module.exports.WebTCP.dispatch (C:\Nitrogen\NitroWEB\www\js\lib\webtcp\server\webtcp.js:37:40)
    at SockJSConnection.<anonymous> (C:\Nitrogen\NitroWEB\www\js\lib\webtcp\server\webtcp.js:25:12)
    at SockJSConnection.emit (events.js:376:20)
    at Session.didMessage (C:\Nitrogen\NitroWEB\node_modules\sockjs\lib\transport.js:246:25)
    at App.xhr_send (C:\Nitrogen\NitroWEB\node_modules\sockjs\lib\trans-xhr.js:81:15)
    at execute_request (C:\Nitrogen\NitroWEB\node_modules\sockjs\lib\webjs.js:22:37)
------------------------------------------------------------------------------------------------------
------------------------------------------------------------------------------------------------------
POST /bridge/023/vrp8a3kt/xhr_send 2ms 500
GET /bridge/info 0ms 200
------------------------------------------------------------------------------------------------------
GET /bridge/info 0ms 200
------------------------------------------------------------------------------------------------------
------------------------------------------------------------------------------------------------------
GET /bridge/246/az335uug/websocket 0ms (unfinished)
GET /bridge/715/74oqjxu1/websocket 0ms (unfinished)
------------------------------------------------------------------------------------------------------
------------------------------------------------------------------------------------------------------
GET /bridge/info 0ms 200
GET /bridge/info 1ms 200
------------------------------------------------------------------------------------------------------
GET /bridge/625/a0hm8n7h/websocket 0ms (unfinished)
------------------------------------------------------------------------------------------------------
GET /bridge/411/mbefx3cy/websocket 0ms (unfinished)
------------------------------------------------------------------------------------------------------
------------------------------------------------------------------------------------------------------
GET /bridge/info 1ms 200
GET /bridge/info 0ms 200
------------------------------------------------------------------------------------------------------
GET /bridge/254/xo2b3vk6/websocket 1ms (unfinished)
------------------------------------------------------------------------------------------------------
GET /bridge/264/z7e__1f9/websocket 0ms (unfinished)
------------------------------------------------------------------------------------------------------
GET /bridge/info 0ms 200
------------------------------------------------------------------------------------------------------
GET /bridge/info 0ms 200
------------------------------------------------------------------------------------------------------
GET /bridge/645/qwshpa70/websocket 1ms (unfinished)
------------------------------------------------------------------------------------------------------
GET /bridge/437/8ofd6p26/websocket 0ms (unfinished)
------------------------------------------------------------------------------------------------------
GET /bridge/info 1ms 200
------------------------------------------------------------------------------------------------------
------------------------------------------------------------------------------------------------------
GET /bridge/info 1ms 200
GET /bridge/308/z6lh_00w/websocket 1ms (unfinished)
------------------------------------------------------------------------------------------------------
GET /bridge/452/tq47pvlk/websocket 0ms (unfinished)
------------------------------------------------------------------------------------------------------
GET /bridge/info 0ms 200
------------------------------------------------------------------------------------------------------
GET /bridge/info 0ms 200
------------------------------------------------------------------------------------------------------
GET /bridge/151/8hdcxklt/websocket 0ms (unfinished)
------------------------------------------------------------------------------------------------------
GET /bridge/054/j185ua81/websocket 0ms (unfinished)
------------------------------------------------------------------------------------------------------
GET /bridge/info 1ms 200
------------------------------------------------------------------------------------------------------
------------------------------------------------------------------------------------------------------
GET /bridge/info 0ms 200
GET /bridge/764/ahv84yjo/websocket 0ms (unfinished)
------------------------------------------------------------------------------------------------------
------------------------------------------------------------------------------------------------------
GET /bridge/666/v6hk7woh/websocket 0ms (unfinished)
------------------------------------------------------------------------------------------------------
GET /bridge/info 1ms 200
------------------------------------------------------------------------------------------------------
GET /bridge/739/wn70p7ra/websocket 0ms (unfinished)
GET /bridge/info 0ms 200
------------------------------------------------------------------------------------------------------
------------------------------------------------------------------------------------------------------
GET /bridge/031/m3frp0n_/websocket 0ms (unfinished)
GET /bridge/info 1ms 200
------------------------------------------------------------------------------------------------------
GET /bridge/info 0ms 200
------------------------------------------------------------------------------------------------------
GET /bridge/947/5zppr5ax/websocket 0ms (unfinished)
------------------------------------------------------------------------------------------------------
GET /bridge/799/t9ax9w_x/websocket 0ms (unfinished)
------------------------------------------------------------------------------------------------------
GET /bridge/info 1ms 200
------------------------------------------------------------------------------------------------------
GET /bridge/info 0ms 200
------------------------------------------------------------------------------------------------------
GET /bridge/542/w4l66s3l/websocket 0ms (unfinished)
------------------------------------------------------------------------------------------------------
------------------------------------------------------------------------------------------------------
GET /bridge/090/xg9t9tzh/websocket 0ms (unfinished)
GET /bridge/info 0ms 200
------------------------------------------------------------------------------------------------------
------------------------------------------------------------------------------------------------------
GET /bridge/info 0ms 200
GET /bridge/842/d2lnf2ym/websocket 0ms (unfinished)
------------------------------------------------------------------------------------------------------
------------------------------------------------------------------------------------------------------
GET /bridge/883/hserw3x0/websocket 0ms (unfinished)
------------------------------------------------------------------------------------------------------
GET /bridge/info 0ms 200
GET /bridge/info 1ms 200
------------------------------------------------------------------------------------------------------
GET /bridge/648/yoqty8on/websocket 0ms (unfinished)
------------------------------------------------------------------------------------------------------
GET /bridge/660/8zburc2_/websocket 0ms (unfinished)
------------------------------------------------------------------------------------------------------
------------------------------------------------------------------------------------------------------
GET /bridge/info 0ms 200
GET /bridge/info 0ms 200
------------------------------------------------------------------------------------------------------
GET /bridge/870/lojx14rw/websocket 1ms (unfinished)
------------------------------------------------------------------------------------------------------
GET /bridge/190/gejgxum9/websocket 0ms (unfinished)
------------------------------------------------------------------------------------------------------
GET /bridge/info 1ms 200
------------------------------------------------------------------------------------------------------
GET /bridge/info 0ms 200
------------------------------------------------------------------------------------------------------
GET /bridge/392/m_zx4c62/websocket 0ms (unfinished)
------------------------------------------------------------------------------------------------------
GET /bridge/395/90zm99ia/websocket 0ms (unfinished)
------------------------------------------------------------------------------------------------------
GET /bridge/info 0ms 200
------------------------------------------------------------------------------------------------------
GET /bridge/info 0ms 200
------------------------------------------------------------------------------------------------------
GET /bridge/601/lse_q07r/websocket 0ms (unfinished)
------------------------------------------------------------------------------------------------------
GET /bridge/359/qnbadpjl/websocket 0ms (unfinished)
------------------------------------------------------------------------------------------------------
GET /bridge/info 0ms 200
------------------------------------------------------------------------------------------------------
GET /bridge/info 0ms 200
------------------------------------------------------------------------------------------------------
GET /bridge/628/zy4ow17k/websocket 0ms (unfinished)
------------------------------------------------------------------------------------------------------
GET /bridge/675/1n1bmf25/websocket 0ms (unfinished)
------------------------------------------------------------------------------------------------------
POST /bridge/952/st7mmn6o/xhr_send 1ms 204
------------------------------------------------------------------------------------------------------
