GET /bridge/info 0ms 200
------------------------------------------------------------------------------------------------------
GET /bridge/info 0ms 200
------------------------------------------------------------------------------------------------------
------------------------------------------------------------------------------------------------------
GET /bridge/106/oj3x610n/websocket 1ms (unfinished)
GET /bridge/878/lkkn12bz/websocket 0ms (unfinished)
------------------------------------------------------------------------------------------------------
------------------------------------------------------------------------------------------------------
POST /bridge/106/3h_6dw8c/xhr_streaming 1ms (unfinished)
POST /bridge/106/3h_6dw8c/xhr_send 1ms 204
------------------------------------------------------------------------------------------------------
POST /bridge/878/faxhu2aj/xhr_streaming 1ms (unfinished)
------------------------------------------------------------------------------------------------------
------------------------------------------------------------------------------------------------------
POST /bridge/878/faxhu2aj/xhr_send 1ms 204
GET /bridge/info 0ms 200
------------------------------------------------------------------------------------------------------
GET /bridge/info 0ms 200
------------------------------------------------------------------------------------------------------
GET /bridge/507/5tz_1u4m/websocket 0ms (unfinished)
------------------------------------------------------------------------------------------------------
GET /bridge/718/25ty5rjc/websocket 0ms (unfinished)
------------------------------------------------------------------------------------------------------
------------------------------------------------------------------------------------------------------
POST /bridge/507/mlq1r_ka/xhr_streaming 0ms (unfinished)
POST /bridge/507/mlq1r_ka/xhr_send 1ms 204
------------------------------------------------------------------------------------------------------
------------------------------------------------------------------------------------------------------
POST /bridge/718/bdpuf98r/xhr_streaming 1ms (unfinished)
POST /bridge/718/bdpuf98r/xhr_send 1ms 204
------------------------------------------------------------------------------------------------------
------------------------------------------------------------------------------------------------------
GET /bridge/info 0ms 200
GET /bridge/info 1ms 200
------------------------------------------------------------------------------------------------------
GET /bridge/623/1j3y29wp/websocket 1ms (unfinished)
------------------------------------------------------------------------------------------------------
GET /bridge/303/sb_q6iye/websocket 0ms (unfinished)
------------------------------------------------------------------------------------------------------
------------------------------------------------------------------------------------------------------
GET /bridge/info 0ms 200
GET /bridge/info 0ms 200
------------------------------------------------------------------------------------------------------
GET /bridge/557/hk5h8duy/websocket 0ms (unfinished)
------------------------------------------------------------------------------------------------------
------------------------------------------------------------------------------------------------------
GET /bridge/818/lt2ipxuv/websocket 0ms (unfinished)
POST /bridge/623/0fa4gb56/xhr_streaming 0ms (unfinished)
------------------------------------------------------------------------------------------------------
POST /bridge/623/0fa4gb56/xhr_send 1ms 204
------------------------------------------------------------------------------------------------------
POST /bridge/303/4jal5ujl/xhr_streaming 0ms (unfinished)
------------------------------------------------------------------------------------------------------
POST /bridge/557/2py4o8vk/xhr_streaming 1ms (unfinished)
------------------------------------------------------------------------------------------------------
POST /bridge/818/c25p6dkx/xhr_streaming 0ms (unfinished)
------------------------------------------------------------------------------------------------------
POST /bridge/557/2py4o8vk/xhr_send 1ms 204
------------------------------------------------------------------------------------------------------
POST /bridge/818/c25p6dkx/xhr_send 1ms 204
------------------------------------------------------------------------------------------------------
GET /bridge/info 0ms 200
------------------------------------------------------------------------------------------------------
GET /bridge/info 0ms 200
------------------------------------------------------------------------------------------------------
------------------------------------------------------------------------------------------------------
GET /bridge/611/z_gp2m9t/websocket 0ms (unfinished)
------------------------------------------------------------------------------------------------------
GET /bridge/799/cx0tkaqv/websocket 0ms (unfinished)
GET /bridge/info 1ms 200
------------------------------------------------------------------------------------------------------
GET /bridge/info 0ms 200
------------------------------------------------------------------------------------------------------
GET /bridge/970/nxysjrkb/websocket 2ms (unfinished)
------------------------------------------------------------------------------------------------------
GET /bridge/852/zcy4bc6m/websocket 0ms (unfinished)
------------------------------------------------------------------------------------------------------
GET /bridge/info 0ms 200
------------------------------------------------------------------------------------------------------
GET /bridge/info 1ms 200
------------------------------------------------------------------------------------------------------
GET /bridge/752/9iow015_/websocket 1ms (unfinished)
------------------------------------------------------------------------------------------------------
GET /bridge/144/v_1u2je1/websocket 0ms (unfinished)
------------------------------------------------------------------------------------------------------
POST /bridge/752/noyh1xe1/xhr_streaming 1ms (unfinished)
------------------------------------------------------------------------------------------------------
POST /bridge/752/noyh1xe1/xhr_send 3ms 204
------------------------------------------------------------------------------------------------------
POST /bridge/144/jp488ju1/xhr_streaming 1ms (unfinished)
------------------------------------------------------------------------------------------------------
POST /bridge/144/jp488ju1/xhr_send 1ms 204
------------------------------------------------------------------------------------------------------
------------------------------------------------------------------------------------------------------
POST /bridge/303/4jal5ujl/xhr_send 1ms 404
GET /bridge/info 1ms 200
------------------------------------------------------------------------------------------------------
GET /bridge/info 0ms 200
------------------------------------------------------------------------------------------------------
GET /bridge/916/u9aut162/websocket 0ms (unfinished)
------------------------------------------------------------------------------------------------------
------------------------------------------------------------------------------------------------------
GET /bridge/097/8exqo8kn/websocket 0ms (unfinished)
POST /bridge/916/ko5x0jch/xhr_streaming 0ms (unfinished)
------------------------------------------------------------------------------------------------------
POST /bridge/916/ko5x0jch/xhr_send 1ms 204
------------------------------------------------------------------------------------------------------
------------------------------------------------------------------------------------------------------
POST /bridge/097/lof88fi1/xhr_streaming 1ms (unfinished)
GET /bridge/info 1ms 200
------------------------------------------------------------------------------------------------------
------------------------------------------------------------------------------------------------------
GET /bridge/info 1ms 200
GET /bridge/127/5qw8un3_/websocket 1ms (unfinished)
------------------------------------------------------------------------------------------------------
GET /bridge/205/70xd0z_f/websocket 0ms (unfinished)
------------------------------------------------------------------------------------------------------
GET /bridge/info 0ms 200
------------------------------------------------------------------------------------------------------
------------------------------------------------------------------------------------------------------
GET /bridge/info 0ms 200
GET /bridge/813/l__7b9kz/websocket 1ms (unfinished)
------------------------------------------------------------------------------------------------------
GET /bridge/418/s085gefh/websocket 0ms (unfinished)
------------------------------------------------------------------------------------------------------
GET /bridge/info 1ms 200
------------------------------------------------------------------------------------------------------
GET /bridge/info 1ms 200
------------------------------------------------------------------------------------------------------
GET /bridge/546/bt0ofvqh/websocket 0ms (unfinished)
------------------------------------------------------------------------------------------------------
GET /bridge/222/wdcrona0/websocket 0ms (unfinished)
------------------------------------------------------------------------------------------------------
GET /bridge/info 1ms 200
------------------------------------------------------------------------------------------------------
------------------------------------------------------------------------------------------------------
GET /bridge/123/hg1rrnxm/websocket 1ms (unfinished)
GET /bridge/info 0ms 200
------------------------------------------------------------------------------------------------------
------------------------------------------------------------------------------------------------------
GET /bridge/523/8eir_w2l/websocket 0ms (unfinished)
------------------------------------------------------------------------------------------------------
POST /bridge/123/o2ugyc2s/xhr_streaming 1ms (unfinished)
------------------------------------------------------------------------------------------------------
Exception on "POST /bridge/123/o2ugyc2s/xhr_send" in filter "xhr_send":
RangeError [ERR_SOCKET_BAD_PORT]: Port should be >= 0 and < 65536. Received .
    at validatePort (internal/validators.js:211:11)
    at lookupAndConnect (net.js:1000:5)
    at Socket.connect (net.js:976:5)
    at new module.exports.Socket (C:\Nitrogen\NitroWEB\www\js\lib\webtcp\server\socket.js:67:15)
    at module.exports.WebTCP.dispatch (C:\Nitrogen\NitroWEB\www\js\lib\webtcp\server\webtcp.js:37:40)
    at SockJSConnection.<anonymous> (C:\Nitrogen\NitroWEB\www\js\lib\webtcp\server\webtcp.js:25:12)
    at SockJSConnection.emit (events.js:376:20)
    at Session.didMessage (C:\Nitrogen\NitroWEB\node_modules\sockjs\lib\transport.js:246:25)
    at App.xhr_send (C:\Nitrogen\NitroWEB\node_modules\sockjs\lib\trans-xhr.js:81:15)
    at execute_request (C:\Nitrogen\NitroWEB\node_modules\sockjs\lib\webjs.js:22:37)
POST /bridge/123/o2ugyc2s/xhr_send 3ms 500
------------------------------------------------------------------------------------------------------
POST /bridge/523/a7rxiaeo/xhr_streaming 1ms (unfinished)
------------------------------------------------------------------------------------------------------
Exception on "POST /bridge/523/a7rxiaeo/xhr_send" in filter "xhr_send":
RangeError [ERR_SOCKET_BAD_PORT]: Port should be >= 0 and < 65536. Received .
    at validatePort (internal/validators.js:211:11)
    at lookupAndConnect (net.js:1000:5)
    at Socket.connect (net.js:976:5)
    at new module.exports.Socket (C:\Nitrogen\NitroWEB\www\js\lib\webtcp\server\socket.js:67:15)
    at module.exports.WebTCP.dispatch (C:\Nitrogen\NitroWEB\www\js\lib\webtcp\server\webtcp.js:37:40)
    at SockJSConnection.<anonymous> (C:\Nitrogen\NitroWEB\www\js\lib\webtcp\server\webtcp.js:25:12)
    at SockJSConnection.emit (events.js:376:20)
    at Session.didMessage (C:\Nitrogen\NitroWEB\node_modules\sockjs\lib\transport.js:246:25)
    at App.xhr_send (C:\Nitrogen\NitroWEB\node_modules\sockjs\lib\trans-xhr.js:81:15)
    at execute_request (C:\Nitrogen\NitroWEB\node_modules\sockjs\lib\webjs.js:22:37)
------------------------------------------------------------------------------------------------------
POST /bridge/523/a7rxiaeo/xhr_send 1ms 500
------------------------------------------------------------------------------------------------------
------------------------------------------------------------------------------------------------------
GET /bridge/info 1ms 200
GET /bridge/998/irokbmoi/websocket 1ms (unfinished)
------------------------------------------------------------------------------------------------------
GET /bridge/info 0ms 200
------------------------------------------------------------------------------------------------------
GET /bridge/496/qslafvjx/websocket 0ms (unfinished)
------------------------------------------------------------------------------------------------------
POST /bridge/998/dx4y3ian/xhr_streaming 0ms (unfinished)
------------------------------------------------------------------------------------------------------
Exception on "POST /bridge/998/dx4y3ian/xhr_send" in filter "xhr_send":
RangeError [ERR_SOCKET_BAD_PORT]: Port should be >= 0 and < 65536. Received .
    at validatePort (internal/validators.js:211:11)
    at lookupAndConnect (net.js:1000:5)
    at Socket.connect (net.js:976:5)
    at new module.exports.Socket (C:\Nitrogen\NitroWEB\www\js\lib\webtcp\server\socket.js:67:15)
    at module.exports.WebTCP.dispatch (C:\Nitrogen\NitroWEB\www\js\lib\webtcp\server\webtcp.js:37:40)
    at SockJSConnection.<anonymous> (C:\Nitrogen\NitroWEB\www\js\lib\webtcp\server\webtcp.js:25:12)
    at SockJSConnection.emit (events.js:376:20)
    at Session.didMessage (C:\Nitrogen\NitroWEB\node_modules\sockjs\lib\transport.js:246:25)
    at App.xhr_send (C:\Nitrogen\NitroWEB\node_modules\sockjs\lib\trans-xhr.js:81:15)
    at execute_request (C:\Nitrogen\NitroWEB\node_modules\sockjs\lib\webjs.js:22:37)
------------------------------------------------------------------------------------------------------
POST /bridge/998/dx4y3ian/xhr_send 2ms 500
------------------------------------------------------------------------------------------------------
------------------------------------------------------------------------------------------------------
POST /bridge/496/w5rdlt16/xhr_streaming 0ms (unfinished)
Exception on "POST /bridge/496/w5rdlt16/xhr_send" in filter "xhr_send":
RangeError [ERR_SOCKET_BAD_PORT]: Port should be >= 0 and < 65536. Received .
    at validatePort (internal/validators.js:211:11)
    at lookupAndConnect (net.js:1000:5)
    at Socket.connect (net.js:976:5)
    at new module.exports.Socket (C:\Nitrogen\NitroWEB\www\js\lib\webtcp\server\socket.js:67:15)
    at module.exports.WebTCP.dispatch (C:\Nitrogen\NitroWEB\www\js\lib\webtcp\server\webtcp.js:37:40)
    at SockJSConnection.<anonymous> (C:\Nitrogen\NitroWEB\www\js\lib\webtcp\server\webtcp.js:25:12)
    at SockJSConnection.emit (events.js:376:20)
    at Session.didMessage (C:\Nitrogen\NitroWEB\node_modules\sockjs\lib\transport.js:246:25)
    at App.xhr_send (C:\Nitrogen\NitroWEB\node_modules\sockjs\lib\trans-xhr.js:81:15)
    at execute_request (C:\Nitrogen\NitroWEB\node_modules\sockjs\lib\webjs.js:22:37)
------------------------------------------------------------------------------------------------------
POST /bridge/496/w5rdlt16/xhr_send 2ms 500
------------------------------------------------------------------------------------------------------
GET /bridge/info 0ms 200
------------------------------------------------------------------------------------------------------
------------------------------------------------------------------------------------------------------
GET /bridge/info 1ms 200
GET /bridge/550/w9c2gd90/websocket 0ms (unfinished)
------------------------------------------------------------------------------------------------------
GET /bridge/048/_c2sqq_k/websocket 1ms (unfinished)
------------------------------------------------------------------------------------------------------
------------------------------------------------------------------------------------------------------
POST /bridge/550/jj1cur_t/xhr_streaming 0ms (unfinished)
POST /bridge/048/sjhksxu4/xhr_streaming 1ms (unfinished)
------------------------------------------------------------------------------------------------------
------------------------------------------------------------------------------------------------------
GET /bridge/info 0ms 200
------------------------------------------------------------------------------------------------------
GET /bridge/info 0ms 200
GET /bridge/529/gh8b8jwb/websocket 0ms (unfinished)
------------------------------------------------------------------------------------------------------
GET /bridge/281/vb4pj1bq/websocket 0ms (unfinished)
------------------------------------------------------------------------------------------------------
------------------------------------------------------------------------------------------------------
GET /bridge/info 1ms 200
------------------------------------------------------------------------------------------------------
GET /bridge/info 0ms 200
GET /bridge/111/hseeio4j/websocket 0ms (unfinished)
------------------------------------------------------------------------------------------------------
GET /bridge/278/bs94sufd/websocket 0ms (unfinished)
------------------------------------------------------------------------------------------------------
GET /bridge/info 1ms 200
------------------------------------------------------------------------------------------------------
GET /bridge/info 0ms 200
------------------------------------------------------------------------------------------------------
GET /bridge/592/6a85ld2_/websocket 0ms (unfinished)
------------------------------------------------------------------------------------------------------
------------------------------------------------------------------------------------------------------
GET /bridge/847/l1dykir3/websocket 0ms (unfinished)
------------------------------------------------------------------------------------------------------
POST /bridge/592/_xqd6io3/xhr_streaming 0ms (unfinished)
------------------------------------------------------------------------------------------------------
POST /bridge/847/4lt9gms8/xhr_streaming 0ms (unfinished)
Exception on "POST /bridge/592/_xqd6io3/xhr_send" in filter "xhr_send":
RangeError [ERR_SOCKET_BAD_PORT]: Port should be >= 0 and < 65536. Received .
    at validatePort (internal/validators.js:211:11)
    at lookupAndConnect (net.js:1000:5)
    at Socket.connect (net.js:976:5)
    at new module.exports.Socket (C:\Nitrogen\NitroWEB\www\js\lib\webtcp\server\socket.js:67:15)
    at module.exports.WebTCP.dispatch (C:\Nitrogen\NitroWEB\www\js\lib\webtcp\server\webtcp.js:37:40)
    at SockJSConnection.<anonymous> (C:\Nitrogen\NitroWEB\www\js\lib\webtcp\server\webtcp.js:25:12)
    at SockJSConnection.emit (events.js:376:20)
    at Session.didMessage (C:\Nitrogen\NitroWEB\node_modules\sockjs\lib\transport.js:246:25)
    at App.xhr_send (C:\Nitrogen\NitroWEB\node_modules\sockjs\lib\trans-xhr.js:81:15)
    at execute_request (C:\Nitrogen\NitroWEB\node_modules\sockjs\lib\webjs.js:22:37)
------------------------------------------------------------------------------------------------------
POST /bridge/592/_xqd6io3/xhr_send 2ms 500
------------------------------------------------------------------------------------------------------
Exception on "POST /bridge/847/4lt9gms8/xhr_send" in filter "xhr_send":
RangeError [ERR_SOCKET_BAD_PORT]: Port should be >= 0 and < 65536. Received .
    at validatePort (internal/validators.js:211:11)
    at lookupAndConnect (net.js:1000:5)
    at Socket.connect (net.js:976:5)
    at new module.exports.Socket (C:\Nitrogen\NitroWEB\www\js\lib\webtcp\server\socket.js:67:15)
    at module.exports.WebTCP.dispatch (C:\Nitrogen\NitroWEB\www\js\lib\webtcp\server\webtcp.js:37:40)
    at SockJSConnection.<anonymous> (C:\Nitrogen\NitroWEB\www\js\lib\webtcp\server\webtcp.js:25:12)
    at SockJSConnection.emit (events.js:376:20)
    at Session.didMessage (C:\Nitrogen\NitroWEB\node_modules\sockjs\lib\transport.js:246:25)
    at App.xhr_send (C:\Nitrogen\NitroWEB\node_modules\sockjs\lib\trans-xhr.js:81:15)
    at execute_request (C:\Nitrogen\NitroWEB\node_modules\sockjs\lib\webjs.js:22:37)
------------------------------------------------------------------------------------------------------
POST /bridge/847/4lt9gms8/xhr_send 1ms 500
------------------------------------------------------------------------------------------------------
------------------------------------------------------------------------------------------------------
GET /bridge/info 0ms 200
GET /bridge/info 0ms 200
------------------------------------------------------------------------------------------------------
GET /bridge/825/im6or5w2/websocket 0ms (unfinished)
------------------------------------------------------------------------------------------------------
------------------------------------------------------------------------------------------------------
GET /bridge/776/cyv7pjnu/websocket 1ms (unfinished)
POST /bridge/825/3z5vpurs/xhr_streaming 0ms (unfinished)
------------------------------------------------------------------------------------------------------
POST /bridge/776/9lk3ncz_/xhr_streaming 1ms (unfinished)
------------------------------------------------------------------------------------------------------
Exception on "POST /bridge/825/3z5vpurs/xhr_send" in filter "xhr_send":
RangeError [ERR_SOCKET_BAD_PORT]: Port should be >= 0 and < 65536. Received .
    at validatePort (internal/validators.js:211:11)
    at lookupAndConnect (net.js:1000:5)
    at Socket.connect (net.js:976:5)
    at new module.exports.Socket (C:\Nitrogen\NitroWEB\www\js\lib\webtcp\server\socket.js:67:15)
    at module.exports.WebTCP.dispatch (C:\Nitrogen\NitroWEB\www\js\lib\webtcp\server\webtcp.js:37:40)
    at SockJSConnection.<anonymous> (C:\Nitrogen\NitroWEB\www\js\lib\webtcp\server\webtcp.js:25:12)
    at SockJSConnection.emit (events.js:376:20)
    at Session.didMessage (C:\Nitrogen\NitroWEB\node_modules\sockjs\lib\transport.js:246:25)
    at App.xhr_send (C:\Nitrogen\NitroWEB\node_modules\sockjs\lib\trans-xhr.js:81:15)
    at execute_request (C:\Nitrogen\NitroWEB\node_modules\sockjs\lib\webjs.js:22:37)
------------------------------------------------------------------------------------------------------
POST /bridge/825/3z5vpurs/xhr_send 2ms 500
------------------------------------------------------------------------------------------------------
Exception on "POST /bridge/776/9lk3ncz_/xhr_send" in filter "xhr_send":
RangeError [ERR_SOCKET_BAD_PORT]: Port should be >= 0 and < 65536. Received .
    at validatePort (internal/validators.js:211:11)
    at lookupAndConnect (net.js:1000:5)
    at Socket.connect (net.js:976:5)
    at new module.exports.Socket (C:\Nitrogen\NitroWEB\www\js\lib\webtcp\server\socket.js:67:15)
    at module.exports.WebTCP.dispatch (C:\Nitrogen\NitroWEB\www\js\lib\webtcp\server\webtcp.js:37:40)
    at SockJSConnection.<anonymous> (C:\Nitrogen\NitroWEB\www\js\lib\webtcp\server\webtcp.js:25:12)
    at SockJSConnection.emit (events.js:376:20)
    at Session.didMessage (C:\Nitrogen\NitroWEB\node_modules\sockjs\lib\transport.js:246:25)
    at App.xhr_send (C:\Nitrogen\NitroWEB\node_modules\sockjs\lib\trans-xhr.js:81:15)
    at execute_request (C:\Nitrogen\NitroWEB\node_modules\sockjs\lib\webjs.js:22:37)
------------------------------------------------------------------------------------------------------
POST /bridge/776/9lk3ncz_/xhr_send 2ms 500
------------------------------------------------------------------------------------------------------
GET /bridge/info 0ms 200
------------------------------------------------------------------------------------------------------
GET /bridge/info 0ms 200
------------------------------------------------------------------------------------------------------
GET /bridge/521/4rr20_ll/websocket 0ms (unfinished)
------------------------------------------------------------------------------------------------------
GET /bridge/016/rwehfn2s/websocket 0ms (unfinished)
------------------------------------------------------------------------------------------------------
GET /bridge/info 0ms 200
------------------------------------------------------------------------------------------------------
GET /bridge/info 0ms 200
------------------------------------------------------------------------------------------------------
GET /bridge/556/22g9pzv3/websocket 0ms (unfinished)
------------------------------------------------------------------------------------------------------
------------------------------------------------------------------------------------------------------
GET /bridge/962/24j5t1bp/websocket 0ms (unfinished)
POST /bridge/556/emf40gk1/xhr_streaming 1ms (unfinished)
------------------------------------------------------------------------------------------------------
POST /bridge/962/gud_8rbl/xhr_streaming 0ms (unfinished)
------------------------------------------------------------------------------------------------------
POST /bridge/550/jj1cur_t/xhr_send 1ms 404
------------------------------------------------------------------------------------------------------
POST /bridge/048/sjhksxu4/xhr_send 1ms 404
------------------------------------------------------------------------------------------------------
GET /bridge/info 0ms 200
------------------------------------------------------------------------------------------------------
GET /bridge/info 0ms 200
------------------------------------------------------------------------------------------------------
GET /bridge/737/akf05aef/websocket 0ms (unfinished)
------------------------------------------------------------------------------------------------------
GET /bridge/327/f1fn7hxb/websocket 0ms (unfinished)
------------------------------------------------------------------------------------------------------
GET /bridge/info 0ms 200
------------------------------------------------------------------------------------------------------
GET /bridge/info 0ms 200
------------------------------------------------------------------------------------------------------
------------------------------------------------------------------------------------------------------
GET /bridge/317/wvo9u53f/websocket 0ms (unfinished)
GET /bridge/000/rve9olx3/websocket 0ms (unfinished)
------------------------------------------------------------------------------------------------------
GET /bridge/info 0ms 200
------------------------------------------------------------------------------------------------------
------------------------------------------------------------------------------------------------------
GET /bridge/info 1ms 200
GET /bridge/970/oca1c_bu/websocket 0ms (unfinished)
------------------------------------------------------------------------------------------------------
GET /bridge/147/606q3ong/websocket 1ms (unfinished)
------------------------------------------------------------------------------------------------------
------------------------------------------------------------------------------------------------------
04,03,2022,09,00
04,03,2022,09,00
------------------------------------------------------------------------------------------------------
GET /bridge/info 0ms 200
------------------------------------------------------------------------------------------------------
GET /bridge/info 1ms 200
------------------------------------------------------------------------------------------------------
GET /bridge/960/ae4x_7q5/websocket 1ms (unfinished)
------------------------------------------------------------------------------------------------------
GET /bridge/622/36q9uznm/websocket 0ms (unfinished)
------------------------------------------------------------------------------------------------------
GET /bridge/info 0ms 200
------------------------------------------------------------------------------------------------------
GET /bridge/info 1ms 200
------------------------------------------------------------------------------------------------------
GET /bridge/379/xrikmtct/websocket 0ms (unfinished)
------------------------------------------------------------------------------------------------------
GET /bridge/918/alta2lt6/websocket 0ms (unfinished)
------------------------------------------------------------------------------------------------------
GET /bridge/info 0ms 200
------------------------------------------------------------------------------------------------------
GET /bridge/info 0ms 200
------------------------------------------------------------------------------------------------------
GET /bridge/930/4ptnppp2/websocket 0ms (unfinished)
------------------------------------------------------------------------------------------------------
GET /bridge/102/akfhzpv3/websocket 0ms (unfinished)
------------------------------------------------------------------------------------------------------
POST /bridge/097/lof88fi1/xhr_send 4ms 204
------------------------------------------------------------------------------------------------------
GET /bridge/info 0ms 200
------------------------------------------------------------------------------------------------------
GET /bridge/info 0ms 200
------------------------------------------------------------------------------------------------------
GET /bridge/445/k4f5v7nx/websocket 1ms (unfinished)
------------------------------------------------------------------------------------------------------
GET /bridge/613/lvcgtnhl/websocket 0ms (unfinished)
------------------------------------------------------------------------------------------------------
------------------------------------------------------------------------------------------------------
POST /bridge/445/zsvuvnm_/xhr_streaming 0ms (unfinished)
POST /bridge/445/zsvuvnm_/xhr_send 1ms 204
------------------------------------------------------------------------------------------------------
POST /bridge/613/vym4pw_b/xhr_streaming 0ms (unfinished)
------------------------------------------------------------------------------------------------------
POST /bridge/613/vym4pw_b/xhr_send 2ms 204
------------------------------------------------------------------------------------------------------
GET /bridge/info 1ms 200
------------------------------------------------------------------------------------------------------
------------------------------------------------------------------------------------------------------
GET /bridge/info 1ms 200
GET /bridge/104/ynygku0v/websocket 0ms (unfinished)
------------------------------------------------------------------------------------------------------
GET /bridge/708/jwm90nni/websocket 0ms (unfinished)
------------------------------------------------------------------------------------------------------
POST /bridge/104/fng7rsac/xhr_streaming 0ms (unfinished)
------------------------------------------------------------------------------------------------------
POST /bridge/104/fng7rsac/xhr_send 1ms 204
------------------------------------------------------------------------------------------------------
------------------------------------------------------------------------------------------------------
POST /bridge/708/r_2glkbz/xhr_streaming 0ms (unfinished)
POST /bridge/708/r_2glkbz/xhr_send 1ms 204
------------------------------------------------------------------------------------------------------
POST /bridge/556/emf40gk1/xhr_send 3ms 404
------------------------------------------------------------------------------------------------------
GET /bridge/info 1ms 200
------------------------------------------------------------------------------------------------------
GET /bridge/info 0ms 200
------------------------------------------------------------------------------------------------------
GET /bridge/252/4755fgy1/websocket 2ms (unfinished)
------------------------------------------------------------------------------------------------------
GET /bridge/737/574njg35/websocket 1ms (unfinished)
------------------------------------------------------------------------------------------------------
------------------------------------------------------------------------------------------------------
POST /bridge/252/rf5vnnnp/xhr_streaming 0ms (unfinished)
POST /bridge/252/rf5vnnnp/xhr_send 3ms 204
------------------------------------------------------------------------------------------------------
POST /bridge/737/oxo0sb8m/xhr_streaming 1ms (unfinished)
------------------------------------------------------------------------------------------------------
GET /bridge/info 0ms 200
------------------------------------------------------------------------------------------------------
GET /bridge/info 0ms 200
------------------------------------------------------------------------------------------------------
GET /bridge/652/y11f4doe/websocket 0ms (unfinished)
------------------------------------------------------------------------------------------------------
GET /bridge/187/xuhfj2k8/websocket 1ms (unfinished)
------------------------------------------------------------------------------------------------------
------------------------------------------------------------------------------------------------------
GET /bridge/info 0ms 200
GET /bridge/info 0ms 200
------------------------------------------------------------------------------------------------------
------------------------------------------------------------------------------------------------------
GET /bridge/766/r4v1ijz6/websocket 1ms (unfinished)
GET /bridge/403/afvar3cx/websocket 0ms (unfinished)
------------------------------------------------------------------------------------------------------
GET /bridge/info 0ms 200
------------------------------------------------------------------------------------------------------
GET /bridge/info 1ms 200
------------------------------------------------------------------------------------------------------
GET /bridge/491/lfr7aioa/websocket 0ms (unfinished)
------------------------------------------------------------------------------------------------------
------------------------------------------------------------------------------------------------------
GET /bridge/463/srt__7zx/websocket 0ms (unfinished)
------------------------------------------------------------------------------------------------------
GET /bridge/info 0ms 200
GET /bridge/info 0ms 200
------------------------------------------------------------------------------------------------------
GET /bridge/740/gcoq0zl8/websocket 0ms (unfinished)
------------------------------------------------------------------------------------------------------
GET /bridge/130/1uwp0rtq/websocket 0ms (unfinished)
------------------------------------------------------------------------------------------------------
GET /bridge/info 0ms 200
------------------------------------------------------------------------------------------------------
GET /bridge/info 0ms 200
------------------------------------------------------------------------------------------------------
GET /bridge/104/v23y4ddw/websocket 0ms (unfinished)
------------------------------------------------------------------------------------------------------
GET /bridge/173/txq57sb1/websocket 1ms (unfinished)
------------------------------------------------------------------------------------------------------
GET /bridge/info 0ms 200
------------------------------------------------------------------------------------------------------
GET /bridge/info 1ms 200
------------------------------------------------------------------------------------------------------
------------------------------------------------------------------------------------------------------
GET /bridge/862/m4pydwi_/websocket 0ms (unfinished)
GET /bridge/886/i7hpxhoc/websocket 1ms (unfinished)
------------------------------------------------------------------------------------------------------
POST /bridge/862/1n1ndb7p/xhr_streaming 0ms (unfinished)
------------------------------------------------------------------------------------------------------
POST /bridge/862/1n1ndb7p/xhr_send 2ms 204
------------------------------------------------------------------------------------------------------
POST /bridge/886/_e5aa894/xhr_streaming 0ms (unfinished)
------------------------------------------------------------------------------------------------------
POST /bridge/886/_e5aa894/xhr_send 1ms 204
------------------------------------------------------------------------------------------------------
GET /bridge/info 1ms 200
------------------------------------------------------------------------------------------------------
GET /bridge/info 0ms 200
------------------------------------------------------------------------------------------------------
------------------------------------------------------------------------------------------------------
GET /bridge/582/txczktca/websocket 3ms (unfinished)
GET /bridge/027/9pgbklia/websocket 1ms (unfinished)
------------------------------------------------------------------------------------------------------
POST /bridge/582/cjitf4tl/xhr_streaming 1ms (unfinished)
------------------------------------------------------------------------------------------------------
POST /bridge/582/cjitf4tl/xhr_send 3ms 204
------------------------------------------------------------------------------------------------------
------------------------------------------------------------------------------------------------------
POST /bridge/027/f8c6dli7/xhr_streaming 0ms (unfinished)
POST /bridge/027/f8c6dli7/xhr_send 1ms 204
------------------------------------------------------------------------------------------------------
GET /bridge/info 0ms 200
------------------------------------------------------------------------------------------------------
GET /bridge/info 0ms 200
------------------------------------------------------------------------------------------------------
GET /bridge/910/705d15x3/websocket 0ms (unfinished)
------------------------------------------------------------------------------------------------------
GET /bridge/388/kyhvgl8a/websocket 0ms (unfinished)
------------------------------------------------------------------------------------------------------
POST /bridge/910/22w480ba/xhr_streaming 1ms (unfinished)
------------------------------------------------------------------------------------------------------
POST /bridge/910/22w480ba/xhr_send 1ms 204
------------------------------------------------------------------------------------------------------
POST /bridge/388/6lgsaadh/xhr_streaming 1ms (unfinished)
------------------------------------------------------------------------------------------------------
GET /bridge/info 1ms 200
------------------------------------------------------------------------------------------------------
------------------------------------------------------------------------------------------------------
GET /bridge/info 1ms 200
------------------------------------------------------------------------------------------------------
GET /bridge/546/qelya1za/websocket 0ms (unfinished)
GET /bridge/491/3w7pxr1d/websocket 0ms (unfinished)
------------------------------------------------------------------------------------------------------
GET /bridge/info 0ms 200
------------------------------------------------------------------------------------------------------
GET /bridge/info 0ms 200
------------------------------------------------------------------------------------------------------
------------------------------------------------------------------------------------------------------
GET /bridge/016/38nzqvdq/websocket 1ms (unfinished)
GET /bridge/828/9hfnvo7o/websocket 0ms (unfinished)
------------------------------------------------------------------------------------------------------
------------------------------------------------------------------------------------------------------
GET /bridge/info 0ms 200
------------------------------------------------------------------------------------------------------
GET /bridge/info 0ms 200
GET /bridge/719/cdy0inj7/websocket 0ms (unfinished)
------------------------------------------------------------------------------------------------------
GET /bridge/920/dnh8buq5/websocket 0ms (unfinished)
------------------------------------------------------------------------------------------------------
------------------------------------------------------------------------------------------------------
GET /bridge/info 0ms 200
------------------------------------------------------------------------------------------------------
GET /bridge/info 0ms 200
GET /bridge/564/uqj4okyl/websocket 0ms (unfinished)
------------------------------------------------------------------------------------------------------
GET /bridge/671/qrd280gh/websocket 0ms (unfinished)
------------------------------------------------------------------------------------------------------
GET /bridge/info 1ms 200
------------------------------------------------------------------------------------------------------
GET /bridge/info 1ms 200
------------------------------------------------------------------------------------------------------
------------------------------------------------------------------------------------------------------
GET /bridge/412/l1d574c8/websocket 0ms (unfinished)
GET /bridge/116/7uwo_03h/websocket 0ms (unfinished)
------------------------------------------------------------------------------------------------------
GET /bridge/info 1ms 200
------------------------------------------------------------------------------------------------------
GET /bridge/info 0ms 200
------------------------------------------------------------------------------------------------------
GET /bridge/256/jw29mfsy/websocket 1ms (unfinished)
------------------------------------------------------------------------------------------------------
------------------------------------------------------------------------------------------------------
GET /bridge/998/h3nvu228/websocket 1ms (unfinished)
GET /bridge/info 0ms 200
------------------------------------------------------------------------------------------------------
------------------------------------------------------------------------------------------------------
GET /bridge/info 0ms 200
GET /bridge/321/qd6gcoc0/websocket 0ms (unfinished)
------------------------------------------------------------------------------------------------------
GET /bridge/027/_c24bqd9/websocket 1ms (unfinished)
------------------------------------------------------------------------------------------------------
GET /bridge/info 0ms 200
------------------------------------------------------------------------------------------------------
GET /bridge/info 0ms 200
------------------------------------------------------------------------------------------------------
GET /bridge/193/n9pjyioh/websocket 1ms (unfinished)
------------------------------------------------------------------------------------------------------
GET /bridge/644/ukfpjre9/websocket 0ms (unfinished)
------------------------------------------------------------------------------------------------------
GET /bridge/info 1ms 200
------------------------------------------------------------------------------------------------------
GET /bridge/info 0ms 200
------------------------------------------------------------------------------------------------------
GET /bridge/958/yxa1j45f/websocket 1ms (unfinished)
------------------------------------------------------------------------------------------------------
GET /bridge/179/hkc3bwrs/websocket 0ms (unfinished)
------------------------------------------------------------------------------------------------------
GET /bridge/info 0ms 200
------------------------------------------------------------------------------------------------------
GET /bridge/info 0ms 200
------------------------------------------------------------------------------------------------------
GET /bridge/041/c4015c9g/websocket 0ms (unfinished)
------------------------------------------------------------------------------------------------------
GET /bridge/055/tskm5asd/websocket 0ms (unfinished)
------------------------------------------------------------------------------------------------------
GET /bridge/info 1ms 200
------------------------------------------------------------------------------------------------------
GET /bridge/info 0ms 200
------------------------------------------------------------------------------------------------------
GET /bridge/170/1b8gea1w/websocket 0ms (unfinished)
------------------------------------------------------------------------------------------------------
GET /bridge/624/24kquu8m/websocket 0ms (unfinished)
------------------------------------------------------------------------------------------------------
GET /bridge/info 1ms 200
------------------------------------------------------------------------------------------------------
GET /bridge/info 1ms 200
------------------------------------------------------------------------------------------------------
------------------------------------------------------------------------------------------------------
GET /bridge/270/xtdlmsxz/websocket 0ms (unfinished)
GET /bridge/091/2ug_3v_k/websocket 0ms (unfinished)
------------------------------------------------------------------------------------------------------
------------------------------------------------------------------------------------------------------
POST /bridge/270/mlzcp45e/xhr_streaming 1ms (unfinished)
POST /bridge/270/mlzcp45e/xhr_send 5ms 204
------------------------------------------------------------------------------------------------------
------------------------------------------------------------------------------------------------------
POST /bridge/091/nbzp438o/xhr_streaming 1ms (unfinished)
------------------------------------------------------------------------------------------------------
POST /bridge/091/nbzp438o/xhr_send 1ms 204
GET /bridge/info 0ms 200
------------------------------------------------------------------------------------------------------
GET /bridge/info 1ms 200
------------------------------------------------------------------------------------------------------
GET /bridge/217/fl6znzgq/websocket 0ms (unfinished)
------------------------------------------------------------------------------------------------------
GET /bridge/080/4yjbi67b/websocket 1ms (unfinished)
------------------------------------------------------------------------------------------------------
GET /bridge/info 0ms 200
------------------------------------------------------------------------------------------------------
GET /bridge/info 0ms 200
------------------------------------------------------------------------------------------------------
GET /bridge/230/w5p6vkh8/websocket 0ms (unfinished)
------------------------------------------------------------------------------------------------------
GET /bridge/611/5d_8ayd4/websocket 0ms (unfinished)
------------------------------------------------------------------------------------------------------
POST /bridge/230/tizd3sb0/xhr_streaming 0ms (unfinished)
------------------------------------------------------------------------------------------------------
------------------------------------------------------------------------------------------------------
POST /bridge/230/tizd3sb0/xhr_send 1ms 204
------------------------------------------------------------------------------------------------------
POST /bridge/611/tj2miv1s/xhr_streaming 0ms (unfinished)
POST /bridge/611/tj2miv1s/xhr_send 0ms 204
------------------------------------------------------------------------------------------------------
GET /bridge/info 1ms 200
------------------------------------------------------------------------------------------------------
------------------------------------------------------------------------------------------------------
GET /bridge/info 0ms 200
GET /bridge/680/lasuzqi2/websocket 0ms (unfinished)
------------------------------------------------------------------------------------------------------
------------------------------------------------------------------------------------------------------
GET /bridge/674/f8v85ul6/websocket 1ms (unfinished)
GET /bridge/info 1ms 200
------------------------------------------------------------------------------------------------------
------------------------------------------------------------------------------------------------------
GET /bridge/info 0ms 200
------------------------------------------------------------------------------------------------------
GET /bridge/423/o7pg2x7j/websocket 0ms (unfinished)
GET /bridge/197/ckz6zqfo/websocket 0ms (unfinished)
------------------------------------------------------------------------------------------------------
POST /bridge/423/e_38umgg/xhr_streaming 0ms (unfinished)
------------------------------------------------------------------------------------------------------
------------------------------------------------------------------------------------------------------
POST /bridge/197/g32re6lc/xhr_streaming 0ms (unfinished)
GET /bridge/info 0ms 200
------------------------------------------------------------------------------------------------------
GET /bridge/info 0ms 200
------------------------------------------------------------------------------------------------------
GET /bridge/581/ny3oob1d/websocket 0ms (unfinished)
------------------------------------------------------------------------------------------------------
------------------------------------------------------------------------------------------------------
GET /bridge/996/a89waum6/websocket 1ms (unfinished)
GET /bridge/info 0ms 200
------------------------------------------------------------------------------------------------------
GET /bridge/info 0ms 200
------------------------------------------------------------------------------------------------------
GET /bridge/621/fk7_xk2g/websocket 0ms (unfinished)
------------------------------------------------------------------------------------------------------
GET /bridge/732/bs5gjugn/websocket 0ms (unfinished)
------------------------------------------------------------------------------------------------------
GET /bridge/info 0ms 200
------------------------------------------------------------------------------------------------------
GET /bridge/info 1ms 200
------------------------------------------------------------------------------------------------------
GET /bridge/747/lmhoygqi/websocket 0ms (unfinished)
------------------------------------------------------------------------------------------------------
GET /bridge/834/j4lv6jvc/websocket 1ms (unfinished)
------------------------------------------------------------------------------------------------------
GET /bridge/info 1ms 200
------------------------------------------------------------------------------------------------------
GET /bridge/info 0ms 200
------------------------------------------------------------------------------------------------------
------------------------------------------------------------------------------------------------------
GET /bridge/068/oy5hls9n/websocket 0ms (unfinished)
GET /bridge/495/1gq1uj9p/websocket 0ms (unfinished)
------------------------------------------------------------------------------------------------------
GET /bridge/info 1ms 200
------------------------------------------------------------------------------------------------------
GET /bridge/info 0ms 200
------------------------------------------------------------------------------------------------------
------------------------------------------------------------------------------------------------------
GET /bridge/928/2wd420ek/websocket 0ms (unfinished)
GET /bridge/784/mhd5fvl3/websocket 1ms (unfinished)
------------------------------------------------------------------------------------------------------
GET /bridge/info 0ms 200
------------------------------------------------------------------------------------------------------
GET /bridge/info 0ms 200
------------------------------------------------------------------------------------------------------
GET /bridge/400/vjj4zbyj/websocket 0ms (unfinished)
------------------------------------------------------------------------------------------------------
GET /bridge/677/4_6nnhp9/websocket 0ms (unfinished)
------------------------------------------------------------------------------------------------------
GET /bridge/info 1ms 200
------------------------------------------------------------------------------------------------------
GET /bridge/info 1ms 200
------------------------------------------------------------------------------------------------------
GET /bridge/509/_kqjwl7p/websocket 2ms (unfinished)
------------------------------------------------------------------------------------------------------
GET /bridge/044/lc50emw0/websocket 0ms (unfinished)
------------------------------------------------------------------------------------------------------
GET /bridge/info 1ms 200
------------------------------------------------------------------------------------------------------
GET /bridge/info 0ms 200
------------------------------------------------------------------------------------------------------
GET /bridge/903/_kkyatst/websocket 2ms (unfinished)
------------------------------------------------------------------------------------------------------
GET /bridge/251/75w59fk9/websocket 0ms (unfinished)
------------------------------------------------------------------------------------------------------
POST /bridge/388/6lgsaadh/xhr_send 4ms 204
------------------------------------------------------------------------------------------------------
GET /bridge/info 1ms 200
------------------------------------------------------------------------------------------------------
GET /bridge/info 0ms 200
------------------------------------------------------------------------------------------------------
------------------------------------------------------------------------------------------------------
GET /bridge/306/jkmiyxit/websocket 2ms (unfinished)
GET /bridge/818/gzraci9g/websocket 1ms (unfinished)
------------------------------------------------------------------------------------------------------
POST /bridge/306/hdu5udnz/xhr_streaming 1ms (unfinished)
------------------------------------------------------------------------------------------------------
------------------------------------------------------------------------------------------------------
POST /bridge/306/hdu5udnz/xhr_send 1ms 204
POST /bridge/818/kagwq6x2/xhr_streaming 0ms (unfinished)
------------------------------------------------------------------------------------------------------
POST /bridge/818/kagwq6x2/xhr_send 1ms 204
------------------------------------------------------------------------------------------------------
------------------------------------------------------------------------------------------------------
GET /bridge/info 0ms 200
GET /bridge/info 0ms 200
------------------------------------------------------------------------------------------------------
GET /bridge/011/lm_9x7r3/websocket 1ms (unfinished)
------------------------------------------------------------------------------------------------------
------------------------------------------------------------------------------------------------------
GET /bridge/348/jp3e4m_c/websocket 0ms (unfinished)
POST /bridge/011/m9r8y63a/xhr_streaming 1ms (unfinished)
------------------------------------------------------------------------------------------------------
------------------------------------------------------------------------------------------------------
POST /bridge/011/m9r8y63a/xhr_send 1ms 204
POST /bridge/348/imzutrjg/xhr_streaming 0ms (unfinished)
------------------------------------------------------------------------------------------------------
POST /bridge/348/imzutrjg/xhr_send 0ms 204
------------------------------------------------------------------------------------------------------
GET /bridge/info 0ms 200
------------------------------------------------------------------------------------------------------
------------------------------------------------------------------------------------------------------
GET /bridge/info 1ms 200
------------------------------------------------------------------------------------------------------
GET /bridge/712/w0h2daln/websocket 1ms (unfinished)
GET /bridge/349/49750psd/websocket 0ms (unfinished)
------------------------------------------------------------------------------------------------------
POST /bridge/712/uqsohv_g/xhr_streaming 1ms (unfinished)
------------------------------------------------------------------------------------------------------
POST /bridge/712/uqsohv_g/xhr_send 1ms 204
------------------------------------------------------------------------------------------------------
POST /bridge/349/lbxwteeo/xhr_streaming 0ms (unfinished)
------------------------------------------------------------------------------------------------------
GET /bridge/info 0ms 200
------------------------------------------------------------------------------------------------------
GET /bridge/info 0ms 200
------------------------------------------------------------------------------------------------------
GET /bridge/350/k7gfuh2s/websocket 0ms (unfinished)
------------------------------------------------------------------------------------------------------
GET /bridge/731/1j0sh5go/websocket 0ms (unfinished)
------------------------------------------------------------------------------------------------------
GET /bridge/info 1ms 200
------------------------------------------------------------------------------------------------------
GET /bridge/info 0ms 200
------------------------------------------------------------------------------------------------------
GET /bridge/172/6e29senb/websocket 0ms (unfinished)
------------------------------------------------------------------------------------------------------
GET /bridge/180/k6r52hup/websocket 0ms (unfinished)
------------------------------------------------------------------------------------------------------
GET /bridge/info 0ms 200
------------------------------------------------------------------------------------------------------
GET /bridge/info 0ms 200
------------------------------------------------------------------------------------------------------
GET /bridge/912/q7ahu2bp/websocket 0ms (unfinished)
------------------------------------------------------------------------------------------------------
GET /bridge/698/ianxzcjo/websocket 0ms (unfinished)
------------------------------------------------------------------------------------------------------
GET /bridge/info 3ms 200
------------------------------------------------------------------------------------------------------
GET /bridge/info 0ms 200
------------------------------------------------------------------------------------------------------
------------------------------------------------------------------------------------------------------
GET /bridge/314/dpx2atx3/websocket 2ms (unfinished)
------------------------------------------------------------------------------------------------------
GET /bridge/382/cgls9xdu/websocket 0ms (unfinished)
GET /bridge/info 0ms 200
------------------------------------------------------------------------------------------------------
------------------------------------------------------------------------------------------------------
GET /bridge/info 0ms 200
------------------------------------------------------------------------------------------------------
GET /bridge/461/nuct2sx0/websocket 1ms (unfinished)
GET /bridge/920/2o8z56fi/websocket 0ms (unfinished)
------------------------------------------------------------------------------------------------------
GET /bridge/info 0ms 200
------------------------------------------------------------------------------------------------------
------------------------------------------------------------------------------------------------------
GET /bridge/info 0ms 200
GET /bridge/563/k1ve1me9/websocket 1ms (unfinished)
------------------------------------------------------------------------------------------------------
GET /bridge/424/g3e6t_hz/websocket 1ms (unfinished)
------------------------------------------------------------------------------------------------------
GET /bridge/info 1ms 200
------------------------------------------------------------------------------------------------------
GET /bridge/info 1ms 200
------------------------------------------------------------------------------------------------------
GET /bridge/071/jsobkv0x/websocket 0ms (unfinished)
------------------------------------------------------------------------------------------------------
------------------------------------------------------------------------------------------------------
GET /bridge/378/qjjtvx2b/websocket 1ms (unfinished)
GET /bridge/info 1ms 200
------------------------------------------------------------------------------------------------------
GET /bridge/info 0ms 200
------------------------------------------------------------------------------------------------------
GET /bridge/082/sgys9dgo/websocket 1ms (unfinished)
------------------------------------------------------------------------------------------------------
GET /bridge/688/q4r2nl57/websocket 0ms (unfinished)
------------------------------------------------------------------------------------------------------
------------------------------------------------------------------------------------------------------
GET /bridge/info 0ms 200
GET /bridge/info 0ms 200
------------------------------------------------------------------------------------------------------
GET /bridge/966/7wrr1rl8/websocket 0ms (unfinished)
------------------------------------------------------------------------------------------------------
GET /bridge/131/dvs0scds/websocket 0ms (unfinished)
------------------------------------------------------------------------------------------------------
------------------------------------------------------------------------------------------------------
GET /bridge/info 0ms 200
GET /bridge/info 0ms 200
------------------------------------------------------------------------------------------------------
GET /bridge/104/qp0m1i7v/websocket 1ms (unfinished)
------------------------------------------------------------------------------------------------------
GET /bridge/799/1dd6svei/websocket 0ms (unfinished)
------------------------------------------------------------------------------------------------------
GET /bridge/info 0ms 200
------------------------------------------------------------------------------------------------------
GET /bridge/info 0ms 200
------------------------------------------------------------------------------------------------------
GET /bridge/000/34028va7/websocket 0ms (unfinished)
------------------------------------------------------------------------------------------------------
GET /bridge/424/fcl4nan_/websocket 0ms (unfinished)
------------------------------------------------------------------------------------------------------
GET /bridge/info 0ms 200
------------------------------------------------------------------------------------------------------
GET /bridge/info 0ms 200
------------------------------------------------------------------------------------------------------
------------------------------------------------------------------------------------------------------
GET /bridge/941/u2e9on4_/websocket 0ms (unfinished)
GET /bridge/717/bhhujgr1/websocket 0ms (unfinished)
------------------------------------------------------------------------------------------------------
GET /bridge/info 0ms 200
------------------------------------------------------------------------------------------------------
------------------------------------------------------------------------------------------------------
GET /bridge/info 0ms 200
GET /bridge/073/bozwr754/websocket 0ms (unfinished)
------------------------------------------------------------------------------------------------------
GET /bridge/911/drql58zx/websocket 0ms (unfinished)
------------------------------------------------------------------------------------------------------
GET /bridge/info 0ms 200
------------------------------------------------------------------------------------------------------
GET /bridge/info 0ms 200
------------------------------------------------------------------------------------------------------
GET /bridge/339/r_1unkh3/websocket 0ms (unfinished)
------------------------------------------------------------------------------------------------------
GET /bridge/590/c4jeecgz/websocket 0ms (unfinished)
------------------------------------------------------------------------------------------------------
------------------------------------------------------------------------------------------------------
GET /bridge/info 0ms 200
------------------------------------------------------------------------------------------------------
GET /bridge/info 0ms 200
GET /bridge/472/5zgz_5r8/websocket 0ms (unfinished)
------------------------------------------------------------------------------------------------------
------------------------------------------------------------------------------------------------------
GET /bridge/388/3gdm7z4u/websocket 0ms (unfinished)
------------------------------------------------------------------------------------------------------
GET /bridge/info 1ms 200
------------------------------------------------------------------------------------------------------
GET /bridge/info 0ms 200
GET /bridge/666/2eedvaqs/websocket 0ms (unfinished)
------------------------------------------------------------------------------------------------------
GET /bridge/410/dgt27lwp/websocket 1ms (unfinished)
------------------------------------------------------------------------------------------------------
GET /bridge/info 0ms 200
------------------------------------------------------------------------------------------------------
GET /bridge/info 1ms 200
------------------------------------------------------------------------------------------------------
GET /bridge/736/r5qzcvx4/websocket 0ms (unfinished)
------------------------------------------------------------------------------------------------------
------------------------------------------------------------------------------------------------------
GET /bridge/686/bvnldgd7/websocket 0ms (unfinished)
------------------------------------------------------------------------------------------------------
POST /bridge/423/e_38umgg/xhr_send 4ms 204
------------------------------------------------------------------------------------------------------
POST /bridge/197/g32re6lc/xhr_send 1ms 204
------------------------------------------------------------------------------------------------------
POST /bridge/349/lbxwteeo/xhr_send 1ms 404
