------------------------------------------------------------------------------------------------------
GET /bridge/info 0ms 200
GET /bridge/info 0ms 200
------------------------------------------------------------------------------------------------------
GET /bridge/861/nl22ge77/websocket 0ms (unfinished)
------------------------------------------------------------------------------------------------------
GET /bridge/424/v98tmd1l/websocket 0ms (unfinished)
------------------------------------------------------------------------------------------------------
POST /bridge/861/13tci73j/xhr_streaming 1ms (unfinished)
------------------------------------------------------------------------------------------------------
POST /bridge/861/13tci73j/xhr_send 1ms 204
------------------------------------------------------------------------------------------------------
POST /bridge/424/z2i85nl5/xhr_streaming 0ms (unfinished)
------------------------------------------------------------------------------------------------------
POST /bridge/424/z2i85nl5/xhr_send 1ms 204
------------------------------------------------------------------------------------------------------
GET /bridge/info 0ms 200
------------------------------------------------------------------------------------------------------
GET /bridge/info 0ms 200
------------------------------------------------------------------------------------------------------
GET /bridge/215/pv68bd57/websocket 0ms (unfinished)
------------------------------------------------------------------------------------------------------
------------------------------------------------------------------------------------------------------
GET /bridge/328/zff29mt6/websocket 0ms (unfinished)
------------------------------------------------------------------------------------------------------
GET /bridge/info 0ms 200
------------------------------------------------------------------------------------------------------
GET /bridge/info 0ms 200
GET /bridge/433/5kiyx1sw/websocket 0ms (unfinished)
------------------------------------------------------------------------------------------------------
GET /bridge/547/trv9ojj4/websocket 0ms (unfinished)
------------------------------------------------------------------------------------------------------
POST /bridge/215/__rqfeyt/xhr_streaming 0ms (unfinished)
------------------------------------------------------------------------------------------------------
POST /bridge/215/__rqfeyt/xhr_send 2ms 204
------------------------------------------------------------------------------------------------------
POST /bridge/328/69ho2q0k/xhr_streaming 1ms (unfinished)
------------------------------------------------------------------------------------------------------
POST /bridge/328/69ho2q0k/xhr_send 1ms 204
------------------------------------------------------------------------------------------------------
POST /bridge/433/axml_sqs/xhr_streaming 1ms (unfinished)
------------------------------------------------------------------------------------------------------
POST /bridge/547/_lf0zj2c/xhr_streaming 0ms (unfinished)
------------------------------------------------------------------------------------------------------
POST /bridge/433/axml_sqs/xhr_send 1ms 204
------------------------------------------------------------------------------------------------------
POST /bridge/547/_lf0zj2c/xhr_send 1ms 204
------------------------------------------------------------------------------------------------------
------------------------------------------------------------------------------------------------------
GET /bridge/info 0ms 200
GET /bridge/info 0ms 200
------------------------------------------------------------------------------------------------------
GET /bridge/666/uqxp03m2/websocket 1ms (unfinished)
------------------------------------------------------------------------------------------------------
GET /bridge/486/agxquy_c/websocket 0ms (unfinished)
------------------------------------------------------------------------------------------------------
POST /bridge/666/yzjorb51/xhr_streaming 1ms (unfinished)
------------------------------------------------------------------------------------------------------
POST /bridge/666/yzjorb51/xhr_send 2ms 204
------------------------------------------------------------------------------------------------------
------------------------------------------------------------------------------------------------------
POST /bridge/486/2fehjhe_/xhr_streaming 0ms (unfinished)
POST /bridge/486/2fehjhe_/xhr_send 1ms 204
------------------------------------------------------------------------------------------------------
GET /bridge/info 1ms 200
------------------------------------------------------------------------------------------------------
------------------------------------------------------------------------------------------------------
GET /bridge/info 0ms 200
GET /bridge/147/021xil73/websocket 0ms (unfinished)
------------------------------------------------------------------------------------------------------
GET /bridge/250/00201l0c/websocket 0ms (unfinished)
------------------------------------------------------------------------------------------------------
POST /bridge/147/xqxegmza/xhr_streaming 0ms (unfinished)
------------------------------------------------------------------------------------------------------
POST /bridge/147/xqxegmza/xhr_send 0ms 204
------------------------------------------------------------------------------------------------------
POST /bridge/250/he6y282z/xhr_streaming 1ms (unfinished)
------------------------------------------------------------------------------------------------------
GET /bridge/info 0ms 200
------------------------------------------------------------------------------------------------------
GET /bridge/info 1ms 200
------------------------------------------------------------------------------------------------------
GET /bridge/670/k3sivrak/websocket 1ms (unfinished)
------------------------------------------------------------------------------------------------------
------------------------------------------------------------------------------------------------------
GET /bridge/208/e146f3tp/websocket 1ms (unfinished)
------------------------------------------------------------------------------------------------------
GET /bridge/info 1ms 200
GET /bridge/info 0ms 200
------------------------------------------------------------------------------------------------------
------------------------------------------------------------------------------------------------------
GET /bridge/316/9k4_00ey/websocket 0ms (unfinished)
GET /bridge/950/m46x58t3/websocket 0ms (unfinished)
------------------------------------------------------------------------------------------------------
POST /bridge/316/rfo6_nqn/xhr_streaming 1ms (unfinished)
------------------------------------------------------------------------------------------------------
POST /bridge/316/rfo6_nqn/xhr_send 1ms 204
------------------------------------------------------------------------------------------------------
------------------------------------------------------------------------------------------------------
POST /bridge/950/1_7qsihl/xhr_streaming 1ms (unfinished)
POST /bridge/950/1_7qsihl/xhr_send 2ms 204
------------------------------------------------------------------------------------------------------
GET /bridge/info 1ms 200
------------------------------------------------------------------------------------------------------
GET /bridge/info 0ms 200
------------------------------------------------------------------------------------------------------
GET /bridge/410/z006sigs/websocket 0ms (unfinished)
------------------------------------------------------------------------------------------------------
------------------------------------------------------------------------------------------------------
GET /bridge/879/ometsvw4/websocket 0ms (unfinished)
GET /bridge/info 1ms 200
------------------------------------------------------------------------------------------------------
GET /bridge/info 0ms 200
------------------------------------------------------------------------------------------------------
GET /bridge/618/megsv41k/websocket 0ms (unfinished)
------------------------------------------------------------------------------------------------------
------------------------------------------------------------------------------------------------------
GET /bridge/298/26mewtgw/websocket 1ms (unfinished)
GET /bridge/info 1ms 200
------------------------------------------------------------------------------------------------------
GET /bridge/info 0ms 200
------------------------------------------------------------------------------------------------------
GET /bridge/801/ia2ks7bx/websocket 0ms (unfinished)
------------------------------------------------------------------------------------------------------
GET /bridge/089/8fnjf_v9/websocket 0ms (unfinished)
------------------------------------------------------------------------------------------------------
------------------------------------------------------------------------------------------------------
POST /bridge/801/4ka7gh0_/xhr_streaming 1ms (unfinished)
------------------------------------------------------------------------------------------------------
POST /bridge/801/4ka7gh0_/xhr_send 1ms 204
POST /bridge/089/qeux3kt_/xhr_streaming 1ms (unfinished)
------------------------------------------------------------------------------------------------------
POST /bridge/089/qeux3kt_/xhr_send 0ms 204
------------------------------------------------------------------------------------------------------
GET /bridge/info 0ms 200
------------------------------------------------------------------------------------------------------
GET /bridge/info 0ms 200
------------------------------------------------------------------------------------------------------
------------------------------------------------------------------------------------------------------
GET /bridge/515/8jxyl3lm/websocket 1ms (unfinished)
GET /bridge/005/_2w3nolv/websocket 1ms (unfinished)
------------------------------------------------------------------------------------------------------
GET /bridge/info 0ms 200
------------------------------------------------------------------------------------------------------
GET /bridge/info 0ms 200
------------------------------------------------------------------------------------------------------
GET /bridge/095/eau_0n11/websocket 1ms (unfinished)
------------------------------------------------------------------------------------------------------
GET /bridge/885/wyav72r9/websocket 0ms (unfinished)
------------------------------------------------------------------------------------------------------
GET /bridge/info 1ms 200
------------------------------------------------------------------------------------------------------
GET /bridge/info 1ms 200
------------------------------------------------------------------------------------------------------
------------------------------------------------------------------------------------------------------
GET /bridge/475/lx211bs3/websocket 1ms (unfinished)
GET /bridge/261/4wsg69wa/websocket 1ms (unfinished)
------------------------------------------------------------------------------------------------------
GET /bridge/info 0ms 200
------------------------------------------------------------------------------------------------------
------------------------------------------------------------------------------------------------------
GET /bridge/info 0ms 200
GET /bridge/794/a3gtn54a/websocket 1ms (unfinished)
------------------------------------------------------------------------------------------------------
GET /bridge/023/3_zqvbg3/websocket 0ms (unfinished)
------------------------------------------------------------------------------------------------------
------------------------------------------------------------------------------------------------------
GET /bridge/info 1ms 200
GET /bridge/info 0ms 200
------------------------------------------------------------------------------------------------------
GET /bridge/376/mdafg7bo/websocket 1ms (unfinished)
------------------------------------------------------------------------------------------------------
------------------------------------------------------------------------------------------------------
GET /bridge/008/kdxzrepk/websocket 0ms (unfinished)
GET /bridge/info 1ms 200
------------------------------------------------------------------------------------------------------
GET /bridge/info 0ms 200
------------------------------------------------------------------------------------------------------
------------------------------------------------------------------------------------------------------
GET /bridge/180/w7kqem9a/websocket 1ms (unfinished)
------------------------------------------------------------------------------------------------------
GET /bridge/951/05wjv58r/websocket 1ms (unfinished)
GET /bridge/info 0ms 200
------------------------------------------------------------------------------------------------------
GET /bridge/info 0ms 200
------------------------------------------------------------------------------------------------------
GET /bridge/078/4dxjbind/websocket 0ms (unfinished)
------------------------------------------------------------------------------------------------------
GET /bridge/818/xaftpjuk/websocket 0ms (unfinished)
------------------------------------------------------------------------------------------------------
------------------------------------------------------------------------------------------------------
GET /bridge/info 0ms 200
------------------------------------------------------------------------------------------------------
GET /bridge/info 0ms 200
GET /bridge/094/b1wlxbu0/websocket 0ms (unfinished)
------------------------------------------------------------------------------------------------------
------------------------------------------------------------------------------------------------------
GET /bridge/611/yzgbh7j6/websocket 0ms (unfinished)
GET /bridge/info 1ms 200
------------------------------------------------------------------------------------------------------
GET /bridge/info 0ms 200
------------------------------------------------------------------------------------------------------
GET /bridge/061/hbix8swn/websocket 0ms (unfinished)
------------------------------------------------------------------------------------------------------
GET /bridge/928/9kjb83in/websocket 0ms (unfinished)
------------------------------------------------------------------------------------------------------
POST /bridge/061/5ekvg469/xhr_streaming 1ms (unfinished)
------------------------------------------------------------------------------------------------------
POST /bridge/061/5ekvg469/xhr_send 1ms 204
------------------------------------------------------------------------------------------------------
POST /bridge/928/lldv224a/xhr_streaming 0ms (unfinished)
------------------------------------------------------------------------------------------------------
GET /bridge/info 0ms 200
------------------------------------------------------------------------------------------------------
GET /bridge/info 0ms 200
------------------------------------------------------------------------------------------------------
GET /bridge/560/7dpx8er1/websocket 1ms (unfinished)
------------------------------------------------------------------------------------------------------
GET /bridge/549/wjlx7ful/websocket 0ms (unfinished)
------------------------------------------------------------------------------------------------------
------------------------------------------------------------------------------------------------------
GET /bridge/info 0ms 200
------------------------------------------------------------------------------------------------------
GET /bridge/info 0ms 200
GET /bridge/166/p29lcfrk/websocket 1ms (unfinished)
------------------------------------------------------------------------------------------------------
GET /bridge/672/celtiww1/websocket 0ms (unfinished)
------------------------------------------------------------------------------------------------------
GET /bridge/info 0ms 200
------------------------------------------------------------------------------------------------------
GET /bridge/info 0ms 200
------------------------------------------------------------------------------------------------------
GET /bridge/876/c4rr1zjm/websocket 0ms (unfinished)
------------------------------------------------------------------------------------------------------
GET /bridge/580/0pf4wc5q/websocket 0ms (unfinished)
------------------------------------------------------------------------------------------------------
GET /bridge/info 0ms 200
------------------------------------------------------------------------------------------------------
GET /bridge/info 0ms 200
------------------------------------------------------------------------------------------------------
GET /bridge/527/rjaxvbv1/websocket 1ms (unfinished)
------------------------------------------------------------------------------------------------------
GET /bridge/573/x7fq9k8y/websocket 0ms (unfinished)
------------------------------------------------------------------------------------------------------
GET /bridge/info 1ms 200
------------------------------------------------------------------------------------------------------
GET /bridge/info 0ms 200
------------------------------------------------------------------------------------------------------
GET /bridge/900/3nooh39b/websocket 0ms (unfinished)
------------------------------------------------------------------------------------------------------
GET /bridge/872/i8aso78c/websocket 0ms (unfinished)
------------------------------------------------------------------------------------------------------
GET /bridge/info 0ms 200
------------------------------------------------------------------------------------------------------
GET /bridge/info 0ms 200
------------------------------------------------------------------------------------------------------
GET /bridge/283/tbtxiv16/websocket 1ms (unfinished)
------------------------------------------------------------------------------------------------------
GET /bridge/210/vlsnm9p1/websocket 0ms (unfinished)
------------------------------------------------------------------------------------------------------
------------------------------------------------------------------------------------------------------
GET /bridge/info 1ms 200
GET /bridge/info 0ms 200
------------------------------------------------------------------------------------------------------
GET /bridge/464/pz3h71xv/websocket 2ms (unfinished)
------------------------------------------------------------------------------------------------------
GET /bridge/155/9csg0nyt/websocket 0ms (unfinished)
------------------------------------------------------------------------------------------------------
------------------------------------------------------------------------------------------------------
GET /bridge/info 1ms 200
GET /bridge/info 0ms 200
------------------------------------------------------------------------------------------------------
------------------------------------------------------------------------------------------------------
GET /bridge/150/elnrgfio/websocket 2ms (unfinished)
------------------------------------------------------------------------------------------------------
GET /bridge/238/3pu11lic/websocket 0ms (unfinished)
------------------------------------------------------------------------------------------------------
GET /bridge/info 1ms 200
------------------------------------------------------------------------------------------------------
GET /bridge/info 0ms 200
GET /bridge/545/grgcgr39/websocket 2ms (unfinished)
------------------------------------------------------------------------------------------------------
GET /bridge/892/177_bzjz/websocket 1ms (unfinished)
------------------------------------------------------------------------------------------------------
GET /bridge/info 0ms 200
------------------------------------------------------------------------------------------------------
GET /bridge/info 0ms 200
------------------------------------------------------------------------------------------------------
GET /bridge/330/3g1hb9u5/websocket 0ms (unfinished)
------------------------------------------------------------------------------------------------------
GET /bridge/786/iv8rq72j/websocket 1ms (unfinished)
------------------------------------------------------------------------------------------------------
GET /bridge/info 1ms 200
------------------------------------------------------------------------------------------------------
GET /bridge/info 1ms 200
------------------------------------------------------------------------------------------------------
------------------------------------------------------------------------------------------------------
GET /bridge/190/uwamuzee/websocket 1ms (unfinished)
GET /bridge/000/v23wkszn/websocket 1ms (unfinished)
------------------------------------------------------------------------------------------------------
GET /bridge/info 2ms 200
------------------------------------------------------------------------------------------------------
GET /bridge/info 1ms 200
------------------------------------------------------------------------------------------------------
GET /bridge/401/7hkt58vc/websocket 2ms (unfinished)
------------------------------------------------------------------------------------------------------
GET /bridge/636/9b15haxw/websocket 1ms (unfinished)
------------------------------------------------------------------------------------------------------
GET /bridge/info 0ms 200
------------------------------------------------------------------------------------------------------
GET /bridge/info 1ms 200
------------------------------------------------------------------------------------------------------
GET /bridge/014/i79exhis/websocket 0ms (unfinished)
------------------------------------------------------------------------------------------------------
GET /bridge/488/hw941187/websocket 0ms (unfinished)
------------------------------------------------------------------------------------------------------
GET /bridge/info 1ms 200
------------------------------------------------------------------------------------------------------
------------------------------------------------------------------------------------------------------
GET /bridge/info 1ms 200
GET /bridge/736/zgt4lva6/websocket 1ms (unfinished)
------------------------------------------------------------------------------------------------------
------------------------------------------------------------------------------------------------------
GET /bridge/268/7g26_dhl/websocket 1ms (unfinished)
GET /bridge/info 1ms 200
------------------------------------------------------------------------------------------------------
GET /bridge/info 0ms 200
------------------------------------------------------------------------------------------------------
GET /bridge/139/fbb1jyfu/websocket 0ms (unfinished)
------------------------------------------------------------------------------------------------------
GET /bridge/157/1aed83vi/websocket 1ms (unfinished)
------------------------------------------------------------------------------------------------------
GET /bridge/info 0ms 200
------------------------------------------------------------------------------------------------------
GET /bridge/info 0ms 200
------------------------------------------------------------------------------------------------------
GET /bridge/578/6t7e0o81/websocket 1ms (unfinished)
------------------------------------------------------------------------------------------------------
GET /bridge/982/oktts6bl/websocket 0ms (unfinished)
------------------------------------------------------------------------------------------------------
GET /bridge/info 2ms 200
------------------------------------------------------------------------------------------------------
GET /bridge/info 0ms 200
------------------------------------------------------------------------------------------------------
GET /bridge/361/zfqi4xxi/websocket 2ms (unfinished)
------------------------------------------------------------------------------------------------------
GET /bridge/764/3u386d50/websocket 0ms (unfinished)
------------------------------------------------------------------------------------------------------
GET /bridge/info 1ms 200
------------------------------------------------------------------------------------------------------
------------------------------------------------------------------------------------------------------
GET /bridge/info 1ms 200
GET /bridge/115/r6b_q8n2/websocket 2ms (unfinished)
------------------------------------------------------------------------------------------------------
GET /bridge/744/iok8mbxe/websocket 1ms (unfinished)
------------------------------------------------------------------------------------------------------
GET /bridge/info 1ms 200
------------------------------------------------------------------------------------------------------
------------------------------------------------------------------------------------------------------
GET /bridge/info 1ms 200
GET /bridge/055/gotq4ojk/websocket 3ms (unfinished)
------------------------------------------------------------------------------------------------------
------------------------------------------------------------------------------------------------------
GET /bridge/675/u_j5x2bx/websocket 1ms (unfinished)
GET /bridge/info 1ms 200
------------------------------------------------------------------------------------------------------
GET /bridge/info 0ms 200
------------------------------------------------------------------------------------------------------
GET /bridge/369/xoz1mm1e/websocket 1ms (unfinished)
------------------------------------------------------------------------------------------------------
GET /bridge/955/e0bha9x9/websocket 1ms (unfinished)
------------------------------------------------------------------------------------------------------
GET /bridge/info 1ms 200
------------------------------------------------------------------------------------------------------
------------------------------------------------------------------------------------------------------
GET /bridge/info 1ms 200
GET /bridge/947/qlzn5asm/websocket 2ms (unfinished)
------------------------------------------------------------------------------------------------------
GET /bridge/885/_qsc0rv0/websocket 1ms (unfinished)
------------------------------------------------------------------------------------------------------
GET /bridge/info 1ms 200
------------------------------------------------------------------------------------------------------
GET /bridge/info 0ms 200
------------------------------------------------------------------------------------------------------
GET /bridge/553/uul0gu49/websocket 4ms (unfinished)
------------------------------------------------------------------------------------------------------
GET /bridge/839/i86mk1v2/websocket 0ms (unfinished)
------------------------------------------------------------------------------------------------------
GET /bridge/info 1ms 200
------------------------------------------------------------------------------------------------------
GET /bridge/info 1ms 200
------------------------------------------------------------------------------------------------------
GET /bridge/878/t6672qdo/websocket 0ms (unfinished)
------------------------------------------------------------------------------------------------------
------------------------------------------------------------------------------------------------------
GET /bridge/262/jky7znyx/websocket 0ms (unfinished)
GET /bridge/info 1ms 200
------------------------------------------------------------------------------------------------------
GET /bridge/info 0ms 200
------------------------------------------------------------------------------------------------------
GET /bridge/050/ne4qw267/websocket 1ms (unfinished)
------------------------------------------------------------------------------------------------------
------------------------------------------------------------------------------------------------------
GET /bridge/652/8h_qry1u/websocket 1ms (unfinished)
GET /bridge/info 0ms 200
------------------------------------------------------------------------------------------------------
GET /bridge/info 0ms 200
------------------------------------------------------------------------------------------------------
------------------------------------------------------------------------------------------------------
GET /bridge/373/pcv9kd2l/websocket 0ms (unfinished)
------------------------------------------------------------------------------------------------------
GET /bridge/657/qpthmt8z/websocket 1ms (unfinished)
GET /bridge/info 2ms 200
------------------------------------------------------------------------------------------------------
GET /bridge/info 1ms 200
------------------------------------------------------------------------------------------------------
GET /bridge/146/de1p9t_1/websocket 3ms (unfinished)
------------------------------------------------------------------------------------------------------
GET /bridge/669/de88hass/websocket 1ms (unfinished)
------------------------------------------------------------------------------------------------------
------------------------------------------------------------------------------------------------------
GET /bridge/info 0ms 200
------------------------------------------------------------------------------------------------------
GET /bridge/info 0ms 200
------------------------------------------------------------------------------------------------------
GET /bridge/180/w8d63bmw/websocket 2ms (unfinished)
GET /bridge/586/eoosmo1h/websocket 0ms (unfinished)
------------------------------------------------------------------------------------------------------
POST /bridge/250/he6y282z/xhr_send 3ms 404
------------------------------------------------------------------------------------------------------
GET /bridge/info 1ms 200
------------------------------------------------------------------------------------------------------
GET /bridge/info 1ms 200
------------------------------------------------------------------------------------------------------
GET /bridge/064/cvaomgs6/websocket 0ms (unfinished)
------------------------------------------------------------------------------------------------------
------------------------------------------------------------------------------------------------------
GET /bridge/704/zbfwocvi/websocket 0ms (unfinished)
POST /bridge/064/jdakqmql/xhr_streaming 1ms (unfinished)
------------------------------------------------------------------------------------------------------
POST /bridge/064/jdakqmql/xhr_send 3ms 204
------------------------------------------------------------------------------------------------------
POST /bridge/704/uh00dlzq/xhr_streaming 0ms (unfinished)
------------------------------------------------------------------------------------------------------
POST /bridge/704/uh00dlzq/xhr_send 2ms 204
------------------------------------------------------------------------------------------------------
------------------------------------------------------------------------------------------------------
GET /bridge/info 1ms 200
------------------------------------------------------------------------------------------------------
GET /bridge/info 0ms 200
GET /bridge/980/fsge3h3z/websocket 3ms (unfinished)
------------------------------------------------------------------------------------------------------
GET /bridge/427/5t7_8ws0/websocket 0ms (unfinished)
------------------------------------------------------------------------------------------------------
GET /bridge/info 2ms 200
------------------------------------------------------------------------------------------------------
GET /bridge/info 0ms 200
------------------------------------------------------------------------------------------------------
GET /bridge/259/caqcztmj/websocket 2ms (unfinished)
------------------------------------------------------------------------------------------------------
GET /bridge/397/07gl_q97/websocket 0ms (unfinished)
------------------------------------------------------------------------------------------------------
POST /bridge/259/bhd591w7/xhr_streaming 2ms (unfinished)
------------------------------------------------------------------------------------------------------
POST /bridge/259/bhd591w7/xhr_send 4ms 204
------------------------------------------------------------------------------------------------------
POST /bridge/397/fc0uf6f8/xhr_streaming 0ms (unfinished)
------------------------------------------------------------------------------------------------------
POST /bridge/397/fc0uf6f8/xhr_send 1ms 204
------------------------------------------------------------------------------------------------------
GET /bridge/info 1ms 200
------------------------------------------------------------------------------------------------------
GET /bridge/info 0ms 200
------------------------------------------------------------------------------------------------------
GET /bridge/442/1v749nuu/websocket 2ms (unfinished)
------------------------------------------------------------------------------------------------------
GET /bridge/562/d_o70xaa/websocket 0ms (unfinished)
------------------------------------------------------------------------------------------------------
POST /bridge/442/erdp5ovv/xhr_streaming 1ms (unfinished)
------------------------------------------------------------------------------------------------------
POST /bridge/442/erdp5ovv/xhr_send 15ms 204
------------------------------------------------------------------------------------------------------
POST /bridge/562/8854qe64/xhr_streaming 0ms (unfinished)
------------------------------------------------------------------------------------------------------
GET /bridge/info 1ms 200
------------------------------------------------------------------------------------------------------
GET /bridge/info 1ms 200
------------------------------------------------------------------------------------------------------
GET /bridge/219/p76_efch/websocket 3ms (unfinished)
------------------------------------------------------------------------------------------------------
GET /bridge/571/lxld9qhj/websocket 1ms (unfinished)
------------------------------------------------------------------------------------------------------
GET /bridge/info 1ms 200
------------------------------------------------------------------------------------------------------
------------------------------------------------------------------------------------------------------
GET /bridge/info 1ms 200
GET /bridge/639/koep5026/websocket 0ms (unfinished)
------------------------------------------------------------------------------------------------------
------------------------------------------------------------------------------------------------------
GET /bridge/776/cr7xm__f/websocket 1ms (unfinished)
GET /bridge/info 0ms 200
------------------------------------------------------------------------------------------------------
GET /bridge/info 1ms 200
------------------------------------------------------------------------------------------------------
------------------------------------------------------------------------------------------------------
GET /bridge/969/slxt9ext/websocket 0ms (unfinished)
GET /bridge/728/jrw5abxu/websocket 1ms (unfinished)
------------------------------------------------------------------------------------------------------
GET /bridge/info 7ms 200
------------------------------------------------------------------------------------------------------
GET /bridge/info 2ms 200
------------------------------------------------------------------------------------------------------
GET /bridge/634/6k100gof/websocket 5ms (unfinished)
------------------------------------------------------------------------------------------------------
GET /bridge/514/0hmizyh7/websocket 0ms (unfinished)
------------------------------------------------------------------------------------------------------
GET /bridge/info 1ms 200
------------------------------------------------------------------------------------------------------
GET /bridge/info 0ms 200
------------------------------------------------------------------------------------------------------
GET /bridge/294/ufmzo_h0/websocket 3ms (unfinished)
------------------------------------------------------------------------------------------------------
GET /bridge/075/77f51v8g/websocket 1ms (unfinished)
------------------------------------------------------------------------------------------------------
GET /bridge/info 5ms 200
------------------------------------------------------------------------------------------------------
GET /bridge/info 0ms 200
------------------------------------------------------------------------------------------------------
------------------------------------------------------------------------------------------------------
GET /bridge/448/8tgk27vf/websocket 2ms (unfinished)
GET /bridge/378/klqsliw9/websocket 0ms (unfinished)
------------------------------------------------------------------------------------------------------
GET /bridge/info 0ms 200
------------------------------------------------------------------------------------------------------
GET /bridge/info 0ms 200
------------------------------------------------------------------------------------------------------
GET /bridge/137/odqx2s1g/websocket 0ms (unfinished)
------------------------------------------------------------------------------------------------------
GET /bridge/713/0ougo3nm/websocket 1ms (unfinished)
------------------------------------------------------------------------------------------------------
GET /bridge/info 1ms 200
------------------------------------------------------------------------------------------------------
GET /bridge/info 0ms 200
------------------------------------------------------------------------------------------------------
GET /bridge/189/_afwsola/websocket 0ms (unfinished)
------------------------------------------------------------------------------------------------------
GET /bridge/722/ht912fp2/websocket 0ms (unfinished)
------------------------------------------------------------------------------------------------------
GET /bridge/info 1ms 200
------------------------------------------------------------------------------------------------------
------------------------------------------------------------------------------------------------------
GET /bridge/info 0ms 200
GET /bridge/776/uyjoz7g6/websocket 2ms (unfinished)
------------------------------------------------------------------------------------------------------
GET /bridge/085/qbx5995l/websocket 0ms (unfinished)
------------------------------------------------------------------------------------------------------
GET /bridge/info 1ms 200
------------------------------------------------------------------------------------------------------
GET /bridge/info 0ms 200
------------------------------------------------------------------------------------------------------
GET /bridge/775/69hjxs7u/websocket 0ms (unfinished)
------------------------------------------------------------------------------------------------------
GET /bridge/370/6n867_ve/websocket 1ms (unfinished)
------------------------------------------------------------------------------------------------------
------------------------------------------------------------------------------------------------------
GET /bridge/info 1ms 200
GET /bridge/info 1ms 200
------------------------------------------------------------------------------------------------------
GET /bridge/514/g1_2k6aq/websocket 0ms (unfinished)
------------------------------------------------------------------------------------------------------
GET /bridge/729/bth4wj0n/websocket 0ms (unfinished)
------------------------------------------------------------------------------------------------------
GET /bridge/info 0ms 200
------------------------------------------------------------------------------------------------------
------------------------------------------------------------------------------------------------------
GET /bridge/info 0ms 200
------------------------------------------------------------------------------------------------------
GET /bridge/805/ennnye7f/websocket 0ms (unfinished)
GET /bridge/609/g3sf6a8r/websocket 0ms (unfinished)
------------------------------------------------------------------------------------------------------
GET /bridge/info 2ms 200
------------------------------------------------------------------------------------------------------
GET /bridge/info 0ms 200
------------------------------------------------------------------------------------------------------
GET /bridge/084/limscmeg/websocket 3ms (unfinished)
------------------------------------------------------------------------------------------------------
GET /bridge/212/vx19i88l/websocket 1ms (unfinished)
------------------------------------------------------------------------------------------------------
GET /bridge/info 1ms 200
------------------------------------------------------------------------------------------------------
GET /bridge/info 1ms 200
------------------------------------------------------------------------------------------------------
GET /bridge/637/nzgqnk3j/websocket 3ms (unfinished)
------------------------------------------------------------------------------------------------------
GET /bridge/285/580jsn7i/websocket 0ms (unfinished)
------------------------------------------------------------------------------------------------------
GET /bridge/info 1ms 200
------------------------------------------------------------------------------------------------------
GET /bridge/info 0ms 200
------------------------------------------------------------------------------------------------------
GET /bridge/156/1ro19hwd/websocket 2ms (unfinished)
------------------------------------------------------------------------------------------------------
------------------------------------------------------------------------------------------------------
GET /bridge/659/sr6v5y1a/websocket 0ms (unfinished)
GET /bridge/info 1ms 200
------------------------------------------------------------------------------------------------------
GET /bridge/info 0ms 200
------------------------------------------------------------------------------------------------------
GET /bridge/956/y8hc4aaq/websocket 4ms (unfinished)
------------------------------------------------------------------------------------------------------
------------------------------------------------------------------------------------------------------
GET /bridge/304/4ek5iz53/websocket 1ms (unfinished)
GET /bridge/info 1ms 200
------------------------------------------------------------------------------------------------------
GET /bridge/info 0ms 200
------------------------------------------------------------------------------------------------------
GET /bridge/726/3ens6ljf/websocket 3ms (unfinished)
------------------------------------------------------------------------------------------------------
GET /bridge/885/sgaqbxe_/websocket 1ms (unfinished)
------------------------------------------------------------------------------------------------------
------------------------------------------------------------------------------------------------------
GET /bridge/info 2ms 200
------------------------------------------------------------------------------------------------------
GET /bridge/info 1ms 200
GET /bridge/874/4nokziit/websocket 2ms (unfinished)
------------------------------------------------------------------------------------------------------
GET /bridge/376/lyrnqdsh/websocket 0ms (unfinished)
------------------------------------------------------------------------------------------------------
------------------------------------------------------------------------------------------------------
GET /bridge/info 1ms 200
GET /bridge/info 0ms 200
------------------------------------------------------------------------------------------------------
------------------------------------------------------------------------------------------------------
GET /bridge/766/vpcwhmt9/websocket 0ms (unfinished)
GET /bridge/610/sxanecqo/websocket 0ms (unfinished)
------------------------------------------------------------------------------------------------------
------------------------------------------------------------------------------------------------------
GET /bridge/info 1ms 200
GET /bridge/info 0ms 200
------------------------------------------------------------------------------------------------------
------------------------------------------------------------------------------------------------------
GET /bridge/349/buwan9_9/websocket 3ms (unfinished)
GET /bridge/843/t6e6gb03/websocket 0ms (unfinished)
------------------------------------------------------------------------------------------------------
GET /bridge/info 0ms 200
------------------------------------------------------------------------------------------------------
------------------------------------------------------------------------------------------------------
GET /bridge/info 0ms 200
------------------------------------------------------------------------------------------------------
GET /bridge/122/nvtzoj9m/websocket 0ms (unfinished)
GET /bridge/766/t4q8io8l/websocket 1ms (unfinished)
------------------------------------------------------------------------------------------------------
GET /bridge/info 2ms 200
------------------------------------------------------------------------------------------------------
GET /bridge/info 0ms 200
------------------------------------------------------------------------------------------------------
------------------------------------------------------------------------------------------------------
GET /bridge/359/55x8qcis/websocket 3ms (unfinished)
GET /bridge/785/bk8ssyet/websocket 1ms (unfinished)
------------------------------------------------------------------------------------------------------
GET /bridge/info 1ms 200
------------------------------------------------------------------------------------------------------
GET /bridge/info 0ms 200
------------------------------------------------------------------------------------------------------
------------------------------------------------------------------------------------------------------
GET /bridge/349/l6yffu9k/websocket 3ms (unfinished)
GET /bridge/344/h2gooj_6/websocket 0ms (unfinished)
------------------------------------------------------------------------------------------------------
GET /bridge/info 2ms 200
------------------------------------------------------------------------------------------------------
GET /bridge/info 0ms 200
------------------------------------------------------------------------------------------------------
------------------------------------------------------------------------------------------------------
GET /bridge/941/ti2x9du_/websocket 3ms (unfinished)
GET /bridge/537/5kjyccwk/websocket 1ms (unfinished)
------------------------------------------------------------------------------------------------------
GET /bridge/info 2ms 200
------------------------------------------------------------------------------------------------------
GET /bridge/info 0ms 200
------------------------------------------------------------------------------------------------------
GET /bridge/602/8s_jc_mn/websocket 4ms (unfinished)
------------------------------------------------------------------------------------------------------
GET /bridge/476/uggurhz2/websocket 0ms (unfinished)
------------------------------------------------------------------------------------------------------
------------------------------------------------------------------------------------------------------
GET /bridge/info 1ms 200
GET /bridge/info 1ms 200
------------------------------------------------------------------------------------------------------
GET /bridge/725/z7bjc820/websocket 9ms (unfinished)
------------------------------------------------------------------------------------------------------
------------------------------------------------------------------------------------------------------
GET /bridge/111/lgtriquw/websocket 1ms (unfinished)
GET /bridge/info 1ms 200
------------------------------------------------------------------------------------------------------
GET /bridge/info 1ms 200
------------------------------------------------------------------------------------------------------
GET /bridge/227/by7wx3s2/websocket 3ms (unfinished)
------------------------------------------------------------------------------------------------------
GET /bridge/690/q3lez1m3/websocket 0ms (unfinished)
------------------------------------------------------------------------------------------------------
------------------------------------------------------------------------------------------------------
GET /bridge/info 0ms 200
------------------------------------------------------------------------------------------------------
GET /bridge/info 0ms 200
------------------------------------------------------------------------------------------------------
GET /bridge/488/bq1dd89m/websocket 0ms (unfinished)
GET /bridge/867/xca25eu9/websocket 0ms (unfinished)
------------------------------------------------------------------------------------------------------
GET /bridge/info 0ms 200
------------------------------------------------------------------------------------------------------
GET /bridge/info 0ms 200
------------------------------------------------------------------------------------------------------
GET /bridge/022/pxav6v2i/websocket 0ms (unfinished)
------------------------------------------------------------------------------------------------------
GET /bridge/081/9e_3665z/websocket 0ms (unfinished)
------------------------------------------------------------------------------------------------------
GET /bridge/info 1ms 200
------------------------------------------------------------------------------------------------------
GET /bridge/info 0ms 200
------------------------------------------------------------------------------------------------------
GET /bridge/881/z8e05w_7/websocket 0ms (unfinished)
------------------------------------------------------------------------------------------------------
GET /bridge/653/t5f5n3gs/websocket 0ms (unfinished)
------------------------------------------------------------------------------------------------------
------------------------------------------------------------------------------------------------------
GET /bridge/info 0ms 200
GET /bridge/info 1ms 200
------------------------------------------------------------------------------------------------------
GET /bridge/382/xgj4nfu6/websocket 1ms (unfinished)
------------------------------------------------------------------------------------------------------
------------------------------------------------------------------------------------------------------
GET /bridge/001/91t8skhw/websocket 0ms (unfinished)
GET /bridge/info 1ms 200
------------------------------------------------------------------------------------------------------
GET /bridge/info 1ms 200
------------------------------------------------------------------------------------------------------
------------------------------------------------------------------------------------------------------
GET /bridge/477/bn4bv2tf/websocket 0ms (unfinished)
GET /bridge/546/atbcm8gt/websocket 0ms (unfinished)
------------------------------------------------------------------------------------------------------
GET /bridge/info 0ms 200
------------------------------------------------------------------------------------------------------
GET /bridge/info 0ms 200
------------------------------------------------------------------------------------------------------
------------------------------------------------------------------------------------------------------
GET /bridge/631/6jzzh146/websocket 0ms (unfinished)
------------------------------------------------------------------------------------------------------
GET /bridge/181/a5b9powa/websocket 0ms (unfinished)
GET /bridge/info 1ms 200
------------------------------------------------------------------------------------------------------
GET /bridge/info 1ms 200
------------------------------------------------------------------------------------------------------
GET /bridge/352/n_0kt5ym/websocket 0ms (unfinished)
------------------------------------------------------------------------------------------------------
GET /bridge/905/gvcjjnhs/websocket 0ms (unfinished)
------------------------------------------------------------------------------------------------------
GET /bridge/info 1ms 200
------------------------------------------------------------------------------------------------------
------------------------------------------------------------------------------------------------------
GET /bridge/info 1ms 200
GET /bridge/432/qcpei54t/websocket 0ms (unfinished)
------------------------------------------------------------------------------------------------------
GET /bridge/767/gozgiw3h/websocket 0ms (unfinished)
------------------------------------------------------------------------------------------------------
------------------------------------------------------------------------------------------------------
GET /bridge/info 0ms 200
GET /bridge/info 0ms 200
------------------------------------------------------------------------------------------------------
GET /bridge/838/025mh0xq/websocket 1ms (unfinished)
------------------------------------------------------------------------------------------------------
GET /bridge/796/mhuv1pre/websocket 0ms (unfinished)
------------------------------------------------------------------------------------------------------
GET /bridge/info 1ms 200
------------------------------------------------------------------------------------------------------
------------------------------------------------------------------------------------------------------
GET /bridge/info 0ms 200
GET /bridge/750/0rh_1bla/websocket 0ms (unfinished)
------------------------------------------------------------------------------------------------------
GET /bridge/303/zvv8tikz/websocket 0ms (unfinished)
------------------------------------------------------------------------------------------------------
------------------------------------------------------------------------------------------------------
GET /bridge/info 0ms 200
GET /bridge/info 1ms 200
------------------------------------------------------------------------------------------------------
------------------------------------------------------------------------------------------------------
GET /bridge/461/zukt8j3f/websocket 1ms (unfinished)
GET /bridge/945/uos6isco/websocket 0ms (unfinished)
------------------------------------------------------------------------------------------------------
------------------------------------------------------------------------------------------------------
GET /bridge/info 1ms 200
GET /bridge/info 0ms 200
------------------------------------------------------------------------------------------------------
------------------------------------------------------------------------------------------------------
GET /bridge/146/3wlwgup1/websocket 0ms (unfinished)
GET /bridge/253/1a5ypxp_/websocket 0ms (unfinished)
------------------------------------------------------------------------------------------------------
GET /bridge/info 1ms 200
------------------------------------------------------------------------------------------------------
GET /bridge/info 1ms 200
------------------------------------------------------------------------------------------------------
GET /bridge/032/9qs9ej_z/websocket 4ms (unfinished)
------------------------------------------------------------------------------------------------------
GET /bridge/868/z4jl7myn/websocket 0ms (unfinished)
------------------------------------------------------------------------------------------------------
------------------------------------------------------------------------------------------------------
GET /bridge/info 1ms 200
------------------------------------------------------------------------------------------------------
GET /bridge/info 1ms 200
GET /bridge/533/4btp651e/websocket 4ms (unfinished)
------------------------------------------------------------------------------------------------------
GET /bridge/379/kfbyep0m/websocket 1ms (unfinished)
------------------------------------------------------------------------------------------------------
GET /bridge/info 1ms 200
------------------------------------------------------------------------------------------------------
GET /bridge/info 1ms 200
------------------------------------------------------------------------------------------------------
GET /bridge/778/1trypahx/websocket 2ms (unfinished)
------------------------------------------------------------------------------------------------------
GET /bridge/277/5jh7t2s7/websocket 0ms (unfinished)
------------------------------------------------------------------------------------------------------
GET /bridge/info 1ms 200
------------------------------------------------------------------------------------------------------
------------------------------------------------------------------------------------------------------
GET /bridge/info 0ms 200
GET /bridge/601/w_kkr8wu/websocket 0ms (unfinished)
------------------------------------------------------------------------------------------------------
GET /bridge/249/yjemfx9c/websocket 0ms (unfinished)
------------------------------------------------------------------------------------------------------
GET /bridge/info 0ms 200
------------------------------------------------------------------------------------------------------
GET /bridge/info 0ms 200
------------------------------------------------------------------------------------------------------
GET /bridge/284/smqcfjtt/websocket 0ms (unfinished)
------------------------------------------------------------------------------------------------------
GET /bridge/442/3864ztdf/websocket 0ms (unfinished)
------------------------------------------------------------------------------------------------------
------------------------------------------------------------------------------------------------------
POST /bridge/562/8854qe64/xhr_send 4ms 404
GET /bridge/info 2ms 200
------------------------------------------------------------------------------------------------------
GET /bridge/info 0ms 200
------------------------------------------------------------------------------------------------------
GET /bridge/789/7hogls69/websocket 5ms (unfinished)
------------------------------------------------------------------------------------------------------
GET /bridge/101/3wk0b8d5/websocket 1ms (unfinished)
------------------------------------------------------------------------------------------------------
POST /bridge/789/eei9y7mj/xhr_streaming 1ms (unfinished)
------------------------------------------------------------------------------------------------------
POST /bridge/789/eei9y7mj/xhr_send 4ms 204
------------------------------------------------------------------------------------------------------
POST /bridge/101/s28wm3tw/xhr_streaming 0ms (unfinished)
------------------------------------------------------------------------------------------------------
------------------------------------------------------------------------------------------------------
POST /bridge/101/s28wm3tw/xhr_send 1ms 204
GET /bridge/info 1ms 200
------------------------------------------------------------------------------------------------------
GET /bridge/info 1ms 200
------------------------------------------------------------------------------------------------------
GET /bridge/868/vov67o3g/websocket 1ms (unfinished)
------------------------------------------------------------------------------------------------------
GET /bridge/810/zk58zodu/websocket 1ms (unfinished)
------------------------------------------------------------------------------------------------------
------------------------------------------------------------------------------------------------------
POST /bridge/868/yg4vx7hu/xhr_streaming 1ms (unfinished)
POST /bridge/868/yg4vx7hu/xhr_send 1ms 204
------------------------------------------------------------------------------------------------------
------------------------------------------------------------------------------------------------------
POST /bridge/810/k23_lk3i/xhr_streaming 1ms (unfinished)
------------------------------------------------------------------------------------------------------
POST /bridge/810/k23_lk3i/xhr_send 2ms 204
GET /bridge/info 1ms 200
------------------------------------------------------------------------------------------------------
GET /bridge/info 0ms 200
------------------------------------------------------------------------------------------------------
GET /bridge/407/swykghfw/websocket 2ms (unfinished)
------------------------------------------------------------------------------------------------------
GET /bridge/528/ea011vor/websocket 0ms (unfinished)
------------------------------------------------------------------------------------------------------
POST /bridge/407/c3tdm3mz/xhr_streaming 1ms (unfinished)
------------------------------------------------------------------------------------------------------
POST /bridge/407/c3tdm3mz/xhr_send 3ms 204
------------------------------------------------------------------------------------------------------
------------------------------------------------------------------------------------------------------
POST /bridge/528/cpucyuqs/xhr_streaming 1ms (unfinished)
GET /bridge/info 1ms 200
------------------------------------------------------------------------------------------------------
GET /bridge/info 0ms 200
------------------------------------------------------------------------------------------------------
GET /bridge/209/78w0qpnl/websocket 0ms (unfinished)
------------------------------------------------------------------------------------------------------
------------------------------------------------------------------------------------------------------
GET /bridge/229/xpd02rlr/websocket 1ms (unfinished)
------------------------------------------------------------------------------------------------------
GET /bridge/info 1ms 200
GET /bridge/info 0ms 200
------------------------------------------------------------------------------------------------------
GET /bridge/643/dn2a17b5/websocket 0ms (unfinished)
------------------------------------------------------------------------------------------------------
GET /bridge/612/i5oyaak0/websocket 0ms (unfinished)
------------------------------------------------------------------------------------------------------
------------------------------------------------------------------------------------------------------
GET /bridge/info 1ms 200
GET /bridge/info 1ms 200
------------------------------------------------------------------------------------------------------
GET /bridge/136/_m_33lxt/websocket 3ms (unfinished)
------------------------------------------------------------------------------------------------------
GET /bridge/108/vuy64h1c/websocket 0ms (unfinished)
------------------------------------------------------------------------------------------------------
POST /bridge/136/nd0n2xwi/xhr_streaming 1ms (unfinished)
------------------------------------------------------------------------------------------------------
POST /bridge/108/ticl0pdl/xhr_streaming 1ms (unfinished)
------------------------------------------------------------------------------------------------------
POST /bridge/136/nd0n2xwi/xhr_send 4ms 204
------------------------------------------------------------------------------------------------------
POST /bridge/108/ticl0pdl/xhr_send 1ms 204
------------------------------------------------------------------------------------------------------
GET /bridge/info 1ms 200
------------------------------------------------------------------------------------------------------
------------------------------------------------------------------------------------------------------
GET /bridge/info 0ms 200
GET /bridge/240/l354k3ms/websocket 1ms (unfinished)
------------------------------------------------------------------------------------------------------
GET /bridge/253/l6dutvxe/websocket 1ms (unfinished)
------------------------------------------------------------------------------------------------------
GET /bridge/info 1ms 200
------------------------------------------------------------------------------------------------------
------------------------------------------------------------------------------------------------------
GET /bridge/info 1ms 200
GET /bridge/801/vzzca5n9/websocket 4ms (unfinished)
------------------------------------------------------------------------------------------------------
------------------------------------------------------------------------------------------------------
GET /bridge/294/16nazcmg/websocket 1ms (unfinished)
GET /bridge/info 0ms 200
------------------------------------------------------------------------------------------------------
GET /bridge/info 1ms 200
------------------------------------------------------------------------------------------------------
------------------------------------------------------------------------------------------------------
GET /bridge/605/qmzb6usw/websocket 0ms (unfinished)
------------------------------------------------------------------------------------------------------
GET /bridge/042/5darkfmx/websocket 0ms (unfinished)
POST /bridge/605/czfen_t0/xhr_streaming 1ms (unfinished)
------------------------------------------------------------------------------------------------------
POST /bridge/042/y62ng3er/xhr_streaming 0ms (unfinished)
------------------------------------------------------------------------------------------------------
POST /bridge/605/czfen_t0/xhr_send 5ms 204
------------------------------------------------------------------------------------------------------
POST /bridge/042/y62ng3er/xhr_send 1ms 204
------------------------------------------------------------------------------------------------------
GET /bridge/info 0ms 200
------------------------------------------------------------------------------------------------------
GET /bridge/info 0ms 200
------------------------------------------------------------------------------------------------------
------------------------------------------------------------------------------------------------------
GET /bridge/916/81xwigc8/websocket 0ms (unfinished)
GET /bridge/355/hz6x4d89/websocket 1ms (unfinished)
------------------------------------------------------------------------------------------------------
POST /bridge/916/m0bmxpdw/xhr_streaming 0ms (unfinished)
------------------------------------------------------------------------------------------------------
------------------------------------------------------------------------------------------------------
POST /bridge/355/51v0mshq/xhr_streaming 0ms (unfinished)
GET /bridge/info 0ms 200
------------------------------------------------------------------------------------------------------
GET /bridge/info 1ms 200
------------------------------------------------------------------------------------------------------
GET /bridge/993/qgavrmyw/websocket 1ms (unfinished)
------------------------------------------------------------------------------------------------------
GET /bridge/177/a6lau0x4/websocket 1ms (unfinished)
------------------------------------------------------------------------------------------------------
GET /bridge/info 1ms 200
------------------------------------------------------------------------------------------------------
GET /bridge/info 0ms 200
------------------------------------------------------------------------------------------------------
GET /bridge/815/iy39g4di/websocket 0ms (unfinished)
------------------------------------------------------------------------------------------------------
------------------------------------------------------------------------------------------------------
GET /bridge/850/vko5p8xr/websocket 0ms (unfinished)
------------------------------------------------------------------------------------------------------
GET /bridge/info 0ms 200
GET /bridge/info 0ms 200
------------------------------------------------------------------------------------------------------
GET /bridge/757/bb54mzhq/websocket 0ms (unfinished)
------------------------------------------------------------------------------------------------------
GET /bridge/417/pa8cucoq/websocket 1ms (unfinished)
------------------------------------------------------------------------------------------------------
GET /bridge/info 0ms 200
------------------------------------------------------------------------------------------------------
GET /bridge/info 0ms 200
------------------------------------------------------------------------------------------------------
GET /bridge/171/gd1ajny3/websocket 0ms (unfinished)
------------------------------------------------------------------------------------------------------
GET /bridge/616/bqgc_44s/websocket 0ms (unfinished)
------------------------------------------------------------------------------------------------------
POST /bridge/528/cpucyuqs/xhr_send 1ms 404
------------------------------------------------------------------------------------------------------
------------------------------------------------------------------------------------------------------
GET /bridge/info 0ms 200
------------------------------------------------------------------------------------------------------
GET /bridge/info 0ms 200
GET /bridge/401/xdp8qshy/websocket 0ms (unfinished)
------------------------------------------------------------------------------------------------------
GET /bridge/614/w3z0cln4/websocket 1ms (unfinished)
------------------------------------------------------------------------------------------------------
GET /bridge/info 0ms 200
------------------------------------------------------------------------------------------------------
GET /bridge/info 0ms 200
------------------------------------------------------------------------------------------------------
------------------------------------------------------------------------------------------------------
GET /bridge/715/vb1wvmn4/websocket 0ms (unfinished)
GET /bridge/461/mlmz1fd7/websocket 0ms (unfinished)
------------------------------------------------------------------------------------------------------
GET /bridge/info 0ms 200
------------------------------------------------------------------------------------------------------
GET /bridge/info 1ms 200
------------------------------------------------------------------------------------------------------
GET /bridge/980/65kxad83/websocket 0ms (unfinished)
------------------------------------------------------------------------------------------------------
GET /bridge/257/x6jz43o7/websocket 0ms (unfinished)
------------------------------------------------------------------------------------------------------
GET /bridge/info 0ms 200
------------------------------------------------------------------------------------------------------
------------------------------------------------------------------------------------------------------
GET /bridge/info 0ms 200
GET /bridge/738/50t0hlem/websocket 0ms (unfinished)
------------------------------------------------------------------------------------------------------
GET /bridge/550/igwvr_vw/websocket 0ms (unfinished)
------------------------------------------------------------------------------------------------------
POST /bridge/916/m0bmxpdw/xhr_send 1ms 204
------------------------------------------------------------------------------------------------------
------------------------------------------------------------------------------------------------------
POST /bridge/355/51v0mshq/xhr_send 2ms 204
