------------------------------------------------------------------------------------------------------
GET /bridge/info 1ms 200
GET /bridge/info 1ms 200
------------------------------------------------------------------------------------------------------
GET /bridge/458/ryzwr97d/websocket 1ms (unfinished)
------------------------------------------------------------------------------------------------------
------------------------------------------------------------------------------------------------------
GET /bridge/451/9n0yhyji/websocket 1ms (unfinished)
POST /bridge/458/y42arv8b/xhr_streaming 1ms (unfinished)
------------------------------------------------------------------------------------------------------
------------------------------------------------------------------------------------------------------
POST /bridge/458/y42arv8b/xhr_send 2ms 204
POST /bridge/451/f10korcs/xhr_streaming 1ms (unfinished)
------------------------------------------------------------------------------------------------------
POST /bridge/451/f10korcs/xhr_send 1ms 204
------------------------------------------------------------------------------------------------------
GET /bridge/info 0ms 200
------------------------------------------------------------------------------------------------------
GET /bridge/info 1ms 200
------------------------------------------------------------------------------------------------------
------------------------------------------------------------------------------------------------------
GET /bridge/862/yg4tueb8/websocket 0ms (unfinished)
GET /bridge/949/gutbeo1l/websocket 1ms (unfinished)
------------------------------------------------------------------------------------------------------
POST /bridge/862/92q781b6/xhr_streaming 0ms (unfinished)
------------------------------------------------------------------------------------------------------
POST /bridge/862/92q781b6/xhr_send 1ms 204
------------------------------------------------------------------------------------------------------
POST /bridge/949/tc2gylkv/xhr_streaming 0ms (unfinished)
------------------------------------------------------------------------------------------------------
POST /bridge/949/tc2gylkv/xhr_send 1ms 204
------------------------------------------------------------------------------------------------------
POST /bridge/349/p6uxx2sp/xhr_send 2ms 204
------------------------------------------------------------------------------------------------------
------------------------------------------------------------------------------------------------------
GET /bridge/info 1ms 200
GET /bridge/info 1ms 200
------------------------------------------------------------------------------------------------------
------------------------------------------------------------------------------------------------------
GET /bridge/961/hq__vtm4/websocket 4ms (unfinished)
------------------------------------------------------------------------------------------------------
GET /bridge/925/0qbvo63b/websocket 0ms (unfinished)
------------------------------------------------------------------------------------------------------
POST /bridge/961/sbeycah9/xhr_streaming 1ms (unfinished)
------------------------------------------------------------------------------------------------------
POST /bridge/961/sbeycah9/xhr_send 4ms 204
POST /bridge/925/v0wk66hv/xhr_streaming 1ms (unfinished)
------------------------------------------------------------------------------------------------------
POST /bridge/925/v0wk66hv/xhr_send 1ms 204
------------------------------------------------------------------------------------------------------
------------------------------------------------------------------------------------------------------
GET /bridge/info 1ms 200
GET /bridge/info 0ms 200
------------------------------------------------------------------------------------------------------
GET /bridge/212/8yyj3_uo/websocket 1ms (unfinished)
------------------------------------------------------------------------------------------------------
GET /bridge/310/kycmqo5y/websocket 1ms (unfinished)
------------------------------------------------------------------------------------------------------
POST /bridge/212/3h99pna8/xhr_streaming 0ms (unfinished)
------------------------------------------------------------------------------------------------------
------------------------------------------------------------------------------------------------------
POST /bridge/212/3h99pna8/xhr_send 1ms 204
POST /bridge/310/iahkqawj/xhr_streaming 1ms (unfinished)
------------------------------------------------------------------------------------------------------
POST /bridge/310/iahkqawj/xhr_send 1ms 204
------------------------------------------------------------------------------------------------------
GET /bridge/info 1ms 200
------------------------------------------------------------------------------------------------------
GET /bridge/info 1ms 200
------------------------------------------------------------------------------------------------------
GET /bridge/706/ee4bcd6m/websocket 2ms (unfinished)
------------------------------------------------------------------------------------------------------
------------------------------------------------------------------------------------------------------
GET /bridge/964/o1_wvrrk/websocket 1ms (unfinished)
POST /bridge/706/l9y0bc_1/xhr_streaming 1ms (unfinished)
------------------------------------------------------------------------------------------------------
POST /bridge/706/l9y0bc_1/xhr_send 3ms 204
------------------------------------------------------------------------------------------------------
------------------------------------------------------------------------------------------------------
POST /bridge/964/vya6k7hl/xhr_streaming 1ms (unfinished)
------------------------------------------------------------------------------------------------------
POST /bridge/964/vya6k7hl/xhr_send 1ms 204
GET /bridge/info 1ms 200
------------------------------------------------------------------------------------------------------
------------------------------------------------------------------------------------------------------
GET /bridge/info 0ms 200
------------------------------------------------------------------------------------------------------
GET /bridge/043/j1xbuwlr/websocket 3ms (unfinished)
GET /bridge/904/h4_3t04l/websocket 0ms (unfinished)
------------------------------------------------------------------------------------------------------
POST /bridge/043/l52kc1x1/xhr_streaming 1ms (unfinished)
------------------------------------------------------------------------------------------------------
POST /bridge/043/l52kc1x1/xhr_send 4ms 204
------------------------------------------------------------------------------------------------------
POST /bridge/904/rnggmb_k/xhr_streaming 1ms (unfinished)
------------------------------------------------------------------------------------------------------
POST /bridge/904/rnggmb_k/xhr_send 1ms 204
------------------------------------------------------------------------------------------------------
GET /bridge/info 1ms 200
------------------------------------------------------------------------------------------------------
GET /bridge/info 0ms 200
------------------------------------------------------------------------------------------------------
------------------------------------------------------------------------------------------------------
GET /bridge/423/g3p99bc_/websocket 1ms (unfinished)
GET /bridge/005/2osc5szz/websocket 0ms (unfinished)
------------------------------------------------------------------------------------------------------
POST /bridge/423/82vbts1q/xhr_streaming 1ms (unfinished)
------------------------------------------------------------------------------------------------------
POST /bridge/423/82vbts1q/xhr_send 1ms 204
------------------------------------------------------------------------------------------------------
POST /bridge/005/u7s746sh/xhr_streaming 0ms (unfinished)
------------------------------------------------------------------------------------------------------
------------------------------------------------------------------------------------------------------
GET /bridge/info 1ms 200
GET /bridge/info 0ms 200
------------------------------------------------------------------------------------------------------
GET /bridge/721/5r4ns3x7/websocket 0ms (unfinished)
------------------------------------------------------------------------------------------------------
GET /bridge/916/_u4_i9x3/websocket 0ms (unfinished)
------------------------------------------------------------------------------------------------------
GET /bridge/info 0ms 200
------------------------------------------------------------------------------------------------------
GET /bridge/info 0ms 200
------------------------------------------------------------------------------------------------------
GET /bridge/844/40p5ax7i/websocket 0ms (unfinished)
------------------------------------------------------------------------------------------------------
------------------------------------------------------------------------------------------------------
GET /bridge/198/x1sn6euv/websocket 0ms (unfinished)
------------------------------------------------------------------------------------------------------
POST /bridge/844/je72jp_1/xhr_streaming 0ms (unfinished)
POST /bridge/844/je72jp_1/xhr_send 2ms 204
------------------------------------------------------------------------------------------------------
POST /bridge/198/w4ujw713/xhr_streaming 0ms (unfinished)
------------------------------------------------------------------------------------------------------
POST /bridge/198/w4ujw713/xhr_send 1ms 204
------------------------------------------------------------------------------------------------------
GET /bridge/info 1ms 200
------------------------------------------------------------------------------------------------------
GET /bridge/info 0ms 200
------------------------------------------------------------------------------------------------------
GET /bridge/500/3hqu40sp/websocket 3ms (unfinished)
------------------------------------------------------------------------------------------------------
GET /bridge/292/hgdvy_5s/websocket 0ms (unfinished)
------------------------------------------------------------------------------------------------------
POST /bridge/500/qqwtryjv/xhr_streaming 1ms (unfinished)
------------------------------------------------------------------------------------------------------
POST /bridge/500/qqwtryjv/xhr_send 4ms 204
------------------------------------------------------------------------------------------------------
POST /bridge/292/s2api6xx/xhr_streaming 0ms (unfinished)
------------------------------------------------------------------------------------------------------
POST /bridge/292/s2api6xx/xhr_send 1ms 204
------------------------------------------------------------------------------------------------------
GET /bridge/info 0ms 200
------------------------------------------------------------------------------------------------------
GET /bridge/info 1ms 200
------------------------------------------------------------------------------------------------------
GET /bridge/517/ftlz28bc/websocket 0ms (unfinished)
------------------------------------------------------------------------------------------------------
GET /bridge/301/5v4ugmfe/websocket 1ms (unfinished)
------------------------------------------------------------------------------------------------------
POST /bridge/517/2f3_8yg0/xhr_streaming 0ms (unfinished)
------------------------------------------------------------------------------------------------------
------------------------------------------------------------------------------------------------------
POST /bridge/517/2f3_8yg0/xhr_send 1ms 204
POST /bridge/301/hhdw6vxs/xhr_streaming 1ms (unfinished)
------------------------------------------------------------------------------------------------------
------------------------------------------------------------------------------------------------------
POST /bridge/301/hhdw6vxs/xhr_send 1ms 204
------------------------------------------------------------------------------------------------------
GET /bridge/info 1ms 200
GET /bridge/info 1ms 200
------------------------------------------------------------------------------------------------------
GET /bridge/987/p0u0trj5/websocket 0ms (unfinished)
------------------------------------------------------------------------------------------------------
GET /bridge/252/v1a3l6r8/websocket 0ms (unfinished)
------------------------------------------------------------------------------------------------------
POST /bridge/252/0h_6h514/xhr_streaming 0ms (unfinished)
------------------------------------------------------------------------------------------------------
------------------------------------------------------------------------------------------------------
POST /bridge/252/0h_6h514/xhr_send 1ms 204
POST /bridge/987/7zlh5ib3/xhr 1ms 200
------------------------------------------------------------------------------------------------------
POST /bridge/987/7zlh5ib3/xhr_send 1ms 204
------------------------------------------------------------------------------------------------------
POST /bridge/987/7zlh5ib3/xhr 0ms 200
------------------------------------------------------------------------------------------------------
POST /bridge/987/7zlh5ib3/xhr 0ms (unfinished)
------------------------------------------------------------------------------------------------------
GET /bridge/info 0ms 200
------------------------------------------------------------------------------------------------------
GET /bridge/info 1ms 200
------------------------------------------------------------------------------------------------------
GET /bridge/705/6c5uwwkf/websocket 0ms (unfinished)
------------------------------------------------------------------------------------------------------
------------------------------------------------------------------------------------------------------
GET /bridge/568/c0o0w0kz/websocket 0ms (unfinished)
POST /bridge/987/7zlh5ib3/xhr 0ms (unfinished)
------------------------------------------------------------------------------------------------------
POST /bridge/987/7zlh5ib3/xhr 0ms (unfinished)
------------------------------------------------------------------------------------------------------
------------------------------------------------------------------------------------------------------
GET /bridge/info 1ms 200
------------------------------------------------------------------------------------------------------
GET /bridge/info 0ms 200
GET /bridge/240/zk3uwrpw/websocket 1ms (unfinished)
------------------------------------------------------------------------------------------------------
GET /bridge/489/k8mp88rw/websocket 0ms (unfinished)
------------------------------------------------------------------------------------------------------
------------------------------------------------------------------------------------------------------
POST /bridge/489/6eipn58r/xhr_streaming 0ms (unfinished)
GET /bridge/info 0ms 200
------------------------------------------------------------------------------------------------------
------------------------------------------------------------------------------------------------------
GET /bridge/info 1ms 200
GET /bridge/167/gr882_p4/websocket 0ms (unfinished)
------------------------------------------------------------------------------------------------------
GET /bridge/262/rf74vtug/websocket 0ms (unfinished)
------------------------------------------------------------------------------------------------------
------------------------------------------------------------------------------------------------------
GET /bridge/info 2ms 200
GET /bridge/info 0ms 200
------------------------------------------------------------------------------------------------------
GET /bridge/748/44rn0zxe/websocket 2ms (unfinished)
------------------------------------------------------------------------------------------------------
GET /bridge/304/6lg_xp2q/websocket 1ms (unfinished)
------------------------------------------------------------------------------------------------------
GET /bridge/info 0ms 200
------------------------------------------------------------------------------------------------------
GET /bridge/info 1ms 200
------------------------------------------------------------------------------------------------------
GET /bridge/535/yohg7w8d/websocket 0ms (unfinished)
------------------------------------------------------------------------------------------------------
GET /bridge/819/xz8qb9yz/websocket 1ms (unfinished)
------------------------------------------------------------------------------------------------------
GET /bridge/info 0ms 200
------------------------------------------------------------------------------------------------------
GET /bridge/info 0ms 200
------------------------------------------------------------------------------------------------------
GET /bridge/492/p27ocswe/websocket 1ms (unfinished)
------------------------------------------------------------------------------------------------------
------------------------------------------------------------------------------------------------------
GET /bridge/112/u3lxa_r8/websocket 0ms (unfinished)
GET /bridge/info 0ms 200
------------------------------------------------------------------------------------------------------
GET /bridge/info 0ms 200
------------------------------------------------------------------------------------------------------
GET /bridge/209/ibawjn38/websocket 1ms (unfinished)
------------------------------------------------------------------------------------------------------
GET /bridge/324/9o9orb6v/websocket 1ms (unfinished)
------------------------------------------------------------------------------------------------------
------------------------------------------------------------------------------------------------------
GET /bridge/info 0ms 200
GET /bridge/info 1ms 200
------------------------------------------------------------------------------------------------------
GET /bridge/974/5kotq_yn/websocket 0ms (unfinished)
------------------------------------------------------------------------------------------------------
GET /bridge/767/8l2dcjt5/websocket 1ms (unfinished)
------------------------------------------------------------------------------------------------------
GET /bridge/info 1ms 200
------------------------------------------------------------------------------------------------------
GET /bridge/info 0ms 200
------------------------------------------------------------------------------------------------------
GET /bridge/831/hzqg_li7/websocket 2ms (unfinished)
------------------------------------------------------------------------------------------------------
GET /bridge/424/kw5372wr/websocket 0ms (unfinished)
------------------------------------------------------------------------------------------------------
GET /bridge/info 0ms 200
------------------------------------------------------------------------------------------------------
GET /bridge/info 1ms 200
------------------------------------------------------------------------------------------------------
GET /bridge/419/zr_kyl2m/websocket 0ms (unfinished)
------------------------------------------------------------------------------------------------------
GET /bridge/823/7623t48f/websocket 0ms (unfinished)
------------------------------------------------------------------------------------------------------
GET /bridge/info 1ms 200
------------------------------------------------------------------------------------------------------
GET /bridge/info 0ms 200
------------------------------------------------------------------------------------------------------
GET /bridge/088/pe0h9ecj/websocket 2ms (unfinished)
------------------------------------------------------------------------------------------------------
------------------------------------------------------------------------------------------------------
GET /bridge/972/elw4y21z/websocket 1ms (unfinished)
------------------------------------------------------------------------------------------------------
GET /bridge/info 1ms 200
GET /bridge/info 0ms 200
------------------------------------------------------------------------------------------------------
GET /bridge/832/1cs_j7jd/websocket 0ms (unfinished)
------------------------------------------------------------------------------------------------------
GET /bridge/821/xqgumbrt/websocket 0ms (unfinished)
------------------------------------------------------------------------------------------------------
GET /bridge/info 2ms 200
------------------------------------------------------------------------------------------------------
------------------------------------------------------------------------------------------------------
GET /bridge/info 1ms 200
GET /bridge/251/5y7ojo1q/websocket 2ms (unfinished)
------------------------------------------------------------------------------------------------------
GET /bridge/607/pocqk565/websocket 0ms (unfinished)
------------------------------------------------------------------------------------------------------
GET /bridge/info 1ms 200
------------------------------------------------------------------------------------------------------
------------------------------------------------------------------------------------------------------
GET /bridge/info 0ms 200
GET /bridge/247/0i9i3lw_/websocket 0ms (unfinished)
------------------------------------------------------------------------------------------------------
------------------------------------------------------------------------------------------------------
GET /bridge/143/7ju0a36f/websocket 1ms (unfinished)
GET /bridge/info 1ms 200
------------------------------------------------------------------------------------------------------
------------------------------------------------------------------------------------------------------
GET /bridge/info 0ms 200
GET /bridge/598/4pvzoeaa/websocket 1ms (unfinished)
------------------------------------------------------------------------------------------------------
------------------------------------------------------------------------------------------------------
GET /bridge/157/dts0iyzf/websocket 0ms (unfinished)
------------------------------------------------------------------------------------------------------
GET /bridge/info 1ms 200
GET /bridge/info 0ms 200
------------------------------------------------------------------------------------------------------
------------------------------------------------------------------------------------------------------
GET /bridge/175/hjdrcwij/websocket 0ms (unfinished)
GET /bridge/702/djv00cnh/websocket 0ms (unfinished)
------------------------------------------------------------------------------------------------------
GET /bridge/info 2ms 200
------------------------------------------------------------------------------------------------------
GET /bridge/info 1ms 200
------------------------------------------------------------------------------------------------------
GET /bridge/928/9xxz4idg/websocket 3ms (unfinished)
------------------------------------------------------------------------------------------------------
GET /bridge/408/b2_7vx2b/websocket 0ms (unfinished)
------------------------------------------------------------------------------------------------------
GET /bridge/info 2ms 200
------------------------------------------------------------------------------------------------------
------------------------------------------------------------------------------------------------------
GET /bridge/info 0ms 200
GET /bridge/386/jf6e4f0a/websocket 2ms (unfinished)
------------------------------------------------------------------------------------------------------
GET /bridge/576/yt0qbbvm/websocket 1ms (unfinished)
------------------------------------------------------------------------------------------------------
------------------------------------------------------------------------------------------------------
GET /bridge/info 1ms 200
GET /bridge/info 0ms 200
------------------------------------------------------------------------------------------------------
GET /bridge/099/09nqvdvk/websocket 2ms (unfinished)
------------------------------------------------------------------------------------------------------
GET /bridge/872/0alk79ro/websocket 0ms (unfinished)
------------------------------------------------------------------------------------------------------
------------------------------------------------------------------------------------------------------
GET /bridge/info 0ms 200
GET /bridge/info 1ms 200
------------------------------------------------------------------------------------------------------
GET /bridge/235/3yg7ruzo/websocket 0ms (unfinished)
------------------------------------------------------------------------------------------------------
GET /bridge/788/6ps2jl60/websocket 0ms (unfinished)
------------------------------------------------------------------------------------------------------
GET /bridge/info 1ms 200
------------------------------------------------------------------------------------------------------
GET /bridge/466/2cb2_mde/websocket 2ms (unfinished)
------------------------------------------------------------------------------------------------------
------------------------------------------------------------------------------------------------------
GET /bridge/info 1ms 200
------------------------------------------------------------------------------------------------------
GET /bridge/766/q2c7fuhl/websocket 0ms (unfinished)
GET /bridge/info 0ms 200
------------------------------------------------------------------------------------------------------
GET /bridge/info 0ms 200
------------------------------------------------------------------------------------------------------
GET /bridge/374/tq_6pkp5/websocket 1ms (unfinished)
------------------------------------------------------------------------------------------------------
GET /bridge/856/rsc0v8cn/websocket 0ms (unfinished)
------------------------------------------------------------------------------------------------------
------------------------------------------------------------------------------------------------------
GET /bridge/info 2ms 200
------------------------------------------------------------------------------------------------------
GET /bridge/info 1ms 200
GET /bridge/045/_12s57px/websocket 3ms (unfinished)
------------------------------------------------------------------------------------------------------
GET /bridge/146/5y34e9x6/websocket 1ms (unfinished)
------------------------------------------------------------------------------------------------------
------------------------------------------------------------------------------------------------------
GET /bridge/info 1ms 200
GET /bridge/info 0ms 200
------------------------------------------------------------------------------------------------------
------------------------------------------------------------------------------------------------------
GET /bridge/890/oh6e1pxb/websocket 0ms (unfinished)
GET /bridge/736/zlhcd3cj/websocket 0ms (unfinished)
------------------------------------------------------------------------------------------------------
POST /bridge/005/u7s746sh/xhr_send 4ms 204
------------------------------------------------------------------------------------------------------
------------------------------------------------------------------------------------------------------
GET /bridge/info 0ms 200
GET /bridge/info 0ms 200
------------------------------------------------------------------------------------------------------
GET /bridge/262/91zu4wf2/websocket 0ms (unfinished)
------------------------------------------------------------------------------------------------------
GET /bridge/268/medwcwu9/websocket 0ms (unfinished)
------------------------------------------------------------------------------------------------------
------------------------------------------------------------------------------------------------------
POST /bridge/262/2my2ht_z/xhr_streaming 1ms (unfinished)
POST /bridge/262/2my2ht_z/xhr_send 1ms 204
------------------------------------------------------------------------------------------------------
POST /bridge/268/4reow73p/xhr_streaming 0ms (unfinished)
------------------------------------------------------------------------------------------------------
POST /bridge/268/4reow73p/xhr_send 1ms 204
------------------------------------------------------------------------------------------------------
GET /bridge/info 0ms 200
------------------------------------------------------------------------------------------------------
GET /bridge/info 0ms 200
------------------------------------------------------------------------------------------------------
------------------------------------------------------------------------------------------------------
GET /bridge/416/63wcq_1s/websocket 1ms (unfinished)
GET /bridge/599/tl4yfgfj/websocket 0ms (unfinished)
------------------------------------------------------------------------------------------------------
POST /bridge/416/xbch3n2a/xhr_streaming 1ms (unfinished)
------------------------------------------------------------------------------------------------------
------------------------------------------------------------------------------------------------------
POST /bridge/416/xbch3n2a/xhr_send 1ms 204
POST /bridge/599/jsy1ty9q/xhr_streaming 1ms (unfinished)
------------------------------------------------------------------------------------------------------
POST /bridge/599/jsy1ty9q/xhr_send 1ms 204
------------------------------------------------------------------------------------------------------
------------------------------------------------------------------------------------------------------
GET /bridge/info 1ms 200
GET /bridge/info 0ms 200
------------------------------------------------------------------------------------------------------
GET /bridge/157/4xcn2kz4/websocket 1ms (unfinished)
------------------------------------------------------------------------------------------------------
GET /bridge/378/p35ba15g/websocket 0ms (unfinished)
------------------------------------------------------------------------------------------------------
------------------------------------------------------------------------------------------------------
POST /bridge/157/4oq1czx0/xhr_streaming 1ms (unfinished)
POST /bridge/157/4oq1czx0/xhr_send 1ms 204
------------------------------------------------------------------------------------------------------
POST /bridge/378/wbke9nvl/xhr_streaming 0ms (unfinished)
------------------------------------------------------------------------------------------------------
POST /bridge/378/wbke9nvl/xhr_send 1ms 204
------------------------------------------------------------------------------------------------------
GET /bridge/info 0ms 200
------------------------------------------------------------------------------------------------------
GET /bridge/info 1ms 200
------------------------------------------------------------------------------------------------------
------------------------------------------------------------------------------------------------------
GET /bridge/107/l_0evoll/websocket 0ms (unfinished)
------------------------------------------------------------------------------------------------------
GET /bridge/633/xcb8h1x3/websocket 0ms (unfinished)
POST /bridge/107/83mwrluk/xhr_streaming 1ms (unfinished)
------------------------------------------------------------------------------------------------------
------------------------------------------------------------------------------------------------------
POST /bridge/107/83mwrluk/xhr_send 1ms 204
POST /bridge/633/9zzh337o/xhr_streaming 1ms (unfinished)
------------------------------------------------------------------------------------------------------
GET /bridge/info 0ms 200
------------------------------------------------------------------------------------------------------
GET /bridge/info 1ms 200
------------------------------------------------------------------------------------------------------
GET /bridge/222/0o0kuc7m/websocket 0ms (unfinished)
------------------------------------------------------------------------------------------------------
------------------------------------------------------------------------------------------------------
GET /bridge/884/2oi5m1l0/websocket 0ms (unfinished)
------------------------------------------------------------------------------------------------------
GET /bridge/info 0ms 200
------------------------------------------------------------------------------------------------------
GET /bridge/info 1ms 200
------------------------------------------------------------------------------------------------------
GET /bridge/380/7qpo6blr/websocket 0ms (unfinished)
GET /bridge/457/tq92x2qh/websocket 0ms (unfinished)
------------------------------------------------------------------------------------------------------
GET /bridge/info 1ms 200
------------------------------------------------------------------------------------------------------
GET /bridge/info 1ms 200
------------------------------------------------------------------------------------------------------
GET /bridge/238/nee29rjo/websocket 0ms (unfinished)
------------------------------------------------------------------------------------------------------
GET /bridge/262/dk5rca3w/websocket 0ms (unfinished)
------------------------------------------------------------------------------------------------------
GET /bridge/info 0ms 200
------------------------------------------------------------------------------------------------------
GET /bridge/info 0ms 200
------------------------------------------------------------------------------------------------------
------------------------------------------------------------------------------------------------------
GET /bridge/256/6l8xhv5f/websocket 0ms (unfinished)
GET /bridge/906/ub4rzcks/websocket 0ms (unfinished)
------------------------------------------------------------------------------------------------------
POST /bridge/256/mgl1ov9h/xhr_streaming 0ms (unfinished)
------------------------------------------------------------------------------------------------------
POST /bridge/906/hs0ebtir/xhr_streaming 1ms (unfinished)
------------------------------------------------------------------------------------------------------
POST /bridge/906/hs0ebtir/xhr_send 1ms 204
------------------------------------------------------------------------------------------------------
------------------------------------------------------------------------------------------------------
POST /bridge/256/mgl1ov9h/xhr_send 1ms 204
POST /bridge/987/7zlh5ib3/xhr 1ms 200
------------------------------------------------------------------------------------------------------
GET /bridge/info 0ms 200
------------------------------------------------------------------------------------------------------
------------------------------------------------------------------------------------------------------
GET /bridge/info 0ms 200
GET /bridge/721/prg48wjo/websocket 1ms (unfinished)
------------------------------------------------------------------------------------------------------
POST /bridge/035/c1xz8tzc/xhr_streaming 1ms (unfinished)
------------------------------------------------------------------------------------------------------
POST /bridge/035/c1xz8tzc/xhr_send 2ms 204
------------------------------------------------------------------------------------------------------
POST /bridge/721/_7t_z4dk/xhr_streaming 1ms (unfinished)
------------------------------------------------------------------------------------------------------
POST /bridge/721/_7t_z4dk/xhr_send 1ms 204
------------------------------------------------------------------------------------------------------
------------------------------------------------------------------------------------------------------
GET /bridge/info 0ms 200
------------------------------------------------------------------------------------------------------
GET /bridge/info 0ms 200
------------------------------------------------------------------------------------------------------
GET /bridge/197/0kyxtcab/websocket 0ms (unfinished)
------------------------------------------------------------------------------------------------------
GET /bridge/707/xbp8l_0c/websocket 0ms (unfinished)
POST /bridge/197/dc2vwtfc/xhr_streaming 1ms (unfinished)
------------------------------------------------------------------------------------------------------
------------------------------------------------------------------------------------------------------
POST /bridge/197/dc2vwtfc/xhr_send 1ms 204
POST /bridge/707/k8_2dlpx/xhr_streaming 1ms (unfinished)
------------------------------------------------------------------------------------------------------
------------------------------------------------------------------------------------------------------
POST /bridge/707/k8_2dlpx/xhr_send 1ms 204
------------------------------------------------------------------------------------------------------
GET /bridge/info 2ms 200
GET /bridge/info 1ms 200
------------------------------------------------------------------------------------------------------
GET /bridge/384/kyyl7orm/websocket 3ms (unfinished)
------------------------------------------------------------------------------------------------------
------------------------------------------------------------------------------------------------------
GET /bridge/859/p9_uwsxc/websocket 1ms (unfinished)
POST /bridge/384/8aocyn0n/xhr_streaming 1ms (unfinished)
------------------------------------------------------------------------------------------------------
POST /bridge/384/8aocyn0n/xhr_send 5ms 204
------------------------------------------------------------------------------------------------------
------------------------------------------------------------------------------------------------------
POST /bridge/859/vxwniz6l/xhr_streaming 1ms (unfinished)
------------------------------------------------------------------------------------------------------
POST /bridge/859/vxwniz6l/xhr_send 1ms 204
GET /bridge/info 1ms 200
------------------------------------------------------------------------------------------------------
GET /bridge/info 0ms 200
------------------------------------------------------------------------------------------------------
------------------------------------------------------------------------------------------------------
GET /bridge/249/d5o3pvpw/websocket 2ms (unfinished)
------------------------------------------------------------------------------------------------------
GET /bridge/205/a5r655vx/websocket 0ms (unfinished)
POST /bridge/249/yy5nehbd/xhr_streaming 1ms (unfinished)
------------------------------------------------------------------------------------------------------
POST /bridge/249/yy5nehbd/xhr_send 3ms 204
------------------------------------------------------------------------------------------------------
POST /bridge/205/99bk5s07/xhr_streaming 0ms (unfinished)
------------------------------------------------------------------------------------------------------
POST /bridge/205/99bk5s07/xhr_send 1ms 204
------------------------------------------------------------------------------------------------------
GET /bridge/info 1ms 200
------------------------------------------------------------------------------------------------------
GET /bridge/info 1ms 200
------------------------------------------------------------------------------------------------------
GET /bridge/612/o66i7iys/websocket 0ms (unfinished)
------------------------------------------------------------------------------------------------------
GET /bridge/079/33on8ibs/websocket 0ms (unfinished)
------------------------------------------------------------------------------------------------------
POST /bridge/612/bvw7k56r/xhr_streaming 0ms (unfinished)
------------------------------------------------------------------------------------------------------
POST /bridge/079/4o_ntw3m/xhr_streaming 1ms (unfinished)
------------------------------------------------------------------------------------------------------
POST /bridge/612/bvw7k56r/xhr_send 1ms 204
------------------------------------------------------------------------------------------------------
POST /bridge/079/4o_ntw3m/xhr_send 1ms 204
------------------------------------------------------------------------------------------------------
GET /bridge/info 0ms 200
------------------------------------------------------------------------------------------------------
------------------------------------------------------------------------------------------------------
GET /bridge/info 0ms 200
GET /bridge/592/vz92sl53/websocket 0ms (unfinished)
------------------------------------------------------------------------------------------------------
------------------------------------------------------------------------------------------------------
GET /bridge/843/gq3_cdk2/websocket 0ms (unfinished)
POST /bridge/592/6ghaq1rg/xhr_streaming 0ms (unfinished)
------------------------------------------------------------------------------------------------------
POST /bridge/592/6ghaq1rg/xhr_send 1ms 204
------------------------------------------------------------------------------------------------------
POST /bridge/843/g299gx_o/xhr_streaming 0ms (unfinished)
------------------------------------------------------------------------------------------------------
POST /bridge/843/g299gx_o/xhr_send 1ms 204
------------------------------------------------------------------------------------------------------
GET /bridge/info 0ms 200
------------------------------------------------------------------------------------------------------
GET /bridge/info 1ms 200
------------------------------------------------------------------------------------------------------
------------------------------------------------------------------------------------------------------
GET /bridge/734/qt6z52a0/websocket 0ms (unfinished)
GET /bridge/604/f7uiwbmh/websocket 0ms (unfinished)
------------------------------------------------------------------------------------------------------
POST /bridge/734/rirc94kf/xhr_streaming 0ms (unfinished)
------------------------------------------------------------------------------------------------------
------------------------------------------------------------------------------------------------------
POST /bridge/734/rirc94kf/xhr_send 1ms 204
POST /bridge/604/s6pz2hg2/xhr_streaming 1ms (unfinished)
------------------------------------------------------------------------------------------------------
GET /bridge/info 0ms 200
------------------------------------------------------------------------------------------------------
------------------------------------------------------------------------------------------------------
GET /bridge/773/edhc64x_/websocket 0ms (unfinished)
GET /bridge/info 0ms 200
------------------------------------------------------------------------------------------------------
------------------------------------------------------------------------------------------------------
GET /bridge/099/zgq6dars/websocket 0ms (unfinished)
------------------------------------------------------------------------------------------------------
GET /bridge/info 0ms 200
------------------------------------------------------------------------------------------------------
GET /bridge/info 1ms 200
GET /bridge/546/l1ykmen_/websocket 0ms (unfinished)
------------------------------------------------------------------------------------------------------
GET /bridge/387/y97kxlyc/websocket 0ms (unfinished)
------------------------------------------------------------------------------------------------------
GET /bridge/info 1ms 200
------------------------------------------------------------------------------------------------------
GET /bridge/info 0ms 200
------------------------------------------------------------------------------------------------------
------------------------------------------------------------------------------------------------------
GET /bridge/338/s5pt__61/websocket 1ms (unfinished)
------------------------------------------------------------------------------------------------------
GET /bridge/600/vu4p_xes/websocket 0ms (unfinished)
------------------------------------------------------------------------------------------------------
POST /bridge/338/bocgyvju/xhr_streaming 1ms (unfinished)
------------------------------------------------------------------------------------------------------
POST /bridge/338/bocgyvju/xhr_send 2ms 204
POST /bridge/600/uw8ls365/xhr_streaming 1ms (unfinished)
------------------------------------------------------------------------------------------------------
------------------------------------------------------------------------------------------------------
POST /bridge/600/uw8ls365/xhr_send 1ms 204
GET /bridge/info 1ms 200
------------------------------------------------------------------------------------------------------
GET /bridge/info 0ms 200
------------------------------------------------------------------------------------------------------
------------------------------------------------------------------------------------------------------
GET /bridge/085/1ymvw8h8/websocket 1ms (unfinished)
GET /bridge/103/c7f9500d/websocket 0ms (unfinished)
------------------------------------------------------------------------------------------------------
------------------------------------------------------------------------------------------------------
GET /bridge/info 2ms 200
GET /bridge/info 0ms 200
------------------------------------------------------------------------------------------------------
GET /bridge/562/xnwb72yi/websocket 3ms (unfinished)
------------------------------------------------------------------------------------------------------
------------------------------------------------------------------------------------------------------
GET /bridge/927/0380ta4a/websocket 0ms (unfinished)
GET /bridge/info 1ms 200
------------------------------------------------------------------------------------------------------
GET /bridge/info 0ms 200
------------------------------------------------------------------------------------------------------
GET /bridge/887/gdi10d_d/websocket 1ms (unfinished)
------------------------------------------------------------------------------------------------------
GET /bridge/906/5rh6ub86/websocket 0ms (unfinished)
------------------------------------------------------------------------------------------------------
GET /bridge/info 0ms 200
------------------------------------------------------------------------------------------------------
GET /bridge/info 1ms 200
------------------------------------------------------------------------------------------------------
GET /bridge/994/xauo_8nw/websocket 0ms (unfinished)
------------------------------------------------------------------------------------------------------
GET /bridge/138/fq17ypfg/websocket 0ms (unfinished)
------------------------------------------------------------------------------------------------------
------------------------------------------------------------------------------------------------------
GET /bridge/info 0ms 200
GET /bridge/info 1ms 200
------------------------------------------------------------------------------------------------------
GET /bridge/082/d4gy2z6c/websocket 0ms (unfinished)
------------------------------------------------------------------------------------------------------
------------------------------------------------------------------------------------------------------
GET /bridge/270/0rn0wpck/websocket 0ms (unfinished)
POST /bridge/082/efzdytx4/xhr_streaming 1ms (unfinished)
------------------------------------------------------------------------------------------------------
POST /bridge/082/efzdytx4/xhr_send 3ms 204
------------------------------------------------------------------------------------------------------
POST /bridge/270/h4j8ovwa/xhr_streaming 0ms (unfinished)
------------------------------------------------------------------------------------------------------
POST /bridge/270/h4j8ovwa/xhr_send 1ms 204
------------------------------------------------------------------------------------------------------
GET /bridge/info 0ms 200
------------------------------------------------------------------------------------------------------
GET /bridge/298/4kvv6ae9/websocket 0ms (unfinished)
------------------------------------------------------------------------------------------------------
GET /bridge/info 1ms 200
------------------------------------------------------------------------------------------------------
------------------------------------------------------------------------------------------------------
GET /bridge/779/6nctqtb8/websocket 0ms (unfinished)
GET /bridge/info 0ms 200
------------------------------------------------------------------------------------------------------
GET /bridge/info 1ms 200
------------------------------------------------------------------------------------------------------
GET /bridge/919/dn95q7jm/websocket 0ms (unfinished)
------------------------------------------------------------------------------------------------------
GET /bridge/889/a510tl96/websocket 0ms (unfinished)
------------------------------------------------------------------------------------------------------
GET /bridge/info 0ms 200
------------------------------------------------------------------------------------------------------
------------------------------------------------------------------------------------------------------
GET /bridge/info 1ms 200
GET /bridge/012/p12sp9ax/websocket 0ms (unfinished)
------------------------------------------------------------------------------------------------------
GET /bridge/722/q07ckvtf/websocket 0ms (unfinished)
------------------------------------------------------------------------------------------------------
POST /bridge/012/565zficz/xhr_streaming 1ms (unfinished)
------------------------------------------------------------------------------------------------------
POST /bridge/012/565zficz/xhr_send 1ms 204
------------------------------------------------------------------------------------------------------
------------------------------------------------------------------------------------------------------
POST /bridge/722/lopfu4f3/xhr_streaming 0ms (unfinished)
GET /bridge/info 1ms 200
------------------------------------------------------------------------------------------------------
------------------------------------------------------------------------------------------------------
GET /bridge/info 0ms 200
GET /bridge/692/s7q3o5gz/websocket 0ms (unfinished)
------------------------------------------------------------------------------------------------------
GET /bridge/792/2nmh9p_h/websocket 0ms (unfinished)
------------------------------------------------------------------------------------------------------
------------------------------------------------------------------------------------------------------
21,01,2022,09,00
21,01,2022,09,00
------------------------------------------------------------------------------------------------------
21,01,2022,14,00
------------------------------------------------------------------------------------------------------
------------------------------------------------------------------------------------------------------
21,01,2022,09,00
21,01,2022,14,00
------------------------------------------------------------------------------------------------------
21,01,2022,23,00
------------------------------------------------------------------------------------------------------
21,01,2022,00,00
------------------------------------------------------------------------------------------------------
21,01,2022,23,00
------------------------------------------------------------------------------------------------------
------------------------------------------------------------------------------------------------------
GET /bridge/info 1ms 200
GET /bridge/info 1ms 200
------------------------------------------------------------------------------------------------------
GET /bridge/846/5u09jilf/websocket 0ms (unfinished)
------------------------------------------------------------------------------------------------------
------------------------------------------------------------------------------------------------------
GET /bridge/192/vfyiw7gy/websocket 0ms (unfinished)
POST /bridge/846/w1n5vmzd/xhr_streaming 1ms (unfinished)
------------------------------------------------------------------------------------------------------
POST /bridge/192/nkb93uae/xhr_streaming 1ms (unfinished)
------------------------------------------------------------------------------------------------------
POST /bridge/846/w1n5vmzd/xhr_send 1ms 204
------------------------------------------------------------------------------------------------------
POST /bridge/192/nkb93uae/xhr_send 1ms 204
------------------------------------------------------------------------------------------------------
------------------------------------------------------------------------------------------------------
21,01,2022,09,00
21,01,2022,09,00
------------------------------------------------------------------------------------------------------
GET /bridge/info 0ms 200
------------------------------------------------------------------------------------------------------
GET /bridge/info 0ms 200
------------------------------------------------------------------------------------------------------
------------------------------------------------------------------------------------------------------
GET /bridge/047/qc4eswb2/websocket 0ms (unfinished)
GET /bridge/467/nbwi51z5/websocket 0ms (unfinished)
------------------------------------------------------------------------------------------------------
POST /bridge/047/kmdt93_3/xhr_streaming 1ms (unfinished)
------------------------------------------------------------------------------------------------------
POST /bridge/047/kmdt93_3/xhr_send 1ms 204
------------------------------------------------------------------------------------------------------
POST /bridge/467/fsmw7_0c/xhr_streaming 0ms (unfinished)
------------------------------------------------------------------------------------------------------
------------------------------------------------------------------------------------------------------
POST /bridge/467/fsmw7_0c/xhr_send 1ms 204
21,01,2022,09,00
------------------------------------------------------------------------------------------------------
21,01,2022,09,00
------------------------------------------------------------------------------------------------------
------------------------------------------------------------------------------------------------------
GET /bridge/info 0ms 200
GET /bridge/info 0ms 200
------------------------------------------------------------------------------------------------------
GET /bridge/055/20ajnlzf/websocket 0ms (unfinished)
------------------------------------------------------------------------------------------------------
GET /bridge/034/f4cz6xhx/websocket 0ms (unfinished)
------------------------------------------------------------------------------------------------------
------------------------------------------------------------------------------------------------------
POST /bridge/055/665ihyda/xhr_streaming 3ms (unfinished)
POST /bridge/034/gd5l7hm0/xhr_streaming 0ms (unfinished)
------------------------------------------------------------------------------------------------------
POST /bridge/034/gd5l7hm0/xhr_send 2ms 204
------------------------------------------------------------------------------------------------------
POST /bridge/055/665ihyda/xhr_send 2ms 204
------------------------------------------------------------------------------------------------------
GET /bridge/info 0ms 200
------------------------------------------------------------------------------------------------------
------------------------------------------------------------------------------------------------------
GET /bridge/info 0ms 200
------------------------------------------------------------------------------------------------------
GET /bridge/808/q8mzj9b_/websocket 0ms (unfinished)
------------------------------------------------------------------------------------------------------
GET /bridge/680/w6lxk5mx/websocket 0ms (unfinished)
GET /bridge/info 0ms 200
------------------------------------------------------------------------------------------------------
GET /bridge/info 0ms 200
------------------------------------------------------------------------------------------------------
------------------------------------------------------------------------------------------------------
GET /bridge/033/8ub5wxtd/websocket 0ms (unfinished)
------------------------------------------------------------------------------------------------------
GET /bridge/032/p90ek7jg/websocket 1ms (unfinished)
GET /bridge/info 0ms 200
------------------------------------------------------------------------------------------------------
GET /bridge/info 1ms 200
------------------------------------------------------------------------------------------------------
GET /bridge/814/9fulayni/websocket 0ms (unfinished)
------------------------------------------------------------------------------------------------------
GET /bridge/881/qbw9ge58/websocket 1ms (unfinished)
------------------------------------------------------------------------------------------------------
GET /bridge/info 1ms 200
------------------------------------------------------------------------------------------------------
GET /bridge/info 0ms 200
------------------------------------------------------------------------------------------------------
GET /bridge/019/iv7blmj0/websocket 1ms (unfinished)
------------------------------------------------------------------------------------------------------
GET /bridge/958/_r6nihs8/websocket 0ms (unfinished)
------------------------------------------------------------------------------------------------------
------------------------------------------------------------------------------------------------------
GET /bridge/info 0ms 200
GET /bridge/info 0ms 200
------------------------------------------------------------------------------------------------------
GET /bridge/217/hbxqvtkx/websocket 0ms (unfinished)
------------------------------------------------------------------------------------------------------
GET /bridge/157/bnomkcoe/websocket 1ms (unfinished)
------------------------------------------------------------------------------------------------------
GET /bridge/info 1ms 200
------------------------------------------------------------------------------------------------------
GET /bridge/info 0ms 200
------------------------------------------------------------------------------------------------------
------------------------------------------------------------------------------------------------------
GET /bridge/562/wdoint34/websocket 3ms (unfinished)
GET /bridge/095/nrxlzqwo/websocket 1ms (unfinished)
------------------------------------------------------------------------------------------------------
GET /bridge/info 0ms 200
------------------------------------------------------------------------------------------------------
------------------------------------------------------------------------------------------------------
GET /bridge/info 0ms 200
GET /bridge/051/cm7t6htb/websocket 0ms (unfinished)
------------------------------------------------------------------------------------------------------
------------------------------------------------------------------------------------------------------
GET /bridge/744/l4jh0t93/websocket 0ms (unfinished)
GET /bridge/info 0ms 200
------------------------------------------------------------------------------------------------------
------------------------------------------------------------------------------------------------------
GET /bridge/info 0ms 200
GET /bridge/160/sg4vnua_/websocket 0ms (unfinished)
------------------------------------------------------------------------------------------------------
GET /bridge/965/bt82po5b/websocket 0ms (unfinished)
------------------------------------------------------------------------------------------------------
GET /bridge/info 2ms 200
------------------------------------------------------------------------------------------------------
------------------------------------------------------------------------------------------------------
GET /bridge/info 1ms 200
GET /bridge/001/0ty1cuoh/websocket 1ms (unfinished)
------------------------------------------------------------------------------------------------------
GET /bridge/774/8xq7gb_q/websocket 1ms (unfinished)
------------------------------------------------------------------------------------------------------
GET /bridge/info 0ms 200
------------------------------------------------------------------------------------------------------
GET /bridge/info 1ms 200
------------------------------------------------------------------------------------------------------
GET /bridge/826/kruc2vqb/websocket 0ms (unfinished)
------------------------------------------------------------------------------------------------------
GET /bridge/367/1bv24j6f/websocket 1ms (unfinished)
------------------------------------------------------------------------------------------------------
POST /bridge/826/skx98sqc/xhr_streaming 1ms (unfinished)
------------------------------------------------------------------------------------------------------
POST /bridge/826/skx98sqc/xhr_send 4ms 204
------------------------------------------------------------------------------------------------------
POST /bridge/367/p30x9dze/xhr_streaming 1ms (unfinished)
------------------------------------------------------------------------------------------------------
GET /bridge/info 1ms 200
------------------------------------------------------------------------------------------------------
------------------------------------------------------------------------------------------------------
GET /bridge/info 0ms 200
------------------------------------------------------------------------------------------------------
GET /bridge/115/cj2puo1x/websocket 0ms (unfinished)
GET /bridge/513/gyxt4aab/websocket 0ms (unfinished)
------------------------------------------------------------------------------------------------------
GET /bridge/info 0ms 200
------------------------------------------------------------------------------------------------------
------------------------------------------------------------------------------------------------------
GET /bridge/info 1ms 200
GET /bridge/857/fpwlxyfs/websocket 0ms (unfinished)
------------------------------------------------------------------------------------------------------
------------------------------------------------------------------------------------------------------
GET /bridge/423/oqrvnju1/websocket 0ms (unfinished)
------------------------------------------------------------------------------------------------------
GET /bridge/info 1ms 200
GET /bridge/info 0ms 200
------------------------------------------------------------------------------------------------------
GET /bridge/560/5ub0315w/websocket 0ms (unfinished)
------------------------------------------------------------------------------------------------------
GET /bridge/info 0ms 200
------------------------------------------------------------------------------------------------------
GET /bridge/info 0ms 200
------------------------------------------------------------------------------------------------------
GET /bridge/562/yff717ic/websocket 0ms (unfinished)
------------------------------------------------------------------------------------------------------
GET /bridge/939/a5okpdi9/websocket 0ms (unfinished)
------------------------------------------------------------------------------------------------------
GET /bridge/info 1ms 200
------------------------------------------------------------------------------------------------------
------------------------------------------------------------------------------------------------------
GET /bridge/info 0ms 200
------------------------------------------------------------------------------------------------------
GET /bridge/892/um1myucb/websocket 3ms (unfinished)
GET /bridge/630/v1c5omw2/websocket 1ms (unfinished)
------------------------------------------------------------------------------------------------------
GET /bridge/info 0ms 200
------------------------------------------------------------------------------------------------------
GET /bridge/info 1ms 200
------------------------------------------------------------------------------------------------------
GET /bridge/904/w46jfs50/websocket 0ms (unfinished)
------------------------------------------------------------------------------------------------------
------------------------------------------------------------------------------------------------------
GET /bridge/893/ji74j72k/websocket 0ms (unfinished)
GET /bridge/info 0ms 200
------------------------------------------------------------------------------------------------------
------------------------------------------------------------------------------------------------------
GET /bridge/info 1ms 200
------------------------------------------------------------------------------------------------------
GET /bridge/867/7vaiq2m7/websocket 0ms (unfinished)
GET /bridge/985/c97n6tvb/websocket 1ms (unfinished)
------------------------------------------------------------------------------------------------------
------------------------------------------------------------------------------------------------------
GET /bridge/info 0ms 200
GET /bridge/info 1ms 200
------------------------------------------------------------------------------------------------------
GET /bridge/378/0tskvehz/websocket 0ms (unfinished)
------------------------------------------------------------------------------------------------------
GET /bridge/066/5ih0ybya/websocket 0ms (unfinished)
------------------------------------------------------------------------------------------------------
GET /bridge/info 1ms 200
------------------------------------------------------------------------------------------------------
GET /bridge/info 0ms 200
------------------------------------------------------------------------------------------------------
GET /bridge/154/t5a5pwly/websocket 0ms (unfinished)
------------------------------------------------------------------------------------------------------
------------------------------------------------------------------------------------------------------
GET /bridge/034/14uinh1v/websocket 1ms (unfinished)
GET /bridge/info 0ms 200
------------------------------------------------------------------------------------------------------
GET /bridge/info 0ms 200
------------------------------------------------------------------------------------------------------
------------------------------------------------------------------------------------------------------
GET /bridge/172/gx4twpp4/websocket 0ms (unfinished)
GET /bridge/810/n7x9x5th/websocket 0ms (unfinished)
------------------------------------------------------------------------------------------------------
GET /bridge/info 0ms 200
------------------------------------------------------------------------------------------------------
GET /bridge/info 1ms 200
------------------------------------------------------------------------------------------------------
GET /bridge/893/akn6ahy4/websocket 0ms (unfinished)
------------------------------------------------------------------------------------------------------
GET /bridge/548/cy8it7x4/websocket 0ms (unfinished)
------------------------------------------------------------------------------------------------------
------------------------------------------------------------------------------------------------------
GET /bridge/info 0ms 200
GET /bridge/info 0ms 200
------------------------------------------------------------------------------------------------------
GET /bridge/801/norduids/websocket 0ms (unfinished)
------------------------------------------------------------------------------------------------------
GET /bridge/018/_i1ykt_m/websocket 0ms (unfinished)
------------------------------------------------------------------------------------------------------
------------------------------------------------------------------------------------------------------
GET /bridge/info 1ms 200
------------------------------------------------------------------------------------------------------
GET /bridge/info 0ms 200
GET /bridge/388/a4uribfu/websocket 0ms (unfinished)
------------------------------------------------------------------------------------------------------
GET /bridge/435/4w5q895w/websocket 0ms (unfinished)
------------------------------------------------------------------------------------------------------
GET /bridge/info 1ms 200
------------------------------------------------------------------------------------------------------
GET /bridge/296/a2ikuqtg/websocket 0ms (unfinished)
------------------------------------------------------------------------------------------------------
GET /bridge/info 0ms 200
------------------------------------------------------------------------------------------------------
GET /bridge/718/msoc8o6t/websocket 0ms (unfinished)
------------------------------------------------------------------------------------------------------
GET /bridge/info 0ms 200
------------------------------------------------------------------------------------------------------
GET /bridge/info 1ms 200
------------------------------------------------------------------------------------------------------
------------------------------------------------------------------------------------------------------
GET /bridge/405/kseui58y/websocket 0ms (unfinished)
------------------------------------------------------------------------------------------------------
GET /bridge/374/0wt_vqtk/websocket 0ms (unfinished)
POST /bridge/722/lopfu4f3/xhr_send 4ms 204
------------------------------------------------------------------------------------------------------
GET /bridge/info 0ms 200
------------------------------------------------------------------------------------------------------
GET /bridge/info 0ms 200
------------------------------------------------------------------------------------------------------
GET /bridge/999/csvoho19/websocket 0ms (unfinished)
------------------------------------------------------------------------------------------------------
------------------------------------------------------------------------------------------------------
GET /bridge/383/lr167s7i/websocket 1ms (unfinished)
21,01,2022,09,00
------------------------------------------------------------------------------------------------------
21,01,2022,09,00
------------------------------------------------------------------------------------------------------
GET /bridge/info 1ms 200
------------------------------------------------------------------------------------------------------
GET /bridge/info 0ms 200
------------------------------------------------------------------------------------------------------
GET /bridge/236/s31hqwz7/websocket 0ms (unfinished)
------------------------------------------------------------------------------------------------------
------------------------------------------------------------------------------------------------------
GET /bridge/090/xs4iubd2/websocket 0ms (unfinished)
------------------------------------------------------------------------------------------------------
POST /bridge/367/p30x9dze/xhr_send 1ms 204
