GET /bridge/info 0ms 200
------------------------------------------------------------------------------------------------------
------------------------------------------------------------------------------------------------------
GET /bridge/info 0ms 200
GET /bridge/499/matu26ew/websocket 1ms (unfinished)
------------------------------------------------------------------------------------------------------
GET /bridge/714/qecrnlgy/websocket 0ms (unfinished)
------------------------------------------------------------------------------------------------------
POST /bridge/499/7p2l_s7l/xhr_streaming 1ms (unfinished)
------------------------------------------------------------------------------------------------------
POST /bridge/499/7p2l_s7l/xhr_send 1ms 204
------------------------------------------------------------------------------------------------------
------------------------------------------------------------------------------------------------------
POST /bridge/714/e_q2ff5n/xhr_streaming 0ms (unfinished)
------------------------------------------------------------------------------------------------------
POST /bridge/714/e_q2ff5n/xhr_send 1ms 204
GET /bridge/info 0ms 200
------------------------------------------------------------------------------------------------------
------------------------------------------------------------------------------------------------------
GET /bridge/info 0ms 200
GET /bridge/920/gpqk_vdl/websocket 0ms (unfinished)
------------------------------------------------------------------------------------------------------
GET /bridge/180/4naiuzik/websocket 0ms (unfinished)
------------------------------------------------------------------------------------------------------
GET /bridge/info 0ms 200
------------------------------------------------------------------------------------------------------
------------------------------------------------------------------------------------------------------
GET /bridge/info 0ms 200
GET /bridge/152/j0oc3ux0/websocket 1ms (unfinished)
------------------------------------------------------------------------------------------------------
GET /bridge/410/ayjt1m7l/websocket 1ms (unfinished)
------------------------------------------------------------------------------------------------------
------------------------------------------------------------------------------------------------------
GET /bridge/info 2ms 200
GET /bridge/info 0ms 200
------------------------------------------------------------------------------------------------------
GET /bridge/774/r6ga_p_0/websocket 0ms (unfinished)
------------------------------------------------------------------------------------------------------
GET /bridge/582/u5a30qzt/websocket 0ms (unfinished)
------------------------------------------------------------------------------------------------------
GET /bridge/info 1ms 200
------------------------------------------------------------------------------------------------------
GET /bridge/info 0ms 200
------------------------------------------------------------------------------------------------------
GET /bridge/690/bf3mlx7b/websocket 0ms (unfinished)
------------------------------------------------------------------------------------------------------
GET /bridge/818/s25nkz16/websocket 0ms (unfinished)
------------------------------------------------------------------------------------------------------
------------------------------------------------------------------------------------------------------
GET /bridge/info 1ms 200
------------------------------------------------------------------------------------------------------
GET /bridge/info 0ms 200
------------------------------------------------------------------------------------------------------
GET /bridge/530/k5yht4ze/websocket 1ms (unfinished)
GET /bridge/090/xhbqz1hy/websocket 0ms (unfinished)
------------------------------------------------------------------------------------------------------
------------------------------------------------------------------------------------------------------
GET /bridge/info 0ms 200
GET /bridge/info 0ms 200
------------------------------------------------------------------------------------------------------
------------------------------------------------------------------------------------------------------
GET /bridge/110/k9bryw6b/websocket 0ms (unfinished)
GET /bridge/429/cxtmgg58/websocket 0ms (unfinished)
------------------------------------------------------------------------------------------------------
POST /bridge/110/a0__92r9/xhr_streaming 0ms (unfinished)
------------------------------------------------------------------------------------------------------
POST /bridge/110/a0__92r9/xhr_send 1ms 204
------------------------------------------------------------------------------------------------------
POST /bridge/429/js8s377n/xhr_streaming 1ms (unfinished)
------------------------------------------------------------------------------------------------------
POST /bridge/429/js8s377n/xhr_send 1ms 204
------------------------------------------------------------------------------------------------------
GET /bridge/info 1ms 200
------------------------------------------------------------------------------------------------------
GET /bridge/info 0ms 200
------------------------------------------------------------------------------------------------------
GET /bridge/440/ecbeexfu/websocket 2ms (unfinished)
------------------------------------------------------------------------------------------------------
GET /bridge/571/5lttt2qx/websocket 0ms (unfinished)
------------------------------------------------------------------------------------------------------
GET /bridge/info 1ms 200
------------------------------------------------------------------------------------------------------
GET /bridge/info 0ms 200
------------------------------------------------------------------------------------------------------
GET /bridge/209/3uvpl9fw/websocket 0ms (unfinished)
------------------------------------------------------------------------------------------------------
GET /bridge/493/xer62p9y/websocket 0ms (unfinished)
------------------------------------------------------------------------------------------------------
POST /bridge/209/mp2kiaf0/xhr_streaming 1ms (unfinished)
------------------------------------------------------------------------------------------------------
POST /bridge/209/mp2kiaf0/xhr_send 3ms 204
------------------------------------------------------------------------------------------------------
POST /bridge/493/_3gvv0bu/xhr_streaming 1ms (unfinished)
------------------------------------------------------------------------------------------------------
GET /bridge/info 0ms 200
------------------------------------------------------------------------------------------------------
GET /bridge/info 0ms 200
------------------------------------------------------------------------------------------------------
GET /bridge/274/ietr83qn/websocket 0ms (unfinished)
------------------------------------------------------------------------------------------------------
GET /bridge/723/oycvffox/websocket 1ms (unfinished)
------------------------------------------------------------------------------------------------------
GET /bridge/info 1ms 200
------------------------------------------------------------------------------------------------------
GET /bridge/info 1ms 200
------------------------------------------------------------------------------------------------------
GET /bridge/767/hexjsjpu/websocket 2ms (unfinished)
------------------------------------------------------------------------------------------------------
GET /bridge/877/085ji7gj/websocket 0ms (unfinished)
------------------------------------------------------------------------------------------------------
GET /bridge/info 0ms 200
------------------------------------------------------------------------------------------------------
GET /bridge/info 1ms 200
------------------------------------------------------------------------------------------------------
GET /bridge/989/1lu62j9c/websocket 1ms (unfinished)
------------------------------------------------------------------------------------------------------
GET /bridge/650/f5ztzai5/websocket 0ms (unfinished)
------------------------------------------------------------------------------------------------------
GET /bridge/info 1ms 200
------------------------------------------------------------------------------------------------------
GET /bridge/info 0ms 200
------------------------------------------------------------------------------------------------------
------------------------------------------------------------------------------------------------------
GET /bridge/861/8all45ls/websocket 3ms (unfinished)
------------------------------------------------------------------------------------------------------
GET /bridge/529/ubyidzyi/websocket 1ms (unfinished)
GET /bridge/info 0ms 200
------------------------------------------------------------------------------------------------------
GET /bridge/info 0ms 200
------------------------------------------------------------------------------------------------------
------------------------------------------------------------------------------------------------------
GET /bridge/137/2mo_yf38/websocket 0ms (unfinished)
GET /bridge/info 1ms 200
------------------------------------------------------------------------------------------------------
GET /bridge/info 0ms 200
------------------------------------------------------------------------------------------------------
GET /bridge/659/t9128hld/websocket 1ms (unfinished)
------------------------------------------------------------------------------------------------------
------------------------------------------------------------------------------------------------------
GET /bridge/501/3asf_90y/websocket 0ms (unfinished)
------------------------------------------------------------------------------------------------------
GET /bridge/info 0ms 200
GET /bridge/info 0ms 200
------------------------------------------------------------------------------------------------------
GET /bridge/132/d79cuv5l/websocket 1ms (unfinished)
------------------------------------------------------------------------------------------------------
------------------------------------------------------------------------------------------------------
GET /bridge/350/xry3j483/websocket 0ms (unfinished)
GET /bridge/info 1ms 200
------------------------------------------------------------------------------------------------------
GET /bridge/info 1ms 200
------------------------------------------------------------------------------------------------------
GET /bridge/427/bjzq2p7v/websocket 0ms (unfinished)
------------------------------------------------------------------------------------------------------
GET /bridge/752/xhizaikx/websocket 0ms (unfinished)
------------------------------------------------------------------------------------------------------
GET /bridge/info 0ms 200
------------------------------------------------------------------------------------------------------
------------------------------------------------------------------------------------------------------
GET /bridge/info 0ms 200
GET /bridge/984/xki3mev2/websocket 0ms (unfinished)
------------------------------------------------------------------------------------------------------
GET /bridge/502/kmshenkl/websocket 0ms (unfinished)
------------------------------------------------------------------------------------------------------
GET /bridge/info 0ms 200
------------------------------------------------------------------------------------------------------
GET /bridge/info 0ms 200
------------------------------------------------------------------------------------------------------
GET /bridge/155/qtmlqrwk/websocket 1ms (unfinished)
------------------------------------------------------------------------------------------------------
GET /bridge/981/cisu6elt/websocket 0ms (unfinished)
------------------------------------------------------------------------------------------------------
GET /bridge/info 0ms 200
------------------------------------------------------------------------------------------------------
GET /bridge/info 1ms 200
------------------------------------------------------------------------------------------------------
GET /bridge/673/__j6pldk/websocket 1ms (unfinished)
------------------------------------------------------------------------------------------------------
GET /bridge/113/3zkrsnsu/websocket 0ms (unfinished)
------------------------------------------------------------------------------------------------------
------------------------------------------------------------------------------------------------------
GET /bridge/info 0ms 200
GET /bridge/info 0ms 200
------------------------------------------------------------------------------------------------------
GET /bridge/272/anvd99kc/websocket 1ms (unfinished)
------------------------------------------------------------------------------------------------------
------------------------------------------------------------------------------------------------------
GET /bridge/414/d_y_f4jm/websocket 1ms (unfinished)
GET /bridge/info 0ms 200
------------------------------------------------------------------------------------------------------
GET /bridge/info 1ms 200
------------------------------------------------------------------------------------------------------
GET /bridge/328/lu657ler/websocket 0ms (unfinished)
------------------------------------------------------------------------------------------------------
POST /bridge/328/40iniw15/xhr_streaming 1ms (unfinished)
------------------------------------------------------------------------------------------------------
POST /bridge/328/40iniw15/xhr_send 3ms 204
------------------------------------------------------------------------------------------------------
------------------------------------------------------------------------------------------------------
POST /bridge/894/rarglsgh/xhr_streaming 1ms (unfinished)
POST /bridge/894/rarglsgh/xhr_send 1ms 204
------------------------------------------------------------------------------------------------------
GET /bridge/info 1ms 200
------------------------------------------------------------------------------------------------------
GET /bridge/info 1ms 200
------------------------------------------------------------------------------------------------------
GET /bridge/989/z59ct8h4/websocket 2ms (unfinished)
------------------------------------------------------------------------------------------------------
GET /bridge/041/7c2j9tzh/websocket 0ms (unfinished)
------------------------------------------------------------------------------------------------------
------------------------------------------------------------------------------------------------------
GET /bridge/info 0ms 200
GET /bridge/info 2ms 200
------------------------------------------------------------------------------------------------------
GET /bridge/485/e8akxq6t/websocket 1ms (unfinished)
------------------------------------------------------------------------------------------------------
------------------------------------------------------------------------------------------------------
GET /bridge/585/gbmu9i63/websocket 0ms (unfinished)
------------------------------------------------------------------------------------------------------
GET /bridge/info 1ms 200
GET /bridge/269/rcd76n6r/websocket 0ms (unfinished)
------------------------------------------------------------------------------------------------------
GET /bridge/info 0ms 200
------------------------------------------------------------------------------------------------------
GET /bridge/632/h7rzkdvq/websocket 0ms (unfinished)
------------------------------------------------------------------------------------------------------
------------------------------------------------------------------------------------------------------
GET /bridge/info 0ms 200
------------------------------------------------------------------------------------------------------
GET /bridge/info 0ms 200
GET /bridge/589/sa_9jzhy/websocket 1ms (unfinished)
------------------------------------------------------------------------------------------------------
GET /bridge/486/5np0592a/websocket 0ms (unfinished)
------------------------------------------------------------------------------------------------------
GET /bridge/info 1ms 200
------------------------------------------------------------------------------------------------------
GET /bridge/info 0ms 200
------------------------------------------------------------------------------------------------------
GET /bridge/841/risg4fvl/websocket 3ms (unfinished)
------------------------------------------------------------------------------------------------------
GET /bridge/325/92cum1ka/websocket 0ms (unfinished)
------------------------------------------------------------------------------------------------------
GET /bridge/info 0ms 200
------------------------------------------------------------------------------------------------------
GET /bridge/info 0ms 200
------------------------------------------------------------------------------------------------------
GET /bridge/467/v1rzja_x/websocket 0ms (unfinished)
------------------------------------------------------------------------------------------------------
GET /bridge/479/ndxsvh7w/websocket 0ms (unfinished)
------------------------------------------------------------------------------------------------------
GET /bridge/info 0ms 200
------------------------------------------------------------------------------------------------------
GET /bridge/info 1ms 200
------------------------------------------------------------------------------------------------------
GET /bridge/097/2xz8yoco/websocket 0ms (unfinished)
------------------------------------------------------------------------------------------------------
GET /bridge/572/o_j8ha23/websocket 1ms (unfinished)
------------------------------------------------------------------------------------------------------
03,01,2022,09,00
------------------------------------------------------------------------------------------------------
------------------------------------------------------------------------------------------------------
04,02,2022,09,00
03,01,2022,09,00
------------------------------------------------------------------------------------------------------
------------------------------------------------------------------------------------------------------
04,02,2022,09,00
------------------------------------------------------------------------------------------------------
03,01,2022,09,00
04,02,2022,09,00
------------------------------------------------------------------------------------------------------
GET /bridge/info 1ms 200
------------------------------------------------------------------------------------------------------
GET /bridge/info 0ms 200
------------------------------------------------------------------------------------------------------
GET /bridge/113/0c3hokmw/websocket 3ms (unfinished)
------------------------------------------------------------------------------------------------------
GET /bridge/812/kujmh5dl/websocket 0ms (unfinished)
------------------------------------------------------------------------------------------------------
GET /bridge/info 1ms 200
------------------------------------------------------------------------------------------------------
GET /bridge/info 0ms 200
------------------------------------------------------------------------------------------------------
GET /bridge/361/yfq1j9so/websocket 1ms (unfinished)
------------------------------------------------------------------------------------------------------
------------------------------------------------------------------------------------------------------
GET /bridge/351/s493jiaw/websocket 0ms (unfinished)
GET /bridge/info 0ms 200
------------------------------------------------------------------------------------------------------
GET /bridge/info 0ms 200
------------------------------------------------------------------------------------------------------
GET /bridge/952/qhizybqg/websocket 2ms (unfinished)
------------------------------------------------------------------------------------------------------
GET /bridge/052/f8_c9g8_/websocket 0ms (unfinished)
------------------------------------------------------------------------------------------------------
POST /bridge/952/76j73g1l/xhr_streaming 1ms (unfinished)
------------------------------------------------------------------------------------------------------
POST /bridge/952/76j73g1l/xhr_send 4ms 204
------------------------------------------------------------------------------------------------------
------------------------------------------------------------------------------------------------------
POST /bridge/052/109m51mt/xhr_streaming 1ms (unfinished)
------------------------------------------------------------------------------------------------------
POST /bridge/052/109m51mt/xhr_send 1ms 204
------------------------------------------------------------------------------------------------------
GET /bridge/info 1ms 200
------------------------------------------------------------------------------------------------------
GET /bridge/info 0ms 200
GET /bridge/099/i0x47h3a/websocket 3ms (unfinished)
------------------------------------------------------------------------------------------------------
GET /bridge/168/a6oq3fa4/websocket 0ms (unfinished)
------------------------------------------------------------------------------------------------------
GET /bridge/info 1ms 200
------------------------------------------------------------------------------------------------------
GET /bridge/info 1ms 200
------------------------------------------------------------------------------------------------------
GET /bridge/086/fecbxzqp/websocket 0ms (unfinished)
------------------------------------------------------------------------------------------------------
GET /bridge/560/3al1p350/websocket 0ms (unfinished)
------------------------------------------------------------------------------------------------------
GET /bridge/info 0ms 200
------------------------------------------------------------------------------------------------------
------------------------------------------------------------------------------------------------------
GET /bridge/info 1ms 200
GET /bridge/154/b28z3to4/websocket 0ms (unfinished)
------------------------------------------------------------------------------------------------------
GET /bridge/845/96n313rm/websocket 1ms (unfinished)
------------------------------------------------------------------------------------------------------
------------------------------------------------------------------------------------------------------
POST /bridge/860/1gjcahm4/xhr_send 4ms 204
GET /bridge/info 2ms 200
------------------------------------------------------------------------------------------------------
GET /bridge/info 1ms 200
------------------------------------------------------------------------------------------------------
------------------------------------------------------------------------------------------------------
GET /bridge/873/512shn0x/websocket 2ms (unfinished)
GET /bridge/248/h7684zmf/websocket 0ms (unfinished)
------------------------------------------------------------------------------------------------------
POST /bridge/873/5nx9gzto/xhr_streaming 1ms (unfinished)
------------------------------------------------------------------------------------------------------
POST /bridge/873/5nx9gzto/xhr_send 1ms 204
------------------------------------------------------------------------------------------------------
POST /bridge/248/pkaj89dh/xhr_streaming 0ms (unfinished)
------------------------------------------------------------------------------------------------------
POST /bridge/248/pkaj89dh/xhr_send 1ms 204
------------------------------------------------------------------------------------------------------
------------------------------------------------------------------------------------------------------
GET /bridge/info 1ms 200
------------------------------------------------------------------------------------------------------
GET /bridge/info 0ms 200
GET /bridge/629/ym7peajm/websocket 2ms (unfinished)
------------------------------------------------------------------------------------------------------
------------------------------------------------------------------------------------------------------
GET /bridge/940/n_hiv7v8/websocket 0ms (unfinished)
POST /bridge/629/dwxmps6s/xhr_streaming 1ms (unfinished)
------------------------------------------------------------------------------------------------------
POST /bridge/629/dwxmps6s/xhr_send 3ms 204
------------------------------------------------------------------------------------------------------
POST /bridge/940/er1wi1m3/xhr_streaming 0ms (unfinished)
------------------------------------------------------------------------------------------------------
POST /bridge/940/er1wi1m3/xhr_send 1ms 204
------------------------------------------------------------------------------------------------------
GET /bridge/info 1ms 200
------------------------------------------------------------------------------------------------------
GET /bridge/info 0ms 200
------------------------------------------------------------------------------------------------------
GET /bridge/620/sj5kaccy/websocket 2ms (unfinished)
------------------------------------------------------------------------------------------------------
GET /bridge/383/jcjcjzii/websocket 0ms (unfinished)
------------------------------------------------------------------------------------------------------
GET /bridge/info 1ms 200
------------------------------------------------------------------------------------------------------
------------------------------------------------------------------------------------------------------
GET /bridge/info 0ms 200
------------------------------------------------------------------------------------------------------
GET /bridge/371/u4egj3zt/websocket 3ms (unfinished)
GET /bridge/077/4sgu25v3/websocket 0ms (unfinished)
------------------------------------------------------------------------------------------------------
------------------------------------------------------------------------------------------------------
POST /bridge/371/xeo4ohoy/xhr_streaming 1ms (unfinished)
------------------------------------------------------------------------------------------------------
POST /bridge/371/xeo4ohoy/xhr_send 4ms 204
POST /bridge/077/er5cr9y8/xhr_streaming 1ms (unfinished)
------------------------------------------------------------------------------------------------------
GET /bridge/info 1ms 200
------------------------------------------------------------------------------------------------------
GET /bridge/info 0ms 200
------------------------------------------------------------------------------------------------------
------------------------------------------------------------------------------------------------------
GET /bridge/513/_81pu7pi/websocket 2ms (unfinished)
GET /bridge/121/hjj_m09c/websocket 1ms (unfinished)
------------------------------------------------------------------------------------------------------
GET /bridge/info 1ms 200
------------------------------------------------------------------------------------------------------
------------------------------------------------------------------------------------------------------
GET /bridge/info 1ms 200
GET /bridge/913/aa2_m9l7/websocket 2ms (unfinished)
------------------------------------------------------------------------------------------------------
------------------------------------------------------------------------------------------------------
GET /bridge/488/z8v7vehm/websocket 0ms (unfinished)
GET /bridge/info 1ms 200
------------------------------------------------------------------------------------------------------
GET /bridge/info 1ms 200
------------------------------------------------------------------------------------------------------
------------------------------------------------------------------------------------------------------
GET /bridge/215/ejec0ope/websocket 4ms (unfinished)
GET /bridge/823/dd4wa8ui/websocket 0ms (unfinished)
------------------------------------------------------------------------------------------------------
POST /bridge/215/ey85hagu/xhr_streaming 2ms (unfinished)
------------------------------------------------------------------------------------------------------
POST /bridge/215/ey85hagu/xhr_send 5ms 204
------------------------------------------------------------------------------------------------------
------------------------------------------------------------------------------------------------------
POST /bridge/823/bp_ntyat/xhr_streaming 0ms (unfinished)
POST /bridge/823/bp_ntyat/xhr_send 1ms 204
------------------------------------------------------------------------------------------------------
GET /bridge/info 1ms 200
------------------------------------------------------------------------------------------------------
GET /bridge/info 1ms 200
------------------------------------------------------------------------------------------------------
GET /bridge/313/v4hozuxa/websocket 1ms (unfinished)
------------------------------------------------------------------------------------------------------
------------------------------------------------------------------------------------------------------
GET /bridge/721/ke6au1zv/websocket 1ms (unfinished)
POST /bridge/313/423gv67a/xhr_streaming 0ms (unfinished)
------------------------------------------------------------------------------------------------------
POST /bridge/721/472a5qzj/xhr_streaming 1ms (unfinished)
------------------------------------------------------------------------------------------------------
------------------------------------------------------------------------------------------------------
GET /bridge/info 0ms 200
GET /bridge/info 1ms 200
------------------------------------------------------------------------------------------------------
------------------------------------------------------------------------------------------------------
GET /bridge/466/ob314kvd/websocket 0ms (unfinished)
------------------------------------------------------------------------------------------------------
GET /bridge/721/acczjlw8/websocket 1ms (unfinished)
POST /bridge/466/kt_0lmx9/xhr_streaming 1ms (unfinished)
------------------------------------------------------------------------------------------------------
------------------------------------------------------------------------------------------------------
POST /bridge/466/kt_0lmx9/xhr_send 4ms 204
------------------------------------------------------------------------------------------------------
POST /bridge/721/d2qaoy8d/xhr_streaming 1ms (unfinished)
POST /bridge/721/d2qaoy8d/xhr_send 1ms 204
------------------------------------------------------------------------------------------------------
GET /bridge/info 0ms 200
------------------------------------------------------------------------------------------------------
GET /bridge/info 0ms 200
------------------------------------------------------------------------------------------------------
------------------------------------------------------------------------------------------------------
GET /bridge/167/3ybgzvaf/websocket 0ms (unfinished)
GET /bridge/269/7dns53pk/websocket 0ms (unfinished)
------------------------------------------------------------------------------------------------------
GET /bridge/info 1ms 200
------------------------------------------------------------------------------------------------------
GET /bridge/info 0ms 200
------------------------------------------------------------------------------------------------------
------------------------------------------------------------------------------------------------------
GET /bridge/575/jztyfztg/websocket 1ms (unfinished)
------------------------------------------------------------------------------------------------------
GET /bridge/315/ki0fvxzu/websocket 0ms (unfinished)
GET /bridge/info 0ms 200
------------------------------------------------------------------------------------------------------
GET /bridge/info 0ms 200
------------------------------------------------------------------------------------------------------
------------------------------------------------------------------------------------------------------
GET /bridge/514/u8ivmunp/websocket 0ms (unfinished)
GET /bridge/862/g2g8uolt/websocket 0ms (unfinished)
------------------------------------------------------------------------------------------------------
GET /bridge/info 1ms 200
------------------------------------------------------------------------------------------------------
GET /bridge/info 1ms 200
------------------------------------------------------------------------------------------------------
GET /bridge/771/37aspu5s/websocket 0ms (unfinished)
------------------------------------------------------------------------------------------------------
GET /bridge/info 0ms 200
------------------------------------------------------------------------------------------------------
------------------------------------------------------------------------------------------------------
GET /bridge/info 0ms 200
GET /bridge/346/7tdx9fp0/websocket 0ms (unfinished)
------------------------------------------------------------------------------------------------------
GET /bridge/702/gu8mmobp/websocket 0ms (unfinished)
------------------------------------------------------------------------------------------------------
GET /bridge/info 1ms 200
------------------------------------------------------------------------------------------------------
GET /bridge/info 0ms 200
------------------------------------------------------------------------------------------------------
GET /bridge/901/zgh3m_8g/websocket 0ms (unfinished)
------------------------------------------------------------------------------------------------------
------------------------------------------------------------------------------------------------------
GET /bridge/376/7tlaj4i_/websocket 0ms (unfinished)
GET /bridge/info 0ms 200
------------------------------------------------------------------------------------------------------
GET /bridge/info 1ms 200
------------------------------------------------------------------------------------------------------
GET /bridge/887/eb6swevx/websocket 0ms (unfinished)
------------------------------------------------------------------------------------------------------
------------------------------------------------------------------------------------------------------
GET /bridge/309/e85oo9gn/websocket 1ms (unfinished)
GET /bridge/info 0ms 200
------------------------------------------------------------------------------------------------------
------------------------------------------------------------------------------------------------------
GET /bridge/info 1ms 200
------------------------------------------------------------------------------------------------------
GET /bridge/252/5lp2eejh/websocket 0ms (unfinished)
GET /bridge/156/8q3izp0t/websocket 0ms (unfinished)
------------------------------------------------------------------------------------------------------
POST /bridge/252/muqhroir/xhr_streaming 1ms (unfinished)
------------------------------------------------------------------------------------------------------
POST /bridge/252/muqhroir/xhr_send 5ms 204
------------------------------------------------------------------------------------------------------
POST /bridge/156/r8svstpb/xhr_streaming 1ms (unfinished)
------------------------------------------------------------------------------------------------------
POST /bridge/156/r8svstpb/xhr_send 2ms 204
------------------------------------------------------------------------------------------------------
GET /bridge/info 1ms 200
------------------------------------------------------------------------------------------------------
GET /bridge/info 0ms 200
------------------------------------------------------------------------------------------------------
GET /bridge/052/xstvwg3y/websocket 2ms (unfinished)
------------------------------------------------------------------------------------------------------
GET /bridge/info 1ms 200
------------------------------------------------------------------------------------------------------
GET /bridge/info 0ms 200
------------------------------------------------------------------------------------------------------
GET /bridge/453/e8638mec/websocket 2ms (unfinished)
------------------------------------------------------------------------------------------------------
GET /bridge/362/ey42r2nh/websocket 0ms (unfinished)
------------------------------------------------------------------------------------------------------
GET /bridge/info 1ms 200
------------------------------------------------------------------------------------------------------
------------------------------------------------------------------------------------------------------
GET /bridge/info 1ms 200
GET /bridge/548/jwhrz328/websocket 0ms (unfinished)
------------------------------------------------------------------------------------------------------
------------------------------------------------------------------------------------------------------
GET /bridge/722/sp6vsb6w/websocket 1ms (unfinished)
GET /bridge/info 1ms 200
------------------------------------------------------------------------------------------------------
GET /bridge/info 0ms 200
------------------------------------------------------------------------------------------------------
------------------------------------------------------------------------------------------------------
GET /bridge/733/xxpxey6t/websocket 1ms (unfinished)
GET /bridge/266/8lrte0jm/websocket 0ms (unfinished)
------------------------------------------------------------------------------------------------------
GET /bridge/info 1ms 200
------------------------------------------------------------------------------------------------------
GET /bridge/info 0ms 200
------------------------------------------------------------------------------------------------------
------------------------------------------------------------------------------------------------------
GET /bridge/284/92v4ej7v/websocket 1ms (unfinished)
GET /bridge/517/_5wbrmhb/websocket 0ms (unfinished)
------------------------------------------------------------------------------------------------------
------------------------------------------------------------------------------------------------------
GET /bridge/info 0ms 200
------------------------------------------------------------------------------------------------------
GET /bridge/info 1ms 200
GET /bridge/316/ckq62zcm/websocket 1ms (unfinished)
------------------------------------------------------------------------------------------------------
GET /bridge/438/fx7k8uo9/websocket 0ms (unfinished)
------------------------------------------------------------------------------------------------------
------------------------------------------------------------------------------------------------------
GET /bridge/info 0ms 200
GET /bridge/info 1ms 200
------------------------------------------------------------------------------------------------------
GET /bridge/800/z_b00lj3/websocket 1ms (unfinished)
------------------------------------------------------------------------------------------------------
GET /bridge/414/yglnj5in/websocket 0ms (unfinished)
------------------------------------------------------------------------------------------------------
GET /bridge/info 0ms 200
------------------------------------------------------------------------------------------------------
------------------------------------------------------------------------------------------------------
GET /bridge/info 0ms 200
GET /bridge/685/xze1kirh/websocket 0ms (unfinished)
------------------------------------------------------------------------------------------------------
GET /bridge/393/pbppuo7a/websocket 1ms (unfinished)
------------------------------------------------------------------------------------------------------
GET /bridge/info 1ms 200
------------------------------------------------------------------------------------------------------
------------------------------------------------------------------------------------------------------
GET /bridge/info 1ms 200
------------------------------------------------------------------------------------------------------
GET /bridge/336/k3cosypx/websocket 0ms (unfinished)
GET /bridge/545/ghll0kox/websocket 1ms (unfinished)
------------------------------------------------------------------------------------------------------
POST /bridge/545/e632uvl9/xhr_streaming 1ms (unfinished)
------------------------------------------------------------------------------------------------------
POST /bridge/336/3aduyhhq/xhr_streaming 0ms (unfinished)
------------------------------------------------------------------------------------------------------
GET /bridge/info 0ms 200
------------------------------------------------------------------------------------------------------
GET /bridge/info 0ms 200
------------------------------------------------------------------------------------------------------
GET /bridge/245/c6avm01t/websocket 0ms (unfinished)
------------------------------------------------------------------------------------------------------
GET /bridge/540/dtyn9au2/websocket 0ms (unfinished)
------------------------------------------------------------------------------------------------------
------------------------------------------------------------------------------------------------------
GET /bridge/info 1ms 200
------------------------------------------------------------------------------------------------------
GET /bridge/info 0ms 200
GET /bridge/680/yate5hah/websocket 0ms (unfinished)
------------------------------------------------------------------------------------------------------
GET /bridge/259/4jyu61n4/websocket 0ms (unfinished)
------------------------------------------------------------------------------------------------------
------------------------------------------------------------------------------------------------------
GET /bridge/info 0ms 200
GET /bridge/info 0ms 200
------------------------------------------------------------------------------------------------------
GET /bridge/387/fvr8cnch/websocket 0ms (unfinished)
------------------------------------------------------------------------------------------------------
GET /bridge/831/0n2vv7ox/websocket 0ms (unfinished)
------------------------------------------------------------------------------------------------------
GET /bridge/info 1ms 200
------------------------------------------------------------------------------------------------------
------------------------------------------------------------------------------------------------------
GET /bridge/info 0ms 200
GET /bridge/578/e5fvbw7r/websocket 0ms (unfinished)
------------------------------------------------------------------------------------------------------
GET /bridge/876/3nbv_qto/websocket 0ms (unfinished)
------------------------------------------------------------------------------------------------------
GET /bridge/info 1ms 200
------------------------------------------------------------------------------------------------------
GET /bridge/info 0ms 200
------------------------------------------------------------------------------------------------------
GET /bridge/049/vxb375_b/websocket 0ms (unfinished)
------------------------------------------------------------------------------------------------------
------------------------------------------------------------------------------------------------------
GET /bridge/881/f1mszg9q/websocket 0ms (unfinished)
GET /bridge/info 1ms 200
------------------------------------------------------------------------------------------------------
------------------------------------------------------------------------------------------------------
GET /bridge/info 0ms 200
GET /bridge/497/iq4690zk/websocket 0ms (unfinished)
------------------------------------------------------------------------------------------------------
------------------------------------------------------------------------------------------------------
GET /bridge/490/2y6s8bec/websocket 0ms (unfinished)
GET /bridge/info 0ms 200
------------------------------------------------------------------------------------------------------
GET /bridge/info 0ms 200
------------------------------------------------------------------------------------------------------
GET /bridge/902/i74ra7gu/websocket 0ms (unfinished)
------------------------------------------------------------------------------------------------------
GET /bridge/504/dnvoi_y2/websocket 0ms (unfinished)
------------------------------------------------------------------------------------------------------
GET /bridge/info 0ms 200
------------------------------------------------------------------------------------------------------
GET /bridge/info 0ms 200
------------------------------------------------------------------------------------------------------
------------------------------------------------------------------------------------------------------
GET /bridge/645/hnk3fba5/websocket 1ms (unfinished)
------------------------------------------------------------------------------------------------------
GET /bridge/577/adgplfpf/websocket 0ms (unfinished)
GET /bridge/info 1ms 200
------------------------------------------------------------------------------------------------------
GET /bridge/info 1ms 200
------------------------------------------------------------------------------------------------------
------------------------------------------------------------------------------------------------------
GET /bridge/653/ogzp5zc9/websocket 0ms (unfinished)
------------------------------------------------------------------------------------------------------
GET /bridge/720/f8in1pn4/websocket 0ms (unfinished)
GET /bridge/info 1ms 200
------------------------------------------------------------------------------------------------------
GET /bridge/info 1ms 200
------------------------------------------------------------------------------------------------------
------------------------------------------------------------------------------------------------------
GET /bridge/757/49n6zsi3/websocket 0ms (unfinished)
------------------------------------------------------------------------------------------------------
GET /bridge/282/p8b_p_ew/websocket 1ms (unfinished)
GET /bridge/info 0ms 200
------------------------------------------------------------------------------------------------------
GET /bridge/info 0ms 200
------------------------------------------------------------------------------------------------------
GET /bridge/538/392t80le/websocket 0ms (unfinished)
------------------------------------------------------------------------------------------------------
GET /bridge/931/hljc6exc/websocket 0ms (unfinished)
------------------------------------------------------------------------------------------------------
GET /bridge/info 0ms 200
------------------------------------------------------------------------------------------------------
------------------------------------------------------------------------------------------------------
GET /bridge/info 1ms 200
------------------------------------------------------------------------------------------------------
GET /bridge/298/yw4w1xl4/websocket 0ms (unfinished)
------------------------------------------------------------------------------------------------------
GET /bridge/635/cotmfv0h/websocket 1ms (unfinished)
------------------------------------------------------------------------------------------------------
POST /bridge/545/e632uvl9/xhr_send 3ms 204
