------------------------------------------------------------------------------------------------------
GET /bridge/info 0ms 200
GET /bridge/info 0ms 200
------------------------------------------------------------------------------------------------------
GET /bridge/256/kqpix32q/websocket 1ms (unfinished)
------------------------------------------------------------------------------------------------------
GET /bridge/729/9jwkv0o6/websocket 0ms (unfinished)
------------------------------------------------------------------------------------------------------
------------------------------------------------------------------------------------------------------
POST /bridge/256/_2g53suh/xhr_streaming 0ms (unfinished)
------------------------------------------------------------------------------------------------------
POST /bridge/256/_2g53suh/xhr_send 1ms 204
POST /bridge/729/d990cw7n/xhr_streaming 1ms (unfinished)
------------------------------------------------------------------------------------------------------
------------------------------------------------------------------------------------------------------
POST /bridge/729/d990cw7n/xhr_send 1ms 204
GET /bridge/info 1ms 200
------------------------------------------------------------------------------------------------------
GET /bridge/info 1ms 200
------------------------------------------------------------------------------------------------------
GET /bridge/289/864j4gj3/websocket 0ms (unfinished)
------------------------------------------------------------------------------------------------------
GET /bridge/412/fpa3w8sc/websocket 0ms (unfinished)
------------------------------------------------------------------------------------------------------
------------------------------------------------------------------------------------------------------
POST /bridge/289/g97agbko/xhr_streaming 0ms (unfinished)
------------------------------------------------------------------------------------------------------
POST /bridge/289/g97agbko/xhr_send 1ms 204
POST /bridge/412/270oxvoy/xhr_streaming 0ms (unfinished)
------------------------------------------------------------------------------------------------------
GET /bridge/info 1ms 200
------------------------------------------------------------------------------------------------------
GET /bridge/info 0ms 200
------------------------------------------------------------------------------------------------------
GET /bridge/555/o8thcj33/websocket 0ms (unfinished)
------------------------------------------------------------------------------------------------------
GET /bridge/020/t1kkkju5/websocket 0ms (unfinished)
------------------------------------------------------------------------------------------------------
GET /bridge/info 0ms 200
------------------------------------------------------------------------------------------------------
GET /bridge/info 0ms 200
------------------------------------------------------------------------------------------------------
GET /bridge/449/f5zimngw/websocket 0ms (unfinished)
------------------------------------------------------------------------------------------------------
GET /bridge/843/chwmbl0o/websocket 0ms (unfinished)
------------------------------------------------------------------------------------------------------
GET /bridge/info 2ms 200
------------------------------------------------------------------------------------------------------
GET /bridge/info 1ms 200
------------------------------------------------------------------------------------------------------
GET /bridge/578/8d4uanhw/websocket 3ms (unfinished)
------------------------------------------------------------------------------------------------------
GET /bridge/191/aaauzbrb/websocket 0ms (unfinished)
------------------------------------------------------------------------------------------------------
GET /bridge/info 1ms 200
------------------------------------------------------------------------------------------------------
GET /bridge/info 1ms 200
------------------------------------------------------------------------------------------------------
GET /bridge/092/a_to0wi1/websocket 3ms (unfinished)
------------------------------------------------------------------------------------------------------
GET /bridge/309/wwcrign_/websocket 0ms (unfinished)
------------------------------------------------------------------------------------------------------
POST /bridge/092/stpql6ym/xhr_streaming 2ms (unfinished)
------------------------------------------------------------------------------------------------------
------------------------------------------------------------------------------------------------------
POST /bridge/092/stpql6ym/xhr_send 3ms 204
POST /bridge/309/_lk_v5e8/xhr_streaming 0ms (unfinished)
------------------------------------------------------------------------------------------------------
POST /bridge/309/_lk_v5e8/xhr_send 1ms 204
------------------------------------------------------------------------------------------------------
GET /bridge/info 1ms 200
------------------------------------------------------------------------------------------------------
GET /bridge/info 0ms 200
------------------------------------------------------------------------------------------------------
GET /bridge/512/pzp0_jww/websocket 2ms (unfinished)
------------------------------------------------------------------------------------------------------
GET /bridge/017/l7t4d0et/websocket 0ms (unfinished)
------------------------------------------------------------------------------------------------------
POST /bridge/512/ihcgduuk/xhr_streaming 1ms (unfinished)
------------------------------------------------------------------------------------------------------
POST /bridge/512/ihcgduuk/xhr_send 3ms 204
------------------------------------------------------------------------------------------------------
------------------------------------------------------------------------------------------------------
POST /bridge/017/q8jvur_p/xhr_streaming 1ms (unfinished)
------------------------------------------------------------------------------------------------------
GET /bridge/info 0ms 200
GET /bridge/info 0ms 200
------------------------------------------------------------------------------------------------------
GET /bridge/100/ummtimpt/websocket 0ms (unfinished)
------------------------------------------------------------------------------------------------------
------------------------------------------------------------------------------------------------------
GET /bridge/083/xwq66vsb/websocket 0ms (unfinished)
------------------------------------------------------------------------------------------------------
POST /bridge/017/q8jvur_p/xhr_send 1ms 204
GET /bridge/info 0ms 200
------------------------------------------------------------------------------------------------------
GET /bridge/info 0ms 200
------------------------------------------------------------------------------------------------------
GET /bridge/203/jj152l58/websocket 0ms (unfinished)
------------------------------------------------------------------------------------------------------
GET /bridge/264/j5535bpo/websocket 0ms (unfinished)
------------------------------------------------------------------------------------------------------
POST /bridge/203/a00gjmpl/xhr_streaming 1ms (unfinished)
------------------------------------------------------------------------------------------------------
POST /bridge/264/a8o3rm1c/xhr_streaming 1ms (unfinished)
------------------------------------------------------------------------------------------------------
POST /bridge/203/a00gjmpl/xhr_send 1ms 204
------------------------------------------------------------------------------------------------------
POST /bridge/264/a8o3rm1c/xhr_send 1ms 204
------------------------------------------------------------------------------------------------------
GET /bridge/info 0ms 200
------------------------------------------------------------------------------------------------------
GET /bridge/info 1ms 200
------------------------------------------------------------------------------------------------------
------------------------------------------------------------------------------------------------------
GET /bridge/423/agzs2m56/websocket 1ms (unfinished)
------------------------------------------------------------------------------------------------------
GET /bridge/420/hrhpyln7/websocket 1ms (unfinished)
POST /bridge/423/m6alqasu/xhr_streaming 0ms (unfinished)
------------------------------------------------------------------------------------------------------
------------------------------------------------------------------------------------------------------
POST /bridge/423/m6alqasu/xhr_send 2ms 204
POST /bridge/420/92trvx3y/xhr_streaming 0ms (unfinished)
------------------------------------------------------------------------------------------------------
POST /bridge/420/92trvx3y/xhr_send 1ms 204
------------------------------------------------------------------------------------------------------
------------------------------------------------------------------------------------------------------
GET /bridge/info 2ms 200
------------------------------------------------------------------------------------------------------
GET /bridge/info 0ms 200
GET /bridge/202/la11227u/websocket 2ms (unfinished)
------------------------------------------------------------------------------------------------------
GET /bridge/239/yvoh__kp/websocket 0ms (unfinished)
------------------------------------------------------------------------------------------------------
POST /bridge/202/wytziget/xhr_streaming 1ms (unfinished)
------------------------------------------------------------------------------------------------------
POST /bridge/239/wysa_fg8/xhr_streaming 0ms (unfinished)
------------------------------------------------------------------------------------------------------
------------------------------------------------------------------------------------------------------
Exception on "POST /bridge/202/wytziget/xhr_send" in filter "xhr_send":
RangeError [ERR_SOCKET_BAD_PORT]: Port should be >= 0 and < 65536. Received .
    at validatePort (internal/validators.js:211:11)
    at lookupAndConnect (net.js:1000:5)
    at Socket.connect (net.js:976:5)
    at new module.exports.Socket (C:\Nitrogen\NitroWEB\www\js\lib\webtcp\server\socket.js:67:15)
    at module.exports.WebTCP.dispatch (C:\Nitrogen\NitroWEB\www\js\lib\webtcp\server\webtcp.js:37:40)
    at SockJSConnection.<anonymous> (C:\Nitrogen\NitroWEB\www\js\lib\webtcp\server\webtcp.js:25:12)
    at SockJSConnection.emit (events.js:376:20)
    at Session.didMessage (C:\Nitrogen\NitroWEB\node_modules\sockjs\lib\transport.js:246:25)
    at App.xhr_send (C:\Nitrogen\NitroWEB\node_modules\sockjs\lib\trans-xhr.js:81:15)
    at execute_request (C:\Nitrogen\NitroWEB\node_modules\sockjs\lib\webjs.js:22:37)
POST /bridge/202/wytziget/xhr_send 5ms 500
------------------------------------------------------------------------------------------------------
------------------------------------------------------------------------------------------------------
Exception on "POST /bridge/239/wysa_fg8/xhr_send" in filter "xhr_send":
RangeError [ERR_SOCKET_BAD_PORT]: Port should be >= 0 and < 65536. Received .
    at validatePort (internal/validators.js:211:11)
    at lookupAndConnect (net.js:1000:5)
    at Socket.connect (net.js:976:5)
    at new module.exports.Socket (C:\Nitrogen\NitroWEB\www\js\lib\webtcp\server\socket.js:67:15)
    at module.exports.WebTCP.dispatch (C:\Nitrogen\NitroWEB\www\js\lib\webtcp\server\webtcp.js:37:40)
    at SockJSConnection.<anonymous> (C:\Nitrogen\NitroWEB\www\js\lib\webtcp\server\webtcp.js:25:12)
    at SockJSConnection.emit (events.js:376:20)
    at Session.didMessage (C:\Nitrogen\NitroWEB\node_modules\sockjs\lib\transport.js:246:25)
    at App.xhr_send (C:\Nitrogen\NitroWEB\node_modules\sockjs\lib\trans-xhr.js:81:15)
    at execute_request (C:\Nitrogen\NitroWEB\node_modules\sockjs\lib\webjs.js:22:37)
------------------------------------------------------------------------------------------------------
POST /bridge/239/wysa_fg8/xhr_send 2ms 500
GET /bridge/info 1ms 200
------------------------------------------------------------------------------------------------------
------------------------------------------------------------------------------------------------------
GET /bridge/info 1ms 200
------------------------------------------------------------------------------------------------------
GET /bridge/068/1esr18aq/websocket 2ms (unfinished)
GET /bridge/251/xbwcqb_a/websocket 0ms (unfinished)
------------------------------------------------------------------------------------------------------
------------------------------------------------------------------------------------------------------
POST /bridge/068/krx8car3/xhr_streaming 1ms (unfinished)
POST /bridge/251/sime15tm/xhr_streaming 1ms (unfinished)
------------------------------------------------------------------------------------------------------
------------------------------------------------------------------------------------------------------
POST /bridge/068/krx8car3/xhr_send 5ms 500
Exception on "POST /bridge/068/krx8car3/xhr_send" in filter "xhr_send":
RangeError [ERR_SOCKET_BAD_PORT]: Port should be >= 0 and < 65536. Received .
    at validatePort (internal/validators.js:211:11)
    at lookupAndConnect (net.js:1000:5)
    at Socket.connect (net.js:976:5)
    at new module.exports.Socket (C:\Nitrogen\NitroWEB\www\js\lib\webtcp\server\socket.js:67:15)
    at module.exports.WebTCP.dispatch (C:\Nitrogen\NitroWEB\www\js\lib\webtcp\server\webtcp.js:37:40)
    at SockJSConnection.<anonymous> (C:\Nitrogen\NitroWEB\www\js\lib\webtcp\server\webtcp.js:25:12)
    at SockJSConnection.emit (events.js:376:20)
    at Session.didMessage (C:\Nitrogen\NitroWEB\node_modules\sockjs\lib\transport.js:246:25)
    at App.xhr_send (C:\Nitrogen\NitroWEB\node_modules\sockjs\lib\trans-xhr.js:81:15)
    at execute_request (C:\Nitrogen\NitroWEB\node_modules\sockjs\lib\webjs.js:22:37)
------------------------------------------------------------------------------------------------------
Exception on "POST /bridge/251/sime15tm/xhr_send" in filter "xhr_send":
RangeError [ERR_SOCKET_BAD_PORT]: Port should be >= 0 and < 65536. Received .
    at validatePort (internal/validators.js:211:11)
    at lookupAndConnect (net.js:1000:5)
    at Socket.connect (net.js:976:5)
    at new module.exports.Socket (C:\Nitrogen\NitroWEB\www\js\lib\webtcp\server\socket.js:67:15)
    at module.exports.WebTCP.dispatch (C:\Nitrogen\NitroWEB\www\js\lib\webtcp\server\webtcp.js:37:40)
    at SockJSConnection.<anonymous> (C:\Nitrogen\NitroWEB\www\js\lib\webtcp\server\webtcp.js:25:12)
    at SockJSConnection.emit (events.js:376:20)
    at Session.didMessage (C:\Nitrogen\NitroWEB\node_modules\sockjs\lib\transport.js:246:25)
    at App.xhr_send (C:\Nitrogen\NitroWEB\node_modules\sockjs\lib\trans-xhr.js:81:15)
    at execute_request (C:\Nitrogen\NitroWEB\node_modules\sockjs\lib\webjs.js:22:37)
------------------------------------------------------------------------------------------------------
POST /bridge/251/sime15tm/xhr_send 2ms 500
------------------------------------------------------------------------------------------------------
GET /bridge/info 1ms 200
------------------------------------------------------------------------------------------------------
------------------------------------------------------------------------------------------------------
GET /bridge/info 0ms 200
GET /bridge/082/r7mgjvgf/websocket 0ms (unfinished)
------------------------------------------------------------------------------------------------------
------------------------------------------------------------------------------------------------------
GET /bridge/370/50p_6s0q/websocket 1ms (unfinished)
------------------------------------------------------------------------------------------------------
POST /bridge/082/czsuyiiq/xhr_streaming 0ms (unfinished)
POST /bridge/370/kdn5n2wo/xhr_streaming 0ms (unfinished)
------------------------------------------------------------------------------------------------------
GET /bridge/info 1ms 200
------------------------------------------------------------------------------------------------------
GET /bridge/info 0ms 200
------------------------------------------------------------------------------------------------------
GET /bridge/706/9f4zc9ue/websocket 0ms (unfinished)
------------------------------------------------------------------------------------------------------
GET /bridge/755/wjknrh3w/websocket 0ms (unfinished)
------------------------------------------------------------------------------------------------------
GET /bridge/info 1ms 200
------------------------------------------------------------------------------------------------------
GET /bridge/info 0ms 200
------------------------------------------------------------------------------------------------------
------------------------------------------------------------------------------------------------------
GET /bridge/345/_m055tt1/websocket 3ms (unfinished)
GET /bridge/822/mph7pn6q/websocket 0ms (unfinished)
------------------------------------------------------------------------------------------------------
POST /bridge/345/m71axuh6/xhr_streaming 1ms (unfinished)
------------------------------------------------------------------------------------------------------
POST /bridge/345/m71axuh6/xhr_send 3ms 204
------------------------------------------------------------------------------------------------------
POST /bridge/822/xzf2j84u/xhr_streaming 1ms (unfinished)
------------------------------------------------------------------------------------------------------
GET /bridge/info 1ms 200
------------------------------------------------------------------------------------------------------
GET /bridge/info 1ms 200
------------------------------------------------------------------------------------------------------
GET /bridge/086/mbx4h4cr/websocket 3ms (unfinished)
------------------------------------------------------------------------------------------------------
GET /bridge/113/c8f41640/websocket 1ms (unfinished)
------------------------------------------------------------------------------------------------------
POST /bridge/822/xzf2j84u/xhr_send 4ms 204
------------------------------------------------------------------------------------------------------
GET /bridge/info 0ms 200
------------------------------------------------------------------------------------------------------
------------------------------------------------------------------------------------------------------
GET /bridge/info 0ms 200
GET /bridge/367/zit0cdw6/websocket 0ms (unfinished)
------------------------------------------------------------------------------------------------------
GET /bridge/439/c160y0ew/websocket 1ms (unfinished)
------------------------------------------------------------------------------------------------------
------------------------------------------------------------------------------------------------------
POST /bridge/367/stlq_esu/xhr_streaming 1ms (unfinished)
POST /bridge/439/dgzsxg1i/xhr_streaming 0ms (unfinished)
------------------------------------------------------------------------------------------------------
POST /bridge/367/stlq_esu/xhr_send 2ms 204
------------------------------------------------------------------------------------------------------
POST /bridge/439/dgzsxg1i/xhr_send 1ms 204
------------------------------------------------------------------------------------------------------
GET /bridge/info 0ms 200
------------------------------------------------------------------------------------------------------
GET /bridge/info 0ms 200
------------------------------------------------------------------------------------------------------
GET /bridge/282/5_y9pd6j/websocket 0ms (unfinished)
------------------------------------------------------------------------------------------------------
GET /bridge/955/xqofst42/websocket 0ms (unfinished)
------------------------------------------------------------------------------------------------------
POST /bridge/282/ej274koi/xhr_streaming 1ms (unfinished)
------------------------------------------------------------------------------------------------------
POST /bridge/282/ej274koi/xhr_send 1ms 204
------------------------------------------------------------------------------------------------------
POST /bridge/955/gev0w88j/xhr_streaming 0ms (unfinished)
------------------------------------------------------------------------------------------------------
POST /bridge/955/gev0w88j/xhr_send 2ms 204
------------------------------------------------------------------------------------------------------
GET /bridge/info 1ms 200
------------------------------------------------------------------------------------------------------
GET /bridge/info 1ms 200
------------------------------------------------------------------------------------------------------
GET /bridge/620/tpwgjl0k/websocket 3ms (unfinished)
------------------------------------------------------------------------------------------------------
GET /bridge/738/uskxlz3i/websocket 0ms (unfinished)
------------------------------------------------------------------------------------------------------
POST /bridge/620/852r68tq/xhr_streaming 1ms (unfinished)
------------------------------------------------------------------------------------------------------
POST /bridge/620/852r68tq/xhr_send 3ms 204
------------------------------------------------------------------------------------------------------
POST /bridge/738/6fo2h_7i/xhr_streaming 1ms (unfinished)
------------------------------------------------------------------------------------------------------
GET /bridge/info 1ms 200
------------------------------------------------------------------------------------------------------
GET /bridge/info 0ms 200
------------------------------------------------------------------------------------------------------
GET /bridge/359/6hyse842/websocket 3ms (unfinished)
------------------------------------------------------------------------------------------------------
GET /bridge/072/b9_luq_0/websocket 0ms (unfinished)
------------------------------------------------------------------------------------------------------
GET /bridge/info 1ms 200
------------------------------------------------------------------------------------------------------
GET /bridge/info 1ms 200
------------------------------------------------------------------------------------------------------
GET /bridge/049/f0yfteug/websocket 2ms (unfinished)
------------------------------------------------------------------------------------------------------
GET /bridge/850/bzqyih4r/websocket 0ms (unfinished)
------------------------------------------------------------------------------------------------------
POST /bridge/049/fhxxq6v4/xhr_streaming 1ms (unfinished)
------------------------------------------------------------------------------------------------------
POST /bridge/049/fhxxq6v4/xhr_send 3ms 204
------------------------------------------------------------------------------------------------------
POST /bridge/850/yhzqtb02/xhr_streaming 1ms (unfinished)
------------------------------------------------------------------------------------------------------
POST /bridge/850/yhzqtb02/xhr_send 1ms 204
------------------------------------------------------------------------------------------------------
GET /bridge/info 0ms 200
------------------------------------------------------------------------------------------------------
------------------------------------------------------------------------------------------------------
GET /bridge/info 1ms 200
GET /bridge/093/jddrk5il/websocket 0ms (unfinished)
------------------------------------------------------------------------------------------------------
GET /bridge/500/9e8dbu57/websocket 1ms (unfinished)
------------------------------------------------------------------------------------------------------
POST /bridge/093/vdkmhig0/xhr_streaming 1ms (unfinished)
------------------------------------------------------------------------------------------------------
------------------------------------------------------------------------------------------------------
POST /bridge/093/vdkmhig0/xhr_send 1ms 204
POST /bridge/500/x46_mwb2/xhr_streaming 1ms (unfinished)
------------------------------------------------------------------------------------------------------
------------------------------------------------------------------------------------------------------
POST /bridge/500/x46_mwb2/xhr_send 2ms 204
------------------------------------------------------------------------------------------------------
GET /bridge/info 2ms 200
------------------------------------------------------------------------------------------------------
GET /bridge/info 0ms 200
GET /bridge/144/6e5rqd6r/websocket 4ms (unfinished)
------------------------------------------------------------------------------------------------------
GET /bridge/067/h5zirs7x/websocket 0ms (unfinished)
------------------------------------------------------------------------------------------------------
GET /bridge/info 2ms 200
------------------------------------------------------------------------------------------------------
GET /bridge/info 1ms 200
------------------------------------------------------------------------------------------------------
------------------------------------------------------------------------------------------------------
GET /bridge/327/mqzncdhn/websocket 2ms (unfinished)
GET /bridge/770/pzoly43a/websocket 1ms (unfinished)
------------------------------------------------------------------------------------------------------
------------------------------------------------------------------------------------------------------
GET /bridge/info 0ms 200
GET /bridge/info 0ms 200
------------------------------------------------------------------------------------------------------
GET /bridge/007/hmglmfoq/websocket 1ms (unfinished)
------------------------------------------------------------------------------------------------------
GET /bridge/926/8vq43ybz/websocket 0ms (unfinished)
------------------------------------------------------------------------------------------------------
GET /bridge/info 2ms 200
------------------------------------------------------------------------------------------------------
------------------------------------------------------------------------------------------------------
GET /bridge/info 0ms 200
GET /bridge/611/fqgfy3g2/websocket 3ms (unfinished)
------------------------------------------------------------------------------------------------------
GET /bridge/135/rea6oce7/websocket 0ms (unfinished)
------------------------------------------------------------------------------------------------------
GET /bridge/info 1ms 200
------------------------------------------------------------------------------------------------------
GET /bridge/info 0ms 200
------------------------------------------------------------------------------------------------------
------------------------------------------------------------------------------------------------------
GET /bridge/483/rovc0gei/websocket 2ms (unfinished)
GET /bridge/660/tjpznnsc/websocket 0ms (unfinished)
------------------------------------------------------------------------------------------------------
GET /bridge/info 1ms 200
------------------------------------------------------------------------------------------------------
GET /bridge/info 0ms 200
------------------------------------------------------------------------------------------------------
------------------------------------------------------------------------------------------------------
GET /bridge/720/4irnpzr5/websocket 0ms (unfinished)
GET /bridge/641/6iqzemtz/websocket 0ms (unfinished)
------------------------------------------------------------------------------------------------------
GET /bridge/info 1ms 200
------------------------------------------------------------------------------------------------------
GET /bridge/info 1ms 200
------------------------------------------------------------------------------------------------------
------------------------------------------------------------------------------------------------------
GET /bridge/412/svt46v1w/websocket 3ms (unfinished)
GET /bridge/713/d6em_4er/websocket 0ms (unfinished)
------------------------------------------------------------------------------------------------------
------------------------------------------------------------------------------------------------------
GET /bridge/info 2ms 200
GET /bridge/info 0ms 200
------------------------------------------------------------------------------------------------------
GET /bridge/448/969ad8kg/websocket 4ms (unfinished)
------------------------------------------------------------------------------------------------------
GET /bridge/326/d39oj1jm/websocket 0ms (unfinished)
------------------------------------------------------------------------------------------------------
08,02,2022,09,00
08,02,2022,09,00
------------------------------------------------------------------------------------------------------
------------------------------------------------------------------------------------------------------
08,02,2022,09,00
------------------------------------------------------------------------------------------------------
08,02,2022,09,00
------------------------------------------------------------------------------------------------------
------------------------------------------------------------------------------------------------------
GET /bridge/info 1ms 200
------------------------------------------------------------------------------------------------------
GET /bridge/info 0ms 200
GET /bridge/809/5jxp1hl_/websocket 2ms (unfinished)
------------------------------------------------------------------------------------------------------
GET /bridge/358/6achu9on/websocket 0ms (unfinished)
------------------------------------------------------------------------------------------------------
POST /bridge/412/270oxvoy/xhr_send 5ms 204
------------------------------------------------------------------------------------------------------
GET /bridge/info 1ms 200
------------------------------------------------------------------------------------------------------
GET /bridge/info 1ms 200
------------------------------------------------------------------------------------------------------
GET /bridge/888/7143vkn6/websocket 3ms (unfinished)
------------------------------------------------------------------------------------------------------
GET /bridge/271/n1bp7npm/websocket 0ms (unfinished)
------------------------------------------------------------------------------------------------------
POST /bridge/888/mkg7rm9p/xhr_streaming 1ms (unfinished)
------------------------------------------------------------------------------------------------------
POST /bridge/888/mkg7rm9p/xhr_send 1ms 204
------------------------------------------------------------------------------------------------------
POST /bridge/271/etvtqswx/xhr_streaming 1ms (unfinished)
------------------------------------------------------------------------------------------------------
POST /bridge/271/etvtqswx/xhr_send 1ms 204
------------------------------------------------------------------------------------------------------
------------------------------------------------------------------------------------------------------
GET /bridge/info 0ms 200
GET /bridge/info 1ms 200
------------------------------------------------------------------------------------------------------
GET /bridge/285/uvu564d3/websocket 0ms (unfinished)
------------------------------------------------------------------------------------------------------
GET /bridge/182/rcxfjwg1/websocket 0ms (unfinished)
------------------------------------------------------------------------------------------------------
------------------------------------------------------------------------------------------------------
POST /bridge/285/k56xa4t0/xhr_streaming 0ms (unfinished)
POST /bridge/182/k9fd6vhq/xhr_streaming 0ms (unfinished)
------------------------------------------------------------------------------------------------------
POST /bridge/285/k56xa4t0/xhr_send 1ms 204
------------------------------------------------------------------------------------------------------
------------------------------------------------------------------------------------------------------
POST /bridge/182/k9fd6vhq/xhr_send 2ms 204
GET /bridge/info 1ms 200
------------------------------------------------------------------------------------------------------
GET /bridge/info 0ms 200
------------------------------------------------------------------------------------------------------
GET /bridge/672/z45xnrz6/websocket 2ms (unfinished)
------------------------------------------------------------------------------------------------------
GET /bridge/542/23eb57xn/websocket 0ms (unfinished)
------------------------------------------------------------------------------------------------------
POST /bridge/672/wm6o4oqv/xhr_streaming 1ms (unfinished)
------------------------------------------------------------------------------------------------------
POST /bridge/672/wm6o4oqv/xhr_send 5ms 204
------------------------------------------------------------------------------------------------------
POST /bridge/542/6incxbva/xhr_streaming 0ms (unfinished)
------------------------------------------------------------------------------------------------------
------------------------------------------------------------------------------------------------------
08,02,2022,09,00
08,02,2022,09,00
------------------------------------------------------------------------------------------------------
GET /bridge/info 0ms 200
------------------------------------------------------------------------------------------------------
GET /bridge/info 0ms 200
------------------------------------------------------------------------------------------------------
GET /bridge/633/eyrz9tkv/websocket 0ms (unfinished)
------------------------------------------------------------------------------------------------------
GET /bridge/342/dp4zu2mp/websocket 0ms (unfinished)
------------------------------------------------------------------------------------------------------
GET /bridge/info 1ms 200
------------------------------------------------------------------------------------------------------
GET /bridge/info 0ms 200
------------------------------------------------------------------------------------------------------
GET /bridge/046/e29xfzu8/websocket 3ms (unfinished)
------------------------------------------------------------------------------------------------------
GET /bridge/467/vboyifm0/websocket 0ms (unfinished)
------------------------------------------------------------------------------------------------------
------------------------------------------------------------------------------------------------------
GET /bridge/info 1ms 200
GET /bridge/info 0ms 200
------------------------------------------------------------------------------------------------------
GET /bridge/074/717pv0wd/websocket 4ms (unfinished)
------------------------------------------------------------------------------------------------------
GET /bridge/246/vmisl7qz/websocket 0ms (unfinished)
------------------------------------------------------------------------------------------------------
GET /bridge/info 1ms 200
------------------------------------------------------------------------------------------------------
GET /bridge/info 0ms 200
------------------------------------------------------------------------------------------------------
GET /bridge/920/_okditqe/websocket 0ms (unfinished)
------------------------------------------------------------------------------------------------------
------------------------------------------------------------------------------------------------------
GET /bridge/612/mb1xj1cs/websocket 0ms (unfinished)
GET /bridge/info 1ms 200
------------------------------------------------------------------------------------------------------
GET /bridge/info 1ms 200
------------------------------------------------------------------------------------------------------
GET /bridge/150/ie__n6a7/websocket 2ms (unfinished)
------------------------------------------------------------------------------------------------------
GET /bridge/424/l431xil0/websocket 0ms (unfinished)
------------------------------------------------------------------------------------------------------
GET /bridge/info 1ms 200
------------------------------------------------------------------------------------------------------
GET /bridge/info 0ms 200
------------------------------------------------------------------------------------------------------
------------------------------------------------------------------------------------------------------
GET /bridge/197/iodsj017/websocket 4ms (unfinished)
GET /bridge/523/3u7nnjnj/websocket 0ms (unfinished)
------------------------------------------------------------------------------------------------------
GET /bridge/info 1ms 200
------------------------------------------------------------------------------------------------------
GET /bridge/info 1ms 200
------------------------------------------------------------------------------------------------------
GET /bridge/403/rvttmrb5/websocket 1ms (unfinished)
------------------------------------------------------------------------------------------------------
GET /bridge/449/fubex5nb/websocket 0ms (unfinished)
------------------------------------------------------------------------------------------------------
------------------------------------------------------------------------------------------------------
GET /bridge/info 2ms 200
GET /bridge/info 0ms 200
------------------------------------------------------------------------------------------------------
GET /bridge/280/8yq5q_y8/websocket 2ms (unfinished)
------------------------------------------------------------------------------------------------------
GET /bridge/038/c0o3vn75/websocket 1ms (unfinished)
------------------------------------------------------------------------------------------------------
GET /bridge/info 1ms 200
------------------------------------------------------------------------------------------------------
GET /bridge/info 1ms 200
------------------------------------------------------------------------------------------------------
------------------------------------------------------------------------------------------------------
GET /bridge/035/0dkv_obf/websocket 3ms (unfinished)
GET /bridge/487/lrf810rp/websocket 1ms (unfinished)
------------------------------------------------------------------------------------------------------
POST /bridge/035/x40w9zg7/xhr_streaming 1ms (unfinished)
------------------------------------------------------------------------------------------------------
POST /bridge/035/x40w9zg7/xhr_send 3ms 204
------------------------------------------------------------------------------------------------------
POST /bridge/487/90165em6/xhr_streaming 1ms (unfinished)
------------------------------------------------------------------------------------------------------
------------------------------------------------------------------------------------------------------
POST /bridge/487/90165em6/xhr_send 0ms 204
GET /bridge/info 0ms 200
------------------------------------------------------------------------------------------------------
------------------------------------------------------------------------------------------------------
GET /bridge/info 1ms 200
GET /bridge/521/k376x5b2/websocket 0ms (unfinished)
------------------------------------------------------------------------------------------------------
GET /bridge/346/cyqvy1g6/websocket 1ms (unfinished)
------------------------------------------------------------------------------------------------------
------------------------------------------------------------------------------------------------------
POST /bridge/521/i0rbh5l6/xhr_streaming 1ms (unfinished)
------------------------------------------------------------------------------------------------------
POST /bridge/521/i0rbh5l6/xhr_send 1ms 204
POST /bridge/346/ocjmd2q6/xhr_streaming 1ms (unfinished)
------------------------------------------------------------------------------------------------------
POST /bridge/346/ocjmd2q6/xhr_send 2ms 204
------------------------------------------------------------------------------------------------------
------------------------------------------------------------------------------------------------------
GET /bridge/info 1ms 200
GET /bridge/info 0ms 200
------------------------------------------------------------------------------------------------------
------------------------------------------------------------------------------------------------------
GET /bridge/677/vzfaysay/websocket 3ms (unfinished)
GET /bridge/105/8xwa7k4f/websocket 0ms (unfinished)
------------------------------------------------------------------------------------------------------
GET /bridge/info 1ms 200
------------------------------------------------------------------------------------------------------
------------------------------------------------------------------------------------------------------
GET /bridge/info 0ms 200
GET /bridge/427/geqth4m5/websocket 0ms (unfinished)
------------------------------------------------------------------------------------------------------
GET /bridge/315/a_lafczt/websocket 0ms (unfinished)
------------------------------------------------------------------------------------------------------
GET /bridge/info 0ms 200
------------------------------------------------------------------------------------------------------
GET /bridge/info 0ms 200
------------------------------------------------------------------------------------------------------
GET /bridge/884/s34_e5j5/websocket 0ms (unfinished)
------------------------------------------------------------------------------------------------------
------------------------------------------------------------------------------------------------------
GET /bridge/451/4rh94l7l/websocket 1ms (unfinished)
GET /bridge/info 0ms 200
------------------------------------------------------------------------------------------------------
------------------------------------------------------------------------------------------------------
GET /bridge/info 1ms 200
GET /bridge/533/xkdmrqwb/websocket 1ms (unfinished)
------------------------------------------------------------------------------------------------------
GET /bridge/905/u2x3ov8g/websocket 0ms (unfinished)
------------------------------------------------------------------------------------------------------
GET /bridge/info 1ms 200
------------------------------------------------------------------------------------------------------
GET /bridge/info 0ms 200
------------------------------------------------------------------------------------------------------
GET /bridge/434/yzli5i9a/websocket 1ms (unfinished)
------------------------------------------------------------------------------------------------------
GET /bridge/261/a3jd75wj/websocket 0ms (unfinished)
------------------------------------------------------------------------------------------------------
------------------------------------------------------------------------------------------------------
GET /bridge/info 1ms 200
GET /bridge/info 1ms 200
------------------------------------------------------------------------------------------------------
GET /bridge/978/g9qp4a15/websocket 1ms (unfinished)
------------------------------------------------------------------------------------------------------
GET /bridge/935/j0u74bql/websocket 0ms (unfinished)
------------------------------------------------------------------------------------------------------
GET /bridge/info 1ms 200
------------------------------------------------------------------------------------------------------
GET /bridge/768/y5br1_hp/websocket 0ms (unfinished)
------------------------------------------------------------------------------------------------------
GET /bridge/info 0ms 200
------------------------------------------------------------------------------------------------------
GET /bridge/246/68fgt71q/websocket 0ms (unfinished)
------------------------------------------------------------------------------------------------------
GET /bridge/info 1ms 200
------------------------------------------------------------------------------------------------------
------------------------------------------------------------------------------------------------------
GET /bridge/info 1ms 200
------------------------------------------------------------------------------------------------------
GET /bridge/001/3f9pmf33/websocket 0ms (unfinished)
------------------------------------------------------------------------------------------------------
GET /bridge/147/3bk556lo/websocket 0ms (unfinished)
GET /bridge/info 0ms 200
------------------------------------------------------------------------------------------------------
GET /bridge/info 0ms 200
------------------------------------------------------------------------------------------------------
------------------------------------------------------------------------------------------------------
GET /bridge/325/h3ls7byn/websocket 0ms (unfinished)
GET /bridge/056/1u0khw2s/websocket 0ms (unfinished)
------------------------------------------------------------------------------------------------------
------------------------------------------------------------------------------------------------------
GET /bridge/info 1ms 200
GET /bridge/info 0ms 200
------------------------------------------------------------------------------------------------------
GET /bridge/570/0kmlpqjx/websocket 2ms (unfinished)
------------------------------------------------------------------------------------------------------
GET /bridge/638/n0dtjxwx/websocket 0ms (unfinished)
------------------------------------------------------------------------------------------------------
GET /bridge/info 1ms 200
------------------------------------------------------------------------------------------------------
GET /bridge/info 0ms 200
------------------------------------------------------------------------------------------------------
GET /bridge/541/8yoi3a51/websocket 0ms (unfinished)
------------------------------------------------------------------------------------------------------
GET /bridge/915/eui2wd6q/websocket 0ms (unfinished)
------------------------------------------------------------------------------------------------------
GET /bridge/info 0ms 200
------------------------------------------------------------------------------------------------------
GET /bridge/info 0ms 200
------------------------------------------------------------------------------------------------------
GET /bridge/339/kvggarzz/websocket 1ms (unfinished)
------------------------------------------------------------------------------------------------------
GET /bridge/061/c49sbs57/websocket 0ms (unfinished)
------------------------------------------------------------------------------------------------------
------------------------------------------------------------------------------------------------------
GET /bridge/info 1ms 200
------------------------------------------------------------------------------------------------------
GET /bridge/info 1ms 200
GET /bridge/999/ahysgsc7/websocket 0ms (unfinished)
------------------------------------------------------------------------------------------------------
GET /bridge/688/04mcj17z/websocket 1ms (unfinished)
------------------------------------------------------------------------------------------------------
GET /bridge/info 0ms 200
------------------------------------------------------------------------------------------------------
GET /bridge/info 0ms 200
------------------------------------------------------------------------------------------------------
GET /bridge/321/quzye43z/websocket 0ms (unfinished)
------------------------------------------------------------------------------------------------------
------------------------------------------------------------------------------------------------------
GET /bridge/830/4v8zohsr/websocket 1ms (unfinished)
GET /bridge/info 0ms 200
------------------------------------------------------------------------------------------------------
GET /bridge/info 1ms 200
------------------------------------------------------------------------------------------------------
GET /bridge/797/k0bs1b1u/websocket 0ms (unfinished)
------------------------------------------------------------------------------------------------------
------------------------------------------------------------------------------------------------------
GET /bridge/471/o12s2rx0/websocket 1ms (unfinished)
GET /bridge/info 1ms 200
------------------------------------------------------------------------------------------------------
------------------------------------------------------------------------------------------------------
GET /bridge/info 0ms 200
------------------------------------------------------------------------------------------------------
GET /bridge/787/cc61uwt_/websocket 3ms (unfinished)
GET /bridge/info 2ms 200
------------------------------------------------------------------------------------------------------
GET /bridge/info 0ms 200
------------------------------------------------------------------------------------------------------
GET /bridge/816/4y1s07zt/websocket 3ms (unfinished)
------------------------------------------------------------------------------------------------------
GET /bridge/999/210_5nmt/websocket 0ms (unfinished)
------------------------------------------------------------------------------------------------------
GET /bridge/info 2ms 200
------------------------------------------------------------------------------------------------------
------------------------------------------------------------------------------------------------------
GET /bridge/info 0ms 200
GET /bridge/749/1iisdwwk/websocket 4ms (unfinished)
------------------------------------------------------------------------------------------------------
------------------------------------------------------------------------------------------------------
GET /bridge/992/16vlodz0/websocket 0ms (unfinished)
POST /bridge/749/t628kg7c/xhr_streaming 1ms (unfinished)
------------------------------------------------------------------------------------------------------
POST /bridge/749/t628kg7c/xhr_send 5ms 204
------------------------------------------------------------------------------------------------------
POST /bridge/992/yu0wgr8i/xhr_streaming 2ms (unfinished)
------------------------------------------------------------------------------------------------------
POST /bridge/992/yu0wgr8i/xhr_send 1ms 204
------------------------------------------------------------------------------------------------------
GET /bridge/info 0ms 200
------------------------------------------------------------------------------------------------------
GET /bridge/info 1ms 200
------------------------------------------------------------------------------------------------------
GET /bridge/392/e7khvyiy/websocket 0ms (unfinished)
------------------------------------------------------------------------------------------------------
------------------------------------------------------------------------------------------------------
GET /bridge/679/5slat1ih/websocket 0ms (unfinished)
POST /bridge/392/8to41ujs/xhr_streaming 1ms (unfinished)
------------------------------------------------------------------------------------------------------
POST /bridge/392/8to41ujs/xhr_send 1ms 204
------------------------------------------------------------------------------------------------------
POST /bridge/679/4a_omp52/xhr_streaming 1ms (unfinished)
------------------------------------------------------------------------------------------------------
POST /bridge/679/4a_omp52/xhr_send 1ms 204
------------------------------------------------------------------------------------------------------
------------------------------------------------------------------------------------------------------
GET /bridge/info 2ms 200
------------------------------------------------------------------------------------------------------
GET /bridge/info 1ms 200
------------------------------------------------------------------------------------------------------
GET /bridge/709/_dhye4xn/websocket 2ms (unfinished)
GET /bridge/884/wvwpxbrn/websocket 0ms (unfinished)
------------------------------------------------------------------------------------------------------
GET /bridge/info 1ms 200
------------------------------------------------------------------------------------------------------
GET /bridge/info 1ms 200
------------------------------------------------------------------------------------------------------
GET /bridge/548/u01rfsw7/websocket 3ms (unfinished)
------------------------------------------------------------------------------------------------------
GET /bridge/902/xuxwhnw4/websocket 1ms (unfinished)
------------------------------------------------------------------------------------------------------
GET /bridge/info 1ms 200
------------------------------------------------------------------------------------------------------
GET /bridge/info 1ms 200
------------------------------------------------------------------------------------------------------
GET /bridge/832/e65c_39o/websocket 3ms (unfinished)
------------------------------------------------------------------------------------------------------
GET /bridge/667/8pr22qsp/websocket 0ms (unfinished)
------------------------------------------------------------------------------------------------------
GET /bridge/info 1ms 200
------------------------------------------------------------------------------------------------------
GET /bridge/info 1ms 200
------------------------------------------------------------------------------------------------------
GET /bridge/207/q2ovm9ga/websocket 2ms (unfinished)
------------------------------------------------------------------------------------------------------
GET /bridge/770/khy1f4bu/websocket 0ms (unfinished)
------------------------------------------------------------------------------------------------------
GET /bridge/info 0ms 200
------------------------------------------------------------------------------------------------------
GET /bridge/info 1ms 200
------------------------------------------------------------------------------------------------------
GET /bridge/803/xfd0nr24/websocket 1ms (unfinished)
------------------------------------------------------------------------------------------------------
GET /bridge/440/r1lc950u/websocket 1ms (unfinished)
------------------------------------------------------------------------------------------------------
------------------------------------------------------------------------------------------------------
GET /bridge/info 0ms 200
GET /bridge/info 0ms 200
------------------------------------------------------------------------------------------------------
GET /bridge/938/djxc0ay3/websocket 0ms (unfinished)
------------------------------------------------------------------------------------------------------
GET /bridge/384/j80qmgbn/websocket 0ms (unfinished)
------------------------------------------------------------------------------------------------------
GET /bridge/info 0ms 200
------------------------------------------------------------------------------------------------------
GET /bridge/info 1ms 200
------------------------------------------------------------------------------------------------------
GET /bridge/282/p5zusmon/websocket 0ms (unfinished)
------------------------------------------------------------------------------------------------------
GET /bridge/754/bjb5bysq/websocket 0ms (unfinished)
------------------------------------------------------------------------------------------------------
GET /bridge/info 2ms 200
------------------------------------------------------------------------------------------------------
GET /bridge/info 1ms 200
------------------------------------------------------------------------------------------------------
GET /bridge/793/dpypjprk/websocket 3ms (unfinished)
------------------------------------------------------------------------------------------------------
GET /bridge/891/z1tugwbj/websocket 0ms (unfinished)
------------------------------------------------------------------------------------------------------
POST /bridge/793/xkbxjy6m/xhr_streaming 1ms (unfinished)
------------------------------------------------------------------------------------------------------
Exception on "POST /bridge/793/xkbxjy6m/xhr_send" in filter "xhr_send":
RangeError [ERR_SOCKET_BAD_PORT]: Port should be >= 0 and < 65536. Received .
    at validatePort (internal/validators.js:211:11)
    at lookupAndConnect (net.js:1000:5)
    at Socket.connect (net.js:976:5)
    at new module.exports.Socket (C:\Nitrogen\NitroWEB\www\js\lib\webtcp\server\socket.js:67:15)
    at module.exports.WebTCP.dispatch (C:\Nitrogen\NitroWEB\www\js\lib\webtcp\server\webtcp.js:37:40)
    at SockJSConnection.<anonymous> (C:\Nitrogen\NitroWEB\www\js\lib\webtcp\server\webtcp.js:25:12)
    at SockJSConnection.emit (events.js:376:20)
    at Session.didMessage (C:\Nitrogen\NitroWEB\node_modules\sockjs\lib\transport.js:246:25)
    at App.xhr_send (C:\Nitrogen\NitroWEB\node_modules\sockjs\lib\trans-xhr.js:81:15)
    at execute_request (C:\Nitrogen\NitroWEB\node_modules\sockjs\lib\webjs.js:22:37)
------------------------------------------------------------------------------------------------------
------------------------------------------------------------------------------------------------------
POST /bridge/793/xkbxjy6m/xhr_send 6ms 500
POST /bridge/891/faw_pj8k/xhr_streaming 2ms (unfinished)
------------------------------------------------------------------------------------------------------
Exception on "POST /bridge/891/faw_pj8k/xhr_send" in filter "xhr_send":
RangeError [ERR_SOCKET_BAD_PORT]: Port should be >= 0 and < 65536. Received .
    at validatePort (internal/validators.js:211:11)
    at lookupAndConnect (net.js:1000:5)
    at Socket.connect (net.js:976:5)
    at new module.exports.Socket (C:\Nitrogen\NitroWEB\www\js\lib\webtcp\server\socket.js:67:15)
    at module.exports.WebTCP.dispatch (C:\Nitrogen\NitroWEB\www\js\lib\webtcp\server\webtcp.js:37:40)
    at SockJSConnection.<anonymous> (C:\Nitrogen\NitroWEB\www\js\lib\webtcp\server\webtcp.js:25:12)
    at SockJSConnection.emit (events.js:376:20)
    at Session.didMessage (C:\Nitrogen\NitroWEB\node_modules\sockjs\lib\transport.js:246:25)
    at App.xhr_send (C:\Nitrogen\NitroWEB\node_modules\sockjs\lib\trans-xhr.js:81:15)
    at execute_request (C:\Nitrogen\NitroWEB\node_modules\sockjs\lib\webjs.js:22:37)
------------------------------------------------------------------------------------------------------
POST /bridge/891/faw_pj8k/xhr_send 2ms 500
------------------------------------------------------------------------------------------------------
GET /bridge/info 1ms 200
------------------------------------------------------------------------------------------------------
GET /bridge/info 0ms 200
------------------------------------------------------------------------------------------------------
GET /bridge/564/xhlaixrt/websocket 2ms (unfinished)
------------------------------------------------------------------------------------------------------
------------------------------------------------------------------------------------------------------
GET /bridge/430/jurg7sif/websocket 1ms (unfinished)
------------------------------------------------------------------------------------------------------
POST /bridge/564/30zoa7a4/xhr_streaming 1ms (unfinished)
------------------------------------------------------------------------------------------------------
POST /bridge/564/30zoa7a4/xhr_send 5ms 204
------------------------------------------------------------------------------------------------------
POST /bridge/430/6atoline/xhr_streaming 0ms (unfinished)
POST /bridge/430/6atoline/xhr_send 1ms 204
------------------------------------------------------------------------------------------------------
------------------------------------------------------------------------------------------------------
GET /bridge/info 0ms 200
GET /bridge/info 1ms 200
------------------------------------------------------------------------------------------------------
------------------------------------------------------------------------------------------------------
GET /bridge/529/5f2gc6vt/websocket 1ms (unfinished)
------------------------------------------------------------------------------------------------------
GET /bridge/443/avas7177/websocket 1ms (unfinished)
POST /bridge/529/_cszpvk5/xhr_streaming 1ms (unfinished)
------------------------------------------------------------------------------------------------------
POST /bridge/529/_cszpvk5/xhr_send 2ms 204
------------------------------------------------------------------------------------------------------
------------------------------------------------------------------------------------------------------
POST /bridge/443/nvh1gljw/xhr_streaming 2ms (unfinished)
POST /bridge/443/nvh1gljw/xhr_send 1ms 204
------------------------------------------------------------------------------------------------------
GET /bridge/info 1ms 200
------------------------------------------------------------------------------------------------------
GET /bridge/info 0ms 200
------------------------------------------------------------------------------------------------------
GET /bridge/342/als2wi6n/websocket 2ms (unfinished)
------------------------------------------------------------------------------------------------------
GET /bridge/654/t98sdlx1/websocket 1ms (unfinished)
------------------------------------------------------------------------------------------------------
POST /bridge/342/9bxzbx8k/xhr_streaming 1ms (unfinished)
------------------------------------------------------------------------------------------------------
------------------------------------------------------------------------------------------------------
POST /bridge/654/rzwv25zv/xhr_streaming 1ms (unfinished)
Exception on "POST /bridge/342/9bxzbx8k/xhr_send" in filter "xhr_send":
RangeError [ERR_SOCKET_BAD_PORT]: Port should be >= 0 and < 65536. Received .
    at validatePort (internal/validators.js:211:11)
    at lookupAndConnect (net.js:1000:5)
    at Socket.connect (net.js:976:5)
    at new module.exports.Socket (C:\Nitrogen\NitroWEB\www\js\lib\webtcp\server\socket.js:67:15)
    at module.exports.WebTCP.dispatch (C:\Nitrogen\NitroWEB\www\js\lib\webtcp\server\webtcp.js:37:40)
    at SockJSConnection.<anonymous> (C:\Nitrogen\NitroWEB\www\js\lib\webtcp\server\webtcp.js:25:12)
    at SockJSConnection.emit (events.js:376:20)
    at Session.didMessage (C:\Nitrogen\NitroWEB\node_modules\sockjs\lib\transport.js:246:25)
    at App.xhr_send (C:\Nitrogen\NitroWEB\node_modules\sockjs\lib\trans-xhr.js:81:15)
    at execute_request (C:\Nitrogen\NitroWEB\node_modules\sockjs\lib\webjs.js:22:37)
------------------------------------------------------------------------------------------------------
------------------------------------------------------------------------------------------------------
POST /bridge/342/9bxzbx8k/xhr_send 6ms 500
Exception on "POST /bridge/654/rzwv25zv/xhr_send" in filter "xhr_send":
RangeError [ERR_SOCKET_BAD_PORT]: Port should be >= 0 and < 65536. Received .
    at validatePort (internal/validators.js:211:11)
    at lookupAndConnect (net.js:1000:5)
    at Socket.connect (net.js:976:5)
    at new module.exports.Socket (C:\Nitrogen\NitroWEB\www\js\lib\webtcp\server\socket.js:67:15)
    at module.exports.WebTCP.dispatch (C:\Nitrogen\NitroWEB\www\js\lib\webtcp\server\webtcp.js:37:40)
    at SockJSConnection.<anonymous> (C:\Nitrogen\NitroWEB\www\js\lib\webtcp\server\webtcp.js:25:12)
    at SockJSConnection.emit (events.js:376:20)
    at Session.didMessage (C:\Nitrogen\NitroWEB\node_modules\sockjs\lib\transport.js:246:25)
    at App.xhr_send (C:\Nitrogen\NitroWEB\node_modules\sockjs\lib\trans-xhr.js:81:15)
    at execute_request (C:\Nitrogen\NitroWEB\node_modules\sockjs\lib\webjs.js:22:37)
POST /bridge/654/rzwv25zv/xhr_send 1ms 500
------------------------------------------------------------------------------------------------------
------------------------------------------------------------------------------------------------------
GET /bridge/info 1ms 200
------------------------------------------------------------------------------------------------------
GET /bridge/info 1ms 200
------------------------------------------------------------------------------------------------------
GET /bridge/643/4syjuf9c/websocket 3ms (unfinished)
------------------------------------------------------------------------------------------------------
GET /bridge/766/1vj24f3j/websocket 0ms (unfinished)
------------------------------------------------------------------------------------------------------
------------------------------------------------------------------------------------------------------
POST /bridge/643/v1xm__2c/xhr_streaming 1ms (unfinished)
Exception on "POST /bridge/643/v1xm__2c/xhr_send" in filter "xhr_send":
RangeError [ERR_SOCKET_BAD_PORT]: Port should be >= 0 and < 65536. Received .
    at validatePort (internal/validators.js:211:11)
    at lookupAndConnect (net.js:1000:5)
    at Socket.connect (net.js:976:5)
    at new module.exports.Socket (C:\Nitrogen\NitroWEB\www\js\lib\webtcp\server\socket.js:67:15)
    at module.exports.WebTCP.dispatch (C:\Nitrogen\NitroWEB\www\js\lib\webtcp\server\webtcp.js:37:40)
    at SockJSConnection.<anonymous> (C:\Nitrogen\NitroWEB\www\js\lib\webtcp\server\webtcp.js:25:12)
    at SockJSConnection.emit (events.js:376:20)
    at Session.didMessage (C:\Nitrogen\NitroWEB\node_modules\sockjs\lib\transport.js:246:25)
    at App.xhr_send (C:\Nitrogen\NitroWEB\node_modules\sockjs\lib\trans-xhr.js:81:15)
    at execute_request (C:\Nitrogen\NitroWEB\node_modules\sockjs\lib\webjs.js:22:37)
------------------------------------------------------------------------------------------------------
------------------------------------------------------------------------------------------------------
POST /bridge/643/v1xm__2c/xhr_send 4ms 500
POST /bridge/766/n46k727c/xhr_streaming 1ms (unfinished)
------------------------------------------------------------------------------------------------------
Exception on "POST /bridge/766/n46k727c/xhr_send" in filter "xhr_send":
RangeError [ERR_SOCKET_BAD_PORT]: Port should be >= 0 and < 65536. Received .
    at validatePort (internal/validators.js:211:11)
    at lookupAndConnect (net.js:1000:5)
    at Socket.connect (net.js:976:5)
    at new module.exports.Socket (C:\Nitrogen\NitroWEB\www\js\lib\webtcp\server\socket.js:67:15)
    at module.exports.WebTCP.dispatch (C:\Nitrogen\NitroWEB\www\js\lib\webtcp\server\webtcp.js:37:40)
    at SockJSConnection.<anonymous> (C:\Nitrogen\NitroWEB\www\js\lib\webtcp\server\webtcp.js:25:12)
    at SockJSConnection.emit (events.js:376:20)
    at Session.didMessage (C:\Nitrogen\NitroWEB\node_modules\sockjs\lib\transport.js:246:25)
    at App.xhr_send (C:\Nitrogen\NitroWEB\node_modules\sockjs\lib\trans-xhr.js:81:15)
    at execute_request (C:\Nitrogen\NitroWEB\node_modules\sockjs\lib\webjs.js:22:37)
------------------------------------------------------------------------------------------------------
POST /bridge/766/n46k727c/xhr_send 2ms 500
------------------------------------------------------------------------------------------------------
------------------------------------------------------------------------------------------------------
GET /bridge/info 1ms 200
GET /bridge/info 1ms 200
------------------------------------------------------------------------------------------------------
GET /bridge/917/zpoqjqsk/websocket 0ms (unfinished)
------------------------------------------------------------------------------------------------------
GET /bridge/908/_43rs8uc/websocket 0ms (unfinished)
------------------------------------------------------------------------------------------------------
POST /bridge/917/72y1nlxe/xhr_streaming 0ms (unfinished)
------------------------------------------------------------------------------------------------------
------------------------------------------------------------------------------------------------------
Exception on "POST /bridge/917/72y1nlxe/xhr_send" in filter "xhr_send":
RangeError [ERR_SOCKET_BAD_PORT]: Port should be >= 0 and < 65536. Received .
    at validatePort (internal/validators.js:211:11)
    at lookupAndConnect (net.js:1000:5)
    at Socket.connect (net.js:976:5)
    at new module.exports.Socket (C:\Nitrogen\NitroWEB\www\js\lib\webtcp\server\socket.js:67:15)
    at module.exports.WebTCP.dispatch (C:\Nitrogen\NitroWEB\www\js\lib\webtcp\server\webtcp.js:37:40)
    at SockJSConnection.<anonymous> (C:\Nitrogen\NitroWEB\www\js\lib\webtcp\server\webtcp.js:25:12)
    at SockJSConnection.emit (events.js:376:20)
    at Session.didMessage (C:\Nitrogen\NitroWEB\node_modules\sockjs\lib\transport.js:246:25)
    at App.xhr_send (C:\Nitrogen\NitroWEB\node_modules\sockjs\lib\trans-xhr.js:81:15)
    at execute_request (C:\Nitrogen\NitroWEB\node_modules\sockjs\lib\webjs.js:22:37)
POST /bridge/917/72y1nlxe/xhr_send 2ms 500
------------------------------------------------------------------------------------------------------
POST /bridge/908/yr2_of6m/xhr_streaming 0ms (unfinished)
------------------------------------------------------------------------------------------------------
GET /bridge/info 0ms 200
------------------------------------------------------------------------------------------------------
GET /bridge/info 1ms 200
------------------------------------------------------------------------------------------------------
GET /bridge/128/5wrflkiy/websocket 0ms (unfinished)
------------------------------------------------------------------------------------------------------
------------------------------------------------------------------------------------------------------
GET /bridge/609/_wdlbz0i/websocket 0ms (unfinished)
08,02,2022,09,00
------------------------------------------------------------------------------------------------------
08,02,2022,09,00
------------------------------------------------------------------------------------------------------
GET /bridge/info 1ms 200
------------------------------------------------------------------------------------------------------
GET /bridge/info 0ms 200
------------------------------------------------------------------------------------------------------
GET /bridge/610/zuf88g7q/websocket 2ms (unfinished)
------------------------------------------------------------------------------------------------------
GET /bridge/429/447_tluf/websocket 0ms (unfinished)
------------------------------------------------------------------------------------------------------
GET /bridge/info 1ms 200
------------------------------------------------------------------------------------------------------
GET /bridge/info 1ms 200
------------------------------------------------------------------------------------------------------
GET /bridge/520/4tyy4sy0/websocket 4ms (unfinished)
------------------------------------------------------------------------------------------------------
GET /bridge/661/yi8xwr_4/websocket 0ms (unfinished)
------------------------------------------------------------------------------------------------------
GET /bridge/info 1ms 200
------------------------------------------------------------------------------------------------------
GET /bridge/info 1ms 200
------------------------------------------------------------------------------------------------------
------------------------------------------------------------------------------------------------------
GET /bridge/775/t63iljmd/websocket 3ms (unfinished)
GET /bridge/901/opmz96mr/websocket 0ms (unfinished)
------------------------------------------------------------------------------------------------------
GET /bridge/info 1ms 200
------------------------------------------------------------------------------------------------------
GET /bridge/info 0ms 200
------------------------------------------------------------------------------------------------------
GET /bridge/954/vfiknxx4/websocket 2ms (unfinished)
------------------------------------------------------------------------------------------------------
GET /bridge/571/_q2u4enn/websocket 0ms (unfinished)
------------------------------------------------------------------------------------------------------
GET /bridge/info 1ms 200
------------------------------------------------------------------------------------------------------
------------------------------------------------------------------------------------------------------
GET /bridge/info 3ms 200
GET /bridge/142/cdbr9ylk/websocket 3ms (unfinished)
------------------------------------------------------------------------------------------------------
GET /bridge/151/baco4bto/websocket 0ms (unfinished)
------------------------------------------------------------------------------------------------------
POST /bridge/142/vds83n7o/xhr_streaming 2ms (unfinished)
------------------------------------------------------------------------------------------------------
POST /bridge/151/xswfdbga/xhr_streaming 0ms (unfinished)
------------------------------------------------------------------------------------------------------
Exception on "POST /bridge/142/vds83n7o/xhr_send" in filter "xhr_send":
RangeError [ERR_SOCKET_BAD_PORT]: Port should be >= 0 and < 65536. Received .
    at validatePort (internal/validators.js:211:11)
    at lookupAndConnect (net.js:1000:5)
    at Socket.connect (net.js:976:5)
    at new module.exports.Socket (C:\Nitrogen\NitroWEB\www\js\lib\webtcp\server\socket.js:67:15)
    at module.exports.WebTCP.dispatch (C:\Nitrogen\NitroWEB\www\js\lib\webtcp\server\webtcp.js:37:40)
    at SockJSConnection.<anonymous> (C:\Nitrogen\NitroWEB\www\js\lib\webtcp\server\webtcp.js:25:12)
    at SockJSConnection.emit (events.js:376:20)
    at Session.didMessage (C:\Nitrogen\NitroWEB\node_modules\sockjs\lib\transport.js:246:25)
    at App.xhr_send (C:\Nitrogen\NitroWEB\node_modules\sockjs\lib\trans-xhr.js:81:15)
    at execute_request (C:\Nitrogen\NitroWEB\node_modules\sockjs\lib\webjs.js:22:37)
------------------------------------------------------------------------------------------------------
------------------------------------------------------------------------------------------------------
POST /bridge/142/vds83n7o/xhr_send 7ms 500
------------------------------------------------------------------------------------------------------
Exception on "POST /bridge/151/xswfdbga/xhr_send" in filter "xhr_send":
RangeError [ERR_SOCKET_BAD_PORT]: Port should be >= 0 and < 65536. Received .
    at validatePort (internal/validators.js:211:11)
    at lookupAndConnect (net.js:1000:5)
    at Socket.connect (net.js:976:5)
    at new module.exports.Socket (C:\Nitrogen\NitroWEB\www\js\lib\webtcp\server\socket.js:67:15)
    at module.exports.WebTCP.dispatch (C:\Nitrogen\NitroWEB\www\js\lib\webtcp\server\webtcp.js:37:40)
    at SockJSConnection.<anonymous> (C:\Nitrogen\NitroWEB\www\js\lib\webtcp\server\webtcp.js:25:12)
    at SockJSConnection.emit (events.js:376:20)
    at Session.didMessage (C:\Nitrogen\NitroWEB\node_modules\sockjs\lib\transport.js:246:25)
    at App.xhr_send (C:\Nitrogen\NitroWEB\node_modules\sockjs\lib\trans-xhr.js:81:15)
    at execute_request (C:\Nitrogen\NitroWEB\node_modules\sockjs\lib\webjs.js:22:37)
------------------------------------------------------------------------------------------------------
POST /bridge/151/xswfdbga/xhr_send 1ms 500
GET /bridge/info 0ms 200
------------------------------------------------------------------------------------------------------
GET /bridge/info 0ms 200
------------------------------------------------------------------------------------------------------
GET /bridge/986/5qppr9gv/websocket 1ms (unfinished)
------------------------------------------------------------------------------------------------------
------------------------------------------------------------------------------------------------------
GET /bridge/355/hsgwi97d/websocket 0ms (unfinished)
------------------------------------------------------------------------------------------------------
POST /bridge/986/xpaa8c7i/xhr_streaming 1ms (unfinished)
Exception on "POST /bridge/986/xpaa8c7i/xhr_send" in filter "xhr_send":
RangeError [ERR_SOCKET_BAD_PORT]: Port should be >= 0 and < 65536. Received .
    at validatePort (internal/validators.js:211:11)
    at lookupAndConnect (net.js:1000:5)
    at Socket.connect (net.js:976:5)
    at new module.exports.Socket (C:\Nitrogen\NitroWEB\www\js\lib\webtcp\server\socket.js:67:15)
    at module.exports.WebTCP.dispatch (C:\Nitrogen\NitroWEB\www\js\lib\webtcp\server\webtcp.js:37:40)
    at SockJSConnection.<anonymous> (C:\Nitrogen\NitroWEB\www\js\lib\webtcp\server\webtcp.js:25:12)
    at SockJSConnection.emit (events.js:376:20)
    at Session.didMessage (C:\Nitrogen\NitroWEB\node_modules\sockjs\lib\transport.js:246:25)
    at App.xhr_send (C:\Nitrogen\NitroWEB\node_modules\sockjs\lib\trans-xhr.js:81:15)
    at execute_request (C:\Nitrogen\NitroWEB\node_modules\sockjs\lib\webjs.js:22:37)
------------------------------------------------------------------------------------------------------
POST /bridge/986/xpaa8c7i/xhr_send 1ms 500
------------------------------------------------------------------------------------------------------
POST /bridge/355/ccic2ws6/xhr_streaming 0ms (unfinished)
------------------------------------------------------------------------------------------------------
Exception on "POST /bridge/355/ccic2ws6/xhr_send" in filter "xhr_send":
RangeError [ERR_SOCKET_BAD_PORT]: Port should be >= 0 and < 65536. Received .
    at validatePort (internal/validators.js:211:11)
    at lookupAndConnect (net.js:1000:5)
    at Socket.connect (net.js:976:5)
    at new module.exports.Socket (C:\Nitrogen\NitroWEB\www\js\lib\webtcp\server\socket.js:67:15)
    at module.exports.WebTCP.dispatch (C:\Nitrogen\NitroWEB\www\js\lib\webtcp\server\webtcp.js:37:40)
    at SockJSConnection.<anonymous> (C:\Nitrogen\NitroWEB\www\js\lib\webtcp\server\webtcp.js:25:12)
    at SockJSConnection.emit (events.js:376:20)
    at Session.didMessage (C:\Nitrogen\NitroWEB\node_modules\sockjs\lib\transport.js:246:25)
    at App.xhr_send (C:\Nitrogen\NitroWEB\node_modules\sockjs\lib\trans-xhr.js:81:15)
    at execute_request (C:\Nitrogen\NitroWEB\node_modules\sockjs\lib\webjs.js:22:37)
------------------------------------------------------------------------------------------------------
POST /bridge/355/ccic2ws6/xhr_send 1ms 500
------------------------------------------------------------------------------------------------------
GET /bridge/info 1ms 200
------------------------------------------------------------------------------------------------------
GET /bridge/info 0ms 200
------------------------------------------------------------------------------------------------------
GET /bridge/676/t2d5c_2u/websocket 1ms (unfinished)
------------------------------------------------------------------------------------------------------
GET /bridge/036/n9469zve/websocket 0ms (unfinished)
------------------------------------------------------------------------------------------------------
POST /bridge/676/ftde4xp3/xhr_streaming 1ms (unfinished)
------------------------------------------------------------------------------------------------------
Exception on "POST /bridge/676/ftde4xp3/xhr_send" in filter "xhr_send":
RangeError [ERR_SOCKET_BAD_PORT]: Port should be >= 0 and < 65536. Received .
    at validatePort (internal/validators.js:211:11)
    at lookupAndConnect (net.js:1000:5)
    at Socket.connect (net.js:976:5)
    at new module.exports.Socket (C:\Nitrogen\NitroWEB\www\js\lib\webtcp\server\socket.js:67:15)
    at module.exports.WebTCP.dispatch (C:\Nitrogen\NitroWEB\www\js\lib\webtcp\server\webtcp.js:37:40)
    at SockJSConnection.<anonymous> (C:\Nitrogen\NitroWEB\www\js\lib\webtcp\server\webtcp.js:25:12)
    at SockJSConnection.emit (events.js:376:20)
    at Session.didMessage (C:\Nitrogen\NitroWEB\node_modules\sockjs\lib\transport.js:246:25)
    at App.xhr_send (C:\Nitrogen\NitroWEB\node_modules\sockjs\lib\trans-xhr.js:81:15)
    at execute_request (C:\Nitrogen\NitroWEB\node_modules\sockjs\lib\webjs.js:22:37)
------------------------------------------------------------------------------------------------------
POST /bridge/676/ftde4xp3/xhr_send 1ms 500
------------------------------------------------------------------------------------------------------
POST /bridge/036/x7mnqxhd/xhr_streaming 1ms (unfinished)
------------------------------------------------------------------------------------------------------
------------------------------------------------------------------------------------------------------
GET /bridge/info 0ms 200
GET /bridge/info 0ms 200
------------------------------------------------------------------------------------------------------
GET /bridge/414/i1wclpxc/websocket 1ms (unfinished)
------------------------------------------------------------------------------------------------------
------------------------------------------------------------------------------------------------------
GET /bridge/153/8akgc2at/websocket 1ms (unfinished)
GET /bridge/info 0ms 200
------------------------------------------------------------------------------------------------------
GET /bridge/info 0ms 200
------------------------------------------------------------------------------------------------------
GET /bridge/403/u63pyuzp/websocket 0ms (unfinished)
------------------------------------------------------------------------------------------------------
------------------------------------------------------------------------------------------------------
GET /bridge/631/x3m4uj2v/websocket 1ms (unfinished)
------------------------------------------------------------------------------------------------------
Exception on "POST /bridge/036/x7mnqxhd/xhr_send" in filter "xhr_send":
RangeError [ERR_SOCKET_BAD_PORT]: Port should be >= 0 and < 65536. Received .
    at validatePort (internal/validators.js:211:11)
    at lookupAndConnect (net.js:1000:5)
    at Socket.connect (net.js:976:5)
    at new module.exports.Socket (C:\Nitrogen\NitroWEB\www\js\lib\webtcp\server\socket.js:67:15)
    at module.exports.WebTCP.dispatch (C:\Nitrogen\NitroWEB\www\js\lib\webtcp\server\webtcp.js:37:40)
    at SockJSConnection.<anonymous> (C:\Nitrogen\NitroWEB\www\js\lib\webtcp\server\webtcp.js:25:12)
    at SockJSConnection.emit (events.js:376:20)
    at Session.didMessage (C:\Nitrogen\NitroWEB\node_modules\sockjs\lib\transport.js:246:25)
    at App.xhr_send (C:\Nitrogen\NitroWEB\node_modules\sockjs\lib\trans-xhr.js:81:15)
    at execute_request (C:\Nitrogen\NitroWEB\node_modules\sockjs\lib\webjs.js:22:37)
------------------------------------------------------------------------------------------------------
POST /bridge/036/x7mnqxhd/xhr_send 9ms 500
GET /bridge/info 1ms 200
------------------------------------------------------------------------------------------------------
GET /bridge/info 0ms 200
------------------------------------------------------------------------------------------------------
GET /bridge/378/ty10fwm6/websocket 2ms (unfinished)
------------------------------------------------------------------------------------------------------
GET /bridge/368/voqgsnwv/websocket 0ms (unfinished)
------------------------------------------------------------------------------------------------------
------------------------------------------------------------------------------------------------------
GET /bridge/info 0ms 200
------------------------------------------------------------------------------------------------------
GET /bridge/info 1ms 200
------------------------------------------------------------------------------------------------------
GET /bridge/703/vmeymc18/websocket 1ms (unfinished)
------------------------------------------------------------------------------------------------------
GET /bridge/488/3zsffokr/websocket 1ms (unfinished)
POST /bridge/738/6fo2h_7i/xhr_send 2ms 204
------------------------------------------------------------------------------------------------------
GET /bridge/info 0ms 200
------------------------------------------------------------------------------------------------------
------------------------------------------------------------------------------------------------------
GET /bridge/info 1ms 200
GET /bridge/878/477i39oy/websocket 1ms (unfinished)
------------------------------------------------------------------------------------------------------
GET /bridge/291/ycpa1d0o/websocket 0ms (unfinished)
------------------------------------------------------------------------------------------------------
POST /bridge/878/czj_q4nw/xhr_streaming 1ms (unfinished)
------------------------------------------------------------------------------------------------------
POST /bridge/878/czj_q4nw/xhr_send 2ms 204
------------------------------------------------------------------------------------------------------
POST /bridge/291/87h_3jfl/xhr_streaming 1ms (unfinished)
------------------------------------------------------------------------------------------------------
POST /bridge/291/87h_3jfl/xhr_send 1ms 204
------------------------------------------------------------------------------------------------------
GET /bridge/info 0ms 200
------------------------------------------------------------------------------------------------------
GET /bridge/info 1ms 200
------------------------------------------------------------------------------------------------------
GET /bridge/886/9xwefkty/websocket 0ms (unfinished)
------------------------------------------------------------------------------------------------------
GET /bridge/844/b3c7losz/websocket 0ms (unfinished)
------------------------------------------------------------------------------------------------------
POST /bridge/886/nux5tmcy/xhr_streaming 1ms (unfinished)
------------------------------------------------------------------------------------------------------
POST /bridge/886/nux5tmcy/xhr_send 1ms 204
------------------------------------------------------------------------------------------------------
POST /bridge/844/gek2qtwg/xhr_streaming 1ms (unfinished)
------------------------------------------------------------------------------------------------------
POST /bridge/844/gek2qtwg/xhr_send 1ms 204
------------------------------------------------------------------------------------------------------
------------------------------------------------------------------------------------------------------
GET /bridge/info 0ms 200
GET /bridge/info 0ms 200
------------------------------------------------------------------------------------------------------
------------------------------------------------------------------------------------------------------
GET /bridge/948/j7rhm4z0/websocket 0ms (unfinished)
GET /bridge/818/79nm93n3/websocket 1ms (unfinished)
------------------------------------------------------------------------------------------------------
POST /bridge/818/ytrldx7y/xhr_streaming 1ms (unfinished)
------------------------------------------------------------------------------------------------------
POST /bridge/818/ytrldx7y/xhr_send 1ms 204
------------------------------------------------------------------------------------------------------
POST /bridge/948/bwvly3h2/xhr_streaming 1ms (unfinished)
------------------------------------------------------------------------------------------------------
GET /bridge/info 1ms 200
------------------------------------------------------------------------------------------------------
GET /bridge/info 0ms 200
------------------------------------------------------------------------------------------------------
------------------------------------------------------------------------------------------------------
GET /bridge/291/p2kc8nph/websocket 1ms (unfinished)
------------------------------------------------------------------------------------------------------
GET /bridge/340/wgxurj45/websocket 0ms (unfinished)
------------------------------------------------------------------------------------------------------
GET /bridge/info 1ms 200
GET /bridge/info 0ms 200
------------------------------------------------------------------------------------------------------
------------------------------------------------------------------------------------------------------
GET /bridge/341/wmubgucn/websocket 0ms (unfinished)
GET /bridge/308/l6mjmg9y/websocket 0ms (unfinished)
------------------------------------------------------------------------------------------------------
------------------------------------------------------------------------------------------------------
GET /bridge/info 1ms 200
GET /bridge/info 1ms 200
------------------------------------------------------------------------------------------------------
GET /bridge/382/ofgv2w32/websocket 0ms (unfinished)
------------------------------------------------------------------------------------------------------
------------------------------------------------------------------------------------------------------
GET /bridge/343/th3qqjcx/websocket 0ms (unfinished)
GET /bridge/info 1ms 200
------------------------------------------------------------------------------------------------------
GET /bridge/info 0ms 200
------------------------------------------------------------------------------------------------------
------------------------------------------------------------------------------------------------------
GET /bridge/580/vam4eoo0/websocket 0ms (unfinished)
GET /bridge/375/kv08z6e7/websocket 0ms (unfinished)
------------------------------------------------------------------------------------------------------
------------------------------------------------------------------------------------------------------
GET /bridge/info 0ms 200
GET /bridge/info 0ms 200
------------------------------------------------------------------------------------------------------
GET /bridge/844/xpqz2bts/websocket 1ms (unfinished)
------------------------------------------------------------------------------------------------------
GET /bridge/431/x1gbvgnz/websocket 0ms (unfinished)
------------------------------------------------------------------------------------------------------
POST /bridge/948/bwvly3h2/xhr_send 2ms 204
------------------------------------------------------------------------------------------------------
