GET /bridge/info 1ms 200
------------------------------------------------------------------------------------------------------
GET /bridge/info 1ms 200
------------------------------------------------------------------------------------------------------
GET /bridge/367/f3h6bk78/websocket 1ms (unfinished)
------------------------------------------------------------------------------------------------------
GET /bridge/543/i8mgtvrd/websocket 0ms (unfinished)
------------------------------------------------------------------------------------------------------
POST /bridge/367/yaaa1119/xhr_streaming 2ms (unfinished)
------------------------------------------------------------------------------------------------------
POST /bridge/367/yaaa1119/xhr_send 3ms 204
------------------------------------------------------------------------------------------------------
POST /bridge/543/tr33r963/xhr_streaming 0ms (unfinished)
------------------------------------------------------------------------------------------------------
POST /bridge/543/tr33r963/xhr_send 0ms 204
------------------------------------------------------------------------------------------------------
------------------------------------------------------------------------------------------------------
GET /bridge/info 0ms 200
GET /bridge/info 0ms 200
------------------------------------------------------------------------------------------------------
GET /bridge/339/i7rgxesj/websocket 0ms (unfinished)
------------------------------------------------------------------------------------------------------
GET /bridge/085/vyrj2mii/websocket 0ms (unfinished)
------------------------------------------------------------------------------------------------------
POST /bridge/339/_j09jdwf/xhr_streaming 1ms (unfinished)
------------------------------------------------------------------------------------------------------
POST /bridge/339/_j09jdwf/xhr_send 1ms 204
------------------------------------------------------------------------------------------------------
POST /bridge/085/idckl0qh/xhr_streaming 0ms (unfinished)
------------------------------------------------------------------------------------------------------
POST /bridge/085/idckl0qh/xhr_send 1ms 204
------------------------------------------------------------------------------------------------------
GET /bridge/info 1ms 200
------------------------------------------------------------------------------------------------------
GET /bridge/info 0ms 200
------------------------------------------------------------------------------------------------------
GET /bridge/669/v1u7q7n6/websocket 2ms (unfinished)
------------------------------------------------------------------------------------------------------
GET /bridge/756/548grilu/websocket 0ms (unfinished)
------------------------------------------------------------------------------------------------------
POST /bridge/669/sdcso9sv/xhr_streaming 1ms (unfinished)
------------------------------------------------------------------------------------------------------
POST /bridge/669/sdcso9sv/xhr_send 3ms 204
------------------------------------------------------------------------------------------------------
POST /bridge/756/v8lycjm_/xhr_streaming 1ms (unfinished)
------------------------------------------------------------------------------------------------------
POST /bridge/756/v8lycjm_/xhr_send 1ms 204
------------------------------------------------------------------------------------------------------
GET /bridge/info 1ms 200
------------------------------------------------------------------------------------------------------
GET /bridge/info 0ms 200
------------------------------------------------------------------------------------------------------
GET /bridge/425/n7jixvep/websocket 2ms (unfinished)
------------------------------------------------------------------------------------------------------
GET /bridge/198/xswqolav/websocket 0ms (unfinished)
------------------------------------------------------------------------------------------------------
POST /bridge/425/vqhmpeir/xhr_streaming 1ms (unfinished)
------------------------------------------------------------------------------------------------------
POST /bridge/425/vqhmpeir/xhr_send 4ms 204
------------------------------------------------------------------------------------------------------
POST /bridge/198/uukh95ul/xhr_streaming 0ms (unfinished)
------------------------------------------------------------------------------------------------------
------------------------------------------------------------------------------------------------------
POST /bridge/198/uukh95ul/xhr_send 1ms 204
GET /bridge/info 1ms 200
------------------------------------------------------------------------------------------------------
GET /bridge/info 0ms 200
------------------------------------------------------------------------------------------------------
GET /bridge/994/n3_6g49d/websocket 3ms (unfinished)
------------------------------------------------------------------------------------------------------
------------------------------------------------------------------------------------------------------
GET /bridge/307/ga1kvwtx/websocket 1ms (unfinished)
POST /bridge/994/m7r83snn/xhr_streaming 1ms (unfinished)
------------------------------------------------------------------------------------------------------
POST /bridge/994/m7r83snn/xhr_send 3ms 204
------------------------------------------------------------------------------------------------------
POST /bridge/307/jgxi3xup/xhr_streaming 2ms (unfinished)
------------------------------------------------------------------------------------------------------
------------------------------------------------------------------------------------------------------
POST /bridge/307/jgxi3xup/xhr_send 1ms 204
------------------------------------------------------------------------------------------------------
GET /bridge/info 1ms 200
GET /bridge/info 0ms 200
------------------------------------------------------------------------------------------------------
GET /bridge/354/r4i3r6ey/websocket 1ms (unfinished)
------------------------------------------------------------------------------------------------------
GET /bridge/887/i52_bhtv/websocket 0ms (unfinished)
------------------------------------------------------------------------------------------------------
POST /bridge/354/5xh6u0oc/xhr_streaming 1ms (unfinished)
------------------------------------------------------------------------------------------------------
POST /bridge/354/5xh6u0oc/xhr_send 1ms 204
------------------------------------------------------------------------------------------------------
------------------------------------------------------------------------------------------------------
POST /bridge/887/oa1cuj6s/xhr_streaming 1ms (unfinished)
GET /bridge/info 1ms 200
------------------------------------------------------------------------------------------------------
GET /bridge/info 2ms 200
------------------------------------------------------------------------------------------------------
GET /bridge/014/hl5zson8/websocket 0ms (unfinished)
------------------------------------------------------------------------------------------------------
------------------------------------------------------------------------------------------------------
GET /bridge/027/st4cigrn/websocket 1ms (unfinished)
------------------------------------------------------------------------------------------------------
POST /bridge/014/xgcd6lyk/xhr_streaming 0ms (unfinished)
POST /bridge/014/xgcd6lyk/xhr_send 2ms 204
------------------------------------------------------------------------------------------------------
POST /bridge/027/rmqjlv39/xhr_streaming 1ms (unfinished)
------------------------------------------------------------------------------------------------------
------------------------------------------------------------------------------------------------------
POST /bridge/027/rmqjlv39/xhr_send 1ms 204
------------------------------------------------------------------------------------------------------
GET /bridge/info 0ms 200
GET /bridge/info 1ms 200
------------------------------------------------------------------------------------------------------
GET /bridge/778/_tg0fyiu/websocket 0ms (unfinished)
------------------------------------------------------------------------------------------------------
------------------------------------------------------------------------------------------------------
GET /bridge/035/p7jddrry/websocket 0ms (unfinished)
POST /bridge/778/9_p1vbkj/xhr_streaming 1ms (unfinished)
------------------------------------------------------------------------------------------------------
POST /bridge/778/9_p1vbkj/xhr_send 1ms 204
------------------------------------------------------------------------------------------------------
POST /bridge/035/zhxpqix3/xhr_streaming 0ms (unfinished)
------------------------------------------------------------------------------------------------------
POST /bridge/035/zhxpqix3/xhr_send 1ms 204
------------------------------------------------------------------------------------------------------
GET /bridge/info 1ms 200
------------------------------------------------------------------------------------------------------
------------------------------------------------------------------------------------------------------
GET /bridge/info 1ms 200
GET /bridge/600/nwm0suif/websocket 2ms (unfinished)
------------------------------------------------------------------------------------------------------
GET /bridge/219/ce4jmv1f/websocket 1ms (unfinished)
------------------------------------------------------------------------------------------------------
GET /bridge/info 1ms 200
------------------------------------------------------------------------------------------------------
GET /bridge/info 0ms 200
------------------------------------------------------------------------------------------------------
GET /bridge/957/_i4wrvg_/websocket 1ms (unfinished)
------------------------------------------------------------------------------------------------------
GET /bridge/327/p1hws0n5/websocket 0ms (unfinished)
------------------------------------------------------------------------------------------------------
GET /bridge/info 0ms 200
------------------------------------------------------------------------------------------------------
GET /bridge/info 0ms 200
------------------------------------------------------------------------------------------------------
------------------------------------------------------------------------------------------------------
GET /bridge/887/dtp556qw/websocket 1ms (unfinished)
------------------------------------------------------------------------------------------------------
GET /bridge/632/jyzotizk/websocket 0ms (unfinished)
------------------------------------------------------------------------------------------------------
GET /bridge/info 0ms 200
GET /bridge/info 0ms 200
------------------------------------------------------------------------------------------------------
GET /bridge/455/urd0fzvz/websocket 0ms (unfinished)
------------------------------------------------------------------------------------------------------
GET /bridge/441/d13003_c/websocket 0ms (unfinished)
------------------------------------------------------------------------------------------------------
GET /bridge/info 0ms 200
------------------------------------------------------------------------------------------------------
GET /bridge/info 0ms 200
------------------------------------------------------------------------------------------------------
GET /bridge/901/3koth6c3/websocket 1ms (unfinished)
------------------------------------------------------------------------------------------------------
------------------------------------------------------------------------------------------------------
GET /bridge/596/a48w1fnt/websocket 0ms (unfinished)
POST /bridge/901/recfvgak/xhr_streaming 1ms (unfinished)
------------------------------------------------------------------------------------------------------
------------------------------------------------------------------------------------------------------
POST /bridge/901/recfvgak/xhr_send 3ms 204
POST /bridge/596/blg7r0b_/xhr_streaming 1ms (unfinished)
------------------------------------------------------------------------------------------------------
GET /bridge/info 1ms 200
------------------------------------------------------------------------------------------------------
GET /bridge/info 1ms 200
------------------------------------------------------------------------------------------------------
GET /bridge/010/dubok9nt/websocket 0ms (unfinished)
------------------------------------------------------------------------------------------------------
GET /bridge/963/t7rh7466/websocket 1ms (unfinished)
------------------------------------------------------------------------------------------------------
GET /bridge/info 0ms 200
------------------------------------------------------------------------------------------------------
------------------------------------------------------------------------------------------------------
GET /bridge/info 1ms 200
------------------------------------------------------------------------------------------------------
GET /bridge/746/qh_n45_o/websocket 0ms (unfinished)
GET /bridge/518/tnngduws/websocket 0ms (unfinished)
------------------------------------------------------------------------------------------------------
GET /bridge/info 1ms 200
------------------------------------------------------------------------------------------------------
GET /bridge/info 0ms 200
------------------------------------------------------------------------------------------------------
------------------------------------------------------------------------------------------------------
GET /bridge/064/5hzayud2/websocket 0ms (unfinished)
GET /bridge/078/sojdjm6r/websocket 0ms (unfinished)
------------------------------------------------------------------------------------------------------
GET /bridge/info 0ms 200
------------------------------------------------------------------------------------------------------
GET /bridge/info 1ms 200
------------------------------------------------------------------------------------------------------
GET /bridge/652/t3abh6vd/websocket 1ms (unfinished)
------------------------------------------------------------------------------------------------------
GET /bridge/418/ha5_52ok/websocket 0ms (unfinished)
------------------------------------------------------------------------------------------------------
GET /bridge/info 1ms 200
------------------------------------------------------------------------------------------------------
GET /bridge/info 0ms 200
------------------------------------------------------------------------------------------------------
------------------------------------------------------------------------------------------------------
GET /bridge/216/32gggbze/websocket 2ms (unfinished)
GET /bridge/024/zsnrjsxb/websocket 0ms (unfinished)
------------------------------------------------------------------------------------------------------
GET /bridge/info 1ms 200
------------------------------------------------------------------------------------------------------
GET /bridge/info 1ms 200
------------------------------------------------------------------------------------------------------
GET /bridge/238/syy83hu5/websocket 3ms (unfinished)
------------------------------------------------------------------------------------------------------
GET /bridge/714/pp08i1n7/websocket 0ms (unfinished)
------------------------------------------------------------------------------------------------------
POST /bridge/238/g8807wat/xhr_streaming 1ms (unfinished)
------------------------------------------------------------------------------------------------------
POST /bridge/238/g8807wat/xhr_send 4ms 204
------------------------------------------------------------------------------------------------------
POST /bridge/714/l4fw8npe/xhr_streaming 1ms (unfinished)
------------------------------------------------------------------------------------------------------
GET /bridge/info 0ms 200
------------------------------------------------------------------------------------------------------
------------------------------------------------------------------------------------------------------
GET /bridge/441/_mqvqbkn/websocket 0ms (unfinished)
GET /bridge/info 1ms 200
------------------------------------------------------------------------------------------------------
GET /bridge/377/qbh1dzpa/websocket 0ms (unfinished)
------------------------------------------------------------------------------------------------------
GET /bridge/info 0ms 200
------------------------------------------------------------------------------------------------------
GET /bridge/info 0ms 200
------------------------------------------------------------------------------------------------------
GET /bridge/627/_9kdslno/websocket 2ms (unfinished)
------------------------------------------------------------------------------------------------------
GET /bridge/609/l947ghd6/websocket 0ms (unfinished)
------------------------------------------------------------------------------------------------------
------------------------------------------------------------------------------------------------------
GET /bridge/info 1ms 200
GET /bridge/info 1ms 200
------------------------------------------------------------------------------------------------------
GET /bridge/595/m7u0_5fs/websocket 3ms (unfinished)
------------------------------------------------------------------------------------------------------
GET /bridge/811/i5zieh30/websocket 1ms (unfinished)
------------------------------------------------------------------------------------------------------
GET /bridge/info 1ms 200
------------------------------------------------------------------------------------------------------
GET /bridge/info 1ms 200
------------------------------------------------------------------------------------------------------
GET /bridge/193/maw7mfj3/websocket 1ms (unfinished)
------------------------------------------------------------------------------------------------------
GET /bridge/745/ed443y3h/websocket 0ms (unfinished)
------------------------------------------------------------------------------------------------------
------------------------------------------------------------------------------------------------------
GET /bridge/info 1ms 200
GET /bridge/info 0ms 200
------------------------------------------------------------------------------------------------------
GET /bridge/042/h1uskr0t/websocket 1ms (unfinished)
------------------------------------------------------------------------------------------------------
------------------------------------------------------------------------------------------------------
GET /bridge/812/tix38i9r/websocket 1ms (unfinished)
GET /bridge/info 0ms 200
------------------------------------------------------------------------------------------------------
GET /bridge/info 1ms 200
------------------------------------------------------------------------------------------------------
------------------------------------------------------------------------------------------------------
GET /bridge/729/tlnl63dj/websocket 0ms (unfinished)
------------------------------------------------------------------------------------------------------
GET /bridge/121/jrpgclvb/websocket 1ms (unfinished)
------------------------------------------------------------------------------------------------------
GET /bridge/info 1ms 200
GET /bridge/info 0ms 200
------------------------------------------------------------------------------------------------------
GET /bridge/119/n5h4_czf/websocket 0ms (unfinished)
------------------------------------------------------------------------------------------------------
GET /bridge/519/pqug48pe/websocket 0ms (unfinished)
------------------------------------------------------------------------------------------------------
------------------------------------------------------------------------------------------------------
GET /bridge/info 1ms 200
GET /bridge/info 0ms 200
------------------------------------------------------------------------------------------------------
GET /bridge/307/lhin7767/websocket 2ms (unfinished)
------------------------------------------------------------------------------------------------------
GET /bridge/020/gpfmgukv/websocket 0ms (unfinished)
------------------------------------------------------------------------------------------------------
GET /bridge/info 1ms 200
------------------------------------------------------------------------------------------------------
GET /bridge/info 0ms 200
------------------------------------------------------------------------------------------------------
GET /bridge/492/o_9enopi/websocket 2ms (unfinished)
------------------------------------------------------------------------------------------------------
GET /bridge/092/ui1b_umk/websocket 0ms (unfinished)
------------------------------------------------------------------------------------------------------
GET /bridge/info 1ms 200
------------------------------------------------------------------------------------------------------
GET /bridge/info 1ms 200
------------------------------------------------------------------------------------------------------
GET /bridge/522/vh801svd/websocket 2ms (unfinished)
------------------------------------------------------------------------------------------------------
GET /bridge/305/_4z6tmoq/websocket 1ms (unfinished)
------------------------------------------------------------------------------------------------------
GET /bridge/info 0ms 200
------------------------------------------------------------------------------------------------------
GET /bridge/info 0ms 200
------------------------------------------------------------------------------------------------------
------------------------------------------------------------------------------------------------------
GET /bridge/715/by8248_2/websocket 0ms (unfinished)
------------------------------------------------------------------------------------------------------
GET /bridge/898/63su0c5d/websocket 0ms (unfinished)
GET /bridge/info 1ms 200
------------------------------------------------------------------------------------------------------
GET /bridge/info 1ms 200
------------------------------------------------------------------------------------------------------
GET /bridge/235/hw4lx3uy/websocket 2ms (unfinished)
------------------------------------------------------------------------------------------------------
------------------------------------------------------------------------------------------------------
GET /bridge/213/0shh3ubk/websocket 0ms (unfinished)
GET /bridge/info 1ms 200
------------------------------------------------------------------------------------------------------
GET /bridge/info 0ms 200
------------------------------------------------------------------------------------------------------
GET /bridge/131/gxlb3w8v/websocket 3ms (unfinished)
------------------------------------------------------------------------------------------------------
GET /bridge/187/f3fis5bz/websocket 1ms (unfinished)
------------------------------------------------------------------------------------------------------
GET /bridge/info 0ms 200
------------------------------------------------------------------------------------------------------
GET /bridge/info 0ms 200
------------------------------------------------------------------------------------------------------
GET /bridge/008/a35wvjuk/websocket 0ms (unfinished)
------------------------------------------------------------------------------------------------------
GET /bridge/456/9_dugepa/websocket 0ms (unfinished)
------------------------------------------------------------------------------------------------------
POST /bridge/596/blg7r0b_/xhr_send 4ms 404
------------------------------------------------------------------------------------------------------
GET /bridge/info 1ms 200
------------------------------------------------------------------------------------------------------
GET /bridge/info 1ms 200
------------------------------------------------------------------------------------------------------
GET /bridge/474/30k53ybd/websocket 2ms (unfinished)
------------------------------------------------------------------------------------------------------
GET /bridge/079/qr_myhol/websocket 0ms (unfinished)
------------------------------------------------------------------------------------------------------
GET /bridge/info 1ms 200
------------------------------------------------------------------------------------------------------
GET /bridge/info 1ms 200
------------------------------------------------------------------------------------------------------
GET /bridge/635/iudz55j_/websocket 3ms (unfinished)
------------------------------------------------------------------------------------------------------
GET /bridge/637/bl8do7jn/websocket 0ms (unfinished)
------------------------------------------------------------------------------------------------------
POST /bridge/635/xch6hhoi/xhr_streaming 1ms (unfinished)
------------------------------------------------------------------------------------------------------
POST /bridge/635/xch6hhoi/xhr_send 4ms 204
------------------------------------------------------------------------------------------------------
------------------------------------------------------------------------------------------------------
POST /bridge/637/9nigmx2w/xhr_streaming 0ms (unfinished)
POST /bridge/637/9nigmx2w/xhr_send 1ms 204
------------------------------------------------------------------------------------------------------
GET /bridge/info 0ms 200
------------------------------------------------------------------------------------------------------
GET /bridge/info 0ms 200
------------------------------------------------------------------------------------------------------
GET /bridge/198/ds3ablzc/websocket 1ms (unfinished)
------------------------------------------------------------------------------------------------------
GET /bridge/047/y4uevnhr/websocket 0ms (unfinished)
------------------------------------------------------------------------------------------------------
POST /bridge/198/h4unehvq/xhr_streaming 0ms (unfinished)
------------------------------------------------------------------------------------------------------
POST /bridge/198/h4unehvq/xhr_send 1ms 204
------------------------------------------------------------------------------------------------------
POST /bridge/047/9nqa5ike/xhr_streaming 1ms (unfinished)
------------------------------------------------------------------------------------------------------
------------------------------------------------------------------------------------------------------
POST /bridge/047/9nqa5ike/xhr_send 1ms 204
GET /bridge/info 1ms 200
------------------------------------------------------------------------------------------------------
GET /bridge/info 0ms 200
------------------------------------------------------------------------------------------------------
GET /bridge/982/d36djj8x/websocket 0ms (unfinished)
------------------------------------------------------------------------------------------------------
GET /bridge/083/rs5u_yfv/websocket 0ms (unfinished)
------------------------------------------------------------------------------------------------------
------------------------------------------------------------------------------------------------------
POST /bridge/982/4ahzfgi1/xhr_streaming 1ms (unfinished)
POST /bridge/982/4ahzfgi1/xhr_send 1ms 204
------------------------------------------------------------------------------------------------------
POST /bridge/083/g6s8y4zy/xhr_streaming 0ms (unfinished)
------------------------------------------------------------------------------------------------------
GET /bridge/info 0ms 200
------------------------------------------------------------------------------------------------------
GET /bridge/info 1ms 200
------------------------------------------------------------------------------------------------------
GET /bridge/942/ro8xa5cf/websocket 0ms (unfinished)
------------------------------------------------------------------------------------------------------
GET /bridge/221/1a2d39jk/websocket 0ms (unfinished)
------------------------------------------------------------------------------------------------------
GET /bridge/info 0ms 200
------------------------------------------------------------------------------------------------------
GET /bridge/info 0ms 200
------------------------------------------------------------------------------------------------------
GET /bridge/512/p_4y6wkz/websocket 1ms (unfinished)
------------------------------------------------------------------------------------------------------
GET /bridge/577/0nd_zg4x/websocket 0ms (unfinished)
------------------------------------------------------------------------------------------------------
------------------------------------------------------------------------------------------------------
GET /bridge/info 0ms 200
GET /bridge/info 1ms 200
------------------------------------------------------------------------------------------------------
GET /bridge/402/733i1xfn/websocket 0ms (unfinished)
------------------------------------------------------------------------------------------------------
GET /bridge/637/rbhy4fgr/websocket 0ms (unfinished)
------------------------------------------------------------------------------------------------------
GET /bridge/info 0ms 200
------------------------------------------------------------------------------------------------------
GET /bridge/info 1ms 200
------------------------------------------------------------------------------------------------------
GET /bridge/300/mdp5px8z/websocket 0ms (unfinished)
------------------------------------------------------------------------------------------------------
GET /bridge/341/ur4aogvs/websocket 1ms (unfinished)
------------------------------------------------------------------------------------------------------
GET /bridge/info 1ms 200
------------------------------------------------------------------------------------------------------
------------------------------------------------------------------------------------------------------
GET /bridge/info 1ms 200
GET /bridge/856/rtv1ru0q/websocket 0ms (unfinished)
------------------------------------------------------------------------------------------------------
GET /bridge/147/49670ti5/websocket 0ms (unfinished)
------------------------------------------------------------------------------------------------------
GET /bridge/info 1ms 200
------------------------------------------------------------------------------------------------------
GET /bridge/info 1ms 200
------------------------------------------------------------------------------------------------------
GET /bridge/236/9mt2ia86/websocket 0ms (unfinished)
------------------------------------------------------------------------------------------------------
GET /bridge/140/alydw1cd/websocket 0ms (unfinished)
------------------------------------------------------------------------------------------------------
GET /bridge/info 0ms 200
------------------------------------------------------------------------------------------------------
GET /bridge/info 0ms 200
------------------------------------------------------------------------------------------------------
GET /bridge/590/znsg25bm/websocket 0ms (unfinished)
------------------------------------------------------------------------------------------------------
GET /bridge/936/i_7st_3q/websocket 0ms (unfinished)
------------------------------------------------------------------------------------------------------
GET /bridge/info 0ms 200
------------------------------------------------------------------------------------------------------
GET /bridge/info 0ms 200
------------------------------------------------------------------------------------------------------
GET /bridge/905/o5mnfnmr/websocket 0ms (unfinished)
------------------------------------------------------------------------------------------------------
------------------------------------------------------------------------------------------------------
GET /bridge/532/vccly0k4/websocket 1ms (unfinished)
GET /bridge/info 0ms 200
------------------------------------------------------------------------------------------------------
------------------------------------------------------------------------------------------------------
GET /bridge/info 1ms 200
GET /bridge/198/8g3u4u45/websocket 0ms (unfinished)
------------------------------------------------------------------------------------------------------
GET /bridge/957/4rg5f25e/websocket 0ms (unfinished)
------------------------------------------------------------------------------------------------------
GET /bridge/info 0ms 200
------------------------------------------------------------------------------------------------------
GET /bridge/info 0ms 200
------------------------------------------------------------------------------------------------------
------------------------------------------------------------------------------------------------------
GET /bridge/797/cma48yy8/websocket 0ms (unfinished)
GET /bridge/152/sowysefn/websocket 0ms (unfinished)
------------------------------------------------------------------------------------------------------
GET /bridge/info 0ms 200
------------------------------------------------------------------------------------------------------
------------------------------------------------------------------------------------------------------
GET /bridge/info 1ms 200
GET /bridge/312/cac66y4p/websocket 0ms (unfinished)
------------------------------------------------------------------------------------------------------
------------------------------------------------------------------------------------------------------
GET /bridge/353/ybq9jhwp/websocket 0ms (unfinished)
------------------------------------------------------------------------------------------------------
GET /bridge/info 1ms 200
GET /bridge/info 0ms 200
------------------------------------------------------------------------------------------------------
GET /bridge/804/il03q3oq/websocket 0ms (unfinished)
------------------------------------------------------------------------------------------------------
------------------------------------------------------------------------------------------------------
GET /bridge/780/k4570ji1/websocket 0ms (unfinished)
GET /bridge/info 0ms 200
------------------------------------------------------------------------------------------------------
------------------------------------------------------------------------------------------------------
GET /bridge/info 0ms 200
GET /bridge/463/kqh9jht2/websocket 1ms (unfinished)
------------------------------------------------------------------------------------------------------
GET /bridge/708/vv977rdy/websocket 0ms (unfinished)
------------------------------------------------------------------------------------------------------
GET /bridge/info 0ms 200
------------------------------------------------------------------------------------------------------
------------------------------------------------------------------------------------------------------
GET /bridge/info 1ms 200
------------------------------------------------------------------------------------------------------
GET /bridge/839/4yq1fiid/websocket 0ms (unfinished)
GET /bridge/209/4dgec008/websocket 1ms (unfinished)
------------------------------------------------------------------------------------------------------
------------------------------------------------------------------------------------------------------
POST /bridge/083/g6s8y4zy/xhr_send 4ms 204
GET /bridge/info 0ms 200
------------------------------------------------------------------------------------------------------
GET /bridge/info 1ms 200
------------------------------------------------------------------------------------------------------
GET /bridge/633/u8100fxm/websocket 0ms (unfinished)
------------------------------------------------------------------------------------------------------
------------------------------------------------------------------------------------------------------
GET /bridge/303/0c1wgrlv/websocket 0ms (unfinished)
------------------------------------------------------------------------------------------------------
POST /bridge/633/t5sp7nqi/xhr_streaming 1ms (unfinished)
------------------------------------------------------------------------------------------------------
POST /bridge/633/t5sp7nqi/xhr_send 1ms 204
------------------------------------------------------------------------------------------------------
POST /bridge/303/lep16cfa/xhr_streaming 1ms (unfinished)
------------------------------------------------------------------------------------------------------
POST /bridge/303/lep16cfa/xhr_send 1ms 204
GET /bridge/info 1ms 200
------------------------------------------------------------------------------------------------------
GET /bridge/info 0ms 200
------------------------------------------------------------------------------------------------------
GET /bridge/677/4opryzn4/websocket 3ms (unfinished)
------------------------------------------------------------------------------------------------------
GET /bridge/171/1evwzgt8/websocket 0ms (unfinished)
------------------------------------------------------------------------------------------------------
GET /bridge/info 0ms 200
------------------------------------------------------------------------------------------------------
GET /bridge/info 1ms 200
------------------------------------------------------------------------------------------------------
GET /bridge/714/vde3e7ql/websocket 0ms (unfinished)
------------------------------------------------------------------------------------------------------
GET /bridge/732/tuegr619/websocket 1ms (unfinished)
------------------------------------------------------------------------------------------------------
GET /bridge/info 0ms 200
------------------------------------------------------------------------------------------------------
------------------------------------------------------------------------------------------------------
GET /bridge/info 0ms 200
GET /bridge/060/6qo8v9ks/websocket 0ms (unfinished)
------------------------------------------------------------------------------------------------------
GET /bridge/140/wtku4gx0/websocket 1ms (unfinished)
------------------------------------------------------------------------------------------------------
GET /bridge/info 0ms 200
------------------------------------------------------------------------------------------------------
GET /bridge/info 1ms 200
------------------------------------------------------------------------------------------------------
------------------------------------------------------------------------------------------------------
GET /bridge/860/x9lf2zlx/websocket 1ms (unfinished)
GET /bridge/927/csu3_mrb/websocket 0ms (unfinished)
------------------------------------------------------------------------------------------------------
POST /bridge/860/pz3v30nf/xhr_streaming 1ms (unfinished)
------------------------------------------------------------------------------------------------------
POST /bridge/860/pz3v30nf/xhr_send 3ms 204
------------------------------------------------------------------------------------------------------
POST /bridge/927/zickhvlb/xhr_streaming 0ms (unfinished)
------------------------------------------------------------------------------------------------------
POST /bridge/927/zickhvlb/xhr_send 1ms 204
------------------------------------------------------------------------------------------------------
GET /bridge/info 0ms 200
------------------------------------------------------------------------------------------------------
GET /bridge/info 0ms 200
------------------------------------------------------------------------------------------------------
GET /bridge/283/d76cyw27/websocket 1ms (unfinished)
------------------------------------------------------------------------------------------------------
------------------------------------------------------------------------------------------------------
GET /bridge/431/n9i6k5cy/websocket 1ms (unfinished)
POST /bridge/283/rr2m3b08/xhr_streaming 0ms (unfinished)
------------------------------------------------------------------------------------------------------
POST /bridge/431/cr61fy_r/xhr_streaming 0ms (unfinished)
------------------------------------------------------------------------------------------------------
GET /bridge/info 0ms 200
------------------------------------------------------------------------------------------------------
GET /bridge/info 0ms 200
------------------------------------------------------------------------------------------------------
GET /bridge/909/o3d88jzv/websocket 0ms (unfinished)
------------------------------------------------------------------------------------------------------
GET /bridge/678/wums1jnc/websocket 0ms (unfinished)
------------------------------------------------------------------------------------------------------
GET /bridge/info 1ms 200
------------------------------------------------------------------------------------------------------
GET /bridge/info 1ms 200
------------------------------------------------------------------------------------------------------
GET /bridge/420/zas_bkdo/websocket 0ms (unfinished)
------------------------------------------------------------------------------------------------------
GET /bridge/366/8z5whptb/websocket 0ms (unfinished)
------------------------------------------------------------------------------------------------------
------------------------------------------------------------------------------------------------------
GET /bridge/info 1ms 200
GET /bridge/info 0ms 200
------------------------------------------------------------------------------------------------------
GET /bridge/719/v1zu8mzm/websocket 0ms (unfinished)
------------------------------------------------------------------------------------------------------
GET /bridge/182/6j1nx11v/websocket 1ms (unfinished)
------------------------------------------------------------------------------------------------------
GET /bridge/info 1ms 200
------------------------------------------------------------------------------------------------------
GET /bridge/info 0ms 200
------------------------------------------------------------------------------------------------------
GET /bridge/953/whimtf0b/websocket 0ms (unfinished)
------------------------------------------------------------------------------------------------------
------------------------------------------------------------------------------------------------------
GET /bridge/998/ydh4fyzn/websocket 0ms (unfinished)
GET /bridge/info 0ms 200
------------------------------------------------------------------------------------------------------
GET /bridge/info 0ms 200
------------------------------------------------------------------------------------------------------
GET /bridge/892/indaj_2r/websocket 0ms (unfinished)
------------------------------------------------------------------------------------------------------
GET /bridge/876/s436fcvr/websocket 0ms (unfinished)
------------------------------------------------------------------------------------------------------
GET /bridge/info 1ms 200
------------------------------------------------------------------------------------------------------
GET /bridge/info 1ms 200
------------------------------------------------------------------------------------------------------
GET /bridge/826/z9_qatn9/websocket 2ms (unfinished)
------------------------------------------------------------------------------------------------------
GET /bridge/406/hznl1zx8/websocket 0ms (unfinished)
------------------------------------------------------------------------------------------------------
GET /bridge/info 1ms 200
------------------------------------------------------------------------------------------------------
GET /bridge/info 1ms 200
------------------------------------------------------------------------------------------------------
GET /bridge/704/ckzkejuw/websocket 0ms (unfinished)
------------------------------------------------------------------------------------------------------
GET /bridge/055/tgil4qzv/websocket 0ms (unfinished)
------------------------------------------------------------------------------------------------------
GET /bridge/info 1ms 200
------------------------------------------------------------------------------------------------------
GET /bridge/info 1ms 200
------------------------------------------------------------------------------------------------------
GET /bridge/077/p9ebp0bc/websocket 0ms (unfinished)
------------------------------------------------------------------------------------------------------
GET /bridge/005/x_xtr5ja/websocket 0ms (unfinished)
------------------------------------------------------------------------------------------------------
GET /bridge/info 1ms 200
------------------------------------------------------------------------------------------------------
GET /bridge/info 0ms 200
------------------------------------------------------------------------------------------------------
GET /bridge/595/hsmiimj_/websocket 1ms (unfinished)
------------------------------------------------------------------------------------------------------
GET /bridge/016/wp9j5kz5/websocket 0ms (unfinished)
------------------------------------------------------------------------------------------------------
GET /bridge/info 0ms 200
------------------------------------------------------------------------------------------------------
GET /bridge/info 1ms 200
------------------------------------------------------------------------------------------------------
GET /bridge/067/adzjxs71/websocket 1ms (unfinished)
------------------------------------------------------------------------------------------------------
------------------------------------------------------------------------------------------------------
GET /bridge/074/72_z_3qa/websocket 0ms (unfinished)
------------------------------------------------------------------------------------------------------
GET /bridge/info 1ms 200
GET /bridge/info 1ms 200
------------------------------------------------------------------------------------------------------
GET /bridge/199/5t_hyzx5/websocket 0ms (unfinished)
------------------------------------------------------------------------------------------------------
GET /bridge/288/14_tud4j/websocket 0ms (unfinished)
------------------------------------------------------------------------------------------------------
------------------------------------------------------------------------------------------------------
GET /bridge/info 1ms 200
GET /bridge/info 1ms 200
------------------------------------------------------------------------------------------------------
------------------------------------------------------------------------------------------------------
GET /bridge/865/k0jw93bz/websocket 0ms (unfinished)
GET /bridge/090/hyq1rynq/websocket 0ms (unfinished)
------------------------------------------------------------------------------------------------------
------------------------------------------------------------------------------------------------------
GET /bridge/info 0ms 200
GET /bridge/info 1ms 200
------------------------------------------------------------------------------------------------------
GET /bridge/954/w0szpn5h/websocket 0ms (unfinished)
------------------------------------------------------------------------------------------------------
GET /bridge/762/hih4q_vr/websocket 0ms (unfinished)
------------------------------------------------------------------------------------------------------
POST /bridge/762/pcf5l40b/xhr_streaming 2ms (unfinished)
------------------------------------------------------------------------------------------------------
POST /bridge/954/80ikknca/xhr_streaming 0ms (unfinished)
------------------------------------------------------------------------------------------------------
------------------------------------------------------------------------------------------------------
POST /bridge/954/80ikknca/xhr_send 4ms 204
------------------------------------------------------------------------------------------------------
POST /bridge/762/pcf5l40b/xhr_send 1ms 204
------------------------------------------------------------------------------------------------------
GET /bridge/info 1ms 200
GET /bridge/info 0ms 200
------------------------------------------------------------------------------------------------------
GET /bridge/825/1wl2yvqn/websocket 0ms (unfinished)
------------------------------------------------------------------------------------------------------
GET /bridge/254/zijbt3bk/websocket 0ms (unfinished)
------------------------------------------------------------------------------------------------------
GET /bridge/info 1ms 200
------------------------------------------------------------------------------------------------------
------------------------------------------------------------------------------------------------------
GET /bridge/info 0ms 200
GET /bridge/321/j6jeryea/websocket 1ms (unfinished)
------------------------------------------------------------------------------------------------------
GET /bridge/664/awfw0gvp/websocket 0ms (unfinished)
------------------------------------------------------------------------------------------------------
GET /bridge/info 1ms 200
------------------------------------------------------------------------------------------------------
GET /bridge/info 1ms 200
------------------------------------------------------------------------------------------------------
GET /bridge/443/zm2s0tu1/websocket 0ms (unfinished)
------------------------------------------------------------------------------------------------------
GET /bridge/585/11eie_uo/websocket 0ms (unfinished)
------------------------------------------------------------------------------------------------------
------------------------------------------------------------------------------------------------------
POST /bridge/443/n7xvik4j/xhr_streaming 2ms (unfinished)
POST /bridge/443/n7xvik4j/xhr_send 1ms 204
------------------------------------------------------------------------------------------------------
------------------------------------------------------------------------------------------------------
POST /bridge/585/9_8fp20b/xhr_streaming 1ms (unfinished)
POST /bridge/585/9_8fp20b/xhr_send 0ms 204
------------------------------------------------------------------------------------------------------
GET /bridge/info 1ms 200
------------------------------------------------------------------------------------------------------
GET /bridge/info 0ms 200
------------------------------------------------------------------------------------------------------
GET /bridge/746/ahkafcwi/websocket 0ms (unfinished)
------------------------------------------------------------------------------------------------------
------------------------------------------------------------------------------------------------------
GET /bridge/557/ju08m5ge/websocket 0ms (unfinished)
GET /bridge/info 0ms 200
------------------------------------------------------------------------------------------------------
GET /bridge/info 0ms 200
------------------------------------------------------------------------------------------------------
GET /bridge/310/uoo37gah/websocket 0ms (unfinished)
------------------------------------------------------------------------------------------------------
GET /bridge/722/hgsdd_zm/websocket 0ms (unfinished)
------------------------------------------------------------------------------------------------------
GET /bridge/info 0ms 200
------------------------------------------------------------------------------------------------------
GET /bridge/info 0ms 200
------------------------------------------------------------------------------------------------------
------------------------------------------------------------------------------------------------------
GET /bridge/328/kbj8movm/websocket 0ms (unfinished)
------------------------------------------------------------------------------------------------------
GET /bridge/863/bxf3lsui/websocket 0ms (unfinished)
------------------------------------------------------------------------------------------------------
POST /bridge/328/q3omi25k/xhr_streaming 1ms (unfinished)
POST /bridge/328/q3omi25k/xhr_send 2ms 204
------------------------------------------------------------------------------------------------------
------------------------------------------------------------------------------------------------------
POST /bridge/863/1vsxy4c2/xhr_streaming 0ms (unfinished)
------------------------------------------------------------------------------------------------------
GET /bridge/info 0ms 200
------------------------------------------------------------------------------------------------------
GET /bridge/info 1ms 200
GET /bridge/965/8itbe3ri/websocket 0ms (unfinished)
------------------------------------------------------------------------------------------------------
GET /bridge/161/35xlm4od/websocket 0ms (unfinished)
------------------------------------------------------------------------------------------------------
POST /bridge/714/l4fw8npe/xhr_send 1ms 204
------------------------------------------------------------------------------------------------------
GET /bridge/info 0ms 200
------------------------------------------------------------------------------------------------------
GET /bridge/info 0ms 200
------------------------------------------------------------------------------------------------------
GET /bridge/593/0gs4s_n3/websocket 0ms (unfinished)
------------------------------------------------------------------------------------------------------
GET /bridge/980/iqctd6bt/websocket 0ms (unfinished)
------------------------------------------------------------------------------------------------------
------------------------------------------------------------------------------------------------------
GET /bridge/info 1ms 200
GET /bridge/info 0ms 200
------------------------------------------------------------------------------------------------------
GET /bridge/401/id6b2qmj/websocket 1ms (unfinished)
------------------------------------------------------------------------------------------------------
GET /bridge/692/tggojgjk/websocket 0ms (unfinished)
------------------------------------------------------------------------------------------------------
GET /bridge/info 1ms 200
------------------------------------------------------------------------------------------------------
GET /bridge/info 1ms 200
------------------------------------------------------------------------------------------------------
GET /bridge/382/cp2ec413/websocket 1ms (unfinished)
------------------------------------------------------------------------------------------------------
GET /bridge/268/vwp0gd9o/websocket 0ms (unfinished)
------------------------------------------------------------------------------------------------------
GET /bridge/info 0ms 200
------------------------------------------------------------------------------------------------------
GET /bridge/info 0ms 200
------------------------------------------------------------------------------------------------------
GET /bridge/162/_l_66dc6/websocket 0ms (unfinished)
------------------------------------------------------------------------------------------------------
GET /bridge/412/xwpnm7j4/websocket 0ms (unfinished)
------------------------------------------------------------------------------------------------------
------------------------------------------------------------------------------------------------------
GET /bridge/info 0ms 200
GET /bridge/info 0ms 200
------------------------------------------------------------------------------------------------------
GET /bridge/637/frev_9hj/websocket 0ms (unfinished)
------------------------------------------------------------------------------------------------------
GET /bridge/856/cjxjva84/websocket 1ms (unfinished)
------------------------------------------------------------------------------------------------------
GET /bridge/info 0ms 200
------------------------------------------------------------------------------------------------------
GET /bridge/info 0ms 200
------------------------------------------------------------------------------------------------------
------------------------------------------------------------------------------------------------------
GET /bridge/779/8ffc66wt/websocket 0ms (unfinished)
------------------------------------------------------------------------------------------------------
GET /bridge/548/tk_ybgub/websocket 1ms (unfinished)
GET /bridge/info 0ms 200
------------------------------------------------------------------------------------------------------
------------------------------------------------------------------------------------------------------
GET /bridge/info 0ms 200
------------------------------------------------------------------------------------------------------
GET /bridge/268/uyyptz66/websocket 1ms (unfinished)
GET /bridge/908/eiee2xc8/websocket 1ms (unfinished)
------------------------------------------------------------------------------------------------------
------------------------------------------------------------------------------------------------------
GET /bridge/info 1ms 200
GET /bridge/info 0ms 200
------------------------------------------------------------------------------------------------------
GET /bridge/446/_va2apbk/websocket 1ms (unfinished)
------------------------------------------------------------------------------------------------------
GET /bridge/972/mzqhtuto/websocket 0ms (unfinished)
------------------------------------------------------------------------------------------------------
GET /bridge/info 0ms 200
------------------------------------------------------------------------------------------------------
GET /bridge/info 0ms 200
------------------------------------------------------------------------------------------------------
GET /bridge/850/9m_4w69u/websocket 0ms (unfinished)
------------------------------------------------------------------------------------------------------
GET /bridge/184/p043sxk5/websocket 0ms (unfinished)
------------------------------------------------------------------------------------------------------
------------------------------------------------------------------------------------------------------
GET /bridge/info 0ms 200
GET /bridge/info 0ms 200
------------------------------------------------------------------------------------------------------
GET /bridge/875/g4txyk45/websocket 0ms (unfinished)
------------------------------------------------------------------------------------------------------
GET /bridge/760/c8xwlfys/websocket 0ms (unfinished)
------------------------------------------------------------------------------------------------------
------------------------------------------------------------------------------------------------------
GET /bridge/info 1ms 200
GET /bridge/info 1ms 200
------------------------------------------------------------------------------------------------------
GET /bridge/548/udv1affs/websocket 0ms (unfinished)
------------------------------------------------------------------------------------------------------
------------------------------------------------------------------------------------------------------
GET /bridge/317/0mvoac3a/websocket 0ms (unfinished)
------------------------------------------------------------------------------------------------------
GET /bridge/info 1ms 200
GET /bridge/info 0ms 200
------------------------------------------------------------------------------------------------------
GET /bridge/074/y457cws8/websocket 1ms (unfinished)
------------------------------------------------------------------------------------------------------
GET /bridge/571/88821u2o/websocket 0ms (unfinished)
------------------------------------------------------------------------------------------------------
GET /bridge/info 1ms 200
------------------------------------------------------------------------------------------------------
------------------------------------------------------------------------------------------------------
GET /bridge/info 1ms 200
GET /bridge/900/rv49xq26/websocket 1ms (unfinished)
------------------------------------------------------------------------------------------------------
------------------------------------------------------------------------------------------------------
GET /bridge/145/6aigre4_/websocket 0ms (unfinished)
------------------------------------------------------------------------------------------------------
GET /bridge/info 0ms 200
GET /bridge/info 0ms 200
------------------------------------------------------------------------------------------------------
GET /bridge/266/rvau5ev3/websocket 0ms (unfinished)
------------------------------------------------------------------------------------------------------
------------------------------------------------------------------------------------------------------
GET /bridge/621/rgbvrgem/websocket 1ms (unfinished)
POST /bridge/863/1vsxy4c2/xhr_send 5ms 204
------------------------------------------------------------------------------------------------------
