GET /bridge/info 0ms 200
------------------------------------------------------------------------------------------------------
GET /bridge/info 1ms 200
------------------------------------------------------------------------------------------------------
GET /bridge/761/dv3a5h15/websocket 0ms (unfinished)
------------------------------------------------------------------------------------------------------
GET /bridge/130/o2xqijbm/websocket 1ms (unfinished)
------------------------------------------------------------------------------------------------------
------------------------------------------------------------------------------------------------------
POST /bridge/761/_akutm66/xhr_streaming 0ms (unfinished)
POST /bridge/761/_akutm66/xhr_send 1ms 204
------------------------------------------------------------------------------------------------------
POST /bridge/130/i06j5z0q/xhr_streaming 1ms (unfinished)
------------------------------------------------------------------------------------------------------
POST /bridge/130/i06j5z0q/xhr_send 0ms 204
------------------------------------------------------------------------------------------------------
GET /bridge/info 0ms 200
------------------------------------------------------------------------------------------------------
------------------------------------------------------------------------------------------------------
GET /bridge/info 1ms 200
------------------------------------------------------------------------------------------------------
GET /bridge/463/bcq3fq3h/websocket 0ms (unfinished)
GET /bridge/963/y6_csu1t/websocket 0ms (unfinished)
------------------------------------------------------------------------------------------------------
POST /bridge/463/2nmxqvti/xhr_streaming 0ms (unfinished)
------------------------------------------------------------------------------------------------------
POST /bridge/463/2nmxqvti/xhr_send 1ms 204
------------------------------------------------------------------------------------------------------
POST /bridge/963/8h_b6044/xhr_streaming 0ms (unfinished)
------------------------------------------------------------------------------------------------------
POST /bridge/963/8h_b6044/xhr_send 1ms 204
------------------------------------------------------------------------------------------------------
GET /bridge/info 1ms 200
------------------------------------------------------------------------------------------------------
GET /bridge/info 0ms 200
------------------------------------------------------------------------------------------------------
GET /bridge/401/oa9f7fs3/websocket 0ms (unfinished)
------------------------------------------------------------------------------------------------------
------------------------------------------------------------------------------------------------------
GET /bridge/795/baj8mfa8/websocket 0ms (unfinished)
POST /bridge/795/b6wahbb1/xhr_streaming 1ms (unfinished)
------------------------------------------------------------------------------------------------------
POST /bridge/401/cggyrkwd/xhr_streaming 0ms (unfinished)
------------------------------------------------------------------------------------------------------
GET /bridge/info 1ms 200
------------------------------------------------------------------------------------------------------
------------------------------------------------------------------------------------------------------
GET /bridge/info 0ms 200
GET /bridge/426/2d10m50p/websocket 1ms (unfinished)
------------------------------------------------------------------------------------------------------
GET /bridge/409/gtj46vna/websocket 0ms (unfinished)
------------------------------------------------------------------------------------------------------
------------------------------------------------------------------------------------------------------
GET /bridge/info 1ms 200
GET /bridge/info 1ms 200
------------------------------------------------------------------------------------------------------
GET /bridge/636/ox_mhcwl/websocket 2ms (unfinished)
------------------------------------------------------------------------------------------------------
GET /bridge/313/j7olqslz/websocket 1ms (unfinished)
------------------------------------------------------------------------------------------------------
POST /bridge/636/m8xr58l8/xhr_streaming 1ms (unfinished)
------------------------------------------------------------------------------------------------------
POST /bridge/636/m8xr58l8/xhr_send 3ms 204
------------------------------------------------------------------------------------------------------
POST /bridge/313/osqqwv02/xhr_streaming 0ms (unfinished)
------------------------------------------------------------------------------------------------------
POST /bridge/313/osqqwv02/xhr_send 1ms 204
------------------------------------------------------------------------------------------------------
04,03,2022,09,00
------------------------------------------------------------------------------------------------------
------------------------------------------------------------------------------------------------------
04,03,2022,09,00
GET /bridge/info 0ms 200
------------------------------------------------------------------------------------------------------
GET /bridge/info 0ms 200
------------------------------------------------------------------------------------------------------
GET /bridge/635/lr6dv19c/websocket 0ms (unfinished)
------------------------------------------------------------------------------------------------------
GET /bridge/214/1gb3g2lx/websocket 0ms (unfinished)
------------------------------------------------------------------------------------------------------
------------------------------------------------------------------------------------------------------
GET /bridge/info 0ms 200
------------------------------------------------------------------------------------------------------
GET /bridge/info 0ms 200
GET /bridge/674/ggz4p726/websocket 0ms (unfinished)
------------------------------------------------------------------------------------------------------
GET /bridge/513/nulyywvd/websocket 0ms (unfinished)
------------------------------------------------------------------------------------------------------
POST /bridge/674/v6e5pe76/xhr_streaming 0ms (unfinished)
------------------------------------------------------------------------------------------------------
POST /bridge/674/v6e5pe76/xhr_send 1ms 204
------------------------------------------------------------------------------------------------------
POST /bridge/513/jpx46_vi/xhr_streaming 0ms (unfinished)
------------------------------------------------------------------------------------------------------
------------------------------------------------------------------------------------------------------
POST /bridge/513/jpx46_vi/xhr_send 1ms 204
------------------------------------------------------------------------------------------------------
GET /bridge/info 1ms 200
GET /bridge/info 0ms 200
------------------------------------------------------------------------------------------------------
------------------------------------------------------------------------------------------------------
GET /bridge/627/y82ia02r/websocket 2ms (unfinished)
GET /bridge/823/ce_1wcxh/websocket 0ms (unfinished)
------------------------------------------------------------------------------------------------------
GET /bridge/info 0ms 200
------------------------------------------------------------------------------------------------------
GET /bridge/info 0ms 200
------------------------------------------------------------------------------------------------------
GET /bridge/403/7ufodhsf/websocket 0ms (unfinished)
------------------------------------------------------------------------------------------------------
GET /bridge/595/pq112zph/websocket 1ms (unfinished)
------------------------------------------------------------------------------------------------------
GET /bridge/info 0ms 200
------------------------------------------------------------------------------------------------------
GET /bridge/info 0ms 200
------------------------------------------------------------------------------------------------------
GET /bridge/034/_uv_9wkf/websocket 1ms (unfinished)
------------------------------------------------------------------------------------------------------
GET /bridge/684/326etic6/websocket 1ms (unfinished)
------------------------------------------------------------------------------------------------------
GET /bridge/info 0ms 200
------------------------------------------------------------------------------------------------------
GET /bridge/info 0ms 200
------------------------------------------------------------------------------------------------------
GET /bridge/532/a5cbvwan/websocket 0ms (unfinished)
------------------------------------------------------------------------------------------------------
GET /bridge/490/r96oimlb/websocket 0ms (unfinished)
------------------------------------------------------------------------------------------------------
POST /bridge/532/vu548zlu/xhr_streaming 1ms (unfinished)
------------------------------------------------------------------------------------------------------
POST /bridge/490/f5dkemrv/xhr_streaming 1ms (unfinished)
------------------------------------------------------------------------------------------------------
POST /bridge/532/vu548zlu/xhr_send 3ms 204
------------------------------------------------------------------------------------------------------
POST /bridge/490/f5dkemrv/xhr_send 1ms 204
------------------------------------------------------------------------------------------------------
GET /bridge/info 0ms 200
------------------------------------------------------------------------------------------------------
GET /bridge/733/6z5awcgv/websocket 0ms (unfinished)
------------------------------------------------------------------------------------------------------
------------------------------------------------------------------------------------------------------
GET /bridge/info 1ms 200
GET /bridge/284/j3wyk3wx/websocket 0ms (unfinished)
------------------------------------------------------------------------------------------------------
POST /bridge/733/1pykew2o/xhr_streaming 0ms (unfinished)
------------------------------------------------------------------------------------------------------
POST /bridge/733/1pykew2o/xhr_send 1ms 204
------------------------------------------------------------------------------------------------------
POST /bridge/284/erbne4g4/xhr_streaming 1ms (unfinished)
------------------------------------------------------------------------------------------------------
POST /bridge/284/erbne4g4/xhr_send 0ms 204
------------------------------------------------------------------------------------------------------
------------------------------------------------------------------------------------------------------
GET /bridge/info 1ms 200
GET /bridge/info 0ms 200
------------------------------------------------------------------------------------------------------
GET /bridge/236/aw1cs2kt/websocket 1ms (unfinished)
------------------------------------------------------------------------------------------------------
GET /bridge/480/g5256372/websocket 0ms (unfinished)
------------------------------------------------------------------------------------------------------
GET /bridge/info 1ms 200
------------------------------------------------------------------------------------------------------
GET /bridge/info 1ms 200
------------------------------------------------------------------------------------------------------
GET /bridge/107/oalqmiyd/websocket 0ms (unfinished)
------------------------------------------------------------------------------------------------------
GET /bridge/881/0kub3q_j/websocket 0ms (unfinished)
------------------------------------------------------------------------------------------------------
------------------------------------------------------------------------------------------------------
GET /bridge/info 0ms 200
------------------------------------------------------------------------------------------------------
GET /bridge/info 0ms 200
------------------------------------------------------------------------------------------------------
GET /bridge/753/n8b5y74i/websocket 0ms (unfinished)
GET /bridge/405/kn93_2i_/websocket 0ms (unfinished)
------------------------------------------------------------------------------------------------------
POST /bridge/753/bkfzqjzy/xhr_streaming 0ms (unfinished)
------------------------------------------------------------------------------------------------------
POST /bridge/753/bkfzqjzy/xhr_send 3ms 204
------------------------------------------------------------------------------------------------------
POST /bridge/405/23wd60ka/xhr_streaming 0ms (unfinished)
------------------------------------------------------------------------------------------------------
------------------------------------------------------------------------------------------------------
POST /bridge/405/23wd60ka/xhr_send 1ms 204
GET /bridge/info 0ms 200
------------------------------------------------------------------------------------------------------
------------------------------------------------------------------------------------------------------
GET /bridge/info 0ms 200
GET /bridge/951/bm2b8kop/websocket 0ms (unfinished)
------------------------------------------------------------------------------------------------------
GET /bridge/870/4bfr7ipf/websocket 0ms (unfinished)
------------------------------------------------------------------------------------------------------
GET /bridge/info 0ms 200
------------------------------------------------------------------------------------------------------
GET /bridge/info 0ms 200
------------------------------------------------------------------------------------------------------
GET /bridge/688/b8yusghn/websocket 0ms (unfinished)
------------------------------------------------------------------------------------------------------
------------------------------------------------------------------------------------------------------
GET /bridge/188/vs_xyw42/websocket 0ms (unfinished)
------------------------------------------------------------------------------------------------------
POST /bridge/688/tjmgebor/xhr_streaming 0ms (unfinished)
POST /bridge/688/tjmgebor/xhr_send 1ms 204
------------------------------------------------------------------------------------------------------
POST /bridge/188/2lw1q6u4/xhr_streaming 0ms (unfinished)
------------------------------------------------------------------------------------------------------
POST /bridge/188/2lw1q6u4/xhr_send 1ms 204
------------------------------------------------------------------------------------------------------
GET /bridge/info 0ms 200
------------------------------------------------------------------------------------------------------
GET /bridge/info 0ms 200
------------------------------------------------------------------------------------------------------
------------------------------------------------------------------------------------------------------
GET /bridge/693/th_0iy0u/websocket 0ms (unfinished)
------------------------------------------------------------------------------------------------------
GET /bridge/902/ljr12mll/websocket 0ms (unfinished)
POST /bridge/693/0dtp77ko/xhr_streaming 0ms (unfinished)
------------------------------------------------------------------------------------------------------
POST /bridge/693/0dtp77ko/xhr_send 2ms 204
------------------------------------------------------------------------------------------------------
POST /bridge/902/7vagdrn7/xhr_streaming 0ms (unfinished)
------------------------------------------------------------------------------------------------------
POST /bridge/902/7vagdrn7/xhr_send 1ms 204
------------------------------------------------------------------------------------------------------
GET /bridge/info 0ms 200
------------------------------------------------------------------------------------------------------
------------------------------------------------------------------------------------------------------
GET /bridge/info 0ms 200
GET /bridge/673/gfnk46pj/websocket 0ms (unfinished)
------------------------------------------------------------------------------------------------------
------------------------------------------------------------------------------------------------------
GET /bridge/128/kky5rtkt/websocket 1ms (unfinished)
------------------------------------------------------------------------------------------------------
GET /bridge/info 1ms 200
GET /bridge/info 1ms 200
------------------------------------------------------------------------------------------------------
GET /bridge/864/qhl5ylax/websocket 1ms (unfinished)
------------------------------------------------------------------------------------------------------
GET /bridge/973/curmj_zd/websocket 1ms (unfinished)
------------------------------------------------------------------------------------------------------
POST /bridge/864/cyk_jxos/xhr_streaming 1ms (unfinished)
------------------------------------------------------------------------------------------------------
POST /bridge/864/cyk_jxos/xhr_send 1ms 204
------------------------------------------------------------------------------------------------------
POST /bridge/973/51z4k99s/xhr_streaming 0ms (unfinished)
------------------------------------------------------------------------------------------------------
------------------------------------------------------------------------------------------------------
GET /bridge/info 0ms 200
GET /bridge/info 0ms 200
------------------------------------------------------------------------------------------------------
GET /bridge/331/azbc_o7s/websocket 0ms (unfinished)
------------------------------------------------------------------------------------------------------
GET /bridge/006/94n0rx__/websocket 0ms (unfinished)
------------------------------------------------------------------------------------------------------
POST /bridge/973/51z4k99s/xhr_send 1ms 204
------------------------------------------------------------------------------------------------------
GET /bridge/info 1ms 200
------------------------------------------------------------------------------------------------------
GET /bridge/info 0ms 200
------------------------------------------------------------------------------------------------------
------------------------------------------------------------------------------------------------------
GET /bridge/908/bmnkzm9w/websocket 0ms (unfinished)
GET /bridge/785/jr5s8vyh/websocket 0ms (unfinished)
------------------------------------------------------------------------------------------------------
POST /bridge/908/wr2al2dn/xhr_streaming 0ms (unfinished)
------------------------------------------------------------------------------------------------------
POST /bridge/908/wr2al2dn/xhr_send 1ms 204
------------------------------------------------------------------------------------------------------
------------------------------------------------------------------------------------------------------
POST /bridge/785/_8obg0o8/xhr_streaming 0ms (unfinished)
POST /bridge/785/_8obg0o8/xhr_send 1ms 204
------------------------------------------------------------------------------------------------------
GET /bridge/info 1ms 200
------------------------------------------------------------------------------------------------------
GET /bridge/info 0ms 200
------------------------------------------------------------------------------------------------------
GET /bridge/503/nd7w6d3i/websocket 1ms (unfinished)
------------------------------------------------------------------------------------------------------
GET /bridge/917/1gwn80ay/websocket 0ms (unfinished)
------------------------------------------------------------------------------------------------------
------------------------------------------------------------------------------------------------------
POST /bridge/503/zxxjvrea/xhr_streaming 0ms (unfinished)
POST /bridge/503/zxxjvrea/xhr_send 2ms 204
------------------------------------------------------------------------------------------------------
POST /bridge/917/ohxflrbz/xhr_streaming 0ms (unfinished)
------------------------------------------------------------------------------------------------------
POST /bridge/917/ohxflrbz/xhr_send 1ms 204
------------------------------------------------------------------------------------------------------
GET /bridge/info 0ms 200
------------------------------------------------------------------------------------------------------
GET /bridge/info 1ms 200
------------------------------------------------------------------------------------------------------
------------------------------------------------------------------------------------------------------
GET /bridge/383/w6e_69i2/websocket 0ms (unfinished)
------------------------------------------------------------------------------------------------------
GET /bridge/766/xsbtq49d/websocket 0ms (unfinished)
------------------------------------------------------------------------------------------------------
POST /bridge/383/cm183v42/xhr_streaming 0ms (unfinished)
POST /bridge/766/r1te8i9u/xhr_streaming 1ms (unfinished)
------------------------------------------------------------------------------------------------------
POST /bridge/383/cm183v42/xhr_send 1ms 204
------------------------------------------------------------------------------------------------------
POST /bridge/766/r1te8i9u/xhr_send 1ms 204
------------------------------------------------------------------------------------------------------
GET /bridge/info 0ms 200
------------------------------------------------------------------------------------------------------
GET /bridge/info 0ms 200
------------------------------------------------------------------------------------------------------
GET /bridge/118/ekyjuzvc/websocket 0ms (unfinished)
------------------------------------------------------------------------------------------------------
GET /bridge/858/qdh55jw2/websocket 0ms (unfinished)
------------------------------------------------------------------------------------------------------
------------------------------------------------------------------------------------------------------
POST /bridge/118/fcozg6ka/xhr_streaming 0ms (unfinished)
POST /bridge/118/fcozg6ka/xhr_send 1ms 204
------------------------------------------------------------------------------------------------------
POST /bridge/858/ykiv9cug/xhr_streaming 1ms (unfinished)
------------------------------------------------------------------------------------------------------
GET /bridge/info 0ms 200
------------------------------------------------------------------------------------------------------
GET /bridge/info 0ms 200
------------------------------------------------------------------------------------------------------
GET /bridge/076/sabt_vjb/websocket 0ms (unfinished)
------------------------------------------------------------------------------------------------------
GET /bridge/325/8qfbp_70/websocket 0ms (unfinished)
------------------------------------------------------------------------------------------------------
GET /bridge/info 0ms 200
------------------------------------------------------------------------------------------------------
GET /bridge/info 0ms 200
------------------------------------------------------------------------------------------------------
------------------------------------------------------------------------------------------------------
GET /bridge/992/7_yja7pg/websocket 0ms (unfinished)
GET /bridge/092/v63f9s3q/websocket 0ms (unfinished)
------------------------------------------------------------------------------------------------------
GET /bridge/info 0ms 200
------------------------------------------------------------------------------------------------------
GET /bridge/info 1ms 200
------------------------------------------------------------------------------------------------------
GET /bridge/864/vt4jl_z6/websocket 0ms (unfinished)
------------------------------------------------------------------------------------------------------
GET /bridge/274/mfhkh3uq/websocket 0ms (unfinished)
------------------------------------------------------------------------------------------------------
GET /bridge/info 0ms 200
------------------------------------------------------------------------------------------------------
------------------------------------------------------------------------------------------------------
GET /bridge/info 1ms 200
GET /bridge/729/uqku6zry/websocket 0ms (unfinished)
------------------------------------------------------------------------------------------------------
GET /bridge/850/imsmu0a7/websocket 0ms (unfinished)
------------------------------------------------------------------------------------------------------
------------------------------------------------------------------------------------------------------
GET /bridge/info 0ms 200
------------------------------------------------------------------------------------------------------
GET /bridge/info 0ms 200
------------------------------------------------------------------------------------------------------
GET /bridge/595/hxt2iqaa/websocket 1ms (unfinished)
GET /bridge/899/37tekah9/websocket 0ms (unfinished)
------------------------------------------------------------------------------------------------------
GET /bridge/info 1ms 200
------------------------------------------------------------------------------------------------------
GET /bridge/info 0ms 200
------------------------------------------------------------------------------------------------------
GET /bridge/888/voxlssv6/websocket 2ms (unfinished)
------------------------------------------------------------------------------------------------------
GET /bridge/694/ttgda4ns/websocket 1ms (unfinished)
------------------------------------------------------------------------------------------------------
GET /bridge/info 0ms 200
------------------------------------------------------------------------------------------------------
------------------------------------------------------------------------------------------------------
GET /bridge/info 1ms 200
GET /bridge/385/7pg24apd/websocket 0ms (unfinished)
------------------------------------------------------------------------------------------------------
GET /bridge/645/hrll89iy/websocket 0ms (unfinished)
------------------------------------------------------------------------------------------------------
POST /bridge/795/b6wahbb1/xhr_send 2ms 404
------------------------------------------------------------------------------------------------------
POST /bridge/401/cggyrkwd/xhr_send 1ms 404
------------------------------------------------------------------------------------------------------
GET /bridge/info 0ms 200
------------------------------------------------------------------------------------------------------
------------------------------------------------------------------------------------------------------
GET /bridge/info 0ms 200
GET /bridge/230/2xljmu4g/websocket 0ms (unfinished)
------------------------------------------------------------------------------------------------------
------------------------------------------------------------------------------------------------------
GET /bridge/347/eotuadfz/websocket 0ms (unfinished)
------------------------------------------------------------------------------------------------------
POST /bridge/230/0xqtw31_/xhr_streaming 1ms (unfinished)
POST /bridge/230/0xqtw31_/xhr_send 2ms 204
------------------------------------------------------------------------------------------------------
------------------------------------------------------------------------------------------------------
POST /bridge/347/s4j0stzg/xhr_streaming 0ms (unfinished)
POST /bridge/347/s4j0stzg/xhr_send 1ms 204
------------------------------------------------------------------------------------------------------
GET /bridge/info 1ms 200
------------------------------------------------------------------------------------------------------
GET /bridge/info 0ms 200
------------------------------------------------------------------------------------------------------
GET /bridge/806/svnrsb8w/websocket 0ms (unfinished)
------------------------------------------------------------------------------------------------------
GET /bridge/891/n4dc99jg/websocket 0ms (unfinished)
------------------------------------------------------------------------------------------------------
------------------------------------------------------------------------------------------------------
POST /bridge/806/pd9zredm/xhr_streaming 0ms (unfinished)
------------------------------------------------------------------------------------------------------
POST /bridge/806/pd9zredm/xhr_send 2ms 204
POST /bridge/891/8xp_u7e8/xhr_streaming 0ms (unfinished)
------------------------------------------------------------------------------------------------------
POST /bridge/891/8xp_u7e8/xhr_send 1ms 204
------------------------------------------------------------------------------------------------------
GET /bridge/info 0ms 200
------------------------------------------------------------------------------------------------------
------------------------------------------------------------------------------------------------------
GET /bridge/info 0ms 200
------------------------------------------------------------------------------------------------------
GET /bridge/708/zpswtc02/websocket 0ms (unfinished)
------------------------------------------------------------------------------------------------------
GET /bridge/020/hhhh9msg/websocket 0ms (unfinished)
POST /bridge/708/ooc6gsim/xhr_streaming 1ms (unfinished)
------------------------------------------------------------------------------------------------------
------------------------------------------------------------------------------------------------------
POST /bridge/708/ooc6gsim/xhr_send 1ms 204
POST /bridge/020/0u0nxy0o/xhr_streaming 1ms (unfinished)
------------------------------------------------------------------------------------------------------
POST /bridge/020/0u0nxy0o/xhr_send 1ms 204
------------------------------------------------------------------------------------------------------
07,03,2022,09,00
------------------------------------------------------------------------------------------------------
07,03,2022,09,00
------------------------------------------------------------------------------------------------------
------------------------------------------------------------------------------------------------------
GET /bridge/info 2ms 200
GET /bridge/info 1ms 200
------------------------------------------------------------------------------------------------------
GET /bridge/184/mdbogpb_/websocket 3ms (unfinished)
------------------------------------------------------------------------------------------------------
GET /bridge/679/9_hrv6_2/websocket 0ms (unfinished)
------------------------------------------------------------------------------------------------------
POST /bridge/184/0goitjok/xhr_streaming 1ms (unfinished)
------------------------------------------------------------------------------------------------------
POST /bridge/184/0goitjok/xhr_send 3ms 204
------------------------------------------------------------------------------------------------------
POST /bridge/679/jg3rotpq/xhr_streaming 0ms (unfinished)
------------------------------------------------------------------------------------------------------
------------------------------------------------------------------------------------------------------
POST /bridge/679/jg3rotpq/xhr_send 1ms 204
07,03,2022,09,00
------------------------------------------------------------------------------------------------------
------------------------------------------------------------------------------------------------------
07,03,2022,09,00
GET /bridge/info 1ms 200
------------------------------------------------------------------------------------------------------
GET /bridge/info 1ms 200
------------------------------------------------------------------------------------------------------
------------------------------------------------------------------------------------------------------
GET /bridge/862/yhfeoju2/websocket 1ms (unfinished)
GET /bridge/278/cs2kqont/websocket 0ms (unfinished)
------------------------------------------------------------------------------------------------------
------------------------------------------------------------------------------------------------------
POST /bridge/862/38_gjx0h/xhr_streaming 1ms (unfinished)
------------------------------------------------------------------------------------------------------
POST /bridge/862/38_gjx0h/xhr_send 3ms 204
POST /bridge/278/o2nxm67f/xhr_streaming 0ms (unfinished)
------------------------------------------------------------------------------------------------------
------------------------------------------------------------------------------------------------------
GET /bridge/info 1ms 200
GET /bridge/info 0ms 200
------------------------------------------------------------------------------------------------------
GET /bridge/294/g3rv1mz4/websocket 2ms (unfinished)
------------------------------------------------------------------------------------------------------
GET /bridge/751/ed8h7nbv/websocket 1ms (unfinished)
------------------------------------------------------------------------------------------------------
------------------------------------------------------------------------------------------------------
POST /bridge/278/o2nxm67f/xhr_send 4ms 204
------------------------------------------------------------------------------------------------------
GET /bridge/info 0ms 200
GET /bridge/info 0ms 200
------------------------------------------------------------------------------------------------------
GET /bridge/360/svrxtji4/websocket 0ms (unfinished)
------------------------------------------------------------------------------------------------------
GET /bridge/584/ia17xdus/websocket 0ms (unfinished)
------------------------------------------------------------------------------------------------------
POST /bridge/360/tkq7qu29/xhr_streaming 1ms (unfinished)
------------------------------------------------------------------------------------------------------
------------------------------------------------------------------------------------------------------
POST /bridge/360/tkq7qu29/xhr_send 0ms 204
POST /bridge/584/0ibwqgju/xhr_streaming 0ms (unfinished)
------------------------------------------------------------------------------------------------------
POST /bridge/584/0ibwqgju/xhr_send 1ms 204
------------------------------------------------------------------------------------------------------
------------------------------------------------------------------------------------------------------
GET /bridge/info 0ms 200
GET /bridge/info 1ms 200
------------------------------------------------------------------------------------------------------
GET /bridge/830/swufc8ff/websocket 0ms (unfinished)
------------------------------------------------------------------------------------------------------
------------------------------------------------------------------------------------------------------
GET /bridge/000/h776lqup/websocket 1ms (unfinished)
POST /bridge/830/ak1ecnmr/xhr_streaming 0ms (unfinished)
------------------------------------------------------------------------------------------------------
------------------------------------------------------------------------------------------------------
POST /bridge/830/ak1ecnmr/xhr_send 1ms 204
POST /bridge/000/_vvyvpuv/xhr_streaming 1ms (unfinished)
------------------------------------------------------------------------------------------------------
POST /bridge/000/_vvyvpuv/xhr_send 1ms 204
------------------------------------------------------------------------------------------------------
------------------------------------------------------------------------------------------------------
GET /bridge/info 0ms 200
GET /bridge/info 1ms 200
------------------------------------------------------------------------------------------------------
------------------------------------------------------------------------------------------------------
GET /bridge/375/r2m48kgj/websocket 0ms (unfinished)
GET /bridge/499/l1edkt5x/websocket 1ms (unfinished)
------------------------------------------------------------------------------------------------------
POST /bridge/375/i1iogtj0/xhr_streaming 1ms (unfinished)
------------------------------------------------------------------------------------------------------
POST /bridge/375/i1iogtj0/xhr_send 1ms 204
------------------------------------------------------------------------------------------------------
POST /bridge/499/7qj7ffxz/xhr_streaming 1ms (unfinished)
------------------------------------------------------------------------------------------------------
POST /bridge/499/7qj7ffxz/xhr_send 0ms 204
------------------------------------------------------------------------------------------------------
------------------------------------------------------------------------------------------------------
GET /bridge/info 0ms 200
GET /bridge/info 1ms 200
------------------------------------------------------------------------------------------------------
GET /bridge/848/fnu2bdas/websocket 1ms (unfinished)
------------------------------------------------------------------------------------------------------
------------------------------------------------------------------------------------------------------
GET /bridge/006/ra9t3p92/websocket 0ms (unfinished)
POST /bridge/848/p23fmorb/xhr_streaming 1ms (unfinished)
------------------------------------------------------------------------------------------------------
POST /bridge/848/p23fmorb/xhr_send 1ms 204
------------------------------------------------------------------------------------------------------
POST /bridge/006/ipb9wv28/xhr_streaming 0ms (unfinished)
------------------------------------------------------------------------------------------------------
------------------------------------------------------------------------------------------------------
GET /bridge/info 0ms 200
GET /bridge/info 0ms 200
------------------------------------------------------------------------------------------------------
GET /bridge/944/j3ir0a4t/websocket 0ms (unfinished)
------------------------------------------------------------------------------------------------------
GET /bridge/437/5qei9n6q/websocket 0ms (unfinished)
------------------------------------------------------------------------------------------------------
POST /bridge/944/62orujvr/xhr_streaming 0ms (unfinished)
------------------------------------------------------------------------------------------------------
POST /bridge/944/62orujvr/xhr_send 1ms 204
------------------------------------------------------------------------------------------------------
POST /bridge/437/3z94qj6w/xhr_streaming 1ms (unfinished)
------------------------------------------------------------------------------------------------------
------------------------------------------------------------------------------------------------------
POST /bridge/437/3z94qj6w/xhr_send 0ms 204
GET /bridge/info 0ms 200
------------------------------------------------------------------------------------------------------
GET /bridge/info 0ms 200
------------------------------------------------------------------------------------------------------
GET /bridge/321/rfdxylwk/websocket 0ms (unfinished)
------------------------------------------------------------------------------------------------------
GET /bridge/059/z4yy0ll5/websocket 0ms (unfinished)
------------------------------------------------------------------------------------------------------
POST /bridge/321/nfu2k3vw/xhr_streaming 0ms (unfinished)
------------------------------------------------------------------------------------------------------
POST /bridge/321/nfu2k3vw/xhr_send 2ms 204
------------------------------------------------------------------------------------------------------
POST /bridge/059/zz_egi3l/xhr_streaming 1ms (unfinished)
------------------------------------------------------------------------------------------------------
POST /bridge/059/zz_egi3l/xhr_send 1ms 204
------------------------------------------------------------------------------------------------------
GET /bridge/info 1ms 200
------------------------------------------------------------------------------------------------------
------------------------------------------------------------------------------------------------------
GET /bridge/info 0ms 200
GET /bridge/221/oa2rxirm/websocket 2ms (unfinished)
------------------------------------------------------------------------------------------------------
GET /bridge/635/xg2vro7x/websocket 0ms (unfinished)
------------------------------------------------------------------------------------------------------
------------------------------------------------------------------------------------------------------
GET /bridge/info 0ms 200
GET /bridge/info 0ms 200
------------------------------------------------------------------------------------------------------
GET /bridge/612/k2l4spbc/websocket 0ms (unfinished)
------------------------------------------------------------------------------------------------------
------------------------------------------------------------------------------------------------------
GET /bridge/785/kyh1or0s/websocket 0ms (unfinished)
GET /bridge/info 0ms 200
------------------------------------------------------------------------------------------------------
GET /bridge/info 0ms 200
------------------------------------------------------------------------------------------------------
GET /bridge/068/pcs_blxg/websocket 0ms (unfinished)
------------------------------------------------------------------------------------------------------
GET /bridge/746/png9ccrh/websocket 1ms (unfinished)
------------------------------------------------------------------------------------------------------
GET /bridge/info 1ms 200
------------------------------------------------------------------------------------------------------
GET /bridge/info 0ms 200
------------------------------------------------------------------------------------------------------
GET /bridge/949/4j_nci9k/websocket 2ms (unfinished)
------------------------------------------------------------------------------------------------------
------------------------------------------------------------------------------------------------------
GET /bridge/737/34o63ihv/websocket 0ms (unfinished)
------------------------------------------------------------------------------------------------------
POST /bridge/949/woofrhqw/xhr_streaming 1ms (unfinished)
POST /bridge/949/woofrhqw/xhr_send 3ms 204
------------------------------------------------------------------------------------------------------
POST /bridge/737/9234z8wn/xhr_streaming 1ms (unfinished)
------------------------------------------------------------------------------------------------------
GET /bridge/info 1ms 200
------------------------------------------------------------------------------------------------------
GET /bridge/info 0ms 200
------------------------------------------------------------------------------------------------------
GET /bridge/343/ygw31vwq/websocket 2ms (unfinished)
------------------------------------------------------------------------------------------------------
GET /bridge/428/tzlxf_m6/websocket 0ms (unfinished)
------------------------------------------------------------------------------------------------------
POST /bridge/343/ct7u8tiu/xhr_streaming 1ms (unfinished)
------------------------------------------------------------------------------------------------------
------------------------------------------------------------------------------------------------------
POST /bridge/343/ct7u8tiu/xhr_send 4ms 204
POST /bridge/428/ssrdq_1a/xhr_streaming 1ms (unfinished)
------------------------------------------------------------------------------------------------------
POST /bridge/428/ssrdq_1a/xhr_send 1ms 204
------------------------------------------------------------------------------------------------------
GET /bridge/info 1ms 200
------------------------------------------------------------------------------------------------------
GET /bridge/info 0ms 200
------------------------------------------------------------------------------------------------------
------------------------------------------------------------------------------------------------------
GET /bridge/028/d4d9qn8w/websocket 0ms (unfinished)
GET /bridge/497/9reaxkei/websocket 0ms (unfinished)
------------------------------------------------------------------------------------------------------
POST /bridge/028/l4u83lnm/xhr_streaming 0ms (unfinished)
------------------------------------------------------------------------------------------------------
POST /bridge/028/l4u83lnm/xhr_send 1ms 204
------------------------------------------------------------------------------------------------------
POST /bridge/497/875zqsfs/xhr_streaming 1ms (unfinished)
------------------------------------------------------------------------------------------------------
POST /bridge/497/875zqsfs/xhr_send 1ms 204
------------------------------------------------------------------------------------------------------
GET /bridge/info 2ms 200
------------------------------------------------------------------------------------------------------
GET /bridge/info 0ms 200
------------------------------------------------------------------------------------------------------
GET /bridge/839/8b2v53to/websocket 2ms (unfinished)
------------------------------------------------------------------------------------------------------
GET /bridge/989/i3cnjo_o/websocket 0ms (unfinished)
------------------------------------------------------------------------------------------------------
------------------------------------------------------------------------------------------------------
GET /bridge/info 0ms 200
GET /bridge/info 1ms 200
------------------------------------------------------------------------------------------------------
GET /bridge/413/hc32vn_6/websocket 0ms (unfinished)
------------------------------------------------------------------------------------------------------
GET /bridge/799/m3srphlu/websocket 0ms (unfinished)
------------------------------------------------------------------------------------------------------
GET /bridge/info 1ms 200
------------------------------------------------------------------------------------------------------
GET /bridge/info 1ms 200
------------------------------------------------------------------------------------------------------
------------------------------------------------------------------------------------------------------
GET /bridge/636/33cyt3vl/websocket 3ms (unfinished)
GET /bridge/291/c7ymh_1n/websocket 1ms (unfinished)
------------------------------------------------------------------------------------------------------
GET /bridge/info 1ms 200
------------------------------------------------------------------------------------------------------
GET /bridge/info 1ms 200
------------------------------------------------------------------------------------------------------
GET /bridge/098/rmvi635n/websocket 2ms (unfinished)
------------------------------------------------------------------------------------------------------
GET /bridge/931/e0jlscpn/websocket 0ms (unfinished)
------------------------------------------------------------------------------------------------------
GET /bridge/info 1ms 200
------------------------------------------------------------------------------------------------------
GET /bridge/info 0ms 200
------------------------------------------------------------------------------------------------------
GET /bridge/796/6ezkzp2a/websocket 0ms (unfinished)
------------------------------------------------------------------------------------------------------
GET /bridge/887/bg7bm9p1/websocket 0ms (unfinished)
------------------------------------------------------------------------------------------------------
------------------------------------------------------------------------------------------------------
GET /bridge/info 2ms 200
GET /bridge/info 1ms 200
------------------------------------------------------------------------------------------------------
------------------------------------------------------------------------------------------------------
GET /bridge/974/d78e8rki/websocket 2ms (unfinished)
GET /bridge/536/lt55pigk/websocket 1ms (unfinished)
------------------------------------------------------------------------------------------------------
GET /bridge/info 1ms 200
------------------------------------------------------------------------------------------------------
GET /bridge/info 1ms 200
------------------------------------------------------------------------------------------------------
GET /bridge/708/sxis52yb/websocket 0ms (unfinished)
------------------------------------------------------------------------------------------------------
GET /bridge/623/94poambk/websocket 0ms (unfinished)
------------------------------------------------------------------------------------------------------
------------------------------------------------------------------------------------------------------
GET /bridge/info 1ms 200
GET /bridge/info 0ms 200
------------------------------------------------------------------------------------------------------
GET /bridge/637/91azjntc/websocket 1ms (unfinished)
------------------------------------------------------------------------------------------------------
GET /bridge/422/hb8idbc3/websocket 0ms (unfinished)
------------------------------------------------------------------------------------------------------
------------------------------------------------------------------------------------------------------
GET /bridge/info 1ms 200
GET /bridge/info 0ms 200
------------------------------------------------------------------------------------------------------
GET /bridge/439/zg72jbo6/websocket 3ms (unfinished)
------------------------------------------------------------------------------------------------------
GET /bridge/809/rtz7g345/websocket 0ms (unfinished)
------------------------------------------------------------------------------------------------------
------------------------------------------------------------------------------------------------------
GET /bridge/info 1ms 200
GET /bridge/948/0l4c8z5b/websocket 1ms (unfinished)
------------------------------------------------------------------------------------------------------
GET /bridge/info 0ms 200
------------------------------------------------------------------------------------------------------
------------------------------------------------------------------------------------------------------
GET /bridge/077/3dlfzrdc/websocket 0ms (unfinished)
GET /bridge/info 1ms 200
------------------------------------------------------------------------------------------------------
------------------------------------------------------------------------------------------------------
GET /bridge/info 1ms 200
GET /bridge/920/nfbb922j/websocket 2ms (unfinished)
------------------------------------------------------------------------------------------------------
GET /bridge/573/t4jb_u25/websocket 0ms (unfinished)
------------------------------------------------------------------------------------------------------
GET /bridge/info 0ms 200
------------------------------------------------------------------------------------------------------
GET /bridge/315/c13ph0o3/websocket 1ms (unfinished)
------------------------------------------------------------------------------------------------------
GET /bridge/info 0ms 200
------------------------------------------------------------------------------------------------------
GET /bridge/532/va_zab5n/websocket 0ms (unfinished)
------------------------------------------------------------------------------------------------------
GET /bridge/info 1ms 200
------------------------------------------------------------------------------------------------------
------------------------------------------------------------------------------------------------------
GET /bridge/info 1ms 200
------------------------------------------------------------------------------------------------------
GET /bridge/826/9noa0umc/websocket 2ms (unfinished)
GET /bridge/128/tmg2eyts/websocket 0ms (unfinished)
------------------------------------------------------------------------------------------------------
GET /bridge/info 1ms 200
------------------------------------------------------------------------------------------------------
GET /bridge/info 0ms 200
------------------------------------------------------------------------------------------------------
------------------------------------------------------------------------------------------------------
GET /bridge/662/dfu5c23v/websocket 1ms (unfinished)
------------------------------------------------------------------------------------------------------
GET /bridge/871/chwcxv5t/websocket 0ms (unfinished)
------------------------------------------------------------------------------------------------------
GET /bridge/info 1ms 200
GET /bridge/info 0ms 200
------------------------------------------------------------------------------------------------------
GET /bridge/874/z2pi34ay/websocket 0ms (unfinished)
------------------------------------------------------------------------------------------------------
GET /bridge/039/ew1yk56p/websocket 1ms (unfinished)
------------------------------------------------------------------------------------------------------
GET /bridge/info 0ms 200
------------------------------------------------------------------------------------------------------
GET /bridge/734/xz3_x0mp/websocket 1ms (unfinished)
------------------------------------------------------------------------------------------------------
------------------------------------------------------------------------------------------------------
GET /bridge/info 0ms 200
GET /bridge/355/w968l5bb/websocket 1ms (unfinished)
------------------------------------------------------------------------------------------------------
GET /bridge/info 0ms 200
------------------------------------------------------------------------------------------------------
GET /bridge/info 0ms 200
------------------------------------------------------------------------------------------------------
GET /bridge/004/pd4lixmd/websocket 0ms (unfinished)
------------------------------------------------------------------------------------------------------
------------------------------------------------------------------------------------------------------
GET /bridge/413/7lm28tgp/websocket 1ms (unfinished)
------------------------------------------------------------------------------------------------------
GET /bridge/info 1ms 200
GET /bridge/info 0ms 200
------------------------------------------------------------------------------------------------------
GET /bridge/413/kt3dix5n/websocket 3ms (unfinished)
------------------------------------------------------------------------------------------------------
------------------------------------------------------------------------------------------------------
GET /bridge/511/u0r6koaq/websocket 0ms (unfinished)
GET /bridge/info 0ms 200
------------------------------------------------------------------------------------------------------
GET /bridge/info 0ms 200
------------------------------------------------------------------------------------------------------
GET /bridge/399/u13iatpw/websocket 0ms (unfinished)
------------------------------------------------------------------------------------------------------
GET /bridge/197/7fvgylko/websocket 0ms (unfinished)
------------------------------------------------------------------------------------------------------
GET /bridge/info 3ms 200
------------------------------------------------------------------------------------------------------
GET /bridge/556/n3emsuw1/websocket 2ms (unfinished)
------------------------------------------------------------------------------------------------------
GET /bridge/info 0ms 200
------------------------------------------------------------------------------------------------------
GET /bridge/572/5xfux1r5/websocket 0ms (unfinished)
------------------------------------------------------------------------------------------------------
GET /bridge/info 0ms 200
------------------------------------------------------------------------------------------------------
GET /bridge/info 0ms 200
------------------------------------------------------------------------------------------------------
GET /bridge/423/tcvy3vwz/websocket 0ms (unfinished)
------------------------------------------------------------------------------------------------------
GET /bridge/660/351lzu2a/websocket 1ms (unfinished)
------------------------------------------------------------------------------------------------------
GET /bridge/info 1ms 200
------------------------------------------------------------------------------------------------------
------------------------------------------------------------------------------------------------------
GET /bridge/info 0ms 200
GET /bridge/454/1dyh9zsw/websocket 1ms (unfinished)
------------------------------------------------------------------------------------------------------
GET /bridge/248/t9uptbpp/websocket 0ms (unfinished)
------------------------------------------------------------------------------------------------------
GET /bridge/info 1ms 200
------------------------------------------------------------------------------------------------------
------------------------------------------------------------------------------------------------------
GET /bridge/info 0ms 200
GET /bridge/350/9y7ycant/websocket 0ms (unfinished)
------------------------------------------------------------------------------------------------------
------------------------------------------------------------------------------------------------------
GET /bridge/522/f007kxcw/websocket 1ms (unfinished)
------------------------------------------------------------------------------------------------------
GET /bridge/info 1ms 200
GET /bridge/info 0ms 200
------------------------------------------------------------------------------------------------------
GET /bridge/859/si5kifjs/websocket 0ms (unfinished)
------------------------------------------------------------------------------------------------------
GET /bridge/738/caubgozq/websocket 0ms (unfinished)
------------------------------------------------------------------------------------------------------
GET /bridge/info 0ms 200
------------------------------------------------------------------------------------------------------
GET /bridge/info 0ms 200
------------------------------------------------------------------------------------------------------
GET /bridge/492/95zrzoze/websocket 1ms (unfinished)
------------------------------------------------------------------------------------------------------
GET /bridge/374/tjlba32y/websocket 0ms (unfinished)
------------------------------------------------------------------------------------------------------
GET /bridge/info 0ms 200
------------------------------------------------------------------------------------------------------
GET /bridge/info 1ms 200
------------------------------------------------------------------------------------------------------
GET /bridge/390/ggq75jwu/websocket 1ms (unfinished)
------------------------------------------------------------------------------------------------------
GET /bridge/145/ji1sf02a/websocket 0ms (unfinished)
------------------------------------------------------------------------------------------------------
GET /bridge/info 1ms 200
------------------------------------------------------------------------------------------------------
GET /bridge/info 0ms 200
------------------------------------------------------------------------------------------------------
GET /bridge/269/pw8pg_js/websocket 0ms (unfinished)
------------------------------------------------------------------------------------------------------
------------------------------------------------------------------------------------------------------
GET /bridge/506/jl1jvoyn/websocket 0ms (unfinished)
GET /bridge/info 0ms 200
------------------------------------------------------------------------------------------------------
------------------------------------------------------------------------------------------------------
GET /bridge/info 1ms 200
------------------------------------------------------------------------------------------------------
GET /bridge/453/g3hqzq6i/websocket 0ms (unfinished)
GET /bridge/982/lriycivo/websocket 0ms (unfinished)
------------------------------------------------------------------------------------------------------
GET /bridge/info 0ms 200
------------------------------------------------------------------------------------------------------
GET /bridge/info 0ms 200
------------------------------------------------------------------------------------------------------
GET /bridge/801/hmqlbxb9/websocket 1ms (unfinished)
------------------------------------------------------------------------------------------------------
GET /bridge/923/7t055104/websocket 0ms (unfinished)
------------------------------------------------------------------------------------------------------
------------------------------------------------------------------------------------------------------
GET /bridge/info 1ms 200
GET /bridge/info 0ms 200
------------------------------------------------------------------------------------------------------
GET /bridge/787/6duvort6/websocket 0ms (unfinished)
------------------------------------------------------------------------------------------------------
GET /bridge/985/9u_0pd_s/websocket 0ms (unfinished)
------------------------------------------------------------------------------------------------------
------------------------------------------------------------------------------------------------------
GET /bridge/info 0ms 200
GET /bridge/info 0ms 200
------------------------------------------------------------------------------------------------------
------------------------------------------------------------------------------------------------------
GET /bridge/669/kad0tp6h/websocket 1ms (unfinished)
GET /bridge/518/ha5opi3_/websocket 0ms (unfinished)
------------------------------------------------------------------------------------------------------
POST /bridge/006/ipb9wv28/xhr_send 2ms 404
------------------------------------------------------------------------------------------------------
------------------------------------------------------------------------------------------------------
GET /bridge/info 1ms 200
GET /bridge/info 1ms 200
------------------------------------------------------------------------------------------------------
GET /bridge/293/9z7iwk4t/websocket 0ms (unfinished)
------------------------------------------------------------------------------------------------------
GET /bridge/276/pyx6uwg1/websocket 0ms (unfinished)
------------------------------------------------------------------------------------------------------
GET /bridge/info 1ms 200
------------------------------------------------------------------------------------------------------
GET /bridge/info 0ms 200
------------------------------------------------------------------------------------------------------
GET /bridge/168/jpgzwp4p/websocket 1ms (unfinished)
------------------------------------------------------------------------------------------------------
------------------------------------------------------------------------------------------------------
GET /bridge/234/6rx32ei3/websocket 0ms (unfinished)
------------------------------------------------------------------------------------------------------
POST /bridge/737/9234z8wn/xhr_send 3ms 204
