------------------------------------------------------------------------------------------------------
GET /bridge/info 1ms 200
------------------------------------------------------------------------------------------------------
GET /bridge/info 0ms 200
------------------------------------------------------------------------------------------------------
GET /bridge/694/rs9j21w7/websocket 0ms (unfinished)
GET /bridge/548/uh2_5eik/websocket 0ms (unfinished)
------------------------------------------------------------------------------------------------------
------------------------------------------------------------------------------------------------------
POST /bridge/694/kc61oh7m/xhr_streaming 0ms (unfinished)
POST /bridge/694/kc61oh7m/xhr_send 1ms 204
------------------------------------------------------------------------------------------------------
POST /bridge/548/2r4b6c0v/xhr_streaming 0ms (unfinished)
------------------------------------------------------------------------------------------------------
POST /bridge/548/2r4b6c0v/xhr_send 0ms 204
------------------------------------------------------------------------------------------------------
------------------------------------------------------------------------------------------------------
GET /bridge/info 0ms 200
GET /bridge/info 0ms 200
------------------------------------------------------------------------------------------------------
GET /bridge/190/1owv8v5f/websocket 0ms (unfinished)
------------------------------------------------------------------------------------------------------
GET /bridge/871/uygia03h/websocket 0ms (unfinished)
------------------------------------------------------------------------------------------------------
------------------------------------------------------------------------------------------------------
POST /bridge/190/p1rcwu9e/xhr_streaming 0ms (unfinished)
POST /bridge/190/p1rcwu9e/xhr_send 0ms 204
------------------------------------------------------------------------------------------------------
POST /bridge/871/z83_nwj3/xhr_streaming 0ms (unfinished)
------------------------------------------------------------------------------------------------------
POST /bridge/871/z83_nwj3/xhr_send 0ms 204
------------------------------------------------------------------------------------------------------
GET /bridge/info 0ms 200
------------------------------------------------------------------------------------------------------
GET /bridge/info 1ms 200
------------------------------------------------------------------------------------------------------
GET /bridge/107/031hig7t/websocket 0ms (unfinished)
------------------------------------------------------------------------------------------------------
GET /bridge/675/5r91ib85/websocket 0ms (unfinished)
------------------------------------------------------------------------------------------------------
POST /bridge/107/d7iye9et/xhr_streaming 1ms (unfinished)
------------------------------------------------------------------------------------------------------
POST /bridge/107/d7iye9et/xhr_send 1ms 204
------------------------------------------------------------------------------------------------------
POST /bridge/675/szo0zvx3/xhr_streaming 0ms (unfinished)
------------------------------------------------------------------------------------------------------
GET /bridge/info 0ms 200
------------------------------------------------------------------------------------------------------
------------------------------------------------------------------------------------------------------
GET /bridge/info 0ms 200
------------------------------------------------------------------------------------------------------
GET /bridge/272/y3uypv_m/websocket 0ms (unfinished)
GET /bridge/400/0ggd4k8k/websocket 0ms (unfinished)
------------------------------------------------------------------------------------------------------
------------------------------------------------------------------------------------------------------
GET /bridge/info 0ms 200
GET /bridge/info 0ms 200
------------------------------------------------------------------------------------------------------
GET /bridge/356/cl8mm_w5/websocket 0ms (unfinished)
------------------------------------------------------------------------------------------------------
GET /bridge/356/0e67c6bw/websocket 0ms (unfinished)
------------------------------------------------------------------------------------------------------
GET /bridge/info 1ms 200
------------------------------------------------------------------------------------------------------
GET /bridge/info 0ms 200
------------------------------------------------------------------------------------------------------
GET /bridge/910/kcgikctp/websocket 0ms (unfinished)
------------------------------------------------------------------------------------------------------
GET /bridge/648/cstqe6kz/websocket 1ms (unfinished)
------------------------------------------------------------------------------------------------------
------------------------------------------------------------------------------------------------------
GET /bridge/info 1ms 200
------------------------------------------------------------------------------------------------------
GET /bridge/info 0ms 200
GET /bridge/658/pvccqstq/websocket 0ms (unfinished)
------------------------------------------------------------------------------------------------------
GET /bridge/305/c9lhr8bk/websocket 0ms (unfinished)
------------------------------------------------------------------------------------------------------
GET /bridge/info 0ms 200
------------------------------------------------------------------------------------------------------
GET /bridge/info 0ms 200
------------------------------------------------------------------------------------------------------
GET /bridge/863/l3i5ro4p/websocket 0ms (unfinished)
------------------------------------------------------------------------------------------------------
GET /bridge/373/x3p8xf17/websocket 0ms (unfinished)
------------------------------------------------------------------------------------------------------
GET /bridge/info 1ms 200
------------------------------------------------------------------------------------------------------
GET /bridge/info 1ms 200
------------------------------------------------------------------------------------------------------
GET /bridge/927/zub05th7/websocket 0ms (unfinished)
------------------------------------------------------------------------------------------------------
GET /bridge/985/7uvgmfgs/websocket 0ms (unfinished)
------------------------------------------------------------------------------------------------------
POST /bridge/985/f2jfkjjn/xhr_streaming 1ms (unfinished)
------------------------------------------------------------------------------------------------------
POST /bridge/927/n29nq5px/xhr_streaming 1ms (unfinished)
------------------------------------------------------------------------------------------------------
------------------------------------------------------------------------------------------------------
POST /bridge/985/f2jfkjjn/xhr_send 1ms 204
POST /bridge/927/n29nq5px/xhr_send 0ms 204
------------------------------------------------------------------------------------------------------
GET /bridge/info 1ms 200
------------------------------------------------------------------------------------------------------
GET /bridge/info 0ms 200
------------------------------------------------------------------------------------------------------
GET /bridge/387/r1mf7ezz/websocket 1ms (unfinished)
------------------------------------------------------------------------------------------------------
GET /bridge/696/u5ganmrv/websocket 0ms (unfinished)
------------------------------------------------------------------------------------------------------
GET /bridge/info 1ms 200
------------------------------------------------------------------------------------------------------
GET /bridge/info 0ms 200
------------------------------------------------------------------------------------------------------
GET /bridge/127/7i86nh7b/websocket 0ms (unfinished)
------------------------------------------------------------------------------------------------------
GET /bridge/900/ookid6jd/websocket 0ms (unfinished)
------------------------------------------------------------------------------------------------------
GET /bridge/info 0ms 200
------------------------------------------------------------------------------------------------------
GET /bridge/info 0ms 200
------------------------------------------------------------------------------------------------------
GET /bridge/424/vv10gqw4/websocket 1ms (unfinished)
------------------------------------------------------------------------------------------------------
GET /bridge/503/puj3dky2/websocket 0ms (unfinished)
------------------------------------------------------------------------------------------------------
------------------------------------------------------------------------------------------------------
POST /bridge/424/sh7fve5v/xhr_streaming 0ms (unfinished)
------------------------------------------------------------------------------------------------------
POST /bridge/424/sh7fve5v/xhr_send 1ms 204
POST /bridge/503/nzptx0e3/xhr_streaming 0ms (unfinished)
------------------------------------------------------------------------------------------------------
------------------------------------------------------------------------------------------------------
POST /bridge/503/nzptx0e3/xhr_send 1ms 204
GET /bridge/info 1ms 200
------------------------------------------------------------------------------------------------------
------------------------------------------------------------------------------------------------------
GET /bridge/info 1ms 200
------------------------------------------------------------------------------------------------------
GET /bridge/258/stjzeuti/websocket 1ms (unfinished)
------------------------------------------------------------------------------------------------------
GET /bridge/175/az685_r8/websocket 0ms (unfinished)
------------------------------------------------------------------------------------------------------
POST /bridge/258/c_z88nwv/xhr_streaming 1ms (unfinished)
POST /bridge/258/c_z88nwv/xhr_send 1ms 204
------------------------------------------------------------------------------------------------------
POST /bridge/175/o23kj0ch/xhr_streaming 1ms (unfinished)
------------------------------------------------------------------------------------------------------
POST /bridge/175/o23kj0ch/xhr_send 1ms 204
------------------------------------------------------------------------------------------------------
------------------------------------------------------------------------------------------------------
GET /bridge/info 1ms 200
GET /bridge/info 0ms 200
------------------------------------------------------------------------------------------------------
GET /bridge/609/lflzvgv3/websocket 4ms (unfinished)
------------------------------------------------------------------------------------------------------
GET /bridge/864/7zewoaz7/websocket 1ms (unfinished)
------------------------------------------------------------------------------------------------------
GET /bridge/info 1ms 200
------------------------------------------------------------------------------------------------------
GET /bridge/info 1ms 200
------------------------------------------------------------------------------------------------------
GET /bridge/501/j9en6zls/websocket 0ms (unfinished)
------------------------------------------------------------------------------------------------------
------------------------------------------------------------------------------------------------------
GET /bridge/821/b9cyy9t9/websocket 0ms (unfinished)
------------------------------------------------------------------------------------------------------
GET /bridge/info 1ms 200
------------------------------------------------------------------------------------------------------
GET /bridge/info 0ms 200
GET /bridge/359/1iddfhmj/websocket 2ms (unfinished)
------------------------------------------------------------------------------------------------------
GET /bridge/377/cyf63rpd/websocket 0ms (unfinished)
------------------------------------------------------------------------------------------------------
GET /bridge/info 0ms 200
------------------------------------------------------------------------------------------------------
GET /bridge/info 1ms 200
------------------------------------------------------------------------------------------------------
GET /bridge/549/yw0ptqo7/websocket 0ms (unfinished)
------------------------------------------------------------------------------------------------------
GET /bridge/343/70z6dodl/websocket 0ms (unfinished)
------------------------------------------------------------------------------------------------------
POST /bridge/549/19ykmj5x/xhr_streaming 2ms (unfinished)
------------------------------------------------------------------------------------------------------
POST /bridge/549/19ykmj5x/xhr_send 3ms 204
------------------------------------------------------------------------------------------------------
POST /bridge/343/rx390wq6/xhr_streaming 0ms (unfinished)
------------------------------------------------------------------------------------------------------
POST /bridge/343/rx390wq6/xhr_send 1ms 204
------------------------------------------------------------------------------------------------------
------------------------------------------------------------------------------------------------------
GET /bridge/info 1ms 200
GET /bridge/info 1ms 200
------------------------------------------------------------------------------------------------------
GET /bridge/370/ojmn2g3c/websocket 1ms (unfinished)
------------------------------------------------------------------------------------------------------
GET /bridge/169/tkz80oay/websocket 0ms (unfinished)
------------------------------------------------------------------------------------------------------
------------------------------------------------------------------------------------------------------
GET /bridge/info 0ms 200
GET /bridge/info 0ms 200
------------------------------------------------------------------------------------------------------
GET /bridge/526/2erevr2h/websocket 1ms (unfinished)
------------------------------------------------------------------------------------------------------
GET /bridge/791/ppssj6u1/websocket 1ms (unfinished)
------------------------------------------------------------------------------------------------------
GET /bridge/info 0ms 200
------------------------------------------------------------------------------------------------------
------------------------------------------------------------------------------------------------------
GET /bridge/info 0ms 200
GET /bridge/485/0k2m2o8o/websocket 1ms (unfinished)
------------------------------------------------------------------------------------------------------
GET /bridge/516/01wacesm/websocket 0ms (unfinished)
------------------------------------------------------------------------------------------------------
GET /bridge/info 1ms 200
------------------------------------------------------------------------------------------------------
GET /bridge/info 0ms 200
------------------------------------------------------------------------------------------------------
GET /bridge/808/ytbwd41m/websocket 3ms (unfinished)
------------------------------------------------------------------------------------------------------
GET /bridge/799/_ocx3fao/websocket 1ms (unfinished)
------------------------------------------------------------------------------------------------------
GET /bridge/info 0ms 200
------------------------------------------------------------------------------------------------------
GET /bridge/info 0ms 200
------------------------------------------------------------------------------------------------------
GET /bridge/510/wa_yb669/websocket 0ms (unfinished)
------------------------------------------------------------------------------------------------------
GET /bridge/260/7jqcmfiz/websocket 0ms (unfinished)
------------------------------------------------------------------------------------------------------
GET /bridge/info 0ms 200
------------------------------------------------------------------------------------------------------
------------------------------------------------------------------------------------------------------
GET /bridge/info 0ms 200
GET /bridge/110/1ece7io9/websocket 1ms (unfinished)
------------------------------------------------------------------------------------------------------
GET /bridge/660/91cgaot9/websocket 0ms (unfinished)
------------------------------------------------------------------------------------------------------
------------------------------------------------------------------------------------------------------
POST /bridge/675/szo0zvx3/xhr_send 3ms 404
GET /bridge/info 1ms 200
------------------------------------------------------------------------------------------------------
------------------------------------------------------------------------------------------------------
GET /bridge/info 1ms 200
GET /bridge/340/4_sy7kbg/websocket 3ms (unfinished)
------------------------------------------------------------------------------------------------------
------------------------------------------------------------------------------------------------------
GET /bridge/150/h8nctbzz/websocket 0ms (unfinished)
POST /bridge/340/5q1a3grg/xhr_streaming 1ms (unfinished)
------------------------------------------------------------------------------------------------------
------------------------------------------------------------------------------------------------------
POST /bridge/340/5q1a3grg/xhr_send 3ms 204
POST /bridge/150/05u8w9g7/xhr_streaming 0ms (unfinished)
------------------------------------------------------------------------------------------------------
POST /bridge/150/05u8w9g7/xhr_send 1ms 204
------------------------------------------------------------------------------------------------------
------------------------------------------------------------------------------------------------------
GET /bridge/info 0ms 200
------------------------------------------------------------------------------------------------------
GET /bridge/info 0ms 200
------------------------------------------------------------------------------------------------------
GET /bridge/525/kzl0p55o/websocket 1ms (unfinished)
GET /bridge/224/lhvc273l/websocket 0ms (unfinished)
------------------------------------------------------------------------------------------------------
POST /bridge/525/f04u_12i/xhr_streaming 1ms (unfinished)
------------------------------------------------------------------------------------------------------
------------------------------------------------------------------------------------------------------
POST /bridge/525/f04u_12i/xhr_send 1ms 204
------------------------------------------------------------------------------------------------------
POST /bridge/224/qykeyi_m/xhr_streaming 1ms (unfinished)
POST /bridge/224/qykeyi_m/xhr_send 0ms 204
------------------------------------------------------------------------------------------------------
GET /bridge/info 1ms 200
------------------------------------------------------------------------------------------------------
GET /bridge/info 1ms 200
------------------------------------------------------------------------------------------------------
GET /bridge/420/bp2kvt05/websocket 1ms (unfinished)
------------------------------------------------------------------------------------------------------
------------------------------------------------------------------------------------------------------
GET /bridge/813/nd809pvf/websocket 1ms (unfinished)
POST /bridge/420/7l6cqpw5/xhr_streaming 0ms (unfinished)
------------------------------------------------------------------------------------------------------
POST /bridge/420/7l6cqpw5/xhr_send 1ms 204
------------------------------------------------------------------------------------------------------
POST /bridge/813/t98nnspr/xhr_streaming 0ms (unfinished)
------------------------------------------------------------------------------------------------------
GET /bridge/info 0ms 200
------------------------------------------------------------------------------------------------------
------------------------------------------------------------------------------------------------------
GET /bridge/info 0ms 200
------------------------------------------------------------------------------------------------------
GET /bridge/162/evew5slx/websocket 0ms (unfinished)
GET /bridge/351/khiem_kg/websocket 0ms (unfinished)
------------------------------------------------------------------------------------------------------
POST /bridge/162/f6khvc6n/xhr_streaming 1ms (unfinished)
------------------------------------------------------------------------------------------------------
POST /bridge/162/f6khvc6n/xhr_send 1ms 204
------------------------------------------------------------------------------------------------------
POST /bridge/351/de1ijv1c/xhr_streaming 1ms (unfinished)
------------------------------------------------------------------------------------------------------
GET /bridge/info 0ms 200
------------------------------------------------------------------------------------------------------
GET /bridge/info 1ms 200
------------------------------------------------------------------------------------------------------
GET /bridge/105/pb_2qeqt/websocket 0ms (unfinished)
------------------------------------------------------------------------------------------------------
GET /bridge/982/l1aqboec/websocket 0ms (unfinished)
------------------------------------------------------------------------------------------------------
GET /bridge/info 1ms 200
------------------------------------------------------------------------------------------------------
GET /bridge/info 1ms 200
------------------------------------------------------------------------------------------------------
GET /bridge/891/cs5f2lpx/websocket 2ms (unfinished)
------------------------------------------------------------------------------------------------------
GET /bridge/646/ctutz6ep/websocket 0ms (unfinished)
------------------------------------------------------------------------------------------------------
28,02,2022,09,00
------------------------------------------------------------------------------------------------------
28,02,2022,09,00
------------------------------------------------------------------------------------------------------
28,02,2022,09,00
------------------------------------------------------------------------------------------------------
01,03,2022,09,00
------------------------------------------------------------------------------------------------------
GET /bridge/info 1ms 200
------------------------------------------------------------------------------------------------------
GET /bridge/info 0ms 200
------------------------------------------------------------------------------------------------------
GET /bridge/535/zlv7bmiw/websocket 2ms (unfinished)
------------------------------------------------------------------------------------------------------
GET /bridge/098/j9ni259d/websocket 0ms (unfinished)
------------------------------------------------------------------------------------------------------
GET /bridge/info 1ms 200
------------------------------------------------------------------------------------------------------
GET /bridge/info 1ms 200
------------------------------------------------------------------------------------------------------
------------------------------------------------------------------------------------------------------
GET /bridge/682/euy7103p/websocket 1ms (unfinished)
------------------------------------------------------------------------------------------------------
GET /bridge/628/86avc_rd/websocket 0ms (unfinished)
GET /bridge/info 1ms 200
------------------------------------------------------------------------------------------------------
GET /bridge/info 0ms 200
------------------------------------------------------------------------------------------------------
GET /bridge/481/l_k9bs4o/websocket 0ms (unfinished)
------------------------------------------------------------------------------------------------------
GET /bridge/331/623wnin0/websocket 0ms (unfinished)
------------------------------------------------------------------------------------------------------
GET /bridge/info 1ms 200
------------------------------------------------------------------------------------------------------
GET /bridge/info 1ms 200
------------------------------------------------------------------------------------------------------
GET /bridge/249/a2be_1ca/websocket 3ms (unfinished)
------------------------------------------------------------------------------------------------------
------------------------------------------------------------------------------------------------------
GET /bridge/966/0qot1ecl/websocket 0ms (unfinished)
------------------------------------------------------------------------------------------------------
POST /bridge/351/de1ijv1c/xhr_send 3ms 404
GET /bridge/info 1ms 200
------------------------------------------------------------------------------------------------------
GET /bridge/info 0ms 200
------------------------------------------------------------------------------------------------------
------------------------------------------------------------------------------------------------------
GET /bridge/236/ir8xrbo3/websocket 1ms (unfinished)
GET /bridge/095/ydd62waj/websocket 0ms (unfinished)
------------------------------------------------------------------------------------------------------
GET /bridge/info 0ms 200
------------------------------------------------------------------------------------------------------
GET /bridge/info 0ms 200
------------------------------------------------------------------------------------------------------
GET /bridge/840/gwhkxnxe/websocket 0ms (unfinished)
------------------------------------------------------------------------------------------------------
GET /bridge/608/8i1hvqno/websocket 1ms (unfinished)
------------------------------------------------------------------------------------------------------
------------------------------------------------------------------------------------------------------
POST /bridge/840/qpjm7nzx/xhr_streaming 1ms (unfinished)
POST /bridge/608/7yvbjug7/xhr_streaming 1ms (unfinished)
------------------------------------------------------------------------------------------------------
POST /bridge/840/qpjm7nzx/xhr_send 2ms 204
------------------------------------------------------------------------------------------------------
POST /bridge/608/7yvbjug7/xhr_send 1ms 204
------------------------------------------------------------------------------------------------------
GET /bridge/info 1ms 200
------------------------------------------------------------------------------------------------------
GET /bridge/info 1ms 200
------------------------------------------------------------------------------------------------------
------------------------------------------------------------------------------------------------------
GET /bridge/068/0l5dpl47/websocket 0ms (unfinished)
GET /bridge/243/fw1ru2wc/websocket 0ms (unfinished)
------------------------------------------------------------------------------------------------------
POST /bridge/068/entlmo1b/xhr_streaming 0ms (unfinished)
------------------------------------------------------------------------------------------------------
POST /bridge/068/entlmo1b/xhr_send 1ms 204
------------------------------------------------------------------------------------------------------
POST /bridge/243/4fbno0b4/xhr_streaming 0ms (unfinished)
------------------------------------------------------------------------------------------------------
------------------------------------------------------------------------------------------------------
POST /bridge/243/4fbno0b4/xhr_send 0ms 204
GET /bridge/info 0ms 200
------------------------------------------------------------------------------------------------------
GET /bridge/info 1ms 200
------------------------------------------------------------------------------------------------------
------------------------------------------------------------------------------------------------------
GET /bridge/265/6vvtzv3j/websocket 0ms (unfinished)
GET /bridge/682/50q0ie70/websocket 0ms (unfinished)
------------------------------------------------------------------------------------------------------
GET /bridge/info 1ms 200
------------------------------------------------------------------------------------------------------
GET /bridge/info 0ms 200
------------------------------------------------------------------------------------------------------
GET /bridge/156/7ewuo5ww/websocket 3ms (unfinished)
------------------------------------------------------------------------------------------------------
GET /bridge/726/julojokc/websocket 0ms (unfinished)
------------------------------------------------------------------------------------------------------
GET /bridge/info 0ms 200
------------------------------------------------------------------------------------------------------
------------------------------------------------------------------------------------------------------
GET /bridge/info 1ms 200
GET /bridge/400/46aeab_m/websocket 0ms (unfinished)
------------------------------------------------------------------------------------------------------
GET /bridge/839/k1v7s5hf/websocket 1ms (unfinished)
------------------------------------------------------------------------------------------------------
POST /bridge/400/tdf1bbk7/xhr_streaming 1ms (unfinished)
------------------------------------------------------------------------------------------------------
POST /bridge/400/tdf1bbk7/xhr_send 3ms 204
------------------------------------------------------------------------------------------------------
POST /bridge/839/5hcgp5t_/xhr_streaming 0ms (unfinished)
------------------------------------------------------------------------------------------------------
GET /bridge/info 1ms 200
------------------------------------------------------------------------------------------------------
GET /bridge/info 0ms 200
------------------------------------------------------------------------------------------------------
GET /bridge/409/3tch4lzb/websocket 1ms (unfinished)
------------------------------------------------------------------------------------------------------
GET /bridge/158/m1h8w8fh/websocket 0ms (unfinished)
------------------------------------------------------------------------------------------------------
GET /bridge/info 1ms 200
------------------------------------------------------------------------------------------------------
GET /bridge/info 1ms 200
------------------------------------------------------------------------------------------------------
------------------------------------------------------------------------------------------------------
GET /bridge/801/koq4b8lk/websocket 0ms (unfinished)
GET /bridge/729/fsbkrjd3/websocket 0ms (unfinished)
------------------------------------------------------------------------------------------------------
GET /bridge/info 1ms 200
------------------------------------------------------------------------------------------------------
GET /bridge/info 1ms 200
------------------------------------------------------------------------------------------------------
GET /bridge/697/p0e4lvxw/websocket 3ms (unfinished)
------------------------------------------------------------------------------------------------------
GET /bridge/819/rv88i68f/websocket 0ms (unfinished)
------------------------------------------------------------------------------------------------------
GET /bridge/info 2ms 200
------------------------------------------------------------------------------------------------------
GET /bridge/info 0ms 200
------------------------------------------------------------------------------------------------------
GET /bridge/203/k2cfg3cn/websocket 3ms (unfinished)
------------------------------------------------------------------------------------------------------
GET /bridge/028/hopwomcg/websocket 1ms (unfinished)
------------------------------------------------------------------------------------------------------
GET /bridge/info 1ms 200
------------------------------------------------------------------------------------------------------
GET /bridge/info 1ms 200
------------------------------------------------------------------------------------------------------
GET /bridge/007/zr_xl7ox/websocket 0ms (unfinished)
------------------------------------------------------------------------------------------------------
GET /bridge/337/xxau446u/websocket 1ms (unfinished)
------------------------------------------------------------------------------------------------------
GET /bridge/info 1ms 200
------------------------------------------------------------------------------------------------------
------------------------------------------------------------------------------------------------------
GET /bridge/info 0ms 200
GET /bridge/395/01tdy1y6/websocket 3ms (unfinished)
------------------------------------------------------------------------------------------------------
GET /bridge/928/yoxlrwwj/websocket 0ms (unfinished)
------------------------------------------------------------------------------------------------------
GET /bridge/info 1ms 200
------------------------------------------------------------------------------------------------------
GET /bridge/658/w2u33uvn/websocket 3ms (unfinished)
------------------------------------------------------------------------------------------------------
GET /bridge/info 1ms 200
------------------------------------------------------------------------------------------------------
GET /bridge/787/maxp5iim/websocket 0ms (unfinished)
------------------------------------------------------------------------------------------------------
GET /bridge/info 0ms 200
------------------------------------------------------------------------------------------------------
GET /bridge/info 0ms 200
------------------------------------------------------------------------------------------------------
GET /bridge/982/490ko4jn/websocket 0ms (unfinished)
------------------------------------------------------------------------------------------------------
GET /bridge/000/xk19yy6z/websocket 0ms (unfinished)
------------------------------------------------------------------------------------------------------
------------------------------------------------------------------------------------------------------
GET /bridge/info 2ms 200
------------------------------------------------------------------------------------------------------
GET /bridge/info 0ms 200
GET /bridge/716/zxkwa05w/websocket 2ms (unfinished)
------------------------------------------------------------------------------------------------------
GET /bridge/762/ahwnslbh/websocket 1ms (unfinished)
------------------------------------------------------------------------------------------------------
GET /bridge/info 0ms 200
------------------------------------------------------------------------------------------------------
GET /bridge/info 0ms 200
------------------------------------------------------------------------------------------------------
GET /bridge/264/05qdxi1e/websocket 1ms (unfinished)
------------------------------------------------------------------------------------------------------
GET /bridge/704/z4t3yi67/websocket 0ms (unfinished)
------------------------------------------------------------------------------------------------------
------------------------------------------------------------------------------------------------------
GET /bridge/info 0ms 200
------------------------------------------------------------------------------------------------------
GET /bridge/info 0ms 200
------------------------------------------------------------------------------------------------------
GET /bridge/907/ewfh1reb/websocket 1ms (unfinished)
------------------------------------------------------------------------------------------------------
GET /bridge/330/y321h162/websocket 1ms (unfinished)
GET /bridge/info 0ms 200
------------------------------------------------------------------------------------------------------
GET /bridge/info 1ms 200
------------------------------------------------------------------------------------------------------
GET /bridge/633/we3x3697/websocket 0ms (unfinished)
------------------------------------------------------------------------------------------------------
------------------------------------------------------------------------------------------------------
GET /bridge/351/yv06_o_0/websocket 0ms (unfinished)
GET /bridge/info 0ms 200
------------------------------------------------------------------------------------------------------
GET /bridge/info 0ms 200
------------------------------------------------------------------------------------------------------
------------------------------------------------------------------------------------------------------
GET /bridge/815/076e6sje/websocket 1ms (unfinished)
GET /bridge/841/2d46z1x9/websocket 0ms (unfinished)
------------------------------------------------------------------------------------------------------
GET /bridge/info 1ms 200
------------------------------------------------------------------------------------------------------
GET /bridge/info 0ms 200
------------------------------------------------------------------------------------------------------
GET /bridge/281/mjl0f20u/websocket 2ms (unfinished)
------------------------------------------------------------------------------------------------------
GET /bridge/525/5zv7jghi/websocket 0ms (unfinished)
------------------------------------------------------------------------------------------------------
GET /bridge/info 1ms 200
------------------------------------------------------------------------------------------------------
GET /bridge/info 1ms 200
------------------------------------------------------------------------------------------------------
GET /bridge/490/mevps810/websocket 3ms (unfinished)
------------------------------------------------------------------------------------------------------
GET /bridge/728/61mj54j0/websocket 0ms (unfinished)
------------------------------------------------------------------------------------------------------
GET /bridge/info 1ms 200
------------------------------------------------------------------------------------------------------
GET /bridge/info 0ms 200
------------------------------------------------------------------------------------------------------
GET /bridge/368/77hi1kga/websocket 2ms (unfinished)
------------------------------------------------------------------------------------------------------
GET /bridge/414/p963so4e/websocket 0ms (unfinished)
------------------------------------------------------------------------------------------------------
GET /bridge/info 0ms 200
------------------------------------------------------------------------------------------------------
GET /bridge/info 1ms 200
------------------------------------------------------------------------------------------------------
GET /bridge/742/4sk0_dgs/websocket 0ms (unfinished)
------------------------------------------------------------------------------------------------------
------------------------------------------------------------------------------------------------------
GET /bridge/508/5zt093jh/websocket 0ms (unfinished)
GET /bridge/info 0ms 200
------------------------------------------------------------------------------------------------------
GET /bridge/info 0ms 200
------------------------------------------------------------------------------------------------------
GET /bridge/768/4_f4q0di/websocket 0ms (unfinished)
------------------------------------------------------------------------------------------------------
GET /bridge/051/3n0mavc1/websocket 0ms (unfinished)
------------------------------------------------------------------------------------------------------
GET /bridge/info 1ms 200
------------------------------------------------------------------------------------------------------
------------------------------------------------------------------------------------------------------
GET /bridge/info 1ms 200
GET /bridge/912/clbionno/websocket 0ms (unfinished)
------------------------------------------------------------------------------------------------------
------------------------------------------------------------------------------------------------------
GET /bridge/593/r_a6deag/websocket 0ms (unfinished)
GET /bridge/info 0ms 200
------------------------------------------------------------------------------------------------------
GET /bridge/info 0ms 200
------------------------------------------------------------------------------------------------------
GET /bridge/320/n1rlp00k/websocket 0ms (unfinished)
------------------------------------------------------------------------------------------------------
------------------------------------------------------------------------------------------------------
GET /bridge/819/nakf36gf/websocket 0ms (unfinished)
GET /bridge/info 1ms 200
------------------------------------------------------------------------------------------------------
------------------------------------------------------------------------------------------------------
GET /bridge/info 0ms 200
GET /bridge/518/oaf3uboy/websocket 0ms (unfinished)
------------------------------------------------------------------------------------------------------
GET /bridge/154/ieu2k_ge/websocket 1ms (unfinished)
------------------------------------------------------------------------------------------------------
------------------------------------------------------------------------------------------------------
GET /bridge/info 0ms 200
GET /bridge/info 1ms 200
------------------------------------------------------------------------------------------------------
GET /bridge/605/u0hqxec4/websocket 0ms (unfinished)
------------------------------------------------------------------------------------------------------
GET /bridge/659/svf7g4um/websocket 0ms (unfinished)
------------------------------------------------------------------------------------------------------
GET /bridge/info 0ms 200
------------------------------------------------------------------------------------------------------
GET /bridge/info 0ms 200
------------------------------------------------------------------------------------------------------
GET /bridge/316/ex92_cx8/websocket 0ms (unfinished)
------------------------------------------------------------------------------------------------------
GET /bridge/085/agnye98_/websocket 1ms (unfinished)
------------------------------------------------------------------------------------------------------
GET /bridge/info 1ms 200
------------------------------------------------------------------------------------------------------
GET /bridge/info 0ms 200
------------------------------------------------------------------------------------------------------
GET /bridge/035/csq31o4x/websocket 0ms (unfinished)
------------------------------------------------------------------------------------------------------
GET /bridge/445/zm5nirjn/websocket 0ms (unfinished)
------------------------------------------------------------------------------------------------------
------------------------------------------------------------------------------------------------------
GET /bridge/info 0ms 200
------------------------------------------------------------------------------------------------------
GET /bridge/info 0ms 200
GET /bridge/759/ebhuy2el/websocket 0ms (unfinished)
------------------------------------------------------------------------------------------------------
GET /bridge/601/un77zwgz/websocket 0ms (unfinished)
------------------------------------------------------------------------------------------------------
GET /bridge/info 0ms 200
------------------------------------------------------------------------------------------------------
GET /bridge/info 0ms 200
------------------------------------------------------------------------------------------------------
------------------------------------------------------------------------------------------------------
GET /bridge/918/0g1fcc1h/websocket 0ms (unfinished)
GET /bridge/251/av6tyc1s/websocket 0ms (unfinished)
------------------------------------------------------------------------------------------------------
GET /bridge/info 0ms 200
------------------------------------------------------------------------------------------------------
GET /bridge/info 0ms 200
------------------------------------------------------------------------------------------------------
GET /bridge/808/n0chk6q9/websocket 0ms (unfinished)
------------------------------------------------------------------------------------------------------
GET /bridge/844/ud8vg8st/websocket 0ms (unfinished)
------------------------------------------------------------------------------------------------------
GET /bridge/info 0ms 200
------------------------------------------------------------------------------------------------------
GET /bridge/info 1ms 200
------------------------------------------------------------------------------------------------------
GET /bridge/628/kr1omuj_/websocket 0ms (unfinished)
------------------------------------------------------------------------------------------------------
GET /bridge/874/wo0nau9u/websocket 0ms (unfinished)
------------------------------------------------------------------------------------------------------
GET /bridge/info 0ms 200
------------------------------------------------------------------------------------------------------
GET /bridge/info 0ms 200
------------------------------------------------------------------------------------------------------
------------------------------------------------------------------------------------------------------
GET /bridge/604/90wwdbyr/websocket 1ms (unfinished)
GET /bridge/444/ejlisat_/websocket 1ms (unfinished)
------------------------------------------------------------------------------------------------------
------------------------------------------------------------------------------------------------------
GET /bridge/info 0ms 200
GET /bridge/info 0ms 200
------------------------------------------------------------------------------------------------------
------------------------------------------------------------------------------------------------------
GET /bridge/743/m7osm9n0/websocket 1ms (unfinished)
GET /bridge/044/2c92qyag/websocket 0ms (unfinished)
------------------------------------------------------------------------------------------------------
GET /bridge/info 0ms 200
------------------------------------------------------------------------------------------------------
------------------------------------------------------------------------------------------------------
GET /bridge/info 0ms 200
GET /bridge/980/cbqx9ru0/websocket 1ms (unfinished)
------------------------------------------------------------------------------------------------------
GET /bridge/742/c6x_w45b/websocket 0ms (unfinished)
------------------------------------------------------------------------------------------------------
GET /bridge/info 0ms 200
------------------------------------------------------------------------------------------------------
GET /bridge/info 0ms 200
------------------------------------------------------------------------------------------------------
GET /bridge/573/bqmleiab/websocket 0ms (unfinished)
------------------------------------------------------------------------------------------------------
GET /bridge/451/y9_cmbgq/websocket 1ms (unfinished)
------------------------------------------------------------------------------------------------------
GET /bridge/info 0ms 200
------------------------------------------------------------------------------------------------------
GET /bridge/info 0ms 200
------------------------------------------------------------------------------------------------------
GET /bridge/816/1oe1k6wb/websocket 0ms (unfinished)
------------------------------------------------------------------------------------------------------
GET /bridge/607/vq0ioz2x/websocket 0ms (unfinished)
------------------------------------------------------------------------------------------------------
------------------------------------------------------------------------------------------------------
POST /bridge/813/t98nnspr/xhr_send 3ms 204
POST /bridge/839/5hcgp5t_/xhr_send 1ms 404
------------------------------------------------------------------------------------------------------
