------------------------------------------------------------------------------------------------------
GET /bridge/info 1ms 200
GET /bridge/info 1ms 200
------------------------------------------------------------------------------------------------------
------------------------------------------------------------------------------------------------------
GET /bridge/557/_ii9jx_e/websocket 2ms (unfinished)
GET /bridge/813/lygl9wnm/websocket 1ms (unfinished)
------------------------------------------------------------------------------------------------------
POST /bridge/557/5fg7oliz/xhr_streaming 1ms (unfinished)
------------------------------------------------------------------------------------------------------
POST /bridge/557/5fg7oliz/xhr_send 6ms 204
------------------------------------------------------------------------------------------------------
------------------------------------------------------------------------------------------------------
POST /bridge/813/bpt64vyn/xhr_streaming 1ms (unfinished)
POST /bridge/813/bpt64vyn/xhr_send 2ms 204
------------------------------------------------------------------------------------------------------
GET /bridge/info 1ms 200
------------------------------------------------------------------------------------------------------
------------------------------------------------------------------------------------------------------
GET /bridge/info 0ms 200
GET /bridge/201/0hv13hwo/websocket 1ms (unfinished)
------------------------------------------------------------------------------------------------------
------------------------------------------------------------------------------------------------------
GET /bridge/524/wudrhc2i/websocket 1ms (unfinished)
------------------------------------------------------------------------------------------------------
POST /bridge/201/id4_do5t/xhr_streaming 1ms (unfinished)
------------------------------------------------------------------------------------------------------
POST /bridge/524/gvi353m0/xhr_streaming 0ms (unfinished)
POST /bridge/201/id4_do5t/xhr_send 2ms 204
------------------------------------------------------------------------------------------------------
POST /bridge/524/gvi353m0/xhr_send 1ms 204
------------------------------------------------------------------------------------------------------
GET /bridge/info 0ms 200
------------------------------------------------------------------------------------------------------
------------------------------------------------------------------------------------------------------
GET /bridge/info 1ms 200
GET /bridge/093/sgfg8oge/websocket 0ms (unfinished)
------------------------------------------------------------------------------------------------------
------------------------------------------------------------------------------------------------------
GET /bridge/478/yfuf63fh/websocket 1ms (unfinished)
POST /bridge/093/h04y0_uo/xhr_streaming 1ms (unfinished)
------------------------------------------------------------------------------------------------------
------------------------------------------------------------------------------------------------------
POST /bridge/093/h04y0_uo/xhr_send 1ms 204
POST /bridge/478/ttqw5b3v/xhr_streaming 1ms (unfinished)
------------------------------------------------------------------------------------------------------
------------------------------------------------------------------------------------------------------
POST /bridge/478/ttqw5b3v/xhr_send 2ms 204
03,01,2022,09,00
------------------------------------------------------------------------------------------------------
03,01,2022,09,00
------------------------------------------------------------------------------------------------------
GET /bridge/info 1ms 200
------------------------------------------------------------------------------------------------------
------------------------------------------------------------------------------------------------------
GET /bridge/info 0ms 200
GET /bridge/830/9qbff2fu/websocket 2ms (unfinished)
------------------------------------------------------------------------------------------------------
GET /bridge/027/w0i710ta/websocket 0ms (unfinished)
------------------------------------------------------------------------------------------------------
POST /bridge/830/jhpc6j3o/xhr_streaming 1ms (unfinished)
------------------------------------------------------------------------------------------------------
POST /bridge/830/jhpc6j3o/xhr_send 4ms 204
------------------------------------------------------------------------------------------------------
POST /bridge/027/1vrdswox/xhr_streaming 0ms (unfinished)
------------------------------------------------------------------------------------------------------
POST /bridge/027/1vrdswox/xhr_send 1ms 204
------------------------------------------------------------------------------------------------------
GET /bridge/info 1ms 200
------------------------------------------------------------------------------------------------------
GET /bridge/info 1ms 200
------------------------------------------------------------------------------------------------------
GET /bridge/454/bbwp46ro/websocket 0ms (unfinished)
------------------------------------------------------------------------------------------------------
------------------------------------------------------------------------------------------------------
GET /bridge/662/s8oo_j79/websocket 0ms (unfinished)
------------------------------------------------------------------------------------------------------
POST /bridge/454/g56ok3ad/xhr_streaming 1ms (unfinished)
POST /bridge/454/g56ok3ad/xhr_send 2ms 204
------------------------------------------------------------------------------------------------------
POST /bridge/662/px77a7fv/xhr_streaming 0ms (unfinished)
------------------------------------------------------------------------------------------------------
POST /bridge/662/px77a7fv/xhr_send 1ms 204
------------------------------------------------------------------------------------------------------
GET /bridge/info 1ms 200
------------------------------------------------------------------------------------------------------
GET /bridge/info 1ms 200
------------------------------------------------------------------------------------------------------
GET /bridge/948/u5v7442z/websocket 2ms (unfinished)
------------------------------------------------------------------------------------------------------
GET /bridge/941/9yfs2phz/websocket 0ms (unfinished)
------------------------------------------------------------------------------------------------------
POST /bridge/948/fsghkxuy/xhr_streaming 1ms (unfinished)
------------------------------------------------------------------------------------------------------
POST /bridge/948/fsghkxuy/xhr_send 3ms 204
------------------------------------------------------------------------------------------------------
POST /bridge/941/x2css36f/xhr_streaming 1ms (unfinished)
------------------------------------------------------------------------------------------------------
POST /bridge/941/x2css36f/xhr_send 1ms 204
------------------------------------------------------------------------------------------------------
GET /bridge/info 0ms 200
------------------------------------------------------------------------------------------------------
------------------------------------------------------------------------------------------------------
GET /bridge/info 0ms 200
GET /bridge/850/xiydq1nd/websocket 0ms (unfinished)
------------------------------------------------------------------------------------------------------
GET /bridge/078/723pwxzu/websocket 0ms (unfinished)
------------------------------------------------------------------------------------------------------
------------------------------------------------------------------------------------------------------
POST /bridge/850/s23zm6_5/xhr_streaming 1ms (unfinished)
POST /bridge/850/s23zm6_5/xhr_send 1ms 204
------------------------------------------------------------------------------------------------------
POST /bridge/078/qau3sj9k/xhr_streaming 1ms (unfinished)
------------------------------------------------------------------------------------------------------
------------------------------------------------------------------------------------------------------
POST /bridge/078/qau3sj9k/xhr_send 1ms 204
GET /bridge/info 1ms 200
------------------------------------------------------------------------------------------------------
GET /bridge/info 0ms 200
------------------------------------------------------------------------------------------------------
GET /bridge/446/yckrq1n4/websocket 3ms (unfinished)
------------------------------------------------------------------------------------------------------
GET /bridge/280/iajhraf6/websocket 0ms (unfinished)
------------------------------------------------------------------------------------------------------
POST /bridge/446/3e5_hnki/xhr_streaming 2ms (unfinished)
------------------------------------------------------------------------------------------------------
------------------------------------------------------------------------------------------------------
POST /bridge/280/2wgfazua/xhr_streaming 1ms (unfinished)
POST /bridge/446/3e5_hnki/xhr_send 4ms 204
------------------------------------------------------------------------------------------------------
POST /bridge/280/2wgfazua/xhr_send 1ms 204
------------------------------------------------------------------------------------------------------
GET /bridge/info 0ms 200
------------------------------------------------------------------------------------------------------
GET /bridge/info 0ms 200
------------------------------------------------------------------------------------------------------
GET /bridge/561/8ugxoj5t/websocket 0ms (unfinished)
------------------------------------------------------------------------------------------------------
GET /bridge/070/54m6lfv4/websocket 1ms (unfinished)
------------------------------------------------------------------------------------------------------
POST /bridge/561/qzvm0cs2/xhr_streaming 1ms (unfinished)
------------------------------------------------------------------------------------------------------
POST /bridge/561/qzvm0cs2/xhr_send 1ms 204
------------------------------------------------------------------------------------------------------
POST /bridge/070/akw07b8a/xhr_streaming 0ms (unfinished)
------------------------------------------------------------------------------------------------------
------------------------------------------------------------------------------------------------------
POST /bridge/070/akw07b8a/xhr_send 1ms 204
------------------------------------------------------------------------------------------------------
GET /bridge/info 0ms 200
------------------------------------------------------------------------------------------------------
GET /bridge/info 1ms 200
GET /bridge/994/j3bytzt6/websocket 1ms (unfinished)
------------------------------------------------------------------------------------------------------
------------------------------------------------------------------------------------------------------
GET /bridge/571/_608x8ve/websocket 1ms (unfinished)
POST /bridge/994/mb6wb40d/xhr_streaming 1ms (unfinished)
------------------------------------------------------------------------------------------------------
POST /bridge/571/0j5qq_wj/xhr_streaming 0ms (unfinished)
------------------------------------------------------------------------------------------------------
POST /bridge/994/mb6wb40d/xhr_send 2ms 204
------------------------------------------------------------------------------------------------------
POST /bridge/571/0j5qq_wj/xhr_send 2ms 204
------------------------------------------------------------------------------------------------------
GET /bridge/info 1ms 200
------------------------------------------------------------------------------------------------------
------------------------------------------------------------------------------------------------------
GET /bridge/info 0ms 200
GET /bridge/089/a3ni7br5/websocket 1ms (unfinished)
------------------------------------------------------------------------------------------------------
GET /bridge/743/6zefpm5l/websocket 1ms (unfinished)
------------------------------------------------------------------------------------------------------
POST /bridge/089/ndmjohea/xhr_streaming 1ms (unfinished)
------------------------------------------------------------------------------------------------------
POST /bridge/089/ndmjohea/xhr_send 1ms 204
------------------------------------------------------------------------------------------------------
POST /bridge/743/kucakp21/xhr_streaming 1ms (unfinished)
------------------------------------------------------------------------------------------------------
POST /bridge/743/kucakp21/xhr_send 2ms 204
------------------------------------------------------------------------------------------------------
------------------------------------------------------------------------------------------------------
GET /bridge/info 0ms 200
GET /bridge/info 0ms 200
------------------------------------------------------------------------------------------------------
GET /bridge/594/407ms7gg/websocket 0ms (unfinished)
------------------------------------------------------------------------------------------------------
GET /bridge/056/2gyrolfx/websocket 0ms (unfinished)
------------------------------------------------------------------------------------------------------
POST /bridge/594/ef_3asq9/xhr_streaming 1ms (unfinished)
------------------------------------------------------------------------------------------------------
POST /bridge/594/ef_3asq9/xhr_send 1ms 204
------------------------------------------------------------------------------------------------------
POST /bridge/056/ei6g5ehw/xhr_streaming 1ms (unfinished)
------------------------------------------------------------------------------------------------------
GET /bridge/info 1ms 200
------------------------------------------------------------------------------------------------------
GET /bridge/info 1ms 200
------------------------------------------------------------------------------------------------------
GET /bridge/009/y5fkwutr/websocket 0ms (unfinished)
------------------------------------------------------------------------------------------------------
GET /bridge/898/ude_3lna/websocket 0ms (unfinished)
------------------------------------------------------------------------------------------------------
------------------------------------------------------------------------------------------------------
GET /bridge/info 0ms 200
GET /bridge/info 1ms 200
------------------------------------------------------------------------------------------------------
GET /bridge/645/vjog7hms/websocket 1ms (unfinished)
------------------------------------------------------------------------------------------------------
------------------------------------------------------------------------------------------------------
GET /bridge/074/q92aset7/websocket 0ms (unfinished)
GET /bridge/info 1ms 200
------------------------------------------------------------------------------------------------------
GET /bridge/info 1ms 200
------------------------------------------------------------------------------------------------------
GET /bridge/481/zeok1696/websocket 0ms (unfinished)
------------------------------------------------------------------------------------------------------
GET /bridge/918/ana9q52w/websocket 0ms (unfinished)
------------------------------------------------------------------------------------------------------
POST /bridge/056/ei6g5ehw/xhr_send 4ms 204
------------------------------------------------------------------------------------------------------
------------------------------------------------------------------------------------------------------
GET /bridge/info 1ms 200
GET /bridge/info 1ms 200
------------------------------------------------------------------------------------------------------
------------------------------------------------------------------------------------------------------
GET /bridge/601/m1n8owmv/websocket 3ms (unfinished)
GET /bridge/238/rnpjf575/websocket 0ms (unfinished)
------------------------------------------------------------------------------------------------------
POST /bridge/601/repzgw4s/xhr_streaming 1ms (unfinished)
------------------------------------------------------------------------------------------------------
------------------------------------------------------------------------------------------------------
POST /bridge/601/repzgw4s/xhr_send 2ms 204
POST /bridge/238/y5wb5gvz/xhr_streaming 0ms (unfinished)
------------------------------------------------------------------------------------------------------
POST /bridge/238/y5wb5gvz/xhr_send 1ms 204
------------------------------------------------------------------------------------------------------
GET /bridge/info 0ms 200
------------------------------------------------------------------------------------------------------
GET /bridge/info 0ms 200
------------------------------------------------------------------------------------------------------
GET /bridge/882/wuz2s4xi/websocket 1ms (unfinished)
------------------------------------------------------------------------------------------------------
GET /bridge/489/kmc8zfh6/websocket 0ms (unfinished)
------------------------------------------------------------------------------------------------------
POST /bridge/882/mf42sc20/xhr_streaming 1ms (unfinished)
------------------------------------------------------------------------------------------------------
POST /bridge/882/mf42sc20/xhr_send 1ms 204
------------------------------------------------------------------------------------------------------
POST /bridge/489/4rht_swd/xhr_streaming 0ms (unfinished)
------------------------------------------------------------------------------------------------------
POST /bridge/489/4rht_swd/xhr_send 1ms 204
------------------------------------------------------------------------------------------------------
GET /bridge/info 1ms 200
------------------------------------------------------------------------------------------------------
------------------------------------------------------------------------------------------------------
GET /bridge/info 0ms 200
GET /bridge/946/hrmwy4mj/websocket 1ms (unfinished)
------------------------------------------------------------------------------------------------------
GET /bridge/194/jh8amwv4/websocket 0ms (unfinished)
------------------------------------------------------------------------------------------------------
------------------------------------------------------------------------------------------------------
POST /bridge/946/eovfa018/xhr_streaming 1ms (unfinished)
POST /bridge/946/eovfa018/xhr_send 2ms 204
------------------------------------------------------------------------------------------------------
------------------------------------------------------------------------------------------------------
POST /bridge/194/m9_j0ys4/xhr_streaming 0ms (unfinished)
------------------------------------------------------------------------------------------------------
POST /bridge/194/m9_j0ys4/xhr_send 1ms 204
GET /bridge/info 0ms 200
------------------------------------------------------------------------------------------------------
GET /bridge/info 0ms 200
------------------------------------------------------------------------------------------------------
GET /bridge/481/5e6md2_c/websocket 1ms (unfinished)
------------------------------------------------------------------------------------------------------
GET /bridge/288/auat6ax2/websocket 0ms (unfinished)
------------------------------------------------------------------------------------------------------
POST /bridge/481/bw1xxo_b/xhr_streaming 0ms (unfinished)
------------------------------------------------------------------------------------------------------
------------------------------------------------------------------------------------------------------
POST /bridge/481/bw1xxo_b/xhr_send 2ms 204
POST /bridge/288/79rw6aak/xhr_streaming 0ms (unfinished)
------------------------------------------------------------------------------------------------------
------------------------------------------------------------------------------------------------------
POST /bridge/288/79rw6aak/xhr_send 1ms 204
GET /bridge/info 1ms 200
------------------------------------------------------------------------------------------------------
GET /bridge/info 0ms 200
------------------------------------------------------------------------------------------------------
------------------------------------------------------------------------------------------------------
GET /bridge/417/ppm8y4zj/websocket 2ms (unfinished)
GET /bridge/052/k9vsmcmz/websocket 1ms (unfinished)
------------------------------------------------------------------------------------------------------
POST /bridge/417/8qd1rmvv/xhr_streaming 1ms (unfinished)
------------------------------------------------------------------------------------------------------
------------------------------------------------------------------------------------------------------
POST /bridge/052/7lxgcjl1/xhr_streaming 1ms (unfinished)
------------------------------------------------------------------------------------------------------
POST /bridge/417/8qd1rmvv/xhr_send 4ms 204
------------------------------------------------------------------------------------------------------
POST /bridge/052/7lxgcjl1/xhr_send 1ms 204
GET /bridge/info 1ms 200
------------------------------------------------------------------------------------------------------
GET /bridge/info 0ms 200
------------------------------------------------------------------------------------------------------
GET /bridge/272/g74niqwe/websocket 0ms (unfinished)
------------------------------------------------------------------------------------------------------
------------------------------------------------------------------------------------------------------
GET /bridge/998/mlxq674a/websocket 1ms (unfinished)
POST /bridge/272/dg0oz_jh/xhr_streaming 0ms (unfinished)
------------------------------------------------------------------------------------------------------
------------------------------------------------------------------------------------------------------
POST /bridge/272/dg0oz_jh/xhr_send 2ms 204
------------------------------------------------------------------------------------------------------
POST /bridge/998/zy5oovho/xhr_streaming 1ms (unfinished)
POST /bridge/998/zy5oovho/xhr_send 0ms 204
------------------------------------------------------------------------------------------------------
GET /bridge/info 0ms 200
------------------------------------------------------------------------------------------------------
GET /bridge/info 0ms 200
------------------------------------------------------------------------------------------------------
GET /bridge/052/7cwvoq_x/websocket 1ms (unfinished)
------------------------------------------------------------------------------------------------------
------------------------------------------------------------------------------------------------------
GET /bridge/696/w464j_a3/websocket 0ms (unfinished)
------------------------------------------------------------------------------------------------------
POST /bridge/052/eorszsx5/xhr_streaming 0ms (unfinished)
------------------------------------------------------------------------------------------------------
POST /bridge/052/eorszsx5/xhr_send 1ms 204
POST /bridge/696/2ukldyqy/xhr_streaming 1ms (unfinished)
------------------------------------------------------------------------------------------------------
POST /bridge/696/2ukldyqy/xhr_send 1ms 204
------------------------------------------------------------------------------------------------------
GET /bridge/info 1ms 200
------------------------------------------------------------------------------------------------------
GET /bridge/info 1ms 200
------------------------------------------------------------------------------------------------------
GET /bridge/775/9298stu1/websocket 3ms (unfinished)
------------------------------------------------------------------------------------------------------
GET /bridge/687/nb2oessx/websocket 0ms (unfinished)
------------------------------------------------------------------------------------------------------
POST /bridge/775/8bd2qjil/xhr_streaming 1ms (unfinished)
------------------------------------------------------------------------------------------------------
POST /bridge/775/8bd2qjil/xhr_send 3ms 204
------------------------------------------------------------------------------------------------------
POST /bridge/687/86k89b2u/xhr_streaming 1ms (unfinished)
------------------------------------------------------------------------------------------------------
GET /bridge/info 1ms 200
------------------------------------------------------------------------------------------------------
GET /bridge/info 0ms 200
------------------------------------------------------------------------------------------------------
GET /bridge/151/fc9aig3l/websocket 0ms (unfinished)
------------------------------------------------------------------------------------------------------
GET /bridge/673/wvkvnjs_/websocket 0ms (unfinished)
------------------------------------------------------------------------------------------------------
GET /bridge/info 1ms 200
------------------------------------------------------------------------------------------------------
GET /bridge/info 0ms 200
------------------------------------------------------------------------------------------------------
GET /bridge/897/dgu_97n0/websocket 2ms (unfinished)
------------------------------------------------------------------------------------------------------
------------------------------------------------------------------------------------------------------
GET /bridge/122/5zl3g0ce/websocket 0ms (unfinished)
POST /bridge/897/6t43yqx6/xhr_streaming 1ms (unfinished)
------------------------------------------------------------------------------------------------------
POST /bridge/897/6t43yqx6/xhr_send 3ms 204
------------------------------------------------------------------------------------------------------
POST /bridge/122/qz93tx86/xhr_streaming 1ms (unfinished)
------------------------------------------------------------------------------------------------------
------------------------------------------------------------------------------------------------------
POST /bridge/122/qz93tx86/xhr_send 2ms 204
------------------------------------------------------------------------------------------------------
GET /bridge/info 1ms 200
GET /bridge/info 0ms 200
------------------------------------------------------------------------------------------------------
GET /bridge/982/cit_ylow/websocket 2ms (unfinished)
------------------------------------------------------------------------------------------------------
GET /bridge/881/j2d1fse2/websocket 0ms (unfinished)
------------------------------------------------------------------------------------------------------
