------------------------------------------------------------------------------------------------------
GET /bridge/info 1ms 200
GET /bridge/info 1ms 200
------------------------------------------------------------------------------------------------------
------------------------------------------------------------------------------------------------------
GET /bridge/200/if258p8_/websocket 2ms (unfinished)
GET /bridge/408/1yy3drjm/websocket 1ms (unfinished)
------------------------------------------------------------------------------------------------------
POST /bridge/200/7fj0dogg/xhr_streaming 1ms (unfinished)
------------------------------------------------------------------------------------------------------
POST /bridge/200/7fj0dogg/xhr_send 4ms 204
------------------------------------------------------------------------------------------------------
POST /bridge/408/zcgeq5se/xhr_streaming 0ms (unfinished)
------------------------------------------------------------------------------------------------------
POST /bridge/408/zcgeq5se/xhr_send 1ms 204
------------------------------------------------------------------------------------------------------
GET /bridge/info 0ms 200
------------------------------------------------------------------------------------------------------
GET /bridge/info 0ms 200
------------------------------------------------------------------------------------------------------
GET /bridge/066/18iekf_i/websocket 0ms (unfinished)
------------------------------------------------------------------------------------------------------
GET /bridge/241/beekglni/websocket 0ms (unfinished)
------------------------------------------------------------------------------------------------------
POST /bridge/066/xj_m64ls/xhr_streaming 0ms (unfinished)
------------------------------------------------------------------------------------------------------
POST /bridge/066/xj_m64ls/xhr_send 1ms 204
------------------------------------------------------------------------------------------------------
POST /bridge/241/x2_g0klm/xhr_streaming 0ms (unfinished)
------------------------------------------------------------------------------------------------------
POST /bridge/241/x2_g0klm/xhr_send 1ms 204
------------------------------------------------------------------------------------------------------
GET /bridge/info 1ms 200
------------------------------------------------------------------------------------------------------
GET /bridge/info 1ms 200
------------------------------------------------------------------------------------------------------
------------------------------------------------------------------------------------------------------
GET /bridge/440/cipasnzj/websocket 3ms (unfinished)
GET /bridge/771/em7om4mp/websocket 0ms (unfinished)
------------------------------------------------------------------------------------------------------
POST /bridge/440/5y61zqm1/xhr_streaming 2ms (unfinished)
------------------------------------------------------------------------------------------------------
POST /bridge/440/5y61zqm1/xhr_send 4ms 204
------------------------------------------------------------------------------------------------------
POST /bridge/771/280tbhop/xhr_streaming 0ms (unfinished)
------------------------------------------------------------------------------------------------------
POST /bridge/771/280tbhop/xhr_send 1ms 204
------------------------------------------------------------------------------------------------------
GET /bridge/info 2ms 200
------------------------------------------------------------------------------------------------------
------------------------------------------------------------------------------------------------------
GET /bridge/info 0ms 200
GET /bridge/192/nw13z979/websocket 3ms (unfinished)
------------------------------------------------------------------------------------------------------
GET /bridge/395/6l0j9qqx/websocket 1ms (unfinished)
------------------------------------------------------------------------------------------------------
POST /bridge/192/7xt7t6yb/xhr_streaming 1ms (unfinished)
------------------------------------------------------------------------------------------------------
------------------------------------------------------------------------------------------------------
POST /bridge/192/7xt7t6yb/xhr_send 5ms 204
POST /bridge/395/vvudty1q/xhr_streaming 1ms (unfinished)
------------------------------------------------------------------------------------------------------
POST /bridge/395/vvudty1q/xhr_send 2ms 204
------------------------------------------------------------------------------------------------------
GET /bridge/info 0ms 200
------------------------------------------------------------------------------------------------------
GET /bridge/info 0ms 200
------------------------------------------------------------------------------------------------------
GET /bridge/654/aucse9hr/websocket 0ms (unfinished)
------------------------------------------------------------------------------------------------------
GET /bridge/602/ik0omkvx/websocket 0ms (unfinished)
------------------------------------------------------------------------------------------------------
GET /bridge/info 0ms 200
------------------------------------------------------------------------------------------------------
GET /bridge/info 1ms 200
------------------------------------------------------------------------------------------------------
GET /bridge/523/tcotv35f/websocket 0ms (unfinished)
------------------------------------------------------------------------------------------------------
------------------------------------------------------------------------------------------------------
GET /bridge/388/hi096802/websocket 2ms (unfinished)
POST /bridge/523/zsjyflnl/xhr_streaming 1ms (unfinished)
------------------------------------------------------------------------------------------------------
POST /bridge/388/l71evjod/xhr_streaming 1ms (unfinished)
------------------------------------------------------------------------------------------------------
POST /bridge/523/zsjyflnl/xhr_send 2ms 204
------------------------------------------------------------------------------------------------------
POST /bridge/388/l71evjod/xhr_send 1ms 204
------------------------------------------------------------------------------------------------------
GET /bridge/info 0ms 200
------------------------------------------------------------------------------------------------------
GET /bridge/info 0ms 200
------------------------------------------------------------------------------------------------------
GET /bridge/034/uo18f6mr/websocket 0ms (unfinished)
------------------------------------------------------------------------------------------------------
GET /bridge/854/_uxi6df5/websocket 0ms (unfinished)
------------------------------------------------------------------------------------------------------
POST /bridge/034/w_u3mf9s/xhr_streaming 1ms (unfinished)
------------------------------------------------------------------------------------------------------
------------------------------------------------------------------------------------------------------
POST /bridge/034/w_u3mf9s/xhr_send 1ms 204
POST /bridge/854/xpyj7q08/xhr_streaming 1ms (unfinished)
------------------------------------------------------------------------------------------------------
POST /bridge/854/xpyj7q08/xhr_send 1ms 204
------------------------------------------------------------------------------------------------------
GET /bridge/info 0ms 200
------------------------------------------------------------------------------------------------------
------------------------------------------------------------------------------------------------------
GET /bridge/389/59hhgvhf/websocket 0ms (unfinished)
GET /bridge/info 0ms 200
------------------------------------------------------------------------------------------------------
------------------------------------------------------------------------------------------------------
GET /bridge/988/958vbsbn/websocket 0ms (unfinished)
POST /bridge/389/3nu9b0i7/xhr_streaming 1ms (unfinished)
------------------------------------------------------------------------------------------------------
POST /bridge/389/3nu9b0i7/xhr_send 1ms 204
------------------------------------------------------------------------------------------------------
POST /bridge/988/xfxfee46/xhr_streaming 0ms (unfinished)
------------------------------------------------------------------------------------------------------
GET /bridge/info 0ms 200
------------------------------------------------------------------------------------------------------
------------------------------------------------------------------------------------------------------
GET /bridge/info 0ms 200
GET /bridge/476/z1nml2zf/websocket 0ms (unfinished)
------------------------------------------------------------------------------------------------------
GET /bridge/257/2nx8u2kg/websocket 0ms (unfinished)
------------------------------------------------------------------------------------------------------
------------------------------------------------------------------------------------------------------
GET /bridge/info 1ms 200
GET /bridge/info 0ms 200
------------------------------------------------------------------------------------------------------
------------------------------------------------------------------------------------------------------
GET /bridge/175/3kdqp1xo/websocket 0ms (unfinished)
GET /bridge/718/r1nvm1if/websocket 1ms (unfinished)
------------------------------------------------------------------------------------------------------
------------------------------------------------------------------------------------------------------
POST /bridge/175/mm6ak4sx/xhr_streaming 1ms (unfinished)
------------------------------------------------------------------------------------------------------
POST /bridge/718/00rz06tx/xhr_streaming 1ms (unfinished)
POST /bridge/175/mm6ak4sx/xhr_send 2ms 204
------------------------------------------------------------------------------------------------------
------------------------------------------------------------------------------------------------------
POST /bridge/718/00rz06tx/xhr_send 1ms 204
------------------------------------------------------------------------------------------------------
GET /bridge/info 0ms 200
GET /bridge/info 0ms 200
------------------------------------------------------------------------------------------------------
GET /bridge/910/d2eeo7mz/websocket 0ms (unfinished)
------------------------------------------------------------------------------------------------------
GET /bridge/857/808eza6a/websocket 0ms (unfinished)
------------------------------------------------------------------------------------------------------
POST /bridge/910/pvip2rr5/xhr_streaming 0ms (unfinished)
------------------------------------------------------------------------------------------------------
POST /bridge/857/j18i7jt8/xhr_streaming 0ms (unfinished)
------------------------------------------------------------------------------------------------------
POST /bridge/910/pvip2rr5/xhr_send 2ms 204
------------------------------------------------------------------------------------------------------
POST /bridge/857/j18i7jt8/xhr_send 1ms 204
------------------------------------------------------------------------------------------------------
GET /bridge/info 0ms 200
------------------------------------------------------------------------------------------------------
GET /bridge/info 1ms 200
------------------------------------------------------------------------------------------------------
GET /bridge/017/f7167os9/websocket 1ms (unfinished)
------------------------------------------------------------------------------------------------------
GET /bridge/564/2sy1gq0s/websocket 1ms (unfinished)
------------------------------------------------------------------------------------------------------
POST /bridge/017/8wqkth6h/xhr_streaming 1ms (unfinished)
------------------------------------------------------------------------------------------------------
POST /bridge/564/0393srfp/xhr_streaming 0ms (unfinished)
------------------------------------------------------------------------------------------------------
GET /bridge/info 0ms 200
------------------------------------------------------------------------------------------------------
GET /bridge/info 1ms 200
------------------------------------------------------------------------------------------------------
GET /bridge/249/p3gvmrvd/websocket 0ms (unfinished)
------------------------------------------------------------------------------------------------------
GET /bridge/494/o2e3esz7/websocket 0ms (unfinished)
------------------------------------------------------------------------------------------------------
GET /bridge/info 0ms 200
------------------------------------------------------------------------------------------------------
GET /bridge/info 0ms 200
------------------------------------------------------------------------------------------------------
------------------------------------------------------------------------------------------------------
GET /bridge/295/q_c2apea/websocket 0ms (unfinished)
GET /bridge/589/rosoe6gy/websocket 1ms (unfinished)
------------------------------------------------------------------------------------------------------
GET /bridge/info 1ms 200
------------------------------------------------------------------------------------------------------
GET /bridge/info 0ms 200
------------------------------------------------------------------------------------------------------
------------------------------------------------------------------------------------------------------
GET /bridge/109/ft8ba55h/websocket 1ms (unfinished)
GET /bridge/054/4s53okw0/websocket 1ms (unfinished)
------------------------------------------------------------------------------------------------------
POST /bridge/109/87j09vfu/xhr_streaming 1ms (unfinished)
------------------------------------------------------------------------------------------------------
------------------------------------------------------------------------------------------------------
POST /bridge/054/yu2jaxjg/xhr_streaming 1ms (unfinished)
------------------------------------------------------------------------------------------------------
POST /bridge/109/87j09vfu/xhr_send 1ms 204
POST /bridge/054/yu2jaxjg/xhr_send 0ms 204
------------------------------------------------------------------------------------------------------
GET /bridge/info 0ms 200
------------------------------------------------------------------------------------------------------
GET /bridge/info 0ms 200
------------------------------------------------------------------------------------------------------
GET /bridge/690/km4h6hvu/websocket 0ms (unfinished)
------------------------------------------------------------------------------------------------------
GET /bridge/823/rmwlvz77/websocket 0ms (unfinished)
------------------------------------------------------------------------------------------------------
------------------------------------------------------------------------------------------------------
POST /bridge/690/qbk1zn_e/xhr_streaming 1ms (unfinished)
------------------------------------------------------------------------------------------------------
POST /bridge/823/q509wo_l/xhr_streaming 1ms (unfinished)
POST /bridge/690/qbk1zn_e/xhr_send 1ms 204
------------------------------------------------------------------------------------------------------
------------------------------------------------------------------------------------------------------
POST /bridge/823/q509wo_l/xhr_send 1ms 204
------------------------------------------------------------------------------------------------------
GET /bridge/info 0ms 200
------------------------------------------------------------------------------------------------------
GET /bridge/info 0ms 200
GET /bridge/812/yrmqiza1/websocket 3ms (unfinished)
------------------------------------------------------------------------------------------------------
GET /bridge/info 1ms 200
------------------------------------------------------------------------------------------------------
------------------------------------------------------------------------------------------------------
GET /bridge/info 1ms 200
GET /bridge/127/qryfzu83/websocket 3ms (unfinished)
------------------------------------------------------------------------------------------------------
------------------------------------------------------------------------------------------------------
GET /bridge/334/pkgxm97b/websocket 0ms (unfinished)
GET /bridge/info 1ms 200
------------------------------------------------------------------------------------------------------
GET /bridge/info 0ms 200
------------------------------------------------------------------------------------------------------
------------------------------------------------------------------------------------------------------
GET /bridge/808/qnag8x99/websocket 0ms (unfinished)
------------------------------------------------------------------------------------------------------
GET /bridge/906/whyye9zt/websocket 3ms (unfinished)
GET /bridge/info 0ms 200
------------------------------------------------------------------------------------------------------
------------------------------------------------------------------------------------------------------
GET /bridge/info 1ms 200
------------------------------------------------------------------------------------------------------
GET /bridge/891/_n_peafp/websocket 0ms (unfinished)
------------------------------------------------------------------------------------------------------
GET /bridge/527/_w4lu0pd/websocket 0ms (unfinished)
GET /bridge/info 0ms 200
------------------------------------------------------------------------------------------------------
GET /bridge/info 0ms 200
------------------------------------------------------------------------------------------------------
GET /bridge/992/ha8dppch/websocket 1ms (unfinished)
------------------------------------------------------------------------------------------------------
------------------------------------------------------------------------------------------------------
GET /bridge/919/yvngt9l8/websocket 0ms (unfinished)
GET /bridge/info 1ms 200
------------------------------------------------------------------------------------------------------
GET /bridge/info 1ms 200
------------------------------------------------------------------------------------------------------
GET /bridge/942/4bo0nos2/websocket 3ms (unfinished)
------------------------------------------------------------------------------------------------------
GET /bridge/138/1nk5wykh/websocket 0ms (unfinished)
------------------------------------------------------------------------------------------------------
GET /bridge/info 2ms 200
------------------------------------------------------------------------------------------------------
GET /bridge/info 0ms 200
------------------------------------------------------------------------------------------------------
GET /bridge/752/3yvg_7ej/websocket 4ms (unfinished)
------------------------------------------------------------------------------------------------------
------------------------------------------------------------------------------------------------------
GET /bridge/789/w9203auh/websocket 0ms (unfinished)
GET /bridge/info 1ms 200
------------------------------------------------------------------------------------------------------
GET /bridge/info 1ms 200
------------------------------------------------------------------------------------------------------
GET /bridge/468/zcii5n_v/websocket 4ms (unfinished)
------------------------------------------------------------------------------------------------------
------------------------------------------------------------------------------------------------------
GET /bridge/022/t3yy_jbj/websocket 0ms (unfinished)
GET /bridge/info 1ms 200
------------------------------------------------------------------------------------------------------
------------------------------------------------------------------------------------------------------
GET /bridge/info 1ms 200
GET /bridge/803/vw11lol_/websocket 2ms (unfinished)
------------------------------------------------------------------------------------------------------
GET /bridge/480/t58xpixb/websocket 0ms (unfinished)
------------------------------------------------------------------------------------------------------
GET /bridge/info 1ms 200
------------------------------------------------------------------------------------------------------
------------------------------------------------------------------------------------------------------
GET /bridge/info 1ms 200
GET /bridge/086/fg5gwsbs/websocket 2ms (unfinished)
------------------------------------------------------------------------------------------------------
GET /bridge/307/5ga5tr60/websocket 1ms (unfinished)
------------------------------------------------------------------------------------------------------
GET /bridge/info 0ms 200
------------------------------------------------------------------------------------------------------
GET /bridge/info 0ms 200
------------------------------------------------------------------------------------------------------
GET /bridge/574/tm36loly/websocket 0ms (unfinished)
------------------------------------------------------------------------------------------------------
GET /bridge/069/19zr1k22/websocket 1ms (unfinished)
------------------------------------------------------------------------------------------------------
------------------------------------------------------------------------------------------------------
GET /bridge/info 1ms 200
------------------------------------------------------------------------------------------------------
GET /bridge/info 0ms 200
GET /bridge/746/iidn90uj/websocket 0ms (unfinished)
------------------------------------------------------------------------------------------------------
------------------------------------------------------------------------------------------------------
GET /bridge/621/up8l64eh/websocket 0ms (unfinished)
GET /bridge/info 0ms 200
------------------------------------------------------------------------------------------------------
GET /bridge/info 1ms 200
------------------------------------------------------------------------------------------------------
------------------------------------------------------------------------------------------------------
GET /bridge/691/kvfi14om/websocket 0ms (unfinished)
GET /bridge/995/q40wy9tl/websocket 0ms (unfinished)
------------------------------------------------------------------------------------------------------
GET /bridge/info 1ms 200
------------------------------------------------------------------------------------------------------
------------------------------------------------------------------------------------------------------
GET /bridge/info 0ms 200
GET /bridge/530/h8ovmx7_/websocket 3ms (unfinished)
------------------------------------------------------------------------------------------------------
------------------------------------------------------------------------------------------------------
GET /bridge/144/jpdu4kde/websocket 0ms (unfinished)
11,01,2022,09,00
------------------------------------------------------------------------------------------------------
11,01,2022,09,00
------------------------------------------------------------------------------------------------------
12,01,2022,09,00
------------------------------------------------------------------------------------------------------
------------------------------------------------------------------------------------------------------
12,01,2022,09,00
------------------------------------------------------------------------------------------------------
01,01,2022,09,00
11,01,2022,09,00
------------------------------------------------------------------------------------------------------
------------------------------------------------------------------------------------------------------
GET /bridge/info 1ms 200
GET /bridge/info 1ms 200
------------------------------------------------------------------------------------------------------
GET /bridge/351/zkonujiz/websocket 2ms (unfinished)
------------------------------------------------------------------------------------------------------
------------------------------------------------------------------------------------------------------
GET /bridge/172/54xzjlp4/websocket 0ms (unfinished)
------------------------------------------------------------------------------------------------------
GET /bridge/info 1ms 200
GET /bridge/info 1ms 200
------------------------------------------------------------------------------------------------------
GET /bridge/782/tjuuel5k/websocket 0ms (unfinished)
------------------------------------------------------------------------------------------------------
GET /bridge/642/inr2o9bz/websocket 0ms (unfinished)
------------------------------------------------------------------------------------------------------
POST /bridge/782/w0mtobew/xhr_streaming 1ms (unfinished)
------------------------------------------------------------------------------------------------------
POST /bridge/782/w0mtobew/xhr_send 3ms 204
------------------------------------------------------------------------------------------------------
POST /bridge/642/4q1f7ul8/xhr_streaming 1ms (unfinished)
------------------------------------------------------------------------------------------------------
------------------------------------------------------------------------------------------------------
POST /bridge/642/4q1f7ul8/xhr_send 0ms 204
GET /bridge/info 1ms 200
------------------------------------------------------------------------------------------------------
GET /bridge/info 0ms 200
------------------------------------------------------------------------------------------------------
------------------------------------------------------------------------------------------------------
GET /bridge/666/xkxgf_c9/websocket 0ms (unfinished)
GET /bridge/941/aatvnvzn/websocket 0ms (unfinished)
------------------------------------------------------------------------------------------------------
POST /bridge/666/uo2orpkv/xhr_streaming 1ms (unfinished)
------------------------------------------------------------------------------------------------------
POST /bridge/666/uo2orpkv/xhr_send 1ms 204
------------------------------------------------------------------------------------------------------
POST /bridge/941/hvu7nr4r/xhr_streaming 1ms (unfinished)
------------------------------------------------------------------------------------------------------
POST /bridge/941/hvu7nr4r/xhr_send 1ms 204
------------------------------------------------------------------------------------------------------
------------------------------------------------------------------------------------------------------
GET /bridge/info 2ms 200
------------------------------------------------------------------------------------------------------
GET /bridge/info 1ms 200
------------------------------------------------------------------------------------------------------
GET /bridge/302/b7lmf91i/websocket 3ms (unfinished)
GET /bridge/603/1g5d1epa/websocket 1ms (unfinished)
------------------------------------------------------------------------------------------------------
------------------------------------------------------------------------------------------------------
POST /bridge/302/x6rzh21w/xhr_streaming 1ms (unfinished)
POST /bridge/302/x6rzh21w/xhr_send 4ms 204
------------------------------------------------------------------------------------------------------
POST /bridge/603/fom4nj3v/xhr_streaming 0ms (unfinished)
------------------------------------------------------------------------------------------------------
------------------------------------------------------------------------------------------------------
POST /bridge/603/fom4nj3v/xhr_send 1ms 204
GET /bridge/info 1ms 200
------------------------------------------------------------------------------------------------------
GET /bridge/info 1ms 200
------------------------------------------------------------------------------------------------------
GET /bridge/842/vlria4qb/websocket 3ms (unfinished)
------------------------------------------------------------------------------------------------------
------------------------------------------------------------------------------------------------------
GET /bridge/971/r3td9jtl/websocket 0ms (unfinished)
GET /bridge/info 1ms 200
------------------------------------------------------------------------------------------------------
GET /bridge/info 1ms 200
------------------------------------------------------------------------------------------------------
GET /bridge/210/ylmvsw8m/websocket 1ms (unfinished)
------------------------------------------------------------------------------------------------------
------------------------------------------------------------------------------------------------------
GET /bridge/108/wdbnfgml/websocket 1ms (unfinished)
POST /bridge/210/astxi4gm/xhr_streaming 1ms (unfinished)
------------------------------------------------------------------------------------------------------
------------------------------------------------------------------------------------------------------
POST /bridge/108/zglvnz8v/xhr_streaming 1ms (unfinished)
POST /bridge/210/astxi4gm/xhr_send 4ms 204
------------------------------------------------------------------------------------------------------
POST /bridge/108/zglvnz8v/xhr_send 2ms 204
------------------------------------------------------------------------------------------------------
GET /bridge/info 1ms 200
------------------------------------------------------------------------------------------------------
GET /bridge/info 0ms 200
------------------------------------------------------------------------------------------------------
GET /bridge/528/rxbkd6wa/websocket 2ms (unfinished)
------------------------------------------------------------------------------------------------------
------------------------------------------------------------------------------------------------------
GET /bridge/762/6d5jxeyv/websocket 0ms (unfinished)
------------------------------------------------------------------------------------------------------
POST /bridge/528/pchpizs9/xhr_streaming 1ms (unfinished)
------------------------------------------------------------------------------------------------------
POST /bridge/762/z5qdlylo/xhr_streaming 1ms (unfinished)
POST /bridge/762/z5qdlylo/xhr_send 3ms 204
------------------------------------------------------------------------------------------------------
POST /bridge/528/pchpizs9/xhr_send 1ms 204
------------------------------------------------------------------------------------------------------
GET /bridge/info 1ms 200
------------------------------------------------------------------------------------------------------
GET /bridge/info 0ms 200
------------------------------------------------------------------------------------------------------
GET /bridge/757/0atqasek/websocket 2ms (unfinished)
------------------------------------------------------------------------------------------------------
GET /bridge/816/3zo4jz5p/websocket 0ms (unfinished)
------------------------------------------------------------------------------------------------------
------------------------------------------------------------------------------------------------------
POST /bridge/757/3tcdc9eo/xhr_streaming 1ms (unfinished)
POST /bridge/816/5eu93gqw/xhr_streaming 1ms (unfinished)
------------------------------------------------------------------------------------------------------
Exception on "POST /bridge/757/3tcdc9eo/xhr_send" in filter "xhr_send":
RangeError [ERR_SOCKET_BAD_PORT]: Port should be >= 0 and < 65536. Received .
    at validatePort (internal/validators.js:211:11)
    at lookupAndConnect (net.js:1000:5)
    at Socket.connect (net.js:976:5)
    at new module.exports.Socket (C:\Nitrogen\NitroWEB\www\js\lib\webtcp\server\socket.js:67:15)
    at module.exports.WebTCP.dispatch (C:\Nitrogen\NitroWEB\www\js\lib\webtcp\server\webtcp.js:37:40)
    at SockJSConnection.<anonymous> (C:\Nitrogen\NitroWEB\www\js\lib\webtcp\server\webtcp.js:25:12)
    at SockJSConnection.emit (events.js:376:20)
    at Session.didMessage (C:\Nitrogen\NitroWEB\node_modules\sockjs\lib\transport.js:246:25)
    at App.xhr_send (C:\Nitrogen\NitroWEB\node_modules\sockjs\lib\trans-xhr.js:81:15)
    at execute_request (C:\Nitrogen\NitroWEB\node_modules\sockjs\lib\webjs.js:22:37)
------------------------------------------------------------------------------------------------------
------------------------------------------------------------------------------------------------------
POST /bridge/757/3tcdc9eo/xhr_send 5ms 500
Exception on "POST /bridge/816/5eu93gqw/xhr_send" in filter "xhr_send":
RangeError [ERR_SOCKET_BAD_PORT]: Port should be >= 0 and < 65536. Received .
    at validatePort (internal/validators.js:211:11)
    at lookupAndConnect (net.js:1000:5)
    at Socket.connect (net.js:976:5)
    at new module.exports.Socket (C:\Nitrogen\NitroWEB\www\js\lib\webtcp\server\socket.js:67:15)
    at module.exports.WebTCP.dispatch (C:\Nitrogen\NitroWEB\www\js\lib\webtcp\server\webtcp.js:37:40)
    at SockJSConnection.<anonymous> (C:\Nitrogen\NitroWEB\www\js\lib\webtcp\server\webtcp.js:25:12)
    at SockJSConnection.emit (events.js:376:20)
    at Session.didMessage (C:\Nitrogen\NitroWEB\node_modules\sockjs\lib\transport.js:246:25)
    at App.xhr_send (C:\Nitrogen\NitroWEB\node_modules\sockjs\lib\trans-xhr.js:81:15)
    at execute_request (C:\Nitrogen\NitroWEB\node_modules\sockjs\lib\webjs.js:22:37)
POST /bridge/816/5eu93gqw/xhr_send 2ms 500
------------------------------------------------------------------------------------------------------
------------------------------------------------------------------------------------------------------
GET /bridge/info 1ms 200
------------------------------------------------------------------------------------------------------
GET /bridge/info 0ms 200
------------------------------------------------------------------------------------------------------
------------------------------------------------------------------------------------------------------
GET /bridge/373/zvp57bx8/websocket 2ms (unfinished)
GET /bridge/884/fv44_c1v/websocket 0ms (unfinished)
------------------------------------------------------------------------------------------------------
POST /bridge/373/k5t_2fhv/xhr_streaming 0ms (unfinished)
------------------------------------------------------------------------------------------------------
POST /bridge/884/sprjx2ji/xhr_streaming 1ms (unfinished)
------------------------------------------------------------------------------------------------------
Exception on "POST /bridge/373/k5t_2fhv/xhr_send" in filter "xhr_send":
RangeError [ERR_SOCKET_BAD_PORT]: Port should be >= 0 and < 65536. Received .
    at validatePort (internal/validators.js:211:11)
    at lookupAndConnect (net.js:1000:5)
    at Socket.connect (net.js:976:5)
    at new module.exports.Socket (C:\Nitrogen\NitroWEB\www\js\lib\webtcp\server\socket.js:67:15)
    at module.exports.WebTCP.dispatch (C:\Nitrogen\NitroWEB\www\js\lib\webtcp\server\webtcp.js:37:40)
    at SockJSConnection.<anonymous> (C:\Nitrogen\NitroWEB\www\js\lib\webtcp\server\webtcp.js:25:12)
    at SockJSConnection.emit (events.js:376:20)
    at Session.didMessage (C:\Nitrogen\NitroWEB\node_modules\sockjs\lib\transport.js:246:25)
    at App.xhr_send (C:\Nitrogen\NitroWEB\node_modules\sockjs\lib\trans-xhr.js:81:15)
    at execute_request (C:\Nitrogen\NitroWEB\node_modules\sockjs\lib\webjs.js:22:37)
POST /bridge/373/k5t_2fhv/xhr_send 5ms 500
------------------------------------------------------------------------------------------------------
------------------------------------------------------------------------------------------------------
------------------------------------------------------------------------------------------------------
Exception on "POST /bridge/884/sprjx2ji/xhr_send" in filter "xhr_send":
RangeError [ERR_SOCKET_BAD_PORT]: Port should be >= 0 and < 65536. Received .
    at validatePort (internal/validators.js:211:11)
    at lookupAndConnect (net.js:1000:5)
    at Socket.connect (net.js:976:5)
    at new module.exports.Socket (C:\Nitrogen\NitroWEB\www\js\lib\webtcp\server\socket.js:67:15)
    at module.exports.WebTCP.dispatch (C:\Nitrogen\NitroWEB\www\js\lib\webtcp\server\webtcp.js:37:40)
    at SockJSConnection.<anonymous> (C:\Nitrogen\NitroWEB\www\js\lib\webtcp\server\webtcp.js:25:12)
    at SockJSConnection.emit (events.js:376:20)
    at Session.didMessage (C:\Nitrogen\NitroWEB\node_modules\sockjs\lib\transport.js:246:25)
    at App.xhr_send (C:\Nitrogen\NitroWEB\node_modules\sockjs\lib\trans-xhr.js:81:15)
    at execute_request (C:\Nitrogen\NitroWEB\node_modules\sockjs\lib\webjs.js:22:37)
POST /bridge/884/sprjx2ji/xhr_send 2ms 500
------------------------------------------------------------------------------------------------------
GET /bridge/info 0ms 200
------------------------------------------------------------------------------------------------------
GET /bridge/info 1ms 200
------------------------------------------------------------------------------------------------------
GET /bridge/068/1yhzevya/websocket 0ms (unfinished)
------------------------------------------------------------------------------------------------------
------------------------------------------------------------------------------------------------------
GET /bridge/200/26tqbd7k/websocket 1ms (unfinished)
POST /bridge/068/kajvas3r/xhr_streaming 1ms (unfinished)
------------------------------------------------------------------------------------------------------
Exception on "POST /bridge/068/kajvas3r/xhr_send" in filter "xhr_send":
RangeError [ERR_SOCKET_BAD_PORT]: Port should be >= 0 and < 65536. Received .
    at validatePort (internal/validators.js:211:11)
    at lookupAndConnect (net.js:1000:5)
    at Socket.connect (net.js:976:5)
    at new module.exports.Socket (C:\Nitrogen\NitroWEB\www\js\lib\webtcp\server\socket.js:67:15)
    at module.exports.WebTCP.dispatch (C:\Nitrogen\NitroWEB\www\js\lib\webtcp\server\webtcp.js:37:40)
    at SockJSConnection.<anonymous> (C:\Nitrogen\NitroWEB\www\js\lib\webtcp\server\webtcp.js:25:12)
    at SockJSConnection.emit (events.js:376:20)
    at Session.didMessage (C:\Nitrogen\NitroWEB\node_modules\sockjs\lib\transport.js:246:25)
    at App.xhr_send (C:\Nitrogen\NitroWEB\node_modules\sockjs\lib\trans-xhr.js:81:15)
    at execute_request (C:\Nitrogen\NitroWEB\node_modules\sockjs\lib\webjs.js:22:37)
------------------------------------------------------------------------------------------------------
------------------------------------------------------------------------------------------------------
POST /bridge/068/kajvas3r/xhr_send 2ms 500
POST /bridge/200/dl52t_wj/xhr_streaming 0ms (unfinished)
------------------------------------------------------------------------------------------------------
Exception on "POST /bridge/200/dl52t_wj/xhr_send" in filter "xhr_send":
RangeError [ERR_SOCKET_BAD_PORT]: Port should be >= 0 and < 65536. Received .
    at validatePort (internal/validators.js:211:11)
    at lookupAndConnect (net.js:1000:5)
    at Socket.connect (net.js:976:5)
    at new module.exports.Socket (C:\Nitrogen\NitroWEB\www\js\lib\webtcp\server\socket.js:67:15)
    at module.exports.WebTCP.dispatch (C:\Nitrogen\NitroWEB\www\js\lib\webtcp\server\webtcp.js:37:40)
    at SockJSConnection.<anonymous> (C:\Nitrogen\NitroWEB\www\js\lib\webtcp\server\webtcp.js:25:12)
    at SockJSConnection.emit (events.js:376:20)
    at Session.didMessage (C:\Nitrogen\NitroWEB\node_modules\sockjs\lib\transport.js:246:25)
    at App.xhr_send (C:\Nitrogen\NitroWEB\node_modules\sockjs\lib\trans-xhr.js:81:15)
    at execute_request (C:\Nitrogen\NitroWEB\node_modules\sockjs\lib\webjs.js:22:37)
------------------------------------------------------------------------------------------------------
POST /bridge/200/dl52t_wj/xhr_send 2ms 500
------------------------------------------------------------------------------------------------------
GET /bridge/info 0ms 200
------------------------------------------------------------------------------------------------------
------------------------------------------------------------------------------------------------------
GET /bridge/info 0ms 200
------------------------------------------------------------------------------------------------------
GET /bridge/689/paiwg0ha/websocket 1ms (unfinished)
GET /bridge/157/ndkbpv5e/websocket 0ms (unfinished)
------------------------------------------------------------------------------------------------------
------------------------------------------------------------------------------------------------------
POST /bridge/689/jyno433b/xhr_streaming 1ms (unfinished)
Exception on "POST /bridge/689/jyno433b/xhr_send" in filter "xhr_send":
RangeError [ERR_SOCKET_BAD_PORT]: Port should be >= 0 and < 65536. Received .
    at validatePort (internal/validators.js:211:11)
    at lookupAndConnect (net.js:1000:5)
    at Socket.connect (net.js:976:5)
    at new module.exports.Socket (C:\Nitrogen\NitroWEB\www\js\lib\webtcp\server\socket.js:67:15)
    at module.exports.WebTCP.dispatch (C:\Nitrogen\NitroWEB\www\js\lib\webtcp\server\webtcp.js:37:40)
    at SockJSConnection.<anonymous> (C:\Nitrogen\NitroWEB\www\js\lib\webtcp\server\webtcp.js:25:12)
    at SockJSConnection.emit (events.js:376:20)
    at Session.didMessage (C:\Nitrogen\NitroWEB\node_modules\sockjs\lib\transport.js:246:25)
    at App.xhr_send (C:\Nitrogen\NitroWEB\node_modules\sockjs\lib\trans-xhr.js:81:15)
    at execute_request (C:\Nitrogen\NitroWEB\node_modules\sockjs\lib\webjs.js:22:37)
------------------------------------------------------------------------------------------------------
POST /bridge/689/jyno433b/xhr_send 2ms 500
------------------------------------------------------------------------------------------------------
POST /bridge/157/9lyohqsk/xhr_streaming 1ms (unfinished)
------------------------------------------------------------------------------------------------------
Exception on "POST /bridge/157/9lyohqsk/xhr_send" in filter "xhr_send":
RangeError [ERR_SOCKET_BAD_PORT]: Port should be >= 0 and < 65536. Received .
    at validatePort (internal/validators.js:211:11)
    at lookupAndConnect (net.js:1000:5)
    at Socket.connect (net.js:976:5)
    at new module.exports.Socket (C:\Nitrogen\NitroWEB\www\js\lib\webtcp\server\socket.js:67:15)
    at module.exports.WebTCP.dispatch (C:\Nitrogen\NitroWEB\www\js\lib\webtcp\server\webtcp.js:37:40)
    at SockJSConnection.<anonymous> (C:\Nitrogen\NitroWEB\www\js\lib\webtcp\server\webtcp.js:25:12)
    at SockJSConnection.emit (events.js:376:20)
    at Session.didMessage (C:\Nitrogen\NitroWEB\node_modules\sockjs\lib\transport.js:246:25)
    at App.xhr_send (C:\Nitrogen\NitroWEB\node_modules\sockjs\lib\trans-xhr.js:81:15)
    at execute_request (C:\Nitrogen\NitroWEB\node_modules\sockjs\lib\webjs.js:22:37)
------------------------------------------------------------------------------------------------------
------------------------------------------------------------------------------------------------------
POST /bridge/157/9lyohqsk/xhr_send 2ms 500
GET /bridge/info 1ms 200
------------------------------------------------------------------------------------------------------
GET /bridge/info 1ms 200
------------------------------------------------------------------------------------------------------
GET /bridge/233/fpkeu_16/websocket 0ms (unfinished)
------------------------------------------------------------------------------------------------------
GET /bridge/560/33x2gms4/websocket 0ms (unfinished)
------------------------------------------------------------------------------------------------------
------------------------------------------------------------------------------------------------------
POST /bridge/233/8t9pxwlw/xhr_streaming 1ms (unfinished)
POST /bridge/560/yayggg3c/xhr_streaming 0ms (unfinished)
------------------------------------------------------------------------------------------------------
GET /bridge/info 1ms 200
------------------------------------------------------------------------------------------------------
GET /bridge/info 0ms 200
------------------------------------------------------------------------------------------------------
GET /bridge/443/t55iu3mm/websocket 0ms (unfinished)
------------------------------------------------------------------------------------------------------
GET /bridge/308/briz3sbu/websocket 0ms (unfinished)
------------------------------------------------------------------------------------------------------
------------------------------------------------------------------------------------------------------
GET /bridge/info 0ms 200
GET /bridge/info 2ms 200
------------------------------------------------------------------------------------------------------
GET /bridge/271/bix2c9jf/websocket 0ms (unfinished)
------------------------------------------------------------------------------------------------------
GET /bridge/482/adj1c5k3/websocket 0ms (unfinished)
------------------------------------------------------------------------------------------------------
GET /bridge/info 1ms 200
------------------------------------------------------------------------------------------------------
GET /bridge/info 0ms 200
------------------------------------------------------------------------------------------------------
GET /bridge/111/3b26qn88/websocket 2ms (unfinished)
------------------------------------------------------------------------------------------------------
------------------------------------------------------------------------------------------------------
GET /bridge/976/yaophr76/websocket 0ms (unfinished)
POST /bridge/111/skoanyek/xhr_streaming 1ms (unfinished)
------------------------------------------------------------------------------------------------------
------------------------------------------------------------------------------------------------------
POST /bridge/111/skoanyek/xhr_send 3ms 204
POST /bridge/976/8kesqnvp/xhr_streaming 1ms (unfinished)
------------------------------------------------------------------------------------------------------
POST /bridge/976/8kesqnvp/xhr_send 1ms 204
------------------------------------------------------------------------------------------------------
------------------------------------------------------------------------------------------------------
GET /bridge/info 0ms 200
------------------------------------------------------------------------------------------------------
GET /bridge/info 0ms 200
GET /bridge/697/ku6w4laq/websocket 1ms (unfinished)
------------------------------------------------------------------------------------------------------
GET /bridge/069/7r_n6maw/websocket 0ms (unfinished)
------------------------------------------------------------------------------------------------------
POST /bridge/697/hnhj02p_/xhr_streaming 1ms (unfinished)
------------------------------------------------------------------------------------------------------
------------------------------------------------------------------------------------------------------
POST /bridge/697/hnhj02p_/xhr_send 1ms 204
POST /bridge/069/md_0f8rp/xhr 1ms 200
------------------------------------------------------------------------------------------------------
POST /bridge/069/md_0f8rp/xhr_send 1ms 204
------------------------------------------------------------------------------------------------------
------------------------------------------------------------------------------------------------------
GET /bridge/info 0ms 200
GET /bridge/info 2ms 200
------------------------------------------------------------------------------------------------------
GET /bridge/560/udxa4e1_/websocket 0ms (unfinished)
------------------------------------------------------------------------------------------------------
------------------------------------------------------------------------------------------------------
GET /bridge/914/jkrqw2x3/websocket 1ms (unfinished)
GET /bridge/info 1ms 200
------------------------------------------------------------------------------------------------------
GET /bridge/info 0ms 200
------------------------------------------------------------------------------------------------------
GET /bridge/043/clmtpfjy/websocket 0ms (unfinished)
------------------------------------------------------------------------------------------------------
GET /bridge/005/0f7zjkei/websocket 0ms (unfinished)
------------------------------------------------------------------------------------------------------
GET /bridge/info 1ms 200
------------------------------------------------------------------------------------------------------
GET /bridge/info 1ms 200
------------------------------------------------------------------------------------------------------
------------------------------------------------------------------------------------------------------
GET /bridge/934/37heue1s/websocket 2ms (unfinished)
GET /bridge/926/2hjkyyh_/websocket 1ms (unfinished)
------------------------------------------------------------------------------------------------------
------------------------------------------------------------------------------------------------------
POST /bridge/934/ivcd1zuv/xhr_streaming 1ms (unfinished)
POST /bridge/926/bksyt8fv/xhr_streaming 1ms (unfinished)
------------------------------------------------------------------------------------------------------
POST /bridge/934/ivcd1zuv/xhr_send 4ms 204
------------------------------------------------------------------------------------------------------
POST /bridge/926/bksyt8fv/xhr_send 1ms 204
------------------------------------------------------------------------------------------------------
------------------------------------------------------------------------------------------------------
GET /bridge/info 1ms 200
GET /bridge/info 0ms 200
------------------------------------------------------------------------------------------------------
GET /bridge/099/iyww0tvj/websocket 2ms (unfinished)
------------------------------------------------------------------------------------------------------
GET /bridge/495/kytxud4c/websocket 0ms (unfinished)
------------------------------------------------------------------------------------------------------
------------------------------------------------------------------------------------------------------
POST /bridge/099/f154vyhb/xhr_streaming 1ms (unfinished)
POST /bridge/099/f154vyhb/xhr_send 3ms 204
------------------------------------------------------------------------------------------------------
POST /bridge/495/qbn0poz4/xhr_streaming 1ms (unfinished)
------------------------------------------------------------------------------------------------------
POST /bridge/495/qbn0poz4/xhr_send 1ms 204
------------------------------------------------------------------------------------------------------
GET /bridge/info 0ms 200
------------------------------------------------------------------------------------------------------
GET /bridge/info 0ms 200
------------------------------------------------------------------------------------------------------
------------------------------------------------------------------------------------------------------
GET /bridge/300/0tm0n7ul/websocket 1ms (unfinished)
------------------------------------------------------------------------------------------------------
GET /bridge/066/3ymhhsag/websocket 0ms (unfinished)
POST /bridge/300/u46swal7/xhr_streaming 1ms (unfinished)
------------------------------------------------------------------------------------------------------
------------------------------------------------------------------------------------------------------
POST /bridge/066/ft67577t/xhr_streaming 1ms (unfinished)
POST /bridge/300/u46swal7/xhr_send 2ms 204
------------------------------------------------------------------------------------------------------
POST /bridge/066/ft67577t/xhr_send 2ms 204
------------------------------------------------------------------------------------------------------
GET /bridge/info 1ms 200
------------------------------------------------------------------------------------------------------
GET /bridge/info 0ms 200
------------------------------------------------------------------------------------------------------
GET /bridge/148/ufz1eq_7/websocket 3ms (unfinished)
------------------------------------------------------------------------------------------------------
GET /bridge/133/l0tfhdtv/websocket 0ms (unfinished)
------------------------------------------------------------------------------------------------------
GET /bridge/info 0ms 200
------------------------------------------------------------------------------------------------------
GET /bridge/info 0ms 200
------------------------------------------------------------------------------------------------------
GET /bridge/438/stvvaj12/websocket 1ms (unfinished)
------------------------------------------------------------------------------------------------------
------------------------------------------------------------------------------------------------------
GET /bridge/633/wp269mqi/websocket 1ms (unfinished)
POST /bridge/438/x8z2nzev/xhr_streaming 1ms (unfinished)
------------------------------------------------------------------------------------------------------
POST /bridge/438/x8z2nzev/xhr_send 5ms 204
------------------------------------------------------------------------------------------------------
POST /bridge/633/uhv4g_2z/xhr_streaming 0ms (unfinished)
------------------------------------------------------------------------------------------------------
POST /bridge/633/uhv4g_2z/xhr_send 1ms 204
------------------------------------------------------------------------------------------------------
GET /bridge/info 0ms 200
------------------------------------------------------------------------------------------------------
GET /bridge/info 1ms 200
------------------------------------------------------------------------------------------------------
------------------------------------------------------------------------------------------------------
GET /bridge/009/i39zxsj8/websocket 1ms (unfinished)
GET /bridge/242/73hwzcts/websocket 0ms (unfinished)
------------------------------------------------------------------------------------------------------
------------------------------------------------------------------------------------------------------
GET /bridge/info 0ms 200
GET /bridge/info 0ms 200
------------------------------------------------------------------------------------------------------
------------------------------------------------------------------------------------------------------
GET /bridge/688/aiwiyr39/websocket 0ms (unfinished)
GET /bridge/230/z1l2vps4/websocket 0ms (unfinished)
------------------------------------------------------------------------------------------------------
GET /bridge/info 1ms 200
------------------------------------------------------------------------------------------------------
------------------------------------------------------------------------------------------------------
GET /bridge/info 1ms 200
GET /bridge/209/pt9xesm8/websocket 2ms (unfinished)
------------------------------------------------------------------------------------------------------
GET /bridge/657/v310gfbq/websocket 0ms (unfinished)
------------------------------------------------------------------------------------------------------
GET /bridge/info 0ms 200
------------------------------------------------------------------------------------------------------
------------------------------------------------------------------------------------------------------
GET /bridge/info 0ms 200
------------------------------------------------------------------------------------------------------
GET /bridge/523/8768eoaf/websocket 0ms (unfinished)
GET /bridge/847/kqho0qw1/websocket 1ms (unfinished)
------------------------------------------------------------------------------------------------------
GET /bridge/info 0ms 200
------------------------------------------------------------------------------------------------------
GET /bridge/info 0ms 200
------------------------------------------------------------------------------------------------------
GET /bridge/969/1t8dxkav/websocket 1ms (unfinished)
------------------------------------------------------------------------------------------------------
GET /bridge/400/z3lhnwnm/websocket 0ms (unfinished)
------------------------------------------------------------------------------------------------------
GET /bridge/info 1ms 200
------------------------------------------------------------------------------------------------------
------------------------------------------------------------------------------------------------------
GET /bridge/info 1ms 200
------------------------------------------------------------------------------------------------------
GET /bridge/316/eb7e5qce/websocket 0ms (unfinished)
------------------------------------------------------------------------------------------------------
GET /bridge/992/go5toas4/websocket 0ms (unfinished)
POST /bridge/988/xfxfee46/xhr_send 4ms 204
------------------------------------------------------------------------------------------------------
GET /bridge/info 1ms 200
------------------------------------------------------------------------------------------------------
GET /bridge/info 0ms 200
------------------------------------------------------------------------------------------------------
GET /bridge/906/k1vu0gqu/websocket 2ms (unfinished)
------------------------------------------------------------------------------------------------------
GET /bridge/168/0xm0l0p3/websocket 0ms (unfinished)
------------------------------------------------------------------------------------------------------
POST /bridge/906/arkggt6s/xhr_streaming 1ms (unfinished)
------------------------------------------------------------------------------------------------------
POST /bridge/906/arkggt6s/xhr_send 2ms 204
------------------------------------------------------------------------------------------------------
POST /bridge/168/gm3nz_6q/xhr_streaming 1ms (unfinished)
------------------------------------------------------------------------------------------------------
------------------------------------------------------------------------------------------------------
POST /bridge/168/gm3nz_6q/xhr_send 1ms 204
------------------------------------------------------------------------------------------------------
GET /bridge/info 0ms 200
------------------------------------------------------------------------------------------------------
GET /bridge/info 0ms 200
GET /bridge/560/shronyqp/websocket 1ms (unfinished)
------------------------------------------------------------------------------------------------------
------------------------------------------------------------------------------------------------------
GET /bridge/844/hzvq33ae/websocket 0ms (unfinished)
POST /bridge/560/974hld2y/xhr_streaming 1ms (unfinished)
------------------------------------------------------------------------------------------------------
------------------------------------------------------------------------------------------------------
POST /bridge/560/974hld2y/xhr_send 1ms 204
------------------------------------------------------------------------------------------------------
POST /bridge/844/eyz7ewcp/xhr_streaming 0ms (unfinished)
POST /bridge/844/eyz7ewcp/xhr_send 1ms 204
------------------------------------------------------------------------------------------------------
GET /bridge/info 1ms 200
------------------------------------------------------------------------------------------------------
GET /bridge/info 0ms 200
------------------------------------------------------------------------------------------------------
------------------------------------------------------------------------------------------------------
GET /bridge/492/dp_y15mr/websocket 0ms (unfinished)
GET /bridge/001/k7rvcday/websocket 0ms (unfinished)
------------------------------------------------------------------------------------------------------
POST /bridge/492/c_d4um7t/xhr_streaming 1ms (unfinished)
------------------------------------------------------------------------------------------------------
POST /bridge/492/c_d4um7t/xhr_send 1ms 204
------------------------------------------------------------------------------------------------------
------------------------------------------------------------------------------------------------------
POST /bridge/001/utzl8mo6/xhr_streaming 1ms (unfinished)
POST /bridge/001/utzl8mo6/xhr_send 1ms 204
------------------------------------------------------------------------------------------------------
GET /bridge/info 1ms 200
------------------------------------------------------------------------------------------------------
GET /bridge/info 1ms 200
------------------------------------------------------------------------------------------------------
GET /bridge/771/uw5skcgc/websocket 3ms (unfinished)
------------------------------------------------------------------------------------------------------
GET /bridge/833/x7ve1xmv/websocket 1ms (unfinished)
------------------------------------------------------------------------------------------------------
POST /bridge/771/0h0yqyw2/xhr_streaming 1ms (unfinished)
------------------------------------------------------------------------------------------------------
POST /bridge/771/0h0yqyw2/xhr_send 4ms 204
------------------------------------------------------------------------------------------------------
POST /bridge/833/n1ci4odr/xhr_streaming 1ms (unfinished)
------------------------------------------------------------------------------------------------------
POST /bridge/833/n1ci4odr/xhr_send 1ms 204
------------------------------------------------------------------------------------------------------
GET /bridge/info 2ms 200
------------------------------------------------------------------------------------------------------
------------------------------------------------------------------------------------------------------
GET /bridge/info 1ms 200
GET /bridge/658/9ttngrbj/websocket 2ms (unfinished)
------------------------------------------------------------------------------------------------------
GET /bridge/679/1ytg9bkj/websocket 1ms (unfinished)
------------------------------------------------------------------------------------------------------
POST /bridge/658/or9lhn82/xhr_streaming 2ms (unfinished)
------------------------------------------------------------------------------------------------------
POST /bridge/679/1v_ij3hp/xhr_streaming 1ms (unfinished)
------------------------------------------------------------------------------------------------------
------------------------------------------------------------------------------------------------------
POST /bridge/658/or9lhn82/xhr_send 6ms 204
POST /bridge/679/1v_ij3hp/xhr_send 2ms 204
------------------------------------------------------------------------------------------------------
GET /bridge/info 1ms 200
------------------------------------------------------------------------------------------------------
GET /bridge/info 1ms 200
------------------------------------------------------------------------------------------------------
GET /bridge/058/ipmqs01k/websocket 2ms (unfinished)
------------------------------------------------------------------------------------------------------
GET /bridge/625/dovialed/websocket 0ms (unfinished)
------------------------------------------------------------------------------------------------------
POST /bridge/058/6s13prel/xhr_streaming 2ms (unfinished)
------------------------------------------------------------------------------------------------------
POST /bridge/058/6s13prel/xhr_send 4ms 204
------------------------------------------------------------------------------------------------------
------------------------------------------------------------------------------------------------------
POST /bridge/625/nk8kxn7a/xhr_streaming 1ms (unfinished)
GET /bridge/info 1ms 200
------------------------------------------------------------------------------------------------------
------------------------------------------------------------------------------------------------------
GET /bridge/info 1ms 200
GET /bridge/546/mqp0tf84/websocket 3ms (unfinished)
------------------------------------------------------------------------------------------------------
GET /bridge/976/zxr9ibog/websocket 0ms (unfinished)
------------------------------------------------------------------------------------------------------
------------------------------------------------------------------------------------------------------
GET /bridge/info 1ms 200
GET /bridge/info 0ms 200
------------------------------------------------------------------------------------------------------
GET /bridge/802/ovxbsjlb/websocket 2ms (unfinished)
------------------------------------------------------------------------------------------------------
------------------------------------------------------------------------------------------------------
GET /bridge/747/cfbmgf5t/websocket 0ms (unfinished)
GET /bridge/info 0ms 200
------------------------------------------------------------------------------------------------------
GET /bridge/info 0ms 200
------------------------------------------------------------------------------------------------------
GET /bridge/305/0od8e9_a/websocket 0ms (unfinished)
------------------------------------------------------------------------------------------------------
GET /bridge/168/0dr9a3wt/websocket 1ms (unfinished)
------------------------------------------------------------------------------------------------------
GET /bridge/info 1ms 200
------------------------------------------------------------------------------------------------------
GET /bridge/info 1ms 200
------------------------------------------------------------------------------------------------------
GET /bridge/762/_3ihkwmv/websocket 3ms (unfinished)
------------------------------------------------------------------------------------------------------
------------------------------------------------------------------------------------------------------
GET /bridge/433/safbm8_3/websocket 0ms (unfinished)
GET /bridge/info 1ms 200
------------------------------------------------------------------------------------------------------
------------------------------------------------------------------------------------------------------
GET /bridge/info 0ms 200
------------------------------------------------------------------------------------------------------
GET /bridge/036/lua65bl3/websocket 0ms (unfinished)
GET /bridge/622/85auyn9x/websocket 0ms (unfinished)
------------------------------------------------------------------------------------------------------
GET /bridge/info 1ms 200
------------------------------------------------------------------------------------------------------
GET /bridge/info 0ms 200
------------------------------------------------------------------------------------------------------
GET /bridge/366/b_es2lfu/websocket 1ms (unfinished)
------------------------------------------------------------------------------------------------------
------------------------------------------------------------------------------------------------------
GET /bridge/688/vfjpptkj/websocket 1ms (unfinished)
GET /bridge/info 0ms 200
------------------------------------------------------------------------------------------------------
GET /bridge/info 1ms 200
------------------------------------------------------------------------------------------------------
GET /bridge/812/wivivvwm/websocket 0ms (unfinished)
------------------------------------------------------------------------------------------------------
GET /bridge/236/mgn7l1vz/websocket 1ms (unfinished)
------------------------------------------------------------------------------------------------------
GET /bridge/info 0ms 200
------------------------------------------------------------------------------------------------------
GET /bridge/info 0ms 200
------------------------------------------------------------------------------------------------------
GET /bridge/517/4es998g2/websocket 0ms (unfinished)
------------------------------------------------------------------------------------------------------
GET /bridge/029/7y0q5bpl/websocket 0ms (unfinished)
------------------------------------------------------------------------------------------------------
GET /bridge/info 0ms 200
------------------------------------------------------------------------------------------------------
GET /bridge/info 0ms 200
------------------------------------------------------------------------------------------------------
------------------------------------------------------------------------------------------------------
GET /bridge/952/p6jp6az2/websocket 0ms (unfinished)
GET /bridge/788/s50th715/websocket 1ms (unfinished)
------------------------------------------------------------------------------------------------------
GET /bridge/info 0ms 200
------------------------------------------------------------------------------------------------------
------------------------------------------------------------------------------------------------------
GET /bridge/007/x0pa27mj/websocket 0ms (unfinished)
GET /bridge/info 0ms 200
------------------------------------------------------------------------------------------------------
GET /bridge/233/hcz3qc3n/websocket 0ms (unfinished)
------------------------------------------------------------------------------------------------------
GET /bridge/info 0ms 200
------------------------------------------------------------------------------------------------------
------------------------------------------------------------------------------------------------------
GET /bridge/info 1ms 200
GET /bridge/532/6cqgjsi2/websocket 0ms (unfinished)
------------------------------------------------------------------------------------------------------
GET /bridge/207/ffx4c7_9/websocket 0ms (unfinished)
------------------------------------------------------------------------------------------------------
GET /bridge/info 0ms 200
------------------------------------------------------------------------------------------------------
GET /bridge/info 1ms 200
------------------------------------------------------------------------------------------------------
GET /bridge/955/8du8gbt4/websocket 0ms (unfinished)
------------------------------------------------------------------------------------------------------
------------------------------------------------------------------------------------------------------
GET /bridge/849/nxx53j9e/websocket 0ms (unfinished)
GET /bridge/info 0ms 200
------------------------------------------------------------------------------------------------------
GET /bridge/info 0ms 200
------------------------------------------------------------------------------------------------------
GET /bridge/595/l_bwcddq/websocket 0ms (unfinished)
------------------------------------------------------------------------------------------------------
------------------------------------------------------------------------------------------------------
GET /bridge/529/au0s74j_/websocket 0ms (unfinished)
------------------------------------------------------------------------------------------------------
GET /bridge/info 1ms 200
GET /bridge/info 1ms 200
------------------------------------------------------------------------------------------------------
GET /bridge/812/0qdm2idf/websocket 0ms (unfinished)
------------------------------------------------------------------------------------------------------
GET /bridge/082/1otrnvnc/websocket 0ms (unfinished)
------------------------------------------------------------------------------------------------------
POST /bridge/812/kefwmrr_/xhr_streaming 1ms (unfinished)
------------------------------------------------------------------------------------------------------
POST /bridge/082/xk8vhnig/xhr_streaming 2ms (unfinished)
------------------------------------------------------------------------------------------------------
POST /bridge/082/xk8vhnig/xhr_send 4ms 204
------------------------------------------------------------------------------------------------------
POST /bridge/812/kefwmrr_/xhr_send 1ms 204
------------------------------------------------------------------------------------------------------
GET /bridge/info 1ms 200
------------------------------------------------------------------------------------------------------
------------------------------------------------------------------------------------------------------
GET /bridge/info 1ms 200
------------------------------------------------------------------------------------------------------
GET /bridge/211/ll5v45z4/websocket 0ms (unfinished)
GET /bridge/630/a9r6ncgu/websocket 1ms (unfinished)
------------------------------------------------------------------------------------------------------
GET /bridge/info 1ms 200
------------------------------------------------------------------------------------------------------
------------------------------------------------------------------------------------------------------
GET /bridge/info 0ms 200
GET /bridge/492/51f0tjyn/websocket 0ms (unfinished)
------------------------------------------------------------------------------------------------------
GET /bridge/677/a_ryklpd/websocket 3ms (unfinished)
------------------------------------------------------------------------------------------------------
------------------------------------------------------------------------------------------------------
GET /bridge/info 0ms 200
GET /bridge/info 0ms 200
------------------------------------------------------------------------------------------------------
GET /bridge/081/et88j_3x/websocket 0ms (unfinished)
------------------------------------------------------------------------------------------------------
GET /bridge/644/8cb5frh_/websocket 0ms (unfinished)
------------------------------------------------------------------------------------------------------
GET /bridge/info 0ms 200
------------------------------------------------------------------------------------------------------
------------------------------------------------------------------------------------------------------
GET /bridge/info 0ms 200
GET /bridge/326/f_os_cev/websocket 0ms (unfinished)
------------------------------------------------------------------------------------------------------
GET /bridge/908/07ttrpeq/websocket 0ms (unfinished)
------------------------------------------------------------------------------------------------------
POST /bridge/326/hwekpo1b/xhr_streaming 0ms (unfinished)
------------------------------------------------------------------------------------------------------
POST /bridge/326/hwekpo1b/xhr_send 1ms 204
------------------------------------------------------------------------------------------------------
POST /bridge/908/bt_z1zpx/xhr_streaming 0ms (unfinished)
------------------------------------------------------------------------------------------------------
GET /bridge/info 1ms 200
------------------------------------------------------------------------------------------------------
GET /bridge/info 1ms 200
------------------------------------------------------------------------------------------------------
GET /bridge/696/a_d_8rlk/websocket 0ms (unfinished)
------------------------------------------------------------------------------------------------------
GET /bridge/590/al4uq25_/websocket 0ms (unfinished)
------------------------------------------------------------------------------------------------------
GET /bridge/info 1ms 200
------------------------------------------------------------------------------------------------------
------------------------------------------------------------------------------------------------------
GET /bridge/info 0ms 200
GET /bridge/735/o4m1dlke/websocket 2ms (unfinished)
------------------------------------------------------------------------------------------------------
------------------------------------------------------------------------------------------------------
GET /bridge/855/8yn7oz18/websocket 1ms (unfinished)
GET /bridge/info 0ms 200
------------------------------------------------------------------------------------------------------
------------------------------------------------------------------------------------------------------
GET /bridge/info 0ms 200
GET /bridge/058/wybzc02q/websocket 0ms (unfinished)
------------------------------------------------------------------------------------------------------
GET /bridge/646/oug7dqph/websocket 1ms (unfinished)
------------------------------------------------------------------------------------------------------
POST /bridge/908/bt_z1zpx/xhr_send 5ms 204
------------------------------------------------------------------------------------------------------
------------------------------------------------------------------------------------------------------
GET /bridge/info 1ms 200
GET /bridge/info 1ms 200
------------------------------------------------------------------------------------------------------
GET /bridge/203/vv77ciu1/websocket 1ms (unfinished)
------------------------------------------------------------------------------------------------------
------------------------------------------------------------------------------------------------------
GET /bridge/149/yhogted7/websocket 0ms (unfinished)
POST /bridge/203/c1da1gi3/xhr_streaming 1ms (unfinished)
------------------------------------------------------------------------------------------------------
POST /bridge/203/_nsbchb2/xhr 1ms 200
------------------------------------------------------------------------------------------------------
POST /bridge/149/4erpymxc/xhr 1ms 200
------------------------------------------------------------------------------------------------------
------------------------------------------------------------------------------------------------------
POST /bridge/203/_nsbchb2/xhr_send 1ms 204
POST /bridge/203/_nsbchb2/xhr 0ms (unfinished)
------------------------------------------------------------------------------------------------------
POST /bridge/149/4erpymxc/xhr_send 1ms 204
------------------------------------------------------------------------------------------------------
------------------------------------------------------------------------------------------------------
POST /bridge/149/4erpymxc/xhr 0ms 200
POST /bridge/149/4erpymxc/xhr 1ms (unfinished)
------------------------------------------------------------------------------------------------------
POST /bridge/203/_nsbchb2/xhr 0ms (unfinished)
------------------------------------------------------------------------------------------------------
POST /bridge/149/4erpymxc/xhr 0ms (unfinished)
------------------------------------------------------------------------------------------------------
POST /bridge/203/_nsbchb2/xhr 0ms (unfinished)
------------------------------------------------------------------------------------------------------
------------------------------------------------------------------------------------------------------
POST /bridge/149/4erpymxc/xhr 0ms (unfinished)
------------------------------------------------------------------------------------------------------
POST /bridge/203/_nsbchb2/xhr 0ms (unfinished)
POST /bridge/149/4erpymxc/xhr 0ms (unfinished)
------------------------------------------------------------------------------------------------------
------------------------------------------------------------------------------------------------------
POST /bridge/203/_nsbchb2/xhr 0ms (unfinished)
POST /bridge/149/4erpymxc/xhr 0ms (unfinished)
------------------------------------------------------------------------------------------------------
POST /bridge/203/_nsbchb2/xhr 0ms (unfinished)
------------------------------------------------------------------------------------------------------
------------------------------------------------------------------------------------------------------
POST /bridge/149/4erpymxc/xhr 0ms (unfinished)
POST /bridge/203/_nsbchb2/xhr 1ms (unfinished)
------------------------------------------------------------------------------------------------------
POST /bridge/149/4erpymxc/xhr 1ms (unfinished)
------------------------------------------------------------------------------------------------------
------------------------------------------------------------------------------------------------------
GET /bridge/info 0ms 200
GET /bridge/info 0ms 200
------------------------------------------------------------------------------------------------------
GET /bridge/483/c4i4evm5/websocket 1ms (unfinished)
------------------------------------------------------------------------------------------------------
GET /bridge/290/chusq3sk/websocket 1ms (unfinished)
------------------------------------------------------------------------------------------------------
------------------------------------------------------------------------------------------------------
POST /bridge/203/_nsbchb2/xhr 0ms (unfinished)
POST /bridge/149/4erpymxc/xhr 1ms (unfinished)
------------------------------------------------------------------------------------------------------
------------------------------------------------------------------------------------------------------
POST /bridge/203/_nsbchb2/xhr 1ms (unfinished)
POST /bridge/149/4erpymxc/xhr 1ms (unfinished)
------------------------------------------------------------------------------------------------------
POST /bridge/203/_nsbchb2/xhr 0ms (unfinished)
------------------------------------------------------------------------------------------------------
------------------------------------------------------------------------------------------------------
POST /bridge/149/4erpymxc/xhr 1ms (unfinished)
------------------------------------------------------------------------------------------------------
POST /bridge/203/_nsbchb2/xhr 1ms (unfinished)
POST /bridge/149/4erpymxc/xhr 0ms (unfinished)
------------------------------------------------------------------------------------------------------
POST /bridge/203/_nsbchb2/xhr 0ms (unfinished)
------------------------------------------------------------------------------------------------------
------------------------------------------------------------------------------------------------------
POST /bridge/149/4erpymxc/xhr 0ms (unfinished)
POST /bridge/203/_nsbchb2/xhr 0ms (unfinished)
------------------------------------------------------------------------------------------------------
------------------------------------------------------------------------------------------------------
POST /bridge/149/4erpymxc/xhr 0ms (unfinished)
POST /bridge/203/_nsbchb2/xhr 0ms (unfinished)
------------------------------------------------------------------------------------------------------
POST /bridge/149/4erpymxc/xhr 0ms (unfinished)
------------------------------------------------------------------------------------------------------
POST /bridge/203/_nsbchb2/xhr 0ms (unfinished)
------------------------------------------------------------------------------------------------------
POST /bridge/149/4erpymxc/xhr 0ms (unfinished)
------------------------------------------------------------------------------------------------------
GET /bridge/info 1ms 200
------------------------------------------------------------------------------------------------------
GET /bridge/info 0ms 200
------------------------------------------------------------------------------------------------------
GET /bridge/254/9ivyghbc/websocket 1ms (unfinished)
------------------------------------------------------------------------------------------------------
GET /bridge/143/mlqkzxcf/websocket 1ms (unfinished)
------------------------------------------------------------------------------------------------------
POST /bridge/254/9ysonmvv/xhr_streaming 1ms (unfinished)
------------------------------------------------------------------------------------------------------
------------------------------------------------------------------------------------------------------
POST /bridge/254/9ysonmvv/xhr_send 1ms 204
POST /bridge/143/e1ml5v_4/xhr_streaming 1ms (unfinished)
------------------------------------------------------------------------------------------------------
POST /bridge/143/e1ml5v_4/xhr_send 1ms 204
------------------------------------------------------------------------------------------------------
POST /bridge/203/_nsbchb2/xhr 0ms (unfinished)
------------------------------------------------------------------------------------------------------
------------------------------------------------------------------------------------------------------
POST /bridge/149/4erpymxc/xhr 0ms (unfinished)
POST /bridge/203/_nsbchb2/xhr 1ms (unfinished)
------------------------------------------------------------------------------------------------------
POST /bridge/149/4erpymxc/xhr 0ms (unfinished)
------------------------------------------------------------------------------------------------------
POST /bridge/203/_nsbchb2/xhr 0ms (unfinished)
------------------------------------------------------------------------------------------------------
------------------------------------------------------------------------------------------------------
POST /bridge/149/4erpymxc/xhr 0ms (unfinished)
POST /bridge/203/_nsbchb2/xhr 0ms (unfinished)
------------------------------------------------------------------------------------------------------
------------------------------------------------------------------------------------------------------
POST /bridge/149/4erpymxc/xhr 0ms (unfinished)
POST /bridge/203/_nsbchb2/xhr 0ms (unfinished)
------------------------------------------------------------------------------------------------------
POST /bridge/149/4erpymxc/xhr 0ms (unfinished)
------------------------------------------------------------------------------------------------------
------------------------------------------------------------------------------------------------------
POST /bridge/203/_nsbchb2/xhr 0ms (unfinished)
POST /bridge/149/4erpymxc/xhr 0ms (unfinished)
------------------------------------------------------------------------------------------------------
POST /bridge/203/_nsbchb2/xhr 0ms (unfinished)
------------------------------------------------------------------------------------------------------
POST /bridge/149/4erpymxc/xhr 0ms (unfinished)
------------------------------------------------------------------------------------------------------
------------------------------------------------------------------------------------------------------
POST /bridge/203/_nsbchb2/xhr 0ms (unfinished)
POST /bridge/149/4erpymxc/xhr 0ms (unfinished)
------------------------------------------------------------------------------------------------------
------------------------------------------------------------------------------------------------------
POST /bridge/625/nk8kxn7a/xhr_send 1ms 404
GET /bridge/info 0ms 200
------------------------------------------------------------------------------------------------------
GET /bridge/info 1ms 200
------------------------------------------------------------------------------------------------------
GET /bridge/114/ymzi8a21/websocket 1ms (unfinished)
------------------------------------------------------------------------------------------------------
GET /bridge/373/utr7_k5k/websocket 1ms (unfinished)
------------------------------------------------------------------------------------------------------
POST /bridge/114/7eyywr7k/xhr_streaming 1ms (unfinished)
------------------------------------------------------------------------------------------------------
POST /bridge/114/7eyywr7k/xhr_send 2ms 204
------------------------------------------------------------------------------------------------------
------------------------------------------------------------------------------------------------------
POST /bridge/373/npr8iqrs/xhr_streaming 0ms (unfinished)
POST /bridge/373/npr8iqrs/xhr_send 1ms 204
------------------------------------------------------------------------------------------------------
------------------------------------------------------------------------------------------------------
GET /bridge/info 0ms 200
------------------------------------------------------------------------------------------------------
GET /bridge/info 1ms 200
GET /bridge/219/jafuqsf0/websocket 1ms (unfinished)
------------------------------------------------------------------------------------------------------
------------------------------------------------------------------------------------------------------
GET /bridge/454/by5tqy24/websocket 0ms (unfinished)
POST /bridge/219/ppsbwpb0/xhr_streaming 0ms (unfinished)
------------------------------------------------------------------------------------------------------
POST /bridge/219/ppsbwpb0/xhr_send 1ms 204
------------------------------------------------------------------------------------------------------
------------------------------------------------------------------------------------------------------
POST /bridge/454/cfbql9j_/xhr_streaming 1ms (unfinished)
POST /bridge/454/cfbql9j_/xhr_send 1ms 204
------------------------------------------------------------------------------------------------------
------------------------------------------------------------------------------------------------------
POST /bridge/203/_nsbchb2/xhr 0ms 200
------------------------------------------------------------------------------------------------------
POST /bridge/149/4erpymxc/xhr 1ms 200
------------------------------------------------------------------------------------------------------
GET /bridge/info 0ms 200
GET /bridge/info 0ms 200
------------------------------------------------------------------------------------------------------
------------------------------------------------------------------------------------------------------
GET /bridge/564/i2uva4f_/websocket 0ms (unfinished)
GET /bridge/978/1x3mml5h/websocket 0ms (unfinished)
------------------------------------------------------------------------------------------------------
POST /bridge/564/d16of05d/xhr_streaming 0ms (unfinished)
------------------------------------------------------------------------------------------------------
------------------------------------------------------------------------------------------------------
POST /bridge/978/rpl10nid/xhr_streaming 1ms (unfinished)
POST /bridge/564/d16of05d/xhr_send 1ms 204
------------------------------------------------------------------------------------------------------
POST /bridge/978/rpl10nid/xhr_send 1ms 204
------------------------------------------------------------------------------------------------------
------------------------------------------------------------------------------------------------------
GET /bridge/info 0ms 200
GET /bridge/info 0ms 200
------------------------------------------------------------------------------------------------------
GET /bridge/472/vd5k_dpc/websocket 1ms (unfinished)
------------------------------------------------------------------------------------------------------
GET /bridge/314/anu9cdvb/websocket 0ms (unfinished)
------------------------------------------------------------------------------------------------------
POST /bridge/472/q8p11co_/xhr_streaming 1ms (unfinished)
------------------------------------------------------------------------------------------------------
POST /bridge/472/q8p11co_/xhr_send 1ms 204
------------------------------------------------------------------------------------------------------
POST /bridge/314/6ufagnqr/xhr_streaming 0ms (unfinished)
------------------------------------------------------------------------------------------------------
------------------------------------------------------------------------------------------------------
GET /bridge/info 1ms 200
GET /bridge/info 0ms 200
------------------------------------------------------------------------------------------------------
GET /bridge/422/xoafgewa/websocket 0ms (unfinished)
------------------------------------------------------------------------------------------------------
GET /bridge/649/24_zkanr/websocket 0ms (unfinished)
------------------------------------------------------------------------------------------------------
GET /bridge/info 1ms 200
------------------------------------------------------------------------------------------------------
GET /bridge/info 0ms 200
------------------------------------------------------------------------------------------------------
GET /bridge/209/zn4if1qt/websocket 1ms (unfinished)
------------------------------------------------------------------------------------------------------
GET /bridge/897/prfc2159/websocket 0ms (unfinished)
------------------------------------------------------------------------------------------------------
POST /bridge/209/leo8jog0/xhr_streaming 0ms (unfinished)
------------------------------------------------------------------------------------------------------
POST /bridge/209/leo8jog0/xhr_send 2ms 204
------------------------------------------------------------------------------------------------------
POST /bridge/897/xb8c6rlx/xhr_streaming 0ms (unfinished)
------------------------------------------------------------------------------------------------------
------------------------------------------------------------------------------------------------------
POST /bridge/897/xb8c6rlx/xhr_send 0ms 204
GET /bridge/info 1ms 200
------------------------------------------------------------------------------------------------------
------------------------------------------------------------------------------------------------------
GET /bridge/info 0ms 200
GET /bridge/815/4ki3s53x/websocket 0ms (unfinished)
------------------------------------------------------------------------------------------------------
GET /bridge/036/dyjmvka2/websocket 1ms (unfinished)
------------------------------------------------------------------------------------------------------
------------------------------------------------------------------------------------------------------
POST /bridge/314/6ufagnqr/xhr_send 1ms 204
GET /bridge/info 1ms 200
------------------------------------------------------------------------------------------------------
GET /bridge/info 0ms 200
------------------------------------------------------------------------------------------------------
------------------------------------------------------------------------------------------------------
GET /bridge/979/ykksuu3a/websocket 1ms (unfinished)
GET /bridge/625/irtxjlu_/websocket 0ms (unfinished)
------------------------------------------------------------------------------------------------------
POST /bridge/979/ze7qnqrd/xhr_streaming 1ms (unfinished)
------------------------------------------------------------------------------------------------------
POST /bridge/979/ze7qnqrd/xhr_send 1ms 204
------------------------------------------------------------------------------------------------------
POST /bridge/625/jjw126gl/xhr_streaming 0ms (unfinished)
------------------------------------------------------------------------------------------------------
