GET /bridge/info 1ms 200
------------------------------------------------------------------------------------------------------
------------------------------------------------------------------------------------------------------
GET /bridge/info 0ms 200
GET /bridge/862/mpar9nkx/websocket 0ms (unfinished)
------------------------------------------------------------------------------------------------------
GET /bridge/384/6qcoc769/websocket 0ms (unfinished)
------------------------------------------------------------------------------------------------------
POST /bridge/862/4hgs19ar/xhr_streaming 0ms (unfinished)
------------------------------------------------------------------------------------------------------
POST /bridge/862/4hgs19ar/xhr_send 1ms 204
------------------------------------------------------------------------------------------------------
POST /bridge/384/qzl7mhu9/xhr_streaming 1ms (unfinished)
------------------------------------------------------------------------------------------------------
POST /bridge/384/qzl7mhu9/xhr_send 1ms 204
------------------------------------------------------------------------------------------------------
------------------------------------------------------------------------------------------------------
GET /bridge/info 1ms 200
GET /bridge/info 0ms 200
------------------------------------------------------------------------------------------------------
GET /bridge/754/z5vh3712/websocket 3ms (unfinished)
------------------------------------------------------------------------------------------------------
GET /bridge/337/h120wo16/websocket 1ms (unfinished)
------------------------------------------------------------------------------------------------------
POST /bridge/754/emjr42i8/xhr_streaming 2ms (unfinished)
------------------------------------------------------------------------------------------------------
------------------------------------------------------------------------------------------------------
POST /bridge/754/emjr42i8/xhr_send 4ms 204
POST /bridge/337/r3ly4_hr/xhr_streaming 1ms (unfinished)
------------------------------------------------------------------------------------------------------
POST /bridge/337/r3ly4_hr/xhr_send 1ms 204
------------------------------------------------------------------------------------------------------
GET /bridge/info 0ms 200
------------------------------------------------------------------------------------------------------
GET /bridge/056/c3qauhs9/websocket 0ms (unfinished)
------------------------------------------------------------------------------------------------------
GET /bridge/info 0ms 200
------------------------------------------------------------------------------------------------------
GET /bridge/308/nr1uqfsh/websocket 0ms (unfinished)
------------------------------------------------------------------------------------------------------
POST /bridge/056/_oebnmhd/xhr_streaming 0ms (unfinished)
------------------------------------------------------------------------------------------------------
POST /bridge/056/_oebnmhd/xhr_send 1ms 204
------------------------------------------------------------------------------------------------------
POST /bridge/308/fvc9_8y7/xhr_streaming 0ms (unfinished)
------------------------------------------------------------------------------------------------------
POST /bridge/308/fvc9_8y7/xhr_send 1ms 204
------------------------------------------------------------------------------------------------------
GET /bridge/info 0ms 200
------------------------------------------------------------------------------------------------------
GET /bridge/info 0ms 200
------------------------------------------------------------------------------------------------------
GET /bridge/428/qe_k8bdg/websocket 0ms (unfinished)
------------------------------------------------------------------------------------------------------
GET /bridge/159/eph7ji0h/websocket 0ms (unfinished)
------------------------------------------------------------------------------------------------------
POST /bridge/428/55za23jd/xhr_streaming 2ms (unfinished)
------------------------------------------------------------------------------------------------------
POST /bridge/428/55za23jd/xhr_send 2ms 204
------------------------------------------------------------------------------------------------------
POST /bridge/159/1o4maaqc/xhr_streaming 1ms (unfinished)
------------------------------------------------------------------------------------------------------
POST /bridge/159/1o4maaqc/xhr_send 1ms 204
------------------------------------------------------------------------------------------------------
GET /bridge/info 0ms 200
------------------------------------------------------------------------------------------------------
GET /bridge/info 1ms 200
------------------------------------------------------------------------------------------------------
GET /bridge/570/5ahmrwz1/websocket 0ms (unfinished)
------------------------------------------------------------------------------------------------------
GET /bridge/788/3e9kxrim/websocket 0ms (unfinished)
------------------------------------------------------------------------------------------------------
POST /bridge/570/bu7j11o7/xhr_streaming 0ms (unfinished)
------------------------------------------------------------------------------------------------------
------------------------------------------------------------------------------------------------------
POST /bridge/788/sv5elmgk/xhr_streaming 1ms (unfinished)
POST /bridge/570/bu7j11o7/xhr_send 1ms 204
------------------------------------------------------------------------------------------------------
------------------------------------------------------------------------------------------------------
POST /bridge/788/sv5elmgk/xhr_send 1ms 204
GET /bridge/info 1ms 200
------------------------------------------------------------------------------------------------------
GET /bridge/info 0ms 200
------------------------------------------------------------------------------------------------------
GET /bridge/964/agxr1sld/websocket 0ms (unfinished)
------------------------------------------------------------------------------------------------------
GET /bridge/535/4nxhs4ay/websocket 0ms (unfinished)
------------------------------------------------------------------------------------------------------
POST /bridge/964/b7ru8zn6/xhr_streaming 0ms (unfinished)
------------------------------------------------------------------------------------------------------
POST /bridge/964/b7ru8zn6/xhr_send 1ms 204
------------------------------------------------------------------------------------------------------
POST /bridge/535/6bh5zag5/xhr_streaming 0ms (unfinished)
------------------------------------------------------------------------------------------------------
GET /bridge/info 0ms 200
------------------------------------------------------------------------------------------------------
GET /bridge/info 0ms 200
------------------------------------------------------------------------------------------------------
GET /bridge/362/ds3kfawz/websocket 1ms (unfinished)
------------------------------------------------------------------------------------------------------
GET /bridge/091/imd7la8i/websocket 0ms (unfinished)
------------------------------------------------------------------------------------------------------
GET /bridge/info 0ms 200
------------------------------------------------------------------------------------------------------
GET /bridge/info 0ms 200
------------------------------------------------------------------------------------------------------
GET /bridge/682/pp02xsqy/websocket 1ms (unfinished)
------------------------------------------------------------------------------------------------------
------------------------------------------------------------------------------------------------------
GET /bridge/372/62_wgnw5/websocket 0ms (unfinished)
GET /bridge/info 2ms 200
------------------------------------------------------------------------------------------------------
GET /bridge/info 1ms 200
------------------------------------------------------------------------------------------------------
GET /bridge/745/rxgfq997/websocket 2ms (unfinished)
------------------------------------------------------------------------------------------------------
GET /bridge/074/kc4_afb8/websocket 0ms (unfinished)
------------------------------------------------------------------------------------------------------
------------------------------------------------------------------------------------------------------
GET /bridge/info 0ms 200
GET /bridge/417/7xa0jn6x/websocket 0ms (unfinished)
------------------------------------------------------------------------------------------------------
GET /bridge/info 0ms 200
------------------------------------------------------------------------------------------------------
------------------------------------------------------------------------------------------------------
GET /bridge/231/zikq7rpt/websocket 0ms (unfinished)
GET /bridge/info 0ms 200
------------------------------------------------------------------------------------------------------
------------------------------------------------------------------------------------------------------
GET /bridge/info 0ms 200
GET /bridge/367/ljgdl6ty/websocket 0ms (unfinished)
------------------------------------------------------------------------------------------------------
GET /bridge/590/7lqidgab/websocket 0ms (unfinished)
------------------------------------------------------------------------------------------------------
GET /bridge/info 1ms 200
------------------------------------------------------------------------------------------------------
GET /bridge/info 0ms 200
------------------------------------------------------------------------------------------------------
GET /bridge/897/gdmloyqn/websocket 3ms (unfinished)
------------------------------------------------------------------------------------------------------
GET /bridge/957/p9l25xs6/websocket 1ms (unfinished)
------------------------------------------------------------------------------------------------------
------------------------------------------------------------------------------------------------------
POST /bridge/897/jlnq2t5p/xhr_streaming 1ms (unfinished)
POST /bridge/897/jlnq2t5p/xhr_send 3ms 204
------------------------------------------------------------------------------------------------------
POST /bridge/957/yvpyucd2/xhr_streaming 1ms (unfinished)
------------------------------------------------------------------------------------------------------
------------------------------------------------------------------------------------------------------
GET /bridge/info 1ms 200
------------------------------------------------------------------------------------------------------
GET /bridge/info 0ms 200
GET /bridge/242/y_q067nr/websocket 0ms (unfinished)
------------------------------------------------------------------------------------------------------
GET /bridge/321/whyh3e4b/websocket 0ms (unfinished)
------------------------------------------------------------------------------------------------------
03,03,2022,09,00
------------------------------------------------------------------------------------------------------
------------------------------------------------------------------------------------------------------
03,03,2022,09,00
------------------------------------------------------------------------------------------------------
03,03,2022,09,00
------------------------------------------------------------------------------------------------------
03,03,2022,09,00
------------------------------------------------------------------------------------------------------
03,03,2022,09,00
------------------------------------------------------------------------------------------------------
03,03,2022,09,00
------------------------------------------------------------------------------------------------------
GET /bridge/info 1ms 200
GET /bridge/info 1ms 200
------------------------------------------------------------------------------------------------------
GET /bridge/649/bxbo_s2j/websocket 0ms (unfinished)
------------------------------------------------------------------------------------------------------
GET /bridge/878/1s3v0ro4/websocket 0ms (unfinished)
------------------------------------------------------------------------------------------------------
------------------------------------------------------------------------------------------------------
03,03,2022,09,00
------------------------------------------------------------------------------------------------------
03,03,2022,09,00
------------------------------------------------------------------------------------------------------
GET /bridge/info 0ms 200
GET /bridge/info 0ms 200
------------------------------------------------------------------------------------------------------
GET /bridge/605/89wjcstl/websocket 0ms (unfinished)
------------------------------------------------------------------------------------------------------
------------------------------------------------------------------------------------------------------
GET /bridge/172/5lz9i4l5/websocket 0ms (unfinished)
POST /bridge/957/yvpyucd2/xhr_send 1ms 204
------------------------------------------------------------------------------------------------------
GET /bridge/info 0ms 200
------------------------------------------------------------------------------------------------------
GET /bridge/info 0ms 200
------------------------------------------------------------------------------------------------------
GET /bridge/956/h_iigep1/websocket 1ms (unfinished)
------------------------------------------------------------------------------------------------------
GET /bridge/527/xu3itwv6/websocket 0ms (unfinished)
------------------------------------------------------------------------------------------------------
------------------------------------------------------------------------------------------------------
POST /bridge/956/4sjsh1cv/xhr_streaming 0ms (unfinished)
POST /bridge/956/4sjsh1cv/xhr_send 1ms 204
------------------------------------------------------------------------------------------------------
POST /bridge/527/k9ps4yvo/xhr_streaming 0ms (unfinished)
------------------------------------------------------------------------------------------------------
POST /bridge/527/k9ps4yvo/xhr_send 1ms 204
------------------------------------------------------------------------------------------------------
GET /bridge/info 1ms 200
------------------------------------------------------------------------------------------------------
------------------------------------------------------------------------------------------------------
GET /bridge/info 1ms 200
GET /bridge/504/so4dxtic/websocket 0ms (unfinished)
------------------------------------------------------------------------------------------------------
GET /bridge/833/663tzjtp/websocket 0ms (unfinished)
------------------------------------------------------------------------------------------------------
------------------------------------------------------------------------------------------------------
POST /bridge/504/oo2k997p/xhr_streaming 0ms (unfinished)
POST /bridge/504/oo2k997p/xhr_send 1ms 204
------------------------------------------------------------------------------------------------------
POST /bridge/833/odez20dm/xhr_streaming 0ms (unfinished)
------------------------------------------------------------------------------------------------------
POST /bridge/833/odez20dm/xhr_send 1ms 204
------------------------------------------------------------------------------------------------------
GET /bridge/info 0ms 200
------------------------------------------------------------------------------------------------------
------------------------------------------------------------------------------------------------------
GET /bridge/info 0ms 200
GET /bridge/466/fz1uwghy/websocket 0ms (unfinished)
------------------------------------------------------------------------------------------------------
GET /bridge/418/8fb7eue1/websocket 0ms (unfinished)
------------------------------------------------------------------------------------------------------
------------------------------------------------------------------------------------------------------
GET /bridge/info 1ms 200
------------------------------------------------------------------------------------------------------
GET /bridge/info 0ms 200
GET /bridge/506/ct6g5dow/websocket 0ms (unfinished)
------------------------------------------------------------------------------------------------------
GET /bridge/547/tyjjh8w0/websocket 0ms (unfinished)
------------------------------------------------------------------------------------------------------
POST /bridge/506/l6kqh40t/xhr_streaming 1ms (unfinished)
------------------------------------------------------------------------------------------------------
POST /bridge/506/l6kqh40t/xhr_send 1ms 204
------------------------------------------------------------------------------------------------------
POST /bridge/547/cmcljt50/xhr_streaming 1ms (unfinished)
------------------------------------------------------------------------------------------------------
------------------------------------------------------------------------------------------------------
POST /bridge/547/cmcljt50/xhr_send 1ms 204
GET /bridge/info 1ms 200
------------------------------------------------------------------------------------------------------
GET /bridge/info 1ms 200
------------------------------------------------------------------------------------------------------
GET /bridge/325/6rne1m_m/websocket 2ms (unfinished)
------------------------------------------------------------------------------------------------------
GET /bridge/167/2a9wtuva/websocket 0ms (unfinished)
------------------------------------------------------------------------------------------------------
GET /bridge/info 1ms 200
------------------------------------------------------------------------------------------------------
------------------------------------------------------------------------------------------------------
GET /bridge/info 1ms 200
GET /bridge/876/81anluqi/websocket 2ms (unfinished)
------------------------------------------------------------------------------------------------------
GET /bridge/690/zc7sp_cl/websocket 0ms (unfinished)
------------------------------------------------------------------------------------------------------
POST /bridge/876/2xbfgt1d/xhr_streaming 1ms (unfinished)
------------------------------------------------------------------------------------------------------
------------------------------------------------------------------------------------------------------
POST /bridge/876/2xbfgt1d/xhr_send 2ms 204
POST /bridge/690/6qr55fg9/xhr_streaming 0ms (unfinished)
------------------------------------------------------------------------------------------------------
GET /bridge/info 1ms 200
------------------------------------------------------------------------------------------------------
GET /bridge/info 0ms 200
------------------------------------------------------------------------------------------------------
GET /bridge/936/djnivre4/websocket 2ms (unfinished)
------------------------------------------------------------------------------------------------------
GET /bridge/464/mll5q__d/websocket 1ms (unfinished)
------------------------------------------------------------------------------------------------------
GET /bridge/info 0ms 200
------------------------------------------------------------------------------------------------------
GET /bridge/info 0ms 200
------------------------------------------------------------------------------------------------------
GET /bridge/341/iw5fg9jt/websocket 0ms (unfinished)
------------------------------------------------------------------------------------------------------
GET /bridge/993/uqggsezv/websocket 0ms (unfinished)
------------------------------------------------------------------------------------------------------
GET /bridge/info 1ms 200
------------------------------------------------------------------------------------------------------
GET /bridge/info 1ms 200
------------------------------------------------------------------------------------------------------
------------------------------------------------------------------------------------------------------
GET /bridge/030/bssoz3fa/websocket 3ms (unfinished)
GET /bridge/669/s82s0pkf/websocket 0ms (unfinished)
------------------------------------------------------------------------------------------------------
GET /bridge/info 1ms 200
------------------------------------------------------------------------------------------------------
GET /bridge/info 0ms 200
------------------------------------------------------------------------------------------------------
GET /bridge/890/eyu_9krt/websocket 1ms (unfinished)
------------------------------------------------------------------------------------------------------
------------------------------------------------------------------------------------------------------
GET /bridge/410/h_r2utd1/websocket 0ms (unfinished)
GET /bridge/info 0ms 200
------------------------------------------------------------------------------------------------------
GET /bridge/info 0ms 200
------------------------------------------------------------------------------------------------------
------------------------------------------------------------------------------------------------------
GET /bridge/869/2i8960jg/websocket 0ms (unfinished)
GET /bridge/098/n9unamk5/websocket 0ms (unfinished)
------------------------------------------------------------------------------------------------------
GET /bridge/info 1ms 200
------------------------------------------------------------------------------------------------------
GET /bridge/info 1ms 200
------------------------------------------------------------------------------------------------------
GET /bridge/861/t_9yg41u/websocket 0ms (unfinished)
------------------------------------------------------------------------------------------------------
GET /bridge/303/s0t56107/websocket 1ms (unfinished)
------------------------------------------------------------------------------------------------------
GET /bridge/info 1ms 200
------------------------------------------------------------------------------------------------------
GET /bridge/info 0ms 200
------------------------------------------------------------------------------------------------------
GET /bridge/104/y9pqfbtv/websocket 3ms (unfinished)
------------------------------------------------------------------------------------------------------
GET /bridge/866/9uxkfrfl/websocket 0ms (unfinished)
------------------------------------------------------------------------------------------------------
------------------------------------------------------------------------------------------------------
GET /bridge/info 1ms 200
GET /bridge/info 0ms 200
------------------------------------------------------------------------------------------------------
------------------------------------------------------------------------------------------------------
GET /bridge/548/lf964_9e/websocket 2ms (unfinished)
GET /bridge/489/bfynrctw/websocket 0ms (unfinished)
------------------------------------------------------------------------------------------------------
GET /bridge/info 1ms 200
------------------------------------------------------------------------------------------------------
GET /bridge/info 1ms 200
------------------------------------------------------------------------------------------------------
GET /bridge/097/u7oft4ph/websocket 2ms (unfinished)
------------------------------------------------------------------------------------------------------
GET /bridge/568/hhd7rsv6/websocket 0ms (unfinished)
------------------------------------------------------------------------------------------------------
GET /bridge/info 1ms 200
------------------------------------------------------------------------------------------------------
GET /bridge/info 0ms 200
------------------------------------------------------------------------------------------------------
GET /bridge/565/0v2udhdz/websocket 0ms (unfinished)
------------------------------------------------------------------------------------------------------
GET /bridge/401/xjx0vrja/websocket 0ms (unfinished)
------------------------------------------------------------------------------------------------------
------------------------------------------------------------------------------------------------------
GET /bridge/info 1ms 200
GET /bridge/info 0ms 200
------------------------------------------------------------------------------------------------------
GET /bridge/305/p4o6eg6y/websocket 2ms (unfinished)
------------------------------------------------------------------------------------------------------
------------------------------------------------------------------------------------------------------
GET /bridge/652/a_oxiwin/websocket 0ms (unfinished)
GET /bridge/info 1ms 200
------------------------------------------------------------------------------------------------------
GET /bridge/info 1ms 200
------------------------------------------------------------------------------------------------------
GET /bridge/688/0890v6_r/websocket 3ms (unfinished)
------------------------------------------------------------------------------------------------------
------------------------------------------------------------------------------------------------------
GET /bridge/771/27x4495t/websocket 1ms (unfinished)
GET /bridge/info 1ms 200
------------------------------------------------------------------------------------------------------
GET /bridge/info 1ms 200
------------------------------------------------------------------------------------------------------
GET /bridge/650/1tlh59rl/websocket 3ms (unfinished)
------------------------------------------------------------------------------------------------------
GET /bridge/992/ndvgbczh/websocket 1ms (unfinished)
------------------------------------------------------------------------------------------------------
GET /bridge/info 0ms 200
------------------------------------------------------------------------------------------------------
GET /bridge/info 0ms 200
------------------------------------------------------------------------------------------------------
GET /bridge/834/5hx2bmby/websocket 0ms (unfinished)
------------------------------------------------------------------------------------------------------
GET /bridge/962/uvgkl6vz/websocket 0ms (unfinished)
------------------------------------------------------------------------------------------------------
GET /bridge/info 0ms 200
------------------------------------------------------------------------------------------------------
GET /bridge/info 0ms 200
------------------------------------------------------------------------------------------------------
GET /bridge/263/ozunx0we/websocket 0ms (unfinished)
------------------------------------------------------------------------------------------------------
GET /bridge/046/hi8yf31l/websocket 0ms (unfinished)
------------------------------------------------------------------------------------------------------
GET /bridge/info 1ms 200
------------------------------------------------------------------------------------------------------
GET /bridge/info 0ms 200
------------------------------------------------------------------------------------------------------
GET /bridge/514/hk6ri5qo/websocket 1ms (unfinished)
------------------------------------------------------------------------------------------------------
------------------------------------------------------------------------------------------------------
GET /bridge/840/z34npjqu/websocket 0ms (unfinished)
GET /bridge/info 0ms 200
------------------------------------------------------------------------------------------------------
------------------------------------------------------------------------------------------------------
GET /bridge/info 1ms 200
GET /bridge/622/szria_m9/websocket 1ms (unfinished)
------------------------------------------------------------------------------------------------------
GET /bridge/544/ealmz9he/websocket 0ms (unfinished)
------------------------------------------------------------------------------------------------------
GET /bridge/info 0ms 200
------------------------------------------------------------------------------------------------------
GET /bridge/info 0ms 200
------------------------------------------------------------------------------------------------------
GET /bridge/588/6zt56au7/websocket 0ms (unfinished)
------------------------------------------------------------------------------------------------------
------------------------------------------------------------------------------------------------------
GET /bridge/514/spxf2q4u/websocket 0ms (unfinished)
GET /bridge/info 1ms 200
------------------------------------------------------------------------------------------------------
GET /bridge/info 0ms 200
------------------------------------------------------------------------------------------------------
GET /bridge/283/9lrsa4cc/websocket 2ms (unfinished)
------------------------------------------------------------------------------------------------------
GET /bridge/363/v0yinkfp/websocket 0ms (unfinished)
------------------------------------------------------------------------------------------------------
GET /bridge/info 1ms 200
------------------------------------------------------------------------------------------------------
GET /bridge/info 0ms 200
------------------------------------------------------------------------------------------------------
GET /bridge/863/37piwy9b/websocket 3ms (unfinished)
------------------------------------------------------------------------------------------------------
GET /bridge/741/ouajxcz0/websocket 0ms (unfinished)
------------------------------------------------------------------------------------------------------
GET /bridge/info 0ms 200
------------------------------------------------------------------------------------------------------
GET /bridge/info 0ms 200
------------------------------------------------------------------------------------------------------
GET /bridge/819/qhe5pjb2/websocket 0ms (unfinished)
------------------------------------------------------------------------------------------------------
GET /bridge/330/yykoq9uf/websocket 0ms (unfinished)
------------------------------------------------------------------------------------------------------
GET /bridge/info 1ms 200
------------------------------------------------------------------------------------------------------
GET /bridge/info 1ms 200
------------------------------------------------------------------------------------------------------
------------------------------------------------------------------------------------------------------
GET /bridge/327/mpcx50mn/websocket 0ms (unfinished)
GET /bridge/236/cd868jst/websocket 0ms (unfinished)
------------------------------------------------------------------------------------------------------
POST /bridge/690/6qr55fg9/xhr_send 3ms 204
------------------------------------------------------------------------------------------------------
------------------------------------------------------------------------------------------------------
GET /bridge/info 1ms 200
GET /bridge/info 0ms 200
------------------------------------------------------------------------------------------------------
GET /bridge/465/kbh_2fy1/websocket 0ms (unfinished)
------------------------------------------------------------------------------------------------------
------------------------------------------------------------------------------------------------------
GET /bridge/612/zdrctu8q/websocket 0ms (unfinished)
POST /bridge/465/5twigpjx/xhr_streaming 1ms (unfinished)
------------------------------------------------------------------------------------------------------
POST /bridge/612/ampxxk43/xhr_streaming 0ms (unfinished)
------------------------------------------------------------------------------------------------------
POST /bridge/465/5twigpjx/xhr_send 1ms 204
------------------------------------------------------------------------------------------------------
POST /bridge/612/ampxxk43/xhr_send 0ms 204
------------------------------------------------------------------------------------------------------
GET /bridge/info 3ms 200
------------------------------------------------------------------------------------------------------
------------------------------------------------------------------------------------------------------
GET /bridge/info 0ms 200
------------------------------------------------------------------------------------------------------
GET /bridge/227/7ed87m6v/websocket 2ms (unfinished)
GET /bridge/748/utity5k1/websocket 1ms (unfinished)
------------------------------------------------------------------------------------------------------
POST /bridge/227/2h41e6ee/xhr_streaming 1ms (unfinished)
------------------------------------------------------------------------------------------------------
POST /bridge/227/2h41e6ee/xhr_send 3ms 204
------------------------------------------------------------------------------------------------------
------------------------------------------------------------------------------------------------------
POST /bridge/748/g8nrnkaj/xhr_streaming 1ms (unfinished)
POST /bridge/748/g8nrnkaj/xhr_send 1ms 204
------------------------------------------------------------------------------------------------------
GET /bridge/info 1ms 200
------------------------------------------------------------------------------------------------------
GET /bridge/info 0ms 200
------------------------------------------------------------------------------------------------------
GET /bridge/490/uwbteew5/websocket 2ms (unfinished)
------------------------------------------------------------------------------------------------------
GET /bridge/781/howpqosh/websocket 0ms (unfinished)
------------------------------------------------------------------------------------------------------
GET /bridge/info 1ms 200
------------------------------------------------------------------------------------------------------
GET /bridge/info 0ms 200
------------------------------------------------------------------------------------------------------
------------------------------------------------------------------------------------------------------
GET /bridge/894/tqet2ro1/websocket 0ms (unfinished)
GET /bridge/417/yunp5egn/websocket 1ms (unfinished)
------------------------------------------------------------------------------------------------------
GET /bridge/info 0ms 200
------------------------------------------------------------------------------------------------------
------------------------------------------------------------------------------------------------------
GET /bridge/info 0ms 200
GET /bridge/618/9uxnizd1/websocket 0ms (unfinished)
------------------------------------------------------------------------------------------------------
GET /bridge/842/cnfp1_72/websocket 0ms (unfinished)
------------------------------------------------------------------------------------------------------
GET /bridge/info 0ms 200
------------------------------------------------------------------------------------------------------
GET /bridge/info 1ms 200
------------------------------------------------------------------------------------------------------
GET /bridge/984/ss4ld8qw/websocket 0ms (unfinished)
------------------------------------------------------------------------------------------------------
GET /bridge/136/70yd4p4i/websocket 0ms (unfinished)
------------------------------------------------------------------------------------------------------
GET /bridge/info 0ms 200
------------------------------------------------------------------------------------------------------
GET /bridge/info 0ms 200
------------------------------------------------------------------------------------------------------
GET /bridge/918/urgnwvu8/websocket 0ms (unfinished)
------------------------------------------------------------------------------------------------------
GET /bridge/809/6vee0tks/websocket 0ms (unfinished)
------------------------------------------------------------------------------------------------------
------------------------------------------------------------------------------------------------------
GET /bridge/info 0ms 200
------------------------------------------------------------------------------------------------------
GET /bridge/info 0ms 200
GET /bridge/731/uvaljcvq/websocket 1ms (unfinished)
------------------------------------------------------------------------------------------------------
GET /bridge/562/49b4gzz6/websocket 0ms (unfinished)
------------------------------------------------------------------------------------------------------
GET /bridge/info 1ms 200
------------------------------------------------------------------------------------------------------
GET /bridge/info 1ms 200
------------------------------------------------------------------------------------------------------
GET /bridge/412/g72yd5nd/websocket 1ms (unfinished)
------------------------------------------------------------------------------------------------------
GET /bridge/090/905iukq2/websocket 0ms (unfinished)
------------------------------------------------------------------------------------------------------
GET /bridge/info 2ms 200
------------------------------------------------------------------------------------------------------
------------------------------------------------------------------------------------------------------
GET /bridge/info 1ms 200
------------------------------------------------------------------------------------------------------
GET /bridge/977/cqag6u3d/websocket 2ms (unfinished)
GET /bridge/112/0mqitg1g/websocket 1ms (unfinished)
------------------------------------------------------------------------------------------------------
GET /bridge/info 0ms 200
------------------------------------------------------------------------------------------------------
GET /bridge/info 1ms 200
------------------------------------------------------------------------------------------------------
GET /bridge/896/c7reb3iu/websocket 0ms (unfinished)
------------------------------------------------------------------------------------------------------
GET /bridge/034/fg4v1aeq/websocket 1ms (unfinished)
------------------------------------------------------------------------------------------------------
GET /bridge/info 1ms 200
------------------------------------------------------------------------------------------------------
------------------------------------------------------------------------------------------------------
GET /bridge/info 1ms 200
GET /bridge/172/ejsl_w8z/websocket 1ms (unfinished)
------------------------------------------------------------------------------------------------------
GET /bridge/566/m38csnm4/websocket 0ms (unfinished)
------------------------------------------------------------------------------------------------------
POST /bridge/172/9w7oihrl/xhr_streaming 1ms (unfinished)
------------------------------------------------------------------------------------------------------
------------------------------------------------------------------------------------------------------
POST /bridge/172/9w7oihrl/xhr_send 4ms 204
POST /bridge/566/d7p45ylh/xhr_streaming 0ms (unfinished)
------------------------------------------------------------------------------------------------------
GET /bridge/info 1ms 200
------------------------------------------------------------------------------------------------------
------------------------------------------------------------------------------------------------------
GET /bridge/info 0ms 200
GET /bridge/523/kj374wrv/websocket 1ms (unfinished)
------------------------------------------------------------------------------------------------------
GET /bridge/572/keow4ly_/websocket 1ms (unfinished)
------------------------------------------------------------------------------------------------------
GET /bridge/info 0ms 200
------------------------------------------------------------------------------------------------------
------------------------------------------------------------------------------------------------------
GET /bridge/info 0ms 200
GET /bridge/925/50o5yzhm/websocket 1ms (unfinished)
------------------------------------------------------------------------------------------------------
------------------------------------------------------------------------------------------------------
GET /bridge/763/69qfzwso/websocket 0ms (unfinished)
GET /bridge/info 1ms 200
------------------------------------------------------------------------------------------------------
------------------------------------------------------------------------------------------------------
GET /bridge/info 1ms 200
GET /bridge/647/nipvq5w9/websocket 0ms (unfinished)
------------------------------------------------------------------------------------------------------
GET /bridge/669/c9t0rb8n/websocket 1ms (unfinished)
------------------------------------------------------------------------------------------------------
------------------------------------------------------------------------------------------------------
GET /bridge/info 1ms 200
------------------------------------------------------------------------------------------------------
GET /bridge/info 1ms 200
GET /bridge/707/byi2n6mi/websocket 0ms (unfinished)
------------------------------------------------------------------------------------------------------
GET /bridge/519/pm2m7_2n/websocket 0ms (unfinished)
------------------------------------------------------------------------------------------------------
------------------------------------------------------------------------------------------------------
03,03,2022,09,00
03,03,2022,09,00
------------------------------------------------------------------------------------------------------
GET /bridge/info 1ms 200
------------------------------------------------------------------------------------------------------
GET /bridge/info 1ms 200
------------------------------------------------------------------------------------------------------
GET /bridge/365/_jofy39b/websocket 0ms (unfinished)
------------------------------------------------------------------------------------------------------
GET /bridge/366/rttgi3wy/websocket 0ms (unfinished)
------------------------------------------------------------------------------------------------------
POST /bridge/366/4oplm77m/xhr_streaming 1ms (unfinished)
------------------------------------------------------------------------------------------------------
POST /bridge/365/jx1paw9r/xhr_streaming 0ms (unfinished)
------------------------------------------------------------------------------------------------------
Exception on "POST /bridge/366/4oplm77m/xhr_send" in filter "xhr_send":
RangeError [ERR_SOCKET_BAD_PORT]: Port should be >= 0 and < 65536. Received .
    at validatePort (internal/validators.js:211:11)
    at lookupAndConnect (net.js:1000:5)
    at Socket.connect (net.js:976:5)
    at new module.exports.Socket (C:\Nitrogen\NitroWEB\www\js\lib\webtcp\server\socket.js:67:15)
    at module.exports.WebTCP.dispatch (C:\Nitrogen\NitroWEB\www\js\lib\webtcp\server\webtcp.js:37:40)
    at SockJSConnection.<anonymous> (C:\Nitrogen\NitroWEB\www\js\lib\webtcp\server\webtcp.js:25:12)
    at SockJSConnection.emit (events.js:376:20)
    at Session.didMessage (C:\Nitrogen\NitroWEB\node_modules\sockjs\lib\transport.js:246:25)
    at App.xhr_send (C:\Nitrogen\NitroWEB\node_modules\sockjs\lib\trans-xhr.js:81:15)
    at execute_request (C:\Nitrogen\NitroWEB\node_modules\sockjs\lib\webjs.js:22:37)
------------------------------------------------------------------------------------------------------
POST /bridge/366/4oplm77m/xhr_send 3ms 500
------------------------------------------------------------------------------------------------------
Exception on "POST /bridge/365/jx1paw9r/xhr_send" in filter "xhr_send":
RangeError [ERR_SOCKET_BAD_PORT]: Port should be >= 0 and < 65536. Received .
    at validatePort (internal/validators.js:211:11)
    at lookupAndConnect (net.js:1000:5)
    at Socket.connect (net.js:976:5)
    at new module.exports.Socket (C:\Nitrogen\NitroWEB\www\js\lib\webtcp\server\socket.js:67:15)
    at module.exports.WebTCP.dispatch (C:\Nitrogen\NitroWEB\www\js\lib\webtcp\server\webtcp.js:37:40)
    at SockJSConnection.<anonymous> (C:\Nitrogen\NitroWEB\www\js\lib\webtcp\server\webtcp.js:25:12)
    at SockJSConnection.emit (events.js:376:20)
    at Session.didMessage (C:\Nitrogen\NitroWEB\node_modules\sockjs\lib\transport.js:246:25)
    at App.xhr_send (C:\Nitrogen\NitroWEB\node_modules\sockjs\lib\trans-xhr.js:81:15)
    at execute_request (C:\Nitrogen\NitroWEB\node_modules\sockjs\lib\webjs.js:22:37)
POST /bridge/365/jx1paw9r/xhr_send 2ms 500
------------------------------------------------------------------------------------------------------
------------------------------------------------------------------------------------------------------
03,03,2022,09,00
03,03,2022,09,00
------------------------------------------------------------------------------------------------------
------------------------------------------------------------------------------------------------------
------------------------------------------------------------------------------------------------------
GET /bridge/info 0ms 200
GET /bridge/info 0ms 200
------------------------------------------------------------------------------------------------------
GET /bridge/794/bm7964fs/websocket 0ms (unfinished)
------------------------------------------------------------------------------------------------------
------------------------------------------------------------------------------------------------------
GET /bridge/470/o7e00hg6/websocket 0ms (unfinished)
POST /bridge/794/k9t1r5s_/xhr_streaming 0ms (unfinished)
------------------------------------------------------------------------------------------------------
Exception on "POST /bridge/794/k9t1r5s_/xhr_send" in filter "xhr_send":
RangeError [ERR_SOCKET_BAD_PORT]: Port should be >= 0 and < 65536. Received .
    at validatePort (internal/validators.js:211:11)
    at lookupAndConnect (net.js:1000:5)
    at Socket.connect (net.js:976:5)
    at new module.exports.Socket (C:\Nitrogen\NitroWEB\www\js\lib\webtcp\server\socket.js:67:15)
    at module.exports.WebTCP.dispatch (C:\Nitrogen\NitroWEB\www\js\lib\webtcp\server\webtcp.js:37:40)
    at SockJSConnection.<anonymous> (C:\Nitrogen\NitroWEB\www\js\lib\webtcp\server\webtcp.js:25:12)
    at SockJSConnection.emit (events.js:376:20)
    at Session.didMessage (C:\Nitrogen\NitroWEB\node_modules\sockjs\lib\transport.js:246:25)
    at App.xhr_send (C:\Nitrogen\NitroWEB\node_modules\sockjs\lib\trans-xhr.js:81:15)
    at execute_request (C:\Nitrogen\NitroWEB\node_modules\sockjs\lib\webjs.js:22:37)
------------------------------------------------------------------------------------------------------
------------------------------------------------------------------------------------------------------
------------------------------------------------------------------------------------------------------
POST /bridge/470/vlw9rwdz/xhr_streaming 1ms (unfinished)
POST /bridge/794/k9t1r5s_/xhr_send 1ms 500
Exception on "POST /bridge/470/vlw9rwdz/xhr_send" in filter "xhr_send":
RangeError [ERR_SOCKET_BAD_PORT]: Port should be >= 0 and < 65536. Received .
    at validatePort (internal/validators.js:211:11)
    at lookupAndConnect (net.js:1000:5)
    at Socket.connect (net.js:976:5)
    at new module.exports.Socket (C:\Nitrogen\NitroWEB\www\js\lib\webtcp\server\socket.js:67:15)
    at module.exports.WebTCP.dispatch (C:\Nitrogen\NitroWEB\www\js\lib\webtcp\server\webtcp.js:37:40)
    at SockJSConnection.<anonymous> (C:\Nitrogen\NitroWEB\www\js\lib\webtcp\server\webtcp.js:25:12)
    at SockJSConnection.emit (events.js:376:20)
    at Session.didMessage (C:\Nitrogen\NitroWEB\node_modules\sockjs\lib\transport.js:246:25)
    at App.xhr_send (C:\Nitrogen\NitroWEB\node_modules\sockjs\lib\trans-xhr.js:81:15)
    at execute_request (C:\Nitrogen\NitroWEB\node_modules\sockjs\lib\webjs.js:22:37)
------------------------------------------------------------------------------------------------------
POST /bridge/470/vlw9rwdz/xhr_send 2ms 500
------------------------------------------------------------------------------------------------------
GET /bridge/info 0ms 200
------------------------------------------------------------------------------------------------------
------------------------------------------------------------------------------------------------------
GET /bridge/info 1ms 200
GET /bridge/138/0snshqqa/websocket 0ms (unfinished)
------------------------------------------------------------------------------------------------------
GET /bridge/576/sl86pncs/websocket 0ms (unfinished)
------------------------------------------------------------------------------------------------------
------------------------------------------------------------------------------------------------------
POST /bridge/138/39g899pz/xhr_streaming 0ms (unfinished)
Exception on "POST /bridge/138/39g899pz/xhr_send" in filter "xhr_send":
RangeError [ERR_SOCKET_BAD_PORT]: Port should be >= 0 and < 65536. Received .
    at validatePort (internal/validators.js:211:11)
    at lookupAndConnect (net.js:1000:5)
    at Socket.connect (net.js:976:5)
    at new module.exports.Socket (C:\Nitrogen\NitroWEB\www\js\lib\webtcp\server\socket.js:67:15)
    at module.exports.WebTCP.dispatch (C:\Nitrogen\NitroWEB\www\js\lib\webtcp\server\webtcp.js:37:40)
    at SockJSConnection.<anonymous> (C:\Nitrogen\NitroWEB\www\js\lib\webtcp\server\webtcp.js:25:12)
    at SockJSConnection.emit (events.js:376:20)
    at Session.didMessage (C:\Nitrogen\NitroWEB\node_modules\sockjs\lib\transport.js:246:25)
    at App.xhr_send (C:\Nitrogen\NitroWEB\node_modules\sockjs\lib\trans-xhr.js:81:15)
    at execute_request (C:\Nitrogen\NitroWEB\node_modules\sockjs\lib\webjs.js:22:37)
------------------------------------------------------------------------------------------------------
------------------------------------------------------------------------------------------------------
POST /bridge/138/39g899pz/xhr_send 1ms 500
POST /bridge/576/z78ntwpj/xhr_streaming 1ms (unfinished)
------------------------------------------------------------------------------------------------------
Exception on "POST /bridge/576/z78ntwpj/xhr_send" in filter "xhr_send":
RangeError [ERR_SOCKET_BAD_PORT]: Port should be >= 0 and < 65536. Received .
    at validatePort (internal/validators.js:211:11)
    at lookupAndConnect (net.js:1000:5)
    at Socket.connect (net.js:976:5)
    at new module.exports.Socket (C:\Nitrogen\NitroWEB\www\js\lib\webtcp\server\socket.js:67:15)
    at module.exports.WebTCP.dispatch (C:\Nitrogen\NitroWEB\www\js\lib\webtcp\server\webtcp.js:37:40)
    at SockJSConnection.<anonymous> (C:\Nitrogen\NitroWEB\www\js\lib\webtcp\server\webtcp.js:25:12)
    at SockJSConnection.emit (events.js:376:20)
    at Session.didMessage (C:\Nitrogen\NitroWEB\node_modules\sockjs\lib\transport.js:246:25)
    at App.xhr_send (C:\Nitrogen\NitroWEB\node_modules\sockjs\lib\trans-xhr.js:81:15)
    at execute_request (C:\Nitrogen\NitroWEB\node_modules\sockjs\lib\webjs.js:22:37)
------------------------------------------------------------------------------------------------------
POST /bridge/576/z78ntwpj/xhr_send 1ms 500
------------------------------------------------------------------------------------------------------
GET /bridge/info 1ms 200
------------------------------------------------------------------------------------------------------
------------------------------------------------------------------------------------------------------
GET /bridge/info 0ms 200
GET /bridge/081/e4ptng76/websocket 0ms (unfinished)
------------------------------------------------------------------------------------------------------
GET /bridge/940/0j75ozsy/websocket 0ms (unfinished)
------------------------------------------------------------------------------------------------------
------------------------------------------------------------------------------------------------------
POST /bridge/940/nwhl5etx/xhr_streaming 0ms (unfinished)
POST /bridge/081/7qmi2z23/xhr_streaming 0ms (unfinished)
------------------------------------------------------------------------------------------------------
GET /bridge/info 0ms 200
------------------------------------------------------------------------------------------------------
GET /bridge/info 0ms 200
------------------------------------------------------------------------------------------------------
GET /bridge/729/45u7s854/websocket 0ms (unfinished)
------------------------------------------------------------------------------------------------------
GET /bridge/755/v99w14gx/websocket 0ms (unfinished)
------------------------------------------------------------------------------------------------------
GET /bridge/info 0ms 200
------------------------------------------------------------------------------------------------------
------------------------------------------------------------------------------------------------------
GET /bridge/info 1ms 200
------------------------------------------------------------------------------------------------------
GET /bridge/866/45y38x04/websocket 0ms (unfinished)
GET /bridge/003/3s5ehqur/websocket 0ms (unfinished)
------------------------------------------------------------------------------------------------------
GET /bridge/info 0ms 200
------------------------------------------------------------------------------------------------------
GET /bridge/info 1ms 200
------------------------------------------------------------------------------------------------------
GET /bridge/042/9dipwyh8/websocket 0ms (unfinished)
------------------------------------------------------------------------------------------------------
GET /bridge/907/fsyprf22/websocket 0ms (unfinished)
------------------------------------------------------------------------------------------------------
GET /bridge/info 1ms 200
------------------------------------------------------------------------------------------------------
GET /bridge/info 1ms 200
------------------------------------------------------------------------------------------------------
GET /bridge/606/6721su6p/websocket 0ms (unfinished)
------------------------------------------------------------------------------------------------------
GET /bridge/275/3b7v98lw/websocket 0ms (unfinished)
------------------------------------------------------------------------------------------------------
GET /bridge/info 0ms 200
------------------------------------------------------------------------------------------------------
------------------------------------------------------------------------------------------------------
GET /bridge/info 1ms 200
GET /bridge/242/tfxli585/websocket 0ms (unfinished)
------------------------------------------------------------------------------------------------------
------------------------------------------------------------------------------------------------------
GET /bridge/213/o7_zn6c8/websocket 0ms (unfinished)
------------------------------------------------------------------------------------------------------
GET /bridge/info 0ms 200
GET /bridge/info 0ms 200
------------------------------------------------------------------------------------------------------
------------------------------------------------------------------------------------------------------
GET /bridge/190/_hb8zedr/websocket 0ms (unfinished)
GET /bridge/718/j8k51y0j/websocket 1ms (unfinished)
------------------------------------------------------------------------------------------------------
------------------------------------------------------------------------------------------------------
GET /bridge/info 1ms 200
GET /bridge/info 0ms 200
------------------------------------------------------------------------------------------------------
GET /bridge/576/qcgpelda/websocket 1ms (unfinished)
------------------------------------------------------------------------------------------------------
------------------------------------------------------------------------------------------------------
GET /bridge/116/wzk3erxi/websocket 0ms (unfinished)
------------------------------------------------------------------------------------------------------
GET /bridge/info 0ms 200
GET /bridge/info 1ms 200
------------------------------------------------------------------------------------------------------
------------------------------------------------------------------------------------------------------
GET /bridge/346/cnssjgpu/websocket 0ms (unfinished)
------------------------------------------------------------------------------------------------------
GET /bridge/208/2e0vmrib/websocket 0ms (unfinished)
------------------------------------------------------------------------------------------------------
GET /bridge/info 1ms 200
GET /bridge/info 0ms 200
------------------------------------------------------------------------------------------------------
GET /bridge/500/_rm2go5g/websocket 0ms (unfinished)
------------------------------------------------------------------------------------------------------
GET /bridge/915/45yeafrc/websocket 1ms (unfinished)
------------------------------------------------------------------------------------------------------
GET /bridge/info 0ms 200
------------------------------------------------------------------------------------------------------
GET /bridge/info 0ms 200
------------------------------------------------------------------------------------------------------
GET /bridge/380/sl2xjgwr/websocket 0ms (unfinished)
------------------------------------------------------------------------------------------------------
GET /bridge/351/wq9hfigv/websocket 0ms (unfinished)
------------------------------------------------------------------------------------------------------
GET /bridge/info 1ms 200
------------------------------------------------------------------------------------------------------
GET /bridge/info 0ms 200
------------------------------------------------------------------------------------------------------
------------------------------------------------------------------------------------------------------
GET /bridge/818/5oertv9m/websocket 3ms (unfinished)
------------------------------------------------------------------------------------------------------
GET /bridge/807/6qfkljk1/websocket 0ms (unfinished)
GET /bridge/info 1ms 200
------------------------------------------------------------------------------------------------------
GET /bridge/info 0ms 200
------------------------------------------------------------------------------------------------------
GET /bridge/975/qrttd67g/websocket 0ms (unfinished)
------------------------------------------------------------------------------------------------------
GET /bridge/048/xfjrb1ym/websocket 1ms (unfinished)
------------------------------------------------------------------------------------------------------
------------------------------------------------------------------------------------------------------
GET /bridge/info 1ms 200
GET /bridge/info 0ms 200
------------------------------------------------------------------------------------------------------
GET /bridge/311/q_zbzslr/websocket 1ms (unfinished)
------------------------------------------------------------------------------------------------------
GET /bridge/783/jokznmg2/websocket 1ms (unfinished)
------------------------------------------------------------------------------------------------------
------------------------------------------------------------------------------------------------------
GET /bridge/info 1ms 200
GET /bridge/info 1ms 200
------------------------------------------------------------------------------------------------------
GET /bridge/502/5lt2gb6q/websocket 0ms (unfinished)
------------------------------------------------------------------------------------------------------
GET /bridge/739/9nj690my/websocket 1ms (unfinished)
------------------------------------------------------------------------------------------------------
GET /bridge/info 1ms 200
------------------------------------------------------------------------------------------------------
GET /bridge/info 1ms 200
------------------------------------------------------------------------------------------------------
GET /bridge/371/517m73uv/websocket 0ms (unfinished)
------------------------------------------------------------------------------------------------------
GET /bridge/259/21eeokur/websocket 0ms (unfinished)
------------------------------------------------------------------------------------------------------
GET /bridge/info 1ms 200
------------------------------------------------------------------------------------------------------
GET /bridge/info 0ms 200
------------------------------------------------------------------------------------------------------
------------------------------------------------------------------------------------------------------
GET /bridge/562/6r8bpx1e/websocket 0ms (unfinished)
GET /bridge/845/j22ead7n/websocket 0ms (unfinished)
------------------------------------------------------------------------------------------------------
GET /bridge/info 1ms 200
------------------------------------------------------------------------------------------------------
GET /bridge/info 0ms 200
------------------------------------------------------------------------------------------------------
GET /bridge/623/2wuh98ni/websocket 2ms (unfinished)
------------------------------------------------------------------------------------------------------
GET /bridge/284/gy06qq3t/websocket 1ms (unfinished)
------------------------------------------------------------------------------------------------------
GET /bridge/info 0ms 200
------------------------------------------------------------------------------------------------------
GET /bridge/info 0ms 200
------------------------------------------------------------------------------------------------------
GET /bridge/521/92g1c7_9/websocket 0ms (unfinished)
------------------------------------------------------------------------------------------------------
GET /bridge/204/ko7b1ma9/websocket 0ms (unfinished)
------------------------------------------------------------------------------------------------------
GET /bridge/info 0ms 200
------------------------------------------------------------------------------------------------------
GET /bridge/info 0ms 200
------------------------------------------------------------------------------------------------------
GET /bridge/785/tfzlxwzv/websocket 0ms (unfinished)
------------------------------------------------------------------------------------------------------
GET /bridge/195/9utvhg_c/websocket 0ms (unfinished)
------------------------------------------------------------------------------------------------------
GET /bridge/info 0ms 200
------------------------------------------------------------------------------------------------------
GET /bridge/info 0ms 200
------------------------------------------------------------------------------------------------------
GET /bridge/132/qhgpbvnt/websocket 0ms (unfinished)
------------------------------------------------------------------------------------------------------
------------------------------------------------------------------------------------------------------
GET /bridge/520/var3k28x/websocket 0ms (unfinished)
------------------------------------------------------------------------------------------------------
GET /bridge/info 1ms 200
GET /bridge/info 1ms 200
------------------------------------------------------------------------------------------------------
GET /bridge/110/1irvqnvx/websocket 2ms (unfinished)
------------------------------------------------------------------------------------------------------
GET /bridge/288/ysqlwldk/websocket 0ms (unfinished)
------------------------------------------------------------------------------------------------------
GET /bridge/info 1ms 200
------------------------------------------------------------------------------------------------------
------------------------------------------------------------------------------------------------------
GET /bridge/info 0ms 200
GET /bridge/506/bvybm21a/websocket 1ms (unfinished)
------------------------------------------------------------------------------------------------------
GET /bridge/653/2zt74gp4/websocket 0ms (unfinished)
------------------------------------------------------------------------------------------------------
------------------------------------------------------------------------------------------------------
GET /bridge/info 0ms 200
GET /bridge/info 1ms 200
------------------------------------------------------------------------------------------------------
------------------------------------------------------------------------------------------------------
GET /bridge/020/oeihj46g/websocket 1ms (unfinished)
GET /bridge/713/jk9df3gm/websocket 0ms (unfinished)
------------------------------------------------------------------------------------------------------
GET /bridge/info 0ms 200
------------------------------------------------------------------------------------------------------
GET /bridge/info 0ms 200
------------------------------------------------------------------------------------------------------
GET /bridge/654/ykeiuu0t/websocket 0ms (unfinished)
------------------------------------------------------------------------------------------------------
GET /bridge/273/0u4eitv2/websocket 0ms (unfinished)
------------------------------------------------------------------------------------------------------
GET /bridge/info 0ms 200
------------------------------------------------------------------------------------------------------
GET /bridge/info 0ms 200
------------------------------------------------------------------------------------------------------
GET /bridge/044/94d9rkjr/websocket 1ms (unfinished)
------------------------------------------------------------------------------------------------------
GET /bridge/991/vpys5yx9/websocket 1ms (unfinished)
------------------------------------------------------------------------------------------------------
GET /bridge/info 1ms 200
------------------------------------------------------------------------------------------------------
GET /bridge/info 0ms 200
------------------------------------------------------------------------------------------------------
------------------------------------------------------------------------------------------------------
GET /bridge/291/8wfa1sab/websocket 0ms (unfinished)
------------------------------------------------------------------------------------------------------
GET /bridge/780/qxdctf7r/websocket 0ms (unfinished)
GET /bridge/info 0ms 200
------------------------------------------------------------------------------------------------------
------------------------------------------------------------------------------------------------------
GET /bridge/info 0ms 200
GET /bridge/038/a6i_b1vq/websocket 0ms (unfinished)
------------------------------------------------------------------------------------------------------
GET /bridge/872/rqie55l3/websocket 0ms (unfinished)
------------------------------------------------------------------------------------------------------
GET /bridge/info 0ms 200
------------------------------------------------------------------------------------------------------
GET /bridge/info 0ms 200
------------------------------------------------------------------------------------------------------
------------------------------------------------------------------------------------------------------
GET /bridge/012/0prockzn/websocket 0ms (unfinished)
------------------------------------------------------------------------------------------------------
GET /bridge/994/isqs7na1/websocket 0ms (unfinished)
GET /bridge/info 0ms 200
------------------------------------------------------------------------------------------------------
------------------------------------------------------------------------------------------------------
GET /bridge/289/9jbdjyg9/websocket 0ms (unfinished)
GET /bridge/info 0ms 200
------------------------------------------------------------------------------------------------------
GET /bridge/576/nzkf77er/websocket 0ms (unfinished)
------------------------------------------------------------------------------------------------------
GET /bridge/info 0ms 200
------------------------------------------------------------------------------------------------------
GET /bridge/info 0ms 200
------------------------------------------------------------------------------------------------------
GET /bridge/561/ietsrsgu/websocket 0ms (unfinished)
------------------------------------------------------------------------------------------------------
------------------------------------------------------------------------------------------------------
GET /bridge/072/so_awe9q/websocket 0ms (unfinished)
GET /bridge/info 1ms 200
------------------------------------------------------------------------------------------------------
GET /bridge/info 1ms 200
------------------------------------------------------------------------------------------------------
GET /bridge/903/ocevk_u4/websocket 1ms (unfinished)
------------------------------------------------------------------------------------------------------
GET /bridge/818/kdyftj7o/websocket 0ms (unfinished)
------------------------------------------------------------------------------------------------------
GET /bridge/info 1ms 200
------------------------------------------------------------------------------------------------------
GET /bridge/info 0ms 200
------------------------------------------------------------------------------------------------------
------------------------------------------------------------------------------------------------------
GET /bridge/592/spw_0u3o/websocket 1ms (unfinished)
GET /bridge/996/_zep6u17/websocket 0ms (unfinished)
------------------------------------------------------------------------------------------------------
POST /bridge/081/7qmi2z23/xhr_send 2ms 404
------------------------------------------------------------------------------------------------------
GET /bridge/info 0ms 200
------------------------------------------------------------------------------------------------------
GET /bridge/info 1ms 200
------------------------------------------------------------------------------------------------------
GET /bridge/791/63h_j4ra/websocket 1ms (unfinished)
------------------------------------------------------------------------------------------------------
GET /bridge/993/h_3x5ta0/websocket 0ms (unfinished)
------------------------------------------------------------------------------------------------------
------------------------------------------------------------------------------------------------------
GET /bridge/info 0ms 200
GET /bridge/info 0ms 200
------------------------------------------------------------------------------------------------------
GET /bridge/440/3qiy6x_9/websocket 0ms (unfinished)
------------------------------------------------------------------------------------------------------
GET /bridge/681/hknclxci/websocket 0ms (unfinished)
------------------------------------------------------------------------------------------------------
GET /bridge/info 0ms 200
------------------------------------------------------------------------------------------------------
GET /bridge/554/_q7scdd8/websocket 1ms (unfinished)
------------------------------------------------------------------------------------------------------
GET /bridge/info 1ms 200
------------------------------------------------------------------------------------------------------
------------------------------------------------------------------------------------------------------
GET /bridge/385/gka5bdu4/websocket 0ms (unfinished)
GET /bridge/info 1ms 200
------------------------------------------------------------------------------------------------------
GET /bridge/052/swtckxmz/websocket 0ms (unfinished)
------------------------------------------------------------------------------------------------------
GET /bridge/info 0ms 200
------------------------------------------------------------------------------------------------------
GET /bridge/216/vlwyh7oi/websocket 0ms (unfinished)
------------------------------------------------------------------------------------------------------
GET /bridge/info 0ms 200
------------------------------------------------------------------------------------------------------
GET /bridge/475/1bub03ej/websocket 0ms (unfinished)
------------------------------------------------------------------------------------------------------
GET /bridge/info 0ms 200
------------------------------------------------------------------------------------------------------
GET /bridge/699/ge2kiy_f/websocket 0ms (unfinished)
------------------------------------------------------------------------------------------------------
GET /bridge/info 1ms 200
------------------------------------------------------------------------------------------------------
------------------------------------------------------------------------------------------------------
GET /bridge/info 1ms 200
GET /bridge/525/ma0vyu9q/websocket 0ms (unfinished)
------------------------------------------------------------------------------------------------------
GET /bridge/655/5io5qq23/websocket 0ms (unfinished)
------------------------------------------------------------------------------------------------------
------------------------------------------------------------------------------------------------------
GET /bridge/info 1ms 200
GET /bridge/info 1ms 200
------------------------------------------------------------------------------------------------------
GET /bridge/326/y8usfovv/websocket 1ms (unfinished)
------------------------------------------------------------------------------------------------------
GET /bridge/926/7ew1425j/websocket 0ms (unfinished)
------------------------------------------------------------------------------------------------------
POST /bridge/566/d7p45ylh/xhr_send 3ms 204
------------------------------------------------------------------------------------------------------
POST /bridge/535/6bh5zag5/xhr_send 1ms 404
------------------------------------------------------------------------------------------------------
