------------------------------------------------------------------------------------------------------
GET /bridge/info 1ms 200
GET /bridge/info 0ms 200
------------------------------------------------------------------------------------------------------
GET /bridge/416/j3a_4mfb/websocket 2ms (unfinished)
------------------------------------------------------------------------------------------------------
GET /bridge/613/5c7rhbb_/websocket 0ms (unfinished)
------------------------------------------------------------------------------------------------------
------------------------------------------------------------------------------------------------------
POST /bridge/416/hq8yj61x/xhr_streaming 1ms (unfinished)
------------------------------------------------------------------------------------------------------
POST /bridge/416/hq8yj61x/xhr_send 5ms 204
POST /bridge/613/av0gcdzs/xhr_streaming 1ms (unfinished)
------------------------------------------------------------------------------------------------------
------------------------------------------------------------------------------------------------------
POST /bridge/613/av0gcdzs/xhr_send 1ms 204
GET /bridge/info 1ms 200
------------------------------------------------------------------------------------------------------
GET /bridge/info 1ms 200
------------------------------------------------------------------------------------------------------
GET /bridge/835/wfcu83pk/websocket 2ms (unfinished)
------------------------------------------------------------------------------------------------------
------------------------------------------------------------------------------------------------------
GET /bridge/184/qu99r8ga/websocket 0ms (unfinished)
POST /bridge/835/exzw27vu/xhr_streaming 2ms (unfinished)
------------------------------------------------------------------------------------------------------
------------------------------------------------------------------------------------------------------
POST /bridge/835/exzw27vu/xhr_send 3ms 204
POST /bridge/184/3q7snghy/xhr_streaming 0ms (unfinished)
------------------------------------------------------------------------------------------------------
POST /bridge/184/3q7snghy/xhr_send 1ms 204
------------------------------------------------------------------------------------------------------
GET /bridge/info 1ms 200
------------------------------------------------------------------------------------------------------
GET /bridge/info 0ms 200
------------------------------------------------------------------------------------------------------
GET /bridge/870/ksjq787d/websocket 0ms (unfinished)
------------------------------------------------------------------------------------------------------
GET /bridge/610/fht3730r/websocket 0ms (unfinished)
------------------------------------------------------------------------------------------------------
POST /bridge/870/d2iyb5ot/xhr_streaming 0ms (unfinished)
------------------------------------------------------------------------------------------------------
------------------------------------------------------------------------------------------------------
POST /bridge/870/d2iyb5ot/xhr_send 1ms 204
------------------------------------------------------------------------------------------------------
POST /bridge/610/q6_pc77q/xhr_streaming 1ms (unfinished)
POST /bridge/610/q6_pc77q/xhr_send 1ms 204
------------------------------------------------------------------------------------------------------
GET /bridge/info 0ms 200
------------------------------------------------------------------------------------------------------
GET /bridge/info 0ms 200
------------------------------------------------------------------------------------------------------
GET /bridge/610/yfjnrbow/websocket 1ms (unfinished)
------------------------------------------------------------------------------------------------------
GET /bridge/973/ix3l324h/websocket 0ms (unfinished)
------------------------------------------------------------------------------------------------------
POST /bridge/610/ixowrx_h/xhr_streaming 1ms (unfinished)
------------------------------------------------------------------------------------------------------
------------------------------------------------------------------------------------------------------
POST /bridge/610/ixowrx_h/xhr_send 1ms 204
POST /bridge/973/mhhrem7j/xhr_streaming 1ms (unfinished)
------------------------------------------------------------------------------------------------------
------------------------------------------------------------------------------------------------------
GET /bridge/info 0ms 200
GET /bridge/info 0ms 200
------------------------------------------------------------------------------------------------------
GET /bridge/354/osj3y3el/websocket 0ms (unfinished)
------------------------------------------------------------------------------------------------------
GET /bridge/703/yjrpr_df/websocket 1ms (unfinished)
------------------------------------------------------------------------------------------------------
GET /bridge/info 1ms 200
------------------------------------------------------------------------------------------------------
GET /bridge/info 0ms 200
------------------------------------------------------------------------------------------------------
------------------------------------------------------------------------------------------------------
GET /bridge/358/59bmooxp/websocket 1ms (unfinished)
GET /bridge/234/6aww_b18/websocket 1ms (unfinished)
------------------------------------------------------------------------------------------------------
GET /bridge/info 1ms 200
------------------------------------------------------------------------------------------------------
GET /bridge/info 0ms 200
------------------------------------------------------------------------------------------------------
------------------------------------------------------------------------------------------------------
GET /bridge/820/8cfn_pg7/websocket 0ms (unfinished)
GET /bridge/045/1sf_mntf/websocket 0ms (unfinished)
------------------------------------------------------------------------------------------------------
POST /bridge/820/912qfgxk/xhr_streaming 0ms (unfinished)
------------------------------------------------------------------------------------------------------
POST /bridge/820/912qfgxk/xhr_send 1ms 204
------------------------------------------------------------------------------------------------------
POST /bridge/045/bi62v38a/xhr_streaming 0ms (unfinished)
------------------------------------------------------------------------------------------------------
POST /bridge/045/bi62v38a/xhr_send 1ms 204
------------------------------------------------------------------------------------------------------
------------------------------------------------------------------------------------------------------
GET /bridge/info 1ms 200
GET /bridge/info 1ms 200
------------------------------------------------------------------------------------------------------
GET /bridge/703/yqb16sl1/websocket 0ms (unfinished)
------------------------------------------------------------------------------------------------------
GET /bridge/107/v5s3yc5d/websocket 0ms (unfinished)
------------------------------------------------------------------------------------------------------
POST /bridge/703/022clvg5/xhr_streaming 1ms (unfinished)
------------------------------------------------------------------------------------------------------
POST /bridge/703/022clvg5/xhr_send 1ms 204
------------------------------------------------------------------------------------------------------
POST /bridge/107/e1iet898/xhr_streaming 1ms (unfinished)
------------------------------------------------------------------------------------------------------
POST /bridge/107/e1iet898/xhr_send 1ms 204
------------------------------------------------------------------------------------------------------
GET /bridge/info 0ms 200
------------------------------------------------------------------------------------------------------
GET /bridge/info 0ms 200
------------------------------------------------------------------------------------------------------
GET /bridge/109/__5j_bal/websocket 0ms (unfinished)
------------------------------------------------------------------------------------------------------
GET /bridge/515/e4yi0hdi/websocket 0ms (unfinished)
------------------------------------------------------------------------------------------------------
POST /bridge/109/dacxl4pw/xhr_streaming 0ms (unfinished)
------------------------------------------------------------------------------------------------------
POST /bridge/109/dacxl4pw/xhr_send 2ms 204
------------------------------------------------------------------------------------------------------
POST /bridge/515/9n3anxgn/xhr_streaming 0ms (unfinished)
------------------------------------------------------------------------------------------------------
GET /bridge/info 1ms 200
------------------------------------------------------------------------------------------------------
------------------------------------------------------------------------------------------------------
GET /bridge/info 0ms 200
GET /bridge/894/31g9b30d/websocket 2ms (unfinished)
------------------------------------------------------------------------------------------------------
GET /bridge/758/424e_7aw/websocket 0ms (unfinished)
------------------------------------------------------------------------------------------------------
GET /bridge/info 1ms 200
------------------------------------------------------------------------------------------------------
GET /bridge/info 0ms 200
------------------------------------------------------------------------------------------------------
GET /bridge/533/1ogcbxi4/websocket 0ms (unfinished)
------------------------------------------------------------------------------------------------------
GET /bridge/860/u3f8scsm/websocket 0ms (unfinished)
------------------------------------------------------------------------------------------------------
GET /bridge/info 1ms 200
------------------------------------------------------------------------------------------------------
GET /bridge/334/5z4szzfm/websocket 3ms (unfinished)
------------------------------------------------------------------------------------------------------
GET /bridge/info 0ms 200
------------------------------------------------------------------------------------------------------
GET /bridge/839/k86v_dsi/websocket 1ms (unfinished)
------------------------------------------------------------------------------------------------------
GET /bridge/info 1ms 200
------------------------------------------------------------------------------------------------------
GET /bridge/info 1ms 200
------------------------------------------------------------------------------------------------------
GET /bridge/441/va3bo206/websocket 1ms (unfinished)
------------------------------------------------------------------------------------------------------
GET /bridge/312/i552xv3r/websocket 0ms (unfinished)
------------------------------------------------------------------------------------------------------
GET /bridge/info 0ms 200
------------------------------------------------------------------------------------------------------
GET /bridge/info 0ms 200
------------------------------------------------------------------------------------------------------
GET /bridge/747/j75g_1w9/websocket 0ms (unfinished)
------------------------------------------------------------------------------------------------------
GET /bridge/782/ik85qe2u/websocket 0ms (unfinished)
------------------------------------------------------------------------------------------------------
------------------------------------------------------------------------------------------------------
GET /bridge/info 0ms 200
GET /bridge/info 0ms 200
------------------------------------------------------------------------------------------------------
GET /bridge/131/bv1bdh0f/websocket 0ms (unfinished)
------------------------------------------------------------------------------------------------------
GET /bridge/083/9sebw3g6/websocket 0ms (unfinished)
------------------------------------------------------------------------------------------------------
------------------------------------------------------------------------------------------------------
GET /bridge/info 0ms 200
------------------------------------------------------------------------------------------------------
GET /bridge/info 1ms 200
------------------------------------------------------------------------------------------------------
GET /bridge/881/w6y0utik/websocket 1ms (unfinished)
------------------------------------------------------------------------------------------------------
GET /bridge/300/77tbruvb/websocket 0ms (unfinished)
GET /bridge/info 1ms 200
------------------------------------------------------------------------------------------------------
GET /bridge/info 0ms 200
------------------------------------------------------------------------------------------------------
GET /bridge/803/t7r9iw2t/websocket 0ms (unfinished)
------------------------------------------------------------------------------------------------------
GET /bridge/173/6pu81yin/websocket 0ms (unfinished)
------------------------------------------------------------------------------------------------------
GET /bridge/info 1ms 200
------------------------------------------------------------------------------------------------------
GET /bridge/info 0ms 200
------------------------------------------------------------------------------------------------------
------------------------------------------------------------------------------------------------------
GET /bridge/285/ag6f2gu8/websocket 1ms (unfinished)
GET /bridge/590/tm5qn3ws/websocket 1ms (unfinished)
------------------------------------------------------------------------------------------------------
POST /bridge/285/2459voa_/xhr_streaming 1ms (unfinished)
------------------------------------------------------------------------------------------------------
------------------------------------------------------------------------------------------------------
POST /bridge/285/2459voa_/xhr_send 5ms 204
POST /bridge/590/htdns501/xhr_streaming 0ms (unfinished)
------------------------------------------------------------------------------------------------------
------------------------------------------------------------------------------------------------------
POST /bridge/590/htdns501/xhr_send 1ms 204
GET /bridge/info 2ms 200
------------------------------------------------------------------------------------------------------
GET /bridge/info 0ms 200
------------------------------------------------------------------------------------------------------
------------------------------------------------------------------------------------------------------
GET /bridge/337/flanxxr0/websocket 2ms (unfinished)
GET /bridge/629/6awbc08y/websocket 0ms (unfinished)
------------------------------------------------------------------------------------------------------
GET /bridge/info 3ms 200
------------------------------------------------------------------------------------------------------
GET /bridge/info 1ms 200
------------------------------------------------------------------------------------------------------
GET /bridge/534/z2cthfzh/websocket 0ms (unfinished)
------------------------------------------------------------------------------------------------------
------------------------------------------------------------------------------------------------------
GET /bridge/898/hmwpve16/websocket 1ms (unfinished)
------------------------------------------------------------------------------------------------------
POST /bridge/534/8nl9voyo/xhr_streaming 1ms (unfinished)
------------------------------------------------------------------------------------------------------
POST /bridge/534/8nl9voyo/xhr_send 5ms 204
POST /bridge/898/069zdpbe/xhr_streaming 1ms (unfinished)
------------------------------------------------------------------------------------------------------
------------------------------------------------------------------------------------------------------
GET /bridge/info 0ms 200
GET /bridge/info 1ms 200
------------------------------------------------------------------------------------------------------
GET /bridge/391/ve9_2xjf/websocket 1ms (unfinished)
------------------------------------------------------------------------------------------------------
GET /bridge/434/7neoxt2q/websocket 1ms (unfinished)
------------------------------------------------------------------------------------------------------
GET /bridge/info 0ms 200
------------------------------------------------------------------------------------------------------
GET /bridge/info 1ms 200
------------------------------------------------------------------------------------------------------
GET /bridge/144/efb0mzrr/websocket 0ms (unfinished)
------------------------------------------------------------------------------------------------------
------------------------------------------------------------------------------------------------------
GET /bridge/502/752mzx08/websocket 0ms (unfinished)
GET /bridge/info 1ms 200
------------------------------------------------------------------------------------------------------
------------------------------------------------------------------------------------------------------
GET /bridge/info 0ms 200
GET /bridge/104/uzifd4s5/websocket 1ms (unfinished)
------------------------------------------------------------------------------------------------------
------------------------------------------------------------------------------------------------------
GET /bridge/089/mikgb94t/websocket 1ms (unfinished)
GET /bridge/info 0ms 200
------------------------------------------------------------------------------------------------------
GET /bridge/info 0ms 200
------------------------------------------------------------------------------------------------------
------------------------------------------------------------------------------------------------------
GET /bridge/368/uhq64hoe/websocket 0ms (unfinished)
GET /bridge/282/xr407l40/websocket 1ms (unfinished)
------------------------------------------------------------------------------------------------------
GET /bridge/info 1ms 200
------------------------------------------------------------------------------------------------------
GET /bridge/info 0ms 200
------------------------------------------------------------------------------------------------------
------------------------------------------------------------------------------------------------------
GET /bridge/719/hkoxyqec/websocket 0ms (unfinished)
GET /bridge/736/5q4dcxkt/websocket 0ms (unfinished)
------------------------------------------------------------------------------------------------------
GET /bridge/info 1ms 200
------------------------------------------------------------------------------------------------------
GET /bridge/info 1ms 200
------------------------------------------------------------------------------------------------------
GET /bridge/916/pg7qxg0o/websocket 0ms (unfinished)
------------------------------------------------------------------------------------------------------
GET /bridge/450/fwq0n9cg/websocket 0ms (unfinished)
------------------------------------------------------------------------------------------------------
GET /bridge/info 1ms 200
------------------------------------------------------------------------------------------------------
------------------------------------------------------------------------------------------------------
GET /bridge/info 1ms 200
GET /bridge/756/kvtucekc/websocket 0ms (unfinished)
------------------------------------------------------------------------------------------------------
GET /bridge/950/fbppnu_n/websocket 0ms (unfinished)
------------------------------------------------------------------------------------------------------
GET /bridge/info 1ms 200
------------------------------------------------------------------------------------------------------
------------------------------------------------------------------------------------------------------
GET /bridge/info 0ms 200
GET /bridge/838/60reba4k/websocket 0ms (unfinished)
------------------------------------------------------------------------------------------------------
GET /bridge/897/9ybtsyzf/websocket 1ms (unfinished)
------------------------------------------------------------------------------------------------------
GET /bridge/info 1ms 200
------------------------------------------------------------------------------------------------------
------------------------------------------------------------------------------------------------------
GET /bridge/info 0ms 200
------------------------------------------------------------------------------------------------------
GET /bridge/061/bi5c2bfb/websocket 0ms (unfinished)
GET /bridge/970/ul8b15tt/websocket 1ms (unfinished)
------------------------------------------------------------------------------------------------------
GET /bridge/info 0ms 200
------------------------------------------------------------------------------------------------------
GET /bridge/023/lm76ho0g/websocket 0ms (unfinished)
------------------------------------------------------------------------------------------------------
------------------------------------------------------------------------------------------------------
GET /bridge/info 1ms 200
GET /bridge/469/_62a9iam/websocket 1ms (unfinished)
------------------------------------------------------------------------------------------------------
GET /bridge/info 1ms 200
------------------------------------------------------------------------------------------------------
GET /bridge/info 1ms 200
------------------------------------------------------------------------------------------------------
GET /bridge/645/8c8beaup/websocket 0ms (unfinished)
------------------------------------------------------------------------------------------------------
GET /bridge/757/qfkwl0p6/websocket 2ms (unfinished)
------------------------------------------------------------------------------------------------------
GET /bridge/info 0ms 200
------------------------------------------------------------------------------------------------------
GET /bridge/info 0ms 200
------------------------------------------------------------------------------------------------------
GET /bridge/669/oiw85z0c/websocket 0ms (unfinished)
------------------------------------------------------------------------------------------------------
------------------------------------------------------------------------------------------------------
GET /bridge/914/7tejp5lo/websocket 0ms (unfinished)
GET /bridge/info 0ms 200
------------------------------------------------------------------------------------------------------
GET /bridge/info 0ms 200
------------------------------------------------------------------------------------------------------
------------------------------------------------------------------------------------------------------
GET /bridge/950/md6vun7u/websocket 0ms (unfinished)
GET /bridge/105/lve0dbey/websocket 1ms (unfinished)
------------------------------------------------------------------------------------------------------
------------------------------------------------------------------------------------------------------
GET /bridge/info 0ms 200
GET /bridge/info 0ms 200
------------------------------------------------------------------------------------------------------
GET /bridge/499/oihm3sda/websocket 0ms (unfinished)
------------------------------------------------------------------------------------------------------
GET /bridge/303/1jjjp93r/websocket 0ms (unfinished)
------------------------------------------------------------------------------------------------------
------------------------------------------------------------------------------------------------------
GET /bridge/info 1ms 200
GET /bridge/info 0ms 200
------------------------------------------------------------------------------------------------------
------------------------------------------------------------------------------------------------------
GET /bridge/112/9s9_rhne/websocket 0ms (unfinished)
GET /bridge/299/ufrw4g0e/websocket 0ms (unfinished)
------------------------------------------------------------------------------------------------------
------------------------------------------------------------------------------------------------------
GET /bridge/info 1ms 200
------------------------------------------------------------------------------------------------------
GET /bridge/info 0ms 200
GET /bridge/974/nztoht58/websocket 0ms (unfinished)
------------------------------------------------------------------------------------------------------
------------------------------------------------------------------------------------------------------
GET /bridge/678/4_rr3d5a/websocket 0ms (unfinished)
GET /bridge/info 0ms 200
------------------------------------------------------------------------------------------------------
GET /bridge/info 1ms 200
------------------------------------------------------------------------------------------------------
GET /bridge/858/fynjvdt7/websocket 0ms (unfinished)
------------------------------------------------------------------------------------------------------
GET /bridge/778/3zkz_rsq/websocket 1ms (unfinished)
------------------------------------------------------------------------------------------------------
GET /bridge/info 1ms 200
------------------------------------------------------------------------------------------------------
GET /bridge/info 0ms 200
------------------------------------------------------------------------------------------------------
GET /bridge/196/m_zk2t3p/websocket 0ms (unfinished)
------------------------------------------------------------------------------------------------------
------------------------------------------------------------------------------------------------------
GET /bridge/380/vvw1xh7d/websocket 0ms (unfinished)
GET /bridge/info 0ms 200
------------------------------------------------------------------------------------------------------
GET /bridge/info 0ms 200
------------------------------------------------------------------------------------------------------
------------------------------------------------------------------------------------------------------
GET /bridge/542/p2ndzh4h/websocket 1ms (unfinished)
GET /bridge/086/3m_l6rdn/websocket 0ms (unfinished)
------------------------------------------------------------------------------------------------------
------------------------------------------------------------------------------------------------------
GET /bridge/info 1ms 200
------------------------------------------------------------------------------------------------------
GET /bridge/info 0ms 200
GET /bridge/139/tpjt6eku/websocket 1ms (unfinished)
------------------------------------------------------------------------------------------------------
------------------------------------------------------------------------------------------------------
GET /bridge/580/gu_x_qvj/websocket 0ms (unfinished)
------------------------------------------------------------------------------------------------------
POST /bridge/515/9n3anxgn/xhr_send 4ms 204
