------------------------------------------------------------------------------------------------------
GET /bridge/info 0ms 200
GET /bridge/info 0ms 200
------------------------------------------------------------------------------------------------------
------------------------------------------------------------------------------------------------------
GET /bridge/901/dbjs2ya5/websocket 1ms (unfinished)
GET /bridge/191/li_hx8nq/websocket 0ms (unfinished)
------------------------------------------------------------------------------------------------------
POST /bridge/901/022m_utj/xhr_streaming 1ms (unfinished)
------------------------------------------------------------------------------------------------------
------------------------------------------------------------------------------------------------------
POST /bridge/191/jcu_d_0i/xhr_streaming 1ms (unfinished)
------------------------------------------------------------------------------------------------------
POST /bridge/901/022m_utj/xhr_send 1ms 204
------------------------------------------------------------------------------------------------------
POST /bridge/191/jcu_d_0i/xhr_send 0ms 204
GET /bridge/info 1ms 200
------------------------------------------------------------------------------------------------------
GET /bridge/info 0ms 200
------------------------------------------------------------------------------------------------------
------------------------------------------------------------------------------------------------------
GET /bridge/534/aypskh_t/websocket 0ms (unfinished)
------------------------------------------------------------------------------------------------------
GET /bridge/284/v9px5a_q/websocket 0ms (unfinished)
POST /bridge/534/44dfcxtu/xhr_streaming 0ms (unfinished)
------------------------------------------------------------------------------------------------------
POST /bridge/284/8dfzxgl1/xhr_streaming 0ms (unfinished)
------------------------------------------------------------------------------------------------------
POST /bridge/534/44dfcxtu/xhr_send 1ms 204
------------------------------------------------------------------------------------------------------
POST /bridge/284/8dfzxgl1/xhr_send 1ms 204
------------------------------------------------------------------------------------------------------
GET /bridge/info 1ms 200
------------------------------------------------------------------------------------------------------
GET /bridge/info 0ms 200
------------------------------------------------------------------------------------------------------
GET /bridge/871/qzhsgryx/websocket 0ms (unfinished)
------------------------------------------------------------------------------------------------------
GET /bridge/112/rqxz9wy_/websocket 0ms (unfinished)
------------------------------------------------------------------------------------------------------
POST /bridge/871/adn0cfau/xhr_streaming 0ms (unfinished)
------------------------------------------------------------------------------------------------------
POST /bridge/871/adn0cfau/xhr_send 1ms 204
------------------------------------------------------------------------------------------------------
POST /bridge/112/d6tapk8d/xhr_streaming 1ms (unfinished)
------------------------------------------------------------------------------------------------------
POST /bridge/112/d6tapk8d/xhr_send 1ms 204
------------------------------------------------------------------------------------------------------
GET /bridge/info 1ms 200
------------------------------------------------------------------------------------------------------
GET /bridge/info 0ms 200
------------------------------------------------------------------------------------------------------
GET /bridge/314/gjjuyg42/websocket 0ms (unfinished)
------------------------------------------------------------------------------------------------------
------------------------------------------------------------------------------------------------------
GET /bridge/029/co2agam0/websocket 0ms (unfinished)
------------------------------------------------------------------------------------------------------
POST /bridge/314/woisliyn/xhr_streaming 1ms (unfinished)
------------------------------------------------------------------------------------------------------
POST /bridge/314/woisliyn/xhr_send 1ms 204
POST /bridge/029/nptcc3_4/xhr_streaming 1ms (unfinished)
------------------------------------------------------------------------------------------------------
POST /bridge/029/nptcc3_4/xhr_send 1ms 204
------------------------------------------------------------------------------------------------------
GET /bridge/info 0ms 200
------------------------------------------------------------------------------------------------------
------------------------------------------------------------------------------------------------------
GET /bridge/info 0ms 200
GET /bridge/625/ikuxd647/websocket 0ms (unfinished)
------------------------------------------------------------------------------------------------------
------------------------------------------------------------------------------------------------------
GET /bridge/233/r3nn9o34/websocket 0ms (unfinished)
POST /bridge/625/dsq_4xc3/xhr_streaming 0ms (unfinished)
------------------------------------------------------------------------------------------------------
POST /bridge/625/dsq_4xc3/xhr_send 1ms 204
------------------------------------------------------------------------------------------------------
------------------------------------------------------------------------------------------------------
POST /bridge/233/znxtzpec/xhr_streaming 1ms (unfinished)
POST /bridge/233/znxtzpec/xhr_send 1ms 204
------------------------------------------------------------------------------------------------------
GET /bridge/info 0ms 200
------------------------------------------------------------------------------------------------------
------------------------------------------------------------------------------------------------------
GET /bridge/info 0ms 200
------------------------------------------------------------------------------------------------------
GET /bridge/048/lwg16mc3/websocket 1ms (unfinished)
GET /bridge/506/_9yo_tnl/websocket 0ms (unfinished)
------------------------------------------------------------------------------------------------------
------------------------------------------------------------------------------------------------------
POST /bridge/048/t36w6_ad/xhr_streaming 1ms (unfinished)
POST /bridge/048/t36w6_ad/xhr_send 1ms 204
------------------------------------------------------------------------------------------------------
POST /bridge/506/8g4qfq9g/xhr_streaming 1ms (unfinished)
------------------------------------------------------------------------------------------------------
POST /bridge/506/8g4qfq9g/xhr_send 1ms 204
------------------------------------------------------------------------------------------------------
------------------------------------------------------------------------------------------------------
GET /bridge/info 1ms 200
GET /bridge/info 0ms 200
------------------------------------------------------------------------------------------------------
GET /bridge/416/as06cpwu/websocket 2ms (unfinished)
------------------------------------------------------------------------------------------------------
GET /bridge/298/al7x96xm/websocket 0ms (unfinished)
------------------------------------------------------------------------------------------------------
------------------------------------------------------------------------------------------------------
POST /bridge/416/fhuppgc8/xhr_streaming 1ms (unfinished)
POST /bridge/416/fhuppgc8/xhr_send 3ms 204
------------------------------------------------------------------------------------------------------
POST /bridge/298/dl5jslwr/xhr_streaming 1ms (unfinished)
------------------------------------------------------------------------------------------------------
GET /bridge/info 0ms 200
------------------------------------------------------------------------------------------------------
GET /bridge/info 0ms 200
------------------------------------------------------------------------------------------------------
GET /bridge/205/sn_k1nqz/websocket 0ms (unfinished)
------------------------------------------------------------------------------------------------------
------------------------------------------------------------------------------------------------------
GET /bridge/520/ls7n82b6/websocket 1ms (unfinished)
POST /bridge/205/_qlctf0j/xhr_streaming 1ms (unfinished)
------------------------------------------------------------------------------------------------------
POST /bridge/205/_qlctf0j/xhr_send 1ms 204
------------------------------------------------------------------------------------------------------
POST /bridge/520/vxif4a7_/xhr_streaming 0ms (unfinished)
------------------------------------------------------------------------------------------------------
GET /bridge/info 1ms 200
------------------------------------------------------------------------------------------------------
------------------------------------------------------------------------------------------------------
GET /bridge/info 1ms 200
------------------------------------------------------------------------------------------------------
GET /bridge/360/z_afo2cy/websocket 0ms (unfinished)
GET /bridge/354/bctbgdeu/websocket 1ms (unfinished)
------------------------------------------------------------------------------------------------------
------------------------------------------------------------------------------------------------------
GET /bridge/info 1ms 200
GET /bridge/info 0ms 200
------------------------------------------------------------------------------------------------------
GET /bridge/883/o63nc8rj/websocket 0ms (unfinished)
------------------------------------------------------------------------------------------------------
------------------------------------------------------------------------------------------------------
GET /bridge/523/n7jbjfo4/websocket 0ms (unfinished)
GET /bridge/info 0ms 200
------------------------------------------------------------------------------------------------------
GET /bridge/info 1ms 200
------------------------------------------------------------------------------------------------------
GET /bridge/411/vcka4_pw/websocket 0ms (unfinished)
------------------------------------------------------------------------------------------------------
------------------------------------------------------------------------------------------------------
GET /bridge/111/5pg6f63z/websocket 0ms (unfinished)
GET /bridge/info 1ms 200
------------------------------------------------------------------------------------------------------
GET /bridge/info 0ms 200
------------------------------------------------------------------------------------------------------
------------------------------------------------------------------------------------------------------
GET /bridge/501/qr76uxnt/websocket 3ms (unfinished)
GET /bridge/011/j4xby_p9/websocket 0ms (unfinished)
------------------------------------------------------------------------------------------------------
GET /bridge/info 0ms 200
------------------------------------------------------------------------------------------------------
------------------------------------------------------------------------------------------------------
GET /bridge/info 1ms 200
------------------------------------------------------------------------------------------------------
GET /bridge/969/n4o2qcgo/websocket 1ms (unfinished)
GET /bridge/856/n2phh9yc/websocket 0ms (unfinished)
------------------------------------------------------------------------------------------------------
GET /bridge/info 0ms 200
------------------------------------------------------------------------------------------------------
GET /bridge/info 0ms 200
------------------------------------------------------------------------------------------------------
GET /bridge/963/b4nieqx9/websocket 0ms (unfinished)
------------------------------------------------------------------------------------------------------
GET /bridge/035/5nhsuxqi/websocket 0ms (unfinished)
------------------------------------------------------------------------------------------------------
GET /bridge/info 2ms 200
------------------------------------------------------------------------------------------------------
------------------------------------------------------------------------------------------------------
GET /bridge/info 0ms 200
------------------------------------------------------------------------------------------------------
GET /bridge/741/0hpzee88/websocket 2ms (unfinished)
------------------------------------------------------------------------------------------------------
GET /bridge/101/2caypf26/websocket 0ms (unfinished)
GET /bridge/info 0ms 200
------------------------------------------------------------------------------------------------------
------------------------------------------------------------------------------------------------------
GET /bridge/info 1ms 200
GET /bridge/549/wve_158t/websocket 0ms (unfinished)
------------------------------------------------------------------------------------------------------
GET /bridge/224/h4z4jhup/websocket 0ms (unfinished)
------------------------------------------------------------------------------------------------------
GET /bridge/info 1ms 200
------------------------------------------------------------------------------------------------------
GET /bridge/info 0ms 200
------------------------------------------------------------------------------------------------------
GET /bridge/985/28x3w6vw/websocket 0ms (unfinished)
------------------------------------------------------------------------------------------------------
GET /bridge/324/ri0p_qw2/websocket 0ms (unfinished)
------------------------------------------------------------------------------------------------------
GET /bridge/info 1ms 200
------------------------------------------------------------------------------------------------------
GET /bridge/info 0ms 200
------------------------------------------------------------------------------------------------------
GET /bridge/013/9wnalti_/websocket 3ms (unfinished)
------------------------------------------------------------------------------------------------------
GET /bridge/736/4t2tc82w/websocket 1ms (unfinished)
------------------------------------------------------------------------------------------------------
------------------------------------------------------------------------------------------------------
GET /bridge/info 0ms 200
GET /bridge/info 0ms 200
------------------------------------------------------------------------------------------------------
GET /bridge/054/nhq2p7wd/websocket 0ms (unfinished)
------------------------------------------------------------------------------------------------------
GET /bridge/835/fdyfflyd/websocket 0ms (unfinished)
------------------------------------------------------------------------------------------------------
GET /bridge/info 2ms 200
------------------------------------------------------------------------------------------------------
GET /bridge/info 0ms 200
------------------------------------------------------------------------------------------------------
GET /bridge/925/01z9z8xt/websocket 3ms (unfinished)
------------------------------------------------------------------------------------------------------
------------------------------------------------------------------------------------------------------
GET /bridge/999/dpnoomdz/websocket 1ms (unfinished)
GET /bridge/info 1ms 200
------------------------------------------------------------------------------------------------------
GET /bridge/info 0ms 200
------------------------------------------------------------------------------------------------------
GET /bridge/541/o3k7eq9y/websocket 0ms (unfinished)
------------------------------------------------------------------------------------------------------
GET /bridge/820/i8kibmxr/websocket 0ms (unfinished)
------------------------------------------------------------------------------------------------------
------------------------------------------------------------------------------------------------------
POST /bridge/520/vxif4a7_/xhr_send 2ms 404
------------------------------------------------------------------------------------------------------
GET /bridge/info 1ms 200
GET /bridge/info 0ms 200
------------------------------------------------------------------------------------------------------
GET /bridge/768/f766pmgv/websocket 1ms (unfinished)
------------------------------------------------------------------------------------------------------
------------------------------------------------------------------------------------------------------
GET /bridge/801/xin7hn00/websocket 1ms (unfinished)
------------------------------------------------------------------------------------------------------
POST /bridge/768/pwmophum/xhr_streaming 1ms (unfinished)
POST /bridge/768/pwmophum/xhr_send 2ms 204
------------------------------------------------------------------------------------------------------
POST /bridge/801/k4bddy7g/xhr_streaming 0ms (unfinished)
------------------------------------------------------------------------------------------------------
POST /bridge/801/k4bddy7g/xhr_send 1ms 204
------------------------------------------------------------------------------------------------------
GET /bridge/info 1ms 200
------------------------------------------------------------------------------------------------------
GET /bridge/info 0ms 200
------------------------------------------------------------------------------------------------------
------------------------------------------------------------------------------------------------------
GET /bridge/616/8t4fidxt/websocket 3ms (unfinished)
GET /bridge/349/lmyxj_m5/websocket 1ms (unfinished)
------------------------------------------------------------------------------------------------------
------------------------------------------------------------------------------------------------------
POST /bridge/616/jnvii2b0/xhr_streaming 1ms (unfinished)
POST /bridge/616/jnvii2b0/xhr_send 3ms 204
------------------------------------------------------------------------------------------------------
POST /bridge/349/1c5fdyzz/xhr_streaming 0ms (unfinished)
------------------------------------------------------------------------------------------------------
POST /bridge/349/1c5fdyzz/xhr_send 1ms 204
------------------------------------------------------------------------------------------------------
------------------------------------------------------------------------------------------------------
GET /bridge/info 1ms 200
GET /bridge/info 0ms 200
------------------------------------------------------------------------------------------------------
GET /bridge/222/mfsmghqc/websocket 2ms (unfinished)
------------------------------------------------------------------------------------------------------
GET /bridge/310/qi6ayk_3/websocket 1ms (unfinished)
------------------------------------------------------------------------------------------------------
POST /bridge/222/ldnsow8w/xhr_streaming 1ms (unfinished)
------------------------------------------------------------------------------------------------------
POST /bridge/310/reol8uxl/xhr_streaming 0ms (unfinished)
------------------------------------------------------------------------------------------------------
------------------------------------------------------------------------------------------------------
GET /bridge/info 1ms 200
GET /bridge/info 0ms 200
------------------------------------------------------------------------------------------------------
GET /bridge/891/2jcinsd5/websocket 2ms (unfinished)
------------------------------------------------------------------------------------------------------
GET /bridge/992/cx6f1483/websocket 0ms (unfinished)
------------------------------------------------------------------------------------------------------
GET /bridge/info 1ms 200
------------------------------------------------------------------------------------------------------
GET /bridge/info 0ms 200
------------------------------------------------------------------------------------------------------
GET /bridge/280/8a9zww62/websocket 2ms (unfinished)
------------------------------------------------------------------------------------------------------
------------------------------------------------------------------------------------------------------
GET /bridge/202/owmegay9/websocket 0ms (unfinished)
GET /bridge/info 1ms 200
------------------------------------------------------------------------------------------------------
GET /bridge/info 1ms 200
------------------------------------------------------------------------------------------------------
GET /bridge/022/yvj5e7sp/websocket 2ms (unfinished)
------------------------------------------------------------------------------------------------------
GET /bridge/info 2ms 200
------------------------------------------------------------------------------------------------------
GET /bridge/134/engvz30t/websocket 2ms (unfinished)
------------------------------------------------------------------------------------------------------
GET /bridge/info 1ms 200
------------------------------------------------------------------------------------------------------
GET /bridge/597/lli_76j3/websocket 0ms (unfinished)
------------------------------------------------------------------------------------------------------
GET /bridge/info 1ms 200
------------------------------------------------------------------------------------------------------
GET /bridge/info 1ms 200
------------------------------------------------------------------------------------------------------
GET /bridge/606/pn241vrx/websocket 3ms (unfinished)
------------------------------------------------------------------------------------------------------
GET /bridge/352/bguzksu5/websocket 0ms (unfinished)
------------------------------------------------------------------------------------------------------
GET /bridge/info 0ms 200
------------------------------------------------------------------------------------------------------
GET /bridge/info 1ms 200
------------------------------------------------------------------------------------------------------
GET /bridge/736/2hdz9_p5/websocket 0ms (unfinished)
------------------------------------------------------------------------------------------------------
GET /bridge/140/aawa8mp0/websocket 0ms (unfinished)
------------------------------------------------------------------------------------------------------
POST /bridge/298/dl5jslwr/xhr_send 3ms 204
------------------------------------------------------------------------------------------------------
GET /bridge/info 0ms 200
------------------------------------------------------------------------------------------------------
GET /bridge/info 0ms 200
------------------------------------------------------------------------------------------------------
GET /bridge/074/jkaqquh_/websocket 0ms (unfinished)
------------------------------------------------------------------------------------------------------
GET /bridge/656/k599ltas/websocket 0ms (unfinished)
------------------------------------------------------------------------------------------------------
POST /bridge/074/h1qsx1r1/xhr_streaming 1ms (unfinished)
------------------------------------------------------------------------------------------------------
POST /bridge/074/h1qsx1r1/xhr_send 1ms 204
------------------------------------------------------------------------------------------------------
POST /bridge/656/k444eout/xhr_streaming 1ms (unfinished)
------------------------------------------------------------------------------------------------------
POST /bridge/656/k444eout/xhr_send 1ms 204
------------------------------------------------------------------------------------------------------
GET /bridge/info 0ms 200
------------------------------------------------------------------------------------------------------
GET /bridge/info 1ms 200
------------------------------------------------------------------------------------------------------
GET /bridge/970/y422wswy/websocket 0ms (unfinished)
------------------------------------------------------------------------------------------------------
GET /bridge/441/c613bmy5/websocket 0ms (unfinished)
------------------------------------------------------------------------------------------------------
GET /bridge/info 0ms 200
------------------------------------------------------------------------------------------------------
------------------------------------------------------------------------------------------------------
GET /bridge/862/38on6uhw/websocket 0ms (unfinished)
GET /bridge/info 0ms 200
------------------------------------------------------------------------------------------------------
GET /bridge/149/dbi0fcl5/websocket 1ms (unfinished)
------------------------------------------------------------------------------------------------------
GET /bridge/info 0ms 200
------------------------------------------------------------------------------------------------------
GET /bridge/info 0ms 200
------------------------------------------------------------------------------------------------------
GET /bridge/231/yj8zmoli/websocket 0ms (unfinished)
------------------------------------------------------------------------------------------------------
------------------------------------------------------------------------------------------------------
GET /bridge/656/gweq1eda/websocket 0ms (unfinished)
GET /bridge/info 0ms 200
------------------------------------------------------------------------------------------------------
------------------------------------------------------------------------------------------------------
GET /bridge/info 0ms 200
------------------------------------------------------------------------------------------------------
GET /bridge/561/7_gxb99j/websocket 0ms (unfinished)
GET /bridge/170/ppjih64v/websocket 0ms (unfinished)
------------------------------------------------------------------------------------------------------
GET /bridge/info 1ms 200
------------------------------------------------------------------------------------------------------
GET /bridge/info 0ms 200
------------------------------------------------------------------------------------------------------
GET /bridge/732/0zy5sobr/websocket 3ms (unfinished)
------------------------------------------------------------------------------------------------------
GET /bridge/547/lgtro1y5/websocket 1ms (unfinished)
------------------------------------------------------------------------------------------------------
POST /bridge/732/_j6b0xr1/xhr_streaming 1ms (unfinished)
------------------------------------------------------------------------------------------------------
POST /bridge/732/_j6b0xr1/xhr_send 3ms 204
------------------------------------------------------------------------------------------------------
POST /bridge/547/kfbaa3su/xhr_streaming 0ms (unfinished)
------------------------------------------------------------------------------------------------------
POST /bridge/547/kfbaa3su/xhr_send 1ms 204
------------------------------------------------------------------------------------------------------
------------------------------------------------------------------------------------------------------
GET /bridge/info 1ms 200
------------------------------------------------------------------------------------------------------
GET /bridge/info 0ms 200
GET /bridge/902/z8romz21/websocket 0ms (unfinished)
------------------------------------------------------------------------------------------------------
GET /bridge/525/c1wrnfkb/websocket 0ms (unfinished)
------------------------------------------------------------------------------------------------------
POST /bridge/902/969q0lg8/xhr_streaming 0ms (unfinished)
------------------------------------------------------------------------------------------------------
POST /bridge/902/969q0lg8/xhr_send 1ms 204
------------------------------------------------------------------------------------------------------
POST /bridge/525/_slwaye2/xhr_streaming 0ms (unfinished)
------------------------------------------------------------------------------------------------------
------------------------------------------------------------------------------------------------------
GET /bridge/info 0ms 200
GET /bridge/info 0ms 200
------------------------------------------------------------------------------------------------------
GET /bridge/190/3aoirx9k/websocket 0ms (unfinished)
------------------------------------------------------------------------------------------------------
GET /bridge/616/7dzcrqbq/websocket 0ms (unfinished)
------------------------------------------------------------------------------------------------------
GET /bridge/info 1ms 200
------------------------------------------------------------------------------------------------------
GET /bridge/info 0ms 200
------------------------------------------------------------------------------------------------------
GET /bridge/743/esx4oeb5/websocket 2ms (unfinished)
------------------------------------------------------------------------------------------------------
------------------------------------------------------------------------------------------------------
GET /bridge/981/djri1mds/websocket 0ms (unfinished)
------------------------------------------------------------------------------------------------------
GET /bridge/info 1ms 200
GET /bridge/info 0ms 200
------------------------------------------------------------------------------------------------------
GET /bridge/394/ifto9cv8/websocket 2ms (unfinished)
------------------------------------------------------------------------------------------------------
GET /bridge/515/50scxee9/websocket 0ms (unfinished)
------------------------------------------------------------------------------------------------------
GET /bridge/info 1ms 200
------------------------------------------------------------------------------------------------------
GET /bridge/info 0ms 200
------------------------------------------------------------------------------------------------------
GET /bridge/936/4mnbnrfz/websocket 2ms (unfinished)
------------------------------------------------------------------------------------------------------
GET /bridge/523/q2zplrnd/websocket 1ms (unfinished)
------------------------------------------------------------------------------------------------------
GET /bridge/info 1ms 200
------------------------------------------------------------------------------------------------------
GET /bridge/info 0ms 200
------------------------------------------------------------------------------------------------------
GET /bridge/015/7cjdnrh6/websocket 3ms (unfinished)
------------------------------------------------------------------------------------------------------
GET /bridge/226/8ap955gc/websocket 0ms (unfinished)
------------------------------------------------------------------------------------------------------
GET /bridge/info 2ms 200
------------------------------------------------------------------------------------------------------
GET /bridge/info 1ms 200
------------------------------------------------------------------------------------------------------
GET /bridge/544/a5graiof/websocket 2ms (unfinished)
------------------------------------------------------------------------------------------------------
------------------------------------------------------------------------------------------------------
GET /bridge/628/1dbgup_9/websocket 0ms (unfinished)
GET /bridge/info 1ms 200
------------------------------------------------------------------------------------------------------
GET /bridge/info 0ms 200
------------------------------------------------------------------------------------------------------
GET /bridge/543/yw9e5kv_/websocket 3ms (unfinished)
------------------------------------------------------------------------------------------------------
GET /bridge/586/q1xcc5zz/websocket 0ms (unfinished)
------------------------------------------------------------------------------------------------------
GET /bridge/info 1ms 200
------------------------------------------------------------------------------------------------------
------------------------------------------------------------------------------------------------------
GET /bridge/info 1ms 200
GET /bridge/845/z3fskt5b/websocket 2ms (unfinished)
------------------------------------------------------------------------------------------------------
GET /bridge/571/q558_bg1/websocket 0ms (unfinished)
------------------------------------------------------------------------------------------------------
GET /bridge/info 2ms 200
------------------------------------------------------------------------------------------------------
GET /bridge/info 0ms 200
------------------------------------------------------------------------------------------------------
GET /bridge/574/921r_uah/websocket 3ms (unfinished)
------------------------------------------------------------------------------------------------------
GET /bridge/845/uwvlddd4/websocket 0ms (unfinished)
------------------------------------------------------------------------------------------------------
GET /bridge/info 0ms 200
------------------------------------------------------------------------------------------------------
GET /bridge/info 1ms 200
------------------------------------------------------------------------------------------------------
GET /bridge/970/ev457622/websocket 0ms (unfinished)
------------------------------------------------------------------------------------------------------
GET /bridge/438/ixx60i7z/websocket 1ms (unfinished)
------------------------------------------------------------------------------------------------------
GET /bridge/info 2ms 200
------------------------------------------------------------------------------------------------------
GET /bridge/info 1ms 200
------------------------------------------------------------------------------------------------------
GET /bridge/797/w2g9hdwv/websocket 3ms (unfinished)
------------------------------------------------------------------------------------------------------
GET /bridge/266/p57ybqqn/websocket 0ms (unfinished)
------------------------------------------------------------------------------------------------------
GET /bridge/info 0ms 200
------------------------------------------------------------------------------------------------------
------------------------------------------------------------------------------------------------------
GET /bridge/info 0ms 200
------------------------------------------------------------------------------------------------------
GET /bridge/296/tw72_l7a/websocket 0ms (unfinished)
GET /bridge/637/y3u3yhyq/websocket 0ms (unfinished)
------------------------------------------------------------------------------------------------------
GET /bridge/info 1ms 200
------------------------------------------------------------------------------------------------------
GET /bridge/info 0ms 200
------------------------------------------------------------------------------------------------------
GET /bridge/231/3y_0cion/websocket 2ms (unfinished)
------------------------------------------------------------------------------------------------------
GET /bridge/954/0v729ial/websocket 0ms (unfinished)
------------------------------------------------------------------------------------------------------
GET /bridge/info 1ms 200
------------------------------------------------------------------------------------------------------
GET /bridge/info 0ms 200
------------------------------------------------------------------------------------------------------
------------------------------------------------------------------------------------------------------
GET /bridge/987/l8ppgpd2/websocket 2ms (unfinished)
------------------------------------------------------------------------------------------------------
GET /bridge/725/6q2fzpim/websocket 0ms (unfinished)
GET /bridge/info 0ms 200
------------------------------------------------------------------------------------------------------
GET /bridge/info 0ms 200
------------------------------------------------------------------------------------------------------
GET /bridge/697/m7kjn1tg/websocket 0ms (unfinished)
------------------------------------------------------------------------------------------------------
GET /bridge/357/xkle1z3s/websocket 0ms (unfinished)
------------------------------------------------------------------------------------------------------
GET /bridge/info 0ms 200
------------------------------------------------------------------------------------------------------
GET /bridge/info 0ms 200
------------------------------------------------------------------------------------------------------
------------------------------------------------------------------------------------------------------
GET /bridge/081/m77ticpb/websocket 0ms (unfinished)
GET /bridge/336/hzo75cnf/websocket 0ms (unfinished)
------------------------------------------------------------------------------------------------------
GET /bridge/info 0ms 200
------------------------------------------------------------------------------------------------------
GET /bridge/info 0ms 200
------------------------------------------------------------------------------------------------------
GET /bridge/149/qlptgdvx/websocket 1ms (unfinished)
------------------------------------------------------------------------------------------------------
------------------------------------------------------------------------------------------------------
GET /bridge/776/ihy4875b/websocket 0ms (unfinished)
------------------------------------------------------------------------------------------------------
GET /bridge/info 0ms 200
GET /bridge/info 0ms 200
------------------------------------------------------------------------------------------------------
GET /bridge/928/ago9tgh8/websocket 1ms (unfinished)
------------------------------------------------------------------------------------------------------
GET /bridge/985/2a2tad6n/websocket 1ms (unfinished)
------------------------------------------------------------------------------------------------------
GET /bridge/info 1ms 200
------------------------------------------------------------------------------------------------------
GET /bridge/info 1ms 200
------------------------------------------------------------------------------------------------------
GET /bridge/669/yresln7m/websocket 0ms (unfinished)
------------------------------------------------------------------------------------------------------
GET /bridge/873/6u9g7mti/websocket 0ms (unfinished)
------------------------------------------------------------------------------------------------------
------------------------------------------------------------------------------------------------------
POST /bridge/525/_slwaye2/xhr_send 3ms 404
GET /bridge/info 1ms 200
------------------------------------------------------------------------------------------------------
GET /bridge/info 0ms 200
------------------------------------------------------------------------------------------------------
------------------------------------------------------------------------------------------------------
GET /bridge/278/y35_ksox/websocket 3ms (unfinished)
------------------------------------------------------------------------------------------------------
GET /bridge/808/speqiony/websocket 0ms (unfinished)
POST /bridge/278/ux0q4o17/xhr_streaming 1ms (unfinished)
------------------------------------------------------------------------------------------------------
POST /bridge/278/ux0q4o17/xhr_send 2ms 204
------------------------------------------------------------------------------------------------------
------------------------------------------------------------------------------------------------------
POST /bridge/808/np6f_f86/xhr_streaming 1ms (unfinished)
POST /bridge/808/np6f_f86/xhr_send 0ms 204
------------------------------------------------------------------------------------------------------
------------------------------------------------------------------------------------------------------
GET /bridge/info 0ms 200
GET /bridge/info 1ms 200
------------------------------------------------------------------------------------------------------
GET /bridge/807/htq6ryob/websocket 0ms (unfinished)
------------------------------------------------------------------------------------------------------
GET /bridge/361/gxfbpt7m/websocket 0ms (unfinished)
------------------------------------------------------------------------------------------------------
POST /bridge/807/_3pgz6g0/xhr_streaming 1ms (unfinished)
------------------------------------------------------------------------------------------------------
POST /bridge/807/_3pgz6g0/xhr_send 1ms 204
------------------------------------------------------------------------------------------------------
POST /bridge/361/g8_9hq6s/xhr_streaming 0ms (unfinished)
------------------------------------------------------------------------------------------------------
POST /bridge/361/g8_9hq6s/xhr_send 1ms 204
------------------------------------------------------------------------------------------------------
GET /bridge/info 0ms 200
------------------------------------------------------------------------------------------------------
GET /bridge/info 0ms 200
------------------------------------------------------------------------------------------------------
------------------------------------------------------------------------------------------------------
GET /bridge/243/85j8_iy6/websocket 0ms (unfinished)
GET /bridge/561/o9xb_89o/websocket 0ms (unfinished)
------------------------------------------------------------------------------------------------------
------------------------------------------------------------------------------------------------------
POST /bridge/243/jy2d6z2x/xhr_streaming 0ms (unfinished)
POST /bridge/561/m7e3zb_i/xhr_streaming 0ms (unfinished)
------------------------------------------------------------------------------------------------------
POST /bridge/243/jy2d6z2x/xhr_send 1ms 204
------------------------------------------------------------------------------------------------------
POST /bridge/561/m7e3zb_i/xhr_send 1ms 204
------------------------------------------------------------------------------------------------------
GET /bridge/info 1ms 200
------------------------------------------------------------------------------------------------------
GET /bridge/info 0ms 200
------------------------------------------------------------------------------------------------------
GET /bridge/692/l80jj_ds/websocket 3ms (unfinished)
------------------------------------------------------------------------------------------------------
GET /bridge/497/5tlsme25/websocket 0ms (unfinished)
------------------------------------------------------------------------------------------------------
POST /bridge/692/64ywhed1/xhr_streaming 1ms (unfinished)
------------------------------------------------------------------------------------------------------
POST /bridge/692/64ywhed1/xhr_send 3ms 204
------------------------------------------------------------------------------------------------------
POST /bridge/497/ajiapop0/xhr_streaming 0ms (unfinished)
------------------------------------------------------------------------------------------------------
------------------------------------------------------------------------------------------------------
POST /bridge/497/ajiapop0/xhr_send 1ms 204
GET /bridge/info 1ms 200
------------------------------------------------------------------------------------------------------
GET /bridge/info 1ms 200
------------------------------------------------------------------------------------------------------
GET /bridge/437/xzeibl2z/websocket 0ms (unfinished)
------------------------------------------------------------------------------------------------------
GET /bridge/960/0e4_dxvd/websocket 0ms (unfinished)
------------------------------------------------------------------------------------------------------
POST /bridge/437/88khzv4u/xhr_streaming 0ms (unfinished)
------------------------------------------------------------------------------------------------------
POST /bridge/437/88khzv4u/xhr_send 1ms 204
------------------------------------------------------------------------------------------------------
POST /bridge/960/6riyosxl/xhr_streaming 0ms (unfinished)
------------------------------------------------------------------------------------------------------
------------------------------------------------------------------------------------------------------
POST /bridge/960/6riyosxl/xhr_send 1ms 204
GET /bridge/info 0ms 200
------------------------------------------------------------------------------------------------------
------------------------------------------------------------------------------------------------------
GET /bridge/info 0ms 200
GET /bridge/130/yah7z_0l/websocket 0ms (unfinished)
------------------------------------------------------------------------------------------------------
GET /bridge/073/fd77s194/websocket 1ms (unfinished)
------------------------------------------------------------------------------------------------------
POST /bridge/130/_ezi1fxy/xhr_streaming 0ms (unfinished)
------------------------------------------------------------------------------------------------------
POST /bridge/130/_ezi1fxy/xhr_send 1ms 204
------------------------------------------------------------------------------------------------------
POST /bridge/073/8d000kq7/xhr_streaming 1ms (unfinished)
------------------------------------------------------------------------------------------------------
------------------------------------------------------------------------------------------------------
POST /bridge/073/8d000kq7/xhr_send 1ms 204
GET /bridge/info 2ms 200
------------------------------------------------------------------------------------------------------
GET /bridge/info 0ms 200
------------------------------------------------------------------------------------------------------
------------------------------------------------------------------------------------------------------
GET /bridge/246/a9nt69ab/websocket 3ms (unfinished)
GET /bridge/457/34q0sf6w/websocket 0ms (unfinished)
------------------------------------------------------------------------------------------------------
POST /bridge/246/rtbe10aq/xhr_streaming 1ms (unfinished)
------------------------------------------------------------------------------------------------------
POST /bridge/457/so4ubnxa/xhr_streaming 0ms (unfinished)
------------------------------------------------------------------------------------------------------
------------------------------------------------------------------------------------------------------
POST /bridge/246/rtbe10aq/xhr_send 5ms 204
------------------------------------------------------------------------------------------------------
POST /bridge/457/so4ubnxa/xhr_send 1ms 204
GET /bridge/info 1ms 200
------------------------------------------------------------------------------------------------------
------------------------------------------------------------------------------------------------------
GET /bridge/info 0ms 200
------------------------------------------------------------------------------------------------------
GET /bridge/203/7chdtxj7/websocket 1ms (unfinished)
------------------------------------------------------------------------------------------------------
GET /bridge/405/zq4obz33/websocket 0ms (unfinished)
POST /bridge/203/540ejrm2/xhr_streaming 1ms (unfinished)
------------------------------------------------------------------------------------------------------
POST /bridge/203/540ejrm2/xhr_send 1ms 204
------------------------------------------------------------------------------------------------------
------------------------------------------------------------------------------------------------------
POST /bridge/405/x7tmsg_n/xhr_streaming 1ms (unfinished)
GET /bridge/info 0ms 200
------------------------------------------------------------------------------------------------------
------------------------------------------------------------------------------------------------------
GET /bridge/info 0ms 200
------------------------------------------------------------------------------------------------------
GET /bridge/653/0z9_kah2/websocket 1ms (unfinished)
GET /bridge/057/jcqgrer8/websocket 0ms (unfinished)
------------------------------------------------------------------------------------------------------
POST /bridge/653/b8k7e6t6/xhr_streaming 0ms (unfinished)
------------------------------------------------------------------------------------------------------
POST /bridge/653/b8k7e6t6/xhr_send 1ms 204
------------------------------------------------------------------------------------------------------
POST /bridge/057/s3z22_fi/xhr_streaming 1ms (unfinished)
------------------------------------------------------------------------------------------------------
POST /bridge/057/s3z22_fi/xhr_send 1ms 204
------------------------------------------------------------------------------------------------------
------------------------------------------------------------------------------------------------------
GET /bridge/info 0ms 200
GET /bridge/info 0ms 200
------------------------------------------------------------------------------------------------------
GET /bridge/962/_kf37kzj/websocket 1ms (unfinished)
------------------------------------------------------------------------------------------------------
GET /bridge/954/s9pbncv8/websocket 0ms (unfinished)
------------------------------------------------------------------------------------------------------
POST /bridge/962/iq6akwp6/xhr_streaming 1ms (unfinished)
------------------------------------------------------------------------------------------------------
POST /bridge/962/iq6akwp6/xhr_send 1ms 204
------------------------------------------------------------------------------------------------------
POST /bridge/954/h16xv06k/xhr_streaming 1ms (unfinished)
------------------------------------------------------------------------------------------------------
POST /bridge/954/h16xv06k/xhr_send 1ms 204
------------------------------------------------------------------------------------------------------
GET /bridge/info 0ms 200
------------------------------------------------------------------------------------------------------
GET /bridge/info 1ms 200
------------------------------------------------------------------------------------------------------
GET /bridge/608/j8t4hbp4/websocket 1ms (unfinished)
------------------------------------------------------------------------------------------------------
GET /bridge/057/qf87flbi/websocket 0ms (unfinished)
------------------------------------------------------------------------------------------------------
------------------------------------------------------------------------------------------------------
GET /bridge/info 0ms 200
GET /bridge/info 0ms 200
------------------------------------------------------------------------------------------------------
GET /bridge/108/_3tp6x7b/websocket 0ms (unfinished)
------------------------------------------------------------------------------------------------------
GET /bridge/582/py9iclpp/websocket 1ms (unfinished)
------------------------------------------------------------------------------------------------------
POST /bridge/108/iis02vrm/xhr_streaming 0ms (unfinished)
------------------------------------------------------------------------------------------------------
POST /bridge/108/iis02vrm/xhr_send 1ms 204
------------------------------------------------------------------------------------------------------
------------------------------------------------------------------------------------------------------
POST /bridge/582/i_6wuum1/xhr_streaming 1ms (unfinished)
GET /bridge/info 0ms 200
------------------------------------------------------------------------------------------------------
------------------------------------------------------------------------------------------------------
GET /bridge/info 1ms 200
GET /bridge/438/31tcvrrp/websocket 0ms (unfinished)
------------------------------------------------------------------------------------------------------
GET /bridge/065/dohupius/websocket 0ms (unfinished)
------------------------------------------------------------------------------------------------------
GET /bridge/info 1ms 200
------------------------------------------------------------------------------------------------------
GET /bridge/info 0ms 200
------------------------------------------------------------------------------------------------------
------------------------------------------------------------------------------------------------------
GET /bridge/370/4zzfxe6l/websocket 2ms (unfinished)
------------------------------------------------------------------------------------------------------
GET /bridge/120/i6mpcuwb/websocket 0ms (unfinished)
GET /bridge/info 1ms 200
------------------------------------------------------------------------------------------------------
GET /bridge/info 0ms 200
------------------------------------------------------------------------------------------------------
GET /bridge/616/6700v423/websocket 0ms (unfinished)
------------------------------------------------------------------------------------------------------
GET /bridge/949/jakgza1k/websocket 1ms (unfinished)
------------------------------------------------------------------------------------------------------
GET /bridge/info 1ms 200
------------------------------------------------------------------------------------------------------
GET /bridge/info 0ms 200
------------------------------------------------------------------------------------------------------
GET /bridge/906/eo66jdkv/websocket 1ms (unfinished)
------------------------------------------------------------------------------------------------------
------------------------------------------------------------------------------------------------------
GET /bridge/162/xyarx3cx/websocket 0ms (unfinished)
GET /bridge/info 0ms 200
------------------------------------------------------------------------------------------------------
------------------------------------------------------------------------------------------------------
GET /bridge/info 0ms 200
GET /bridge/956/k1akmr1y/websocket 0ms (unfinished)
------------------------------------------------------------------------------------------------------
GET /bridge/739/owok5uxb/websocket 0ms (unfinished)
------------------------------------------------------------------------------------------------------
GET /bridge/info 1ms 200
------------------------------------------------------------------------------------------------------
GET /bridge/info 0ms 200
------------------------------------------------------------------------------------------------------
------------------------------------------------------------------------------------------------------
GET /bridge/203/10uxj_9a/websocket 3ms (unfinished)
GET /bridge/342/zw4c1l25/websocket 0ms (unfinished)
------------------------------------------------------------------------------------------------------
GET /bridge/info 1ms 200
------------------------------------------------------------------------------------------------------
------------------------------------------------------------------------------------------------------
GET /bridge/info 0ms 200
GET /bridge/066/cwqtc7g6/websocket 0ms (unfinished)
------------------------------------------------------------------------------------------------------
GET /bridge/975/u3gvq3nj/websocket 0ms (unfinished)
------------------------------------------------------------------------------------------------------
POST /bridge/405/x7tmsg_n/xhr_send 3ms 404
------------------------------------------------------------------------------------------------------
POST /bridge/582/i_6wuum1/xhr_send 1ms 404
------------------------------------------------------------------------------------------------------
GET /bridge/info 1ms 200
------------------------------------------------------------------------------------------------------
GET /bridge/info 0ms 200
------------------------------------------------------------------------------------------------------
GET /bridge/369/u0pz60ki/websocket 0ms (unfinished)
------------------------------------------------------------------------------------------------------
GET /bridge/445/iq0w37a2/websocket 0ms (unfinished)
------------------------------------------------------------------------------------------------------
POST /bridge/369/wo444d9y/xhr_streaming 1ms (unfinished)
------------------------------------------------------------------------------------------------------
POST /bridge/445/pjcxc7he/xhr_streaming 1ms (unfinished)
------------------------------------------------------------------------------------------------------
POST /bridge/369/wo444d9y/xhr_send 2ms 204
------------------------------------------------------------------------------------------------------
POST /bridge/445/pjcxc7he/xhr_send 0ms 204
------------------------------------------------------------------------------------------------------
GET /bridge/info 0ms 200
------------------------------------------------------------------------------------------------------
GET /bridge/info 0ms 200
------------------------------------------------------------------------------------------------------
GET /bridge/667/5xuj25d0/websocket 0ms (unfinished)
------------------------------------------------------------------------------------------------------
GET /bridge/125/b2yav5xz/websocket 0ms (unfinished)
------------------------------------------------------------------------------------------------------
POST /bridge/667/4702xi3h/xhr_streaming 0ms (unfinished)
------------------------------------------------------------------------------------------------------
POST /bridge/125/xx2dpgyz/xhr_streaming 1ms (unfinished)
------------------------------------------------------------------------------------------------------
POST /bridge/667/4702xi3h/xhr_send 1ms 204
------------------------------------------------------------------------------------------------------
POST /bridge/125/xx2dpgyz/xhr_send 1ms 204
------------------------------------------------------------------------------------------------------
GET /bridge/info 1ms 200
------------------------------------------------------------------------------------------------------
GET /bridge/info 0ms 200
------------------------------------------------------------------------------------------------------
GET /bridge/205/o1d65u1d/websocket 0ms (unfinished)
------------------------------------------------------------------------------------------------------
GET /bridge/256/wpy6n9uv/websocket 0ms (unfinished)
------------------------------------------------------------------------------------------------------
POST /bridge/205/45ny9lt5/xhr_streaming 0ms (unfinished)
------------------------------------------------------------------------------------------------------
POST /bridge/256/8gpm09kh/xhr_streaming 0ms (unfinished)
------------------------------------------------------------------------------------------------------
------------------------------------------------------------------------------------------------------
GET /bridge/info 0ms 200
GET /bridge/info 0ms 200
------------------------------------------------------------------------------------------------------
------------------------------------------------------------------------------------------------------
GET /bridge/213/ylk3ugyg/websocket 0ms (unfinished)
GET /bridge/974/p2tufx9m/websocket 0ms (unfinished)
------------------------------------------------------------------------------------------------------
GET /bridge/info 0ms 200
------------------------------------------------------------------------------------------------------
GET /bridge/info 1ms 200
------------------------------------------------------------------------------------------------------
------------------------------------------------------------------------------------------------------
GET /bridge/588/ndrjhstt/websocket 1ms (unfinished)
GET /bridge/820/b0bqebgl/websocket 0ms (unfinished)
------------------------------------------------------------------------------------------------------
GET /bridge/info 1ms 200
------------------------------------------------------------------------------------------------------
GET /bridge/info 0ms 200
------------------------------------------------------------------------------------------------------
------------------------------------------------------------------------------------------------------
GET /bridge/433/feiafyyz/websocket 2ms (unfinished)
GET /bridge/961/eoy7q0n9/websocket 0ms (unfinished)
------------------------------------------------------------------------------------------------------
GET /bridge/info 1ms 200
------------------------------------------------------------------------------------------------------
GET /bridge/info 0ms 200
------------------------------------------------------------------------------------------------------
GET /bridge/389/mqm9c6rg/websocket 0ms (unfinished)
------------------------------------------------------------------------------------------------------
GET /bridge/977/49oe63vc/websocket 0ms (unfinished)
------------------------------------------------------------------------------------------------------
------------------------------------------------------------------------------------------------------
GET /bridge/info 1ms 200
GET /bridge/info 0ms 200
------------------------------------------------------------------------------------------------------
GET /bridge/712/9ipg7kr0/websocket 1ms (unfinished)
------------------------------------------------------------------------------------------------------
------------------------------------------------------------------------------------------------------
GET /bridge/696/31cz81lb/websocket 0ms (unfinished)
POST /bridge/205/45ny9lt5/xhr_send 2ms 404
------------------------------------------------------------------------------------------------------
POST /bridge/256/8gpm09kh/xhr_send 1ms 404
------------------------------------------------------------------------------------------------------
GET /bridge/info 1ms 200
------------------------------------------------------------------------------------------------------
GET /bridge/info 0ms 200
------------------------------------------------------------------------------------------------------
GET /bridge/911/9cb70jb4/websocket 3ms (unfinished)
------------------------------------------------------------------------------------------------------
GET /bridge/822/riom9n07/websocket 1ms (unfinished)
------------------------------------------------------------------------------------------------------
POST /bridge/911/gq96z54a/xhr_streaming 1ms (unfinished)
------------------------------------------------------------------------------------------------------
------------------------------------------------------------------------------------------------------
POST /bridge/911/gq96z54a/xhr_send 2ms 204
POST /bridge/822/j8zpu7s9/xhr_streaming 1ms (unfinished)
------------------------------------------------------------------------------------------------------
POST /bridge/822/j8zpu7s9/xhr_send 1ms 204
------------------------------------------------------------------------------------------------------
GET /bridge/info 0ms 200
------------------------------------------------------------------------------------------------------
GET /bridge/info 1ms 200
------------------------------------------------------------------------------------------------------
GET /bridge/464/p1i2rb2o/websocket 0ms (unfinished)
------------------------------------------------------------------------------------------------------
GET /bridge/322/46is6iuh/websocket 0ms (unfinished)
------------------------------------------------------------------------------------------------------
POST /bridge/464/m3vbe2cb/xhr_streaming 1ms (unfinished)
------------------------------------------------------------------------------------------------------
POST /bridge/464/m3vbe2cb/xhr_send 1ms 204
------------------------------------------------------------------------------------------------------
POST /bridge/322/aq229jui/xhr_streaming 1ms (unfinished)
------------------------------------------------------------------------------------------------------
POST /bridge/322/aq229jui/xhr_send 1ms 204
------------------------------------------------------------------------------------------------------
GET /bridge/info 0ms 200
------------------------------------------------------------------------------------------------------
------------------------------------------------------------------------------------------------------
GET /bridge/info 0ms 200
GET /bridge/601/41w4qp5d/websocket 0ms (unfinished)
------------------------------------------------------------------------------------------------------
GET /bridge/103/lt5ixjjx/websocket 0ms (unfinished)
------------------------------------------------------------------------------------------------------
POST /bridge/601/_d50k5sl/xhr_streaming 1ms (unfinished)
------------------------------------------------------------------------------------------------------
POST /bridge/601/_d50k5sl/xhr_send 1ms 204
------------------------------------------------------------------------------------------------------
POST /bridge/103/nd8virmu/xhr_streaming 1ms (unfinished)
------------------------------------------------------------------------------------------------------
------------------------------------------------------------------------------------------------------
GET /bridge/info 1ms 200
GET /bridge/info 0ms 200
------------------------------------------------------------------------------------------------------
GET /bridge/089/503086js/websocket 0ms (unfinished)
------------------------------------------------------------------------------------------------------
GET /bridge/956/c9i6i619/websocket 0ms (unfinished)
------------------------------------------------------------------------------------------------------
GET /bridge/info 0ms 200
------------------------------------------------------------------------------------------------------
GET /bridge/info 1ms 200
------------------------------------------------------------------------------------------------------
GET /bridge/424/fknj5x99/websocket 0ms (unfinished)
------------------------------------------------------------------------------------------------------
GET /bridge/482/8xyba_04/websocket 1ms (unfinished)
------------------------------------------------------------------------------------------------------
GET /bridge/info 1ms 200
------------------------------------------------------------------------------------------------------
------------------------------------------------------------------------------------------------------
GET /bridge/info 0ms 200
GET /bridge/752/fuajmter/websocket 0ms (unfinished)
------------------------------------------------------------------------------------------------------
GET /bridge/689/ru1fl2ri/websocket 0ms (unfinished)
------------------------------------------------------------------------------------------------------
GET /bridge/info 0ms 200
------------------------------------------------------------------------------------------------------
GET /bridge/info 0ms 200
------------------------------------------------------------------------------------------------------
GET /bridge/105/guhdw439/websocket 1ms (unfinished)
------------------------------------------------------------------------------------------------------
------------------------------------------------------------------------------------------------------
GET /bridge/848/x2ns0b8x/websocket 0ms (unfinished)
GET /bridge/info 0ms 200
------------------------------------------------------------------------------------------------------
GET /bridge/info 0ms 200
------------------------------------------------------------------------------------------------------
------------------------------------------------------------------------------------------------------
GET /bridge/422/u6lj0odn/websocket 0ms (unfinished)
GET /bridge/087/b_aqjde7/websocket 0ms (unfinished)
------------------------------------------------------------------------------------------------------
GET /bridge/info 0ms 200
------------------------------------------------------------------------------------------------------
GET /bridge/info 0ms 200
------------------------------------------------------------------------------------------------------
GET /bridge/271/au9gyosj/websocket 1ms (unfinished)
------------------------------------------------------------------------------------------------------
GET /bridge/024/m_dmk8lq/websocket 1ms (unfinished)
------------------------------------------------------------------------------------------------------
GET /bridge/info 0ms 200
------------------------------------------------------------------------------------------------------
------------------------------------------------------------------------------------------------------
GET /bridge/info 0ms 200
GET /bridge/621/88bw83pz/websocket 0ms (unfinished)
------------------------------------------------------------------------------------------------------
GET /bridge/940/qglq69y8/websocket 0ms (unfinished)
------------------------------------------------------------------------------------------------------
GET /bridge/info 1ms 200
------------------------------------------------------------------------------------------------------
GET /bridge/info 0ms 200
------------------------------------------------------------------------------------------------------
GET /bridge/847/vv2c26_y/websocket 1ms (unfinished)
------------------------------------------------------------------------------------------------------
GET /bridge/075/u_swrxmk/websocket 0ms (unfinished)
------------------------------------------------------------------------------------------------------
POST /bridge/103/nd8virmu/xhr_send 1ms 204
------------------------------------------------------------------------------------------------------
GET /bridge/info 0ms 200
------------------------------------------------------------------------------------------------------
GET /bridge/info 0ms 200
------------------------------------------------------------------------------------------------------
------------------------------------------------------------------------------------------------------
GET /bridge/243/xn2cx26f/websocket 1ms (unfinished)
GET /bridge/418/ehsnoiah/websocket 1ms (unfinished)
------------------------------------------------------------------------------------------------------
POST /bridge/243/j0tvvn07/xhr_streaming 1ms (unfinished)
------------------------------------------------------------------------------------------------------
------------------------------------------------------------------------------------------------------
POST /bridge/243/j0tvvn07/xhr_send 1ms 204
------------------------------------------------------------------------------------------------------
POST /bridge/418/epcyusor/xhr_streaming 1ms (unfinished)
------------------------------------------------------------------------------------------------------
POST /bridge/418/epcyusor/xhr_send 1ms 204
