GET /bridge/info 1ms 200
------------------------------------------------------------------------------------------------------
GET /bridge/info 1ms 200
------------------------------------------------------------------------------------------------------
GET /bridge/579/lej1vc_c/websocket 0ms (unfinished)
------------------------------------------------------------------------------------------------------
GET /bridge/215/e4kj73zc/websocket 0ms (unfinished)
------------------------------------------------------------------------------------------------------
POST /bridge/579/kc9sjhhk/xhr_streaming 1ms (unfinished)
------------------------------------------------------------------------------------------------------
POST /bridge/579/kc9sjhhk/xhr_send 1ms 204
------------------------------------------------------------------------------------------------------
------------------------------------------------------------------------------------------------------
POST /bridge/215/2saf2777/xhr_streaming 1ms (unfinished)
------------------------------------------------------------------------------------------------------
POST /bridge/215/2saf2777/xhr_send 1ms 204
GET /bridge/info 0ms 200
------------------------------------------------------------------------------------------------------
GET /bridge/info 0ms 200
------------------------------------------------------------------------------------------------------
GET /bridge/602/umupdks5/websocket 0ms (unfinished)
------------------------------------------------------------------------------------------------------
------------------------------------------------------------------------------------------------------
GET /bridge/753/vzehuu4g/websocket 0ms (unfinished)
POST /bridge/602/9y_acpt0/xhr_streaming 1ms (unfinished)
------------------------------------------------------------------------------------------------------
POST /bridge/602/9y_acpt0/xhr_send 1ms 204
------------------------------------------------------------------------------------------------------
POST /bridge/753/v0y2i7_n/xhr_streaming 1ms (unfinished)
------------------------------------------------------------------------------------------------------
POST /bridge/753/v0y2i7_n/xhr_send 1ms 204
------------------------------------------------------------------------------------------------------
GET /bridge/info 0ms 200
------------------------------------------------------------------------------------------------------
GET /bridge/info 0ms 200
------------------------------------------------------------------------------------------------------
------------------------------------------------------------------------------------------------------
GET /bridge/366/a5wpim6_/websocket 0ms (unfinished)
GET /bridge/059/wasr9e22/websocket 0ms (unfinished)
------------------------------------------------------------------------------------------------------
POST /bridge/366/5u1rasar/xhr_streaming 0ms (unfinished)
------------------------------------------------------------------------------------------------------
POST /bridge/059/gtdkpr6_/xhr_streaming 0ms (unfinished)
------------------------------------------------------------------------------------------------------
------------------------------------------------------------------------------------------------------
POST /bridge/059/gtdkpr6_/xhr_send 1ms 204
POST /bridge/366/5u1rasar/xhr_send 1ms 204
------------------------------------------------------------------------------------------------------
GET /bridge/info 1ms 200
------------------------------------------------------------------------------------------------------
------------------------------------------------------------------------------------------------------
GET /bridge/info 0ms 200
GET /bridge/098/8odppj27/websocket 3ms (unfinished)
------------------------------------------------------------------------------------------------------
GET /bridge/757/7uw06xbn/websocket 0ms (unfinished)
------------------------------------------------------------------------------------------------------
POST /bridge/098/hltzpmq7/xhr_streaming 1ms (unfinished)
------------------------------------------------------------------------------------------------------
POST /bridge/098/hltzpmq7/xhr_send 3ms 204
------------------------------------------------------------------------------------------------------
------------------------------------------------------------------------------------------------------
POST /bridge/757/z8vfhrz4/xhr_streaming 1ms (unfinished)
POST /bridge/757/z8vfhrz4/xhr_send 0ms 204
------------------------------------------------------------------------------------------------------
GET /bridge/info 0ms 200
------------------------------------------------------------------------------------------------------
GET /bridge/info 0ms 200
------------------------------------------------------------------------------------------------------
GET /bridge/083/zj3zphqk/websocket 0ms (unfinished)
------------------------------------------------------------------------------------------------------
------------------------------------------------------------------------------------------------------
GET /bridge/057/5iv2zgdf/websocket 0ms (unfinished)
GET /bridge/info 1ms 200
------------------------------------------------------------------------------------------------------
------------------------------------------------------------------------------------------------------
GET /bridge/info 1ms 200
GET /bridge/750/y8qcd92b/websocket 1ms (unfinished)
------------------------------------------------------------------------------------------------------
GET /bridge/131/wtutxhpe/websocket 1ms (unfinished)
------------------------------------------------------------------------------------------------------
POST /bridge/463/f0r073px/xhr_send 1ms 404
------------------------------------------------------------------------------------------------------
GET /bridge/info 0ms 200
------------------------------------------------------------------------------------------------------
GET /bridge/info 0ms 200
------------------------------------------------------------------------------------------------------
GET /bridge/839/0423_hjf/websocket 0ms (unfinished)
------------------------------------------------------------------------------------------------------
GET /bridge/781/saef4go1/websocket 0ms (unfinished)
------------------------------------------------------------------------------------------------------
POST /bridge/839/9sleg40u/xhr_streaming 1ms (unfinished)
------------------------------------------------------------------------------------------------------
------------------------------------------------------------------------------------------------------
POST /bridge/839/9sleg40u/xhr_send 1ms 204
------------------------------------------------------------------------------------------------------
POST /bridge/781/jg9sn_oe/xhr_streaming 1ms (unfinished)
POST /bridge/781/jg9sn_oe/xhr_send 1ms 204
------------------------------------------------------------------------------------------------------
------------------------------------------------------------------------------------------------------
GET /bridge/info 0ms 200
------------------------------------------------------------------------------------------------------
GET /bridge/info 1ms 200
GET /bridge/591/hpldrywy/websocket 1ms (unfinished)
------------------------------------------------------------------------------------------------------
GET /bridge/031/yuir4sbb/websocket 0ms (unfinished)
------------------------------------------------------------------------------------------------------
POST /bridge/591/thwejlqw/xhr_streaming 0ms (unfinished)
------------------------------------------------------------------------------------------------------
------------------------------------------------------------------------------------------------------
------------------------------------------------------------------------------------------------------
POST /bridge/591/thwejlqw/xhr_send 1ms 204
POST /bridge/031/14uvps1q/xhr_streaming 1ms (unfinished)
POST /bridge/031/14uvps1q/xhr_send 1ms 204
------------------------------------------------------------------------------------------------------
GET /bridge/info 1ms 200
------------------------------------------------------------------------------------------------------
GET /bridge/info 0ms 200
------------------------------------------------------------------------------------------------------
GET /bridge/956/8yfhe450/websocket 0ms (unfinished)
------------------------------------------------------------------------------------------------------
GET /bridge/125/w8mg1dg0/websocket 0ms (unfinished)
------------------------------------------------------------------------------------------------------
------------------------------------------------------------------------------------------------------
POST /bridge/956/v57nwump/xhr_streaming 1ms (unfinished)
------------------------------------------------------------------------------------------------------
POST /bridge/956/v57nwump/xhr_send 1ms 204
POST /bridge/125/9rs640y2/xhr_streaming 1ms (unfinished)
------------------------------------------------------------------------------------------------------
GET /bridge/info 0ms 200
------------------------------------------------------------------------------------------------------
GET /bridge/info 1ms 200
------------------------------------------------------------------------------------------------------
GET /bridge/819/jne4z34v/websocket 0ms (unfinished)
------------------------------------------------------------------------------------------------------
GET /bridge/762/qcn09vu1/websocket 0ms (unfinished)
------------------------------------------------------------------------------------------------------
------------------------------------------------------------------------------------------------------
POST /bridge/819/pxf_lfwp/xhr_streaming 0ms (unfinished)
POST /bridge/819/pxf_lfwp/xhr_send 2ms 204
------------------------------------------------------------------------------------------------------
POST /bridge/762/utfsk68_/xhr_streaming 0ms (unfinished)
------------------------------------------------------------------------------------------------------
POST /bridge/762/utfsk68_/xhr_send 1ms 204
------------------------------------------------------------------------------------------------------
GET /bridge/info 1ms 200
------------------------------------------------------------------------------------------------------
GET /bridge/info 0ms 200
------------------------------------------------------------------------------------------------------
GET /bridge/898/es7cidjv/websocket 1ms (unfinished)
------------------------------------------------------------------------------------------------------
GET /bridge/136/_3g6we9z/websocket 0ms (unfinished)
------------------------------------------------------------------------------------------------------
POST /bridge/898/085mzy75/xhr_streaming 0ms (unfinished)
------------------------------------------------------------------------------------------------------
------------------------------------------------------------------------------------------------------
POST /bridge/898/085mzy75/xhr_send 1ms 204
POST /bridge/136/jnxuvybf/xhr_streaming 0ms (unfinished)
------------------------------------------------------------------------------------------------------
POST /bridge/136/jnxuvybf/xhr_send 1ms 204
------------------------------------------------------------------------------------------------------
POST /bridge/125/9rs640y2/xhr_send 1ms 404
------------------------------------------------------------------------------------------------------
------------------------------------------------------------------------------------------------------
GET /bridge/info 1ms 200
GET /bridge/info 0ms 200
------------------------------------------------------------------------------------------------------
------------------------------------------------------------------------------------------------------
GET /bridge/829/hj6i4cw7/websocket 0ms (unfinished)
GET /bridge/730/14z9r6w0/websocket 0ms (unfinished)
------------------------------------------------------------------------------------------------------
------------------------------------------------------------------------------------------------------
POST /bridge/829/6yzqkkvw/xhr_streaming 1ms (unfinished)
POST /bridge/829/6yzqkkvw/xhr_send 1ms 204
------------------------------------------------------------------------------------------------------
POST /bridge/730/wwj8aq0r/xhr_streaming 1ms (unfinished)
------------------------------------------------------------------------------------------------------
GET /bridge/info 1ms 200
------------------------------------------------------------------------------------------------------
GET /bridge/info 1ms 200
------------------------------------------------------------------------------------------------------
GET /bridge/519/4q3fblam/websocket 3ms (unfinished)
------------------------------------------------------------------------------------------------------
GET /bridge/322/q19mvyyg/websocket 0ms (unfinished)
------------------------------------------------------------------------------------------------------
------------------------------------------------------------------------------------------------------
POST /bridge/519/px4x57wq/xhr_streaming 1ms (unfinished)
POST /bridge/322/m0d82tyg/xhr_streaming 1ms (unfinished)
------------------------------------------------------------------------------------------------------
POST /bridge/519/px4x57wq/xhr_send 3ms 204
------------------------------------------------------------------------------------------------------
------------------------------------------------------------------------------------------------------
POST /bridge/322/m0d82tyg/xhr_send 1ms 204
------------------------------------------------------------------------------------------------------
GET /bridge/info 0ms 200
GET /bridge/info 0ms 200
------------------------------------------------------------------------------------------------------
GET /bridge/973/w2bueiri/websocket 0ms (unfinished)
------------------------------------------------------------------------------------------------------
POST /bridge/973/5gcz3okw/xhr_streaming 0ms (unfinished)
------------------------------------------------------------------------------------------------------
POST /bridge/973/5gcz3okw/xhr_send 1ms 204
------------------------------------------------------------------------------------------------------
POST /bridge/440/brekbs9v/xhr_streaming 0ms (unfinished)
------------------------------------------------------------------------------------------------------
------------------------------------------------------------------------------------------------------
POST /bridge/440/brekbs9v/xhr_send 1ms 204
GET /bridge/info 0ms 200
------------------------------------------------------------------------------------------------------
GET /bridge/info 0ms 200
------------------------------------------------------------------------------------------------------
GET /bridge/562/06inqf_j/websocket 1ms (unfinished)
------------------------------------------------------------------------------------------------------
GET /bridge/125/1zk4hyrq/websocket 0ms (unfinished)
------------------------------------------------------------------------------------------------------
------------------------------------------------------------------------------------------------------
POST /bridge/562/42j7oxuw/xhr_streaming 1ms (unfinished)
------------------------------------------------------------------------------------------------------
POST /bridge/562/42j7oxuw/xhr_send 1ms 204
POST /bridge/125/kpvgntky/xhr_streaming 1ms (unfinished)
------------------------------------------------------------------------------------------------------
POST /bridge/125/kpvgntky/xhr_send 1ms 204
------------------------------------------------------------------------------------------------------
------------------------------------------------------------------------------------------------------
GET /bridge/info 1ms 200
GET /bridge/info 0ms 200
------------------------------------------------------------------------------------------------------
GET /bridge/401/yl3uzqt9/websocket 0ms (unfinished)
------------------------------------------------------------------------------------------------------
GET /bridge/440/gqa7e62i/websocket 1ms (unfinished)
------------------------------------------------------------------------------------------------------
POST /bridge/440/hmy9ey9q/xhr_streaming 1ms (unfinished)
------------------------------------------------------------------------------------------------------
------------------------------------------------------------------------------------------------------
POST /bridge/440/hmy9ey9q/xhr_send 1ms 204
POST /bridge/401/_kpmrvlf/xhr 1ms 200
------------------------------------------------------------------------------------------------------
------------------------------------------------------------------------------------------------------
POST /bridge/401/_kpmrvlf/xhr_send 1ms 204
------------------------------------------------------------------------------------------------------
POST /bridge/401/_kpmrvlf/xhr 1ms 200
------------------------------------------------------------------------------------------------------
POST /bridge/401/_kpmrvlf/xhr 0ms (unfinished)
------------------------------------------------------------------------------------------------------
GET /bridge/info 0ms 200
GET /bridge/info 0ms 200
------------------------------------------------------------------------------------------------------
GET /bridge/131/cut27y42/websocket 0ms (unfinished)
------------------------------------------------------------------------------------------------------
------------------------------------------------------------------------------------------------------
GET /bridge/154/ccmd41_c/websocket 0ms (unfinished)
POST /bridge/401/_kpmrvlf/xhr 0ms (unfinished)
------------------------------------------------------------------------------------------------------
------------------------------------------------------------------------------------------------------
POST /bridge/401/_kpmrvlf/xhr 2ms (unfinished)
POST /bridge/401/_kpmrvlf/xhr 0ms (unfinished)
------------------------------------------------------------------------------------------------------
------------------------------------------------------------------------------------------------------
POST /bridge/401/_kpmrvlf/xhr 0ms (unfinished)
GET /bridge/info 1ms 200
------------------------------------------------------------------------------------------------------
GET /bridge/info 1ms 200
------------------------------------------------------------------------------------------------------
GET /bridge/499/hahwldn3/websocket 3ms (unfinished)
------------------------------------------------------------------------------------------------------
------------------------------------------------------------------------------------------------------
GET /bridge/637/hyyv_34z/websocket 0ms (unfinished)
POST /bridge/401/_kpmrvlf/xhr 1ms (unfinished)
------------------------------------------------------------------------------------------------------
POST /bridge/401/_kpmrvlf/xhr 1ms (unfinished)
------------------------------------------------------------------------------------------------------
GET /bridge/info 0ms 200
------------------------------------------------------------------------------------------------------
GET /bridge/info 0ms 200
------------------------------------------------------------------------------------------------------
GET /bridge/631/pam6s7iv/websocket 0ms (unfinished)
------------------------------------------------------------------------------------------------------
------------------------------------------------------------------------------------------------------
GET /bridge/002/uahbcxl7/websocket 0ms (unfinished)
POST /bridge/631/jjl6mbz8/xhr_streaming 1ms (unfinished)
------------------------------------------------------------------------------------------------------
POST /bridge/631/jjl6mbz8/xhr_send 4ms 204
------------------------------------------------------------------------------------------------------
POST /bridge/002/pd4_u6o7/xhr_streaming 1ms (unfinished)
------------------------------------------------------------------------------------------------------
POST /bridge/002/pd4_u6o7/xhr_send 1ms 204
------------------------------------------------------------------------------------------------------
POST /bridge/401/_kpmrvlf/xhr 1ms (unfinished)
------------------------------------------------------------------------------------------------------
------------------------------------------------------------------------------------------------------
GET /bridge/info 1ms 200
------------------------------------------------------------------------------------------------------
GET /bridge/info 0ms 200
GET /bridge/619/526pt4_e/websocket 1ms (unfinished)
------------------------------------------------------------------------------------------------------
GET /bridge/178/o7govm3k/websocket 1ms (unfinished)
------------------------------------------------------------------------------------------------------
POST /bridge/401/_kpmrvlf/xhr 0ms (unfinished)
------------------------------------------------------------------------------------------------------
POST /bridge/401/_kpmrvlf/xhr 0ms (unfinished)
------------------------------------------------------------------------------------------------------
POST /bridge/401/_kpmrvlf/xhr 1ms (unfinished)
------------------------------------------------------------------------------------------------------
POST /bridge/401/_kpmrvlf/xhr 1ms (unfinished)
------------------------------------------------------------------------------------------------------
------------------------------------------------------------------------------------------------------
GET /bridge/info 0ms 200
GET /bridge/info 1ms 200
------------------------------------------------------------------------------------------------------
GET /bridge/628/mrgj8uvi/websocket 0ms (unfinished)
------------------------------------------------------------------------------------------------------
POST /bridge/401/_kpmrvlf/xhr 1ms (unfinished)
------------------------------------------------------------------------------------------------------
POST /bridge/401/_kpmrvlf/xhr 0ms (unfinished)
------------------------------------------------------------------------------------------------------
POST /bridge/401/_kpmrvlf/xhr 1ms (unfinished)
------------------------------------------------------------------------------------------------------
------------------------------------------------------------------------------------------------------
GET /bridge/info 1ms 200
GET /bridge/info 0ms 200
------------------------------------------------------------------------------------------------------
------------------------------------------------------------------------------------------------------
GET /bridge/542/tpo_ybc8/websocket 0ms (unfinished)
GET /bridge/916/xubb0rte/websocket 0ms (unfinished)
------------------------------------------------------------------------------------------------------
POST /bridge/401/_kpmrvlf/xhr 1ms (unfinished)
------------------------------------------------------------------------------------------------------
POST /bridge/401/_kpmrvlf/xhr 1ms (unfinished)
------------------------------------------------------------------------------------------------------
------------------------------------------------------------------------------------------------------
GET /bridge/info 1ms 200
------------------------------------------------------------------------------------------------------
GET /bridge/info 1ms 200
GET /bridge/860/u08g5a78/websocket 1ms (unfinished)
------------------------------------------------------------------------------------------------------
GET /bridge/956/7zawrt36/websocket 0ms (unfinished)
------------------------------------------------------------------------------------------------------
POST /bridge/401/_kpmrvlf/xhr 0ms (unfinished)
------------------------------------------------------------------------------------------------------
POST /bridge/401/_kpmrvlf/xhr 0ms (unfinished)
------------------------------------------------------------------------------------------------------
GET /bridge/info 0ms 200
------------------------------------------------------------------------------------------------------
------------------------------------------------------------------------------------------------------
GET /bridge/info 0ms 200
------------------------------------------------------------------------------------------------------
GET /bridge/360/uheobmed/websocket 1ms (unfinished)
GET /bridge/649/w34pckn8/websocket 0ms (unfinished)
------------------------------------------------------------------------------------------------------
POST /bridge/401/_kpmrvlf/xhr 0ms (unfinished)
------------------------------------------------------------------------------------------------------
POST /bridge/360/99asmwhy/xhr_streaming 0ms (unfinished)
------------------------------------------------------------------------------------------------------
POST /bridge/360/99asmwhy/xhr_send 3ms 204
------------------------------------------------------------------------------------------------------
------------------------------------------------------------------------------------------------------
POST /bridge/649/20_42agj/xhr_streaming 0ms (unfinished)
------------------------------------------------------------------------------------------------------
GET /bridge/info 0ms 200
GET /bridge/info 0ms 200
------------------------------------------------------------------------------------------------------
GET /bridge/188/3lb8yv9u/websocket 0ms (unfinished)
------------------------------------------------------------------------------------------------------
GET /bridge/460/p3idawtm/websocket 1ms (unfinished)
------------------------------------------------------------------------------------------------------
POST /bridge/649/20_42agj/xhr_send 1ms 204
------------------------------------------------------------------------------------------------------
POST /bridge/401/_kpmrvlf/xhr 0ms (unfinished)
------------------------------------------------------------------------------------------------------
POST /bridge/401/_kpmrvlf/xhr 2ms (unfinished)
------------------------------------------------------------------------------------------------------
POST /bridge/401/_kpmrvlf/xhr 0ms (unfinished)
------------------------------------------------------------------------------------------------------
POST /bridge/401/_kpmrvlf/xhr 0ms (unfinished)
------------------------------------------------------------------------------------------------------
POST /bridge/401/_kpmrvlf/xhr 0ms (unfinished)
------------------------------------------------------------------------------------------------------
POST /bridge/401/_kpmrvlf/xhr 1ms (unfinished)
------------------------------------------------------------------------------------------------------
------------------------------------------------------------------------------------------------------
POST /bridge/401/_kpmrvlf/xhr 1ms (unfinished)
POST /bridge/401/_kpmrvlf/xhr 0ms (unfinished)
------------------------------------------------------------------------------------------------------
POST /bridge/401/_kpmrvlf/xhr 0ms (unfinished)
------------------------------------------------------------------------------------------------------
POST /bridge/401/_kpmrvlf/xhr 1ms (unfinished)
------------------------------------------------------------------------------------------------------
POST /bridge/401/_kpmrvlf/xhr 0ms (unfinished)
------------------------------------------------------------------------------------------------------
POST /bridge/401/_kpmrvlf/xhr 0ms (unfinished)
------------------------------------------------------------------------------------------------------
------------------------------------------------------------------------------------------------------
POST /bridge/401/_kpmrvlf/xhr 0ms (unfinished)
POST /bridge/401/_kpmrvlf/xhr 0ms (unfinished)
------------------------------------------------------------------------------------------------------
POST /bridge/401/_kpmrvlf/xhr 0ms (unfinished)
------------------------------------------------------------------------------------------------------
POST /bridge/401/_kpmrvlf/xhr 1ms (unfinished)
------------------------------------------------------------------------------------------------------
------------------------------------------------------------------------------------------------------
GET /bridge/info 1ms 200
GET /bridge/info 1ms 200
------------------------------------------------------------------------------------------------------
GET /bridge/100/h4x54sri/websocket 3ms (unfinished)
------------------------------------------------------------------------------------------------------
POST /bridge/401/_kpmrvlf/xhr 1ms (unfinished)
------------------------------------------------------------------------------------------------------
POST /bridge/401/_kpmrvlf/xhr 1ms (unfinished)
------------------------------------------------------------------------------------------------------
POST /bridge/401/_kpmrvlf/xhr 1ms (unfinished)
------------------------------------------------------------------------------------------------------
POST /bridge/401/_kpmrvlf/xhr 0ms (unfinished)
------------------------------------------------------------------------------------------------------
------------------------------------------------------------------------------------------------------
POST /bridge/401/_kpmrvlf/xhr 0ms (unfinished)
POST /bridge/401/_kpmrvlf/xhr 0ms (unfinished)
------------------------------------------------------------------------------------------------------
POST /bridge/401/_kpmrvlf/xhr 0ms (unfinished)
------------------------------------------------------------------------------------------------------
POST /bridge/401/_kpmrvlf/xhr 1ms (unfinished)
------------------------------------------------------------------------------------------------------
------------------------------------------------------------------------------------------------------
POST /bridge/401/_kpmrvlf/xhr 0ms (unfinished)
------------------------------------------------------------------------------------------------------
POST /bridge/401/_kpmrvlf/xhr 0ms (unfinished)
POST /bridge/401/_kpmrvlf/xhr 0ms (unfinished)
------------------------------------------------------------------------------------------------------
POST /bridge/401/_kpmrvlf/xhr 0ms (unfinished)
------------------------------------------------------------------------------------------------------
POST /bridge/401/_kpmrvlf/xhr 1ms (unfinished)
------------------------------------------------------------------------------------------------------
POST /bridge/401/_kpmrvlf/xhr 0ms (unfinished)
------------------------------------------------------------------------------------------------------
GET /bridge/info 2ms 200
------------------------------------------------------------------------------------------------------
GET /bridge/info 0ms 200
------------------------------------------------------------------------------------------------------
------------------------------------------------------------------------------------------------------
GET /bridge/547/f7g28ig6/websocket 3ms (unfinished)
GET /bridge/348/94ia8raa/websocket 0ms (unfinished)
------------------------------------------------------------------------------------------------------
------------------------------------------------------------------------------------------------------
POST /bridge/401/_kpmrvlf/xhr 0ms (unfinished)
POST /bridge/401/_kpmrvlf/xhr 0ms (unfinished)
------------------------------------------------------------------------------------------------------
POST /bridge/401/_kpmrvlf/xhr 0ms (unfinished)
------------------------------------------------------------------------------------------------------
POST /bridge/401/_kpmrvlf/xhr 0ms (unfinished)
------------------------------------------------------------------------------------------------------
POST /bridge/401/_kpmrvlf/xhr 0ms (unfinished)
------------------------------------------------------------------------------------------------------
POST /bridge/401/_kpmrvlf/xhr 1ms (unfinished)
------------------------------------------------------------------------------------------------------
------------------------------------------------------------------------------------------------------
POST /bridge/401/_kpmrvlf/xhr 0ms (unfinished)
------------------------------------------------------------------------------------------------------
POST /bridge/401/_kpmrvlf/xhr 0ms (unfinished)
------------------------------------------------------------------------------------------------------
POST /bridge/401/_kpmrvlf/xhr 1ms (unfinished)
GET /bridge/info 0ms 200
------------------------------------------------------------------------------------------------------
GET /bridge/info 1ms 200
------------------------------------------------------------------------------------------------------
------------------------------------------------------------------------------------------------------
GET /bridge/335/nmnzpatq/websocket 1ms (unfinished)
------------------------------------------------------------------------------------------------------
GET /bridge/007/glffvj5s/websocket 0ms (unfinished)
POST /bridge/401/_kpmrvlf/xhr 0ms (unfinished)
------------------------------------------------------------------------------------------------------
------------------------------------------------------------------------------------------------------
POST /bridge/401/_kpmrvlf/xhr 0ms (unfinished)
POST /bridge/401/_kpmrvlf/xhr 0ms (unfinished)
------------------------------------------------------------------------------------------------------
GET /bridge/info 1ms 200
------------------------------------------------------------------------------------------------------
GET /bridge/info 1ms 200
------------------------------------------------------------------------------------------------------
------------------------------------------------------------------------------------------------------
GET /bridge/857/iqk2juhf/websocket 0ms (unfinished)
GET /bridge/456/7d6sdid7/websocket 0ms (unfinished)
------------------------------------------------------------------------------------------------------
POST /bridge/401/_kpmrvlf/xhr 0ms (unfinished)
------------------------------------------------------------------------------------------------------
POST /bridge/401/_kpmrvlf/xhr 0ms (unfinished)
------------------------------------------------------------------------------------------------------
POST /bridge/401/_kpmrvlf/xhr 0ms (unfinished)
------------------------------------------------------------------------------------------------------
POST /bridge/401/_kpmrvlf/xhr 0ms (unfinished)
------------------------------------------------------------------------------------------------------
POST /bridge/401/_kpmrvlf/xhr 0ms (unfinished)
------------------------------------------------------------------------------------------------------
POST /bridge/401/_kpmrvlf/xhr 0ms (unfinished)
------------------------------------------------------------------------------------------------------
------------------------------------------------------------------------------------------------------
POST /bridge/401/_kpmrvlf/xhr 0ms (unfinished)
POST /bridge/401/_kpmrvlf/xhr 0ms (unfinished)
------------------------------------------------------------------------------------------------------
POST /bridge/401/_kpmrvlf/xhr 1ms (unfinished)
------------------------------------------------------------------------------------------------------
GET /bridge/info 0ms 200
------------------------------------------------------------------------------------------------------
GET /bridge/info 0ms 200
------------------------------------------------------------------------------------------------------
------------------------------------------------------------------------------------------------------
GET /bridge/691/rvbxsl30/websocket 1ms (unfinished)
GET /bridge/809/7ffqxdrf/websocket 1ms (unfinished)
------------------------------------------------------------------------------------------------------
------------------------------------------------------------------------------------------------------
POST /bridge/401/_kpmrvlf/xhr 0ms (unfinished)
POST /bridge/401/_kpmrvlf/xhr 0ms (unfinished)
------------------------------------------------------------------------------------------------------
GET /bridge/info 1ms 200
------------------------------------------------------------------------------------------------------
------------------------------------------------------------------------------------------------------
GET /bridge/info 0ms 200
------------------------------------------------------------------------------------------------------
GET /bridge/628/kez_w7sy/websocket 2ms (unfinished)
GET /bridge/042/jx1hpfu9/websocket 0ms (unfinished)
------------------------------------------------------------------------------------------------------
POST /bridge/401/_kpmrvlf/xhr 0ms (unfinished)
------------------------------------------------------------------------------------------------------
POST /bridge/401/_kpmrvlf/xhr 0ms (unfinished)
------------------------------------------------------------------------------------------------------
------------------------------------------------------------------------------------------------------
POST /bridge/401/_kpmrvlf/xhr 0ms (unfinished)
POST /bridge/401/_kpmrvlf/xhr 1ms (unfinished)
------------------------------------------------------------------------------------------------------
------------------------------------------------------------------------------------------------------
POST /bridge/401/_kpmrvlf/xhr 1ms (unfinished)
POST /bridge/401/_kpmrvlf/xhr 0ms (unfinished)
------------------------------------------------------------------------------------------------------
POST /bridge/401/_kpmrvlf/xhr 0ms (unfinished)
------------------------------------------------------------------------------------------------------
POST /bridge/401/_kpmrvlf/xhr 1ms (unfinished)
------------------------------------------------------------------------------------------------------
POST /bridge/401/_kpmrvlf/xhr 1ms (unfinished)
------------------------------------------------------------------------------------------------------
------------------------------------------------------------------------------------------------------
POST /bridge/401/_kpmrvlf/xhr 1ms (unfinished)
GET /bridge/info 1ms 200
------------------------------------------------------------------------------------------------------
GET /bridge/info 0ms 200
------------------------------------------------------------------------------------------------------
GET /bridge/769/ijar1bxs/websocket 1ms (unfinished)
------------------------------------------------------------------------------------------------------
GET /bridge/707/ej_bmqz5/websocket 0ms (unfinished)
------------------------------------------------------------------------------------------------------
------------------------------------------------------------------------------------------------------
POST /bridge/401/_kpmrvlf/xhr 0ms (unfinished)
POST /bridge/401/_kpmrvlf/xhr 0ms (unfinished)
------------------------------------------------------------------------------------------------------
POST /bridge/401/_kpmrvlf/xhr 0ms (unfinished)
------------------------------------------------------------------------------------------------------
------------------------------------------------------------------------------------------------------
POST /bridge/401/_kpmrvlf/xhr 0ms (unfinished)
POST /bridge/401/_kpmrvlf/xhr 0ms (unfinished)
------------------------------------------------------------------------------------------------------
GET /bridge/info 1ms 200
------------------------------------------------------------------------------------------------------
GET /bridge/info 1ms 200
------------------------------------------------------------------------------------------------------
------------------------------------------------------------------------------------------------------
GET /bridge/263/ioeeapeq/websocket 0ms (unfinished)
------------------------------------------------------------------------------------------------------
GET /bridge/105/_9onvv9a/websocket 0ms (unfinished)
POST /bridge/401/_kpmrvlf/xhr 0ms (unfinished)
------------------------------------------------------------------------------------------------------
POST /bridge/401/_kpmrvlf/xhr 1ms (unfinished)
------------------------------------------------------------------------------------------------------
POST /bridge/401/_kpmrvlf/xhr 0ms (unfinished)
------------------------------------------------------------------------------------------------------
------------------------------------------------------------------------------------------------------
POST /bridge/401/_kpmrvlf/xhr 0ms (unfinished)
POST /bridge/401/_kpmrvlf/xhr 1ms (unfinished)
------------------------------------------------------------------------------------------------------
POST /bridge/401/_kpmrvlf/xhr 1ms (unfinished)
------------------------------------------------------------------------------------------------------
------------------------------------------------------------------------------------------------------
POST /bridge/401/_kpmrvlf/xhr 1ms (unfinished)
POST /bridge/401/_kpmrvlf/xhr 0ms (unfinished)
------------------------------------------------------------------------------------------------------
POST /bridge/401/_kpmrvlf/xhr 1ms (unfinished)
------------------------------------------------------------------------------------------------------
POST /bridge/730/wwj8aq0r/xhr_send 2ms 404
------------------------------------------------------------------------------------------------------
POST /bridge/401/_kpmrvlf/xhr 1ms (unfinished)
------------------------------------------------------------------------------------------------------
------------------------------------------------------------------------------------------------------
POST /bridge/401/_kpmrvlf/xhr 1ms (unfinished)
POST /bridge/401/_kpmrvlf/xhr 0ms (unfinished)
------------------------------------------------------------------------------------------------------
------------------------------------------------------------------------------------------------------
POST /bridge/401/_kpmrvlf/xhr 0ms (unfinished)
------------------------------------------------------------------------------------------------------
POST /bridge/401/_kpmrvlf/xhr 0ms (unfinished)
POST /bridge/401/_kpmrvlf/xhr 0ms (unfinished)
------------------------------------------------------------------------------------------------------
------------------------------------------------------------------------------------------------------
POST /bridge/401/_kpmrvlf/xhr 1ms (unfinished)
------------------------------------------------------------------------------------------------------
POST /bridge/401/_kpmrvlf/xhr 0ms (unfinished)
------------------------------------------------------------------------------------------------------
GET /bridge/info 0ms 200
------------------------------------------------------------------------------------------------------
GET /bridge/info 0ms 200
GET /bridge/756/e6vm_37o/websocket 0ms (unfinished)
------------------------------------------------------------------------------------------------------
------------------------------------------------------------------------------------------------------
GET /bridge/661/uvue99tk/websocket 0ms (unfinished)
------------------------------------------------------------------------------------------------------
POST /bridge/401/_kpmrvlf/xhr 1ms (unfinished)
POST /bridge/756/8qqqn2ja/xhr_streaming 0ms (unfinished)
------------------------------------------------------------------------------------------------------
------------------------------------------------------------------------------------------------------
GET /bridge/info 0ms 200
GET /bridge/info 0ms 200
------------------------------------------------------------------------------------------------------
GET /bridge/806/kgly2qru/websocket 0ms (unfinished)
------------------------------------------------------------------------------------------------------
------------------------------------------------------------------------------------------------------
GET /bridge/187/bvuyg7qg/websocket 0ms (unfinished)
GET /bridge/info 1ms 200
------------------------------------------------------------------------------------------------------
GET /bridge/info 0ms 200
------------------------------------------------------------------------------------------------------
GET /bridge/268/oc2fsj_o/websocket 2ms (unfinished)
------------------------------------------------------------------------------------------------------
GET /bridge/300/0rbjhw_z/websocket 0ms (unfinished)
------------------------------------------------------------------------------------------------------
GET /bridge/info 0ms 200
------------------------------------------------------------------------------------------------------
GET /bridge/info 0ms 200
------------------------------------------------------------------------------------------------------
GET /bridge/381/1l74kxr_/websocket 0ms (unfinished)
------------------------------------------------------------------------------------------------------
GET /bridge/314/lqtzfmxr/websocket 0ms (unfinished)
------------------------------------------------------------------------------------------------------
------------------------------------------------------------------------------------------------------
GET /bridge/info 0ms 200
------------------------------------------------------------------------------------------------------
GET /bridge/info 1ms 200
------------------------------------------------------------------------------------------------------
GET /bridge/780/ehad7gjn/websocket 0ms (unfinished)
GET /bridge/155/ovn36kqd/websocket 1ms (unfinished)
------------------------------------------------------------------------------------------------------
POST /bridge/780/sp8mxwqt/xhr_streaming 1ms (unfinished)
------------------------------------------------------------------------------------------------------
POST /bridge/780/sp8mxwqt/xhr_send 3ms 204
------------------------------------------------------------------------------------------------------
POST /bridge/155/b29z57ri/xhr_streaming 1ms (unfinished)
------------------------------------------------------------------------------------------------------
------------------------------------------------------------------------------------------------------
POST /bridge/155/b29z57ri/xhr_send 0ms 204
GET /bridge/info 1ms 200
------------------------------------------------------------------------------------------------------
------------------------------------------------------------------------------------------------------
GET /bridge/info 1ms 200
GET /bridge/939/eg00a2ug/websocket 3ms (unfinished)
------------------------------------------------------------------------------------------------------
GET /bridge/220/ffbi6vlm/websocket 0ms (unfinished)
------------------------------------------------------------------------------------------------------
POST /bridge/939/s115ppnl/xhr_streaming 1ms (unfinished)
------------------------------------------------------------------------------------------------------
------------------------------------------------------------------------------------------------------
POST /bridge/939/s115ppnl/xhr_send 4ms 204
POST /bridge/220/y83xkt50/xhr_streaming 1ms (unfinished)
------------------------------------------------------------------------------------------------------
POST /bridge/220/y83xkt50/xhr_send 1ms 204
------------------------------------------------------------------------------------------------------
GET /bridge/info 1ms 200
------------------------------------------------------------------------------------------------------
GET /bridge/info 0ms 200
------------------------------------------------------------------------------------------------------
GET /bridge/605/3y87ai7j/websocket 0ms (unfinished)
------------------------------------------------------------------------------------------------------
GET /bridge/467/i6pnyq2u/websocket 0ms (unfinished)
------------------------------------------------------------------------------------------------------
------------------------------------------------------------------------------------------------------
GET /bridge/info 0ms 200
GET /bridge/info 1ms 200
------------------------------------------------------------------------------------------------------
GET /bridge/742/f476t58m/websocket 1ms (unfinished)
------------------------------------------------------------------------------------------------------
GET /bridge/114/hvea4v14/websocket 1ms (unfinished)
------------------------------------------------------------------------------------------------------
POST /bridge/742/o0sffsj0/xhr_streaming 1ms (unfinished)
------------------------------------------------------------------------------------------------------
------------------------------------------------------------------------------------------------------
POST /bridge/742/o0sffsj0/xhr_send 1ms 204
POST /bridge/114/hxkfy1wt/xhr_streaming 0ms (unfinished)
------------------------------------------------------------------------------------------------------
GET /bridge/info 0ms 200
------------------------------------------------------------------------------------------------------
GET /bridge/info 1ms 200
------------------------------------------------------------------------------------------------------
GET /bridge/543/f5lhu1mw/websocket 0ms (unfinished)
------------------------------------------------------------------------------------------------------
GET /bridge/826/gfa64aey/websocket 1ms (unfinished)
------------------------------------------------------------------------------------------------------
GET /bridge/info 0ms 200
------------------------------------------------------------------------------------------------------
------------------------------------------------------------------------------------------------------
GET /bridge/info 0ms 200
GET /bridge/161/pgah6ish/websocket 0ms (unfinished)
------------------------------------------------------------------------------------------------------
GET /bridge/393/wne6n3lq/websocket 0ms (unfinished)
------------------------------------------------------------------------------------------------------
GET /bridge/info 2ms 200
------------------------------------------------------------------------------------------------------
GET /bridge/info 0ms 200
------------------------------------------------------------------------------------------------------
GET /bridge/291/3vtthbzk/websocket 6ms (unfinished)
------------------------------------------------------------------------------------------------------
GET /bridge/768/ky1ljfyq/websocket 0ms (unfinished)
------------------------------------------------------------------------------------------------------
POST /bridge/401/_kpmrvlf/xhr 2ms 200
------------------------------------------------------------------------------------------------------
POST /bridge/756/8qqqn2ja/xhr_send 6ms 204
------------------------------------------------------------------------------------------------------
GET /bridge/info 1ms 200
------------------------------------------------------------------------------------------------------
GET /bridge/info 0ms 200
------------------------------------------------------------------------------------------------------
GET /bridge/721/99f4xqdj/websocket 3ms (unfinished)
------------------------------------------------------------------------------------------------------
GET /bridge/798/ch5zon4r/websocket 0ms (unfinished)
------------------------------------------------------------------------------------------------------
POST /bridge/721/i4amwj9d/xhr_streaming 1ms (unfinished)
------------------------------------------------------------------------------------------------------
------------------------------------------------------------------------------------------------------
POST /bridge/721/i4amwj9d/xhr_send 2ms 204
POST /bridge/798/jadaqcym/xhr_streaming 1ms (unfinished)
------------------------------------------------------------------------------------------------------
POST /bridge/798/jadaqcym/xhr_send 1ms 204
------------------------------------------------------------------------------------------------------
GET /bridge/info 0ms 200
------------------------------------------------------------------------------------------------------
GET /bridge/info 0ms 200
------------------------------------------------------------------------------------------------------
GET /bridge/588/nh4kx5c_/websocket 0ms (unfinished)
------------------------------------------------------------------------------------------------------
GET /bridge/516/s7herfry/websocket 0ms (unfinished)
------------------------------------------------------------------------------------------------------
POST /bridge/588/ix6ku9sc/xhr_streaming 0ms (unfinished)
------------------------------------------------------------------------------------------------------
POST /bridge/588/ix6ku9sc/xhr_send 1ms 204
------------------------------------------------------------------------------------------------------
POST /bridge/516/kk8yvcnk/xhr_streaming 1ms (unfinished)
------------------------------------------------------------------------------------------------------
------------------------------------------------------------------------------------------------------
POST /bridge/516/kk8yvcnk/xhr_send 1ms 204
------------------------------------------------------------------------------------------------------
GET /bridge/info 1ms 200
GET /bridge/info 0ms 200
------------------------------------------------------------------------------------------------------
GET /bridge/679/vekapwv0/websocket 3ms (unfinished)
------------------------------------------------------------------------------------------------------
GET /bridge/054/cfcezpj0/websocket 0ms (unfinished)
------------------------------------------------------------------------------------------------------
GET /bridge/info 1ms 200
------------------------------------------------------------------------------------------------------
GET /bridge/info 0ms 200
------------------------------------------------------------------------------------------------------
GET /bridge/587/av1_v3o9/websocket 2ms (unfinished)
------------------------------------------------------------------------------------------------------
------------------------------------------------------------------------------------------------------
GET /bridge/904/2b74vqgp/websocket 0ms (unfinished)
POST /bridge/587/l7t488e8/xhr_streaming 1ms (unfinished)
------------------------------------------------------------------------------------------------------
POST /bridge/587/l7t488e8/xhr_send 4ms 204
------------------------------------------------------------------------------------------------------
POST /bridge/904/p561buf2/xhr_streaming 0ms (unfinished)
------------------------------------------------------------------------------------------------------
------------------------------------------------------------------------------------------------------
POST /bridge/904/p561buf2/xhr_send 0ms 204
------------------------------------------------------------------------------------------------------
GET /bridge/info 1ms 200
GET /bridge/info 0ms 200
------------------------------------------------------------------------------------------------------
GET /bridge/340/24b04ch5/websocket 1ms (unfinished)
------------------------------------------------------------------------------------------------------
GET /bridge/203/t_h2hp3g/websocket 0ms (unfinished)
------------------------------------------------------------------------------------------------------
------------------------------------------------------------------------------------------------------
GET /bridge/info 1ms 200
GET /bridge/info 1ms 200
------------------------------------------------------------------------------------------------------
------------------------------------------------------------------------------------------------------
GET /bridge/975/fpc6d91h/websocket 1ms (unfinished)
GET /bridge/831/rjru8tvk/websocket 0ms (unfinished)
------------------------------------------------------------------------------------------------------
GET /bridge/info 1ms 200
------------------------------------------------------------------------------------------------------
GET /bridge/info 1ms 200
------------------------------------------------------------------------------------------------------
GET /bridge/705/tsjpkfct/websocket 0ms (unfinished)
------------------------------------------------------------------------------------------------------
GET /bridge/073/636_2x4l/websocket 0ms (unfinished)
------------------------------------------------------------------------------------------------------
------------------------------------------------------------------------------------------------------
GET /bridge/info 1ms 200
GET /bridge/info 0ms 200
------------------------------------------------------------------------------------------------------
------------------------------------------------------------------------------------------------------
GET /bridge/292/r2e9_yqd/websocket 0ms (unfinished)
GET /bridge/829/n0sa9p9v/websocket 0ms (unfinished)
------------------------------------------------------------------------------------------------------
------------------------------------------------------------------------------------------------------
POST /bridge/114/hxkfy1wt/xhr_send 3ms 204
GET /bridge/info 2ms 200
------------------------------------------------------------------------------------------------------
GET /bridge/info 1ms 200
------------------------------------------------------------------------------------------------------
------------------------------------------------------------------------------------------------------
GET /bridge/247/24yiypx5/websocket 2ms (unfinished)
GET /bridge/781/jm9n4l4i/websocket 1ms (unfinished)
------------------------------------------------------------------------------------------------------
------------------------------------------------------------------------------------------------------
POST /bridge/247/golhxd3w/xhr_streaming 2ms (unfinished)
POST /bridge/247/golhxd3w/xhr_send 1ms 204
------------------------------------------------------------------------------------------------------
POST /bridge/781/nxb6hiqu/xhr_streaming 1ms (unfinished)
------------------------------------------------------------------------------------------------------
POST /bridge/781/nxb6hiqu/xhr_send 1ms 204
------------------------------------------------------------------------------------------------------
------------------------------------------------------------------------------------------------------
GET /bridge/info 2ms 200
GET /bridge/info 0ms 200
------------------------------------------------------------------------------------------------------
------------------------------------------------------------------------------------------------------
GET /bridge/615/lss49kqm/websocket 2ms (unfinished)
GET /bridge/433/sm43r91t/websocket 0ms (unfinished)
------------------------------------------------------------------------------------------------------
POST /bridge/615/i62l2ku1/xhr_streaming 0ms (unfinished)
------------------------------------------------------------------------------------------------------
POST /bridge/615/i62l2ku1/xhr_send 3ms 204
------------------------------------------------------------------------------------------------------
POST /bridge/433/kkfcx8_m/xhr_streaming 1ms (unfinished)
------------------------------------------------------------------------------------------------------
------------------------------------------------------------------------------------------------------
POST /bridge/433/kkfcx8_m/xhr_send 1ms 204
GET /bridge/info 0ms 200
------------------------------------------------------------------------------------------------------
GET /bridge/info 0ms 200
------------------------------------------------------------------------------------------------------
GET /bridge/360/vdubt448/websocket 1ms (unfinished)
------------------------------------------------------------------------------------------------------
------------------------------------------------------------------------------------------------------
GET /bridge/702/ij7_weoq/websocket 0ms (unfinished)
------------------------------------------------------------------------------------------------------
POST /bridge/360/38e05ejm/xhr_streaming 1ms (unfinished)
------------------------------------------------------------------------------------------------------
POST /bridge/360/38e05ejm/xhr_send 1ms 204
------------------------------------------------------------------------------------------------------
POST /bridge/702/1r17jhal/xhr_streaming 1ms (unfinished)
POST /bridge/702/1r17jhal/xhr_send 1ms 204
------------------------------------------------------------------------------------------------------
GET /bridge/info 1ms 200
------------------------------------------------------------------------------------------------------
GET /bridge/768/jcyrmjod/websocket 1ms (unfinished)
------------------------------------------------------------------------------------------------------
GET /bridge/info 0ms 200
------------------------------------------------------------------------------------------------------
GET /bridge/297/hj6c_x49/websocket 0ms (unfinished)
------------------------------------------------------------------------------------------------------
POST /bridge/768/z7p28l82/xhr_streaming 0ms (unfinished)
------------------------------------------------------------------------------------------------------
POST /bridge/768/z7p28l82/xhr_send 1ms 204
------------------------------------------------------------------------------------------------------
------------------------------------------------------------------------------------------------------
POST /bridge/297/bstv0efz/xhr_streaming 0ms (unfinished)
GET /bridge/info 1ms 200
------------------------------------------------------------------------------------------------------
GET /bridge/info 0ms 200
------------------------------------------------------------------------------------------------------
------------------------------------------------------------------------------------------------------
GET /bridge/067/fwmti5hn/websocket 3ms (unfinished)
GET /bridge/680/12ulblk5/websocket 0ms (unfinished)
------------------------------------------------------------------------------------------------------
GET /bridge/info 0ms 200
------------------------------------------------------------------------------------------------------
GET /bridge/info 0ms 200
------------------------------------------------------------------------------------------------------
GET /bridge/273/amaiqtrj/websocket 0ms (unfinished)
------------------------------------------------------------------------------------------------------
GET /bridge/545/q_uc3_9f/websocket 0ms (unfinished)
------------------------------------------------------------------------------------------------------
POST /bridge/273/eocf_wj5/xhr_streaming 1ms (unfinished)
------------------------------------------------------------------------------------------------------
POST /bridge/273/eocf_wj5/xhr_send 4ms 204
------------------------------------------------------------------------------------------------------
------------------------------------------------------------------------------------------------------
POST /bridge/545/5uxsa_at/xhr_streaming 0ms (unfinished)
POST /bridge/545/5uxsa_at/xhr_send 1ms 204
------------------------------------------------------------------------------------------------------
GET /bridge/info 0ms 200
------------------------------------------------------------------------------------------------------
------------------------------------------------------------------------------------------------------
GET /bridge/info 0ms 200
GET /bridge/188/6r16zrfb/websocket 0ms (unfinished)
------------------------------------------------------------------------------------------------------
GET /bridge/334/2q5o956l/websocket 0ms (unfinished)
------------------------------------------------------------------------------------------------------
GET /bridge/info 1ms 200
------------------------------------------------------------------------------------------------------
GET /bridge/info 1ms 200
------------------------------------------------------------------------------------------------------
GET /bridge/503/rrrmtcb9/websocket 1ms (unfinished)
------------------------------------------------------------------------------------------------------
GET /bridge/040/7z4x3pue/websocket 0ms (unfinished)
------------------------------------------------------------------------------------------------------
GET /bridge/info 0ms 200
------------------------------------------------------------------------------------------------------
GET /bridge/info 2ms 200
------------------------------------------------------------------------------------------------------
GET /bridge/604/j9g2puy9/websocket 1ms (unfinished)
------------------------------------------------------------------------------------------------------
GET /bridge/106/adjxkn96/websocket 0ms (unfinished)
------------------------------------------------------------------------------------------------------
GET /bridge/info 1ms 200
------------------------------------------------------------------------------------------------------
GET /bridge/info 1ms 200
------------------------------------------------------------------------------------------------------
GET /bridge/032/dafcosn5/websocket 1ms (unfinished)
------------------------------------------------------------------------------------------------------
------------------------------------------------------------------------------------------------------
GET /bridge/804/5pjhmrqk/websocket 0ms (unfinished)
GET /bridge/info 0ms 200
------------------------------------------------------------------------------------------------------
GET /bridge/869/7ws2ym_0/websocket 0ms (unfinished)
------------------------------------------------------------------------------------------------------
GET /bridge/info 0ms 200
------------------------------------------------------------------------------------------------------
GET /bridge/110/1tcjmp5r/websocket 1ms (unfinished)
------------------------------------------------------------------------------------------------------
------------------------------------------------------------------------------------------------------
GET /bridge/info 1ms 200
GET /bridge/info 1ms 200
------------------------------------------------------------------------------------------------------
GET /bridge/410/o_5w9f_s/websocket 2ms (unfinished)
------------------------------------------------------------------------------------------------------
------------------------------------------------------------------------------------------------------
GET /bridge/809/1bumpcgr/websocket 0ms (unfinished)
GET /bridge/info 0ms 200
------------------------------------------------------------------------------------------------------
GET /bridge/info 0ms 200
------------------------------------------------------------------------------------------------------
GET /bridge/080/uvtx86td/websocket 0ms (unfinished)
------------------------------------------------------------------------------------------------------
GET /bridge/432/qanl_yqc/websocket 0ms (unfinished)
------------------------------------------------------------------------------------------------------
POST /bridge/080/n3u1sghp/xhr_streaming 1ms (unfinished)
------------------------------------------------------------------------------------------------------
------------------------------------------------------------------------------------------------------
Exception on "POST /bridge/080/n3u1sghp/xhr_send" in filter "xhr_send":
RangeError [ERR_SOCKET_BAD_PORT]: Port should be >= 0 and < 65536. Received .
    at validatePort (internal/validators.js:211:11)
    at lookupAndConnect (net.js:1000:5)
    at Socket.connect (net.js:976:5)
    at new module.exports.Socket (C:\Nitrogen\NitroWEB\www\js\lib\webtcp\server\socket.js:67:15)
    at module.exports.WebTCP.dispatch (C:\Nitrogen\NitroWEB\www\js\lib\webtcp\server\webtcp.js:37:40)
    at SockJSConnection.<anonymous> (C:\Nitrogen\NitroWEB\www\js\lib\webtcp\server\webtcp.js:25:12)
    at SockJSConnection.emit (events.js:376:20)
    at Session.didMessage (C:\Nitrogen\NitroWEB\node_modules\sockjs\lib\transport.js:246:25)
    at App.xhr_send (C:\Nitrogen\NitroWEB\node_modules\sockjs\lib\trans-xhr.js:81:15)
    at execute_request (C:\Nitrogen\NitroWEB\node_modules\sockjs\lib\webjs.js:22:37)
POST /bridge/080/n3u1sghp/xhr_send 5ms 500
------------------------------------------------------------------------------------------------------
POST /bridge/432/znttemzi/xhr_streaming 1ms (unfinished)
------------------------------------------------------------------------------------------------------
------------------------------------------------------------------------------------------------------
Exception on "POST /bridge/432/znttemzi/xhr_send" in filter "xhr_send":
RangeError [ERR_SOCKET_BAD_PORT]: Port should be >= 0 and < 65536. Received .
    at validatePort (internal/validators.js:211:11)
    at lookupAndConnect (net.js:1000:5)
    at Socket.connect (net.js:976:5)
    at new module.exports.Socket (C:\Nitrogen\NitroWEB\www\js\lib\webtcp\server\socket.js:67:15)
    at module.exports.WebTCP.dispatch (C:\Nitrogen\NitroWEB\www\js\lib\webtcp\server\webtcp.js:37:40)
    at SockJSConnection.<anonymous> (C:\Nitrogen\NitroWEB\www\js\lib\webtcp\server\webtcp.js:25:12)
    at SockJSConnection.emit (events.js:376:20)
    at Session.didMessage (C:\Nitrogen\NitroWEB\node_modules\sockjs\lib\transport.js:246:25)
    at App.xhr_send (C:\Nitrogen\NitroWEB\node_modules\sockjs\lib\trans-xhr.js:81:15)
    at execute_request (C:\Nitrogen\NitroWEB\node_modules\sockjs\lib\webjs.js:22:37)
POST /bridge/432/znttemzi/xhr_send 2ms 500
------------------------------------------------------------------------------------------------------
GET /bridge/info 1ms 200
------------------------------------------------------------------------------------------------------
GET /bridge/info 1ms 200
------------------------------------------------------------------------------------------------------
GET /bridge/432/b6ld7fha/websocket 0ms (unfinished)
------------------------------------------------------------------------------------------------------
GET /bridge/274/gvbx1pj2/websocket 0ms (unfinished)
------------------------------------------------------------------------------------------------------
POST /bridge/432/ub8nbkzy/xhr_streaming 2ms (unfinished)
------------------------------------------------------------------------------------------------------
Exception on "POST /bridge/432/ub8nbkzy/xhr_send" in filter "xhr_send":
RangeError [ERR_SOCKET_BAD_PORT]: Port should be >= 0 and < 65536. Received .
    at validatePort (internal/validators.js:211:11)
    at lookupAndConnect (net.js:1000:5)
    at Socket.connect (net.js:976:5)
    at new module.exports.Socket (C:\Nitrogen\NitroWEB\www\js\lib\webtcp\server\socket.js:67:15)
    at module.exports.WebTCP.dispatch (C:\Nitrogen\NitroWEB\www\js\lib\webtcp\server\webtcp.js:37:40)
    at SockJSConnection.<anonymous> (C:\Nitrogen\NitroWEB\www\js\lib\webtcp\server\webtcp.js:25:12)
    at SockJSConnection.emit (events.js:376:20)
    at Session.didMessage (C:\Nitrogen\NitroWEB\node_modules\sockjs\lib\transport.js:246:25)
    at App.xhr_send (C:\Nitrogen\NitroWEB\node_modules\sockjs\lib\trans-xhr.js:81:15)
    at execute_request (C:\Nitrogen\NitroWEB\node_modules\sockjs\lib\webjs.js:22:37)
------------------------------------------------------------------------------------------------------
------------------------------------------------------------------------------------------------------
POST /bridge/432/ub8nbkzy/xhr_send 2ms 500
POST /bridge/274/pwqvbt_b/xhr_streaming 1ms (unfinished)
------------------------------------------------------------------------------------------------------
Exception on "POST /bridge/274/pwqvbt_b/xhr_send" in filter "xhr_send":
RangeError [ERR_SOCKET_BAD_PORT]: Port should be >= 0 and < 65536. Received .
    at validatePort (internal/validators.js:211:11)
    at lookupAndConnect (net.js:1000:5)
    at Socket.connect (net.js:976:5)
    at new module.exports.Socket (C:\Nitrogen\NitroWEB\www\js\lib\webtcp\server\socket.js:67:15)
    at module.exports.WebTCP.dispatch (C:\Nitrogen\NitroWEB\www\js\lib\webtcp\server\webtcp.js:37:40)
    at SockJSConnection.<anonymous> (C:\Nitrogen\NitroWEB\www\js\lib\webtcp\server\webtcp.js:25:12)
    at SockJSConnection.emit (events.js:376:20)
    at Session.didMessage (C:\Nitrogen\NitroWEB\node_modules\sockjs\lib\transport.js:246:25)
    at App.xhr_send (C:\Nitrogen\NitroWEB\node_modules\sockjs\lib\trans-xhr.js:81:15)
    at execute_request (C:\Nitrogen\NitroWEB\node_modules\sockjs\lib\webjs.js:22:37)
------------------------------------------------------------------------------------------------------
POST /bridge/274/pwqvbt_b/xhr_send 1ms 500
------------------------------------------------------------------------------------------------------
GET /bridge/info 1ms 200
------------------------------------------------------------------------------------------------------
GET /bridge/info 0ms 200
------------------------------------------------------------------------------------------------------
GET /bridge/427/x1xp4nq8/websocket 0ms (unfinished)
------------------------------------------------------------------------------------------------------
------------------------------------------------------------------------------------------------------
GET /bridge/809/sh5y16yb/websocket 1ms (unfinished)
POST /bridge/427/n68km1wt/xhr_streaming 1ms (unfinished)
------------------------------------------------------------------------------------------------------
Exception on "POST /bridge/427/n68km1wt/xhr_send" in filter "xhr_send":
RangeError [ERR_SOCKET_BAD_PORT]: Port should be >= 0 and < 65536. Received .
    at validatePort (internal/validators.js:211:11)
    at lookupAndConnect (net.js:1000:5)
    at Socket.connect (net.js:976:5)
    at new module.exports.Socket (C:\Nitrogen\NitroWEB\www\js\lib\webtcp\server\socket.js:67:15)
    at module.exports.WebTCP.dispatch (C:\Nitrogen\NitroWEB\www\js\lib\webtcp\server\webtcp.js:37:40)
    at SockJSConnection.<anonymous> (C:\Nitrogen\NitroWEB\www\js\lib\webtcp\server\webtcp.js:25:12)
    at SockJSConnection.emit (events.js:376:20)
    at Session.didMessage (C:\Nitrogen\NitroWEB\node_modules\sockjs\lib\transport.js:246:25)
    at App.xhr_send (C:\Nitrogen\NitroWEB\node_modules\sockjs\lib\trans-xhr.js:81:15)
    at execute_request (C:\Nitrogen\NitroWEB\node_modules\sockjs\lib\webjs.js:22:37)
POST /bridge/427/n68km1wt/xhr_send 6ms 500
------------------------------------------------------------------------------------------------------
------------------------------------------------------------------------------------------------------
------------------------------------------------------------------------------------------------------
POST /bridge/809/i_82687h/xhr_streaming 1ms (unfinished)
GET /bridge/info 1ms 200
------------------------------------------------------------------------------------------------------
GET /bridge/info 1ms 200
------------------------------------------------------------------------------------------------------
GET /bridge/525/prcaj2zh/websocket 0ms (unfinished)
------------------------------------------------------------------------------------------------------
------------------------------------------------------------------------------------------------------
GET /bridge/879/4jlci7p5/websocket 0ms (unfinished)
GET /bridge/info 0ms 200
------------------------------------------------------------------------------------------------------
------------------------------------------------------------------------------------------------------
GET /bridge/info 0ms 200
GET /bridge/405/rzarhb1o/websocket 1ms (unfinished)
------------------------------------------------------------------------------------------------------
GET /bridge/655/yalasezc/websocket 1ms (unfinished)
------------------------------------------------------------------------------------------------------
------------------------------------------------------------------------------------------------------
GET /bridge/info 1ms 200
GET /bridge/info 1ms 200
------------------------------------------------------------------------------------------------------
GET /bridge/747/aho7gin4/websocket 1ms (unfinished)
------------------------------------------------------------------------------------------------------
GET /bridge/683/baz_23mx/websocket 1ms (unfinished)
------------------------------------------------------------------------------------------------------
GET /bridge/info 0ms 200
------------------------------------------------------------------------------------------------------
------------------------------------------------------------------------------------------------------
GET /bridge/info 0ms 200
GET /bridge/076/8t37v4xe/websocket 0ms (unfinished)
------------------------------------------------------------------------------------------------------
GET /bridge/463/d90m61pe/websocket 0ms (unfinished)
------------------------------------------------------------------------------------------------------
GET /bridge/info 0ms 200
------------------------------------------------------------------------------------------------------
GET /bridge/info 1ms 200
------------------------------------------------------------------------------------------------------
GET /bridge/690/qsc37wt6/websocket 0ms (unfinished)
------------------------------------------------------------------------------------------------------
GET /bridge/686/tel0n6hw/websocket 1ms (unfinished)
------------------------------------------------------------------------------------------------------
------------------------------------------------------------------------------------------------------
GET /bridge/info 1ms 200
GET /bridge/info 0ms 200
------------------------------------------------------------------------------------------------------
GET /bridge/222/cs89vsfm/websocket 0ms (unfinished)
------------------------------------------------------------------------------------------------------
GET /bridge/686/owujywt0/websocket 1ms (unfinished)
------------------------------------------------------------------------------------------------------
GET /bridge/info 0ms 200
------------------------------------------------------------------------------------------------------
GET /bridge/info 1ms 200
------------------------------------------------------------------------------------------------------
GET /bridge/068/piz_1y8l/websocket 0ms (unfinished)
------------------------------------------------------------------------------------------------------
------------------------------------------------------------------------------------------------------
GET /bridge/866/govs3fzh/websocket 0ms (unfinished)
GET /bridge/info 0ms 200
------------------------------------------------------------------------------------------------------
------------------------------------------------------------------------------------------------------
GET /bridge/info 0ms 200
GET /bridge/701/2dwiqqth/websocket 1ms (unfinished)
------------------------------------------------------------------------------------------------------
------------------------------------------------------------------------------------------------------
GET /bridge/885/r0kwuyf8/websocket 0ms (unfinished)
POST /bridge/701/hgguss0x/xhr_streaming 1ms (unfinished)
------------------------------------------------------------------------------------------------------
POST /bridge/885/30mr8p53/xhr_streaming 1ms (unfinished)
------------------------------------------------------------------------------------------------------
------------------------------------------------------------------------------------------------------
POST /bridge/701/hgguss0x/xhr_send 3ms 204
POST /bridge/885/30mr8p53/xhr_send 2ms 204
------------------------------------------------------------------------------------------------------
GET /bridge/info 0ms 200
------------------------------------------------------------------------------------------------------
GET /bridge/info 0ms 200
------------------------------------------------------------------------------------------------------
GET /bridge/147/13qob6x6/websocket 1ms (unfinished)
------------------------------------------------------------------------------------------------------
GET /bridge/728/6c2mlnpb/websocket 1ms (unfinished)
------------------------------------------------------------------------------------------------------
POST /bridge/147/thb9zv9f/xhr_streaming 1ms (unfinished)
------------------------------------------------------------------------------------------------------
POST /bridge/147/thb9zv9f/xhr_send 1ms 204
------------------------------------------------------------------------------------------------------
POST /bridge/728/b6oglcpp/xhr_streaming 0ms (unfinished)
------------------------------------------------------------------------------------------------------
GET /bridge/info 0ms 200
------------------------------------------------------------------------------------------------------
------------------------------------------------------------------------------------------------------
GET /bridge/info 1ms 200
GET /bridge/971/ivsqcg9p/websocket 0ms (unfinished)
------------------------------------------------------------------------------------------------------
GET /bridge/163/w7_cn1gu/websocket 0ms (unfinished)
------------------------------------------------------------------------------------------------------
------------------------------------------------------------------------------------------------------
GET /bridge/info 0ms 200
GET /bridge/info 1ms 200
------------------------------------------------------------------------------------------------------
GET /bridge/598/b9l714u6/websocket 1ms (unfinished)
------------------------------------------------------------------------------------------------------
GET /bridge/761/p6bbf079/websocket 0ms (unfinished)
------------------------------------------------------------------------------------------------------
GET /bridge/info 2ms 200
------------------------------------------------------------------------------------------------------
------------------------------------------------------------------------------------------------------
GET /bridge/info 1ms 200
GET /bridge/619/wki66hlg/websocket 3ms (unfinished)
------------------------------------------------------------------------------------------------------
GET /bridge/894/e1n0h2ci/websocket 1ms (unfinished)
------------------------------------------------------------------------------------------------------
GET /bridge/info 1ms 200
------------------------------------------------------------------------------------------------------
------------------------------------------------------------------------------------------------------
GET /bridge/info 1ms 200
GET /bridge/803/d9phzy_1/websocket 0ms (unfinished)
------------------------------------------------------------------------------------------------------
GET /bridge/764/jc1damxm/websocket 0ms (unfinished)
------------------------------------------------------------------------------------------------------
GET /bridge/info 0ms 200
------------------------------------------------------------------------------------------------------
GET /bridge/info 0ms 200
------------------------------------------------------------------------------------------------------
GET /bridge/659/wmkbnkg4/websocket 1ms (unfinished)
------------------------------------------------------------------------------------------------------
GET /bridge/750/sfvqzmkv/websocket 0ms (unfinished)
------------------------------------------------------------------------------------------------------
------------------------------------------------------------------------------------------------------
GET /bridge/info 0ms 200
GET /bridge/info 0ms 200
------------------------------------------------------------------------------------------------------
GET /bridge/419/0po7tjka/websocket 0ms (unfinished)
------------------------------------------------------------------------------------------------------
GET /bridge/368/96euzmo_/websocket 1ms (unfinished)
------------------------------------------------------------------------------------------------------
------------------------------------------------------------------------------------------------------
GET /bridge/info 0ms 200
GET /bridge/info 1ms 200
------------------------------------------------------------------------------------------------------
GET /bridge/360/50kzk45e/websocket 0ms (unfinished)
------------------------------------------------------------------------------------------------------
GET /bridge/105/ha6avq36/websocket 0ms (unfinished)
------------------------------------------------------------------------------------------------------
GET /bridge/info 0ms 200
------------------------------------------------------------------------------------------------------
------------------------------------------------------------------------------------------------------
GET /bridge/info 1ms 200
GET /bridge/819/ytj5nrli/websocket 0ms (unfinished)
------------------------------------------------------------------------------------------------------
------------------------------------------------------------------------------------------------------
GET /bridge/580/blj9swv6/websocket 0ms (unfinished)
------------------------------------------------------------------------------------------------------
GET /bridge/info 0ms 200
GET /bridge/info 0ms 200
------------------------------------------------------------------------------------------------------
------------------------------------------------------------------------------------------------------
GET /bridge/668/isjp112n/websocket 0ms (unfinished)
GET /bridge/479/zwmq099f/websocket 1ms (unfinished)
------------------------------------------------------------------------------------------------------
GET /bridge/info 0ms 200
------------------------------------------------------------------------------------------------------
GET /bridge/info 1ms 200
------------------------------------------------------------------------------------------------------
GET /bridge/176/egoi9mi1/websocket 0ms (unfinished)
------------------------------------------------------------------------------------------------------
GET /bridge/793/owloz1mw/websocket 0ms (unfinished)
------------------------------------------------------------------------------------------------------
GET /bridge/info 0ms 200
------------------------------------------------------------------------------------------------------
GET /bridge/info 1ms 200
------------------------------------------------------------------------------------------------------
GET /bridge/156/3491zh69/websocket 0ms (unfinished)
------------------------------------------------------------------------------------------------------
GET /bridge/007/0p5kyk6i/websocket 0ms (unfinished)
------------------------------------------------------------------------------------------------------
GET /bridge/info 0ms 200
------------------------------------------------------------------------------------------------------
GET /bridge/info 0ms 200
------------------------------------------------------------------------------------------------------
------------------------------------------------------------------------------------------------------
GET /bridge/678/hkwjoieb/websocket 0ms (unfinished)
GET /bridge/350/jmlhoaj_/websocket 0ms (unfinished)
------------------------------------------------------------------------------------------------------
------------------------------------------------------------------------------------------------------
GET /bridge/info 1ms 200
------------------------------------------------------------------------------------------------------
GET /bridge/info 1ms 200
GET /bridge/128/nvggp_eu/websocket 3ms (unfinished)
------------------------------------------------------------------------------------------------------
GET /bridge/385/687bbc4e/websocket 0ms (unfinished)
------------------------------------------------------------------------------------------------------
GET /bridge/info 0ms 200
------------------------------------------------------------------------------------------------------
GET /bridge/info 0ms 200
------------------------------------------------------------------------------------------------------
GET /bridge/504/gaa7pqvq/websocket 0ms (unfinished)
------------------------------------------------------------------------------------------------------
GET /bridge/696/b7vtfg0u/websocket 0ms (unfinished)
------------------------------------------------------------------------------------------------------
------------------------------------------------------------------------------------------------------
GET /bridge/info 0ms 200
GET /bridge/info 0ms 200
------------------------------------------------------------------------------------------------------
GET /bridge/442/ttonujms/websocket 0ms (unfinished)
------------------------------------------------------------------------------------------------------
GET /bridge/018/r2_34ayf/websocket 0ms (unfinished)
------------------------------------------------------------------------------------------------------
POST /bridge/297/bstv0efz/xhr_send 4ms 204
------------------------------------------------------------------------------------------------------
POST /bridge/728/b6oglcpp/xhr_send 1ms 404
------------------------------------------------------------------------------------------------------
