------------------------------------------------------------------------------------------------------
GET /bridge/info 0ms 200
------------------------------------------------------------------------------------------------------
GET /bridge/info 1ms 200
------------------------------------------------------------------------------------------------------
GET /bridge/145/swqck9cj/websocket 0ms (unfinished)
------------------------------------------------------------------------------------------------------
GET /bridge/840/zc2a_w_7/websocket 0ms (unfinished)
POST /bridge/145/ioapv1ar/xhr_streaming 0ms (unfinished)
------------------------------------------------------------------------------------------------------
POST /bridge/145/ioapv1ar/xhr_send 1ms 204
------------------------------------------------------------------------------------------------------
------------------------------------------------------------------------------------------------------
POST /bridge/840/7c0yoofk/xhr_streaming 0ms (unfinished)
POST /bridge/840/7c0yoofk/xhr_send 1ms 204
------------------------------------------------------------------------------------------------------
GET /bridge/info 1ms 200
------------------------------------------------------------------------------------------------------
------------------------------------------------------------------------------------------------------
GET /bridge/info 1ms 200
GET /bridge/427/1dg_6ibw/websocket 0ms (unfinished)
------------------------------------------------------------------------------------------------------
GET /bridge/950/5kqph85v/websocket 0ms (unfinished)
------------------------------------------------------------------------------------------------------
POST /bridge/427/x6if1_aa/xhr_streaming 1ms (unfinished)
------------------------------------------------------------------------------------------------------
POST /bridge/427/x6if1_aa/xhr_send 1ms 204
------------------------------------------------------------------------------------------------------
POST /bridge/950/frb_l08j/xhr_streaming 0ms (unfinished)
------------------------------------------------------------------------------------------------------
POST /bridge/950/frb_l08j/xhr_send 1ms 204
------------------------------------------------------------------------------------------------------
------------------------------------------------------------------------------------------------------
GET /bridge/info 1ms 200
GET /bridge/info 0ms 200
------------------------------------------------------------------------------------------------------
------------------------------------------------------------------------------------------------------
GET /bridge/562/ilorl6yl/websocket 0ms (unfinished)
GET /bridge/124/eyisthzi/websocket 0ms (unfinished)
------------------------------------------------------------------------------------------------------
POST /bridge/562/ggfbyovc/xhr_streaming 0ms (unfinished)
------------------------------------------------------------------------------------------------------
------------------------------------------------------------------------------------------------------
POST /bridge/562/ggfbyovc/xhr_send 1ms 204
POST /bridge/124/71k99njp/xhr_streaming 0ms (unfinished)
------------------------------------------------------------------------------------------------------
------------------------------------------------------------------------------------------------------
GET /bridge/info 0ms 200
GET /bridge/info 0ms 200
------------------------------------------------------------------------------------------------------
------------------------------------------------------------------------------------------------------
GET /bridge/950/c8au89qf/websocket 0ms (unfinished)
GET /bridge/227/vmlqoi7u/websocket 1ms (unfinished)
------------------------------------------------------------------------------------------------------
------------------------------------------------------------------------------------------------------
POST /bridge/950/okgl31az/xhr_streaming 0ms (unfinished)
POST /bridge/227/zdc7343e/xhr_streaming 0ms (unfinished)
------------------------------------------------------------------------------------------------------
POST /bridge/950/okgl31az/xhr_send 1ms 204
------------------------------------------------------------------------------------------------------
POST /bridge/227/zdc7343e/xhr_send 1ms 204
------------------------------------------------------------------------------------------------------
GET /bridge/info 1ms 200
------------------------------------------------------------------------------------------------------
GET /bridge/info 0ms 200
------------------------------------------------------------------------------------------------------
GET /bridge/662/q7xpdk1o/websocket 0ms (unfinished)
------------------------------------------------------------------------------------------------------
GET /bridge/275/2owl4tss/websocket 0ms (unfinished)
------------------------------------------------------------------------------------------------------
------------------------------------------------------------------------------------------------------
GET /bridge/info 1ms 200
GET /bridge/info 0ms 200
------------------------------------------------------------------------------------------------------
GET /bridge/727/se1i_uy4/websocket 1ms (unfinished)
------------------------------------------------------------------------------------------------------
GET /bridge/888/y1qokyut/websocket 0ms (unfinished)
------------------------------------------------------------------------------------------------------
GET /bridge/info 1ms 200
------------------------------------------------------------------------------------------------------
GET /bridge/info 0ms 200
------------------------------------------------------------------------------------------------------
GET /bridge/295/isjzsa3t/websocket 2ms (unfinished)
------------------------------------------------------------------------------------------------------
GET /bridge/783/yf95zvap/websocket 2ms (unfinished)
------------------------------------------------------------------------------------------------------
POST /bridge/295/p8tjvr4n/xhr_streaming 1ms (unfinished)
------------------------------------------------------------------------------------------------------
POST /bridge/783/dfd5bpug/xhr_streaming 1ms (unfinished)
------------------------------------------------------------------------------------------------------
POST /bridge/295/p8tjvr4n/xhr_send 3ms 204
------------------------------------------------------------------------------------------------------
POST /bridge/783/dfd5bpug/xhr_send 0ms 204
------------------------------------------------------------------------------------------------------
------------------------------------------------------------------------------------------------------
GET /bridge/info 1ms 200
GET /bridge/info 0ms 200
------------------------------------------------------------------------------------------------------
GET /bridge/884/pqjiro5q/websocket 2ms (unfinished)
------------------------------------------------------------------------------------------------------
------------------------------------------------------------------------------------------------------
GET /bridge/054/cwa19m5z/websocket 0ms (unfinished)
GET /bridge/info 0ms 200
------------------------------------------------------------------------------------------------------
GET /bridge/info 1ms 200
------------------------------------------------------------------------------------------------------
GET /bridge/012/6lkxq42p/websocket 0ms (unfinished)
------------------------------------------------------------------------------------------------------
GET /bridge/893/s9h92_pp/websocket 0ms (unfinished)
------------------------------------------------------------------------------------------------------
POST /bridge/012/g2wtfv5b/xhr_streaming 1ms (unfinished)
------------------------------------------------------------------------------------------------------
POST /bridge/012/g2wtfv5b/xhr_send 5ms 204
------------------------------------------------------------------------------------------------------
------------------------------------------------------------------------------------------------------
POST /bridge/893/b1krf0ha/xhr_streaming 1ms (unfinished)
------------------------------------------------------------------------------------------------------
POST /bridge/893/b1krf0ha/xhr_send 1ms 204
GET /bridge/info 1ms 200
------------------------------------------------------------------------------------------------------
------------------------------------------------------------------------------------------------------
GET /bridge/info 0ms 200
GET /bridge/931/5f2q5bld/websocket 0ms (unfinished)
------------------------------------------------------------------------------------------------------
GET /bridge/403/a3x_bjac/websocket 0ms (unfinished)
------------------------------------------------------------------------------------------------------
------------------------------------------------------------------------------------------------------
POST /bridge/931/p88g4yo2/xhr_streaming 1ms (unfinished)
POST /bridge/931/p88g4yo2/xhr_send 2ms 204
------------------------------------------------------------------------------------------------------
POST /bridge/403/i77vn328/xhr_streaming 1ms (unfinished)
------------------------------------------------------------------------------------------------------
POST /bridge/403/i77vn328/xhr_send 1ms 204
------------------------------------------------------------------------------------------------------
GET /bridge/info 0ms 200
------------------------------------------------------------------------------------------------------
GET /bridge/info 0ms 200
------------------------------------------------------------------------------------------------------
GET /bridge/253/kitse7u1/websocket 0ms (unfinished)
------------------------------------------------------------------------------------------------------
GET /bridge/162/6v602peg/websocket 0ms (unfinished)
------------------------------------------------------------------------------------------------------
------------------------------------------------------------------------------------------------------
POST /bridge/253/ul0iux1t/xhr_streaming 0ms (unfinished)
POST /bridge/253/ul0iux1t/xhr_send 1ms 204
------------------------------------------------------------------------------------------------------
POST /bridge/162/uenb3c72/xhr_streaming 1ms (unfinished)
------------------------------------------------------------------------------------------------------
------------------------------------------------------------------------------------------------------
POST /bridge/162/uenb3c72/xhr_send 1ms 204
GET /bridge/info 1ms 200
------------------------------------------------------------------------------------------------------
GET /bridge/info 1ms 200
------------------------------------------------------------------------------------------------------
GET /bridge/551/_m60mp3b/websocket 3ms (unfinished)
------------------------------------------------------------------------------------------------------
GET /bridge/633/eugs8zbq/websocket 1ms (unfinished)
------------------------------------------------------------------------------------------------------
POST /bridge/551/63li70m5/xhr_streaming 1ms (unfinished)
------------------------------------------------------------------------------------------------------
POST /bridge/551/63li70m5/xhr_send 4ms 204
------------------------------------------------------------------------------------------------------
POST /bridge/633/vcnaqqcv/xhr_streaming 0ms (unfinished)
------------------------------------------------------------------------------------------------------
GET /bridge/info 1ms 200
------------------------------------------------------------------------------------------------------
GET /bridge/info 0ms 200
------------------------------------------------------------------------------------------------------
GET /bridge/855/t11xsh73/websocket 2ms (unfinished)
------------------------------------------------------------------------------------------------------
GET /bridge/997/w4vl3uzf/websocket 0ms (unfinished)
------------------------------------------------------------------------------------------------------
GET /bridge/info 1ms 200
------------------------------------------------------------------------------------------------------
GET /bridge/info 0ms 200
------------------------------------------------------------------------------------------------------
GET /bridge/673/tqqv0l_w/websocket 3ms (unfinished)
------------------------------------------------------------------------------------------------------
GET /bridge/516/pg2plbmi/websocket 1ms (unfinished)
------------------------------------------------------------------------------------------------------
GET /bridge/info 1ms 200
------------------------------------------------------------------------------------------------------
GET /bridge/info 0ms 200
------------------------------------------------------------------------------------------------------
------------------------------------------------------------------------------------------------------
GET /bridge/681/yzkrxvtp/websocket 0ms (unfinished)
GET /bridge/538/041fi699/websocket 0ms (unfinished)
------------------------------------------------------------------------------------------------------
GET /bridge/info 1ms 200
------------------------------------------------------------------------------------------------------
------------------------------------------------------------------------------------------------------
GET /bridge/info 0ms 200
GET /bridge/852/qgoyzq0j/websocket 1ms (unfinished)
------------------------------------------------------------------------------------------------------
GET /bridge/781/ifxsvyp8/websocket 1ms (unfinished)
------------------------------------------------------------------------------------------------------
------------------------------------------------------------------------------------------------------
GET /bridge/info 1ms 200
------------------------------------------------------------------------------------------------------
GET /bridge/info 1ms 200
GET /bridge/118/9yo2ura8/websocket 1ms (unfinished)
------------------------------------------------------------------------------------------------------
GET /bridge/523/1gom62gc/websocket 1ms (unfinished)
------------------------------------------------------------------------------------------------------
------------------------------------------------------------------------------------------------------
POST /bridge/118/9k8mzltx/xhr_streaming 1ms (unfinished)
POST /bridge/523/rzgo73wx/xhr_streaming 1ms (unfinished)
------------------------------------------------------------------------------------------------------
POST /bridge/118/9k8mzltx/xhr_send 3ms 204
------------------------------------------------------------------------------------------------------
------------------------------------------------------------------------------------------------------
POST /bridge/523/rzgo73wx/xhr_send 1ms 204
GET /bridge/info 1ms 200
------------------------------------------------------------------------------------------------------
GET /bridge/info 1ms 200
------------------------------------------------------------------------------------------------------
------------------------------------------------------------------------------------------------------
GET /bridge/692/b5s99n0b/websocket 1ms (unfinished)
GET /bridge/779/qff6tu2w/websocket 0ms (unfinished)
------------------------------------------------------------------------------------------------------
POST /bridge/692/o1nfdro8/xhr_streaming 0ms (unfinished)
------------------------------------------------------------------------------------------------------
------------------------------------------------------------------------------------------------------
POST /bridge/692/o1nfdro8/xhr_send 1ms 204
------------------------------------------------------------------------------------------------------
POST /bridge/779/slaeihhq/xhr_streaming 1ms (unfinished)
------------------------------------------------------------------------------------------------------
POST /bridge/779/slaeihhq/xhr_send 1ms 204
GET /bridge/info 0ms 200
------------------------------------------------------------------------------------------------------
GET /bridge/info 0ms 200
------------------------------------------------------------------------------------------------------
GET /bridge/393/2ar5f6fv/websocket 0ms (unfinished)
------------------------------------------------------------------------------------------------------
GET /bridge/839/ne0bpv5e/websocket 0ms (unfinished)
------------------------------------------------------------------------------------------------------
------------------------------------------------------------------------------------------------------
GET /bridge/info 2ms 200
------------------------------------------------------------------------------------------------------
GET /bridge/info 0ms 200
GET /bridge/034/ve32chdp/websocket 2ms (unfinished)
------------------------------------------------------------------------------------------------------
GET /bridge/285/8eymy8_v/websocket 0ms (unfinished)
------------------------------------------------------------------------------------------------------
------------------------------------------------------------------------------------------------------
GET /bridge/info 1ms 200
GET /bridge/info 0ms 200
------------------------------------------------------------------------------------------------------
GET /bridge/500/2ed664v6/websocket 0ms (unfinished)
------------------------------------------------------------------------------------------------------
GET /bridge/930/yjhbpaqa/websocket 1ms (unfinished)
------------------------------------------------------------------------------------------------------
GET /bridge/info 1ms 200
------------------------------------------------------------------------------------------------------
GET /bridge/info 0ms 200
------------------------------------------------------------------------------------------------------
GET /bridge/646/bhj3fnvd/websocket 3ms (unfinished)
------------------------------------------------------------------------------------------------------
GET /bridge/340/joxrl849/websocket 1ms (unfinished)
------------------------------------------------------------------------------------------------------
GET /bridge/info 0ms 200
------------------------------------------------------------------------------------------------------
GET /bridge/info 1ms 200
------------------------------------------------------------------------------------------------------
GET /bridge/852/4jni_xhr/websocket 1ms (unfinished)
------------------------------------------------------------------------------------------------------
------------------------------------------------------------------------------------------------------
GET /bridge/727/0ofzpdgv/websocket 0ms (unfinished)
GET /bridge/info 0ms 200
------------------------------------------------------------------------------------------------------
GET /bridge/info 1ms 200
------------------------------------------------------------------------------------------------------
GET /bridge/194/maomhxj1/websocket 2ms (unfinished)
------------------------------------------------------------------------------------------------------
------------------------------------------------------------------------------------------------------
GET /bridge/130/773w_xau/websocket 0ms (unfinished)
GET /bridge/info 0ms 200
------------------------------------------------------------------------------------------------------
------------------------------------------------------------------------------------------------------
GET /bridge/info 0ms 200
------------------------------------------------------------------------------------------------------
GET /bridge/931/l_xqk55w/websocket 0ms (unfinished)
GET /bridge/570/k61bhm19/websocket 0ms (unfinished)
------------------------------------------------------------------------------------------------------
GET /bridge/info 0ms 200
------------------------------------------------------------------------------------------------------
------------------------------------------------------------------------------------------------------
GET /bridge/info 0ms 200
------------------------------------------------------------------------------------------------------
GET /bridge/040/bff4j3od/websocket 0ms (unfinished)
GET /bridge/459/h_l63dky/websocket 0ms (unfinished)
------------------------------------------------------------------------------------------------------
------------------------------------------------------------------------------------------------------
GET /bridge/info 1ms 200
GET /bridge/info 0ms 200
------------------------------------------------------------------------------------------------------
GET /bridge/022/fytc8apv/websocket 0ms (unfinished)
------------------------------------------------------------------------------------------------------
------------------------------------------------------------------------------------------------------
GET /bridge/290/dpbd3ca7/websocket 0ms (unfinished)
------------------------------------------------------------------------------------------------------
14,02,2022,09,00
------------------------------------------------------------------------------------------------------
25,02,2022,09,00
------------------------------------------------------------------------------------------------------
14,02,2022,09,00
------------------------------------------------------------------------------------------------------
25,02,2022,09,00
GET /bridge/info 0ms 200
------------------------------------------------------------------------------------------------------
GET /bridge/info 0ms 200
------------------------------------------------------------------------------------------------------
GET /bridge/664/ezp2qd8w/websocket 1ms (unfinished)
------------------------------------------------------------------------------------------------------
GET /bridge/986/o1grcg3a/websocket 1ms (unfinished)
------------------------------------------------------------------------------------------------------
GET /bridge/info 0ms 200
------------------------------------------------------------------------------------------------------
GET /bridge/info 0ms 200
------------------------------------------------------------------------------------------------------
------------------------------------------------------------------------------------------------------
GET /bridge/889/59szpk64/websocket 1ms (unfinished)
------------------------------------------------------------------------------------------------------
GET /bridge/973/__9ht7s4/websocket 0ms (unfinished)
GET /bridge/info 2ms 200
------------------------------------------------------------------------------------------------------
------------------------------------------------------------------------------------------------------
GET /bridge/info 0ms 200
GET /bridge/363/347bcull/websocket 4ms (unfinished)
------------------------------------------------------------------------------------------------------
GET /bridge/263/vagqlpvj/websocket 0ms (unfinished)
------------------------------------------------------------------------------------------------------
GET /bridge/info 0ms 200
------------------------------------------------------------------------------------------------------
------------------------------------------------------------------------------------------------------
GET /bridge/info 1ms 200
GET /bridge/728/my5rtjoy/websocket 0ms (unfinished)
------------------------------------------------------------------------------------------------------
------------------------------------------------------------------------------------------------------
GET /bridge/776/zy483fsq/websocket 1ms (unfinished)
------------------------------------------------------------------------------------------------------
GET /bridge/info 1ms 200
GET /bridge/info 0ms 200
------------------------------------------------------------------------------------------------------
GET /bridge/179/y_xm0u4r/websocket 0ms (unfinished)
------------------------------------------------------------------------------------------------------
------------------------------------------------------------------------------------------------------
GET /bridge/279/58qmxod5/websocket 0ms (unfinished)
GET /bridge/info 0ms 200
------------------------------------------------------------------------------------------------------
GET /bridge/info 1ms 200
------------------------------------------------------------------------------------------------------
------------------------------------------------------------------------------------------------------
GET /bridge/755/jallezwq/websocket 1ms (unfinished)
------------------------------------------------------------------------------------------------------
GET /bridge/013/zqt659ic/websocket 0ms (unfinished)
POST /bridge/755/qvliam0k/xhr_streaming 1ms (unfinished)
------------------------------------------------------------------------------------------------------
------------------------------------------------------------------------------------------------------
POST /bridge/755/qvliam0k/xhr_send 4ms 204
------------------------------------------------------------------------------------------------------
POST /bridge/013/hv_10qsd/xhr_streaming 2ms (unfinished)
------------------------------------------------------------------------------------------------------
GET /bridge/info 2ms 200
GET /bridge/info 0ms 200
------------------------------------------------------------------------------------------------------
------------------------------------------------------------------------------------------------------
GET /bridge/604/tvqmeij9/websocket 2ms (unfinished)
------------------------------------------------------------------------------------------------------
GET /bridge/731/az1bq8l5/websocket 0ms (unfinished)
GET /bridge/info 3ms 200
------------------------------------------------------------------------------------------------------
GET /bridge/info 0ms 200
------------------------------------------------------------------------------------------------------
GET /bridge/995/i8g0zo86/websocket 2ms (unfinished)
------------------------------------------------------------------------------------------------------
GET /bridge/998/zwwapfxd/websocket 0ms (unfinished)
------------------------------------------------------------------------------------------------------
GET /bridge/info 1ms 200
------------------------------------------------------------------------------------------------------
GET /bridge/info 0ms 200
------------------------------------------------------------------------------------------------------
GET /bridge/430/v38x3yu1/websocket 1ms (unfinished)
------------------------------------------------------------------------------------------------------
GET /bridge/262/6mvld7qk/websocket 1ms (unfinished)
------------------------------------------------------------------------------------------------------
------------------------------------------------------------------------------------------------------
GET /bridge/info 0ms 200
GET /bridge/info 0ms 200
------------------------------------------------------------------------------------------------------
GET /bridge/324/0bpyvvt_/websocket 1ms (unfinished)
------------------------------------------------------------------------------------------------------
GET /bridge/644/t4oh3rai/websocket 1ms (unfinished)
------------------------------------------------------------------------------------------------------
GET /bridge/info 1ms 200
------------------------------------------------------------------------------------------------------
GET /bridge/info 0ms 200
------------------------------------------------------------------------------------------------------
GET /bridge/607/81q_w76c/websocket 2ms (unfinished)
------------------------------------------------------------------------------------------------------
GET /bridge/841/5ejtks76/websocket 0ms (unfinished)
------------------------------------------------------------------------------------------------------
GET /bridge/info 1ms 200
------------------------------------------------------------------------------------------------------
------------------------------------------------------------------------------------------------------
GET /bridge/info 0ms 200
GET /bridge/382/4ify_fuc/websocket 1ms (unfinished)
------------------------------------------------------------------------------------------------------
GET /bridge/077/0df740mr/websocket 1ms (unfinished)
------------------------------------------------------------------------------------------------------
GET /bridge/info 1ms 200
------------------------------------------------------------------------------------------------------
GET /bridge/info 1ms 200
------------------------------------------------------------------------------------------------------
GET /bridge/723/_4ciornh/websocket 1ms (unfinished)
------------------------------------------------------------------------------------------------------
GET /bridge/324/qv0_s_db/websocket 0ms (unfinished)
------------------------------------------------------------------------------------------------------
GET /bridge/info 2ms 200
------------------------------------------------------------------------------------------------------
GET /bridge/info 1ms 200
------------------------------------------------------------------------------------------------------
GET /bridge/306/7aucb48_/websocket 4ms (unfinished)
------------------------------------------------------------------------------------------------------
GET /bridge/185/skae01tj/websocket 0ms (unfinished)
------------------------------------------------------------------------------------------------------
GET /bridge/info 1ms 200
------------------------------------------------------------------------------------------------------
GET /bridge/info 1ms 200
------------------------------------------------------------------------------------------------------
GET /bridge/371/7n9zrdl1/websocket 3ms (unfinished)
------------------------------------------------------------------------------------------------------
GET /bridge/794/679o8oc8/websocket 0ms (unfinished)
------------------------------------------------------------------------------------------------------
------------------------------------------------------------------------------------------------------
GET /bridge/info 0ms 200
GET /bridge/info 1ms 200
------------------------------------------------------------------------------------------------------
GET /bridge/825/18lfwq1a/websocket 0ms (unfinished)
------------------------------------------------------------------------------------------------------
GET /bridge/929/_8ym2zhb/websocket 1ms (unfinished)
------------------------------------------------------------------------------------------------------
GET /bridge/info 0ms 200
------------------------------------------------------------------------------------------------------
------------------------------------------------------------------------------------------------------
GET /bridge/info 0ms 200
GET /bridge/805/081fnglv/websocket 3ms (unfinished)
------------------------------------------------------------------------------------------------------
GET /bridge/669/bx64blrr/websocket 0ms (unfinished)
------------------------------------------------------------------------------------------------------
GET /bridge/info 1ms 200
------------------------------------------------------------------------------------------------------
GET /bridge/info 1ms 200
------------------------------------------------------------------------------------------------------
GET /bridge/669/knc67nol/websocket 0ms (unfinished)
------------------------------------------------------------------------------------------------------
------------------------------------------------------------------------------------------------------
GET /bridge/511/xsi8_fl7/websocket 0ms (unfinished)
25,02,2022,09,00
------------------------------------------------------------------------------------------------------
------------------------------------------------------------------------------------------------------
25,02,2022,09,00
GET /bridge/info 2ms 200
------------------------------------------------------------------------------------------------------
GET /bridge/info 1ms 200
------------------------------------------------------------------------------------------------------
GET /bridge/192/8f36v3g6/websocket 3ms (unfinished)
------------------------------------------------------------------------------------------------------
------------------------------------------------------------------------------------------------------
GET /bridge/777/39u4egpi/websocket 0ms (unfinished)
GET /bridge/info 0ms 200
------------------------------------------------------------------------------------------------------
GET /bridge/info 1ms 200
------------------------------------------------------------------------------------------------------
GET /bridge/359/0x48buif/websocket 0ms (unfinished)
------------------------------------------------------------------------------------------------------
GET /bridge/971/jpiuqe6j/websocket 0ms (unfinished)
------------------------------------------------------------------------------------------------------
GET /bridge/info 1ms 200
------------------------------------------------------------------------------------------------------
------------------------------------------------------------------------------------------------------
GET /bridge/info 0ms 200
GET /bridge/119/ry4zjdyd/websocket 2ms (unfinished)
------------------------------------------------------------------------------------------------------
GET /bridge/068/yuy28rdt/websocket 1ms (unfinished)
------------------------------------------------------------------------------------------------------
GET /bridge/info 1ms 200
------------------------------------------------------------------------------------------------------
------------------------------------------------------------------------------------------------------
GET /bridge/info 1ms 200
GET /bridge/793/2ddsifoo/websocket 0ms (unfinished)
------------------------------------------------------------------------------------------------------
GET /bridge/479/4muqghjx/websocket 1ms (unfinished)
------------------------------------------------------------------------------------------------------
GET /bridge/info 0ms 200
------------------------------------------------------------------------------------------------------
GET /bridge/info 0ms 200
------------------------------------------------------------------------------------------------------
GET /bridge/944/1hbntv7l/websocket 1ms (unfinished)
------------------------------------------------------------------------------------------------------
GET /bridge/456/yavj9k3x/websocket 0ms (unfinished)
------------------------------------------------------------------------------------------------------
GET /bridge/info 1ms 200
------------------------------------------------------------------------------------------------------
GET /bridge/info 1ms 200
------------------------------------------------------------------------------------------------------
------------------------------------------------------------------------------------------------------
GET /bridge/858/mz5_265a/websocket 2ms (unfinished)
GET /bridge/465/hd7778cx/websocket 0ms (unfinished)
------------------------------------------------------------------------------------------------------
GET /bridge/info 0ms 200
------------------------------------------------------------------------------------------------------
------------------------------------------------------------------------------------------------------
GET /bridge/info 0ms 200
GET /bridge/811/m6cbdgas/websocket 1ms (unfinished)
------------------------------------------------------------------------------------------------------
GET /bridge/088/b1tcg3xj/websocket 0ms (unfinished)
------------------------------------------------------------------------------------------------------
GET /bridge/info 1ms 200
------------------------------------------------------------------------------------------------------
GET /bridge/info 0ms 200
------------------------------------------------------------------------------------------------------
GET /bridge/342/xa9h_jc6/websocket 0ms (unfinished)
------------------------------------------------------------------------------------------------------
GET /bridge/594/5u1fryii/websocket 0ms (unfinished)
------------------------------------------------------------------------------------------------------
GET /bridge/info 1ms 200
------------------------------------------------------------------------------------------------------
GET /bridge/info 1ms 200
------------------------------------------------------------------------------------------------------
GET /bridge/553/pxvcjvr4/websocket 0ms (unfinished)
------------------------------------------------------------------------------------------------------
------------------------------------------------------------------------------------------------------
GET /bridge/815/1u1ehj45/websocket 0ms (unfinished)
GET /bridge/info 0ms 200
------------------------------------------------------------------------------------------------------
GET /bridge/info 0ms 200
------------------------------------------------------------------------------------------------------
GET /bridge/059/pohv5l76/websocket 0ms (unfinished)
------------------------------------------------------------------------------------------------------
------------------------------------------------------------------------------------------------------
GET /bridge/453/fdh9gy8c/websocket 0ms (unfinished)
GET /bridge/info 2ms 200
------------------------------------------------------------------------------------------------------
GET /bridge/info 1ms 200
------------------------------------------------------------------------------------------------------
GET /bridge/253/vffrmubv/websocket 3ms (unfinished)
------------------------------------------------------------------------------------------------------
------------------------------------------------------------------------------------------------------
GET /bridge/164/j0170osv/websocket 0ms (unfinished)
GET /bridge/info 0ms 200
------------------------------------------------------------------------------------------------------
------------------------------------------------------------------------------------------------------
GET /bridge/info 0ms 200
GET /bridge/361/n7mblv4x/websocket 0ms (unfinished)
------------------------------------------------------------------------------------------------------
------------------------------------------------------------------------------------------------------
GET /bridge/787/9970ypya/websocket 0ms (unfinished)
GET /bridge/info 1ms 200
------------------------------------------------------------------------------------------------------
------------------------------------------------------------------------------------------------------
GET /bridge/info 0ms 200
GET /bridge/008/btptingv/websocket 1ms (unfinished)
------------------------------------------------------------------------------------------------------
------------------------------------------------------------------------------------------------------
GET /bridge/359/1y1dvqz4/websocket 1ms (unfinished)
------------------------------------------------------------------------------------------------------
GET /bridge/info 1ms 200
GET /bridge/info 0ms 200
------------------------------------------------------------------------------------------------------
GET /bridge/974/27tgiknf/websocket 1ms (unfinished)
------------------------------------------------------------------------------------------------------
GET /bridge/526/ap9fgili/websocket 0ms (unfinished)
------------------------------------------------------------------------------------------------------
GET /bridge/info 1ms 200
------------------------------------------------------------------------------------------------------
GET /bridge/info 0ms 200
------------------------------------------------------------------------------------------------------
------------------------------------------------------------------------------------------------------
GET /bridge/399/dti4ii83/websocket 2ms (unfinished)
GET /bridge/407/vedofkvx/websocket 0ms (unfinished)
------------------------------------------------------------------------------------------------------
------------------------------------------------------------------------------------------------------
GET /bridge/info 1ms 200
GET /bridge/info 1ms 200
------------------------------------------------------------------------------------------------------
GET /bridge/126/_87o9adn/websocket 1ms (unfinished)
------------------------------------------------------------------------------------------------------
GET /bridge/180/5i5lcozt/websocket 0ms (unfinished)
------------------------------------------------------------------------------------------------------
------------------------------------------------------------------------------------------------------
GET /bridge/info 1ms 200
------------------------------------------------------------------------------------------------------
GET /bridge/info 0ms 200
GET /bridge/013/s_ucsss6/websocket 2ms (unfinished)
------------------------------------------------------------------------------------------------------
------------------------------------------------------------------------------------------------------
GET /bridge/005/zykhuly8/websocket 0ms (unfinished)
GET /bridge/info 0ms 200
------------------------------------------------------------------------------------------------------
------------------------------------------------------------------------------------------------------
GET /bridge/info 0ms 200
GET /bridge/278/8j9hg6xr/websocket 1ms (unfinished)
------------------------------------------------------------------------------------------------------
GET /bridge/223/ld0nrl1t/websocket 0ms (unfinished)
------------------------------------------------------------------------------------------------------
POST /bridge/278/6z23m0qr/xhr_streaming 1ms (unfinished)
------------------------------------------------------------------------------------------------------
------------------------------------------------------------------------------------------------------
POST /bridge/278/6z23m0qr/xhr_send 4ms 204
------------------------------------------------------------------------------------------------------
POST /bridge/223/lvj4lows/xhr_streaming 0ms (unfinished)
------------------------------------------------------------------------------------------------------
POST /bridge/223/lvj4lows/xhr_send 1ms 204
------------------------------------------------------------------------------------------------------
GET /bridge/info 0ms 200
------------------------------------------------------------------------------------------------------
GET /bridge/info 1ms 200
GET /bridge/482/neomjx_k/websocket 0ms (unfinished)
------------------------------------------------------------------------------------------------------
GET /bridge/380/_piic1ii/websocket 0ms (unfinished)
------------------------------------------------------------------------------------------------------
POST /bridge/482/q3lj7vkp/xhr_streaming 0ms (unfinished)
------------------------------------------------------------------------------------------------------
POST /bridge/380/7aew2skx/xhr_streaming 0ms (unfinished)
------------------------------------------------------------------------------------------------------
POST /bridge/482/q3lj7vkp/xhr_send 1ms 204
------------------------------------------------------------------------------------------------------
------------------------------------------------------------------------------------------------------
POST /bridge/380/7aew2skx/xhr_send 1ms 204
GET /bridge/info 1ms 200
------------------------------------------------------------------------------------------------------
------------------------------------------------------------------------------------------------------
GET /bridge/info 1ms 200
GET /bridge/409/egc4aqa1/websocket 0ms (unfinished)
------------------------------------------------------------------------------------------------------
------------------------------------------------------------------------------------------------------
GET /bridge/361/e07ss_q_/websocket 1ms (unfinished)
POST /bridge/409/o3ales6p/xhr_streaming 0ms (unfinished)
------------------------------------------------------------------------------------------------------
POST /bridge/361/cf775fjq/xhr_streaming 1ms (unfinished)
------------------------------------------------------------------------------------------------------
GET /bridge/info 1ms 200
------------------------------------------------------------------------------------------------------
GET /bridge/info 0ms 200
------------------------------------------------------------------------------------------------------
GET /bridge/191/9l7r31r7/websocket 1ms (unfinished)
------------------------------------------------------------------------------------------------------
GET /bridge/038/31p4kddi/websocket 0ms (unfinished)
------------------------------------------------------------------------------------------------------
------------------------------------------------------------------------------------------------------
GET /bridge/info 1ms 200
GET /bridge/info 0ms 200
------------------------------------------------------------------------------------------------------
------------------------------------------------------------------------------------------------------
GET /bridge/562/o0eso56i/websocket 0ms (unfinished)
------------------------------------------------------------------------------------------------------
GET /bridge/052/22u6574h/websocket 0ms (unfinished)
GET /bridge/info 1ms 200
------------------------------------------------------------------------------------------------------
GET /bridge/info 0ms 200
------------------------------------------------------------------------------------------------------
GET /bridge/480/_lqjd0qg/websocket 0ms (unfinished)
------------------------------------------------------------------------------------------------------
------------------------------------------------------------------------------------------------------
GET /bridge/137/29zg2zyg/websocket 0ms (unfinished)
------------------------------------------------------------------------------------------------------
GET /bridge/info 1ms 200
------------------------------------------------------------------------------------------------------
GET /bridge/info 0ms 200
GET /bridge/583/ej4c3vf_/websocket 0ms (unfinished)
------------------------------------------------------------------------------------------------------
GET /bridge/817/bskmmuv0/websocket 0ms (unfinished)
------------------------------------------------------------------------------------------------------
GET /bridge/info 0ms 200
------------------------------------------------------------------------------------------------------
GET /bridge/info 0ms 200
------------------------------------------------------------------------------------------------------
------------------------------------------------------------------------------------------------------
GET /bridge/195/pc5bfsqv/websocket 0ms (unfinished)
GET /bridge/850/x0rgnbyw/websocket 0ms (unfinished)
------------------------------------------------------------------------------------------------------
POST /bridge/124/71k99njp/xhr_send 2ms 404
------------------------------------------------------------------------------------------------------
GET /bridge/info 0ms 200
------------------------------------------------------------------------------------------------------
GET /bridge/info 0ms 200
------------------------------------------------------------------------------------------------------
GET /bridge/347/g9vrl1g9/websocket 0ms (unfinished)
------------------------------------------------------------------------------------------------------
GET /bridge/855/wbbnxp4g/websocket 1ms (unfinished)
------------------------------------------------------------------------------------------------------
------------------------------------------------------------------------------------------------------
POST /bridge/347/2yl87707/xhr_streaming 1ms (unfinished)
POST /bridge/347/2yl87707/xhr_send 4ms 204
------------------------------------------------------------------------------------------------------
POST /bridge/855/j9puyzjc/xhr_streaming 1ms (unfinished)
------------------------------------------------------------------------------------------------------
POST /bridge/855/j9puyzjc/xhr_send 1ms 204
------------------------------------------------------------------------------------------------------
GET /bridge/info 1ms 200
------------------------------------------------------------------------------------------------------
GET /bridge/info 0ms 200
------------------------------------------------------------------------------------------------------
GET /bridge/302/3ts3xq0h/websocket 1ms (unfinished)
------------------------------------------------------------------------------------------------------
GET /bridge/840/cey5w6wt/websocket 0ms (unfinished)
------------------------------------------------------------------------------------------------------
------------------------------------------------------------------------------------------------------
POST /bridge/302/5hbc5wdg/xhr_streaming 1ms (unfinished)
POST /bridge/302/5hbc5wdg/xhr_send 1ms 204
------------------------------------------------------------------------------------------------------
------------------------------------------------------------------------------------------------------
POST /bridge/840/c9jy7nuk/xhr_streaming 1ms (unfinished)
POST /bridge/840/c9jy7nuk/xhr_send 0ms 204
------------------------------------------------------------------------------------------------------
GET /bridge/info 0ms 200
------------------------------------------------------------------------------------------------------
GET /bridge/info 0ms 200
------------------------------------------------------------------------------------------------------
------------------------------------------------------------------------------------------------------
GET /bridge/851/gxxci1gy/websocket 0ms (unfinished)
GET /bridge/861/czj0mvwt/websocket 0ms (unfinished)
------------------------------------------------------------------------------------------------------
POST /bridge/851/q66h9k_y/xhr_streaming 1ms (unfinished)
------------------------------------------------------------------------------------------------------
POST /bridge/851/q66h9k_y/xhr_send 1ms 204
------------------------------------------------------------------------------------------------------
------------------------------------------------------------------------------------------------------
POST /bridge/861/i2wcqfkl/xhr_streaming 0ms (unfinished)
GET /bridge/info 0ms 200
------------------------------------------------------------------------------------------------------
GET /bridge/info 1ms 200
------------------------------------------------------------------------------------------------------
------------------------------------------------------------------------------------------------------
GET /bridge/859/xssonppu/websocket 0ms (unfinished)
GET /bridge/487/q0f2jq60/websocket 0ms (unfinished)
------------------------------------------------------------------------------------------------------
------------------------------------------------------------------------------------------------------
GET /bridge/info 0ms 200
GET /bridge/info 0ms 200
------------------------------------------------------------------------------------------------------
GET /bridge/074/2ppmnzx3/websocket 1ms (unfinished)
------------------------------------------------------------------------------------------------------
GET /bridge/959/osdxujj9/websocket 0ms (unfinished)
------------------------------------------------------------------------------------------------------
GET /bridge/info 0ms 200
------------------------------------------------------------------------------------------------------
GET /bridge/info 1ms 200
------------------------------------------------------------------------------------------------------
------------------------------------------------------------------------------------------------------
GET /bridge/130/kqpt3g8l/websocket 0ms (unfinished)
------------------------------------------------------------------------------------------------------
GET /bridge/655/o2omacu1/websocket 0ms (unfinished)
GET /bridge/info 0ms 200
------------------------------------------------------------------------------------------------------
GET /bridge/info 0ms 200
------------------------------------------------------------------------------------------------------
GET /bridge/583/mwc7or_6/websocket 1ms (unfinished)
------------------------------------------------------------------------------------------------------
GET /bridge/011/ag25csfm/websocket 0ms (unfinished)
------------------------------------------------------------------------------------------------------
GET /bridge/info 1ms 200
------------------------------------------------------------------------------------------------------
GET /bridge/info 0ms 200
------------------------------------------------------------------------------------------------------
GET /bridge/257/a1wgy7o1/websocket 0ms (unfinished)
------------------------------------------------------------------------------------------------------
------------------------------------------------------------------------------------------------------
GET /bridge/423/u9inoa8n/websocket 0ms (unfinished)
------------------------------------------------------------------------------------------------------
GET /bridge/info 0ms 200
GET /bridge/info 1ms 200
------------------------------------------------------------------------------------------------------
------------------------------------------------------------------------------------------------------
GET /bridge/478/h3nu7q6w/websocket 0ms (unfinished)
GET /bridge/861/qu8k_f69/websocket 0ms (unfinished)
------------------------------------------------------------------------------------------------------
GET /bridge/info 1ms 200
------------------------------------------------------------------------------------------------------
------------------------------------------------------------------------------------------------------
GET /bridge/info 0ms 200
GET /bridge/889/faoatj21/websocket 0ms (unfinished)
------------------------------------------------------------------------------------------------------
GET /bridge/194/x6n8m01s/websocket 0ms (unfinished)
------------------------------------------------------------------------------------------------------
GET /bridge/info 0ms 200
------------------------------------------------------------------------------------------------------
GET /bridge/info 0ms 200
------------------------------------------------------------------------------------------------------
GET /bridge/436/j9ztbmr5/websocket 0ms (unfinished)
------------------------------------------------------------------------------------------------------
GET /bridge/640/ffug__pg/websocket 1ms (unfinished)
------------------------------------------------------------------------------------------------------
------------------------------------------------------------------------------------------------------
GET /bridge/info 1ms 200
GET /bridge/info 0ms 200
------------------------------------------------------------------------------------------------------
GET /bridge/473/cklkl4kb/websocket 0ms (unfinished)
------------------------------------------------------------------------------------------------------
GET /bridge/405/lolv3pjf/websocket 0ms (unfinished)
------------------------------------------------------------------------------------------------------
GET /bridge/info 1ms 200
------------------------------------------------------------------------------------------------------
GET /bridge/info 0ms 200
------------------------------------------------------------------------------------------------------
------------------------------------------------------------------------------------------------------
GET /bridge/789/7l5ck3tg/websocket 0ms (unfinished)
GET /bridge/933/upjd7_im/websocket 0ms (unfinished)
------------------------------------------------------------------------------------------------------
------------------------------------------------------------------------------------------------------
GET /bridge/info 1ms 200
GET /bridge/info 0ms 200
------------------------------------------------------------------------------------------------------
GET /bridge/444/75anlrsj/websocket 2ms (unfinished)
------------------------------------------------------------------------------------------------------
GET /bridge/948/warul3q8/websocket 0ms (unfinished)
------------------------------------------------------------------------------------------------------
GET /bridge/info 1ms 200
------------------------------------------------------------------------------------------------------
GET /bridge/info 0ms 200
------------------------------------------------------------------------------------------------------
GET /bridge/439/24uihn5s/websocket 1ms (unfinished)
------------------------------------------------------------------------------------------------------
GET /bridge/626/hdswfuli/websocket 0ms (unfinished)
------------------------------------------------------------------------------------------------------
------------------------------------------------------------------------------------------------------
GET /bridge/info 1ms 200
------------------------------------------------------------------------------------------------------
GET /bridge/info 1ms 200
GET /bridge/034/h8ofgr_n/websocket 1ms (unfinished)
------------------------------------------------------------------------------------------------------
GET /bridge/985/i9lz6i0v/websocket 0ms (unfinished)
------------------------------------------------------------------------------------------------------
GET /bridge/info 0ms 200
------------------------------------------------------------------------------------------------------
------------------------------------------------------------------------------------------------------
GET /bridge/info 1ms 200
GET /bridge/745/lyalvc7i/websocket 0ms (unfinished)
------------------------------------------------------------------------------------------------------
GET /bridge/769/q14uahgt/websocket 1ms (unfinished)
------------------------------------------------------------------------------------------------------
GET /bridge/info 1ms 200
------------------------------------------------------------------------------------------------------
GET /bridge/info 0ms 200
------------------------------------------------------------------------------------------------------
GET /bridge/547/9lrxb69e/websocket 0ms (unfinished)
------------------------------------------------------------------------------------------------------
------------------------------------------------------------------------------------------------------
GET /bridge/238/j_pz7xko/websocket 0ms (unfinished)
------------------------------------------------------------------------------------------------------
GET /bridge/info 0ms 200
------------------------------------------------------------------------------------------------------
GET /bridge/info 0ms 200
GET /bridge/027/v2hcb9ek/websocket 0ms (unfinished)
------------------------------------------------------------------------------------------------------
------------------------------------------------------------------------------------------------------
GET /bridge/351/k1y24fzd/websocket 1ms (unfinished)
GET /bridge/info 0ms 200
------------------------------------------------------------------------------------------------------
GET /bridge/info 1ms 200
------------------------------------------------------------------------------------------------------
GET /bridge/450/_gqf72ju/websocket 0ms (unfinished)
------------------------------------------------------------------------------------------------------
GET /bridge/047/xcwc1aa4/websocket 0ms (unfinished)
------------------------------------------------------------------------------------------------------
------------------------------------------------------------------------------------------------------
GET /bridge/info 0ms 200
GET /bridge/info 0ms 200
------------------------------------------------------------------------------------------------------
GET /bridge/036/rwx_n7kz/websocket 0ms (unfinished)
------------------------------------------------------------------------------------------------------
------------------------------------------------------------------------------------------------------
GET /bridge/662/zle_648s/websocket 1ms (unfinished)
------------------------------------------------------------------------------------------------------
GET /bridge/info 0ms 200
GET /bridge/info 0ms 200
------------------------------------------------------------------------------------------------------
GET /bridge/558/3et09vmb/websocket 1ms (unfinished)
------------------------------------------------------------------------------------------------------
GET /bridge/790/8a_gcqnu/websocket 0ms (unfinished)
------------------------------------------------------------------------------------------------------
GET /bridge/info 0ms 200
------------------------------------------------------------------------------------------------------
------------------------------------------------------------------------------------------------------
GET /bridge/info 0ms 200
GET /bridge/896/dto_3yf9/websocket 0ms (unfinished)
------------------------------------------------------------------------------------------------------
GET /bridge/790/t8z810g5/websocket 0ms (unfinished)
------------------------------------------------------------------------------------------------------
------------------------------------------------------------------------------------------------------
GET /bridge/info 0ms 200
GET /bridge/info 0ms 200
------------------------------------------------------------------------------------------------------
------------------------------------------------------------------------------------------------------
GET /bridge/807/1g54okzt/websocket 0ms (unfinished)
GET /bridge/512/xgjam98o/websocket 0ms (unfinished)
------------------------------------------------------------------------------------------------------
GET /bridge/info 0ms 200
------------------------------------------------------------------------------------------------------
GET /bridge/info 0ms 200
------------------------------------------------------------------------------------------------------
------------------------------------------------------------------------------------------------------
GET /bridge/591/xklv1tmq/websocket 2ms (unfinished)
GET /bridge/259/y5dyxljt/websocket 0ms (unfinished)
------------------------------------------------------------------------------------------------------
POST /bridge/013/hv_10qsd/xhr_send 5ms 204
------------------------------------------------------------------------------------------------------
GET /bridge/info 0ms 200
------------------------------------------------------------------------------------------------------
GET /bridge/info 0ms 200
------------------------------------------------------------------------------------------------------
GET /bridge/799/kdolj8ot/websocket 0ms (unfinished)
------------------------------------------------------------------------------------------------------
GET /bridge/239/ja2jh9tq/websocket 0ms (unfinished)
------------------------------------------------------------------------------------------------------
GET /bridge/info 0ms 200
------------------------------------------------------------------------------------------------------
------------------------------------------------------------------------------------------------------
GET /bridge/info 1ms 200
------------------------------------------------------------------------------------------------------
GET /bridge/275/ay5fntk2/websocket 0ms (unfinished)
GET /bridge/468/dv7swrt4/websocket 0ms (unfinished)
------------------------------------------------------------------------------------------------------
GET /bridge/info 1ms 200
------------------------------------------------------------------------------------------------------
GET /bridge/info 0ms 200
------------------------------------------------------------------------------------------------------
GET /bridge/924/l8wnezl6/websocket 1ms (unfinished)
------------------------------------------------------------------------------------------------------
GET /bridge/581/1cxsh8rh/websocket 0ms (unfinished)
------------------------------------------------------------------------------------------------------
------------------------------------------------------------------------------------------------------
GET /bridge/info 0ms 200
GET /bridge/info 0ms 200
------------------------------------------------------------------------------------------------------
GET /bridge/862/hcrsmrd7/websocket 1ms (unfinished)
------------------------------------------------------------------------------------------------------
GET /bridge/849/abv2ur1y/websocket 0ms (unfinished)
------------------------------------------------------------------------------------------------------
GET /bridge/info 0ms 200
------------------------------------------------------------------------------------------------------
GET /bridge/info 0ms 200
------------------------------------------------------------------------------------------------------
GET /bridge/864/rafvw3ky/websocket 0ms (unfinished)
------------------------------------------------------------------------------------------------------
------------------------------------------------------------------------------------------------------
GET /bridge/725/p5h77awi/websocket 0ms (unfinished)
POST /bridge/861/i2wcqfkl/xhr_send 2ms 204
------------------------------------------------------------------------------------------------------
------------------------------------------------------------------------------------------------------
GET /bridge/info 1ms 200
GET /bridge/info 0ms 200
------------------------------------------------------------------------------------------------------
GET /bridge/224/t5yk1qx1/websocket 0ms (unfinished)
------------------------------------------------------------------------------------------------------
GET /bridge/915/3qjf_zke/websocket 0ms (unfinished)
------------------------------------------------------------------------------------------------------
GET /bridge/info 0ms 200
------------------------------------------------------------------------------------------------------
GET /bridge/info 1ms 200
------------------------------------------------------------------------------------------------------
------------------------------------------------------------------------------------------------------
GET /bridge/342/879iqbs6/websocket 0ms (unfinished)
GET /bridge/222/hxtshaie/websocket 0ms (unfinished)
------------------------------------------------------------------------------------------------------
GET /bridge/info 1ms 200
------------------------------------------------------------------------------------------------------
GET /bridge/info 1ms 200
------------------------------------------------------------------------------------------------------
------------------------------------------------------------------------------------------------------
GET /bridge/903/enykff7u/websocket 0ms (unfinished)
GET /bridge/959/qk7z6uux/websocket 0ms (unfinished)
------------------------------------------------------------------------------------------------------
------------------------------------------------------------------------------------------------------
GET /bridge/info 1ms 200
GET /bridge/info 1ms 200
------------------------------------------------------------------------------------------------------
GET /bridge/719/p2ec92_1/websocket 1ms (unfinished)
------------------------------------------------------------------------------------------------------
GET /bridge/285/6u01f9iv/websocket 0ms (unfinished)
------------------------------------------------------------------------------------------------------
GET /bridge/info 0ms 200
------------------------------------------------------------------------------------------------------
GET /bridge/info 0ms 200
------------------------------------------------------------------------------------------------------
------------------------------------------------------------------------------------------------------
GET /bridge/400/e06_aogx/websocket 0ms (unfinished)
GET /bridge/650/5ozcik_r/websocket 1ms (unfinished)
------------------------------------------------------------------------------------------------------
------------------------------------------------------------------------------------------------------
GET /bridge/info 1ms 200
GET /bridge/info 1ms 200
------------------------------------------------------------------------------------------------------
------------------------------------------------------------------------------------------------------
GET /bridge/736/q1u33iar/websocket 1ms (unfinished)
GET /bridge/630/iqas6p0h/websocket 0ms (unfinished)
------------------------------------------------------------------------------------------------------
GET /bridge/info 0ms 200
------------------------------------------------------------------------------------------------------
GET /bridge/info 1ms 200
------------------------------------------------------------------------------------------------------
GET /bridge/764/21xuf8bz/websocket 0ms (unfinished)
------------------------------------------------------------------------------------------------------
GET /bridge/868/t_xsnilz/websocket 0ms (unfinished)
------------------------------------------------------------------------------------------------------
------------------------------------------------------------------------------------------------------
GET /bridge/info 0ms 200
------------------------------------------------------------------------------------------------------
GET /bridge/info 0ms 200
GET /bridge/722/woi013to/websocket 0ms (unfinished)
------------------------------------------------------------------------------------------------------
GET /bridge/769/k4o6dx7z/websocket 0ms (unfinished)
------------------------------------------------------------------------------------------------------
------------------------------------------------------------------------------------------------------
POST /bridge/409/o3ales6p/xhr_send 1ms 204
POST /bridge/361/cf775fjq/xhr_send 0ms 204
------------------------------------------------------------------------------------------------------
